RMS 1.64800
WEIGHTS W:
-0.067 
0.023 
-0.014 0.208 
BIAS
0.3512 -0.2070 0.2024 
RMS 1.50228
WEIGHTS W:
-0.085 
0.042 
0.012 0.223 
BIAS
0.3945 -0.3639 0.3629 
RMS 1.42078
WEIGHTS W:
-0.094 
0.051 
0.044 0.246 
BIAS
0.4535 -0.4796 0.4814 
RMS 1.37444
WEIGHTS W:
-0.096 
0.055 
0.078 0.270 
BIAS
0.5184 -0.5659 0.5700 
RMS 1.34721
WEIGHTS W:
-0.094 
0.053 
0.109 0.292 
BIAS
0.5795 -0.6314 0.6373 
RMS 1.33040
WEIGHTS W:
-0.088 
0.047 
0.133 0.308 
BIAS
0.6289 -0.6820 0.6896 
RMS 1.31929
WEIGHTS W:
-0.079 
0.039 
0.149 0.317 
BIAS
0.6615 -0.7220 0.7309 
RMS 1.31124
WEIGHTS W:
-0.069 
0.030 
0.154 0.316 
BIAS
0.6738 -0.7542 0.7643 
RMS 1.30478
WEIGHTS W:
-0.059 
0.020 
0.148 0.306 
BIAS
0.6634 -0.7809 0.7918 
RMS 1.29905
WEIGHTS W:
-0.048 
0.010 
0.130 0.284 
BIAS
0.6284 -0.8033 0.8149 
RMS 1.29354
WEIGHTS W:
-0.040 
0.001 
0.099 0.250 
BIAS
0.5673 -0.8225 0.8344 
RMS 1.28808
WEIGHTS W:
-0.034 
-0.005 
0.054 0.203 
BIAS
0.4792 -0.8392 0.8511 
RMS 1.28279
WEIGHTS W:
-0.033 
-0.006 
-0.005 0.143 
BIAS
0.3649 -0.8536 0.8652 
RMS 1.27811
WEIGHTS W:
-0.038 
-0.001 
-0.075 0.073 
BIAS
0.2284 -0.8661 0.8769 
RMS 1.27463
WEIGHTS W:
-0.051 
0.011 
-0.150 -0.004 
BIAS
0.0786 -0.8769 0.8864 
RMS 1.27266
WEIGHTS W:
-0.071 
0.031 
-0.225 -0.080 
BIAS
-0.0713 -0.8864 0.8944 
RMS 1.27193
WEIGHTS W:
-0.096 
0.057 
-0.290 -0.149 
BIAS
-0.2078 -0.8953 0.9013 
RMS 1.27187
WEIGHTS W:
-0.124 
0.085 
-0.343 -0.206 
BIAS
-0.3205 -0.9043 0.9082 
RMS 1.27191
WEIGHTS W:
-0.153 
0.115 
-0.380 -0.247 
BIAS
-0.4036 -0.9139 0.9155 
RMS 1.27166
WEIGHTS W:
-0.181 
0.144 
-0.401 -0.274 
BIAS
-0.4543 -0.9240 0.9235 
RMS 1.27085
WEIGHTS W:
-0.208 
0.171 
-0.406 -0.284 
BIAS
-0.4712 -0.9345 0.9320 
RMS 1.26939
WEIGHTS W:
-0.233 
0.196 
-0.395 -0.280 
BIAS
-0.4536 -0.9447 0.9407 
RMS 1.26745
WEIGHTS W:
-0.255 
0.219 
-0.367 -0.260 
BIAS
-0.4003 -0.9541 0.9488 
RMS 1.26556
WEIGHTS W:
-0.275 
0.239 
-0.322 -0.224 
BIAS
-0.3112 -0.9616 0.9556 
RMS 1.26476
WEIGHTS W:
-0.289 
0.253 
-0.261 -0.173 
BIAS
-0.1882 -0.9664 0.9600 
RMS 1.26628
WEIGHTS W:
-0.296 
0.260 
-0.186 -0.110 
BIAS
-0.0384 -0.9673 0.9612 
RMS 1.27056
WEIGHTS W:
-0.295 
0.259 
-0.106 -0.042 
BIAS
0.1247 -0.9640 0.9586 
RMS 1.27638
WEIGHTS W:
-0.286 
0.250 
-0.029 0.021 
BIAS
0.2829 -0.9566 0.9523 
RMS 1.28165
WEIGHTS W:
-0.270 
0.235 
0.037 0.074 
BIAS
0.4205 -0.9464 0.9435 
RMS 1.28517
WEIGHTS W:
-0.251 
0.216 
0.087 0.113 
BIAS
0.5288 -0.9349 0.9335 
RMS 1.28689
WEIGHTS W:
-0.230 
0.195 
0.121 0.137 
BIAS
0.6049 -0.9233 0.9236 
RMS 1.28724
WEIGHTS W:
-0.210 
0.175 
0.140 0.147 
BIAS
0.6496 -0.9129 0.9148 
RMS 1.28656
WEIGHTS W:
-0.191 
0.157 
0.145 0.143 
BIAS
0.6644 -0.9043 0.9077 
RMS 1.28503
WEIGHTS W:
-0.174 
0.141 
0.136 0.126 
BIAS
0.6508 -0.8978 0.9024 
RMS 1.28265
WEIGHTS W:
-0.162 
0.128 
0.114 0.096 
BIAS
0.6100 -0.8934 0.8991 
RMS 1.27940
WEIGHTS W:
-0.153 
0.120 
0.079 0.053 
BIAS
0.5428 -0.8910 0.8975 
RMS 1.27534
WEIGHTS W:
-0.151 
0.118 
0.031 -0.002 
BIAS
0.4511 -0.8905 0.8974 
RMS 1.27070
WEIGHTS W:
-0.156 
0.123 
-0.027 -0.067 
BIAS
0.3387 -0.8917 0.8986 
RMS 1.26599
WEIGHTS W:
-0.169 
0.136 
-0.091 -0.139 
BIAS
0.2128 -0.8943 0.9010 
RMS 1.26188
WEIGHTS W:
-0.190 
0.157 
-0.156 -0.212 
BIAS
0.0840 -0.8987 0.9045 
RMS 1.25886
WEIGHTS W:
-0.216 
0.183 
-0.215 -0.280 
BIAS
-0.0351 -0.9047 0.9095 
RMS 1.25698
WEIGHTS W:
-0.246 
0.213 
-0.261 -0.336 
BIAS
-0.1335 -0.9126 0.9160 
RMS 1.25588
WEIGHTS W:
-0.276 
0.244 
-0.293 -0.377 
BIAS
-0.2035 -0.9222 0.9241 
RMS 1.25501
WEIGHTS W:
-0.306 
0.274 
-0.307 -0.404 
BIAS
-0.2403 -0.9328 0.9332 
RMS 1.25398
WEIGHTS W:
-0.335 
0.303 
-0.304 -0.414 
BIAS
-0.2416 -0.9436 0.9427 
RMS 1.25277
WEIGHTS W:
-0.361 
0.329 
-0.284 -0.409 
BIAS
-0.2067 -0.9535 0.9515 
RMS 1.25188
WEIGHTS W:
-0.384 
0.353 
-0.247 -0.388 
BIAS
-0.1369 -0.9612 0.9585 
RMS 1.25223
WEIGHTS W:
-0.403 
0.372 
-0.195 -0.356 
BIAS
-0.0367 -0.9655 0.9625 
RMS 1.25468
WEIGHTS W:
-0.417 
0.385 
-0.135 -0.315 
BIAS
0.0841 -0.9654 0.9624 
RMS 1.25915
WEIGHTS W:
-0.424 
0.393 
-0.074 -0.272 
BIAS
0.2109 -0.9605 0.9579 
RMS 1.26427
WEIGHTS W:
-0.426 
0.395 
-0.019 -0.235 
BIAS
0.3273 -0.9513 0.9495 
RMS 1.26827
WEIGHTS W:
-0.424 
0.393 
0.022 -0.211 
BIAS
0.4202 -0.9391 0.9383 
RMS 1.27010
WEIGHTS W:
-0.420 
0.389 
0.047 -0.201 
BIAS
0.4823 -0.9255 0.9256 
RMS 1.26953
WEIGHTS W:
-0.416 
0.385 
0.056 -0.208 
BIAS
0.5113 -0.9119 0.9131 
RMS 1.26672
WEIGHTS W:
-0.415 
0.385 
0.049 -0.232 
BIAS
0.5084 -0.8996 0.9017 
RMS 1.26195
WEIGHTS W:
-0.418 
0.388 
0.028 -0.270 
BIAS
0.4767 -0.8895 0.8923 
RMS 1.25559
WEIGHTS W:
-0.427 
0.396 
-0.005 -0.320 
BIAS
0.4218 -0.8824 0.8858 
RMS 1.24830
WEIGHTS W:
-0.442 
0.411 
-0.043 -0.378 
BIAS
0.3519 -0.8788 0.8824 
RMS 1.24110
WEIGHTS W:
-0.463 
0.432 
-0.083 -0.438 
BIAS
0.2777 -0.8790 0.8825 
RMS 1.23510
WEIGHTS W:
-0.488 
0.458 
-0.117 -0.494 
BIAS
0.2114 -0.8828 0.8861 
RMS 1.23094
WEIGHTS W:
-0.516 
0.485 
-0.139 -0.540 
BIAS
0.1644 -0.8897 0.8925 
RMS 1.22858
WEIGHTS W:
-0.544 
0.514 
-0.147 -0.573 
BIAS
0.1445 -0.8983 0.9004 
RMS 1.22763
WEIGHTS W:
-0.571 
0.541 
-0.140 -0.593 
BIAS
0.1548 -0.9067 0.9083 
RMS 1.22778
WEIGHTS W:
-0.596 
0.566 
-0.119 -0.600 
BIAS
0.1932 -0.9133 0.9144 
RMS 1.22887
WEIGHTS W:
-0.618 
0.588 
-0.089 -0.599 
BIAS
0.2519 -0.9164 0.9172 
RMS 1.23047
WEIGHTS W:
-0.638 
0.608 
-0.057 -0.595 
BIAS
0.3193 -0.9153 0.9161 
RMS 1.23162
WEIGHTS W:
-0.654 
0.625 
-0.030 -0.594 
BIAS
0.3819 -0.9102 0.9112 
RMS 1.23107
WEIGHTS W:
-0.670 
0.641 
-0.013 -0.602 
BIAS
0.4285 -0.9021 0.9034 
RMS 1.22795
WEIGHTS W:
-0.686 
0.657 
-0.008 -0.623 
BIAS
0.4525 -0.8926 0.8943 
RMS 1.22210
WEIGHTS W:
-0.704 
0.675 
-0.016 -0.656 
BIAS
0.4530 -0.8834 0.8854 
RMS 1.21427
WEIGHTS W:
-0.726 
0.697 
-0.032 -0.699 
BIAS
0.4347 -0.8761 0.8784 
RMS 1.20597
WEIGHTS W:
-0.750 
0.722 
-0.051 -0.747 
BIAS
0.4073 -0.8720 0.8744 
RMS 1.19896
WEIGHTS W:
-0.778 
0.749 
-0.066 -0.794 
BIAS
0.3827 -0.8715 0.8738 
RMS 1.19434
WEIGHTS W:
-0.807 
0.778 
-0.073 -0.834 
BIAS
0.3717 -0.8737 0.8758 
RMS 1.19214
WEIGHTS W:
-0.835 
0.807 
-0.069 -0.865 
BIAS
0.3806 -0.8771 0.8790 
RMS 1.19153
WEIGHTS W:
-0.862 
0.834 
-0.056 -0.887 
BIAS
0.4086 -0.8796 0.8813 
RMS 1.19133
WEIGHTS W:
-0.887 
0.860 
-0.039 -0.904 
BIAS
0.4481 -0.8796 0.8811 
RMS 1.19022
WEIGHTS W:
-0.911 
0.884 
-0.023 -0.922 
BIAS
0.4882 -0.8764 0.8780 
RMS 1.18703
WEIGHTS W:
-0.934 
0.907 
-0.015 -0.946 
BIAS
0.5189 -0.8709 0.8725 
RMS 1.18132
WEIGHTS W:
-0.958 
0.931 
-0.015 -0.977 
BIAS
0.5347 -0.8643 0.8660 
RMS 1.17384
WEIGHTS W:
-0.983 
0.956 
-0.022 -1.016 
BIAS
0.5374 -0.8585 0.8603 
RMS 1.16636
WEIGHTS W:
-1.010 
0.983 
-0.030 -1.057 
BIAS
0.5341 -0.8548 0.8565 
RMS 1.16071
WEIGHTS W:
-1.037 
1.011 
-0.035 -1.097 
BIAS
0.5346 -0.8535 0.8551 
RMS 1.15760
WEIGHTS W:
-1.064 
1.038 
-0.033 -1.131 
BIAS
0.5460 -0.8536 0.8551 
RMS 1.15635
WEIGHTS W:
-1.090 
1.065 
-0.025 -1.159 
BIAS
0.5694 -0.8536 0.8550 
RMS 1.15541
WEIGHTS W:
-1.114 
1.089 
-0.015 -1.183 
BIAS
0.6000 -0.8520 0.8533 
RMS 1.15326
WEIGHTS W:
-1.137 
1.113 
-0.007 -1.209 
BIAS
0.6295 -0.8485 0.8497 
RMS 1.14909
WEIGHTS W:
-1.160 
1.136 
-0.005 -1.239 
BIAS
0.6517 -0.8437 0.8449 
RMS 1.14333
WEIGHTS W:
-1.183 
1.160 
-0.007 -1.272 
BIAS
0.6653 -0.8388 0.8400 
RMS 1.13749
WEIGHTS W:
-1.206 
1.183 
-0.011 -1.308 
BIAS
0.6744 -0.8351 0.8363 
RMS 1.13314
WEIGHTS W:
-1.229 
1.207 
-0.013 -1.342 
BIAS
0.6855 -0.8328 0.8339 
RMS 1.13080
WEIGHTS W:
-1.252 
1.230 
-0.011 -1.372 
BIAS
0.7032 -0.8313 0.8323 
RMS 1.12966
WEIGHTS W:
-1.273 
1.252 
-0.007 -1.399 
BIAS
0.7273 -0.8295 0.8304 
RMS 1.12830
WEIGHTS W:
-1.293 
1.272 
-0.002 -1.424 
BIAS
0.7538 -0.8266 0.8274 
RMS 1.12561
WEIGHTS W:
-1.312 
1.292 
-0.001 -1.451 
BIAS
0.7777 -0.8227 0.8235 
RMS 1.12152
WEIGHTS W:
-1.331 
1.312 
-0.003 -1.479 
BIAS
0.7966 -0.8184 0.8191 
RMS 1.11700
WEIGHTS W:
-1.350 
1.331 
-0.006 -1.509 
BIAS
0.8119 -0.8146 0.8152 
RMS 1.11327
WEIGHTS W:
-1.369 
1.350 
-0.009 -1.538 
BIAS
0.8276 -0.8115 0.8121 
RMS 1.11086
WEIGHTS W:
-1.386 
1.368 
-0.010 -1.565 
BIAS
0.8466 -0.8090 0.8096 
RMS 1.10929
WEIGHTS W:
-1.403 
1.385 
-0.010 -1.590 
BIAS
0.8693 -0.8064 0.8068 
RMS 1.10749
WEIGHTS W:
-1.419 
1.402 
-0.010 -1.613 
BIAS
0.8934 -0.8031 0.8035 
RMS 1.10471
WEIGHTS W:
-1.435 
1.418 
-0.013 -1.637 
BIAS
0.9157 -0.7992 0.7996 
RMS 1.10097
WEIGHTS W:
-1.450 
1.434 
-0.017 -1.661 
BIAS
0.9353 -0.7952 0.7955 
RMS 1.09700
WEIGHTS W:
-1.465 
1.449 
-0.023 -1.686 
BIAS
0.9532 -0.7915 0.7918 
RMS 1.09358
WEIGHTS W:
-1.480 
1.464 
-0.028 -1.710 
BIAS
0.9717 -0.7882 0.7885 
RMS 1.09089
WEIGHTS W:
-1.494 
1.479 
-0.032 -1.733 
BIAS
0.9923 -0.7852 0.7854 
RMS 1.08844
WEIGHTS W:
-1.507 
1.493 
-0.036 -1.754 
BIAS
1.0147 -0.7819 0.7821 
RMS 1.08554
WEIGHTS W:
-1.521 
1.507 
-0.042 -1.774 
BIAS
1.0372 -0.7782 0.7784 
RMS 1.08185
WEIGHTS W:
-1.534 
1.520 
-0.048 -1.795 
BIAS
1.0583 -0.7743 0.7744 
RMS 1.07763
WEIGHTS W:
-1.547 
1.534 
-0.056 -1.816 
BIAS
1.0780 -0.7705 0.7706 
RMS 1.07343
WEIGHTS W:
-1.560 
1.547 
-0.065 -1.837 
BIAS
1.0974 -0.7669 0.7669 
RMS 1.06959
WEIGHTS W:
-1.572 
1.560 
-0.073 -1.857 
BIAS
1.1177 -0.7635 0.7635 
RMS 1.06599
WEIGHTS W:
-1.585 
1.573 
-0.081 -1.876 
BIAS
1.1393 -0.7601 0.7600 
RMS 1.06216
WEIGHTS W:
-1.598 
1.586 
-0.090 -1.894 
BIAS
1.1614 -0.7564 0.7564 
RMS 1.05777
WEIGHTS W:
-1.610 
1.599 
-0.100 -1.912 
BIAS
1.1829 -0.7526 0.7526 
RMS 1.05287
WEIGHTS W:
-1.623 
1.612 
-0.111 -1.930 
BIAS
1.2036 -0.7488 0.7488 
RMS 1.04778
WEIGHTS W:
-1.635 
1.625 
-0.123 -1.948 
BIAS
1.2240 -0.7452 0.7451 
RMS 1.04280
WEIGHTS W:
-1.648 
1.638 
-0.135 -1.965 
BIAS
1.2449 -0.7417 0.7415 
RMS 1.03788
WEIGHTS W:
-1.661 
1.651 
-0.147 -1.981 
BIAS
1.2666 -0.7382 0.7380 
RMS 1.03277
WEIGHTS W:
-1.674 
1.665 
-0.160 -1.997 
BIAS
1.2886 -0.7346 0.7344 
RMS 1.02721
WEIGHTS W:
-1.688 
1.679 
-0.174 -2.013 
BIAS
1.3106 -0.7309 0.7307 
RMS 1.02120
WEIGHTS W:
-1.701 
1.692 
-0.188 -2.029 
BIAS
1.3321 -0.7273 0.7270 
RMS 1.01496
WEIGHTS W:
-1.715 
1.707 
-0.203 -2.044 
BIAS
1.3535 -0.7237 0.7235 
RMS 1.00867
WEIGHTS W:
-1.729 
1.721 
-0.219 -2.059 
BIAS
1.3753 -0.7203 0.7200 
RMS 1.00229
WEIGHTS W:
-1.744 
1.736 
-0.234 -2.074 
BIAS
1.3976 -0.7168 0.7166 
RMS 0.99562
WEIGHTS W:
-1.759 
1.751 
-0.251 -2.088 
BIAS
1.4203 -0.7134 0.7131 
RMS 0.98851
WEIGHTS W:
-1.774 
1.767 
-0.268 -2.102 
BIAS
1.4429 -0.7099 0.7096 
RMS 0.98101
WEIGHTS W:
-1.790 
1.783 
-0.286 -2.116 
BIAS
1.4654 -0.7065 0.7062 
RMS 0.97328
WEIGHTS W:
-1.806 
1.799 
-0.305 -2.130 
BIAS
1.4881 -0.7032 0.7029 
RMS 0.96536
WEIGHTS W:
-1.823 
1.816 
-0.324 -2.143 
BIAS
1.5112 -0.7000 0.6997 
RMS 0.95718
WEIGHTS W:
-1.840 
1.833 
-0.344 -2.156 
BIAS
1.5347 -0.6968 0.6965 
RMS 0.94859
WEIGHTS W:
-1.858 
1.851 
-0.364 -2.169 
BIAS
1.5584 -0.6936 0.6933 
RMS 0.93955
WEIGHTS W:
-1.876 
1.870 
-0.385 -2.181 
BIAS
1.5822 -0.6905 0.6901 
RMS 0.93014
WEIGHTS W:
-1.895 
1.889 
-0.407 -2.194 
BIAS
1.6062 -0.6875 0.6871 
RMS 0.92043
WEIGHTS W:
-1.914 
1.909 
-0.429 -2.206 
BIAS
1.6305 -0.6846 0.6842 
RMS 0.91037
WEIGHTS W:
-1.935 
1.929 
-0.452 -2.218 
BIAS
1.6553 -0.6817 0.6813 
RMS 0.89986
WEIGHTS W:
-1.955 
1.950 
-0.476 -2.230 
BIAS
1.6804 -0.6789 0.6785 
RMS 0.88884
WEIGHTS W:
-1.977 
1.972 
-0.500 -2.241 
BIAS
1.7057 -0.6762 0.6757 
RMS 0.87736
WEIGHTS W:
-1.999 
1.994 
-0.525 -2.252 
BIAS
1.7313 -0.6736 0.6731 
RMS 0.86546
WEIGHTS W:
-2.022 
2.017 
-0.550 -2.264 
BIAS
1.7573 -0.6711 0.6706 
RMS 0.85309
WEIGHTS W:
-2.046 
2.041 
-0.576 -2.275 
BIAS
1.7837 -0.6687 0.6682 
RMS 0.84016
WEIGHTS W:
-2.070 
2.066 
-0.603 -2.285 
BIAS
1.8104 -0.6664 0.6658 
RMS 0.82666
WEIGHTS W:
-2.096 
2.091 
-0.631 -2.296 
BIAS
1.8375 -0.6641 0.6636 
RMS 0.81262
WEIGHTS W:
-2.122 
2.117 
-0.659 -2.306 
BIAS
1.8650 -0.6621 0.6615 
RMS 0.79803
WEIGHTS W:
-2.149 
2.145 
-0.687 -2.317 
BIAS
1.8929 -0.6601 0.6596 
RMS 0.78284
WEIGHTS W:
-2.177 
2.173 
-0.716 -2.327 
BIAS
1.9213 -0.6583 0.6577 
RMS 0.76700
WEIGHTS W:
-2.206 
2.202 
-0.746 -2.337 
BIAS
1.9499 -0.6566 0.6560 
RMS 0.75054
WEIGHTS W:
-2.236 
2.232 
-0.777 -2.347 
BIAS
1.9790 -0.6550 0.6544 
RMS 0.73346
WEIGHTS W:
-2.266 
2.262 
-0.807 -2.357 
BIAS
2.0085 -0.6536 0.6530 
RMS 0.71574
WEIGHTS W:
-2.298 
2.294 
-0.839 -2.366 
BIAS
2.0383 -0.6523 0.6517 
RMS 0.69736
WEIGHTS W:
-2.330 
2.327 
-0.870 -2.376 
BIAS
2.0685 -0.6512 0.6506 
RMS 0.67834
WEIGHTS W:
-2.364 
2.360 
-0.902 -2.385 
BIAS
2.0991 -0.6502 0.6496 
RMS 0.65872
WEIGHTS W:
-2.398 
2.395 
-0.935 -2.394 
BIAS
2.1300 -0.6494 0.6488 
RMS 0.63850
WEIGHTS W:
-2.433 
2.430 
-0.968 -2.403 
BIAS
2.1611 -0.6487 0.6481 
RMS 0.61771
WEIGHTS W:
-2.469 
2.466 
-1.000 -2.412 
BIAS
2.1925 -0.6482 0.6476 
RMS 0.59641
WEIGHTS W:
-2.506 
2.503 
-1.033 -2.421 
BIAS
2.2241 -0.6479 0.6473 
RMS 0.57467
WEIGHTS W:
-2.544 
2.540 
-1.066 -2.430 
BIAS
2.2558 -0.6478 0.6471 
RMS 0.55253
WEIGHTS W:
-2.582 
2.579 
-1.099 -2.438 
BIAS
2.2877 -0.6478 0.6471 
RMS 0.53010
WEIGHTS W:
-2.621 
2.617 
-1.132 -2.447 
BIAS
2.3195 -0.6479 0.6473 
RMS 0.50747
WEIGHTS W:
-2.660 
2.657 
-1.165 -2.455 
BIAS
2.3513 -0.6483 0.6476 
RMS 0.48476
WEIGHTS W:
-2.700 
2.697 
-1.197 -2.463 
BIAS
2.3830 -0.6487 0.6481 
RMS 0.46208
WEIGHTS W:
-2.740 
2.737 
-1.229 -2.471 
BIAS
2.4145 -0.6493 0.6487 
RMS 0.43955
WEIGHTS W:
-2.780 
2.777 
-1.261 -2.479 
BIAS
2.4458 -0.6500 0.6494 
RMS 0.41730
WEIGHTS W:
-2.820 
2.817 
-1.291 -2.487 
BIAS
2.4766 -0.6509 0.6503 
RMS 0.39545
WEIGHTS W:
-2.860 
2.857 
-1.322 -2.495 
BIAS
2.5071 -0.6518 0.6512 
RMS 0.37413
WEIGHTS W:
-2.901 
2.898 
-1.351 -2.502 
BIAS
2.5371 -0.6528 0.6522 
RMS 0.35344
WEIGHTS W:
-2.940 
2.937 
-1.380 -2.509 
BIAS
2.5665 -0.6539 0.6533 
RMS 0.33347
WEIGHTS W:
-2.980 
2.977 
-1.408 -2.516 
BIAS
2.5952 -0.6551 0.6545 
RMS 0.31430
WEIGHTS W:
-3.019 
3.016 
-1.435 -2.523 
BIAS
2.6233 -0.6563 0.6557 
RMS 0.29600
WEIGHTS W:
-3.057 
3.054 
-1.461 -2.530 
BIAS
2.6507 -0.6575 0.6569 
RMS 0.27860
WEIGHTS W:
-3.095 
3.092 
-1.487 -2.537 
BIAS
2.6774 -0.6587 0.6581 
RMS 0.26213
WEIGHTS W:
-3.132 
3.129 
-1.511 -2.544 
BIAS
2.7032 -0.6599 0.6593 
RMS 0.24661
WEIGHTS W:
-3.168 
3.166 
-1.535 -2.550 
BIAS
2.7283 -0.6611 0.6606 
RMS 0.23201
WEIGHTS W:
-3.204 
3.201 
-1.558 -2.556 
BIAS
2.7526 -0.6623 0.6617 
RMS 0.21833
WEIGHTS W:
-3.238 
3.236 
-1.580 -2.562 
BIAS
2.7761 -0.6634 0.6629 
RMS 0.20554
WEIGHTS W:
-3.272 
3.270 
-1.601 -2.569 
BIAS
2.7988 -0.6645 0.6640 
RMS 0.19360
WEIGHTS W:
-3.305 
3.302 
-1.622 -2.574 
BIAS
2.8207 -0.6656 0.6651 
RMS 0.18247
WEIGHTS W:
-3.337 
3.335 
-1.641 -2.580 
BIAS
2.8419 -0.6667 0.6662 
RMS 0.17211
WEIGHTS W:
-3.368 
3.366 
-1.660 -2.586 
BIAS
2.8623 -0.6677 0.6672 
RMS 0.16248
WEIGHTS W:
-3.398 
3.396 
-1.679 -2.591 
BIAS
2.8821 -0.6686 0.6682 
RMS 0.15352
WEIGHTS W:
-3.428 
3.425 
-1.696 -2.597 
BIAS
2.9011 -0.6696 0.6691 
RMS 0.14519
WEIGHTS W:
-3.456 
3.454 
-1.713 -2.602 
BIAS
2.9194 -0.6704 0.6700 
RMS 0.13745
WEIGHTS W:
-3.484 
3.481 
-1.730 -2.607 
BIAS
2.9371 -0.6713 0.6708 
RMS 0.13025
WEIGHTS W:
-3.510 
3.508 
-1.746 -2.613 
BIAS
2.9542 -0.6721 0.6716 
RMS 0.12355
WEIGHTS W:
-3.536 
3.534 
-1.761 -2.617 
BIAS
2.9706 -0.6728 0.6724 
RMS 0.11732
WEIGHTS W:
-3.562 
3.560 
-1.776 -2.622 
BIAS
2.9865 -0.6735 0.6731 
RMS 0.11152
WEIGHTS W:
-3.586 
3.584 
-1.790 -2.627 
BIAS
3.0019 -0.6742 0.6738 
RMS 0.10611
WEIGHTS W:
-3.610 
3.608 
-1.804 -2.632 
BIAS
3.0167 -0.6749 0.6745 
RMS 0.10107
WEIGHTS W:
-3.633 
3.631 
-1.818 -2.636 
BIAS
3.0310 -0.6755 0.6751 
RMS 0.09636
WEIGHTS W:
-3.656 
3.654 
-1.831 -2.641 
BIAS
3.0449 -0.6761 0.6757 
RMS 0.09197
WEIGHTS W:
-3.677 
3.675 
-1.843 -2.645 
BIAS
3.0582 -0.6766 0.6763 
RMS 0.08786
WEIGHTS W:
-3.698 
3.697 
-1.855 -2.649 
BIAS
3.0712 -0.6772 0.6768 
RMS 0.08401
WEIGHTS W:
-3.719 
3.717 
-1.867 -2.653 
BIAS
3.0837 -0.6777 0.6773 
RMS 0.08040
WEIGHTS W:
-3.739 
3.737 
-1.879 -2.657 
BIAS
3.0959 -0.6782 0.6778 
RMS 0.07702
WEIGHTS W:
-3.758 
3.757 
-1.890 -2.661 
BIAS
3.1076 -0.6786 0.6783 
RMS 0.07385
WEIGHTS W:
-3.777 
3.775 
-1.901 -2.665 
BIAS
3.1190 -0.6791 0.6787 
RMS 0.07087
WEIGHTS W:
-3.795 
3.794 
-1.911 -2.668 
BIAS
3.1300 -0.6795 0.6791 
RMS 0.06807
WEIGHTS W:
-3.813 
3.812 
-1.922 -2.672 
BIAS
3.1407 -0.6799 0.6795 
RMS 0.06543
WEIGHTS W:
-3.831 
3.829 
-1.932 -2.676 
BIAS
3.1511 -0.6802 0.6799 
RMS 0.06294
WEIGHTS W:
-3.848 
3.846 
-1.941 -2.679 
BIAS
3.1612 -0.6806 0.6803 
RMS 0.06060
WEIGHTS W:
-3.864 
3.862 
-1.951 -2.682 
BIAS
3.1710 -0.6809 0.6806 
RMS 0.05838
WEIGHTS W:
-3.880 
3.878 
-1.960 -2.686 
BIAS
3.1805 -0.6813 0.6810 
RMS 0.05629
WEIGHTS W:
-3.896 
3.894 
-1.969 -2.689 
BIAS
3.1898 -0.6816 0.6813 
RMS 0.05431
WEIGHTS W:
-3.911 
3.909 
-1.978 -2.692 
BIAS
3.1988 -0.6819 0.6816 
RMS 0.05244
WEIGHTS W:
-3.926 
3.924 
-1.986 -2.695 
BIAS
3.2075 -0.6822 0.6819 
RMS 0.05066
WEIGHTS W:
-3.940 
3.939 
-1.995 -2.698 
BIAS
3.2160 -0.6824 0.6822 
RMS 0.04898
WEIGHTS W:
-3.954 
3.953 
-2.003 -2.701 
BIAS
3.2243 -0.6827 0.6824 
RMS 0.04739
WEIGHTS W:
-3.968 
3.967 
-2.011 -2.704 
BIAS
3.2323 -0.6830 0.6827 
RMS 0.04587
WEIGHTS W:
-3.982 
3.980 
-2.019 -2.707 
BIAS
3.2402 -0.6832 0.6829 
RMS 0.04443
WEIGHTS W:
-3.995 
3.993 
-2.026 -2.709 
BIAS
3.2478 -0.6834 0.6832 
RMS 0.04306
WEIGHTS W:
-4.007 
4.006 
-2.034 -2.712 
BIAS
3.2553 -0.6837 0.6834 
RMS 0.04175
WEIGHTS W:
-4.020 
4.019 
-2.041 -2.714 
BIAS
3.2626 -0.6839 0.6836 
RMS 0.04051
WEIGHTS W:
-4.032 
4.031 
-2.048 -2.717 
BIAS
3.2696 -0.6841 0.6838 
RMS 0.03933
WEIGHTS W:
-4.044 
4.043 
-2.055 -2.719 
BIAS
3.2766 -0.6843 0.6840 
RMS 0.03820
WEIGHTS W:
-4.056 
4.055 
-2.062 -2.722 
BIAS
3.2833 -0.6845 0.6842 
RMS 0.03712
WEIGHTS W:
-4.067 
4.066 
-2.069 -2.724 
BIAS
3.2899 -0.6847 0.6844 
RMS 0.03609
WEIGHTS W:
-4.079 
4.077 
-2.076 -2.727 
BIAS
3.2963 -0.6848 0.6846 
RMS 0.03510
WEIGHTS W:
-4.090 
4.088 
-2.082 -2.729 
BIAS
3.3026 -0.6850 0.6848 
RMS 0.03416
WEIGHTS W:
-4.100 
4.099 
-2.089 -2.731 
BIAS
3.3087 -0.6852 0.6849 
RMS 0.03326
WEIGHTS W:
-4.111 
4.109 
-2.095 -2.733 
BIAS
3.3147 -0.6853 0.6851 
RMS 0.03240
WEIGHTS W:
-4.121 
4.120 
-2.101 -2.735 
BIAS
3.3206 -0.6855 0.6852 
RMS 0.03157
WEIGHTS W:
-4.131 
4.130 
-2.107 -2.737 
BIAS
3.3263 -0.6856 0.6854 
RMS 0.03078
WEIGHTS W:
-4.141 
4.140 
-2.113 -2.739 
BIAS
3.3319 -0.6858 0.6855 
RMS 0.03002
WEIGHTS W:
-4.151 
4.149 
-2.119 -2.741 
BIAS
3.3374 -0.6859 0.6857 
RMS 0.02929
WEIGHTS W:
-4.160 
4.159 
-2.124 -2.743 
BIAS
3.3428 -0.6860 0.6858 
RMS 0.02859
WEIGHTS W:
-4.169 
4.168 
-2.130 -2.745 
BIAS
3.3480 -0.6862 0.6860 
RMS 0.02792
WEIGHTS W:
-4.179 
4.177 
-2.136 -2.747 
BIAS
3.3532 -0.6863 0.6861 
RMS 0.02727
WEIGHTS W:
-4.187 
4.186 
-2.141 -2.749 
BIAS
3.3582 -0.6864 0.6862 
RMS 0.02665
WEIGHTS W:
-4.196 
4.195 
-2.146 -2.751 
BIAS
3.3631 -0.6865 0.6863 
RMS 0.02605
WEIGHTS W:
-4.205 
4.204 
-2.152 -2.752 
BIAS
3.3679 -0.6867 0.6864 
RMS 0.02547
WEIGHTS W:
-4.213 
4.212 
-2.157 -2.754 
BIAS
3.3727 -0.6868 0.6866 
RMS 0.02492
WEIGHTS W:
-4.222 
4.220 
-2.162 -2.756 
BIAS
3.3773 -0.6869 0.6867 
RMS 0.02439
WEIGHTS W:
-4.230 
4.229 
-2.167 -2.757 
BIAS
3.3818 -0.6870 0.6868 
RMS 0.02387
WEIGHTS W:
-4.238 
4.237 
-2.172 -2.759 
BIAS
3.3863 -0.6871 0.6869 
RMS 0.02337
WEIGHTS W:
-4.246 
4.244 
-2.177 -2.760 
BIAS
3.3907 -0.6872 0.6870 
RMS 0.02289
WEIGHTS W:
-4.253 
4.252 
-2.182 -2.762 
BIAS
3.3949 -0.6873 0.6871 
RMS 0.02243
WEIGHTS W:
-4.261 
4.260 
-2.186 -2.763 
BIAS
3.3991 -0.6874 0.6872 
RMS 0.02199
WEIGHTS W:
-4.268 
4.267 
-2.191 -2.765 
BIAS
3.4032 -0.6874 0.6873 
RMS 0.02155
WEIGHTS W:
-4.275 
4.274 
-2.195 -2.766 
BIAS
3.4073 -0.6875 0.6873 
RMS 0.02114
WEIGHTS W:
-4.283 
4.282 
-2.200 -2.768 
BIAS
3.4112 -0.6876 0.6874 
RMS 0.02074
WEIGHTS W:
-4.290 
4.289 
-2.204 -2.769 
BIAS
3.4151 -0.6877 0.6875 
RMS 0.02035
WEIGHTS W:
-4.297 
4.296 
-2.209 -2.770 
BIAS
3.4189 -0.6878 0.6876 
RMS 0.01997
WEIGHTS W:
-4.303 
4.302 
-2.213 -2.772 
BIAS
3.4227 -0.6879 0.6877 
RMS 0.01961
WEIGHTS W:
-4.310 
4.309 
-2.218 -2.773 
BIAS
3.4264 -0.6879 0.6878 
RMS 0.01925
WEIGHTS W:
-4.317 
4.316 
-2.222 -2.774 
BIAS
3.4300 -0.6880 0.6878 
RMS 0.01891
WEIGHTS W:
-4.323 
4.322 
-2.226 -2.776 
BIAS
3.4335 -0.6881 0.6879 
RMS 0.01858
WEIGHTS W:
-4.330 
4.329 
-2.230 -2.777 
BIAS
3.4370 -0.6882 0.6880 
RMS 0.01826
WEIGHTS W:
-4.336 
4.335 
-2.234 -2.778 
BIAS
3.4405 -0.6882 0.6881 
RMS 0.01795
WEIGHTS W:
-4.342 
4.341 
-2.238 -2.779 
BIAS
3.4438 -0.6883 0.6881 
RMS 0.01765
WEIGHTS W:
-4.348 
4.347 
-2.242 -2.780 
BIAS
3.4471 -0.6884 0.6882 
RMS 0.01736
WEIGHTS W:
-4.354 
4.353 
-2.246 -2.781 
BIAS
3.4504 -0.6884 0.6883 
RMS 0.01707
WEIGHTS W:
-4.360 
4.359 
-2.250 -2.782 
BIAS
3.4536 -0.6885 0.6883 
RMS 0.01680
WEIGHTS W:
-4.366 
4.365 
-2.254 -2.784 
BIAS
3.4567 -0.6885 0.6884 
RMS 0.01653
WEIGHTS W:
-4.372 
4.371 
-2.257 -2.785 
BIAS
3.4598 -0.6886 0.6884 
RMS 0.01627
WEIGHTS W:
-4.377 
4.376 
-2.261 -2.786 
BIAS
3.4628 -0.6887 0.6885 
RMS 0.01602
WEIGHTS W:
-4.383 
4.382 
-2.265 -2.787 
BIAS
3.4658 -0.6887 0.6886 
RMS 0.01578
WEIGHTS W:
-4.388 
4.387 
-2.269 -2.788 
BIAS
3.4688 -0.6888 0.6886 
RMS 0.01554
WEIGHTS W:
-4.394 
4.393 
-2.272 -2.789 
BIAS
3.4717 -0.6888 0.6887 
RMS 0.01531
WEIGHTS W:
-4.399 
4.398 
-2.276 -2.789 
BIAS
3.4745 -0.6889 0.6887 
RMS 0.01509
WEIGHTS W:
-4.404 
4.403 
-2.279 -2.790 
BIAS
3.4773 -0.6889 0.6888 
RMS 0.01487
WEIGHTS W:
-4.409 
4.408 
-2.283 -2.791 
BIAS
3.4800 -0.6890 0.6888 
RMS 0.01466
WEIGHTS W:
-4.414 
4.413 
-2.286 -2.792 
BIAS
3.4828 -0.6890 0.6889 
RMS 0.01445
WEIGHTS W:
-4.419 
4.418 
-2.290 -2.793 
BIAS
3.4854 -0.6891 0.6889 
RMS 0.01425
WEIGHTS W:
-4.424 
4.423 
-2.293 -2.794 
BIAS
3.4880 -0.6891 0.6890 
RMS 0.01405
WEIGHTS W:
-4.429 
4.428 
-2.296 -2.795 
BIAS
3.4906 -0.6892 0.6890 
RMS 0.01386
WEIGHTS W:
-4.434 
4.433 
-2.300 -2.796 
BIAS
3.4932 -0.6892 0.6891 
RMS 0.01368
WEIGHTS W:
-4.439 
4.438 
-2.303 -2.796 
BIAS
3.4957 -0.6893 0.6891 
RMS 0.01350
WEIGHTS W:
-4.443 
4.442 
-2.306 -2.797 
BIAS
3.4981 -0.6893 0.6892 
RMS 0.01332
WEIGHTS W:
-4.448 
4.447 
-2.309 -2.798 
BIAS
3.5006 -0.6893 0.6892 
RMS 0.01315
WEIGHTS W:
-4.452 
4.452 
-2.312 -2.799 
BIAS
3.5030 -0.6894 0.6892 
RMS 0.01298
WEIGHTS W:
-4.457 
4.456 
-2.316 -2.799 
BIAS
3.5053 -0.6894 0.6893 
RMS 0.01282
WEIGHTS W:
-4.461 
4.460 
-2.319 -2.800 
BIAS
3.5076 -0.6895 0.6893 
RMS 0.01266
WEIGHTS W:
-4.466 
4.465 
-2.322 -2.801 
BIAS
3.5099 -0.6895 0.6894 
RMS 0.01251
WEIGHTS W:
-4.470 
4.469 
-2.325 -2.802 
BIAS
3.5122 -0.6895 0.6894 
RMS 0.01236
WEIGHTS W:
-4.474 
4.473 
-2.328 -2.802 
BIAS
3.5144 -0.6896 0.6894 
RMS 0.01221
WEIGHTS W:
-4.478 
4.478 
-2.331 -2.803 
BIAS
3.5166 -0.6896 0.6895 
RMS 0.01207
WEIGHTS W:
-4.482 
4.482 
-2.334 -2.804 
BIAS
3.5187 -0.6896 0.6895 
RMS 0.01192
WEIGHTS W:
-4.486 
4.486 
-2.337 -2.804 
BIAS
3.5208 -0.6897 0.6896 
RMS 0.01179
WEIGHTS W:
-4.491 
4.490 
-2.340 -2.805 
BIAS
3.5229 -0.6897 0.6896 
RMS 0.01165
WEIGHTS W:
-4.494 
4.494 
-2.342 -2.805 
BIAS
3.5250 -0.6898 0.6896 
RMS 0.01152
WEIGHTS W:
-4.498 
4.498 
-2.345 -2.806 
BIAS
3.5270 -0.6898 0.6897 
RMS 0.01140
WEIGHTS W:
-4.502 
4.501 
-2.348 -2.807 
BIAS
3.5290 -0.6898 0.6897 
RMS 0.01127
WEIGHTS W:
-4.506 
4.505 
-2.351 -2.807 
BIAS
3.5310 -0.6898 0.6897 
RMS 0.01115
WEIGHTS W:
-4.510 
4.509 
-2.354 -2.808 
BIAS
3.5330 -0.6899 0.6898 
RMS 0.01103
WEIGHTS W:
-4.514 
4.513 
-2.356 -2.808 
BIAS
3.5349 -0.6899 0.6898 
RMS 0.01092
WEIGHTS W:
-4.517 
4.516 
-2.359 -2.809 
BIAS
3.5368 -0.6899 0.6898 
RMS 0.01080
WEIGHTS W:
-4.521 
4.520 
-2.362 -2.809 
BIAS
3.5386 -0.6900 0.6899 
RMS 0.01069
WEIGHTS W:
-4.524 
4.524 
-2.365 -2.810 
BIAS
3.5405 -0.6900 0.6899 
RMS 0.01058
WEIGHTS W:
-4.528 
4.527 
-2.367 -2.810 
BIAS
3.5423 -0.6900 0.6899 
RMS 0.01048
WEIGHTS W:
-4.531 
4.531 
-2.370 -2.811 
BIAS
3.5441 -0.6901 0.6899 
RMS 0.01037
WEIGHTS W:
-4.535 
4.534 
-2.372 -2.811 
BIAS
3.5459 -0.6901 0.6900 
RMS 0.01027
WEIGHTS W:
-4.538 
4.538 
-2.375 -2.812 
BIAS
3.5476 -0.6901 0.6900 
RMS 0.01017
WEIGHTS W:
-4.542 
4.541 
-2.378 -2.812 
BIAS
3.5493 -0.6901 0.6900 
RMS 0.01007
WEIGHTS W:
-4.545 
4.544 
-2.380 -2.813 
BIAS
3.5510 -0.6902 0.6901 
RMS 0.00998
WEIGHTS W:
-4.548 
4.548 
-2.383 -2.813 
BIAS
3.5527 -0.6902 0.6901 
RMS 0.00989
WEIGHTS W:
-4.552 
4.551 
-2.385 -2.814 
BIAS
3.5544 -0.6902 0.6901 
RMS 0.00979
WEIGHTS W:
-4.555 
4.554 
-2.388 -2.814 
BIAS
3.5560 -0.6902 0.6901 
RMS 0.00971
WEIGHTS W:
-4.558 
4.557 
-2.390 -2.814 
BIAS
3.5576 -0.6903 0.6902 
RMS 0.00962
WEIGHTS W:
-4.561 
4.560 
-2.392 -2.815 
BIAS
3.5592 -0.6903 0.6902 
RMS 0.00953
WEIGHTS W:
-4.564 
4.564 
-2.395 -2.815 
BIAS
3.5608 -0.6903 0.6902 
RMS 0.00945
WEIGHTS W:
-4.567 
4.567 
-2.397 -2.816 
BIAS
3.5623 -0.6903 0.6902 
RMS 0.00937
WEIGHTS W:
-4.570 
4.570 
-2.400 -2.816 
BIAS
3.5638 -0.6904 0.6903 
RMS 0.00929
WEIGHTS W:
-4.573 
4.573 
-2.402 -2.816 
BIAS
3.5654 -0.6904 0.6903 
RMS 0.00921
WEIGHTS W:
-4.576 
4.576 
-2.404 -2.817 
BIAS
3.5668 -0.6904 0.6903 
RMS 0.00913
WEIGHTS W:
-4.579 
4.579 
-2.407 -2.817 
BIAS
3.5683 -0.6904 0.6903 
RMS 0.00905
WEIGHTS W:
-4.582 
4.581 
-2.409 -2.817 
BIAS
3.5698 -0.6904 0.6904 
RMS 0.00898
WEIGHTS W:
-4.585 
4.584 
-2.411 -2.818 
BIAS
3.5712 -0.6905 0.6904 
RMS 0.00891
WEIGHTS W:
-4.588 
4.587 
-2.413 -2.818 
BIAS
3.5726 -0.6905 0.6904 
RMS 0.00884
WEIGHTS W:
-4.591 
4.590 
-2.416 -2.818 
BIAS
3.5740 -0.6905 0.6904 
RMS 0.00877
WEIGHTS W:
-4.593 
4.593 
-2.418 -2.819 
BIAS
3.5754 -0.6905 0.6904 
RMS 0.00870
WEIGHTS W:
-4.596 
4.595 
-2.420 -2.819 
BIAS
3.5768 -0.6906 0.6905 
RMS 0.00863
WEIGHTS W:
-4.599 
4.598 
-2.422 -2.819 
BIAS
3.5781 -0.6906 0.6905 
RMS 0.00857
WEIGHTS W:
-4.601 
4.601 
-2.425 -2.820 
BIAS
3.5795 -0.6906 0.6905 
RMS 0.00850
WEIGHTS W:
-4.604 
4.604 
-2.427 -2.820 
BIAS
3.5808 -0.6906 0.6905 
RMS 0.00844
WEIGHTS W:
-4.607 
4.606 
-2.429 -2.820 
BIAS
3.5821 -0.6906 0.6905 
RMS 0.00838
WEIGHTS W:
-4.609 
4.609 
-2.431 -2.821 
BIAS
3.5834 -0.6906 0.6906 
RMS 0.00831
WEIGHTS W:
-4.612 
4.611 
-2.433 -2.821 
BIAS
3.5846 -0.6907 0.6906 
RMS 0.00825
WEIGHTS W:
-4.614 
4.614 
-2.435 -2.821 
BIAS
3.5859 -0.6907 0.6906 
RMS 0.00820
WEIGHTS W:
-4.617 
4.616 
-2.437 -2.821 
BIAS
3.5871 -0.6907 0.6906 
RMS 0.00814
WEIGHTS W:
-4.619 
4.619 
-2.439 -2.822 
BIAS
3.5883 -0.6907 0.6906 
RMS 0.00808
WEIGHTS W:
-4.622 
4.621 
-2.441 -2.822 
BIAS
3.5895 -0.6907 0.6906 
RMS 0.00803
WEIGHTS W:
-4.624 
4.624 
-2.443 -2.822 
BIAS
3.5907 -0.6908 0.6907 
RMS 0.00797
WEIGHTS W:
-4.627 
4.626 
-2.445 -2.822 
BIAS
3.5919 -0.6908 0.6907 
RMS 0.00792
WEIGHTS W:
-4.629 
4.629 
-2.447 -2.823 
BIAS
3.5931 -0.6908 0.6907 
RMS 0.00786
WEIGHTS W:
-4.632 
4.631 
-2.449 -2.823 
BIAS
3.5942 -0.6908 0.6907 
RMS 0.00781
WEIGHTS W:
-4.634 
4.633 
-2.451 -2.823 
BIAS
3.5954 -0.6908 0.6907 
RMS 0.00776
WEIGHTS W:
-4.636 
4.636 
-2.453 -2.823 
BIAS
3.5965 -0.6908 0.6908 
RMS 0.00771
WEIGHTS W:
-4.638 
4.638 
-2.455 -2.823 
BIAS
3.5976 -0.6908 0.6908 
RMS 0.00766
WEIGHTS W:
-4.641 
4.640 
-2.457 -2.824 
BIAS
3.5987 -0.6909 0.6908 
RMS 0.00762
WEIGHTS W:
-4.643 
4.642 
-2.459 -2.824 
BIAS
3.5998 -0.6909 0.6908 
RMS 0.00757
WEIGHTS W:
-4.645 
4.645 
-2.461 -2.824 
BIAS
3.6009 -0.6909 0.6908 
RMS 0.00752
WEIGHTS W:
-4.647 
4.647 
-2.463 -2.824 
BIAS
3.6020 -0.6909 0.6908 
RMS 0.00748
WEIGHTS W:
-4.650 
4.649 
-2.465 -2.824 
BIAS
3.6030 -0.6909 0.6908 
RMS 0.00743
WEIGHTS W:
-4.652 
4.651 
-2.467 -2.824 
BIAS
3.6041 -0.6909 0.6909 
RMS 0.00739
WEIGHTS W:
-4.654 
4.653 
-2.468 -2.825 
BIAS
3.6051 -0.6910 0.6909 
RMS 0.00734
WEIGHTS W:
-4.656 
4.655 
-2.470 -2.825 
BIAS
3.6061 -0.6910 0.6909 
RMS 0.00730
WEIGHTS W:
-4.658 
4.657 
-2.472 -2.825 
BIAS
3.6071 -0.6910 0.6909 
RMS 0.00726
WEIGHTS W:
-4.660 
4.660 
-2.474 -2.825 
BIAS
3.6081 -0.6910 0.6909 
RMS 0.00722
WEIGHTS W:
-4.662 
4.662 
-2.476 -2.825 
BIAS
3.6091 -0.6910 0.6909 
RMS 0.00718
WEIGHTS W:
-4.664 
4.664 
-2.478 -2.825 
BIAS
3.6101 -0.6910 0.6909 
RMS 0.00714
WEIGHTS W:
-4.666 
4.666 
-2.479 -2.826 
BIAS
3.6110 -0.6910 0.6910 
RMS 0.00710
WEIGHTS W:
-4.668 
4.668 
-2.481 -2.826 
BIAS
3.6120 -0.6910 0.6910 
RMS 0.00706
WEIGHTS W:
-4.670 
4.670 
-2.483 -2.826 
BIAS
3.6129 -0.6911 0.6910 
RMS 0.00702
WEIGHTS W:
-4.672 
4.672 
-2.485 -2.826 
BIAS
3.6139 -0.6911 0.6910 
RMS 0.00699
WEIGHTS W:
-4.674 
4.673 
-2.486 -2.826 
BIAS
3.6148 -0.6911 0.6910 
RMS 0.00695
WEIGHTS W:
-4.676 
4.675 
-2.488 -2.826 
BIAS
3.6157 -0.6911 0.6910 
RMS 0.00691
WEIGHTS W:
-4.678 
4.677 
-2.490 -2.826 
BIAS
3.6166 -0.6911 0.6910 
RMS 0.00688
WEIGHTS W:
-4.680 
4.679 
-2.491 -2.826 
BIAS
3.6175 -0.6911 0.6911 
RMS 0.00684
WEIGHTS W:
-4.682 
4.681 
-2.493 -2.827 
BIAS
3.6184 -0.6911 0.6911 
RMS 0.00681
WEIGHTS W:
-4.683 
4.683 
-2.495 -2.827 
BIAS
3.6193 -0.6911 0.6911 
RMS 0.00677
WEIGHTS W:
-4.685 
4.685 
-2.496 -2.827 
BIAS
3.6201 -0.6912 0.6911 
RMS 0.00674
WEIGHTS W:
-4.687 
4.687 
-2.498 -2.827 
BIAS
3.6210 -0.6912 0.6911 
RMS 0.00671
WEIGHTS W:
-4.689 
4.688 
-2.500 -2.827 
BIAS
3.6218 -0.6912 0.6911 
RMS 0.00668
WEIGHTS W:
-4.691 
4.690 
-2.501 -2.827 
BIAS
3.6227 -0.6912 0.6911 
RMS 0.00664
WEIGHTS W:
-4.692 
4.692 
-2.503 -2.827 
BIAS
3.6235 -0.6912 0.6911 
RMS 0.00661
WEIGHTS W:
-4.694 
4.694 
-2.504 -2.827 
BIAS
3.6243 -0.6912 0.6911 
RMS 0.00658
WEIGHTS W:
-4.696 
4.695 
-2.506 -2.827 
BIAS
3.6252 -0.6912 0.6912 
RMS 0.00655
WEIGHTS W:
-4.698 
4.697 
-2.508 -2.827 
BIAS
3.6260 -0.6912 0.6912 
RMS 0.00652
WEIGHTS W:
-4.699 
4.699 
-2.509 -2.827 
BIAS
3.6268 -0.6912 0.6912 
RMS 0.00649
WEIGHTS W:
-4.701 
4.700 
-2.511 -2.828 
BIAS
3.6276 -0.6913 0.6912 
RMS 0.00646
WEIGHTS W:
-4.703 
4.702 
-2.512 -2.828 
BIAS
3.6283 -0.6913 0.6912 
RMS 0.00644
WEIGHTS W:
-4.704 
4.704 
-2.514 -2.828 
BIAS
3.6291 -0.6913 0.6912 
RMS 0.00641
WEIGHTS W:
-4.706 
4.705 
-2.515 -2.828 
BIAS
3.6299 -0.6913 0.6912 
RMS 0.00638
WEIGHTS W:
-4.708 
4.707 
-2.517 -2.828 
BIAS
3.6306 -0.6913 0.6912 
RMS 0.00635
WEIGHTS W:
-4.709 
4.709 
-2.518 -2.828 
BIAS
3.6314 -0.6913 0.6912 
RMS 0.00633
WEIGHTS W:
-4.711 
4.710 
-2.520 -2.828 
BIAS
3.6321 -0.6913 0.6913 
RMS 0.00630
WEIGHTS W:
-4.712 
4.712 
-2.521 -2.828 
BIAS
3.6329 -0.6913 0.6913 
RMS 0.00628
WEIGHTS W:
-4.714 
4.713 
-2.523 -2.828 
BIAS
3.6336 -0.6913 0.6913 
RMS 0.00625
WEIGHTS W:
-4.715 
4.715 
-2.524 -2.828 
BIAS
3.6343 -0.6913 0.6913 
RMS 0.00622
WEIGHTS W:
-4.717 
4.716 
-2.526 -2.828 
BIAS
3.6351 -0.6913 0.6913 
RMS 0.00620
WEIGHTS W:
-4.718 
4.718 
-2.527 -2.828 
BIAS
3.6358 -0.6914 0.6913 
RMS 0.00618
WEIGHTS W:
-4.720 
4.720 
-2.529 -2.828 
BIAS
3.6365 -0.6914 0.6913 
RMS 0.00615
WEIGHTS W:
-4.721 
4.721 
-2.530 -2.828 
BIAS
3.6372 -0.6914 0.6913 
RMS 0.00613
WEIGHTS W:
-4.723 
4.722 
-2.531 -2.828 
BIAS
3.6379 -0.6914 0.6913 
RMS 0.00610
WEIGHTS W:
-4.724 
4.724 
-2.533 -2.828 
BIAS
3.6385 -0.6914 0.6913 
RMS 0.00608
WEIGHTS W:
-4.726 
4.725 
-2.534 -2.828 
BIAS
3.6392 -0.6914 0.6913 
RMS 0.00606
WEIGHTS W:
-4.727 
4.727 
-2.536 -2.828 
BIAS
3.6399 -0.6914 0.6914 
RMS 0.00604
WEIGHTS W:
-4.729 
4.728 
-2.537 -2.828 
BIAS
3.6406 -0.6914 0.6914 
RMS 0.00602
WEIGHTS W:
-4.730 
4.730 
-2.538 -2.828 
BIAS
3.6412 -0.6914 0.6914 
RMS 0.00599
WEIGHTS W:
-4.732 
4.731 
-2.540 -2.828 
BIAS
3.6419 -0.6914 0.6914 
RMS 0.00597
WEIGHTS W:
-4.733 
4.733 
-2.541 -2.828 
BIAS
3.6425 -0.6914 0.6914 
RMS 0.00595
WEIGHTS W:
-4.734 
4.734 
-2.542 -2.828 
BIAS
3.6432 -0.6915 0.6914 
RMS 0.00593
WEIGHTS W:
-4.736 
4.735 
-2.544 -2.828 
BIAS
3.6438 -0.6915 0.6914 
RMS 0.00591
WEIGHTS W:
-4.737 
4.737 
-2.545 -2.828 
BIAS
3.6444 -0.6915 0.6914 
RMS 0.00589
WEIGHTS W:
-4.738 
4.738 
-2.546 -2.829 
BIAS
3.6450 -0.6915 0.6914 
RMS 0.00587
WEIGHTS W:
-4.740 
4.739 
-2.548 -2.829 
BIAS
3.6457 -0.6915 0.6914 
RMS 0.00585
WEIGHTS W:
-4.741 
4.741 
-2.549 -2.829 
BIAS
3.6463 -0.6915 0.6914 
RMS 0.00583
WEIGHTS W:
-4.742 
4.742 
-2.550 -2.829 
BIAS
3.6469 -0.6915 0.6915 
RMS 0.00581
WEIGHTS W:
-4.744 
4.743 
-2.552 -2.829 
BIAS
3.6475 -0.6915 0.6915 
RMS 0.00579
WEIGHTS W:
-4.745 
4.745 
-2.553 -2.829 
BIAS
3.6481 -0.6915 0.6915 
RMS 0.00578
WEIGHTS W:
-4.746 
4.746 
-2.554 -2.829 
BIAS
3.6487 -0.6915 0.6915 
RMS 0.00576
WEIGHTS W:
-4.748 
4.747 
-2.555 -2.829 
BIAS
3.6493 -0.6915 0.6915 
RMS 0.00574
WEIGHTS W:
-4.749 
4.748 
-2.557 -2.829 
BIAS
3.6498 -0.6915 0.6915 
RMS 0.00572
WEIGHTS W:
-4.750 
4.750 
-2.558 -2.829 
BIAS
3.6504 -0.6915 0.6915 
RMS 0.00570
WEIGHTS W:
-4.751 
4.751 
-2.559 -2.829 
BIAS
3.6510 -0.6916 0.6915 
RMS 0.00569
WEIGHTS W:
-4.753 
4.752 
-2.560 -2.829 
BIAS
3.6516 -0.6916 0.6915 
RMS 0.00567
WEIGHTS W:
-4.754 
4.753 
-2.562 -2.829 
BIAS
3.6521 -0.6916 0.6915 
RMS 0.00565
WEIGHTS W:
-4.755 
4.755 
-2.563 -2.829 
BIAS
3.6527 -0.6916 0.6915 
RMS 0.00564
WEIGHTS W:
-4.756 
4.756 
-2.564 -2.829 
BIAS
3.6532 -0.6916 0.6915 
RMS 0.00562
WEIGHTS W:
-4.757 
4.757 
-2.565 -2.829 
BIAS
3.6538 -0.6916 0.6915 
RMS 0.00560
WEIGHTS W:
-4.759 
4.758 
-2.566 -2.829 
BIAS
3.6543 -0.6916 0.6915 
RMS 0.00559
WEIGHTS W:
-4.760 
4.759 
-2.568 -2.829 
BIAS
3.6548 -0.6916 0.6916 
RMS 0.00557
WEIGHTS W:
-4.761 
4.761 
-2.569 -2.829 
BIAS
3.6554 -0.6916 0.6916 
RMS 0.00556
WEIGHTS W:
-4.762 
4.762 
-2.570 -2.828 
BIAS
3.6559 -0.6916 0.6916 
RMS 0.00554
WEIGHTS W:
-4.763 
4.763 
-2.571 -2.828 
BIAS
3.6564 -0.6916 0.6916 
RMS 0.00553
WEIGHTS W:
-4.764 
4.764 
-2.572 -2.828 
BIAS
3.6570 -0.6916 0.6916 
RMS 0.00551
WEIGHTS W:
-4.766 
4.765 
-2.573 -2.828 
BIAS
3.6575 -0.6916 0.6916 
RMS 0.00550
WEIGHTS W:
-4.767 
4.766 
-2.574 -2.828 
BIAS
3.6580 -0.6916 0.6916 
RMS 0.00548
WEIGHTS W:
-4.768 
4.767 
-2.576 -2.828 
BIAS
3.6585 -0.6916 0.6916 
RMS 0.00547
WEIGHTS W:
-4.769 
4.769 
-2.577 -2.828 
BIAS
3.6590 -0.6916 0.6916 
RMS 0.00545
WEIGHTS W:
-4.770 
4.770 
-2.578 -2.828 
BIAS
3.6595 -0.6917 0.6916 
RMS 0.00544
WEIGHTS W:
-4.771 
4.771 
-2.579 -2.828 
BIAS
3.6600 -0.6917 0.6916 
RMS 0.00543
WEIGHTS W:
-4.772 
4.772 
-2.580 -2.828 
BIAS
3.6605 -0.6917 0.6916 
RMS 0.00541
WEIGHTS W:
-4.773 
4.773 
-2.581 -2.828 
BIAS
3.6610 -0.6917 0.6916 
RMS 0.00540
WEIGHTS W:
-4.774 
4.774 
-2.582 -2.828 
BIAS
3.6615 -0.6917 0.6916 
RMS 0.00539
WEIGHTS W:
-4.775 
4.775 
-2.583 -2.828 
BIAS
3.6619 -0.6917 0.6916 
RMS 0.00537
WEIGHTS W:
-4.776 
4.776 
-2.584 -2.828 
BIAS
3.6624 -0.6917 0.6917 
RMS 0.00536
WEIGHTS W:
-4.777 
4.777 
-2.585 -2.828 
BIAS
3.6629 -0.6917 0.6917 
RMS 0.00535
WEIGHTS W:
-4.778 
4.778 
-2.586 -2.828 
BIAS
3.6633 -0.6917 0.6917 
RMS 0.00534
WEIGHTS W:
-4.779 
4.779 
-2.588 -2.828 
BIAS
3.6638 -0.6917 0.6917 
RMS 0.00532
WEIGHTS W:
-4.781 
4.780 
-2.589 -2.828 
BIAS
3.6643 -0.6917 0.6917 
RMS 0.00531
WEIGHTS W:
-4.782 
4.781 
-2.590 -2.828 
BIAS
3.6647 -0.6917 0.6917 
RMS 0.00530
WEIGHTS W:
-4.783 
4.782 
-2.591 -2.828 
BIAS
3.6652 -0.6917 0.6917 
RMS 0.00529
WEIGHTS W:
-4.784 
4.783 
-2.592 -2.828 
BIAS
3.6656 -0.6917 0.6917 
RMS 0.00528
WEIGHTS W:
-4.784 
4.784 
-2.593 -2.828 
BIAS
3.6661 -0.6917 0.6917 
RMS 0.00527
WEIGHTS W:
-4.785 
4.785 
-2.594 -2.828 
BIAS
3.6665 -0.6917 0.6917 
RMS 0.00525
WEIGHTS W:
-4.786 
4.786 
-2.595 -2.828 
BIAS
3.6670 -0.6917 0.6917 
RMS 0.00524
WEIGHTS W:
-4.787 
4.787 
-2.596 -2.828 
BIAS
3.6674 -0.6917 0.6917 
RMS 0.00523
WEIGHTS W:
-4.788 
4.788 
-2.597 -2.828 
BIAS
3.6678 -0.6918 0.6917 
RMS 0.00522
WEIGHTS W:
-4.789 
4.789 
-2.598 -2.828 
BIAS
3.6683 -0.6918 0.6917 
RMS 0.00521
WEIGHTS W:
-4.790 
4.790 
-2.599 -2.828 
BIAS
3.6687 -0.6918 0.6917 
RMS 0.00520
WEIGHTS W:
-4.791 
4.791 
-2.600 -2.828 
BIAS
3.6691 -0.6918 0.6917 
RMS 0.00519
WEIGHTS W:
-4.792 
4.792 
-2.601 -2.828 
BIAS
3.6695 -0.6918 0.6917 
RMS 0.00518
WEIGHTS W:
-4.793 
4.793 
-2.602 -2.828 
BIAS
3.6700 -0.6918 0.6917 
RMS 0.00517
WEIGHTS W:
-4.794 
4.794 
-2.602 -2.828 
BIAS
3.6704 -0.6918 0.6917 
RMS 0.00516
WEIGHTS W:
-4.795 
4.795 
-2.603 -2.828 
BIAS
3.6708 -0.6918 0.6918 
RMS 0.00515
WEIGHTS W:
-4.796 
4.795 
-2.604 -2.828 
BIAS
3.6712 -0.6918 0.6918 
RMS 0.00514
WEIGHTS W:
-4.797 
4.796 
-2.605 -2.828 
BIAS
3.6716 -0.6918 0.6918 
RMS 0.00513
WEIGHTS W:
-4.798 
4.797 
-2.606 -2.828 
BIAS
3.6720 -0.6918 0.6918 
RMS 0.00512
WEIGHTS W:
-4.798 
4.798 
-2.607 -2.827 
BIAS
3.6724 -0.6918 0.6918 
RMS 0.00511
WEIGHTS W:
-4.799 
4.799 
-2.608 -2.827 
BIAS
3.6728 -0.6918 0.6918 
RMS 0.00510
WEIGHTS W:
-4.800 
4.800 
-2.609 -2.827 
BIAS
3.6732 -0.6918 0.6918 
RMS 0.00509
WEIGHTS W:
-4.801 
4.801 
-2.610 -2.827 
BIAS
3.6736 -0.6918 0.6918 
RMS 0.00508
WEIGHTS W:
-4.802 
4.802 
-2.611 -2.827 
BIAS
3.6740 -0.6918 0.6918 
RMS 0.00507
WEIGHTS W:
-4.803 
4.802 
-2.612 -2.827 
BIAS
3.6744 -0.6918 0.6918 
RMS 0.00506
WEIGHTS W:
-4.804 
4.803 
-2.613 -2.827 
BIAS
3.6747 -0.6918 0.6918 
RMS 0.00506
WEIGHTS W:
-4.804 
4.804 
-2.613 -2.827 
BIAS
3.6751 -0.6918 0.6918 
RMS 0.00505
WEIGHTS W:
-4.805 
4.805 
-2.614 -2.827 
BIAS
3.6755 -0.6918 0.6918 
RMS 0.00504
WEIGHTS W:
-4.806 
4.806 
-2.615 -2.827 
BIAS
3.6759 -0.6918 0.6918 
RMS 0.00503
WEIGHTS W:
-4.807 
4.807 
-2.616 -2.827 
BIAS
3.6763 -0.6918 0.6918 
RMS 0.00502
WEIGHTS W:
-4.808 
4.807 
-2.617 -2.827 
BIAS
3.6766 -0.6919 0.6918 
RMS 0.00501
WEIGHTS W:
-4.809 
4.808 
-2.618 -2.827 
BIAS
3.6770 -0.6919 0.6918 
RMS 0.00500
WEIGHTS W:
-4.809 
4.809 
-2.619 -2.827 
BIAS
3.6774 -0.6919 0.6918 
RMS 0.00500
WEIGHTS W:
-4.810 
4.810 
-2.619 -2.827 
BIAS
3.6777 -0.6919 0.6918 
RMS 0.00499
WEIGHTS W:
-4.811 
4.811 
-2.620 -2.827 
BIAS
3.6781 -0.6919 0.6918 
RMS 0.00498
WEIGHTS W:
-4.812 
4.811 
-2.621 -2.827 
BIAS
3.6784 -0.6919 0.6918 
RMS 0.00497
WEIGHTS W:
-4.813 
4.812 
-2.622 -2.827 
BIAS
3.6788 -0.6919 0.6919 
RMS 0.00497
WEIGHTS W:
-4.813 
4.813 
-2.623 -2.827 
BIAS
3.6791 -0.6919 0.6919 
RMS 0.00496
WEIGHTS W:
-4.814 
4.814 
-2.624 -2.827 
BIAS
3.6795 -0.6919 0.6919 
RMS 0.00495
WEIGHTS W:
-4.815 
4.815 
-2.624 -2.827 
BIAS
3.6798 -0.6919 0.6919 
RMS 0.00494
WEIGHTS W:
-4.816 
4.815 
-2.625 -2.827 
BIAS
3.6802 -0.6919 0.6919 
RMS 0.00494
WEIGHTS W:
-4.816 
4.816 
-2.626 -2.827 
BIAS
3.6805 -0.6919 0.6919 
RMS 0.00493
WEIGHTS W:
-4.817 
4.817 
-2.627 -2.827 
BIAS
3.6809 -0.6919 0.6919 
RMS 0.00492
WEIGHTS W:
-4.818 
4.818 
-2.628 -2.827 
BIAS
3.6812 -0.6919 0.6919 
RMS 0.00491
WEIGHTS W:
-4.819 
4.818 
-2.628 -2.826 
BIAS
3.6815 -0.6919 0.6919 
RMS 0.00491
WEIGHTS W:
-4.819 
4.819 
-2.629 -2.826 
BIAS
3.6819 -0.6919 0.6919 
RMS 0.00490
WEIGHTS W:
-4.820 
4.820 
-2.630 -2.826 
BIAS
3.6822 -0.6919 0.6919 
RMS 0.00489
WEIGHTS W:
-4.821 
4.820 
-2.631 -2.826 
BIAS
3.6825 -0.6919 0.6919 
RMS 0.00489
WEIGHTS W:
-4.822 
4.821 
-2.631 -2.826 
BIAS
3.6829 -0.6919 0.6919 
RMS 0.00488
WEIGHTS W:
-4.822 
4.822 
-2.632 -2.826 
BIAS
3.6832 -0.6919 0.6919 
RMS 0.00487
WEIGHTS W:
-4.823 
4.823 
-2.633 -2.826 
BIAS
3.6835 -0.6919 0.6919 
RMS 0.00487
WEIGHTS W:
-4.824 
4.823 
-2.634 -2.826 
BIAS
3.6838 -0.6919 0.6919 
RMS 0.00486
WEIGHTS W:
-4.824 
4.824 
-2.634 -2.826 
BIAS
3.6842 -0.6919 0.6919 
RMS 0.00485
WEIGHTS W:
-4.825 
4.825 
-2.635 -2.826 
BIAS
3.6845 -0.6919 0.6919 
RMS 0.00485
WEIGHTS W:
-4.826 
4.825 
-2.636 -2.826 
BIAS
3.6848 -0.6919 0.6919 
RMS 0.00484
WEIGHTS W:
-4.826 
4.826 
-2.637 -2.826 
BIAS
3.6851 -0.6919 0.6919 
RMS 0.00484
WEIGHTS W:
-4.827 
4.827 
-2.637 -2.826 
BIAS
3.6854 -0.6919 0.6919 
RMS 0.00483
WEIGHTS W:
-4.828 
4.828 
-2.638 -2.826 
BIAS
3.6857 -0.6920 0.6919 
RMS 0.00482
WEIGHTS W:
-4.828 
4.828 
-2.639 -2.826 
BIAS
3.6860 -0.6920 0.6919 
RMS 0.00482
WEIGHTS W:
-4.829 
4.829 
-2.640 -2.826 
BIAS
3.6863 -0.6920 0.6919 
RMS 0.00481
WEIGHTS W:
-4.830 
4.830 
-2.640 -2.826 
BIAS
3.6866 -0.6920 0.6919 
RMS 0.00481
WEIGHTS W:
-4.830 
4.830 
-2.641 -2.826 
BIAS
3.6869 -0.6920 0.6919 
RMS 0.00480
WEIGHTS W:
-4.831 
4.831 
-2.642 -2.826 
BIAS
3.6872 -0.6920 0.6919 
RMS 0.00479
WEIGHTS W:
-4.832 
4.832 
-2.642 -2.826 
BIAS
3.6875 -0.6920 0.6920 
RMS 0.00479
WEIGHTS W:
-4.832 
4.832 
-2.643 -2.826 
BIAS
3.6878 -0.6920 0.6920 
RMS 0.00478
WEIGHTS W:
-4.833 
4.833 
-2.644 -2.826 
BIAS
3.6881 -0.6920 0.6920 
RMS 0.00478
WEIGHTS W:
-4.834 
4.833 
-2.644 -2.826 
BIAS
3.6884 -0.6920 0.6920 
RMS 0.00477
WEIGHTS W:
-4.834 
4.834 
-2.645 -2.825 
BIAS
3.6887 -0.6920 0.6920 
RMS 0.00477
WEIGHTS W:
-4.835 
4.835 
-2.646 -2.825 
BIAS
3.6890 -0.6920 0.6920 
RMS 0.00476
WEIGHTS W:
-4.836 
4.835 
-2.646 -2.825 
BIAS
3.6893 -0.6920 0.6920 
RMS 0.00476
WEIGHTS W:
-4.836 
4.836 
-2.647 -2.825 
BIAS
3.6896 -0.6920 0.6920 
RMS 0.00475
WEIGHTS W:
-4.837 
4.837 
-2.648 -2.825 
BIAS
3.6899 -0.6920 0.6920 
RMS 0.00475
WEIGHTS W:
-4.838 
4.837 
-2.648 -2.825 
BIAS
3.6901 -0.6920 0.6920 
RMS 0.00474
WEIGHTS W:
-4.838 
4.838 
-2.649 -2.825 
BIAS
3.6904 -0.6920 0.6920 
RMS 0.00474
WEIGHTS W:
-4.839 
4.838 
-2.650 -2.825 
BIAS
3.6907 -0.6920 0.6920 
RMS 0.00473
WEIGHTS W:
-4.839 
4.839 
-2.650 -2.825 
BIAS
3.6910 -0.6920 0.6920 
RMS 0.00473
WEIGHTS W:
-4.840 
4.840 
-2.651 -2.825 
BIAS
3.6912 -0.6920 0.6920 
RMS 0.00472
WEIGHTS W:
-4.841 
4.840 
-2.652 -2.825 
BIAS
3.6915 -0.6920 0.6920 
RMS 0.00472
WEIGHTS W:
-4.841 
4.841 
-2.652 -2.825 
BIAS
3.6918 -0.6920 0.6920 
RMS 0.00471
WEIGHTS W:
-4.842 
4.841 
-2.653 -2.825 
BIAS
3.6921 -0.6920 0.6920 
RMS 0.00471
WEIGHTS W:
-4.842 
4.842 
-2.654 -2.825 
BIAS
3.6923 -0.6920 0.6920 
RMS 0.00470
WEIGHTS W:
-4.843 
4.843 
-2.654 -2.825 
BIAS
3.6926 -0.6920 0.6920 
RMS 0.00470
WEIGHTS W:
-4.843 
4.843 
-2.655 -2.825 
BIAS
3.6929 -0.6920 0.6920 
RMS 0.00469
WEIGHTS W:
-4.844 
4.844 
-2.655 -2.825 
BIAS
3.6931 -0.6920 0.6920 
RMS 0.00469
WEIGHTS W:
-4.845 
4.844 
-2.656 -2.825 
BIAS
3.6934 -0.6920 0.6920 
RMS 0.00469
WEIGHTS W:
-4.845 
4.845 
-2.657 -2.825 
BIAS
3.6936 -0.6920 0.6920 
RMS 0.00468
WEIGHTS W:
-4.846 
4.845 
-2.657 -2.825 
BIAS
3.6939 -0.6920 0.6920 
RMS 0.00468
WEIGHTS W:
-4.846 
4.846 
-2.658 -2.825 
BIAS
3.6942 -0.6920 0.6920 
RMS 0.00467
WEIGHTS W:
-4.847 
4.847 
-2.658 -2.825 
BIAS
3.6944 -0.6920 0.6920 
RMS 0.00467
WEIGHTS W:
-4.847 
4.847 
-2.659 -2.825 
BIAS
3.6947 -0.6920 0.6920 
RMS 0.00466
WEIGHTS W:
-4.848 
4.848 
-2.660 -2.825 
BIAS
3.6949 -0.6920 0.6920 
RMS 0.00466
WEIGHTS W:
-4.849 
4.848 
-2.660 -2.825 
BIAS
3.6952 -0.6920 0.6920 
RMS 0.00466
WEIGHTS W:
-4.849 
4.849 
-2.661 -2.824 
BIAS
3.6954 -0.6921 0.6920 
RMS 0.00465
WEIGHTS W:
-4.850 
4.849 
-2.661 -2.824 
BIAS
3.6957 -0.6921 0.6920 
RMS 0.00465
WEIGHTS W:
-4.850 
4.850 
-2.662 -2.824 
BIAS
3.6959 -0.6921 0.6920 
RMS 0.00464
WEIGHTS W:
-4.851 
4.850 
-2.662 -2.824 
BIAS
3.6962 -0.6921 0.6920 
RMS 0.00464
WEIGHTS W:
-4.851 
4.851 
-2.663 -2.824 
BIAS
3.6964 -0.6921 0.6920 
RMS 0.00464
WEIGHTS W:
-4.852 
4.851 
-2.664 -2.824 
BIAS
3.6967 -0.6921 0.6920 
RMS 0.00463
WEIGHTS W:
-4.852 
4.852 
-2.664 -2.824 
BIAS
3.6969 -0.6921 0.6921 
RMS 0.00463
WEIGHTS W:
-4.853 
4.853 
-2.665 -2.824 
BIAS
3.6971 -0.6921 0.6921 
RMS 0.00463
WEIGHTS W:
-4.853 
4.853 
-2.665 -2.824 
BIAS
3.6974 -0.6921 0.6921 
RMS 0.00462
WEIGHTS W:
-4.854 
4.854 
-2.666 -2.824 
BIAS
3.6976 -0.6921 0.6921 
RMS 0.00462
WEIGHTS W:
-4.854 
4.854 
-2.666 -2.824 
BIAS
3.6978 -0.6921 0.6921 
RMS 0.00461
WEIGHTS W:
-4.855 
4.855 
-2.667 -2.824 
BIAS
3.6981 -0.6921 0.6921 
RMS 0.00461
WEIGHTS W:
-4.855 
4.855 
-2.667 -2.824 
BIAS
3.6983 -0.6921 0.6921 
RMS 0.00461
WEIGHTS W:
-4.856 
4.856 
-2.668 -2.824 
BIAS
3.6985 -0.6921 0.6921 
RMS 0.00460
WEIGHTS W:
-4.856 
4.856 
-2.668 -2.824 
BIAS
3.6988 -0.6921 0.6921 
RMS 0.00460
WEIGHTS W:
-4.857 
4.857 
-2.669 -2.824 
BIAS
3.6990 -0.6921 0.6921 
RMS 0.00460
WEIGHTS W:
-4.857 
4.857 
-2.669 -2.824 
BIAS
3.6992 -0.6921 0.6921 
RMS 0.00459
WEIGHTS W:
-4.858 
4.858 
-2.670 -2.824 
BIAS
3.6995 -0.6921 0.6921 
RMS 0.00459
WEIGHTS W:
-4.858 
4.858 
-2.671 -2.824 
BIAS
3.6997 -0.6921 0.6921 
RMS 0.00459
WEIGHTS W:
-4.859 
4.859 
-2.671 -2.824 
BIAS
3.6999 -0.6921 0.6921 
RMS 0.00458
WEIGHTS W:
-4.859 
4.859 
-2.672 -2.824 
BIAS
3.7001 -0.6921 0.6921 
RMS 0.00458
WEIGHTS W:
-4.860 
4.860 
-2.672 -2.824 
BIAS
3.7004 -0.6921 0.6921 
RMS 0.00458
WEIGHTS W:
-4.860 
4.860 
-2.673 -2.824 
BIAS
3.7006 -0.6921 0.6921 
RMS 0.00457
WEIGHTS W:
-4.861 
4.861 
-2.673 -2.824 
BIAS
3.7008 -0.6921 0.6921 
RMS 0.00457
WEIGHTS W:
-4.861 
4.861 
-2.674 -2.824 
BIAS
3.7010 -0.6921 0.6921 
RMS 0.00457
WEIGHTS W:
-4.862 
4.861 
-2.674 -2.824 
BIAS
3.7012 -0.6921 0.6921 
RMS 0.00457
WEIGHTS W:
-4.862 
4.862 
-2.675 -2.824 
BIAS
3.7014 -0.6921 0.6921 
RMS 0.00456
WEIGHTS W:
-4.863 
4.862 
-2.675 -2.824 
BIAS
3.7017 -0.6921 0.6921 
RMS 0.00456
WEIGHTS W:
-4.863 
4.863 
-2.676 -2.824 
BIAS
3.7019 -0.6921 0.6921 
RMS 0.00456
WEIGHTS W:
-4.864 
4.863 
-2.676 -2.823 
BIAS
3.7021 -0.6921 0.6921 
RMS 0.00455
WEIGHTS W:
-4.864 
4.864 
-2.676 -2.823 
BIAS
3.7023 -0.6921 0.6921 
RMS 0.00455
WEIGHTS W:
-4.864 
4.864 
-2.677 -2.823 
BIAS
3.7025 -0.6921 0.6921 
RMS 0.00455
WEIGHTS W:
-4.865 
4.865 
-2.677 -2.823 
BIAS
3.7027 -0.6921 0.6921 
RMS 0.00454
WEIGHTS W:
-4.865 
4.865 
-2.678 -2.823 
BIAS
3.7029 -0.6921 0.6921 
RMS 0.00454
WEIGHTS W:
-4.866 
4.866 
-2.678 -2.823 
BIAS
3.7031 -0.6921 0.6921 
RMS 0.00454
WEIGHTS W:
-4.866 
4.866 
-2.679 -2.823 
BIAS
3.7033 -0.6921 0.6921 
RMS 0.00454
WEIGHTS W:
-4.867 
4.866 
-2.679 -2.823 
BIAS
3.7035 -0.6921 0.6921 
RMS 0.00453
WEIGHTS W:
-4.867 
4.867 
-2.680 -2.823 
BIAS
3.7037 -0.6921 0.6921 
RMS 0.00453
WEIGHTS W:
-4.868 
4.867 
-2.680 -2.823 
BIAS
3.7039 -0.6921 0.6921 
RMS 0.00453
WEIGHTS W:
-4.868 
4.868 
-2.681 -2.823 
BIAS
3.7041 -0.6921 0.6921 
RMS 0.00453
WEIGHTS W:
-4.868 
4.868 
-2.681 -2.823 
BIAS
3.7043 -0.6921 0.6921 
RMS 0.00452
WEIGHTS W:
-4.869 
4.869 
-2.682 -2.823 
BIAS
3.7045 -0.6921 0.6921 
RMS 0.00452
WEIGHTS W:
-4.869 
4.869 
-2.682 -2.823 
BIAS
3.7047 -0.6921 0.6921 
RMS 0.00452
WEIGHTS W:
-4.870 
4.869 
-2.682 -2.823 
BIAS
3.7049 -0.6921 0.6921 
RMS 0.00452
WEIGHTS W:
-4.870 
4.870 
-2.683 -2.823 
BIAS
3.7051 -0.6921 0.6921 
RMS 0.00451
WEIGHTS W:
-4.871 
4.870 
-2.683 -2.823 
BIAS
3.7053 -0.6921 0.6921 
RMS 0.00451
WEIGHTS W:
-4.871 
4.871 
-2.684 -2.823 
BIAS
3.7055 -0.6921 0.6921 
RMS 0.00451
WEIGHTS W:
-4.871 
4.871 
-2.684 -2.823 
BIAS
3.7057 -0.6921 0.6921 
RMS 0.00451
WEIGHTS W:
-4.872 
4.872 
-2.685 -2.823 
BIAS
3.7059 -0.6922 0.6921 
RMS 0.00450
WEIGHTS W:
-4.872 
4.872 
-2.685 -2.823 
BIAS
3.7061 -0.6922 0.6921 
RMS 0.00450
WEIGHTS W:
-4.873 
4.872 
-2.686 -2.823 
BIAS
3.7063 -0.6922 0.6921 
RMS 0.00450
WEIGHTS W:
-4.873 
4.873 
-2.686 -2.823 
BIAS
3.7065 -0.6922 0.6921 
RMS 0.00450
WEIGHTS W:
-4.873 
4.873 
-2.686 -2.823 
BIAS
3.7067 -0.6922 0.6921 
RMS 0.00449
WEIGHTS W:
-4.874 
4.874 
-2.687 -2.823 
BIAS
3.7068 -0.6922 0.6922 
RMS 0.00449
WEIGHTS W:
-4.874 
4.874 
-2.687 -2.823 
BIAS
3.7070 -0.6922 0.6922 
RMS 0.00449
WEIGHTS W:
-4.875 
4.874 
-2.688 -2.823 
BIAS
3.7072 -0.6922 0.6922 
RMS 0.00449
WEIGHTS W:
-4.875 
4.875 
-2.688 -2.823 
BIAS
3.7074 -0.6922 0.6922 
RMS 0.00449
WEIGHTS W:
-4.875 
4.875 
-2.688 -2.823 
BIAS
3.7076 -0.6922 0.6922 
RMS 0.00448
WEIGHTS W:
-4.876 
4.876 
-2.689 -2.823 
BIAS
3.7078 -0.6922 0.6922 
RMS 0.00448
WEIGHTS W:
-4.876 
4.876 
-2.689 -2.823 
BIAS
3.7079 -0.6922 0.6922 
RMS 0.00448
WEIGHTS W:
-4.877 
4.876 
-2.690 -2.823 
BIAS
3.7081 -0.6922 0.6922 
RMS 0.00448
WEIGHTS W:
-4.877 
4.877 
-2.690 -2.823 
BIAS
3.7083 -0.6922 0.6922 
RMS 0.00447
WEIGHTS W:
-4.877 
4.877 
-2.690 -2.823 
BIAS
3.7085 -0.6922 0.6922 
RMS 0.00447
WEIGHTS W:
-4.878 
4.877 
-2.691 -2.823 
BIAS
3.7087 -0.6922 0.6922 
RMS 0.00447
WEIGHTS W:
-4.878 
4.878 
-2.691 -2.823 
BIAS
3.7088 -0.6922 0.6922 
RMS 0.00447
WEIGHTS W:
-4.878 
4.878 
-2.692 -2.822 
BIAS
3.7090 -0.6922 0.6922 
RMS 0.00447
WEIGHTS W:
-4.879 
4.879 
-2.692 -2.822 
BIAS
3.7092 -0.6922 0.6922 
RMS 0.00446
WEIGHTS W:
-4.879 
4.879 
-2.692 -2.822 
BIAS
3.7094 -0.6922 0.6922 
RMS 0.00446
WEIGHTS W:
-4.880 
4.879 
-2.693 -2.822 
BIAS
3.7095 -0.6922 0.6922 
RMS 0.00446
WEIGHTS W:
-4.880 
4.880 
-2.693 -2.822 
BIAS
3.7097 -0.6922 0.6922 
RMS 0.00446
WEIGHTS W:
-4.880 
4.880 
-2.694 -2.822 
BIAS
3.7099 -0.6922 0.6922 
RMS 0.00446
WEIGHTS W:
-4.881 
4.880 
-2.694 -2.822 
BIAS
3.7100 -0.6922 0.6922 
RMS 0.00445
WEIGHTS W:
-4.881 
4.881 
-2.694 -2.822 
BIAS
3.7102 -0.6922 0.6922 
RMS 0.00445
WEIGHTS W:
-4.881 
4.881 
-2.695 -2.822 
BIAS
3.7104 -0.6922 0.6922 
RMS 0.00445
WEIGHTS W:
-4.882 
4.882 
-2.695 -2.822 
BIAS
3.7106 -0.6922 0.6922 
RMS 0.00445
WEIGHTS W:
-4.882 
4.882 
-2.695 -2.822 
BIAS
3.7107 -0.6922 0.6922 
RMS 0.00445
WEIGHTS W:
-4.882 
4.882 
-2.696 -2.822 
BIAS
3.7109 -0.6922 0.6922 
RMS 0.00445
WEIGHTS W:
-4.883 
4.883 
-2.696 -2.822 
BIAS
3.7110 -0.6922 0.6922 
RMS 0.00444
WEIGHTS W:
-4.883 
4.883 
-2.696 -2.822 
BIAS
3.7112 -0.6922 0.6922 
RMS 0.00444
WEIGHTS W:
-4.883 
4.883 
-2.697 -2.822 
BIAS
3.7114 -0.6922 0.6922 
RMS 0.00444
WEIGHTS W:
-4.884 
4.884 
-2.697 -2.822 
BIAS
3.7115 -0.6922 0.6922 
RMS 0.00444
WEIGHTS W:
-4.884 
4.884 
-2.698 -2.822 
BIAS
3.7117 -0.6922 0.6922 
RMS 0.00444
WEIGHTS W:
-4.885 
4.884 
-2.698 -2.822 
BIAS
3.7119 -0.6922 0.6922 
RMS 0.00443
WEIGHTS W:
-4.885 
4.885 
-2.698 -2.822 
BIAS
3.7120 -0.6922 0.6922 
RMS 0.00443
WEIGHTS W:
-4.885 
4.885 
-2.699 -2.822 
BIAS
3.7122 -0.6922 0.6922 
RMS 0.00443
WEIGHTS W:
-4.886 
4.885 
-2.699 -2.822 
BIAS
3.7123 -0.6922 0.6922 
RMS 0.00443
WEIGHTS W:
-4.886 
4.886 
-2.699 -2.822 
BIAS
3.7125 -0.6922 0.6922 
RMS 0.00443
WEIGHTS W:
-4.886 
4.886 
-2.700 -2.822 
BIAS
3.7127 -0.6922 0.6922 
RMS 0.00443
WEIGHTS W:
-4.887 
4.886 
-2.700 -2.822 
BIAS
3.7128 -0.6922 0.6922 
RMS 0.00442
WEIGHTS W:
-4.887 
4.887 
-2.700 -2.822 
BIAS
3.7130 -0.6922 0.6922 
RMS 0.00442
WEIGHTS W:
-4.887 
4.887 
-2.701 -2.822 
BIAS
3.7131 -0.6922 0.6922 
RMS 0.00442
WEIGHTS W:
-4.887 
4.887 
-2.701 -2.822 
BIAS
3.7133 -0.6922 0.6922 
RMS 0.00442
WEIGHTS W:
-4.888 
4.888 
-2.701 -2.822 
BIAS
3.7134 -0.6922 0.6922 
RMS 0.00442
WEIGHTS W:
-4.888 
4.888 
-2.702 -2.822 
BIAS
3.7136 -0.6922 0.6922 
RMS 0.00442
WEIGHTS W:
-4.888 
4.888 
-2.702 -2.822 
BIAS
3.7137 -0.6922 0.6922 
RMS 0.00442
WEIGHTS W:
-4.889 
4.889 
-2.702 -2.822 
BIAS
3.7139 -0.6922 0.6922 
RMS 0.00441
WEIGHTS W:
-4.889 
4.889 
-2.703 -2.822 
BIAS
3.7140 -0.6922 0.6922 
RMS 0.00441
WEIGHTS W:
-4.889 
4.889 
-2.703 -2.822 
BIAS
3.7142 -0.6922 0.6922 
RMS 0.00441
WEIGHTS W:
-4.890 
4.890 
-2.703 -2.822 
BIAS
3.7143 -0.6922 0.6922 
RMS 0.00441
WEIGHTS W:
-4.890 
4.890 
-2.704 -2.822 
BIAS
3.7145 -0.6922 0.6922 
RMS 0.00441
WEIGHTS W:
-4.890 
4.890 
-2.704 -2.822 
BIAS
3.7146 -0.6922 0.6922 
RMS 0.00441
WEIGHTS W:
-4.891 
4.890 
-2.704 -2.822 
BIAS
3.7148 -0.6922 0.6922 
RMS 0.00441
WEIGHTS W:
-4.891 
4.891 
-2.705 -2.822 
BIAS
3.7149 -0.6922 0.6922 
RMS 0.00440
WEIGHTS W:
-4.891 
4.891 
-2.705 -2.822 
BIAS
3.7151 -0.6922 0.6922 
RMS 0.00440
WEIGHTS W:
-4.892 
4.891 
-2.705 -2.822 
BIAS
3.7152 -0.6922 0.6922 
RMS 0.00440
WEIGHTS W:
-4.892 
4.892 
-2.705 -2.822 
BIAS
3.7154 -0.6922 0.6922 
RMS 0.00440
WEIGHTS W:
-4.892 
4.892 
-2.706 -2.822 
BIAS
3.7155 -0.6922 0.6922 
RMS 0.00440
WEIGHTS W:
-4.892 
4.892 
-2.706 -2.822 
BIAS
3.7156 -0.6922 0.6922 
RMS 0.00440
WEIGHTS W:
-4.893 
4.893 
-2.706 -2.822 
BIAS
3.7158 -0.6922 0.6922 
RMS 0.00440
WEIGHTS W:
-4.893 
4.893 
-2.707 -2.822 
BIAS
3.7159 -0.6922 0.6922 
RMS 0.00439
WEIGHTS W:
-4.893 
4.893 
-2.707 -2.822 
BIAS
3.7161 -0.6922 0.6922 
RMS 0.00439
WEIGHTS W:
-4.894 
4.893 
-2.707 -2.822 
BIAS
3.7162 -0.6922 0.6922 
RMS 0.00439
WEIGHTS W:
-4.894 
4.894 
-2.708 -2.822 
BIAS
3.7163 -0.6922 0.6922 
RMS 0.00439
WEIGHTS W:
-4.894 
4.894 
-2.708 -2.822 
BIAS
3.7165 -0.6922 0.6922 
RMS 0.00439
WEIGHTS W:
-4.895 
4.894 
-2.708 -2.822 
BIAS
3.7166 -0.6922 0.6922 
RMS 0.00439
WEIGHTS W:
-4.895 
4.895 
-2.708 -2.822 
BIAS
3.7168 -0.6922 0.6922 
RMS 0.00439
WEIGHTS W:
-4.895 
4.895 
-2.709 -2.822 
BIAS
3.7169 -0.6922 0.6922 
RMS 0.00439
WEIGHTS W:
-4.895 
4.895 
-2.709 -2.822 
BIAS
3.7170 -0.6922 0.6922 
RMS 0.00438
WEIGHTS W:
-4.896 
4.895 
-2.709 -2.822 
BIAS
3.7172 -0.6922 0.6922 
RMS 0.00438
WEIGHTS W:
-4.896 
4.896 
-2.710 -2.822 
BIAS
3.7173 -0.6922 0.6922 
RMS 0.00438
WEIGHTS W:
-4.896 
4.896 
-2.710 -2.822 
BIAS
3.7174 -0.6922 0.6922 
RMS 0.00438
WEIGHTS W:
-4.897 
4.896 
-2.710 -2.822 
BIAS
3.7176 -0.6923 0.6922 
RMS 0.00438
WEIGHTS W:
-4.897 
4.897 
-2.710 -2.822 
BIAS
3.7177 -0.6923 0.6922 
RMS 0.00438
WEIGHTS W:
-4.897 
4.897 
-2.711 -2.821 
BIAS
3.7178 -0.6923 0.6923 
RMS 0.00438
WEIGHTS W:
-4.897 
4.897 
-2.711 -2.821 
BIAS
3.7180 -0.6923 0.6923 
RMS 0.00438
WEIGHTS W:
-4.898 
4.897 
-2.711 -2.821 
BIAS
3.7181 -0.6923 0.6923 
RMS 0.00437
WEIGHTS W:
-4.898 
4.898 
-2.712 -2.821 
BIAS
3.7182 -0.6923 0.6923 
RMS 0.00437
WEIGHTS W:
-4.898 
4.898 
-2.712 -2.821 
BIAS
3.7183 -0.6923 0.6923 
RMS 0.00437
WEIGHTS W:
-4.898 
4.898 
-2.712 -2.821 
BIAS
3.7185 -0.6923 0.6923 
RMS 0.00437
WEIGHTS W:
-4.899 
4.898 
-2.712 -2.821 
BIAS
3.7186 -0.6923 0.6923 
RMS 0.00437
WEIGHTS W:
-4.899 
4.899 
-2.713 -2.821 
BIAS
3.7187 -0.6923 0.6923 
RMS 0.00437
WEIGHTS W:
-4.899 
4.899 
-2.713 -2.821 
BIAS
3.7189 -0.6923 0.6923 
RMS 0.00437
WEIGHTS W:
-4.899 
4.899 
-2.713 -2.821 
BIAS
3.7190 -0.6923 0.6923 
RMS 0.00437
WEIGHTS W:
-4.900 
4.900 
-2.713 -2.821 
BIAS
3.7191 -0.6923 0.6923 
RMS 0.00437
WEIGHTS W:
-4.900 
4.900 
-2.714 -2.821 
BIAS
3.7192 -0.6923 0.6923 
RMS 0.00437
WEIGHTS W:
-4.900 
4.900 
-2.714 -2.821 
BIAS
3.7194 -0.6923 0.6923 
RMS 0.00436
WEIGHTS W:
-4.901 
4.900 
-2.714 -2.821 
BIAS
3.7195 -0.6923 0.6923 
RMS 0.00436
WEIGHTS W:
-4.901 
4.901 
-2.714 -2.821 
BIAS
3.7196 -0.6923 0.6923 
RMS 0.00436
WEIGHTS W:
-4.901 
4.901 
-2.715 -2.821 
BIAS
3.7197 -0.6923 0.6923 
RMS 0.00436
WEIGHTS W:
-4.901 
4.901 
-2.715 -2.821 
BIAS
3.7199 -0.6923 0.6923 
RMS 0.00436
WEIGHTS W:
-4.902 
4.901 
-2.715 -2.821 
BIAS
3.7200 -0.6923 0.6923 
RMS 0.00436
WEIGHTS W:
-4.902 
4.902 
-2.715 -2.821 
BIAS
3.7201 -0.6923 0.6923 
RMS 0.00436
WEIGHTS W:
-4.902 
4.902 
-2.716 -2.821 
BIAS
3.7202 -0.6923 0.6923 
RMS 0.00436
WEIGHTS W:
-4.902 
4.902 
-2.716 -2.821 
BIAS
3.7203 -0.6923 0.6923 
RMS 0.00436
WEIGHTS W:
-4.903 
4.902 
-2.716 -2.821 
BIAS
3.7205 -0.6923 0.6923 
RMS 0.00436
WEIGHTS W:
-4.903 
4.903 
-2.716 -2.821 
BIAS
3.7206 -0.6923 0.6923 
RMS 0.00435
WEIGHTS W:
-4.903 
4.903 
-2.717 -2.821 
BIAS
3.7207 -0.6923 0.6923 
RMS 0.00435
WEIGHTS W:
-4.903 
4.903 
-2.717 -2.821 
BIAS
3.7208 -0.6923 0.6923 
RMS 0.00435
WEIGHTS W:
-4.903 
4.903 
-2.717 -2.821 
BIAS
3.7209 -0.6923 0.6923 
RMS 0.00435
WEIGHTS W:
-4.904 
4.904 
-2.717 -2.821 
BIAS
3.7210 -0.6923 0.6923 
RMS 0.00435
WEIGHTS W:
-4.904 
4.904 
-2.718 -2.821 
BIAS
3.7212 -0.6923 0.6923 
RMS 0.00435
WEIGHTS W:
-4.904 
4.904 
-2.718 -2.821 
BIAS
3.7213 -0.6923 0.6923 
RMS 0.00435
WEIGHTS W:
-4.904 
4.904 
-2.718 -2.821 
BIAS
3.7214 -0.6923 0.6923 
RMS 0.00435
WEIGHTS W:
-4.905 
4.905 
-2.718 -2.821 
BIAS
3.7215 -0.6923 0.6923 
RMS 0.00435
WEIGHTS W:
-4.905 
4.905 
-2.719 -2.821 
BIAS
3.7216 -0.6923 0.6923 
RMS 0.00435
WEIGHTS W:
-4.905 
4.905 
-2.719 -2.821 
BIAS
3.7217 -0.6923 0.6923 
RMS 0.00435
WEIGHTS W:
-4.905 
4.905 
-2.719 -2.821 
BIAS
3.7218 -0.6923 0.6923 
RMS 0.00434
WEIGHTS W:
-4.906 
4.905 
-2.719 -2.821 
BIAS
3.7220 -0.6923 0.6923 
RMS 0.00434
WEIGHTS W:
-4.906 
4.906 
-2.720 -2.821 
BIAS
3.7221 -0.6923 0.6923 
RMS 0.00434
WEIGHTS W:
-4.906 
4.906 
-2.720 -2.821 
BIAS
3.7222 -0.6923 0.6923 
RMS 0.00434
WEIGHTS W:
-4.906 
4.906 
-2.720 -2.821 
BIAS
3.7223 -0.6923 0.6923 
RMS 0.00434
WEIGHTS W:
-4.907 
4.906 
-2.720 -2.821 
BIAS
3.7224 -0.6923 0.6923 
RMS 0.00434
WEIGHTS W:
-4.907 
4.907 
-2.720 -2.821 
BIAS
3.7225 -0.6923 0.6923 
RMS 0.00434
WEIGHTS W:
-4.907 
4.907 
-2.721 -2.821 
BIAS
3.7226 -0.6923 0.6923 
RMS 0.00434
WEIGHTS W:
-4.907 
4.907 
-2.721 -2.821 
BIAS
3.7227 -0.6923 0.6923 
RMS 0.00434
WEIGHTS W:
-4.907 
4.907 
-2.721 -2.821 
BIAS
3.7228 -0.6923 0.6923 
RMS 0.00434
WEIGHTS W:
-4.908 
4.907 
-2.721 -2.821 
BIAS
3.7229 -0.6923 0.6923 
RMS 0.00434
WEIGHTS W:
-4.908 
4.908 
-2.722 -2.821 
BIAS
3.7231 -0.6923 0.6923 
RMS 0.00434
WEIGHTS W:
-4.908 
4.908 
-2.722 -2.821 
BIAS
3.7232 -0.6923 0.6923 
RMS 0.00433
WEIGHTS W:
-4.908 
4.908 
-2.722 -2.821 
BIAS
3.7233 -0.6923 0.6923 
RMS 0.00433
WEIGHTS W:
-4.909 
4.908 
-2.722 -2.821 
BIAS
3.7234 -0.6923 0.6923 
RMS 0.00433
WEIGHTS W:
-4.909 
4.909 
-2.722 -2.821 
BIAS
3.7235 -0.6923 0.6923 
RMS 0.00433
WEIGHTS W:
-4.909 
4.909 
-2.723 -2.821 
BIAS
3.7236 -0.6923 0.6923 
RMS 0.00433
WEIGHTS W:
-4.909 
4.909 
-2.723 -2.821 
BIAS
3.7237 -0.6923 0.6923 
RMS 0.00433
WEIGHTS W:
-4.909 
4.909 
-2.723 -2.821 
BIAS
3.7238 -0.6923 0.6923 
RMS 0.00433
WEIGHTS W:
-4.910 
4.909 
-2.723 -2.821 
BIAS
3.7239 -0.6923 0.6923 
RMS 0.00433
WEIGHTS W:
-4.910 
4.910 
-2.723 -2.821 
BIAS
3.7240 -0.6923 0.6923 
RMS 0.00433
WEIGHTS W:
-4.910 
4.910 
-2.724 -2.821 
BIAS
3.7241 -0.6923 0.6923 
RMS 0.00433
WEIGHTS W:
-4.910 
4.910 
-2.724 -2.821 
BIAS
3.7242 -0.6923 0.6923 
RMS 0.00433
WEIGHTS W:
-4.910 
4.910 
-2.724 -2.821 
BIAS
3.7243 -0.6923 0.6923 
RMS 0.00433
WEIGHTS W:
-4.911 
4.910 
-2.724 -2.821 
BIAS
3.7244 -0.6923 0.6923 
RMS 0.00433
WEIGHTS W:
-4.911 
4.911 
-2.725 -2.821 
BIAS
3.7245 -0.6923 0.6923 
RMS 0.00432
WEIGHTS W:
-4.911 
4.911 
-2.725 -2.821 
BIAS
3.7246 -0.6923 0.6923 
RMS 0.00432
WEIGHTS W:
-4.911 
4.911 
-2.725 -2.821 
BIAS
3.7247 -0.6923 0.6923 
RMS 0.00432
WEIGHTS W:
-4.911 
4.911 
-2.725 -2.821 
BIAS
3.7248 -0.6923 0.6923 
RMS 0.00432
WEIGHTS W:
-4.912 
4.911 
-2.725 -2.821 
BIAS
3.7249 -0.6923 0.6923 
RMS 0.00432
WEIGHTS W:
-4.912 
4.912 
-2.726 -2.821 
BIAS
3.7250 -0.6923 0.6923 
RMS 0.00432
WEIGHTS W:
-4.912 
4.912 
-2.726 -2.821 
BIAS
3.7251 -0.6923 0.6923 
RMS 0.00432
WEIGHTS W:
-4.912 
4.912 
-2.726 -2.821 
BIAS
3.7252 -0.6923 0.6923 
RMS 0.00432
WEIGHTS W:
-4.912 
4.912 
-2.726 -2.821 
BIAS
3.7253 -0.6923 0.6923 
RMS 0.00432
WEIGHTS W:
-4.913 
4.912 
-2.726 -2.821 
BIAS
3.7254 -0.6923 0.6923 
RMS 0.00432
WEIGHTS W:
-4.913 
4.913 
-2.727 -2.821 
BIAS
3.7255 -0.6923 0.6923 
RMS 0.00432
WEIGHTS W:
-4.913 
4.913 
-2.727 -2.821 
BIAS
3.7256 -0.6923 0.6923 
RMS 0.00432
WEIGHTS W:
-4.913 
4.913 
-2.727 -2.821 
BIAS
3.7257 -0.6923 0.6923 
RMS 0.00432
WEIGHTS W:
-4.913 
4.913 
-2.727 -2.821 
BIAS
3.7258 -0.6923 0.6923 
RMS 0.00432
WEIGHTS W:
-4.914 
4.913 
-2.727 -2.821 
BIAS
3.7259 -0.6923 0.6923 
RMS 0.00432
WEIGHTS W:
-4.914 
4.914 
-2.727 -2.821 
BIAS
3.7260 -0.6923 0.6923 
RMS 0.00432
WEIGHTS W:
-4.914 
4.914 
-2.728 -2.821 
BIAS
3.7261 -0.6923 0.6923 
RMS 0.00431
WEIGHTS W:
-4.914 
4.914 
-2.728 -2.821 
BIAS
3.7262 -0.6923 0.6923 
RMS 0.00431
WEIGHTS W:
-4.914 
4.914 
-2.728 -2.821 
BIAS
3.7263 -0.6923 0.6923 
RMS 0.00431
WEIGHTS W:
-4.915 
4.914 
-2.728 -2.821 
BIAS
3.7263 -0.6923 0.6923 
RMS 0.00431
WEIGHTS W:
-4.915 
4.915 
-2.728 -2.821 
BIAS
3.7264 -0.6923 0.6923 
RMS 0.00431
WEIGHTS W:
-4.915 
4.915 
-2.729 -2.821 
BIAS
3.7265 -0.6923 0.6923 
RMS 0.00431
WEIGHTS W:
-4.915 
4.915 
-2.729 -2.821 
BIAS
3.7266 -0.6923 0.6923 
RMS 0.00431
WEIGHTS W:
-4.915 
4.915 
-2.729 -2.821 
BIAS
3.7267 -0.6923 0.6923 
RMS 0.00431
WEIGHTS W:
-4.915 
4.915 
-2.729 -2.821 
BIAS
3.7268 -0.6923 0.6923 
RMS 0.00431
WEIGHTS W:
-4.916 
4.916 
-2.729 -2.821 
BIAS
3.7269 -0.6923 0.6923 
RMS 0.00431
WEIGHTS W:
-4.916 
4.916 
-2.729 -2.821 
BIAS
3.7270 -0.6923 0.6923 
RMS 0.00431
WEIGHTS W:
-4.916 
4.916 
-2.730 -2.821 
BIAS
3.7271 -0.6923 0.6923 
RMS 0.00431
WEIGHTS W:
-4.916 
4.916 
-2.730 -2.821 
BIAS
3.7272 -0.6923 0.6923 
RMS 0.00431
WEIGHTS W:
-4.916 
4.916 
-2.730 -2.821 
BIAS
3.7273 -0.6923 0.6923 
RMS 0.00431
WEIGHTS W:
-4.917 
4.916 
-2.730 -2.821 
BIAS
3.7273 -0.6923 0.6923 
RMS 0.00431
WEIGHTS W:
-4.917 
4.917 
-2.730 -2.821 
BIAS
3.7274 -0.6923 0.6923 
RMS 0.00431
WEIGHTS W:
-4.917 
4.917 
-2.731 -2.821 
BIAS
3.7275 -0.6923 0.6923 
RMS 0.00431
WEIGHTS W:
-4.917 
4.917 
-2.731 -2.821 
BIAS
3.7276 -0.6923 0.6923 
RMS 0.00430
WEIGHTS W:
-4.917 
4.917 
-2.731 -2.821 
BIAS
3.7277 -0.6923 0.6923 
RMS 0.00430
WEIGHTS W:
-4.917 
4.917 
-2.731 -2.821 
BIAS
3.7278 -0.6923 0.6923 
RMS 0.00430
WEIGHTS W:
-4.918 
4.917 
-2.731 -2.821 
BIAS
3.7279 -0.6923 0.6923 
RMS 0.00430
WEIGHTS W:
-4.918 
4.918 
-2.731 -2.821 
BIAS
3.7280 -0.6923 0.6923 
RMS 0.00430
WEIGHTS W:
-4.918 
4.918 
-2.732 -2.821 
BIAS
3.7280 -0.6923 0.6923 
RMS 0.00430
WEIGHTS W:
-4.918 
4.918 
-2.732 -2.821 
BIAS
3.7281 -0.6923 0.6923 
RMS 0.00430
WEIGHTS W:
-4.918 
4.918 
-2.732 -2.821 
BIAS
3.7282 -0.6923 0.6923 
RMS 0.00430
WEIGHTS W:
-4.918 
4.918 
-2.732 -2.821 
BIAS
3.7283 -0.6923 0.6923 
RMS 0.00430
WEIGHTS W:
-4.919 
4.918 
-2.732 -2.821 
BIAS
3.7284 -0.6923 0.6923 
RMS 0.00430
WEIGHTS W:
-4.919 
4.919 
-2.732 -2.821 
BIAS
3.7285 -0.6923 0.6923 
RMS 0.00430
WEIGHTS W:
-4.919 
4.919 
-2.733 -2.821 
BIAS
3.7285 -0.6923 0.6923 
RMS 0.00430
WEIGHTS W:
-4.919 
4.919 
-2.733 -2.821 
BIAS
3.7286 -0.6923 0.6923 
RMS 0.00430
WEIGHTS W:
-4.919 
4.919 
-2.733 -2.821 
BIAS
3.7287 -0.6923 0.6923 
RMS 0.00430
WEIGHTS W:
-4.919 
4.919 
-2.733 -2.821 
BIAS
3.7288 -0.6923 0.6923 
RMS 0.00430
WEIGHTS W:
-4.920 
4.919 
-2.733 -2.821 
BIAS
3.7289 -0.6923 0.6923 
RMS 0.00430
WEIGHTS W:
-4.920 
4.920 
-2.733 -2.821 
BIAS
3.7290 -0.6923 0.6923 
RMS 0.00430
WEIGHTS W:
-4.920 
4.920 
-2.733 -2.821 
BIAS
3.7290 -0.6923 0.6923 
RMS 0.00430
WEIGHTS W:
-4.920 
4.920 
-2.734 -2.821 
BIAS
3.7291 -0.6923 0.6923 
RMS 0.00430
WEIGHTS W:
-4.920 
4.920 
-2.734 -2.821 
BIAS
3.7292 -0.6923 0.6923 
RMS 0.00430
WEIGHTS W:
-4.920 
4.920 
-2.734 -2.821 
BIAS
3.7293 -0.6923 0.6923 
RMS 0.00430
WEIGHTS W:
-4.921 
4.920 
-2.734 -2.821 
BIAS
3.7294 -0.6923 0.6923 
RMS 0.00429
WEIGHTS W:
-4.921 
4.921 
-2.734 -2.821 
BIAS
3.7294 -0.6923 0.6923 
RMS 0.00429
WEIGHTS W:
-4.921 
4.921 
-2.734 -2.821 
BIAS
3.7295 -0.6923 0.6923 
RMS 0.00429
WEIGHTS W:
-4.921 
4.921 
-2.735 -2.821 
BIAS
3.7296 -0.6923 0.6923 
RMS 0.00429
WEIGHTS W:
-4.921 
4.921 
-2.735 -2.821 
BIAS
3.7297 -0.6923 0.6923 
RMS 0.00429
WEIGHTS W:
-4.921 
4.921 
-2.735 -2.821 
BIAS
3.7298 -0.6923 0.6923 
RMS 0.00429
WEIGHTS W:
-4.922 
4.921 
-2.735 -2.821 
BIAS
3.7298 -0.6923 0.6923 
RMS 0.00429
WEIGHTS W:
-4.922 
4.922 
-2.735 -2.821 
BIAS
3.7299 -0.6923 0.6923 
RMS 0.00429
WEIGHTS W:
-4.922 
4.922 
-2.735 -2.821 
BIAS
3.7300 -0.6923 0.6923 
RMS 0.00429
WEIGHTS W:
-4.922 
4.922 
-2.735 -2.821 
BIAS
3.7301 -0.6923 0.6923 
RMS 0.00429
WEIGHTS W:
-4.922 
4.922 
-2.736 -2.821 
BIAS
3.7301 -0.6923 0.6923 
RMS 0.00429
WEIGHTS W:
-4.922 
4.922 
-2.736 -2.821 
BIAS
3.7302 -0.6923 0.6923 
RMS 0.00429
WEIGHTS W:
-4.922 
4.922 
-2.736 -2.821 
BIAS
3.7303 -0.6923 0.6923 
RMS 0.00429
WEIGHTS W:
-4.923 
4.922 
-2.736 -2.821 
BIAS
3.7304 -0.6923 0.6923 
RMS 0.00429
WEIGHTS W:
-4.923 
4.923 
-2.736 -2.821 
BIAS
3.7304 -0.6923 0.6923 
RMS 0.00429
WEIGHTS W:
-4.923 
4.923 
-2.736 -2.821 
BIAS
3.7305 -0.6923 0.6923 
RMS 0.00429
WEIGHTS W:
-4.923 
4.923 
-2.736 -2.821 
BIAS
3.7306 -0.6923 0.6924 
RMS 0.00429
WEIGHTS W:
-4.923 
4.923 
-2.737 -2.821 
BIAS
3.7307 -0.6923 0.6924 
RMS 0.00429
WEIGHTS W:
-4.923 
4.923 
-2.737 -2.821 
BIAS
3.7307 -0.6923 0.6924 
RMS 0.00429
WEIGHTS W:
-4.923 
4.923 
-2.737 -2.821 
BIAS
3.7308 -0.6924 0.6924 
RMS 0.00429
WEIGHTS W:
-4.924 
4.923 
-2.737 -2.821 
BIAS
3.7309 -0.6924 0.6924 
RMS 0.00429
WEIGHTS W:
-4.924 
4.924 
-2.737 -2.821 
BIAS
3.7310 -0.6924 0.6924 
RMS 0.00429
WEIGHTS W:
-4.924 
4.924 
-2.737 -2.821 
BIAS
3.7310 -0.6924 0.6924 
RMS 0.00429
WEIGHTS W:
-4.924 
4.924 
-2.737 -2.821 
BIAS
3.7311 -0.6924 0.6924 
RMS 0.00429
WEIGHTS W:
-4.924 
4.924 
-2.738 -2.821 
BIAS
3.7312 -0.6924 0.6924 
RMS 0.00428
WEIGHTS W:
-4.924 
4.924 
-2.738 -2.821 
BIAS
3.7313 -0.6924 0.6924 
RMS 0.00428
WEIGHTS W:
-4.924 
4.924 
-2.738 -2.821 
BIAS
3.7313 -0.6924 0.6924 
RMS 0.00428
WEIGHTS W:
-4.925 
4.924 
-2.738 -2.821 
BIAS
3.7314 -0.6924 0.6924 
RMS 0.00428
WEIGHTS W:
-4.925 
4.925 
-2.738 -2.821 
BIAS
3.7315 -0.6924 0.6924 
RMS 0.00428
WEIGHTS W:
-4.925 
4.925 
-2.738 -2.821 
BIAS
3.7315 -0.6924 0.6924 
RMS 0.00428
WEIGHTS W:
-4.925 
4.925 
-2.738 -2.821 
BIAS
3.7316 -0.6924 0.6924 
RMS 0.00428
WEIGHTS W:
-4.925 
4.925 
-2.739 -2.821 
BIAS
3.7317 -0.6924 0.6924 
RMS 0.00428
WEIGHTS W:
-4.925 
4.925 
-2.739 -2.821 
BIAS
3.7318 -0.6924 0.6924 
RMS 0.00428
WEIGHTS W:
-4.925 
4.925 
-2.739 -2.821 
BIAS
3.7318 -0.6924 0.6924 
RMS 0.00428
WEIGHTS W:
-4.926 
4.925 
-2.739 -2.821 
BIAS
3.7319 -0.6924 0.6924 
RMS 0.00428
WEIGHTS W:
-4.926 
4.926 
-2.739 -2.821 
BIAS
3.7320 -0.6924 0.6924 
RMS 0.00428
WEIGHTS W:
-4.926 
4.926 
-2.739 -2.821 
BIAS
3.7320 -0.6924 0.6924 
RMS 0.00428
WEIGHTS W:
-4.926 
4.926 
-2.739 -2.821 
BIAS
3.7321 -0.6924 0.6924 
RMS 0.00428
WEIGHTS W:
-4.926 
4.926 
-2.739 -2.821 
BIAS
3.7322 -0.6924 0.6924 
RMS 0.00428
WEIGHTS W:
-4.926 
4.926 
-2.740 -2.821 
BIAS
3.7322 -0.6924 0.6924 
RMS 0.00428
WEIGHTS W:
-4.926 
4.926 
-2.740 -2.821 
BIAS
3.7323 -0.6924 0.6924 
RMS 0.00428
WEIGHTS W:
-4.926 
4.926 
-2.740 -2.821 
BIAS
3.7324 -0.6924 0.6924 
RMS 0.00428
WEIGHTS W:
-4.927 
4.926 
-2.740 -2.821 
BIAS
3.7324 -0.6924 0.6924 
RMS 0.00428
WEIGHTS W:
-4.927 
4.927 
-2.740 -2.821 
BIAS
3.7325 -0.6924 0.6924 
RMS 0.00428
WEIGHTS W:
-4.927 
4.927 
-2.740 -2.821 
BIAS
3.7326 -0.6924 0.6924 
RMS 0.00428
WEIGHTS W:
-4.927 
4.927 
-2.740 -2.821 
BIAS
3.7326 -0.6924 0.6924 
RMS 0.00428
WEIGHTS W:
-4.927 
4.927 
-2.740 -2.821 
BIAS
3.7327 -0.6924 0.6924 
RMS 0.00428
WEIGHTS W:
-4.927 
4.927 
-2.741 -2.821 
BIAS
3.7328 -0.6924 0.6924 
RMS 0.00428
WEIGHTS W:
-4.927 
4.927 
-2.741 -2.821 
BIAS
3.7328 -0.6924 0.6924 
RMS 0.00428
WEIGHTS W:
-4.927 
4.927 
-2.741 -2.821 
BIAS
3.7329 -0.6924 0.6924 
RMS 0.00428
WEIGHTS W:
-4.928 
4.928 
-2.741 -2.821 
BIAS
3.7330 -0.6924 0.6924 
RMS 0.00428
WEIGHTS W:
-4.928 
4.928 
-2.741 -2.821 
BIAS
3.7330 -0.6924 0.6924 
RMS 0.00428
WEIGHTS W:
-4.928 
4.928 
-2.741 -2.821 
BIAS
3.7331 -0.6924 0.6924 
RMS 0.00428
WEIGHTS W:
-4.928 
4.928 
-2.741 -2.821 
BIAS
3.7332 -0.6924 0.6924 
RMS 0.00427
WEIGHTS W:
-4.928 
4.928 
-2.741 -2.821 
BIAS
3.7332 -0.6924 0.6924 
RMS 0.00427
WEIGHTS W:
-4.928 
4.928 
-2.742 -2.821 
BIAS
3.7333 -0.6924 0.6924 
RMS 0.00427
WEIGHTS W:
-4.928 
4.928 
-2.742 -2.821 
BIAS
3.7334 -0.6924 0.6924 
RMS 0.00427
WEIGHTS W:
-4.928 
4.928 
-2.742 -2.821 
BIAS
3.7334 -0.6924 0.6924 
RMS 0.00427
WEIGHTS W:
-4.929 
4.928 
-2.742 -2.821 
BIAS
3.7335 -0.6924 0.6924 
RMS 0.00427
WEIGHTS W:
-4.929 
4.929 
-2.742 -2.821 
BIAS
3.7335 -0.6924 0.6924 
RMS 0.00427
WEIGHTS W:
-4.929 
4.929 
-2.742 -2.821 
BIAS
3.7336 -0.6924 0.6924 
RMS 0.00427
WEIGHTS W:
-4.929 
4.929 
-2.742 -2.821 
BIAS
3.7337 -0.6924 0.6924 
RMS 0.00427
WEIGHTS W:
-4.929 
4.929 
-2.742 -2.821 
BIAS
3.7337 -0.6924 0.6924 
RMS 0.00427
WEIGHTS W:
-4.929 
4.929 
-2.742 -2.821 
BIAS
3.7338 -0.6924 0.6924 
RMS 0.00427
WEIGHTS W:
-4.929 
4.929 
-2.743 -2.821 
BIAS
3.7338 -0.6924 0.6924 
RMS 0.00427
WEIGHTS W:
-4.929 
4.929 
-2.743 -2.821 
BIAS
3.7339 -0.6924 0.6924 
RMS 0.00427
WEIGHTS W:
-4.930 
4.929 
-2.743 -2.821 
BIAS
3.7340 -0.6924 0.6924 
RMS 0.00427
WEIGHTS W:
-4.930 
4.930 
-2.743 -2.821 
BIAS
3.7340 -0.6924 0.6924 
RMS 0.00427
WEIGHTS W:
-4.930 
4.930 
-2.743 -2.821 
BIAS
3.7341 -0.6924 0.6924 
RMS 0.00427
WEIGHTS W:
-4.930 
4.930 
-2.743 -2.821 
BIAS
3.7342 -0.6924 0.6924 
RMS 0.00427
WEIGHTS W:
-4.930 
4.930 
-2.743 -2.821 
BIAS
3.7342 -0.6924 0.6924 
RMS 0.00427
WEIGHTS W:
-4.930 
4.930 
-2.743 -2.821 
BIAS
3.7343 -0.6924 0.6924 
RMS 0.00427
WEIGHTS W:
-4.930 
4.930 
-2.743 -2.821 
BIAS
3.7343 -0.6924 0.6924 
RMS 0.00427
WEIGHTS W:
-4.930 
4.930 
-2.744 -2.821 
BIAS
3.7344 -0.6924 0.6924 
RMS 0.00427
WEIGHTS W:
-4.930 
4.930 
-2.744 -2.821 
BIAS
3.7345 -0.6924 0.6924 
RMS 0.00427
WEIGHTS W:
-4.931 
4.930 
-2.744 -2.821 
BIAS
3.7345 -0.6924 0.6924 
RMS 0.00427
WEIGHTS W:
-4.931 
4.931 
-2.744 -2.821 
BIAS
3.7346 -0.6924 0.6924 
RMS 0.00427
WEIGHTS W:
-4.931 
4.931 
-2.744 -2.821 
BIAS
3.7346 -0.6924 0.6924 
RMS 0.00427
WEIGHTS W:
-4.931 
4.931 
-2.744 -2.821 
BIAS
3.7347 -0.6924 0.6924 
RMS 0.00427
WEIGHTS W:
-4.931 
4.931 
-2.744 -2.821 
BIAS
3.7347 -0.6924 0.6924 
RMS 0.00427
WEIGHTS W:
-4.931 
4.931 
-2.744 -2.821 
BIAS
3.7348 -0.6924 0.6924 
RMS 0.00427
WEIGHTS W:
-4.931 
4.931 
-2.744 -2.821 
BIAS
3.7349 -0.6924 0.6924 
RMS 0.00427
WEIGHTS W:
-4.931 
4.931 
-2.745 -2.821 
BIAS
3.7349 -0.6924 0.6924 
RMS 0.00427
WEIGHTS W:
-4.931 
4.931 
-2.745 -2.821 
BIAS
3.7350 -0.6924 0.6924 
RMS 0.00427
WEIGHTS W:
-4.932 
4.931 
-2.745 -2.821 
BIAS
3.7350 -0.6924 0.6924 
RMS 0.00427
WEIGHTS W:
-4.932 
4.932 
-2.745 -2.821 
BIAS
3.7351 -0.6924 0.6924 
RMS 0.00427
WEIGHTS W:
-4.932 
4.932 
-2.745 -2.821 
BIAS
3.7351 -0.6924 0.6924 
RMS 0.00427
WEIGHTS W:
-4.932 
4.932 
-2.745 -2.821 
BIAS
3.7352 -0.6924 0.6924 
RMS 0.00427
WEIGHTS W:
-4.932 
4.932 
-2.745 -2.821 
BIAS
3.7353 -0.6924 0.6924 
RMS 0.00427
WEIGHTS W:
-4.932 
4.932 
-2.745 -2.821 
BIAS
3.7353 -0.6924 0.6924 
RMS 0.00427
WEIGHTS W:
-4.932 
4.932 
-2.745 -2.821 
BIAS
3.7354 -0.6924 0.6924 
RMS 0.00426
WEIGHTS W:
-4.932 
4.932 
-2.745 -2.821 
BIAS
3.7354 -0.6924 0.6924 
RMS 0.00426
WEIGHTS W:
-4.932 
4.932 
-2.746 -2.821 
BIAS
3.7355 -0.6924 0.6924 
RMS 0.00426
WEIGHTS W:
-4.932 
4.932 
-2.746 -2.821 
BIAS
3.7355 -0.6924 0.6924 
RMS 0.00426
WEIGHTS W:
-4.933 
4.932 
-2.746 -2.821 
BIAS
3.7356 -0.6924 0.6924 
RMS 0.00426
WEIGHTS W:
-4.933 
4.933 
-2.746 -2.821 
BIAS
3.7356 -0.6924 0.6924 
RMS 0.00426
WEIGHTS W:
-4.933 
4.933 
-2.746 -2.821 
BIAS
3.7357 -0.6924 0.6924 
RMS 0.00426
WEIGHTS W:
-4.933 
4.933 
-2.746 -2.821 
BIAS
3.7357 -0.6924 0.6924 
RMS 0.00426
WEIGHTS W:
-4.933 
4.933 
-2.746 -2.821 
BIAS
3.7358 -0.6924 0.6924 
RMS 0.00426
WEIGHTS W:
-4.933 
4.933 
-2.746 -2.821 
BIAS
3.7359 -0.6924 0.6924 
RMS 0.00426
WEIGHTS W:
-4.933 
4.933 
-2.746 -2.821 
BIAS
3.7359 -0.6924 0.6924 
RMS 0.00426
WEIGHTS W:
-4.933 
4.933 
-2.746 -2.821 
BIAS
3.7360 -0.6924 0.6924 
RMS 0.00426
WEIGHTS W:
-4.933 
4.933 
-2.747 -2.821 
BIAS
3.7360 -0.6924 0.6924 
RMS 0.00426
WEIGHTS W:
-4.933 
4.933 
-2.747 -2.821 
BIAS
3.7361 -0.6924 0.6924 
RMS 0.00426
WEIGHTS W:
-4.934 
4.933 
-2.747 -2.821 
BIAS
3.7361 -0.6924 0.6924 
RMS 0.00426
WEIGHTS W:
-4.934 
4.934 
-2.747 -2.821 
BIAS
3.7362 -0.6924 0.6924 
RMS 0.00426
WEIGHTS W:
-4.934 
4.934 
-2.747 -2.821 
BIAS
3.7362 -0.6924 0.6924 
RMS 0.00426
WEIGHTS W:
-4.934 
4.934 
-2.747 -2.821 
BIAS
3.7363 -0.6924 0.6924 
RMS 0.00426
WEIGHTS W:
-4.934 
4.934 
-2.747 -2.821 
BIAS
3.7363 -0.6924 0.6924 
RMS 0.00426
WEIGHTS W:
-4.934 
4.934 
-2.747 -2.821 
BIAS
3.7364 -0.6924 0.6924 
RMS 0.00426
WEIGHTS W:
-4.934 
4.934 
-2.747 -2.821 
BIAS
3.7364 -0.6924 0.6924 
RMS 0.00426
WEIGHTS W:
-4.934 
4.934 
-2.747 -2.821 
BIAS
3.7365 -0.6924 0.6924 
RMS 0.00426
WEIGHTS W:
-4.934 
4.934 
-2.748 -2.821 
BIAS
3.7365 -0.6924 0.6924 
RMS 0.00426
WEIGHTS W:
-4.934 
4.934 
-2.748 -2.821 
BIAS
3.7366 -0.6924 0.6924 
RMS 0.00426
WEIGHTS W:
-4.935 
4.934 
-2.748 -2.821 
BIAS
3.7366 -0.6924 0.6924 
RMS 0.00426
WEIGHTS W:
-4.935 
4.935 
-2.748 -2.821 
BIAS
3.7367 -0.6924 0.6924 
RMS 0.00426
WEIGHTS W:
-4.935 
4.935 
-2.748 -2.821 
BIAS
3.7367 -0.6924 0.6924 
RMS 0.00426
WEIGHTS W:
-4.935 
4.935 
-2.748 -2.821 
BIAS
3.7368 -0.6924 0.6924 
RMS 0.00426
WEIGHTS W:
-4.935 
4.935 
-2.748 -2.821 
BIAS
3.7368 -0.6924 0.6924 
RMS 0.00426
WEIGHTS W:
-4.935 
4.935 
-2.748 -2.821 
BIAS
3.7369 -0.6924 0.6924 
RMS 0.00426
WEIGHTS W:
-4.935 
4.935 
-2.748 -2.821 
BIAS
3.7369 -0.6924 0.6924 
RMS 0.00426
WEIGHTS W:
-4.935 
4.935 
-2.748 -2.821 
BIAS
3.7370 -0.6924 0.6924 
RMS 0.00426
WEIGHTS W:
-4.935 
4.935 
-2.748 -2.821 
BIAS
3.7370 -0.6924 0.6924 
RMS 0.00426
WEIGHTS W:
-4.935 
4.935 
-2.748 -2.821 
BIAS
3.7371 -0.6924 0.6924 
RMS 0.00426
WEIGHTS W:
-4.935 
4.935 
-2.749 -2.821 
BIAS
3.7371 -0.6924 0.6924 
RMS 0.00426
WEIGHTS W:
-4.936 
4.935 
-2.749 -2.821 
BIAS
3.7372 -0.6924 0.6924 
RMS 0.00426
WEIGHTS W:
-4.936 
4.936 
-2.749 -2.821 
BIAS
3.7372 -0.6924 0.6924 
RMS 0.00426
WEIGHTS W:
-4.936 
4.936 
-2.749 -2.821 
BIAS
3.7373 -0.6924 0.6924 
RMS 0.00426
WEIGHTS W:
-4.936 
4.936 
-2.749 -2.821 
BIAS
3.7373 -0.6924 0.6924 
RMS 0.00426
WEIGHTS W:
-4.936 
4.936 
-2.749 -2.821 
BIAS
3.7374 -0.6924 0.6924 
RMS 0.00426
WEIGHTS W:
-4.936 
4.936 
-2.749 -2.821 
BIAS
3.7374 -0.6924 0.6924 
RMS 0.00426
WEIGHTS W:
-4.936 
4.936 
-2.749 -2.821 
BIAS
3.7375 -0.6924 0.6924 
RMS 0.00426
WEIGHTS W:
-4.936 
4.936 
-2.749 -2.821 
BIAS
3.7375 -0.6924 0.6924 
RMS 0.00426
WEIGHTS W:
-4.936 
4.936 
-2.749 -2.821 
BIAS
3.7376 -0.6924 0.6924 
RMS 0.00426
WEIGHTS W:
-4.936 
4.936 
-2.749 -2.821 
BIAS
3.7376 -0.6924 0.6924 
RMS 0.00426
WEIGHTS W:
-4.936 
4.936 
-2.750 -2.821 
BIAS
3.7377 -0.6924 0.6924 
RMS 0.00426
WEIGHTS W:
-4.936 
4.936 
-2.750 -2.821 
BIAS
3.7377 -0.6924 0.6924 
RMS 0.00426
WEIGHTS W:
-4.937 
4.936 
-2.750 -2.821 
BIAS
3.7378 -0.6924 0.6924 
RMS 0.00426
WEIGHTS W:
-4.937 
4.937 
-2.750 -2.821 
BIAS
3.7378 -0.6924 0.6924 
RMS 0.00426
WEIGHTS W:
-4.937 
4.937 
-2.750 -2.821 
BIAS
3.7378 -0.6924 0.6924 
RMS 0.00425
WEIGHTS W:
-4.937 
4.937 
-2.750 -2.821 
BIAS
3.7379 -0.6924 0.6924 
RMS 0.00425
WEIGHTS W:
-4.937 
4.937 
-2.750 -2.821 
BIAS
3.7379 -0.6924 0.6924 
RMS 0.00425
WEIGHTS W:
-4.937 
4.937 
-2.750 -2.821 
BIAS
3.7380 -0.6924 0.6924 
RMS 0.00425
WEIGHTS W:
-4.937 
4.937 
-2.750 -2.821 
BIAS
3.7380 -0.6924 0.6924 
RMS 0.00425
WEIGHTS W:
-4.937 
4.937 
-2.750 -2.821 
BIAS
3.7381 -0.6924 0.6924 
RMS 0.00425
WEIGHTS W:
-4.937 
4.937 
-2.750 -2.821 
BIAS
3.7381 -0.6924 0.6924 
RMS 0.00425
WEIGHTS W:
-4.937 
4.937 
-2.750 -2.821 
BIAS
3.7382 -0.6924 0.6924 
RMS 0.00425
WEIGHTS W:
-4.937 
4.937 
-2.750 -2.821 
BIAS
3.7382 -0.6924 0.6924 
RMS 0.00425
WEIGHTS W:
-4.937 
4.937 
-2.751 -2.821 
BIAS
3.7383 -0.6924 0.6924 
RMS 0.00425
WEIGHTS W:
-4.938 
4.937 
-2.751 -2.821 
BIAS
3.7383 -0.6924 0.6924 
RMS 0.00425
WEIGHTS W:
-4.938 
4.938 
-2.751 -2.822 
BIAS
3.7383 -0.6924 0.6924 
RMS 0.00425
WEIGHTS W:
-4.938 
4.938 
-2.751 -2.822 
BIAS
3.7384 -0.6924 0.6924 
RMS 0.00425
WEIGHTS W:
-4.938 
4.938 
-2.751 -2.822 
BIAS
3.7384 -0.6924 0.6924 
RMS 0.00425
WEIGHTS W:
-4.938 
4.938 
-2.751 -2.822 
BIAS
3.7385 -0.6924 0.6924 
RMS 0.00425
WEIGHTS W:
-4.938 
4.938 
-2.751 -2.822 
BIAS
3.7385 -0.6924 0.6924 
RMS 0.00425
WEIGHTS W:
-4.938 
4.938 
-2.751 -2.822 
BIAS
3.7386 -0.6924 0.6924 
RMS 0.00425
WEIGHTS W:
-4.938 
4.938 
-2.751 -2.822 
BIAS
3.7386 -0.6924 0.6924 
RMS 0.00425
WEIGHTS W:
-4.938 
4.938 
-2.751 -2.822 
BIAS
3.7386 -0.6924 0.6924 
RMS 0.00425
WEIGHTS W:
-4.938 
4.938 
-2.751 -2.822 
BIAS
3.7387 -0.6924 0.6924 
RMS 0.00425
WEIGHTS W:
-4.938 
4.938 
-2.751 -2.822 
BIAS
3.7387 -0.6924 0.6924 
RMS 0.00425
WEIGHTS W:
-4.938 
4.938 
-2.751 -2.822 
BIAS
3.7388 -0.6924 0.6924 
RMS 0.00425
WEIGHTS W:
-4.938 
4.938 
-2.752 -2.822 
BIAS
3.7388 -0.6924 0.6924 
RMS 0.00425
WEIGHTS W:
-4.939 
4.938 
-2.752 -2.822 
BIAS
3.7389 -0.6924 0.6924 
RMS 0.00425
WEIGHTS W:
-4.939 
4.939 
-2.752 -2.822 
BIAS
3.7389 -0.6924 0.6924 
RMS 0.00425
WEIGHTS W:
-4.939 
4.939 
-2.752 -2.822 
BIAS
3.7389 -0.6924 0.6924 
RMS 0.00425
WEIGHTS W:
-4.939 
4.939 
-2.752 -2.822 
BIAS
3.7390 -0.6924 0.6924 
RMS 0.00425
WEIGHTS W:
-4.939 
4.939 
-2.752 -2.822 
BIAS
3.7390 -0.6924 0.6924 
RMS 0.00425
WEIGHTS W:
-4.939 
4.939 
-2.752 -2.822 
BIAS
3.7391 -0.6924 0.6924 
RMS 0.00425
WEIGHTS W:
-4.939 
4.939 
-2.752 -2.822 
BIAS
3.7391 -0.6924 0.6924 
RMS 0.00425
WEIGHTS W:
-4.939 
4.939 
-2.752 -2.822 
BIAS
3.7392 -0.6924 0.6924 
RMS 0.00425
WEIGHTS W:
-4.939 
4.939 
-2.752 -2.822 
BIAS
3.7392 -0.6924 0.6924 
RMS 0.00425
WEIGHTS W:
-4.939 
4.939 
-2.752 -2.822 
BIAS
3.7392 -0.6924 0.6924 
RMS 0.00425
WEIGHTS W:
-4.939 
4.939 
-2.752 -2.822 
BIAS
3.7393 -0.6924 0.6924 
RMS 0.00425
WEIGHTS W:
-4.939 
4.939 
-2.752 -2.822 
BIAS
3.7393 -0.6924 0.6924 
RMS 0.00425
WEIGHTS W:
-4.939 
4.939 
-2.752 -2.822 
BIAS
3.7394 -0.6924 0.6924 
RMS 0.00425
WEIGHTS W:
-4.939 
4.939 
-2.753 -2.822 
BIAS
3.7394 -0.6924 0.6924 
RMS 0.00425
WEIGHTS W:
-4.940 
4.939 
-2.753 -2.822 
BIAS
3.7394 -0.6924 0.6924 
RMS 0.00425
WEIGHTS W:
-4.940 
4.940 
-2.753 -2.822 
BIAS
3.7395 -0.6924 0.6924 
RMS 0.00425
WEIGHTS W:
-4.940 
4.940 
-2.753 -2.822 
BIAS
3.7395 -0.6924 0.6924 
RMS 0.00425
WEIGHTS W:
-4.940 
4.940 
-2.753 -2.822 
BIAS
3.7396 -0.6924 0.6924 
RMS 0.00425
WEIGHTS W:
-4.940 
4.940 
-2.753 -2.822 
BIAS
3.7396 -0.6924 0.6924 
RMS 0.00425
WEIGHTS W:
-4.940 
4.940 
-2.753 -2.822 
BIAS
3.7396 -0.6924 0.6924 
RMS 0.00425
WEIGHTS W:
-4.940 
4.940 
-2.753 -2.822 
BIAS
3.7397 -0.6924 0.6924 
RMS 0.00425
WEIGHTS W:
-4.940 
4.940 
-2.753 -2.822 
BIAS
3.7397 -0.6924 0.6924 
RMS 0.00425
WEIGHTS W:
-4.940 
4.940 
-2.753 -2.822 
BIAS
3.7398 -0.6924 0.6924 
RMS 0.00425
WEIGHTS W:
-4.940 
4.940 
-2.753 -2.822 
BIAS
3.7398 -0.6924 0.6924 
RMS 0.00425
WEIGHTS W:
-4.940 
4.940 
-2.753 -2.822 
BIAS
3.7398 -0.6924 0.6924 
RMS 0.00425
WEIGHTS W:
-4.940 
4.940 
-2.753 -2.822 
BIAS
3.7399 -0.6924 0.6924 
RMS 0.00425
WEIGHTS W:
-4.940 
4.940 
-2.753 -2.822 
BIAS
3.7399 -0.6924 0.6924 
RMS 0.00425
WEIGHTS W:
-4.940 
4.940 
-2.753 -2.822 
BIAS
3.7399 -0.6924 0.6924 
RMS 0.00425
WEIGHTS W:
-4.940 
4.940 
-2.754 -2.822 
BIAS
3.7400 -0.6924 0.6924 
RMS 0.00425
WEIGHTS W:
-4.941 
4.940 
-2.754 -2.822 
BIAS
3.7400 -0.6924 0.6924 
RMS 0.00425
WEIGHTS W:
-4.941 
4.941 
-2.754 -2.822 
BIAS
3.7401 -0.6924 0.6924 
RMS 0.00425
WEIGHTS W:
-4.941 
4.941 
-2.754 -2.822 
BIAS
3.7401 -0.6924 0.6924 
RMS 0.00425
WEIGHTS W:
-4.941 
4.941 
-2.754 -2.822 
BIAS
3.7401 -0.6924 0.6924 
RMS 0.00425
WEIGHTS W:
-4.941 
4.941 
-2.754 -2.822 
BIAS
3.7402 -0.6924 0.6924 
RMS 0.00425
WEIGHTS W:
-4.941 
4.941 
-2.754 -2.822 
BIAS
3.7402 -0.6924 0.6924 
RMS 0.00425
WEIGHTS W:
-4.941 
4.941 
-2.754 -2.822 
BIAS
3.7402 -0.6924 0.6924 
RMS 0.00425
WEIGHTS W:
-4.941 
4.941 
-2.754 -2.822 
BIAS
3.7403 -0.6924 0.6924 
RMS 0.00425
WEIGHTS W:
-4.941 
4.941 
-2.754 -2.822 
BIAS
3.7403 -0.6924 0.6924 
RMS 0.00425
WEIGHTS W:
-4.941 
4.941 
-2.754 -2.822 
BIAS
3.7404 -0.6924 0.6924 
RMS 0.00425
WEIGHTS W:
-4.941 
4.941 
-2.754 -2.822 
BIAS
3.7404 -0.6924 0.6924 
RMS 0.00425
WEIGHTS W:
-4.941 
4.941 
-2.754 -2.822 
BIAS
3.7404 -0.6924 0.6924 
RMS 0.00425
WEIGHTS W:
-4.941 
4.941 
-2.754 -2.822 
BIAS
3.7405 -0.6924 0.6924 
RMS 0.00425
WEIGHTS W:
-4.941 
4.941 
-2.754 -2.822 
BIAS
3.7405 -0.6924 0.6924 
RMS 0.00425
WEIGHTS W:
-4.941 
4.941 
-2.755 -2.822 
BIAS
3.7405 -0.6924 0.6924 
RMS 0.00425
WEIGHTS W:
-4.941 
4.941 
-2.755 -2.822 
BIAS
3.7406 -0.6924 0.6924 
RMS 0.00425
WEIGHTS W:
-4.942 
4.941 
-2.755 -2.822 
BIAS
3.7406 -0.6924 0.6924 
RMS 0.00425
WEIGHTS W:
-4.942 
4.942 
-2.755 -2.822 
BIAS
3.7407 -0.6924 0.6924 
RMS 0.00425
WEIGHTS W:
-4.942 
4.942 
-2.755 -2.822 
BIAS
3.7407 -0.6924 0.6924 
RMS 0.00425
WEIGHTS W:
-4.942 
4.942 
-2.755 -2.822 
BIAS
3.7407 -0.6924 0.6924 
RMS 0.00425
WEIGHTS W:
-4.942 
4.942 
-2.755 -2.822 
BIAS
3.7408 -0.6924 0.6924 
RMS 0.00425
WEIGHTS W:
-4.942 
4.942 
-2.755 -2.822 
BIAS
3.7408 -0.6924 0.6924 
RMS 0.00424
WEIGHTS W:
-4.942 
4.942 
-2.755 -2.822 
BIAS
3.7408 -0.6924 0.6924 
RMS 0.00424
WEIGHTS W:
-4.942 
4.942 
-2.755 -2.822 
BIAS
3.7409 -0.6924 0.6924 
RMS 0.00424
WEIGHTS W:
-4.942 
4.942 
-2.755 -2.822 
BIAS
3.7409 -0.6924 0.6924 
RMS 0.00424
WEIGHTS W:
-4.942 
4.942 
-2.755 -2.822 
BIAS
3.7409 -0.6924 0.6924 
RMS 0.00424
WEIGHTS W:
-4.942 
4.942 
-2.755 -2.822 
BIAS
3.7410 -0.6924 0.6924 
RMS 0.00424
WEIGHTS W:
-4.942 
4.942 
-2.755 -2.822 
BIAS
3.7410 -0.6924 0.6924 
RMS 0.00424
WEIGHTS W:
-4.942 
4.942 
-2.755 -2.822 
BIAS
3.7410 -0.6924 0.6924 
RMS 0.00424
WEIGHTS W:
-4.942 
4.942 
-2.755 -2.822 
BIAS
3.7411 -0.6924 0.6924 
RMS 0.00424
WEIGHTS W:
-4.942 
4.942 
-2.755 -2.822 
BIAS
3.7411 -0.6924 0.6924 
RMS 0.00424
WEIGHTS W:
-4.942 
4.942 
-2.756 -2.822 
BIAS
3.7411 -0.6924 0.6924 
RMS 0.00424
WEIGHTS W:
-4.942 
4.942 
-2.756 -2.822 
BIAS
3.7412 -0.6924 0.6924 
RMS 0.00424
WEIGHTS W:
-4.943 
4.942 
-2.756 -2.822 
BIAS
3.7412 -0.6924 0.6924 
RMS 0.00424
WEIGHTS W:
-4.943 
4.942 
-2.756 -2.822 
BIAS
3.7412 -0.6924 0.6924 
RMS 0.00424
WEIGHTS W:
-4.943 
4.943 
-2.756 -2.822 
BIAS
3.7413 -0.6924 0.6924 
RMS 0.00424
WEIGHTS W:
-4.943 
4.943 
-2.756 -2.822 
BIAS
3.7413 -0.6924 0.6924 
RMS 0.00424
WEIGHTS W:
-4.943 
4.943 
-2.756 -2.822 
BIAS
3.7413 -0.6924 0.6924 
RMS 0.00424
WEIGHTS W:
-4.943 
4.943 
-2.756 -2.822 
BIAS
3.7414 -0.6924 0.6924 
RMS 0.00424
WEIGHTS W:
-4.943 
4.943 
-2.756 -2.822 
BIAS
3.7414 -0.6924 0.6924 
RMS 0.00424
WEIGHTS W:
-4.943 
4.943 
-2.756 -2.822 
BIAS
3.7414 -0.6924 0.6924 
RMS 0.00424
WEIGHTS W:
-4.943 
4.943 
-2.756 -2.822 
BIAS
3.7415 -0.6924 0.6924 
RMS 0.00424
WEIGHTS W:
-4.943 
4.943 
-2.756 -2.822 
BIAS
3.7415 -0.6924 0.6924 
RMS 0.00424
WEIGHTS W:
-4.943 
4.943 
-2.756 -2.822 
BIAS
3.7415 -0.6924 0.6924 
RMS 0.00424
WEIGHTS W:
-4.943 
4.943 
-2.756 -2.822 
BIAS
3.7416 -0.6924 0.6924 
RMS 0.00424
WEIGHTS W:
-4.943 
4.943 
-2.756 -2.822 
BIAS
3.7416 -0.6924 0.6924 
RMS 0.00424
WEIGHTS W:
-4.943 
4.943 
-2.756 -2.822 
BIAS
3.7416 -0.6924 0.6924 
RMS 0.00424
WEIGHTS W:
-4.943 
4.943 
-2.756 -2.822 
BIAS
3.7417 -0.6924 0.6924 
RMS 0.00424
WEIGHTS W:
-4.943 
4.943 
-2.756 -2.822 
BIAS
3.7417 -0.6924 0.6924 
RMS 0.00424
WEIGHTS W:
-4.943 
4.943 
-2.757 -2.822 
BIAS
3.7417 -0.6924 0.6924 
RMS 0.00424
WEIGHTS W:
-4.943 
4.943 
-2.757 -2.822 
BIAS
3.7418 -0.6924 0.6924 
RMS 0.00424
WEIGHTS W:
-4.943 
4.943 
-2.757 -2.822 
BIAS
3.7418 -0.6924 0.6924 
RMS 0.00424
WEIGHTS W:
-4.944 
4.943 
-2.757 -2.822 
BIAS
3.7418 -0.6924 0.6924 
RMS 0.00424
WEIGHTS W:
-4.944 
4.944 
-2.757 -2.822 
BIAS
3.7419 -0.6924 0.6924 
RMS 0.00424
WEIGHTS W:
-4.944 
4.944 
-2.757 -2.822 
BIAS
3.7419 -0.6924 0.6924 
RMS 0.00424
WEIGHTS W:
-4.944 
4.944 
-2.757 -2.822 
BIAS
3.7419 -0.6924 0.6924 
RMS 0.00424
WEIGHTS W:
-4.944 
4.944 
-2.757 -2.822 
BIAS
3.7420 -0.6924 0.6924 
RMS 0.00424
WEIGHTS W:
-4.944 
4.944 
-2.757 -2.822 
BIAS
3.7420 -0.6924 0.6924 
RMS 0.00424
WEIGHTS W:
-4.944 
4.944 
-2.757 -2.822 
BIAS
3.7420 -0.6924 0.6924 
RMS 0.00424
WEIGHTS W:
-4.944 
4.944 
-2.757 -2.822 
BIAS
3.7421 -0.6924 0.6924 
RMS 0.00424
WEIGHTS W:
-4.944 
4.944 
-2.757 -2.822 
BIAS
3.7421 -0.6924 0.6924 
RMS 0.00424
WEIGHTS W:
-4.944 
4.944 
-2.757 -2.822 
BIAS
3.7421 -0.6924 0.6924 
