-0.40 -0.06 
-0.02 -0.48 
-0.49 0.44 
0.06 0.03 
-0.18 -0.14 
-0.30 0.35 
0.11 0.23 
0.48 -0.49 
0.02 -0.22 
0.39 -0.50 0.24 -0.06 -0.26 -0.10 0.21 0.48 -0.39 
-0.44 -0.13 0.20 -0.33 -0.04 -0.37 0.16 -0.02 -0.36 
0.10 -0.47 0.18 0.42 -0.11 0.38 0.28 -0.50 0.10 0.26 -0.49 

##################LEARN##################
RMS 2.08928
RMS 1.99008
RMS 1.90170
RMS 1.82355
RMS 1.75484
RMS 1.69467
RMS 1.64213
RMS 1.59631
RMS 1.55637
RMS 1.52152
RMS 1.49108
RMS 1.46442
RMS 1.44101
RMS 1.42038
RMS 1.40214
RMS 1.38593
RMS 1.37147
RMS 1.35850
RMS 1.34681
RMS 1.33623
RMS 1.32659
RMS 1.31776
RMS 1.30963
RMS 1.30210
RMS 1.29510
RMS 1.28854
RMS 1.28236
RMS 1.27652
RMS 1.27097
RMS 1.26566
RMS 1.26056
RMS 1.25564
RMS 1.25087
RMS 1.24623
RMS 1.24169
RMS 1.23725
RMS 1.23287
RMS 1.22856
RMS 1.22428
RMS 1.22004
RMS 1.21581
RMS 1.21159
RMS 1.20738
RMS 1.20315
RMS 1.19891
RMS 1.19464
RMS 1.19035
RMS 1.18602
RMS 1.18164
RMS 1.17722
RMS 1.17275
RMS 1.16821
RMS 1.16362
RMS 1.15896
RMS 1.15423
RMS 1.14942
RMS 1.14454
RMS 1.13958
RMS 1.13454
RMS 1.12941
RMS 1.12419
RMS 1.11888
RMS 1.11348
RMS 1.10799
RMS 1.10240
RMS 1.09671
RMS 1.09093
RMS 1.08505
RMS 1.07908
RMS 1.07300
RMS 1.06684
RMS 1.06057
RMS 1.05421
RMS 1.04775
RMS 1.04121
RMS 1.03457
RMS 1.02784
RMS 1.02103
RMS 1.01413
RMS 1.00715
RMS 1.00009
RMS 0.99296
RMS 0.98575
RMS 0.97848
RMS 0.97113
RMS 0.96373
RMS 0.95626
RMS 0.94874
RMS 0.94117
RMS 0.93355
RMS 0.92589
RMS 0.91818
RMS 0.91044
RMS 0.90267
RMS 0.89486
RMS 0.88703
RMS 0.87918
RMS 0.87130
RMS 0.86342
RMS 0.85551
RMS 0.84760
RMS 0.83969
RMS 0.83177
RMS 0.82384
RMS 0.81593
RMS 0.80801
RMS 0.80011
RMS 0.79221
RMS 0.78433
RMS 0.77647
RMS 0.76862
RMS 0.76079
RMS 0.75298
RMS 0.74520
RMS 0.73744
RMS 0.72971
RMS 0.72201
RMS 0.71434
RMS 0.70671
RMS 0.69911
RMS 0.69154
RMS 0.68401
RMS 0.67652
RMS 0.66907
RMS 0.66166
RMS 0.65429
RMS 0.64696
RMS 0.63968
RMS 0.63244
RMS 0.62525
RMS 0.61811
RMS 0.61101
RMS 0.60396
RMS 0.59696
RMS 0.59001
RMS 0.58311
RMS 0.57626
RMS 0.56947
RMS 0.56272
RMS 0.55603
RMS 0.54939
RMS 0.54281
RMS 0.53628
RMS 0.52980
RMS 0.52338
RMS 0.51701
RMS 0.51070
RMS 0.50445
RMS 0.49825
RMS 0.49211
RMS 0.48603
RMS 0.48000
RMS 0.47403
RMS 0.46812
RMS 0.46226
RMS 0.45646
RMS 0.45072
RMS 0.44504
RMS 0.43942
RMS 0.43385
RMS 0.42834
RMS 0.42290
RMS 0.41750
RMS 0.41217
RMS 0.40690
RMS 0.40168
RMS 0.39652
RMS 0.39142
RMS 0.38638
RMS 0.38139
RMS 0.37646
RMS 0.37159
RMS 0.36678
RMS 0.36202
RMS 0.35732
RMS 0.35268
RMS 0.34809
RMS 0.34356
RMS 0.33909
RMS 0.33467
RMS 0.33031
RMS 0.32600
RMS 0.32175
RMS 0.31755
RMS 0.31340
RMS 0.30931
RMS 0.30527
RMS 0.30128
RMS 0.29735
RMS 0.29347
RMS 0.28964
RMS 0.28586
RMS 0.28214
RMS 0.27846
RMS 0.27483
RMS 0.27126
RMS 0.26773
RMS 0.26425
RMS 0.26082
RMS 0.25743
RMS 0.25410
RMS 0.25081
RMS 0.24757
RMS 0.24437
RMS 0.24122
RMS 0.23811
RMS 0.23505
RMS 0.23203
RMS 0.22905
RMS 0.22612
RMS 0.22323
RMS 0.22038
RMS 0.21757
RMS 0.21480
RMS 0.21208
RMS 0.20939
RMS 0.20674
RMS 0.20413
RMS 0.20156
RMS 0.19903
RMS 0.19653
RMS 0.19408
RMS 0.19165
RMS 0.18927
RMS 0.18692
RMS 0.18460
RMS 0.18232
RMS 0.18007
RMS 0.17785
RMS 0.17567
RMS 0.17352
RMS 0.17140
RMS 0.16932
RMS 0.16726
RMS 0.16524
RMS 0.16324
RMS 0.16128
RMS 0.15934
RMS 0.15743
RMS 0.15556
RMS 0.15370
RMS 0.15188
RMS 0.15009
RMS 0.14832
RMS 0.14657
RMS 0.14486
RMS 0.14316
RMS 0.14150
RMS 0.13985
RMS 0.13824
RMS 0.13664
RMS 0.13507
RMS 0.13353
RMS 0.13200
RMS 0.13050
RMS 0.12902
RMS 0.12756
RMS 0.12612
RMS 0.12471
RMS 0.12331
RMS 0.12194
RMS 0.12058
RMS 0.11925
RMS 0.11793
RMS 0.11664
RMS 0.11536
RMS 0.11410
RMS 0.11286
RMS 0.11164
RMS 0.11043
RMS 0.10924
RMS 0.10807
RMS 0.10692
RMS 0.10578
RMS 0.10466
RMS 0.10355
RMS 0.10246
RMS 0.10139
RMS 0.10033
RMS 0.09929
RMS 0.09826
RMS 0.09724
RMS 0.09624
RMS 0.09526
RMS 0.09428
RMS 0.09332
RMS 0.09238
RMS 0.09144
RMS 0.09052
RMS 0.08962
RMS 0.08872
RMS 0.08784
RMS 0.08697
RMS 0.08611
RMS 0.08526
RMS 0.08443
RMS 0.08361
RMS 0.08279
RMS 0.08199
RMS 0.08120
RMS 0.08042
RMS 0.07965
RMS 0.07889
RMS 0.07814
RMS 0.07740
RMS 0.07667
RMS 0.07595
RMS 0.07524
RMS 0.07454
RMS 0.07385
RMS 0.07317
RMS 0.07249
RMS 0.07183
RMS 0.07117
RMS 0.07052
RMS 0.06989
RMS 0.06925
RMS 0.06863
RMS 0.06802
RMS 0.06741
RMS 0.06681
RMS 0.06622
RMS 0.06563
RMS 0.06506
RMS 0.06449
RMS 0.06392
RMS 0.06337
RMS 0.06282
RMS 0.06228
RMS 0.06174
RMS 0.06122
RMS 0.06070
RMS 0.06018
RMS 0.05967
RMS 0.05917
RMS 0.05867
RMS 0.05818
RMS 0.05770
RMS 0.05722
RMS 0.05675
RMS 0.05628
RMS 0.05582
RMS 0.05536
RMS 0.05491
RMS 0.05447
RMS 0.05403
RMS 0.05359
RMS 0.05316
RMS 0.05274
RMS 0.05232
RMS 0.05191
RMS 0.05150
RMS 0.05109
RMS 0.05069
RMS 0.05030
RMS 0.04991
RMS 0.04952
RMS 0.04914
RMS 0.04876
RMS 0.04839
RMS 0.04802
RMS 0.04765
RMS 0.04729
RMS 0.04694
RMS 0.04658
RMS 0.04624
RMS 0.04589
RMS 0.04555
RMS 0.04521
RMS 0.04488
RMS 0.04455
RMS 0.04423
RMS 0.04390
RMS 0.04359
RMS 0.04327
RMS 0.04296
RMS 0.04265
RMS 0.04235
RMS 0.04204
RMS 0.04175
RMS 0.04145
RMS 0.04116
RMS 0.04087
RMS 0.04059
RMS 0.04030
RMS 0.04002
RMS 0.03975
RMS 0.03947
RMS 0.03920
RMS 0.03893
RMS 0.03867
RMS 0.03841
RMS 0.03815
RMS 0.03789
RMS 0.03764
RMS 0.03738
RMS 0.03714
RMS 0.03689
RMS 0.03664
RMS 0.03640
RMS 0.03616
RMS 0.03593
RMS 0.03569
RMS 0.03546
RMS 0.03523
RMS 0.03501
RMS 0.03478
RMS 0.03456
RMS 0.03434
RMS 0.03412
RMS 0.03390
RMS 0.03369
RMS 0.03348
RMS 0.03327
RMS 0.03306
RMS 0.03286
RMS 0.03265
RMS 0.03245
RMS 0.03225
RMS 0.03206
RMS 0.03186
RMS 0.03167
RMS 0.03147
RMS 0.03128
RMS 0.03110
RMS 0.03091
RMS 0.03073
RMS 0.03054
RMS 0.03036
RMS 0.03018
RMS 0.03000
RMS 0.02983
RMS 0.02965
RMS 0.02948
RMS 0.02931
RMS 0.02914
RMS 0.02897
RMS 0.02881
RMS 0.02864
RMS 0.02848
RMS 0.02832
RMS 0.02816
RMS 0.02800
RMS 0.02784
RMS 0.02768
RMS 0.02753
RMS 0.02738
RMS 0.02723
RMS 0.02707
RMS 0.02693
RMS 0.02678
RMS 0.02663
RMS 0.02649
RMS 0.02634
RMS 0.02620
RMS 0.02606
RMS 0.02592
RMS 0.02578
RMS 0.02564
RMS 0.02551
RMS 0.02537
RMS 0.02524
RMS 0.02511
RMS 0.02497
RMS 0.02484
RMS 0.02471
RMS 0.02459
RMS 0.02446
RMS 0.02433
RMS 0.02421
RMS 0.02408
RMS 0.02396
RMS 0.02384
RMS 0.02372
RMS 0.02360
RMS 0.02348
RMS 0.02336
RMS 0.02325
RMS 0.02313
RMS 0.02302
RMS 0.02290
RMS 0.02279
RMS 0.02268
RMS 0.02257
RMS 0.02246
RMS 0.02235
RMS 0.02224
RMS 0.02213
RMS 0.02203
RMS 0.02192
RMS 0.02182
RMS 0.02171
RMS 0.02161
RMS 0.02151
RMS 0.02141
RMS 0.02131
RMS 0.02121
RMS 0.02111
RMS 0.02101
RMS 0.02091
RMS 0.02082
RMS 0.02072
RMS 0.02063
RMS 0.02053
RMS 0.02044
RMS 0.02035
RMS 0.02025
RMS 0.02016
RMS 0.02007
RMS 0.01998
RMS 0.01989
RMS 0.01980
RMS 0.01972
RMS 0.01963
RMS 0.01954
RMS 0.01946
RMS 0.01937
RMS 0.01929
RMS 0.01920
RMS 0.01912
RMS 0.01904
RMS 0.01896
RMS 0.01888
RMS 0.01880
RMS 0.01872
RMS 0.01864
RMS 0.01856
RMS 0.01848
RMS 0.01840
RMS 0.01833
RMS 0.01825
RMS 0.01817
RMS 0.01810
RMS 0.01802
RMS 0.01795
RMS 0.01788
RMS 0.01780
RMS 0.01773
RMS 0.01766
RMS 0.01759
RMS 0.01752
RMS 0.01745
RMS 0.01738
RMS 0.01731
RMS 0.01724
RMS 0.01717
RMS 0.01710
RMS 0.01703
RMS 0.01697
RMS 0.01690
RMS 0.01683
RMS 0.01677
RMS 0.01670
RMS 0.01664
RMS 0.01658
RMS 0.01651
RMS 0.01645
RMS 0.01639
RMS 0.01632
RMS 0.01626
RMS 0.01620
RMS 0.01614
RMS 0.01608
RMS 0.01602
RMS 0.01596
RMS 0.01590
RMS 0.01584
RMS 0.01578
RMS 0.01573
RMS 0.01567
RMS 0.01561
RMS 0.01555
RMS 0.01550
RMS 0.01544
RMS 0.01539
RMS 0.01533
RMS 0.01528
RMS 0.01522
RMS 0.01517
RMS 0.01511
RMS 0.01506
RMS 0.01501
RMS 0.01495
RMS 0.01490
RMS 0.01485
RMS 0.01480
RMS 0.01475
RMS 0.01470
RMS 0.01465
RMS 0.01460
RMS 0.01455
RMS 0.01450
RMS 0.01445
RMS 0.01440
RMS 0.01435
RMS 0.01430
RMS 0.01425
RMS 0.01421
RMS 0.01416
RMS 0.01411
RMS 0.01406
RMS 0.01402
RMS 0.01397
RMS 0.01393
RMS 0.01388
RMS 0.01384
RMS 0.01379
RMS 0.01375
RMS 0.01370
RMS 0.01366
RMS 0.01361
RMS 0.01357
RMS 0.01353
RMS 0.01349
RMS 0.01344
RMS 0.01340
RMS 0.01336
RMS 0.01332
RMS 0.01327
RMS 0.01323
RMS 0.01319
RMS 0.01315
RMS 0.01311
RMS 0.01307
RMS 0.01303
RMS 0.01299
RMS 0.01295
RMS 0.01291
RMS 0.01287
RMS 0.01284
RMS 0.01280
RMS 0.01276
RMS 0.01272
RMS 0.01268
RMS 0.01264
RMS 0.01261
RMS 0.01257
RMS 0.01253
RMS 0.01250
RMS 0.01246
RMS 0.01242
RMS 0.01239
RMS 0.01235
RMS 0.01232
RMS 0.01228
RMS 0.01225
RMS 0.01221
RMS 0.01218
RMS 0.01214
RMS 0.01211
RMS 0.01207
RMS 0.01204
RMS 0.01201
RMS 0.01197
RMS 0.01194
RMS 0.01191
RMS 0.01187
RMS 0.01184
RMS 0.01181
RMS 0.01178
RMS 0.01175
RMS 0.01171
RMS 0.01168
RMS 0.01165
RMS 0.01162
RMS 0.01159
RMS 0.01156
RMS 0.01153
RMS 0.01150
RMS 0.01147
RMS 0.01143
RMS 0.01140
RMS 0.01138
RMS 0.01135
RMS 0.01132
RMS 0.01129
RMS 0.01126
RMS 0.01123
RMS 0.01120
RMS 0.01117
RMS 0.01114
RMS 0.01111
RMS 0.01109
RMS 0.01106
RMS 0.01103
RMS 0.01100
RMS 0.01097
RMS 0.01095
RMS 0.01092
RMS 0.01089
RMS 0.01087
RMS 0.01084
RMS 0.01081
RMS 0.01079
RMS 0.01076
RMS 0.01073
RMS 0.01071
RMS 0.01068
RMS 0.01066
RMS 0.01063
RMS 0.01061
RMS 0.01058
RMS 0.01055
RMS 0.01053
RMS 0.01050
RMS 0.01048
RMS 0.01046
RMS 0.01043
RMS 0.01041
RMS 0.01038
RMS 0.01036
RMS 0.01033
RMS 0.01031
RMS 0.01029
RMS 0.01026
RMS 0.01024
RMS 0.01022
RMS 0.01019
RMS 0.01017
RMS 0.01015
RMS 0.01013
RMS 0.01010
RMS 0.01008
RMS 0.01006
RMS 0.01004
RMS 0.01001
RMS 0.00999
RMS 0.00997
RMS 0.00995
RMS 0.00993
RMS 0.00990
RMS 0.00988
RMS 0.00986
RMS 0.00984
RMS 0.00982
RMS 0.00980
RMS 0.00978
RMS 0.00976
RMS 0.00974
RMS 0.00972
RMS 0.00969
RMS 0.00967
RMS 0.00965
RMS 0.00963
RMS 0.00961
RMS 0.00959
RMS 0.00957
RMS 0.00955
RMS 0.00953
RMS 0.00952
RMS 0.00950
RMS 0.00948
RMS 0.00946
RMS 0.00944
RMS 0.00942
RMS 0.00940
RMS 0.00938
RMS 0.00936
RMS 0.00934
RMS 0.00933
RMS 0.00931
RMS 0.00929
RMS 0.00927
RMS 0.00925
RMS 0.00923
RMS 0.00922
RMS 0.00920
RMS 0.00918
RMS 0.00916
RMS 0.00915
RMS 0.00913
RMS 0.00911
RMS 0.00909
RMS 0.00908
RMS 0.00906
RMS 0.00904
RMS 0.00903
RMS 0.00901
RMS 0.00899
RMS 0.00897
RMS 0.00896
RMS 0.00894
RMS 0.00893
RMS 0.00891
RMS 0.00889
RMS 0.00888
RMS 0.00886
RMS 0.00884
RMS 0.00883
RMS 0.00881
RMS 0.00880
RMS 0.00878
RMS 0.00877
RMS 0.00875
RMS 0.00873
RMS 0.00872
RMS 0.00870
RMS 0.00869
RMS 0.00867
RMS 0.00866
RMS 0.00864
RMS 0.00863
RMS 0.00861
RMS 0.00860
RMS 0.00858
RMS 0.00857
RMS 0.00855
RMS 0.00854
RMS 0.00852
RMS 0.00851
RMS 0.00850
RMS 0.00848
RMS 0.00847
RMS 0.00845
RMS 0.00844
RMS 0.00843
RMS 0.00841
RMS 0.00840
RMS 0.00838
RMS 0.00837
RMS 0.00836
RMS 0.00834
RMS 0.00833
RMS 0.00832
RMS 0.00830
RMS 0.00829
RMS 0.00828
RMS 0.00826
RMS 0.00825
RMS 0.00824
RMS 0.00822
RMS 0.00821
RMS 0.00820
RMS 0.00818
RMS 0.00817
RMS 0.00816
RMS 0.00815
RMS 0.00813
RMS 0.00812
RMS 0.00811
RMS 0.00810
RMS 0.00808
RMS 0.00807
RMS 0.00806
RMS 0.00805
RMS 0.00804
RMS 0.00802
RMS 0.00801
RMS 0.00800
RMS 0.00799
RMS 0.00798
RMS 0.00796
RMS 0.00795
RMS 0.00794
RMS 0.00793
RMS 0.00792
RMS 0.00791
RMS 0.00789
RMS 0.00788
RMS 0.00787
RMS 0.00786
RMS 0.00785
RMS 0.00784
RMS 0.00783
RMS 0.00782
RMS 0.00780
RMS 0.00779
RMS 0.00778
RMS 0.00777
RMS 0.00776
RMS 0.00775
RMS 0.00774
RMS 0.00773
RMS 0.00772
RMS 0.00771
RMS 0.00770
RMS 0.00769
RMS 0.00768
RMS 0.00766
RMS 0.00765
RMS 0.00764
RMS 0.00763
RMS 0.00762
RMS 0.00761
RMS 0.00760
RMS 0.00759
RMS 0.00758
RMS 0.00757
RMS 0.00756
RMS 0.00755
RMS 0.00754
RMS 0.00753
RMS 0.00752
RMS 0.00751
RMS 0.00750
RMS 0.00749
RMS 0.00748
RMS 0.00748
RMS 0.00747
RMS 0.00746
RMS 0.00745
RMS 0.00744
RMS 0.00743
RMS 0.00742
RMS 0.00741
RMS 0.00740
RMS 0.00739
RMS 0.00738
RMS 0.00737
RMS 0.00736
RMS 0.00735
RMS 0.00735
RMS 0.00734
RMS 0.00733
RMS 0.00732
RMS 0.00731
RMS 0.00730
RMS 0.00729
RMS 0.00728
RMS 0.00727
RMS 0.00727
RMS 0.00726
RMS 0.00725
RMS 0.00724
RMS 0.00723
RMS 0.00722
RMS 0.00721
RMS 0.00721
RMS 0.00720
RMS 0.00719
RMS 0.00718
RMS 0.00717
RMS 0.00717
RMS 0.00716
RMS 0.00715
RMS 0.00714
RMS 0.00713
RMS 0.00712
RMS 0.00712
RMS 0.00711
RMS 0.00710
RMS 0.00709
RMS 0.00708
RMS 0.00708
RMS 0.00707
RMS 0.00706
RMS 0.00705
RMS 0.00705
RMS 0.00704
RMS 0.00703
RMS 0.00702
RMS 0.00702
RMS 0.00701
RMS 0.00700
RMS 0.00699
RMS 0.00699
RMS 0.00698
RMS 0.00697
RMS 0.00696
RMS 0.00696
RMS 0.00695
RMS 0.00694
RMS 0.00693
RMS 0.00693
RMS 0.00692
RMS 0.00691
RMS 0.00691
RMS 0.00690
RMS 0.00689
RMS 0.00688
RMS 0.00688
RMS 0.00687
RMS 0.00686
RMS 0.00686
RMS 0.00685
RMS 0.00684
RMS 0.00684
RMS 0.00683
RMS 0.00682
RMS 0.00681
RMS 0.00681
RMS 0.00680
RMS 0.00679
RMS 0.00679
RMS 0.00678
RMS 0.00677
RMS 0.00677
RMS 0.00676
RMS 0.00676
RMS 0.00675
RMS 0.00674
RMS 0.00674
RMS 0.00673
RMS 0.00672
RMS 0.00672
RMS 0.00671
RMS 0.00670
RMS 0.00670
RMS 0.00669
RMS 0.00669

##################TEST##################
Test : ACIERTOS = 4 100%
Test FALLOS = 0 0%
