-0.29 -0.17 0.09 -0.41 
0.38 -0.08 -0.12 0.25 
-0.26 -0.16 0.25 -0.27 
0.45 0.12 -0.18 0.19 
-0.28 0.24 -0.03 0.26 
-0.14 0.48 -0.47 0.13 
0.32 -0.15 -0.39 0.24 
-0.40 0.14 0.22 -0.19 
0.46 -0.20 -0.10 0.35 
0.22 0.28 0.10 0.46 
-0.39 -0.15 -0.31 -0.43 
0.47 0.01 0.26 -0.31 
-0.25 -0.27 0.45 0.11 -0.29 0.48 -0.27 -0.46 -0.17 -0.16 0.27 -0.08 
0.48 -0.01 0.23 0.44 0.29 -0.37 0.29 0.02 0.40 -0.11 -0.02 -0.48 
0.24 0.17 -0.41 0.21 -0.31 0.35 0.40 -0.06 -0.42 0.35 -0.46 -0.21 
0.32 -0.22 -0.17 -0.35 0.12 -0.39 0.07 0.10 0.10 -0.20 0.05 -0.11 -0.08 -0.16 0.41 

##################LEARN##################
RMS 2.18848
RMS 1.89038
RMS 1.57232
RMS 1.38154
RMS 1.28844
RMS 1.23173
RMS 1.18939
RMS 1.15352
RMS 1.12098
RMS 1.09062
RMS 1.06168
RMS 1.03320
RMS 1.00441
RMS 0.97489
RMS 0.94446
RMS 0.91310
RMS 0.88091
RMS 0.84808
RMS 0.81492
RMS 0.78180
RMS 0.74916
RMS 0.71745
RMS 0.68706
RMS 0.65832
RMS 0.63145
RMS 0.60658
RMS 0.58379
RMS 0.56307
RMS 0.54440
RMS 0.52773
RMS 0.51299
RMS 0.50004
RMS 0.48874
RMS 0.47889
RMS 0.47028
RMS 0.46271
RMS 0.45599
RMS 0.44997
RMS 0.44451
RMS 0.43951
RMS 0.43490
RMS 0.43060
RMS 0.42659
RMS 0.42282
RMS 0.41928
RMS 0.41594
RMS 0.41282
RMS 0.40989
RMS 0.40717
RMS 0.40465
RMS 0.40236
RMS 0.40030
RMS 0.39849
RMS 0.39697
RMS 0.39578
RMS 0.39496
RMS 0.39459
RMS 0.39474
RMS 0.39551
RMS 0.39700
RMS 0.39931
RMS 0.40252
RMS 0.40661
RMS 0.41134
RMS 0.41625
RMS 0.42065
RMS 0.42385
RMS 0.42544
RMS 0.42539
RMS 0.42397
RMS 0.42150
RMS 0.41835
RMS 0.41476
RMS 0.41093
RMS 0.40699
RMS 0.40303
RMS 0.39910
RMS 0.39525
RMS 0.39148
RMS 0.38781
RMS 0.38426
RMS 0.38082
RMS 0.37751
RMS 0.37432
RMS 0.37125
RMS 0.36832
RMS 0.36551
RMS 0.36283
RMS 0.36028
RMS 0.35785
RMS 0.35554
RMS 0.35334
RMS 0.35126
RMS 0.34929
RMS 0.34742
RMS 0.34565
RMS 0.34397
RMS 0.34238
RMS 0.34087
RMS 0.33943
RMS 0.33808
RMS 0.33679
RMS 0.33557
RMS 0.33440
RMS 0.33330
RMS 0.33225
RMS 0.33125
RMS 0.33030
RMS 0.32940
RMS 0.32854
RMS 0.32773
RMS 0.32695
RMS 0.32621
RMS 0.32551
RMS 0.32484
RMS 0.32421
RMS 0.32361
RMS 0.32305
RMS 0.32251
RMS 0.32200
RMS 0.32153
RMS 0.32108
RMS 0.32065
RMS 0.32026
RMS 0.31989
RMS 0.31954
RMS 0.31922
RMS 0.31892
RMS 0.31864
RMS 0.31838
RMS 0.31815
RMS 0.31793
RMS 0.31773
RMS 0.31755
RMS 0.31738
RMS 0.31723
RMS 0.31709
RMS 0.31696
RMS 0.31684
RMS 0.31673
RMS 0.31662
RMS 0.31652
RMS 0.31642
RMS 0.31632
RMS 0.31622
RMS 0.31612
RMS 0.31601
RMS 0.31589
RMS 0.31577
RMS 0.31564
RMS 0.31550
RMS 0.31534
RMS 0.31518
RMS 0.31500
RMS 0.31480
RMS 0.31460
RMS 0.31437
RMS 0.31414
RMS 0.31388
RMS 0.31362
RMS 0.31334
RMS 0.31304
RMS 0.31274
RMS 0.31242
RMS 0.31208
RMS 0.31174
RMS 0.31139
RMS 0.31102
RMS 0.31065
RMS 0.31027
RMS 0.30988
RMS 0.30948
RMS 0.30908
RMS 0.30867
RMS 0.30826
RMS 0.30785
RMS 0.30743
RMS 0.30701
RMS 0.30658
RMS 0.30616
RMS 0.30573
RMS 0.30530
RMS 0.30487
RMS 0.30444
RMS 0.30401
RMS 0.30358
RMS 0.30315
RMS 0.30272
RMS 0.30229
RMS 0.30187
RMS 0.30144
RMS 0.30101
RMS 0.30059
RMS 0.30017
RMS 0.29974
RMS 0.29932
RMS 0.29890
RMS 0.29848
RMS 0.29807
RMS 0.29765
RMS 0.29723
RMS 0.29682
RMS 0.29641
RMS 0.29599
RMS 0.29558
RMS 0.29517
RMS 0.29476
RMS 0.29436
RMS 0.29395
RMS 0.29354
RMS 0.29314
RMS 0.29274
RMS 0.29233
RMS 0.29193
RMS 0.29153
RMS 0.29113
RMS 0.29073
RMS 0.29033
RMS 0.28994
RMS 0.28954
RMS 0.28915
RMS 0.28875
RMS 0.28836
RMS 0.28797
RMS 0.28758
RMS 0.28719
RMS 0.28681
RMS 0.28642
RMS 0.28604
RMS 0.28566
RMS 0.28528
RMS 0.28490
RMS 0.28452
RMS 0.28415
RMS 0.28378
RMS 0.28341
RMS 0.28304
RMS 0.28267
RMS 0.28231
RMS 0.28195
RMS 0.28159
RMS 0.28123
RMS 0.28088
RMS 0.28053
RMS 0.28018
RMS 0.27983
RMS 0.27949
RMS 0.27914
RMS 0.27880
RMS 0.27847
RMS 0.27813
RMS 0.27780
RMS 0.27747
RMS 0.27714
RMS 0.27682
RMS 0.27649
RMS 0.27617
RMS 0.27585
RMS 0.27554
RMS 0.27522
RMS 0.27491
RMS 0.27460
RMS 0.27429
RMS 0.27399
RMS 0.27369
RMS 0.27338
RMS 0.27308
RMS 0.27279
RMS 0.27249
RMS 0.27220
RMS 0.27190
RMS 0.27161
RMS 0.27132
RMS 0.27104
RMS 0.27075
RMS 0.27047
RMS 0.27019
RMS 0.26991
RMS 0.26963
RMS 0.26935
RMS 0.26907
RMS 0.26880
RMS 0.26853
RMS 0.26826
RMS 0.26799
RMS 0.26772
RMS 0.26745
RMS 0.26719
RMS 0.26693
RMS 0.26666
RMS 0.26640
RMS 0.26614
RMS 0.26589
RMS 0.26563
RMS 0.26538
RMS 0.26512
RMS 0.26487
RMS 0.26462
RMS 0.26437
RMS 0.26412
RMS 0.26388
RMS 0.26363
RMS 0.26339
RMS 0.26314
RMS 0.26290
RMS 0.26266
RMS 0.26242
RMS 0.26219
RMS 0.26195
RMS 0.26171
RMS 0.26148
RMS 0.26125
RMS 0.26102
RMS 0.26078
RMS 0.26056
RMS 0.26033
RMS 0.26010
RMS 0.25987
RMS 0.25965
RMS 0.25943
RMS 0.25920
RMS 0.25898
RMS 0.25876
RMS 0.25854
RMS 0.25833
RMS 0.25811
RMS 0.25789
RMS 0.25768
RMS 0.25746
RMS 0.25725
RMS 0.25704
RMS 0.25683
RMS 0.25662
RMS 0.25641
RMS 0.25620
RMS 0.25599
RMS 0.25579
RMS 0.25558
RMS 0.25538
RMS 0.25518
RMS 0.25497
RMS 0.25477
RMS 0.25457
RMS 0.25437
RMS 0.25417
RMS 0.25398
RMS 0.25378
RMS 0.25358
RMS 0.25339
RMS 0.25319
RMS 0.25300
RMS 0.25281
RMS 0.25262
RMS 0.25242
RMS 0.25223
RMS 0.25204
RMS 0.25186
RMS 0.25167
RMS 0.25148
RMS 0.25129
RMS 0.25111
RMS 0.25092
RMS 0.25074
RMS 0.25056
RMS 0.25037
RMS 0.25019
RMS 0.25001
RMS 0.24983
RMS 0.24965
RMS 0.24947
RMS 0.24929
RMS 0.24911
RMS 0.24893
RMS 0.24876
RMS 0.24858
RMS 0.24841
RMS 0.24823
RMS 0.24806
RMS 0.24788
RMS 0.24771
RMS 0.24754
RMS 0.24737
RMS 0.24719
RMS 0.24702
RMS 0.24685
RMS 0.24668
RMS 0.24651
RMS 0.24635
RMS 0.24618
RMS 0.24601
RMS 0.24584
RMS 0.24568
RMS 0.24551
RMS 0.24535
RMS 0.24518
RMS 0.24502
RMS 0.24485
RMS 0.24469
RMS 0.24453
RMS 0.24436
RMS 0.24420
RMS 0.24404
RMS 0.24388
RMS 0.24372
RMS 0.24356
RMS 0.24340
RMS 0.24324
RMS 0.24308
RMS 0.24292
RMS 0.24277
RMS 0.24261
RMS 0.24245
RMS 0.24230
RMS 0.24214
RMS 0.24199
RMS 0.24183
RMS 0.24168
RMS 0.24152
RMS 0.24137
RMS 0.24122
RMS 0.24107
RMS 0.24092
RMS 0.24076
RMS 0.24061
RMS 0.24046
RMS 0.24031
RMS 0.24016
RMS 0.24002
RMS 0.23987
RMS 0.23972
RMS 0.23957
RMS 0.23943
RMS 0.23928
RMS 0.23913
RMS 0.23899
RMS 0.23884
RMS 0.23870
RMS 0.23856
RMS 0.23841
RMS 0.23827
RMS 0.23813
RMS 0.23799
RMS 0.23785
RMS 0.23771
RMS 0.23757
RMS 0.23743
RMS 0.23729
RMS 0.23715
RMS 0.23701
RMS 0.23687
RMS 0.23674
RMS 0.23660
RMS 0.23647
RMS 0.23633
RMS 0.23620
RMS 0.23606
RMS 0.23593
RMS 0.23580
RMS 0.23566
RMS 0.23553
RMS 0.23540
RMS 0.23527
RMS 0.23514
RMS 0.23501
RMS 0.23488
RMS 0.23475
RMS 0.23462
RMS 0.23449
RMS 0.23436
RMS 0.23424
RMS 0.23411
RMS 0.23398
RMS 0.23386
RMS 0.23373
RMS 0.23361
RMS 0.23348
RMS 0.23336
RMS 0.23323
RMS 0.23311
RMS 0.23299
RMS 0.23286
RMS 0.23274
RMS 0.23262
RMS 0.23250
RMS 0.23237
RMS 0.23225
RMS 0.23213
RMS 0.23201
RMS 0.23189
RMS 0.23177
RMS 0.23165
RMS 0.23153
RMS 0.23141
RMS 0.23129
RMS 0.23118
RMS 0.23106
RMS 0.23094
RMS 0.23082
RMS 0.23070
RMS 0.23058
RMS 0.23047
RMS 0.23035
RMS 0.23023
RMS 0.23012
RMS 0.23000
RMS 0.22988
RMS 0.22977
RMS 0.22965
RMS 0.22953
RMS 0.22942
RMS 0.22930
RMS 0.22918
RMS 0.22907
RMS 0.22895
RMS 0.22884
RMS 0.22872
RMS 0.22861
RMS 0.22849
RMS 0.22837
RMS 0.22826
RMS 0.22814
RMS 0.22803
RMS 0.22791
RMS 0.22780
RMS 0.22768
RMS 0.22757
RMS 0.22745
RMS 0.22733
RMS 0.22722
RMS 0.22710
RMS 0.22699
RMS 0.22687
RMS 0.22676
RMS 0.22664
RMS 0.22652
RMS 0.22641
RMS 0.22629
RMS 0.22618
RMS 0.22606
RMS 0.22594
RMS 0.22583
RMS 0.22571
RMS 0.22559
RMS 0.22548
RMS 0.22536
RMS 0.22524
RMS 0.22512
RMS 0.22501
RMS 0.22489
RMS 0.22477
RMS 0.22465
RMS 0.22454
RMS 0.22442
RMS 0.22430
RMS 0.22418
RMS 0.22406
RMS 0.22394
RMS 0.22382
RMS 0.22370
RMS 0.22358
RMS 0.22346
RMS 0.22334
RMS 0.22322
RMS 0.22310
RMS 0.22298
RMS 0.22286
RMS 0.22274
RMS 0.22262
RMS 0.22249
RMS 0.22237
RMS 0.22225
RMS 0.22213
RMS 0.22200
RMS 0.22188
RMS 0.22176
RMS 0.22163
RMS 0.22151
RMS 0.22139
RMS 0.22126
RMS 0.22114
RMS 0.22101
RMS 0.22088
RMS 0.22076
RMS 0.22063
RMS 0.22050
RMS 0.22038
RMS 0.22025
RMS 0.22012
RMS 0.21999
RMS 0.21987
RMS 0.21974
RMS 0.21961
RMS 0.21948
RMS 0.21935
RMS 0.21922
RMS 0.21909
RMS 0.21896
RMS 0.21883
RMS 0.21869
RMS 0.21856
RMS 0.21843
RMS 0.21830
RMS 0.21816
RMS 0.21803
RMS 0.21789
RMS 0.21776
RMS 0.21762
RMS 0.21749
RMS 0.21735
RMS 0.21722
RMS 0.21708
RMS 0.21694
RMS 0.21680
RMS 0.21667
RMS 0.21653
RMS 0.21639
RMS 0.21625
RMS 0.21611
RMS 0.21597
RMS 0.21583
RMS 0.21569
RMS 0.21554
RMS 0.21540
RMS 0.21526
RMS 0.21512
RMS 0.21497
RMS 0.21483
RMS 0.21468
RMS 0.21454
RMS 0.21439
RMS 0.21425
RMS 0.21410
RMS 0.21395
RMS 0.21380
RMS 0.21365
RMS 0.21351
RMS 0.21336
RMS 0.21321
RMS 0.21305
RMS 0.21290
RMS 0.21275
RMS 0.21260
RMS 0.21245
RMS 0.21229
RMS 0.21214
RMS 0.21198
RMS 0.21183
RMS 0.21167
RMS 0.21152
RMS 0.21136
RMS 0.21120
RMS 0.21104
RMS 0.21089
RMS 0.21073
RMS 0.21057
RMS 0.21041
RMS 0.21024
RMS 0.21008
RMS 0.20992
RMS 0.20976
RMS 0.20959
RMS 0.20943
RMS 0.20926
RMS 0.20910
RMS 0.20893
RMS 0.20877
RMS 0.20860
RMS 0.20843
RMS 0.20826
RMS 0.20809
RMS 0.20792
RMS 0.20775
RMS 0.20758
RMS 0.20741
RMS 0.20723
RMS 0.20706
RMS 0.20689
RMS 0.20671
RMS 0.20653
RMS 0.20636
RMS 0.20618
RMS 0.20600
RMS 0.20582
RMS 0.20565
RMS 0.20547
RMS 0.20529
RMS 0.20510
RMS 0.20492
RMS 0.20474
RMS 0.20455
RMS 0.20437
RMS 0.20419
RMS 0.20400
RMS 0.20381
RMS 0.20363
RMS 0.20344
RMS 0.20325
RMS 0.20306
RMS 0.20287
RMS 0.20268
RMS 0.20248
RMS 0.20229
RMS 0.20210
RMS 0.20190
RMS 0.20171
RMS 0.20151
RMS 0.20132
RMS 0.20112
RMS 0.20092
RMS 0.20072
RMS 0.20052
RMS 0.20032
RMS 0.20012
RMS 0.19992
RMS 0.19971
RMS 0.19951
RMS 0.19930
RMS 0.19910
RMS 0.19889
RMS 0.19869
RMS 0.19848
RMS 0.19827
RMS 0.19806
RMS 0.19785
RMS 0.19764
RMS 0.19742
RMS 0.19721
RMS 0.19700
RMS 0.19678
RMS 0.19657
RMS 0.19635
RMS 0.19613
RMS 0.19591
RMS 0.19570
RMS 0.19548
RMS 0.19525
RMS 0.19503
RMS 0.19481
RMS 0.19459
RMS 0.19436
RMS 0.19414
RMS 0.19391
RMS 0.19368
RMS 0.19346
RMS 0.19323
RMS 0.19300
RMS 0.19277
RMS 0.19254
RMS 0.19230
RMS 0.19207
RMS 0.19184
RMS 0.19160
RMS 0.19137
RMS 0.19113
RMS 0.19089
RMS 0.19066
RMS 0.19042
RMS 0.19018
RMS 0.18993
RMS 0.18969
RMS 0.18945
RMS 0.18921
RMS 0.18896
RMS 0.18872
RMS 0.18847
RMS 0.18822
RMS 0.18797
RMS 0.18773
RMS 0.18748
RMS 0.18723
RMS 0.18697
RMS 0.18672
RMS 0.18647
RMS 0.18621
RMS 0.18596
RMS 0.18570
RMS 0.18544
RMS 0.18519
RMS 0.18493
RMS 0.18467
RMS 0.18441
RMS 0.18415
RMS 0.18388
RMS 0.18362
RMS 0.18336
RMS 0.18309
RMS 0.18282
RMS 0.18256
RMS 0.18229
RMS 0.18202
RMS 0.18175
RMS 0.18148
RMS 0.18121
RMS 0.18094
RMS 0.18066
RMS 0.18039
RMS 0.18011
RMS 0.17984
RMS 0.17956
RMS 0.17928
RMS 0.17900
RMS 0.17872
RMS 0.17844
RMS 0.17816
RMS 0.17788
RMS 0.17760
RMS 0.17731
RMS 0.17703
RMS 0.17674
RMS 0.17646
RMS 0.17617
RMS 0.17588
RMS 0.17559
RMS 0.17530
RMS 0.17501
RMS 0.17472
RMS 0.17443
RMS 0.17413
RMS 0.17384
RMS 0.17354
RMS 0.17325
RMS 0.17295
RMS 0.17265
RMS 0.17235
RMS 0.17205
RMS 0.17175
RMS 0.17145
RMS 0.17115
RMS 0.17085
RMS 0.17054
RMS 0.17024
RMS 0.16994
RMS 0.16963
RMS 0.16932
RMS 0.16902
RMS 0.16871
RMS 0.16840
RMS 0.16809
RMS 0.16778
RMS 0.16747
RMS 0.16716
RMS 0.16685
RMS 0.16654
RMS 0.16622
RMS 0.16591
RMS 0.16559
RMS 0.16528
RMS 0.16496
RMS 0.16465
RMS 0.16433
RMS 0.16402
RMS 0.16370
RMS 0.16338
RMS 0.16306
RMS 0.16275
RMS 0.16243
RMS 0.16211
RMS 0.16179
RMS 0.16147
RMS 0.16115
RMS 0.16083
RMS 0.16051
RMS 0.16019
RMS 0.15987
RMS 0.15955
RMS 0.15923
RMS 0.15891
RMS 0.15859
RMS 0.15827
RMS 0.15795
RMS 0.15763
RMS 0.15731
RMS 0.15699
RMS 0.15667
RMS 0.15635
RMS 0.15603
RMS 0.15571
RMS 0.15539
RMS 0.15507
RMS 0.15475
RMS 0.15444
RMS 0.15412
RMS 0.15380
RMS 0.15349
RMS 0.15317
RMS 0.15286
RMS 0.15254
RMS 0.15223
RMS 0.15192
RMS 0.15160
RMS 0.15129
RMS 0.15098
RMS 0.15067
RMS 0.15036
RMS 0.15006
RMS 0.14975
RMS 0.14945
RMS 0.14914
RMS 0.14884
RMS 0.14854
RMS 0.14823
RMS 0.14793
RMS 0.14763
RMS 0.14734
RMS 0.14704
RMS 0.14675
RMS 0.14645
RMS 0.14616
RMS 0.14587
RMS 0.14558
RMS 0.14529
RMS 0.14500
RMS 0.14472
RMS 0.14443
RMS 0.14415
RMS 0.14387
RMS 0.14359
RMS 0.14331
RMS 0.14303
RMS 0.14276
RMS 0.14249
RMS 0.14221
RMS 0.14194
RMS 0.14168
RMS 0.14141
RMS 0.14114
RMS 0.14088
RMS 0.14062
RMS 0.14036
RMS 0.14010
RMS 0.13984
RMS 0.13959
RMS 0.13933
RMS 0.13908
RMS 0.13883
RMS 0.13858
RMS 0.13834
RMS 0.13809
RMS 0.13785
RMS 0.13761
RMS 0.13737
RMS 0.13713
RMS 0.13689
RMS 0.13666
RMS 0.13642
RMS 0.13619
RMS 0.13596
RMS 0.13573
RMS 0.13551
RMS 0.13528
RMS 0.13506
RMS 0.13484
RMS 0.13462
RMS 0.13440
RMS 0.13418
RMS 0.13397
RMS 0.13375
RMS 0.13354
RMS 0.13333
RMS 0.13312
RMS 0.13292
RMS 0.13271
RMS 0.13251
RMS 0.13230
RMS 0.13210
RMS 0.13190
RMS 0.13171
RMS 0.13151
RMS 0.13131
RMS 0.13112
RMS 0.13093
RMS 0.13074
RMS 0.13055
RMS 0.13036
RMS 0.13017
RMS 0.12999
RMS 0.12980
RMS 0.12962
RMS 0.12944
RMS 0.12926
RMS 0.12908
RMS 0.12890
RMS 0.12873
RMS 0.12855
RMS 0.12838
RMS 0.12820
RMS 0.12803
RMS 0.12786
RMS 0.12769
RMS 0.12752
RMS 0.12736
RMS 0.12719
RMS 0.12703
RMS 0.12686
RMS 0.12670
RMS 0.12654
RMS 0.12638
RMS 0.12622
RMS 0.12606
RMS 0.12590

##################TEST##################
Test : ACIERTOS = 99 94%
Test FALLOS = 6 6%
