-0.30 0.35 0.05 -0.30 0.32 0.44 -0.37 0.45 -0.09 
-0.06 0.45 -0.09 -0.08 0.39 -0.37 -0.42 -0.36 0.35 
0.15 -0.07 -0.20 -0.34 -0.07 0.46 0.09 -0.28 -0.06 
-0.42 -0.03 -0.26 0.21 0.18 -0.41 -0.23 0.37 0.41 
-0.29 0.50 0.36 0.12 -0.06 0.31 -0.47 0.36 0.20 
-0.34 0.44 0.34 -0.49 0.09 
-0.23 -0.19 0.25 0.20 -0.23 
-0.15 0.42 0.21 -0.08 -0.11 0.46 -0.36 

##################LEARN##################
RMS 1.18171
RMS 0.51622
RMS 0.26648
RMS 0.20234
RMS 0.17838
RMS 0.16636
RMS 0.15913
RMS 0.15428
RMS 0.15078
RMS 0.14814
RMS 0.14609
RMS 0.14446
RMS 0.14314
RMS 0.14206
RMS 0.14116
RMS 0.14041
RMS 0.13977
RMS 0.13923
RMS 0.13876
RMS 0.13835
RMS 0.13800
RMS 0.13768
RMS 0.13740
RMS 0.13715
RMS 0.13692
RMS 0.13671
RMS 0.13652
RMS 0.13634
RMS 0.13618
RMS 0.13602
RMS 0.13588
RMS 0.13574
RMS 0.13560
RMS 0.13547
RMS 0.13535
RMS 0.13523
RMS 0.13511
RMS 0.13500
RMS 0.13489
RMS 0.13479
RMS 0.13468
RMS 0.13458
RMS 0.13448
RMS 0.13438
RMS 0.13428
RMS 0.13419
RMS 0.13409
RMS 0.13400
RMS 0.13391
RMS 0.13382
RMS 0.13373
RMS 0.13364
RMS 0.13356
RMS 0.13347
RMS 0.13339
RMS 0.13331
RMS 0.13323
RMS 0.13315
RMS 0.13307
RMS 0.13299
RMS 0.13291
RMS 0.13284
RMS 0.13276
RMS 0.13269
RMS 0.13261
RMS 0.13254
RMS 0.13247
RMS 0.13240
RMS 0.13233
RMS 0.13226
RMS 0.13220
RMS 0.13213
RMS 0.13206
RMS 0.13200
RMS 0.13194
RMS 0.13187
RMS 0.13181
RMS 0.13175
RMS 0.13169
RMS 0.13163
RMS 0.13157
RMS 0.13151
RMS 0.13145
RMS 0.13139
RMS 0.13134
RMS 0.13128
RMS 0.13122
RMS 0.13117
RMS 0.13112
RMS 0.13106
RMS 0.13101
RMS 0.13096
RMS 0.13090
RMS 0.13085
RMS 0.13080
RMS 0.13075
RMS 0.13070
RMS 0.13065
RMS 0.13060
RMS 0.13055
RMS 0.13050
RMS 0.13045
RMS 0.13041
RMS 0.13036
RMS 0.13031
RMS 0.13027
RMS 0.13022
RMS 0.13017
RMS 0.13013
RMS 0.13008
RMS 0.13004
RMS 0.12999
RMS 0.12995
RMS 0.12991
RMS 0.12986
RMS 0.12982
RMS 0.12978
RMS 0.12973
RMS 0.12969
RMS 0.12965
RMS 0.12961
RMS 0.12956
RMS 0.12952
RMS 0.12948
RMS 0.12944
RMS 0.12940
RMS 0.12936
RMS 0.12932
RMS 0.12928
RMS 0.12924
RMS 0.12920
RMS 0.12916
RMS 0.12912
RMS 0.12908
RMS 0.12904
RMS 0.12900
RMS 0.12896
RMS 0.12892
RMS 0.12888
RMS 0.12885
RMS 0.12881
RMS 0.12877
RMS 0.12873
RMS 0.12869
RMS 0.12866
RMS 0.12862
RMS 0.12858
RMS 0.12854
RMS 0.12850
RMS 0.12847
RMS 0.12843
RMS 0.12839
RMS 0.12836
RMS 0.12832
RMS 0.12828
RMS 0.12824
RMS 0.12821
RMS 0.12817
RMS 0.12813
RMS 0.12810
RMS 0.12806
RMS 0.12802
RMS 0.12799
RMS 0.12795
RMS 0.12791
RMS 0.12788
RMS 0.12784
RMS 0.12781
RMS 0.12777
RMS 0.12773
RMS 0.12770
RMS 0.12766
RMS 0.12762
RMS 0.12759
RMS 0.12755
RMS 0.12752
RMS 0.12748
RMS 0.12744
RMS 0.12741
RMS 0.12737
RMS 0.12734
RMS 0.12730
RMS 0.12726
RMS 0.12723
RMS 0.12719
RMS 0.12715
RMS 0.12712
RMS 0.12708
RMS 0.12705
RMS 0.12701
RMS 0.12697
RMS 0.12694
RMS 0.12690
RMS 0.12687
RMS 0.12683
RMS 0.12679
RMS 0.12676
RMS 0.12672
RMS 0.12668
RMS 0.12665
RMS 0.12661
RMS 0.12657
RMS 0.12654
RMS 0.12650
RMS 0.12647
RMS 0.12643
RMS 0.12639
RMS 0.12636
RMS 0.12632
RMS 0.12628
RMS 0.12624
RMS 0.12621
RMS 0.12617
RMS 0.12613
RMS 0.12610
RMS 0.12606
RMS 0.12602
RMS 0.12599
RMS 0.12595
RMS 0.12591
RMS 0.12587
RMS 0.12584
RMS 0.12580
RMS 0.12576
RMS 0.12572
RMS 0.12569
RMS 0.12565
RMS 0.12561
RMS 0.12557
RMS 0.12553
RMS 0.12550
RMS 0.12546
RMS 0.12542
RMS 0.12538
RMS 0.12534
RMS 0.12530
RMS 0.12527
RMS 0.12523
RMS 0.12519
RMS 0.12515
RMS 0.12511
RMS 0.12507
RMS 0.12503
RMS 0.12499
RMS 0.12495
RMS 0.12492
RMS 0.12488
RMS 0.12484
RMS 0.12480
RMS 0.12476
RMS 0.12472
RMS 0.12468
RMS 0.12464
RMS 0.12460
RMS 0.12456
RMS 0.12452
RMS 0.12448
RMS 0.12444
RMS 0.12440
RMS 0.12436
RMS 0.12432
RMS 0.12427
RMS 0.12423
RMS 0.12419
RMS 0.12415
RMS 0.12411
RMS 0.12407
RMS 0.12403
RMS 0.12399
RMS 0.12394
RMS 0.12390
RMS 0.12386
RMS 0.12382
RMS 0.12378
RMS 0.12373
RMS 0.12369
RMS 0.12365
RMS 0.12361
RMS 0.12357
RMS 0.12352
RMS 0.12348
RMS 0.12344
RMS 0.12339
RMS 0.12335
RMS 0.12331
RMS 0.12326
RMS 0.12322
RMS 0.12318
RMS 0.12313
RMS 0.12309
RMS 0.12305
RMS 0.12300
RMS 0.12296
RMS 0.12291
RMS 0.12287
RMS 0.12282
RMS 0.12278
RMS 0.12274
RMS 0.12269
RMS 0.12265
RMS 0.12260
RMS 0.12256
RMS 0.12251
RMS 0.12246
RMS 0.12242
RMS 0.12237
RMS 0.12233
RMS 0.12228
RMS 0.12224
RMS 0.12219
RMS 0.12214
RMS 0.12210
RMS 0.12205
RMS 0.12200
RMS 0.12196
RMS 0.12191
RMS 0.12186
RMS 0.12182
RMS 0.12177
RMS 0.12172
RMS 0.12168
RMS 0.12163
RMS 0.12158
RMS 0.12153
RMS 0.12149
RMS 0.12144
RMS 0.12139
RMS 0.12134
RMS 0.12129
RMS 0.12124
RMS 0.12120
RMS 0.12115
RMS 0.12110
RMS 0.12105
RMS 0.12100
RMS 0.12095
RMS 0.12090
RMS 0.12085
RMS 0.12080
RMS 0.12076
RMS 0.12071
RMS 0.12066
RMS 0.12061
RMS 0.12056
RMS 0.12051
RMS 0.12046
RMS 0.12041
RMS 0.12036
RMS 0.12031
RMS 0.12026
RMS 0.12021
RMS 0.12015
RMS 0.12010
RMS 0.12005
RMS 0.12000
RMS 0.11995
RMS 0.11990
RMS 0.11985
RMS 0.11980
RMS 0.11975
RMS 0.11969
RMS 0.11964
RMS 0.11959
RMS 0.11954
RMS 0.11949
RMS 0.11944
RMS 0.11938
RMS 0.11933
RMS 0.11928
RMS 0.11923
RMS 0.11918
RMS 0.11912
RMS 0.11907
RMS 0.11902
RMS 0.11897
RMS 0.11891
RMS 0.11886
RMS 0.11881
RMS 0.11876
RMS 0.11870
RMS 0.11865
RMS 0.11860
RMS 0.11854
RMS 0.11849
RMS 0.11844
RMS 0.11838
RMS 0.11833
RMS 0.11828
RMS 0.11822
RMS 0.11817
RMS 0.11812
RMS 0.11806
RMS 0.11801
RMS 0.11795
RMS 0.11790
RMS 0.11785
RMS 0.11779
RMS 0.11774
RMS 0.11769
RMS 0.11763
RMS 0.11758
RMS 0.11752
RMS 0.11747
RMS 0.11742
RMS 0.11736
RMS 0.11731
RMS 0.11725
RMS 0.11720
RMS 0.11714
RMS 0.11709
RMS 0.11704
RMS 0.11698
RMS 0.11693
RMS 0.11687
RMS 0.11682
RMS 0.11676
RMS 0.11671
RMS 0.11665
RMS 0.11660
RMS 0.11654
RMS 0.11649
RMS 0.11644
RMS 0.11638
RMS 0.11633
RMS 0.11627
RMS 0.11622
RMS 0.11616
RMS 0.11611
RMS 0.11605
RMS 0.11600
RMS 0.11594
RMS 0.11589
RMS 0.11583
RMS 0.11578
RMS 0.11572
RMS 0.11567
RMS 0.11561
RMS 0.11556
RMS 0.11551
RMS 0.11545
RMS 0.11540
RMS 0.11534
RMS 0.11529
RMS 0.11523
RMS 0.11518
RMS 0.11512
RMS 0.11507
RMS 0.11501
RMS 0.11496
RMS 0.11490
RMS 0.11485
RMS 0.11479
RMS 0.11474
RMS 0.11469
RMS 0.11463
RMS 0.11458
RMS 0.11452
RMS 0.11447
RMS 0.11441
RMS 0.11436
RMS 0.11430
RMS 0.11425
RMS 0.11419
RMS 0.11414
RMS 0.11409
RMS 0.11403
RMS 0.11398
RMS 0.11392
RMS 0.11387
RMS 0.11381
RMS 0.11376
RMS 0.11370
RMS 0.11365
RMS 0.11360
RMS 0.11354
RMS 0.11349
RMS 0.11343
RMS 0.11338
RMS 0.11333
RMS 0.11327
RMS 0.11322
RMS 0.11316
RMS 0.11311
RMS 0.11305
RMS 0.11300
RMS 0.11295
RMS 0.11289
RMS 0.11284
RMS 0.11279
RMS 0.11273
RMS 0.11268
RMS 0.11262
RMS 0.11257
RMS 0.11252
RMS 0.11246
RMS 0.11241
RMS 0.11235
RMS 0.11230
RMS 0.11225
RMS 0.11219
RMS 0.11214
RMS 0.11209
RMS 0.11203
RMS 0.11198
RMS 0.11193
RMS 0.11187
RMS 0.11182
RMS 0.11177
RMS 0.11171
RMS 0.11166
RMS 0.11160
RMS 0.11155
RMS 0.11150
RMS 0.11144
RMS 0.11139
RMS 0.11134
RMS 0.11128
RMS 0.11123
RMS 0.11118
RMS 0.11112
RMS 0.11107
RMS 0.11102
RMS 0.11097
RMS 0.11091
RMS 0.11086
RMS 0.11081
RMS 0.11075
RMS 0.11070
RMS 0.11065
RMS 0.11059
RMS 0.11054
RMS 0.11049
RMS 0.11043
RMS 0.11038
RMS 0.11033
RMS 0.11028
RMS 0.11022
RMS 0.11017
RMS 0.11012
RMS 0.11006
RMS 0.11001
RMS 0.10996
RMS 0.10990
RMS 0.10985
RMS 0.10980
RMS 0.10975
RMS 0.10969
RMS 0.10964
RMS 0.10959
RMS 0.10953
RMS 0.10948
RMS 0.10943
RMS 0.10938
RMS 0.10932
RMS 0.10927
RMS 0.10922
RMS 0.10917
RMS 0.10911
RMS 0.10906
RMS 0.10901
RMS 0.10895
RMS 0.10890
RMS 0.10885
RMS 0.10880
RMS 0.10874
RMS 0.10869
RMS 0.10864
RMS 0.10859
RMS 0.10853
RMS 0.10848
RMS 0.10843
RMS 0.10837
RMS 0.10832
RMS 0.10827
RMS 0.10822
RMS 0.10816
RMS 0.10811
RMS 0.10806
RMS 0.10800
RMS 0.10795
RMS 0.10790
RMS 0.10785
RMS 0.10779
RMS 0.10774
RMS 0.10769
RMS 0.10764
RMS 0.10758
RMS 0.10753
RMS 0.10748
RMS 0.10742
RMS 0.10737
RMS 0.10732
RMS 0.10726
RMS 0.10721
RMS 0.10716
RMS 0.10711
RMS 0.10705
RMS 0.10700
RMS 0.10695
RMS 0.10689
RMS 0.10684
RMS 0.10679
RMS 0.10673
RMS 0.10668
RMS 0.10663
RMS 0.10658
RMS 0.10652
RMS 0.10647
RMS 0.10642
RMS 0.10636
RMS 0.10631
RMS 0.10626
RMS 0.10620
RMS 0.10615
RMS 0.10610
RMS 0.10604
RMS 0.10599
RMS 0.10594
RMS 0.10588
RMS 0.10583
RMS 0.10577
RMS 0.10572
RMS 0.10567
RMS 0.10561
RMS 0.10556
RMS 0.10551
RMS 0.10545
RMS 0.10540
RMS 0.10534
RMS 0.10529
RMS 0.10524
RMS 0.10518
RMS 0.10513
RMS 0.10507
RMS 0.10502
RMS 0.10497
RMS 0.10491
RMS 0.10486
RMS 0.10480
RMS 0.10475
RMS 0.10469
RMS 0.10464
RMS 0.10458
RMS 0.10453
RMS 0.10448
RMS 0.10442
RMS 0.10437
RMS 0.10431
RMS 0.10426
RMS 0.10420
RMS 0.10415
RMS 0.10409
RMS 0.10404
RMS 0.10398
RMS 0.10392
RMS 0.10387
RMS 0.10381
RMS 0.10376
RMS 0.10370
RMS 0.10365
RMS 0.10359
RMS 0.10354
RMS 0.10348
RMS 0.10342
RMS 0.10337
RMS 0.10331
RMS 0.10326
RMS 0.10320
RMS 0.10314
RMS 0.10309
RMS 0.10303
RMS 0.10297
RMS 0.10292
RMS 0.10286
RMS 0.10280
RMS 0.10275
RMS 0.10269
RMS 0.10263
RMS 0.10257
RMS 0.10252
RMS 0.10246
RMS 0.10240
RMS 0.10234
RMS 0.10229
RMS 0.10223
RMS 0.10217
RMS 0.10211
RMS 0.10206
RMS 0.10200
RMS 0.10194
RMS 0.10188
RMS 0.10182
RMS 0.10176
RMS 0.10170
RMS 0.10165
RMS 0.10159
RMS 0.10153
RMS 0.10147
RMS 0.10141
RMS 0.10135
RMS 0.10129
RMS 0.10123
RMS 0.10117
RMS 0.10111
RMS 0.10105
RMS 0.10099
RMS 0.10093
RMS 0.10087
RMS 0.10081
RMS 0.10075
RMS 0.10069
RMS 0.10063
RMS 0.10057
RMS 0.10051
RMS 0.10045
RMS 0.10038
RMS 0.10032
RMS 0.10026
RMS 0.10020
RMS 0.10014
RMS 0.10008
RMS 0.10001
RMS 0.09995
RMS 0.09989
RMS 0.09983
RMS 0.09976
RMS 0.09970
RMS 0.09964
RMS 0.09957
RMS 0.09951
RMS 0.09945
RMS 0.09938
RMS 0.09932
RMS 0.09926
RMS 0.09919
RMS 0.09913
RMS 0.09906
RMS 0.09900
RMS 0.09894
RMS 0.09887
RMS 0.09881
RMS 0.09874
RMS 0.09868
RMS 0.09861
RMS 0.09855
RMS 0.09848
RMS 0.09841
RMS 0.09835
RMS 0.09828
RMS 0.09821
RMS 0.09815
RMS 0.09808
RMS 0.09801
RMS 0.09795
RMS 0.09788
RMS 0.09781
RMS 0.09775
RMS 0.09768
RMS 0.09761
RMS 0.09754
RMS 0.09747
RMS 0.09741
RMS 0.09734
RMS 0.09727
RMS 0.09720
RMS 0.09713
RMS 0.09706
RMS 0.09699
RMS 0.09692
RMS 0.09685
RMS 0.09678
RMS 0.09671
RMS 0.09664
RMS 0.09657
RMS 0.09650
RMS 0.09643
RMS 0.09636
RMS 0.09628
RMS 0.09621
RMS 0.09614
RMS 0.09607
RMS 0.09600
RMS 0.09592
RMS 0.09585
RMS 0.09578
RMS 0.09570
RMS 0.09563
RMS 0.09556
RMS 0.09548
RMS 0.09541
RMS 0.09533
RMS 0.09526
RMS 0.09518
RMS 0.09511
RMS 0.09503
RMS 0.09496
RMS 0.09488
RMS 0.09480
RMS 0.09473
RMS 0.09465
RMS 0.09457
RMS 0.09450
RMS 0.09442
RMS 0.09434
RMS 0.09426
RMS 0.09418
RMS 0.09411
RMS 0.09403
RMS 0.09395
RMS 0.09387
RMS 0.09379
RMS 0.09371
RMS 0.09363
RMS 0.09355
RMS 0.09347
RMS 0.09338
RMS 0.09330
RMS 0.09322
RMS 0.09314
RMS 0.09305
RMS 0.09297
RMS 0.09289
RMS 0.09280
RMS 0.09272
RMS 0.09263
RMS 0.09255
RMS 0.09246
RMS 0.09238
RMS 0.09229
RMS 0.09221
RMS 0.09212
RMS 0.09203
RMS 0.09194
RMS 0.09185
RMS 0.09177
RMS 0.09168
RMS 0.09159
RMS 0.09150
RMS 0.09141
RMS 0.09131
RMS 0.09122
RMS 0.09113
RMS 0.09104
RMS 0.09094
RMS 0.09085
RMS 0.09076
RMS 0.09066
RMS 0.09057
RMS 0.09047
RMS 0.09037
RMS 0.09028
RMS 0.09018
RMS 0.09008
RMS 0.08998
RMS 0.08988
RMS 0.08978
RMS 0.08968
RMS 0.08958
RMS 0.08948
RMS 0.08938
RMS 0.08927
RMS 0.08917
RMS 0.08907
RMS 0.08896
RMS 0.08885
RMS 0.08875
RMS 0.08864
RMS 0.08853
RMS 0.08842
RMS 0.08831
RMS 0.08820
RMS 0.08809
RMS 0.08798
RMS 0.08787
RMS 0.08775
RMS 0.08764
RMS 0.08752
RMS 0.08741
RMS 0.08729
RMS 0.08717
RMS 0.08705
RMS 0.08693
RMS 0.08681
RMS 0.08669
RMS 0.08657
RMS 0.08645
RMS 0.08632
RMS 0.08620
RMS 0.08607
RMS 0.08594
RMS 0.08582
RMS 0.08569
RMS 0.08556
RMS 0.08543
RMS 0.08530
RMS 0.08517
RMS 0.08503
RMS 0.08490
RMS 0.08476
RMS 0.08463
RMS 0.08449
RMS 0.08436
RMS 0.08422
RMS 0.08408
RMS 0.08394
RMS 0.08380
RMS 0.08366
RMS 0.08351
RMS 0.08337
RMS 0.08323
RMS 0.08308
RMS 0.08294
RMS 0.08279
RMS 0.08265
RMS 0.08250
RMS 0.08235
RMS 0.08220
RMS 0.08205
RMS 0.08190
RMS 0.08175
RMS 0.08160
RMS 0.08145
RMS 0.08130
RMS 0.08115
RMS 0.08099
RMS 0.08084
RMS 0.08069
RMS 0.08053
RMS 0.08038
RMS 0.08022
RMS 0.08007
RMS 0.07991
RMS 0.07976
RMS 0.07960
RMS 0.07945
RMS 0.07929
RMS 0.07913
RMS 0.07898
RMS 0.07882
RMS 0.07866
RMS 0.07851
RMS 0.07835
RMS 0.07819
RMS 0.07804
RMS 0.07788
RMS 0.07772
RMS 0.07756
RMS 0.07741
RMS 0.07725
RMS 0.07709
RMS 0.07694
RMS 0.07678
RMS 0.07663
RMS 0.07647
RMS 0.07631
RMS 0.07616
RMS 0.07600
RMS 0.07585
RMS 0.07569
RMS 0.07554
RMS 0.07539
RMS 0.07523
RMS 0.07508
RMS 0.07493
RMS 0.07478
RMS 0.07462
RMS 0.07447
RMS 0.07432
RMS 0.07417
RMS 0.07402
RMS 0.07387
RMS 0.07372
RMS 0.07357
RMS 0.07343
RMS 0.07328
RMS 0.07313
RMS 0.07299
RMS 0.07284
RMS 0.07270
RMS 0.07255
RMS 0.07241
RMS 0.07226
RMS 0.07212
RMS 0.07198
RMS 0.07184
RMS 0.07170
RMS 0.07156
RMS 0.07142
RMS 0.07128
RMS 0.07114
RMS 0.07101
RMS 0.07087
RMS 0.07073
RMS 0.07060
RMS 0.07046
RMS 0.07033
RMS 0.07020
RMS 0.07006
RMS 0.06993
RMS 0.06980

##################TEST##################
Test : ACIERTOS = 474 97%
Test FALLOS = 16 3%
