0.13 -0.14 -0.23 -0.38 -0.43 -0.23 -0.15 -0.01 -0.30 
-0.07 -0.09 -0.25 -0.15 -0.45 -0.00 -0.29 0.47 0.11 
0.02 0.39 -0.40 0.49 0.01 0.48 -0.28 -0.05 -0.47 
-0.45 0.15 -0.33 0.07 -0.22 0.03 0.34 -0.09 0.10 
-0.39 0.26 -0.41 -0.18 -0.31 -0.00 0.07 0.04 0.05 
-0.44 0.25 0.02 0.17 -0.23 -0.09 0.27 -0.24 0.42 
0.25 -0.02 -0.13 0.28 0.03 -0.48 
0.45 -0.40 -0.20 -0.03 0.44 0.21 
-0.43 -0.45 -0.03 -0.34 -0.13 0.15 0.16 0.44 

##################LEARN##################
RMS 1.56909
RMS 1.57325
RMS 1.57670
RMS 1.56204
RMS 1.55761
RMS 1.55550
RMS 1.55451
RMS 1.55404
RMS 1.55380
RMS 1.55366
RMS 1.55356
RMS 1.55348
RMS 1.55341
RMS 1.55334
RMS 1.55328
RMS 1.55323
RMS 1.55317
RMS 1.55312
RMS 1.55307
RMS 1.55303
RMS 1.55299
RMS 1.55295
RMS 1.55291
RMS 1.55288
RMS 1.55285
RMS 1.55282
RMS 1.55279
RMS 1.55277
RMS 1.55274
RMS 1.55272
RMS 1.55270
RMS 1.55268
RMS 1.55265
RMS 1.55264
RMS 1.55262
RMS 1.55260
RMS 1.55259
RMS 1.55257
RMS 1.55256
RMS 1.55254
RMS 1.55253
RMS 1.55252
RMS 1.55251
RMS 1.55249
RMS 1.55248
RMS 1.55247
RMS 1.55246
RMS 1.55245
RMS 1.55244
RMS 1.55244
RMS 1.55243
RMS 1.55242
RMS 1.55241
RMS 1.55240
RMS 1.55240
RMS 1.55239
RMS 1.55238
RMS 1.55237
RMS 1.55237
RMS 1.55236
RMS 1.55236
RMS 1.55235
RMS 1.55235
RMS 1.55234
RMS 1.55233
RMS 1.55233
RMS 1.55233
RMS 1.55232
RMS 1.55232
RMS 1.55231
RMS 1.55231
RMS 1.55230
RMS 1.55230
RMS 1.55229
RMS 1.55229
RMS 1.55229
RMS 1.55228
RMS 1.55228
RMS 1.55228
RMS 1.55227
RMS 1.55227
RMS 1.55227
RMS 1.55226
RMS 1.55226
RMS 1.55226
RMS 1.55226
RMS 1.55225
RMS 1.55225
RMS 1.55225
RMS 1.55225
RMS 1.55224
RMS 1.55224
RMS 1.55224
RMS 1.55224
RMS 1.55223
RMS 1.55223
RMS 1.55223
RMS 1.55223
RMS 1.55223
RMS 1.55222
RMS 1.55222
RMS 1.55222
RMS 1.55222
RMS 1.55222
RMS 1.55221
RMS 1.55221
RMS 1.55221
RMS 1.55221
RMS 1.55221
RMS 1.55221
RMS 1.55221
RMS 1.55220
RMS 1.55220
RMS 1.55220
RMS 1.55220
RMS 1.55220
RMS 1.55220
RMS 1.55220
RMS 1.55219
RMS 1.55219
RMS 1.55219
RMS 1.55219
RMS 1.55219
RMS 1.55219
RMS 1.55219
RMS 1.55219
RMS 1.55219
RMS 1.55218
RMS 1.55218
RMS 1.55218
RMS 1.55218
RMS 1.55218
RMS 1.55218
RMS 1.55218
RMS 1.55218
RMS 1.55218
RMS 1.55217
RMS 1.55217
RMS 1.55217
RMS 1.55217
RMS 1.55217
RMS 1.55217
RMS 1.55217
RMS 1.55217
RMS 1.55217
RMS 1.55217
RMS 1.55217
RMS 1.55217
RMS 1.55216
RMS 1.55216
RMS 1.55216
RMS 1.55216
RMS 1.55216
RMS 1.55216
RMS 1.55216
RMS 1.55216
RMS 1.55216
RMS 1.55216
RMS 1.55216
RMS 1.55216
RMS 1.55216
RMS 1.55216
RMS 1.55216
RMS 1.55215
RMS 1.55215
RMS 1.55215
RMS 1.55215
RMS 1.55215
RMS 1.55215
RMS 1.55215
RMS 1.55215
RMS 1.55215
RMS 1.55215
RMS 1.55215
RMS 1.55215
RMS 1.55215
RMS 1.55215
RMS 1.55215
RMS 1.55215
RMS 1.55215
RMS 1.55215
RMS 1.55215
RMS 1.55215
RMS 1.55214
RMS 1.55214
RMS 1.55214
RMS 1.55214
RMS 1.55214
RMS 1.55214
RMS 1.55214
RMS 1.55214
RMS 1.55214
RMS 1.55214
RMS 1.55214
RMS 1.55214
RMS 1.55214
RMS 1.55214
RMS 1.55214
RMS 1.55214
RMS 1.55214
RMS 1.55214
RMS 1.55214
RMS 1.55214
RMS 1.55214
RMS 1.55214
RMS 1.55214
RMS 1.55214
RMS 1.55214
RMS 1.55214
RMS 1.55214
RMS 1.55214
RMS 1.55213
RMS 1.55213
RMS 1.55213
RMS 1.55213
RMS 1.55213
RMS 1.55213
RMS 1.55213
RMS 1.55213
RMS 1.55213
RMS 1.55213
RMS 1.55213
RMS 1.55213
RMS 1.55213
RMS 1.55213
RMS 1.55213
RMS 1.55213
RMS 1.55213
RMS 1.55213
RMS 1.55213
RMS 1.55213
RMS 1.55213
RMS 1.55213
RMS 1.55213
RMS 1.55213
RMS 1.55213
RMS 1.55213
RMS 1.55213
RMS 1.55213
RMS 1.55213
RMS 1.55213
RMS 1.55213
RMS 1.55213
RMS 1.55213
RMS 1.55213
RMS 1.55213
RMS 1.55213
RMS 1.55213
RMS 1.55213
RMS 1.55213
RMS 1.55213
RMS 1.55213
RMS 1.55213
RMS 1.55213
RMS 1.55213
RMS 1.55213
RMS 1.55213
RMS 1.55213
RMS 1.55213
RMS 1.55212
RMS 1.55212
RMS 1.55212
RMS 1.55212
RMS 1.55212
RMS 1.55212
RMS 1.55212
RMS 1.55212
RMS 1.55212
RMS 1.55212
RMS 1.55212
RMS 1.55212
RMS 1.55212
RMS 1.55212
RMS 1.55212
RMS 1.55212
RMS 1.55212
RMS 1.55212
RMS 1.55212
RMS 1.55212
RMS 1.55212
RMS 1.55212
RMS 1.55212
RMS 1.55212
RMS 1.55212
RMS 1.55212
RMS 1.55212
RMS 1.55212
RMS 1.55212
RMS 1.55212
RMS 1.55212
RMS 1.55212
RMS 1.55212
RMS 1.55212
RMS 1.55212
RMS 1.55212
RMS 1.55212
RMS 1.55212
RMS 1.55212
RMS 1.55212
RMS 1.55212
RMS 1.55212
RMS 1.55212
RMS 1.55212
RMS 1.55212
RMS 1.55212
RMS 1.55212
RMS 1.55212
RMS 1.55212
RMS 1.55212
RMS 1.55212
RMS 1.55212
RMS 1.55212
RMS 1.55212
RMS 1.55212
RMS 1.55212
RMS 1.55212
RMS 1.55212
RMS 1.55212
RMS 1.55212
RMS 1.55212
RMS 1.55212
RMS 1.55212
RMS 1.55212
RMS 1.55212
RMS 1.55212
RMS 1.55212
RMS 1.55212
RMS 1.55212
RMS 1.55212
RMS 1.55212
RMS 1.55212
RMS 1.55212
RMS 1.55212
RMS 1.55212
RMS 1.55212
RMS 1.55212
RMS 1.55212
RMS 1.55212
RMS 1.55212
RMS 1.55212
RMS 1.55212
RMS 1.55212
RMS 1.55212
RMS 1.55212
RMS 1.55212
RMS 1.55212
RMS 1.55212
RMS 1.55212
RMS 1.55212
RMS 1.55212
RMS 1.55212
RMS 1.55212
RMS 1.55212
RMS 1.55212
RMS 1.55212
RMS 1.55212
RMS 1.55211
RMS 1.55212
RMS 1.55211
RMS 1.55211
RMS 1.55211
RMS 1.55211
RMS 1.55211
RMS 1.55211
RMS 1.55211
RMS 1.55211
RMS 1.55211
RMS 1.55211
RMS 1.55211
RMS 1.55211
RMS 1.55211
RMS 1.55211
RMS 1.55211
RMS 1.55211
RMS 1.55211
RMS 1.55211
RMS 1.55211
RMS 1.55211
RMS 1.55211
RMS 1.55211
RMS 1.55211
RMS 1.55211
RMS 1.55211
RMS 1.55211
RMS 1.55211
RMS 1.55211
RMS 1.55211
RMS 1.55211
RMS 1.55211
RMS 1.55211
RMS 1.55211
RMS 1.55211
RMS 1.55211
RMS 1.55211
RMS 1.55211
RMS 1.55211
RMS 1.55211
RMS 1.55211
RMS 1.55211
RMS 1.55211
RMS 1.55211
RMS 1.55211
RMS 1.55211
RMS 1.55211
RMS 1.55211
RMS 1.55211
RMS 1.55211
RMS 1.55211
RMS 1.55211
RMS 1.55211
RMS 1.55211
RMS 1.55211
RMS 1.55211
RMS 1.55211
RMS 1.55211
RMS 1.55211
RMS 1.55211
RMS 1.55211
RMS 1.55211
RMS 1.55211
RMS 1.55211
RMS 1.55211
RMS 1.55211
RMS 1.55211
RMS 1.55211
RMS 1.55211
RMS 1.55211
RMS 1.55211
RMS 1.55211
RMS 1.55211
RMS 1.55211
RMS 1.55211
RMS 1.55211
RMS 1.55211
RMS 1.55211
RMS 1.55211
RMS 1.55211
RMS 1.55211
RMS 1.55211
RMS 1.55211
RMS 1.55211
RMS 1.55211
RMS 1.55211
RMS 1.55211
RMS 1.55211
RMS 1.55211
RMS 1.55211
RMS 1.55211
RMS 1.55211
RMS 1.55211
RMS 1.55211
RMS 1.55211
RMS 1.55211
RMS 1.55211
RMS 1.55211
RMS 1.55211
RMS 1.55211
RMS 1.55211
RMS 1.55211
RMS 1.55211
RMS 1.55211
RMS 1.55211
RMS 1.55211
RMS 1.55211
RMS 1.55211
RMS 1.55211
RMS 1.55211
RMS 1.55211
RMS 1.55211
RMS 1.55211
RMS 1.55211
RMS 1.55211
RMS 1.55211
RMS 1.55211
RMS 1.55211
RMS 1.55211
RMS 1.55211
RMS 1.55211
RMS 1.55211
RMS 1.55211
RMS 1.55211
RMS 1.55211
RMS 1.55211
RMS 1.55211
RMS 1.55211
RMS 1.55211
RMS 1.55211
RMS 1.55211
RMS 1.55211
RMS 1.55211
RMS 1.55211
RMS 1.55211
RMS 1.55211
RMS 1.55211
RMS 1.55211
RMS 1.55211
RMS 1.55211
RMS 1.55211
RMS 1.55211
RMS 1.55211
RMS 1.55211
RMS 1.55211
RMS 1.55211
RMS 1.55211
RMS 1.55211
RMS 1.55211
RMS 1.55211
RMS 1.55211
RMS 1.55211
RMS 1.55211
RMS 1.55211
RMS 1.55211
RMS 1.55211
RMS 1.55211
RMS 1.55211
RMS 1.55211
RMS 1.55211
RMS 1.55211
RMS 1.55211
RMS 1.55211
RMS 1.55211
RMS 1.55211
RMS 1.55211
RMS 1.55211
RMS 1.55211
RMS 1.55211
RMS 1.55211
RMS 1.55211
RMS 1.55211
RMS 1.55211
RMS 1.55211
RMS 1.55211
RMS 1.55211
RMS 1.55211
RMS 1.55211
RMS 1.55211
RMS 1.55211
RMS 1.55211
RMS 1.55211
RMS 1.55211
RMS 1.55211
RMS 1.55211
RMS 1.55211
RMS 1.55211
RMS 1.55211
RMS 1.55211
RMS 1.55211
RMS 1.55211
RMS 1.55211
RMS 1.55211
RMS 1.55211
RMS 1.55211
RMS 1.55211
RMS 1.55211
RMS 1.55211
RMS 1.55211
RMS 1.55211
RMS 1.55211
RMS 1.55211
RMS 1.55211
RMS 1.55211
RMS 1.55211
RMS 1.55211
RMS 1.55211
RMS 1.55211
RMS 1.55211
RMS 1.55211
RMS 1.55211
RMS 1.55211
RMS 1.55211
RMS 1.55211
RMS 1.55211
RMS 1.55211
RMS 1.55211
RMS 1.55211
RMS 1.55211
RMS 1.55211
RMS 1.55211
RMS 1.55211
RMS 1.55211
RMS 1.55211
RMS 1.55211
RMS 1.55211
RMS 1.55211
RMS 1.55211
RMS 1.55211
RMS 1.55211
RMS 1.55211
RMS 1.55211
RMS 1.55211
RMS 1.55211
RMS 1.55211
RMS 1.55211
RMS 1.55211
RMS 1.55211
RMS 1.55211
RMS 1.55211
RMS 1.55211
RMS 1.55211
RMS 1.55211
RMS 1.55211
RMS 1.55211
RMS 1.55211
RMS 1.55211
RMS 1.55211
RMS 1.55211
RMS 1.55211
RMS 1.55211
RMS 1.55211
RMS 1.55211
RMS 1.55211
RMS 1.55211
RMS 1.55211
RMS 1.55211
RMS 1.55211
RMS 1.55211
RMS 1.55211
RMS 1.55211
RMS 1.55211
RMS 1.55211
RMS 1.55211
RMS 1.55211
RMS 1.55211
RMS 1.55211
RMS 1.55211
RMS 1.55211
RMS 1.55211
RMS 1.55211
RMS 1.55211
RMS 1.55211
RMS 1.55211
RMS 1.55211
RMS 1.55211
RMS 1.55211
RMS 1.55211
RMS 1.55211
RMS 1.55211
RMS 1.55211
RMS 1.55211
RMS 1.55211
RMS 1.55211
RMS 1.55211
RMS 1.55211
RMS 1.55211
RMS 1.55211
RMS 1.55211
RMS 1.55211
RMS 1.55211
RMS 1.55211
RMS 1.55211
RMS 1.55211
RMS 1.55211
RMS 1.55211
RMS 1.55211
RMS 1.55211
RMS 1.55211
RMS 1.55211
RMS 1.55211
RMS 1.55211
RMS 1.55211
RMS 1.55211
RMS 1.55211
RMS 1.55211
RMS 1.55211
RMS 1.55211
RMS 1.55211
RMS 1.55211
RMS 1.55211
RMS 1.55211
RMS 1.55211
RMS 1.55211
RMS 1.55211
RMS 1.55211
RMS 1.55211
RMS 1.55211
RMS 1.55211
RMS 1.55211
RMS 1.55211
RMS 1.55211
RMS 1.55211
RMS 1.55211
RMS 1.55211
RMS 1.55211
RMS 1.55211
RMS 1.55211
RMS 1.55211
RMS 1.55211
RMS 1.55211
RMS 1.55211
RMS 1.55211
RMS 1.55211
RMS 1.55211
RMS 1.55211
RMS 1.55211
RMS 1.55211
RMS 1.55211
RMS 1.55211
RMS 1.55211
RMS 1.55211
RMS 1.55211
RMS 1.55211
RMS 1.55211
RMS 1.55211
RMS 1.55211
RMS 1.55211
RMS 1.55211
RMS 1.55211
RMS 1.55211
RMS 1.55211
RMS 1.55211
RMS 1.55211
RMS 1.55211
RMS 1.55211
RMS 1.55211
RMS 1.55211
RMS 1.55211
RMS 1.55211
RMS 1.55211
RMS 1.55211
RMS 1.55211
RMS 1.55211
RMS 1.55211
RMS 1.55211
RMS 1.55211
RMS 1.55211
RMS 1.55211
RMS 1.55211
RMS 1.55211
RMS 1.55211
RMS 1.55211
RMS 1.55211
RMS 1.55211
RMS 1.55211
RMS 1.55211
RMS 1.55211
RMS 1.55211
RMS 1.55211
RMS 1.55211
RMS 1.55211
RMS 1.55211
RMS 1.55211
RMS 1.55211
RMS 1.55211
RMS 1.55211
RMS 1.55211
RMS 1.55211
RMS 1.55211
RMS 1.55211
RMS 1.55211
RMS 1.55211
RMS 1.55211
RMS 1.55211
RMS 1.55211
RMS 1.55211
RMS 1.55211
RMS 1.55211
RMS 1.55211
RMS 1.55211
RMS 1.55211
RMS 1.55211
RMS 1.55211
RMS 1.55211
RMS 1.55211
RMS 1.55211
RMS 1.55211
RMS 1.55211
RMS 1.55211
RMS 1.55211
RMS 1.55211
RMS 1.55211
RMS 1.55211
RMS 1.55211
RMS 1.55211
RMS 1.55211
RMS 1.55211
RMS 1.55211
RMS 1.55211
RMS 1.55211
RMS 1.55211
RMS 1.55211
RMS 1.55211
RMS 1.55211
RMS 1.55211
RMS 1.55211
RMS 1.55211
RMS 1.55211
RMS 1.55211
RMS 1.55211
RMS 1.55211
RMS 1.55211
RMS 1.55211
RMS 1.55211
RMS 1.55211
RMS 1.55211
RMS 1.55211
RMS 1.55211
RMS 1.55211
RMS 1.55211
RMS 1.55211
RMS 1.55211
RMS 1.55211
RMS 1.55211
RMS 1.55211
RMS 1.55211
RMS 1.55211
RMS 1.55211
RMS 1.55211
RMS 1.55211
RMS 1.55211
RMS 1.55211
RMS 1.55211
RMS 1.55211
RMS 1.55211
RMS 1.55211
RMS 1.55211
RMS 1.55211
RMS 1.55211
RMS 1.55211
RMS 1.55211
RMS 1.55211
RMS 1.55211
RMS 1.55211
RMS 1.55211
RMS 1.55211
RMS 1.55211
RMS 1.55211
RMS 1.55211
RMS 1.55211
RMS 1.55211
RMS 1.55211
RMS 1.55211
RMS 1.55211
RMS 1.55211
RMS 1.55211
RMS 1.55211
RMS 1.55211
RMS 1.55211
RMS 1.55211
RMS 1.55211
RMS 1.55211
RMS 1.55211
RMS 1.55211
RMS 1.55211
RMS 1.55211
RMS 1.55211
RMS 1.55211
RMS 1.55211
RMS 1.55211
RMS 1.55211
RMS 1.55211
RMS 1.55211
RMS 1.55211
RMS 1.55211
RMS 1.55211
RMS 1.55211
RMS 1.55211
RMS 1.55211
RMS 1.55211
RMS 1.55211
RMS 1.55211
RMS 1.55211
RMS 1.55211
RMS 1.55211
RMS 1.55211
RMS 1.55211
RMS 1.55211
RMS 1.55211
RMS 1.55211
RMS 1.55211
RMS 1.55211
RMS 1.55211
RMS 1.55211
RMS 1.55211
RMS 1.55211
RMS 1.55211
RMS 1.55211
RMS 1.55211
RMS 1.55211
RMS 1.55211
RMS 1.55211
RMS 1.55211
RMS 1.55211
RMS 1.55211
RMS 1.55211
RMS 1.55211
RMS 1.55211
RMS 1.55211
RMS 1.55211
RMS 1.55211
RMS 1.55211
RMS 1.55211
RMS 1.55211
RMS 1.55211
RMS 1.55211
RMS 1.55211
RMS 1.55211
RMS 1.55211
RMS 1.55211
RMS 1.55211
RMS 1.55211
RMS 1.55211
RMS 1.55211
RMS 1.55211
RMS 1.55211
RMS 1.55211
RMS 1.55211
RMS 1.55211
RMS 1.55211
RMS 1.55211
RMS 1.55211
RMS 1.55211
RMS 1.55211
RMS 1.55211
RMS 1.55211
RMS 1.55211
RMS 1.55211
RMS 1.55211
RMS 1.55211
RMS 1.55211
RMS 1.55211
RMS 1.55211
RMS 1.55211
RMS 1.55211
RMS 1.55211
RMS 1.55211
RMS 1.55211
RMS 1.55211
RMS 1.55211
RMS 1.55211
RMS 1.55211
RMS 1.55211
RMS 1.55211
RMS 1.55211
RMS 1.55211
RMS 1.55211
RMS 1.55211
RMS 1.55211
RMS 1.55211
RMS 1.55211
RMS 1.55211
RMS 1.55211
RMS 1.55211
RMS 1.55211
RMS 1.55211
RMS 1.55211
RMS 1.55211
RMS 1.55211
RMS 1.55211
RMS 1.55211
RMS 1.55211
RMS 1.55211
RMS 1.55211
RMS 1.55211
RMS 1.55211
RMS 1.55211
RMS 1.55211
RMS 1.55211
RMS 1.55211
RMS 1.55211
RMS 1.55211
RMS 1.55211
RMS 1.55211
RMS 1.55211
RMS 1.55211
RMS 1.55211
RMS 1.55211
RMS 1.55211
RMS 1.55211
RMS 1.55211
RMS 1.55211
RMS 1.55211
RMS 1.55211
RMS 1.55211
RMS 1.55211
RMS 1.55211
RMS 1.55211
RMS 1.55211
RMS 1.55211
RMS 1.55211
RMS 1.55211
RMS 1.55211
RMS 1.55211
RMS 1.55211
RMS 1.55211
RMS 1.55211
RMS 1.55211
RMS 1.55211
RMS 1.55211
RMS 1.55211
RMS 1.55211
RMS 1.55211
RMS 1.55211
RMS 1.55211
RMS 1.55211
RMS 1.55211
RMS 1.55211
RMS 1.55211
RMS 1.55211
RMS 1.55211
RMS 1.55211

##################TEST##################
Test : ACIERTOS = 327 67%
Test FALLOS = 163 33%
