0.38 -0.22 0.50 -0.13 -0.34 0.31 -0.04 0.34 -0.35 
0.30 -0.13 -0.06 0.07 -0.38 -0.31 0.24 0.35 0.49 
-0.08 -0.00 -0.20 0.02 0.16 -0.12 -0.16 0.02 0.10 
-0.07 -0.10 0.42 -0.40 -0.22 -0.30 -0.40 0.16 -0.14 
0.41 -0.38 -0.30 -0.44 0.42 0.07 -0.01 -0.01 0.19 
0.19 -0.27 0.04 0.18 0.15 -0.46 0.48 -0.33 0.20 
-0.14 0.01 -0.28 0.46 0.45 0.12 0.38 -0.45 0.40 
-0.42 -0.35 0.06 -0.06 -0.44 0.18 0.14 -0.38 0.10 
-0.29 0.12 -0.41 0.40 -0.19 -0.18 -0.06 0.49 0.48 
-0.02 0.47 -0.35 -0.32 -0.17 0.16 -0.10 -0.20 0.11 
-0.48 -0.32 0.16 0.42 -0.24 0.31 -0.02 0.21 0.38 
-0.34 -0.15 0.50 0.25 0.06 0.12 0.34 -0.05 0.42 -0.34 0.40 
0.41 -0.37 -0.12 0.38 -0.22 0.06 -0.28 0.44 0.45 0.01 0.05 
0.47 0.20 -0.30 0.39 0.46 -0.49 -0.13 0.17 0.39 0.02 -0.49 0.39 -0.23 

##################LEARN##################
RMS 1.51042
RMS 1.48677
RMS 1.47486
RMS 1.46340
RMS 1.45204
RMS 1.44177
RMS 1.43315
RMS 1.42617
RMS 1.42052
RMS 1.41586
RMS 1.41191
RMS 1.40849
RMS 1.40549
RMS 1.40283
RMS 1.40045
RMS 1.39832
RMS 1.39642
RMS 1.39470
RMS 1.39316
RMS 1.39178
RMS 1.39052
RMS 1.38939
RMS 1.38836
RMS 1.38743
RMS 1.38658
RMS 1.38580
RMS 1.38509
RMS 1.38444
RMS 1.38383
RMS 1.38328
RMS 1.38277
RMS 1.38229
RMS 1.38185
RMS 1.38144
RMS 1.38106
RMS 1.38070
RMS 1.38037
RMS 1.38005
RMS 1.37976
RMS 1.37949
RMS 1.37923
RMS 1.37898
RMS 1.37875
RMS 1.37853
RMS 1.37833
RMS 1.37813
RMS 1.37795
RMS 1.37778
RMS 1.37761
RMS 1.37745
RMS 1.37730
RMS 1.37716
RMS 1.37702
RMS 1.37689
RMS 1.37677
RMS 1.37665
RMS 1.37653
RMS 1.37642
RMS 1.37632
RMS 1.37622
RMS 1.37612
RMS 1.37603
RMS 1.37594
RMS 1.37586
RMS 1.37577
RMS 1.37570
RMS 1.37562
RMS 1.37555
RMS 1.37548
RMS 1.37541
RMS 1.37534
RMS 1.37528
RMS 1.37522
RMS 1.37516
RMS 1.37510
RMS 1.37505
RMS 1.37500
RMS 1.37494
RMS 1.37489
RMS 1.37485
RMS 1.37480
RMS 1.37475
RMS 1.37471
RMS 1.37467
RMS 1.37463
RMS 1.37459
RMS 1.37455
RMS 1.37451
RMS 1.37447
RMS 1.37443
RMS 1.37440
RMS 1.37437
RMS 1.37433
RMS 1.37430
RMS 1.37427
RMS 1.37424
RMS 1.37421
RMS 1.37418
RMS 1.37415
RMS 1.37413
RMS 1.37410
RMS 1.37407
RMS 1.37405
RMS 1.37402
RMS 1.37400
RMS 1.37398
RMS 1.37395
RMS 1.37393
RMS 1.37391
RMS 1.37389
RMS 1.37387
RMS 1.37385
RMS 1.37383
RMS 1.37381
RMS 1.37379
RMS 1.37377
RMS 1.37375
RMS 1.37373
RMS 1.37372
RMS 1.37370
RMS 1.37368
RMS 1.37366
RMS 1.37365
RMS 1.37363
RMS 1.37362
RMS 1.37360
RMS 1.37359
RMS 1.37357
RMS 1.37356
RMS 1.37354
RMS 1.37353
RMS 1.37352
RMS 1.37350
RMS 1.37349
RMS 1.37348
RMS 1.37347
RMS 1.37345
RMS 1.37344
RMS 1.37343
RMS 1.37342
RMS 1.37341
RMS 1.37340
RMS 1.37339
RMS 1.37338
RMS 1.37336
RMS 1.37335
RMS 1.37334
RMS 1.37333
RMS 1.37332
RMS 1.37331
RMS 1.37331
RMS 1.37330
RMS 1.37329
RMS 1.37328
RMS 1.37327
RMS 1.37326
RMS 1.37325
RMS 1.37324
RMS 1.37323
RMS 1.37323
RMS 1.37322
RMS 1.37321
RMS 1.37320
RMS 1.37320
RMS 1.37319
RMS 1.37318
RMS 1.37317
RMS 1.37317
RMS 1.37316
RMS 1.37315
RMS 1.37315
RMS 1.37314
RMS 1.37313
RMS 1.37313
RMS 1.37312
RMS 1.37311
RMS 1.37311
RMS 1.37310
RMS 1.37309
RMS 1.37309
RMS 1.37308
RMS 1.37308
RMS 1.37307
RMS 1.37307
RMS 1.37306
RMS 1.37306
RMS 1.37305
RMS 1.37304
RMS 1.37304
RMS 1.37303
RMS 1.37303
RMS 1.37302
RMS 1.37302
RMS 1.37301
RMS 1.37301
RMS 1.37300
RMS 1.37300
RMS 1.37299
RMS 1.37299
RMS 1.37299
RMS 1.37298
RMS 1.37298
RMS 1.37297
RMS 1.37297
RMS 1.37296
RMS 1.37296
RMS 1.37296
RMS 1.37295
RMS 1.37295
RMS 1.37294
RMS 1.37294
RMS 1.37294
RMS 1.37293
RMS 1.37293
RMS 1.37292
RMS 1.37292
RMS 1.37292
RMS 1.37291
RMS 1.37291
RMS 1.37291
RMS 1.37290
RMS 1.37290
RMS 1.37290
RMS 1.37289
RMS 1.37289
RMS 1.37289
RMS 1.37288
RMS 1.37288
RMS 1.37288
RMS 1.37287
RMS 1.37287
RMS 1.37287
RMS 1.37287
RMS 1.37286
RMS 1.37286
RMS 1.37286
RMS 1.37285
RMS 1.37285
RMS 1.37285
RMS 1.37284
RMS 1.37284
RMS 1.37284
RMS 1.37284
RMS 1.37283
RMS 1.37283
RMS 1.37283
RMS 1.37283
RMS 1.37282
RMS 1.37282
RMS 1.37282
RMS 1.37282
RMS 1.37281
RMS 1.37281
RMS 1.37281
RMS 1.37281
RMS 1.37280
RMS 1.37280
RMS 1.37280
RMS 1.37280
RMS 1.37279
RMS 1.37279
RMS 1.37279
RMS 1.37279
RMS 1.37279
RMS 1.37278
RMS 1.37278
RMS 1.37278
RMS 1.37278
RMS 1.37278
RMS 1.37277
RMS 1.37277
RMS 1.37277
RMS 1.37277
RMS 1.37277
RMS 1.37276
RMS 1.37276
RMS 1.37276
RMS 1.37276
RMS 1.37276
RMS 1.37275
RMS 1.37275
RMS 1.37275
RMS 1.37275
RMS 1.37275
RMS 1.37275
RMS 1.37274
RMS 1.37274
RMS 1.37274
RMS 1.37274
RMS 1.37274
RMS 1.37274
RMS 1.37273
RMS 1.37273
RMS 1.37273
RMS 1.37273
RMS 1.37273
RMS 1.37273
RMS 1.37272
RMS 1.37272
RMS 1.37272
RMS 1.37272
RMS 1.37272
RMS 1.37272
RMS 1.37271
RMS 1.37271
RMS 1.37271
RMS 1.37271
RMS 1.37271
RMS 1.37271
RMS 1.37271
RMS 1.37270
RMS 1.37270
RMS 1.37270
RMS 1.37270
RMS 1.37270
RMS 1.37270
RMS 1.37270
RMS 1.37270
RMS 1.37270
RMS 1.37269
RMS 1.37269
RMS 1.37269
RMS 1.37269
RMS 1.37269
RMS 1.37269
RMS 1.37269
RMS 1.37269
RMS 1.37268
RMS 1.37268
RMS 1.37268
RMS 1.37268
RMS 1.37268
RMS 1.37268
RMS 1.37268
RMS 1.37268
RMS 1.37268
RMS 1.37267
RMS 1.37267
RMS 1.37267
RMS 1.37267
RMS 1.37267
RMS 1.37267
RMS 1.37267
RMS 1.37267
RMS 1.37267
RMS 1.37267
RMS 1.37266
RMS 1.37266
RMS 1.37266
RMS 1.37266
RMS 1.37266
RMS 1.37266
RMS 1.37266
RMS 1.37266
RMS 1.37266
RMS 1.37265
RMS 1.37265
RMS 1.37265
RMS 1.37265
RMS 1.37265
RMS 1.37265
RMS 1.37265
RMS 1.37265
RMS 1.37265
RMS 1.37265
RMS 1.37264
RMS 1.37264
RMS 1.37264
RMS 1.37264
RMS 1.37264
RMS 1.37264
RMS 1.37264
RMS 1.37264
RMS 1.37264
RMS 1.37264
RMS 1.37264
RMS 1.37264
RMS 1.37264
RMS 1.37263
RMS 1.37263
RMS 1.37263
RMS 1.37263
RMS 1.37263
RMS 1.37263
RMS 1.37263
RMS 1.37263
RMS 1.37263
RMS 1.37263
RMS 1.37263
RMS 1.37263
RMS 1.37263
RMS 1.37262
RMS 1.37262
RMS 1.37262
RMS 1.37262
RMS 1.37262
RMS 1.37262
RMS 1.37262
RMS 1.37262
RMS 1.37262
RMS 1.37262
RMS 1.37262
RMS 1.37262
RMS 1.37262
RMS 1.37262
RMS 1.37261
RMS 1.37261
RMS 1.37261
RMS 1.37261
RMS 1.37261
RMS 1.37261
RMS 1.37261
RMS 1.37261
RMS 1.37261
RMS 1.37261
RMS 1.37261
RMS 1.37261
RMS 1.37261
RMS 1.37261
RMS 1.37261
RMS 1.37261
RMS 1.37261
RMS 1.37260
RMS 1.37260
RMS 1.37260
RMS 1.37260
RMS 1.37260
RMS 1.37260
RMS 1.37260
RMS 1.37260
RMS 1.37260
RMS 1.37260
RMS 1.37260
RMS 1.37260
RMS 1.37260
RMS 1.37260
RMS 1.37260
RMS 1.37260
RMS 1.37260
RMS 1.37259
RMS 1.37259
RMS 1.37259
RMS 1.37259
RMS 1.37259
RMS 1.37259
RMS 1.37259
RMS 1.37259
RMS 1.37259
RMS 1.37259
RMS 1.37259
RMS 1.37259
RMS 1.37259
RMS 1.37259
RMS 1.37259
RMS 1.37259
RMS 1.37259
RMS 1.37259
RMS 1.37259
RMS 1.37259
RMS 1.37259
RMS 1.37259
RMS 1.37259
RMS 1.37258
RMS 1.37258
RMS 1.37258
RMS 1.37258
RMS 1.37258
RMS 1.37258
RMS 1.37258
RMS 1.37258
RMS 1.37258
RMS 1.37258
RMS 1.37258
RMS 1.37258
RMS 1.37258
RMS 1.37258
RMS 1.37258
RMS 1.37258
RMS 1.37258
RMS 1.37258
RMS 1.37258
RMS 1.37258
RMS 1.37258
RMS 1.37258
RMS 1.37258
RMS 1.37257
RMS 1.37257
RMS 1.37257
RMS 1.37257
RMS 1.37257
RMS 1.37257
RMS 1.37257
RMS 1.37257
RMS 1.37257
RMS 1.37257
RMS 1.37257
RMS 1.37257
RMS 1.37257
RMS 1.37257
RMS 1.37257
RMS 1.37257
RMS 1.37257
RMS 1.37257
RMS 1.37257
RMS 1.37257
RMS 1.37257
RMS 1.37257
RMS 1.37257
RMS 1.37257
RMS 1.37257
RMS 1.37257
RMS 1.37257
RMS 1.37256
RMS 1.37256
RMS 1.37256
RMS 1.37256
RMS 1.37256
RMS 1.37256
RMS 1.37256
RMS 1.37256
RMS 1.37256
RMS 1.37256
RMS 1.37256
RMS 1.37256
RMS 1.37256
RMS 1.37256
RMS 1.37256
RMS 1.37256
RMS 1.37256
RMS 1.37256
RMS 1.37256
RMS 1.37256
RMS 1.37256
RMS 1.37256
RMS 1.37256
RMS 1.37256
RMS 1.37256
RMS 1.37256
RMS 1.37256
RMS 1.37256
RMS 1.37256
RMS 1.37256
RMS 1.37256
RMS 1.37256
RMS 1.37256
RMS 1.37255
RMS 1.37255
RMS 1.37255
RMS 1.37255
RMS 1.37255
RMS 1.37255
RMS 1.37255
RMS 1.37255
RMS 1.37255
RMS 1.37255
RMS 1.37255
RMS 1.37255
RMS 1.37255
RMS 1.37255
RMS 1.37255
RMS 1.37255
RMS 1.37255
RMS 1.37255
RMS 1.37255
RMS 1.37255
RMS 1.37255
RMS 1.37255
RMS 1.37255
RMS 1.37255
RMS 1.37255
RMS 1.37255
RMS 1.37255
RMS 1.37255
RMS 1.37255
RMS 1.37255
RMS 1.37255
RMS 1.37255
RMS 1.37255
RMS 1.37255
RMS 1.37255
RMS 1.37255
RMS 1.37255
RMS 1.37255
RMS 1.37255
RMS 1.37255
RMS 1.37255
RMS 1.37255
RMS 1.37255
RMS 1.37254
RMS 1.37254
RMS 1.37254
RMS 1.37254
RMS 1.37254
RMS 1.37254
RMS 1.37254
RMS 1.37254
RMS 1.37254
RMS 1.37254
RMS 1.37254
RMS 1.37254
RMS 1.37254
RMS 1.37254
RMS 1.37254
RMS 1.37254
RMS 1.37254
RMS 1.37254
RMS 1.37254
RMS 1.37254
RMS 1.37254
RMS 1.37254
RMS 1.37254
RMS 1.37254
RMS 1.37254
RMS 1.37254
RMS 1.37254
RMS 1.37254
RMS 1.37254
RMS 1.37254
RMS 1.37254
RMS 1.37254
RMS 1.37254
RMS 1.37254
RMS 1.37254
RMS 1.37254
RMS 1.37254
RMS 1.37254
RMS 1.37254
RMS 1.37254
RMS 1.37254
RMS 1.37254
RMS 1.37254
RMS 1.37254
RMS 1.37254
RMS 1.37254
RMS 1.37254
RMS 1.37254
RMS 1.37254
RMS 1.37254
RMS 1.37254
RMS 1.37254
RMS 1.37254
RMS 1.37254
RMS 1.37254
RMS 1.37253
RMS 1.37253
RMS 1.37253
RMS 1.37253
RMS 1.37253
RMS 1.37253
RMS 1.37253
RMS 1.37253
RMS 1.37253
RMS 1.37253
RMS 1.37253
RMS 1.37253
RMS 1.37253
RMS 1.37253
RMS 1.37253
RMS 1.37253
RMS 1.37253
RMS 1.37253
RMS 1.37253
RMS 1.37253
RMS 1.37253
RMS 1.37253
RMS 1.37253
RMS 1.37253
RMS 1.37253
RMS 1.37253
RMS 1.37253
RMS 1.37253
RMS 1.37253
RMS 1.37253
RMS 1.37253
RMS 1.37253
RMS 1.37253
RMS 1.37253
RMS 1.37253
RMS 1.37253
RMS 1.37253
RMS 1.37253
RMS 1.37253
RMS 1.37253
RMS 1.37253
RMS 1.37253
RMS 1.37253
RMS 1.37253
RMS 1.37253
RMS 1.37253
RMS 1.37253
RMS 1.37253
RMS 1.37253
RMS 1.37253
RMS 1.37253
RMS 1.37253
RMS 1.37253
RMS 1.37253
RMS 1.37253
RMS 1.37253
RMS 1.37253
RMS 1.37253
RMS 1.37253
RMS 1.37253
RMS 1.37253
RMS 1.37253
RMS 1.37253
RMS 1.37252
RMS 1.37252
RMS 1.37252
RMS 1.37252
RMS 1.37252
RMS 1.37253
RMS 1.37252
RMS 1.37252
RMS 1.37252
RMS 1.37252
RMS 1.37252
RMS 1.37252
RMS 1.37252
RMS 1.37252
RMS 1.37252
RMS 1.37252
RMS 1.37252
RMS 1.37252
RMS 1.37252
RMS 1.37252
RMS 1.37252
RMS 1.37252
RMS 1.37252
RMS 1.37252
RMS 1.37252
RMS 1.37252
RMS 1.37252
RMS 1.37252
RMS 1.37252
RMS 1.37252
RMS 1.37252
RMS 1.37252
RMS 1.37252
RMS 1.37252
RMS 1.37252
RMS 1.37252
RMS 1.37252
RMS 1.37252
RMS 1.37252
RMS 1.37252
RMS 1.37252
RMS 1.37252
RMS 1.37252
RMS 1.37252
RMS 1.37252
RMS 1.37252
RMS 1.37252
RMS 1.37252
RMS 1.37252
RMS 1.37252
RMS 1.37252
RMS 1.37252
RMS 1.37252
RMS 1.37252
RMS 1.37252
RMS 1.37252
RMS 1.37252
RMS 1.37252
RMS 1.37252
RMS 1.37252
RMS 1.37252
RMS 1.37252
RMS 1.37252
RMS 1.37252
RMS 1.37252
RMS 1.37252
RMS 1.37252
RMS 1.37252
RMS 1.37252
RMS 1.37252
RMS 1.37252
RMS 1.37252
RMS 1.37252
RMS 1.37252
RMS 1.37252
RMS 1.37252
RMS 1.37252
RMS 1.37252
RMS 1.37252
RMS 1.37252
RMS 1.37252
RMS 1.37252
RMS 1.37252
RMS 1.37252
RMS 1.37252
RMS 1.37252
RMS 1.37252
RMS 1.37252
RMS 1.37252
RMS 1.37252
RMS 1.37252
RMS 1.37252
RMS 1.37252
RMS 1.37252
RMS 1.37252
RMS 1.37252
RMS 1.37252
RMS 1.37252
RMS 1.37252
RMS 1.37252
RMS 1.37252
RMS 1.37252
RMS 1.37252
RMS 1.37251
RMS 1.37251
RMS 1.37251
RMS 1.37251
RMS 1.37251
RMS 1.37251
RMS 1.37251
RMS 1.37251
RMS 1.37251
RMS 1.37251
RMS 1.37251
RMS 1.37251
RMS 1.37251
RMS 1.37251
RMS 1.37251
RMS 1.37251
RMS 1.37251
RMS 1.37251
RMS 1.37251
RMS 1.37251
RMS 1.37251
RMS 1.37251
RMS 1.37251
RMS 1.37251
RMS 1.37251
RMS 1.37251
RMS 1.37251
RMS 1.37251
RMS 1.37251
RMS 1.37251
RMS 1.37251
RMS 1.37251
RMS 1.37251
RMS 1.37251
RMS 1.37251
RMS 1.37251
RMS 1.37251
RMS 1.37251
RMS 1.37251
RMS 1.37251
RMS 1.37251
RMS 1.37251
RMS 1.37251
RMS 1.37251
RMS 1.37251
RMS 1.37251
RMS 1.37251
RMS 1.37251
RMS 1.37251
RMS 1.37251
RMS 1.37251
RMS 1.37251
RMS 1.37251
RMS 1.37251
RMS 1.37251
RMS 1.37251
RMS 1.37251
RMS 1.37251
RMS 1.37251
RMS 1.37251
RMS 1.37251
RMS 1.37251
RMS 1.37251
RMS 1.37251
RMS 1.37251
RMS 1.37251
RMS 1.37251
RMS 1.37251
RMS 1.37251
RMS 1.37251
RMS 1.37251
RMS 1.37251
RMS 1.37251
RMS 1.37251
RMS 1.37251
RMS 1.37251
RMS 1.37251
RMS 1.37251
RMS 1.37251
RMS 1.37251
RMS 1.37251
RMS 1.37251
RMS 1.37251
RMS 1.37251
RMS 1.37251
RMS 1.37251
RMS 1.37251
RMS 1.37251
RMS 1.37251
RMS 1.37251
RMS 1.37251
RMS 1.37251
RMS 1.37251
RMS 1.37251
RMS 1.37251
RMS 1.37251
RMS 1.37251
RMS 1.37251
RMS 1.37251
RMS 1.37251
RMS 1.37251
RMS 1.37251
RMS 1.37251
RMS 1.37251
RMS 1.37251
RMS 1.37251
RMS 1.37251
RMS 1.37251
RMS 1.37251
RMS 1.37251
RMS 1.37251
RMS 1.37251
RMS 1.37251
RMS 1.37251
RMS 1.37251
RMS 1.37251
RMS 1.37251
RMS 1.37251
RMS 1.37251
RMS 1.37251
RMS 1.37251
RMS 1.37251
RMS 1.37251
RMS 1.37251
RMS 1.37251
RMS 1.37251
RMS 1.37251
RMS 1.37251
RMS 1.37251
RMS 1.37251
RMS 1.37251
RMS 1.37251
RMS 1.37251
RMS 1.37251
RMS 1.37251
RMS 1.37251
RMS 1.37251
RMS 1.37251
RMS 1.37251
RMS 1.37251
RMS 1.37251
RMS 1.37251
RMS 1.37251
RMS 1.37251
RMS 1.37251
RMS 1.37251
RMS 1.37251
RMS 1.37251
RMS 1.37251
RMS 1.37251
RMS 1.37251
RMS 1.37251
RMS 1.37251
RMS 1.37251
RMS 1.37251
RMS 1.37251
RMS 1.37251
RMS 1.37251
RMS 1.37251
RMS 1.37251
RMS 1.37251
RMS 1.37251
RMS 1.37251
RMS 1.37251
RMS 1.37251
RMS 1.37251
RMS 1.37251
RMS 1.37251
RMS 1.37251
RMS 1.37251
RMS 1.37251
RMS 1.37251
RMS 1.37251
RMS 1.37251
RMS 1.37251
RMS 1.37251
RMS 1.37251
RMS 1.37251
RMS 1.37251
RMS 1.37251
RMS 1.37251
RMS 1.37251
RMS 1.37251
RMS 1.37251
RMS 1.37251
RMS 1.37251
RMS 1.37251
RMS 1.37251
RMS 1.37251
RMS 1.37251
RMS 1.37251

##################TEST##################
Test : ACIERTOS = 250 51%
Test FALLOS = 240 49%
