-0.40 -0.06 
-0.02 -0.48 
-0.49 0.44 
0.06 0.03 
-0.18 -0.14 
-0.30 0.35 
0.11 0.23 0.48 -0.49 0.02 -0.22 
0.39 -0.50 0.24 -0.06 -0.26 -0.10 
0.21 0.48 -0.39 -0.44 -0.13 0.20 -0.33 -0.04 

##################LEARN##################
RMS 1.78521
RMS 1.71805
RMS 1.65764
RMS 1.60347
RMS 1.55499
RMS 1.51169
RMS 1.47304
RMS 1.43856
RMS 1.40779
RMS 1.38031
RMS 1.35573
RMS 1.33371
RMS 1.31395
RMS 1.29616
RMS 1.28010
RMS 1.26557
RMS 1.25236
RMS 1.24032
RMS 1.22929
RMS 1.21916
RMS 1.20981
RMS 1.20114
RMS 1.19307
RMS 1.18552
RMS 1.17842
RMS 1.17172
RMS 1.16536
RMS 1.15931
RMS 1.15352
RMS 1.14795
RMS 1.14257
RMS 1.13737
RMS 1.13230
RMS 1.12736
RMS 1.12251
RMS 1.11775
RMS 1.11306
RMS 1.10842
RMS 1.10383
RMS 1.09926
RMS 1.09471
RMS 1.09018
RMS 1.08564
RMS 1.08110
RMS 1.07655
RMS 1.07198
RMS 1.06739
RMS 1.06277
RMS 1.05811
RMS 1.05342
RMS 1.04868
RMS 1.04389
RMS 1.03905
RMS 1.03416
RMS 1.02922
RMS 1.02421
RMS 1.01914
RMS 1.01401
RMS 1.00881
RMS 1.00354
RMS 0.99820
RMS 0.99278
RMS 0.98729
RMS 0.98172
RMS 0.97608
RMS 0.97035
RMS 0.96455
RMS 0.95866
RMS 0.95269
RMS 0.94663
RMS 0.94049
RMS 0.93426
RMS 0.92795
RMS 0.92155
RMS 0.91506
RMS 0.90848
RMS 0.90182
RMS 0.89507
RMS 0.88823
RMS 0.88131
RMS 0.87430
RMS 0.86720
RMS 0.86002
RMS 0.85275
RMS 0.84540
RMS 0.83797
RMS 0.83046
RMS 0.82287
RMS 0.81521
RMS 0.80747
RMS 0.79965
RMS 0.79177
RMS 0.78382
RMS 0.77580
RMS 0.76771
RMS 0.75957
RMS 0.75137
RMS 0.74312
RMS 0.73482
RMS 0.72647
RMS 0.71808
RMS 0.70964
RMS 0.70118
RMS 0.69268
RMS 0.68415
RMS 0.67560
RMS 0.66702
RMS 0.65844
RMS 0.64984
RMS 0.64123
RMS 0.63263
RMS 0.62402
RMS 0.61543
RMS 0.60684
RMS 0.59826
RMS 0.58971
RMS 0.58118
RMS 0.57268
RMS 0.56421
RMS 0.55578
RMS 0.54738
RMS 0.53903
RMS 0.53073
RMS 0.52248
RMS 0.51428
RMS 0.50614
RMS 0.49806
RMS 0.49005
RMS 0.48211
RMS 0.47423
RMS 0.46643
RMS 0.45871
RMS 0.45106
RMS 0.44349
RMS 0.43601
RMS 0.42861
RMS 0.42130
RMS 0.41408
RMS 0.40694
RMS 0.39990
RMS 0.39295
RMS 0.38609
RMS 0.37933
RMS 0.37266
RMS 0.36610
RMS 0.35962
RMS 0.35325
RMS 0.34697
RMS 0.34079
RMS 0.33471
RMS 0.32872
RMS 0.32284
RMS 0.31705
RMS 0.31136
RMS 0.30577
RMS 0.30027
RMS 0.29487
RMS 0.28957
RMS 0.28436
RMS 0.27924
RMS 0.27422
RMS 0.26930
RMS 0.26446
RMS 0.25971
RMS 0.25506
RMS 0.25049
RMS 0.24601
RMS 0.24162
RMS 0.23731
RMS 0.23308
RMS 0.22894
RMS 0.22489
RMS 0.22091
RMS 0.21701
RMS 0.21319
RMS 0.20945
RMS 0.20578
RMS 0.20218
RMS 0.19866
RMS 0.19521
RMS 0.19183
RMS 0.18853
RMS 0.18528
RMS 0.18211
RMS 0.17900
RMS 0.17595
RMS 0.17297
RMS 0.17005
RMS 0.16719
RMS 0.16438
RMS 0.16164
RMS 0.15895
RMS 0.15632
RMS 0.15374
RMS 0.15122
RMS 0.14875
RMS 0.14633
RMS 0.14395
RMS 0.14163
RMS 0.13936
RMS 0.13713
RMS 0.13495
RMS 0.13281
RMS 0.13072
RMS 0.12866
RMS 0.12665
RMS 0.12469
RMS 0.12276
RMS 0.12087
RMS 0.11902
RMS 0.11720
RMS 0.11543
RMS 0.11369
RMS 0.11198
RMS 0.11031
RMS 0.10867
RMS 0.10706
RMS 0.10549
RMS 0.10394
RMS 0.10243
RMS 0.10095
RMS 0.09949
RMS 0.09807
RMS 0.09667
RMS 0.09530
RMS 0.09395
RMS 0.09263
RMS 0.09134
RMS 0.09007
RMS 0.08883
RMS 0.08761
RMS 0.08641
RMS 0.08524
RMS 0.08409
RMS 0.08295
RMS 0.08184
RMS 0.08076
RMS 0.07969
RMS 0.07864
RMS 0.07761
RMS 0.07660
RMS 0.07561
RMS 0.07463
RMS 0.07368
RMS 0.07274
RMS 0.07181
RMS 0.07091
RMS 0.07002
RMS 0.06915
RMS 0.06829
RMS 0.06745
RMS 0.06662
RMS 0.06580
RMS 0.06501
RMS 0.06422
RMS 0.06345
RMS 0.06269
RMS 0.06195
RMS 0.06121
RMS 0.06049
RMS 0.05979
RMS 0.05909
RMS 0.05841
RMS 0.05773
RMS 0.05707
RMS 0.05642
RMS 0.05578
RMS 0.05515
RMS 0.05454
RMS 0.05393
RMS 0.05333
RMS 0.05274
RMS 0.05216
RMS 0.05159
RMS 0.05103
RMS 0.05048
RMS 0.04994
RMS 0.04940
RMS 0.04888
RMS 0.04836
RMS 0.04785
RMS 0.04735
RMS 0.04686
RMS 0.04637
RMS 0.04589
RMS 0.04542
RMS 0.04496
RMS 0.04450
RMS 0.04405
RMS 0.04361
RMS 0.04317
RMS 0.04274
RMS 0.04232
RMS 0.04190
RMS 0.04149
RMS 0.04109
RMS 0.04069
RMS 0.04030
RMS 0.03991
RMS 0.03953
RMS 0.03916
RMS 0.03878
RMS 0.03842
RMS 0.03806
RMS 0.03771
RMS 0.03736
RMS 0.03701
RMS 0.03667
RMS 0.03634
RMS 0.03601
RMS 0.03568
RMS 0.03536
RMS 0.03504
RMS 0.03473
RMS 0.03442
RMS 0.03412
RMS 0.03382
RMS 0.03353
RMS 0.03323
RMS 0.03295
RMS 0.03266
RMS 0.03238
RMS 0.03211
RMS 0.03184
RMS 0.03157
RMS 0.03130
RMS 0.03104
RMS 0.03078
RMS 0.03053
RMS 0.03028
RMS 0.03003
RMS 0.02978
RMS 0.02954
RMS 0.02930
RMS 0.02907
RMS 0.02883
RMS 0.02860
RMS 0.02838
RMS 0.02815
RMS 0.02793
RMS 0.02771
RMS 0.02750
RMS 0.02729
RMS 0.02708
RMS 0.02687
RMS 0.02666
RMS 0.02646
RMS 0.02626
RMS 0.02606
RMS 0.02587
RMS 0.02567
RMS 0.02548
RMS 0.02530
RMS 0.02511
RMS 0.02493
RMS 0.02474
RMS 0.02456
RMS 0.02439
RMS 0.02421
RMS 0.02404
RMS 0.02387
RMS 0.02370
RMS 0.02353
RMS 0.02337
RMS 0.02320
RMS 0.02304
RMS 0.02288
RMS 0.02272
RMS 0.02257
RMS 0.02241
RMS 0.02226
RMS 0.02211
RMS 0.02196
RMS 0.02182
RMS 0.02167
RMS 0.02153
RMS 0.02138
RMS 0.02124
RMS 0.02110
RMS 0.02097
RMS 0.02083
RMS 0.02070
RMS 0.02056
RMS 0.02043
RMS 0.02030
RMS 0.02017
RMS 0.02004
RMS 0.01992
RMS 0.01979
RMS 0.01967
RMS 0.01955
RMS 0.01943
RMS 0.01931
RMS 0.01919
RMS 0.01907
RMS 0.01896
RMS 0.01884
RMS 0.01873
RMS 0.01862
RMS 0.01850
RMS 0.01839
RMS 0.01829
RMS 0.01818
RMS 0.01807
RMS 0.01797
RMS 0.01786
RMS 0.01776
RMS 0.01766
RMS 0.01755
RMS 0.01745
RMS 0.01736
RMS 0.01726
RMS 0.01716
RMS 0.01706
RMS 0.01697
RMS 0.01687
RMS 0.01678
RMS 0.01669
RMS 0.01660
RMS 0.01651
RMS 0.01642
RMS 0.01633
RMS 0.01624
RMS 0.01615
RMS 0.01607
RMS 0.01598
RMS 0.01590
RMS 0.01581
RMS 0.01573
RMS 0.01565
RMS 0.01556
RMS 0.01548
RMS 0.01540
RMS 0.01533
RMS 0.01525
RMS 0.01517
RMS 0.01509
RMS 0.01502
RMS 0.01494
RMS 0.01487
RMS 0.01479
RMS 0.01472
RMS 0.01465
RMS 0.01457
RMS 0.01450
RMS 0.01443
RMS 0.01436
RMS 0.01429
RMS 0.01422
RMS 0.01415
RMS 0.01409
RMS 0.01402
RMS 0.01395
RMS 0.01389
RMS 0.01382
RMS 0.01376
RMS 0.01369
RMS 0.01363
RMS 0.01357
RMS 0.01350
RMS 0.01344
RMS 0.01338
RMS 0.01332
RMS 0.01326
RMS 0.01320
RMS 0.01314
RMS 0.01308
RMS 0.01303
RMS 0.01297
RMS 0.01291
RMS 0.01285
RMS 0.01280
RMS 0.01274
RMS 0.01269
RMS 0.01263
RMS 0.01258
RMS 0.01252
RMS 0.01247
RMS 0.01242
RMS 0.01237
RMS 0.01231
RMS 0.01226
RMS 0.01221
RMS 0.01216
RMS 0.01211
RMS 0.01206
RMS 0.01201
RMS 0.01196
RMS 0.01191
RMS 0.01186
RMS 0.01182
RMS 0.01177
RMS 0.01172
RMS 0.01168
RMS 0.01163
RMS 0.01158
RMS 0.01154
RMS 0.01149
RMS 0.01145
RMS 0.01140
RMS 0.01136
RMS 0.01132
RMS 0.01127
RMS 0.01123
RMS 0.01119
RMS 0.01114
RMS 0.01110
RMS 0.01106
RMS 0.01102
RMS 0.01098
RMS 0.01094
RMS 0.01090
RMS 0.01086
RMS 0.01082
RMS 0.01078
RMS 0.01074
RMS 0.01070
RMS 0.01066
RMS 0.01062
RMS 0.01059
RMS 0.01055
RMS 0.01051
RMS 0.01047
RMS 0.01044
RMS 0.01040
RMS 0.01036
RMS 0.01033
RMS 0.01029
RMS 0.01026
RMS 0.01022
RMS 0.01019
RMS 0.01015
RMS 0.01012
RMS 0.01008
RMS 0.01005
RMS 0.01002
RMS 0.00998
RMS 0.00995
RMS 0.00992
RMS 0.00989
RMS 0.00985
RMS 0.00982
RMS 0.00979
RMS 0.00976
RMS 0.00973
RMS 0.00969
RMS 0.00966
RMS 0.00963
RMS 0.00960
RMS 0.00957
RMS 0.00954
RMS 0.00951
RMS 0.00948
RMS 0.00945
RMS 0.00942
RMS 0.00940
RMS 0.00937
RMS 0.00934
RMS 0.00931
RMS 0.00928
RMS 0.00925
RMS 0.00923
RMS 0.00920
RMS 0.00917
RMS 0.00914
RMS 0.00912
RMS 0.00909
RMS 0.00906
RMS 0.00904
RMS 0.00901
RMS 0.00898
RMS 0.00896
RMS 0.00893
RMS 0.00891
RMS 0.00888
RMS 0.00886
RMS 0.00883
RMS 0.00881
RMS 0.00878
RMS 0.00876
RMS 0.00873
RMS 0.00871
RMS 0.00869
RMS 0.00866
RMS 0.00864
RMS 0.00862
RMS 0.00859
RMS 0.00857
RMS 0.00855
RMS 0.00852
RMS 0.00850
RMS 0.00848
RMS 0.00846
RMS 0.00843
RMS 0.00841
RMS 0.00839
RMS 0.00837
RMS 0.00835
RMS 0.00832
RMS 0.00830
RMS 0.00828
RMS 0.00826
RMS 0.00824
RMS 0.00822
RMS 0.00820
RMS 0.00818
RMS 0.00816
RMS 0.00814
RMS 0.00812
RMS 0.00810
RMS 0.00808
RMS 0.00806
RMS 0.00804
RMS 0.00802
RMS 0.00800
RMS 0.00798
RMS 0.00796
RMS 0.00794
RMS 0.00792
RMS 0.00790
RMS 0.00789
RMS 0.00787
RMS 0.00785
RMS 0.00783
RMS 0.00781
RMS 0.00780
RMS 0.00778
RMS 0.00776
RMS 0.00774
RMS 0.00772
RMS 0.00771
RMS 0.00769
RMS 0.00767
RMS 0.00766
RMS 0.00764
RMS 0.00762
RMS 0.00760
RMS 0.00759
RMS 0.00757
RMS 0.00755
RMS 0.00754
RMS 0.00752
RMS 0.00751
RMS 0.00749
RMS 0.00747
RMS 0.00746
RMS 0.00744
RMS 0.00743
RMS 0.00741
RMS 0.00740
RMS 0.00738
RMS 0.00736
RMS 0.00735
RMS 0.00733
RMS 0.00732
RMS 0.00730
RMS 0.00729
RMS 0.00728
RMS 0.00726
RMS 0.00725
RMS 0.00723
RMS 0.00722
RMS 0.00720
RMS 0.00719
RMS 0.00717
RMS 0.00716
RMS 0.00715
RMS 0.00713
RMS 0.00712
RMS 0.00710
RMS 0.00709
RMS 0.00708
RMS 0.00706
RMS 0.00705
RMS 0.00704
RMS 0.00702
RMS 0.00701
RMS 0.00700
RMS 0.00699
RMS 0.00697
RMS 0.00696
RMS 0.00695
RMS 0.00693
RMS 0.00692
RMS 0.00691
RMS 0.00690
RMS 0.00688
RMS 0.00687
RMS 0.00686
RMS 0.00685
RMS 0.00683
RMS 0.00682
RMS 0.00681
RMS 0.00680
RMS 0.00679
RMS 0.00678
RMS 0.00676
RMS 0.00675
RMS 0.00674
RMS 0.00673
RMS 0.00672
RMS 0.00671
RMS 0.00669
RMS 0.00668
RMS 0.00667
RMS 0.00666
RMS 0.00665
RMS 0.00664
RMS 0.00663
RMS 0.00662
RMS 0.00661
RMS 0.00660
RMS 0.00659
RMS 0.00657
RMS 0.00656
RMS 0.00655
RMS 0.00654
RMS 0.00653
RMS 0.00652
RMS 0.00651
RMS 0.00650
RMS 0.00649
RMS 0.00648
RMS 0.00647
RMS 0.00646
RMS 0.00645
RMS 0.00644
RMS 0.00643
RMS 0.00642
RMS 0.00641
RMS 0.00640
RMS 0.00639
RMS 0.00638
RMS 0.00637
RMS 0.00636
RMS 0.00636
RMS 0.00635
RMS 0.00634
RMS 0.00633
RMS 0.00632
RMS 0.00631
RMS 0.00630
RMS 0.00629
RMS 0.00628
RMS 0.00627
RMS 0.00626
RMS 0.00626
RMS 0.00625
RMS 0.00624
RMS 0.00623
RMS 0.00622
RMS 0.00621
RMS 0.00620
RMS 0.00619
RMS 0.00619
RMS 0.00618
RMS 0.00617
RMS 0.00616
RMS 0.00615
RMS 0.00614
RMS 0.00614
RMS 0.00613
RMS 0.00612
RMS 0.00611
RMS 0.00610
RMS 0.00610
RMS 0.00609
RMS 0.00608
RMS 0.00607
RMS 0.00606
RMS 0.00606
RMS 0.00605
RMS 0.00604
RMS 0.00603
RMS 0.00603
RMS 0.00602
RMS 0.00601
RMS 0.00600
RMS 0.00600
RMS 0.00599
RMS 0.00598
RMS 0.00597
RMS 0.00597
RMS 0.00596
RMS 0.00595
RMS 0.00594
RMS 0.00594
RMS 0.00593
RMS 0.00592
RMS 0.00592
RMS 0.00591
RMS 0.00590
RMS 0.00589
RMS 0.00589
RMS 0.00588
RMS 0.00587
RMS 0.00587
RMS 0.00586
RMS 0.00585
RMS 0.00585
RMS 0.00584
RMS 0.00583
RMS 0.00583
RMS 0.00582
RMS 0.00581
RMS 0.00581
RMS 0.00580
RMS 0.00579
RMS 0.00579
RMS 0.00578
RMS 0.00578
RMS 0.00577
RMS 0.00576
RMS 0.00576
RMS 0.00575
RMS 0.00574
RMS 0.00574
RMS 0.00573
RMS 0.00573
RMS 0.00572
RMS 0.00571
RMS 0.00571
RMS 0.00570
RMS 0.00570
RMS 0.00569
RMS 0.00568
RMS 0.00568
RMS 0.00567
RMS 0.00567
RMS 0.00566
RMS 0.00565
RMS 0.00565
RMS 0.00564
RMS 0.00564
RMS 0.00563
RMS 0.00563
RMS 0.00562
RMS 0.00562
RMS 0.00561
RMS 0.00560
RMS 0.00560
RMS 0.00559
RMS 0.00559
RMS 0.00558
RMS 0.00558
RMS 0.00557
RMS 0.00557
RMS 0.00556
RMS 0.00556
RMS 0.00555
RMS 0.00555
RMS 0.00554
RMS 0.00553
RMS 0.00553
RMS 0.00552
RMS 0.00552
RMS 0.00551
RMS 0.00551
RMS 0.00550
RMS 0.00550
RMS 0.00549
RMS 0.00549
RMS 0.00548
RMS 0.00548
RMS 0.00547
RMS 0.00547
RMS 0.00547
RMS 0.00546
RMS 0.00546
RMS 0.00545
RMS 0.00545
RMS 0.00544
RMS 0.00544
RMS 0.00543
RMS 0.00543
RMS 0.00542
RMS 0.00542
RMS 0.00541
RMS 0.00541
RMS 0.00540
RMS 0.00540
RMS 0.00540
RMS 0.00539
RMS 0.00539
RMS 0.00538
RMS 0.00538
RMS 0.00537
RMS 0.00537
RMS 0.00536
RMS 0.00536
RMS 0.00536
RMS 0.00535
RMS 0.00535
RMS 0.00534
RMS 0.00534
RMS 0.00533
RMS 0.00533
RMS 0.00533
RMS 0.00532
RMS 0.00532
RMS 0.00531
RMS 0.00531
RMS 0.00531
RMS 0.00530
RMS 0.00530
RMS 0.00529
RMS 0.00529
RMS 0.00528
RMS 0.00528
RMS 0.00528
RMS 0.00527
RMS 0.00527
RMS 0.00527
RMS 0.00526
RMS 0.00526
RMS 0.00525
RMS 0.00525
RMS 0.00525
RMS 0.00524
RMS 0.00524
RMS 0.00523
RMS 0.00523
RMS 0.00523
RMS 0.00522
RMS 0.00522
RMS 0.00522
RMS 0.00521
RMS 0.00521
RMS 0.00521
RMS 0.00520
RMS 0.00520
RMS 0.00519
RMS 0.00519
RMS 0.00519
RMS 0.00518
RMS 0.00518
RMS 0.00518
RMS 0.00517
RMS 0.00517
RMS 0.00517
RMS 0.00516
RMS 0.00516
RMS 0.00516
RMS 0.00515
RMS 0.00515
RMS 0.00515
RMS 0.00514
RMS 0.00514
RMS 0.00514
RMS 0.00513
RMS 0.00513
RMS 0.00513
RMS 0.00512
RMS 0.00512
RMS 0.00512
RMS 0.00511
RMS 0.00511
RMS 0.00511
RMS 0.00510
RMS 0.00510
RMS 0.00510
RMS 0.00509
RMS 0.00509
RMS 0.00509
RMS 0.00508
RMS 0.00508
RMS 0.00508
RMS 0.00507
RMS 0.00507
RMS 0.00507
RMS 0.00507
RMS 0.00506
RMS 0.00506
RMS 0.00506
RMS 0.00505
RMS 0.00505
RMS 0.00505
RMS 0.00504
RMS 0.00504
RMS 0.00504
RMS 0.00504
RMS 0.00503
RMS 0.00503
RMS 0.00503
RMS 0.00502
RMS 0.00502
RMS 0.00502
RMS 0.00502
RMS 0.00501
RMS 0.00501
RMS 0.00501
RMS 0.00501
RMS 0.00500
RMS 0.00500
RMS 0.00500
RMS 0.00499
RMS 0.00499
RMS 0.00499
RMS 0.00499
RMS 0.00498

##################TEST##################
Test : ACIERTOS = 4 100%
Test FALLOS = 0 0%
