-0.40 -0.06 
-0.02 -0.48 
-0.49 0.44 
0.06 0.03 
-0.18 -0.14 
-0.30 0.35 
0.11 0.23 
0.48 -0.49 
0.02 -0.22 0.39 -0.50 0.24 -0.06 -0.26 -0.10 
0.21 0.48 -0.39 -0.44 -0.13 0.20 -0.33 -0.04 
-0.37 0.16 -0.02 -0.36 0.10 -0.47 0.18 0.42 -0.11 0.38 

##################LEARN##################
RMS 1.46514
RMS 1.43519
RMS 1.40887
RMS 1.38566
RMS 1.36512
RMS 1.34686
RMS 1.33056
RMS 1.31594
RMS 1.30277
RMS 1.29083
RMS 1.27997
RMS 1.27004
RMS 1.26090
RMS 1.25244
RMS 1.24458
RMS 1.23724
RMS 1.23034
RMS 1.22382
RMS 1.21763
RMS 1.21173
RMS 1.20607
RMS 1.20063
RMS 1.19536
RMS 1.19025
RMS 1.18526
RMS 1.18039
RMS 1.17560
RMS 1.17088
RMS 1.16623
RMS 1.16161
RMS 1.15703
RMS 1.15247
RMS 1.14792
RMS 1.14338
RMS 1.13883
RMS 1.13427
RMS 1.12970
RMS 1.12510
RMS 1.12047
RMS 1.11581
RMS 1.11111
RMS 1.10637
RMS 1.10159
RMS 1.09676
RMS 1.09189
RMS 1.08696
RMS 1.08198
RMS 1.07694
RMS 1.07185
RMS 1.06670
RMS 1.06149
RMS 1.05622
RMS 1.05089
RMS 1.04551
RMS 1.04006
RMS 1.03455
RMS 1.02898
RMS 1.02335
RMS 1.01767
RMS 1.01192
RMS 1.00612
RMS 1.00026
RMS 0.99434
RMS 0.98837
RMS 0.98234
RMS 0.97626
RMS 0.97014
RMS 0.96396
RMS 0.95773
RMS 0.95145
RMS 0.94514
RMS 0.93877
RMS 0.93237
RMS 0.92592
RMS 0.91944
RMS 0.91291
RMS 0.90636
RMS 0.89977
RMS 0.89315
RMS 0.88649
RMS 0.87981
RMS 0.87311
RMS 0.86637
RMS 0.85962
RMS 0.85284
RMS 0.84605
RMS 0.83923
RMS 0.83240
RMS 0.82556
RMS 0.81870
RMS 0.81183
RMS 0.80495
RMS 0.79806
RMS 0.79117
RMS 0.78427
RMS 0.77737
RMS 0.77047
RMS 0.76356
RMS 0.75666
RMS 0.74976
RMS 0.74286
RMS 0.73597
RMS 0.72909
RMS 0.72221
RMS 0.71534
RMS 0.70849
RMS 0.70164
RMS 0.69481
RMS 0.68800
RMS 0.68120
RMS 0.67441
RMS 0.66765
RMS 0.66090
RMS 0.65418
RMS 0.64748
RMS 0.64080
RMS 0.63415
RMS 0.62752
RMS 0.62091
RMS 0.61434
RMS 0.60779
RMS 0.60128
RMS 0.59479
RMS 0.58834
RMS 0.58191
RMS 0.57553
RMS 0.56917
RMS 0.56285
RMS 0.55657
RMS 0.55033
RMS 0.54412
RMS 0.53795
RMS 0.53182
RMS 0.52573
RMS 0.51968
RMS 0.51368
RMS 0.50771
RMS 0.50179
RMS 0.49591
RMS 0.49008
RMS 0.48429
RMS 0.47855
RMS 0.47285
RMS 0.46720
RMS 0.46160
RMS 0.45604
RMS 0.45053
RMS 0.44507
RMS 0.43966
RMS 0.43430
RMS 0.42898
RMS 0.42372
RMS 0.41850
RMS 0.41334
RMS 0.40822
RMS 0.40316
RMS 0.39814
RMS 0.39318
RMS 0.38826
RMS 0.38340
RMS 0.37859
RMS 0.37383
RMS 0.36912
RMS 0.36446
RMS 0.35985
RMS 0.35529
RMS 0.35079
RMS 0.34633
RMS 0.34192
RMS 0.33757
RMS 0.33327
RMS 0.32901
RMS 0.32481
RMS 0.32066
RMS 0.31655
RMS 0.31250
RMS 0.30849
RMS 0.30454
RMS 0.30063
RMS 0.29677
RMS 0.29296
RMS 0.28920
RMS 0.28549
RMS 0.28182
RMS 0.27820
RMS 0.27463
RMS 0.27110
RMS 0.26763
RMS 0.26419
RMS 0.26080
RMS 0.25746
RMS 0.25416
RMS 0.25091
RMS 0.24770
RMS 0.24453
RMS 0.24141
RMS 0.23833
RMS 0.23529
RMS 0.23230
RMS 0.22934
RMS 0.22643
RMS 0.22356
RMS 0.22073
RMS 0.21793
RMS 0.21518
RMS 0.21247
RMS 0.20979
RMS 0.20715
RMS 0.20455
RMS 0.20199
RMS 0.19946
RMS 0.19697
RMS 0.19452
RMS 0.19210
RMS 0.18972
RMS 0.18737
RMS 0.18506
RMS 0.18277
RMS 0.18053
RMS 0.17831
RMS 0.17613
RMS 0.17398
RMS 0.17186
RMS 0.16977
RMS 0.16771
RMS 0.16568
RMS 0.16368
RMS 0.16172
RMS 0.15978
RMS 0.15786
RMS 0.15598
RMS 0.15413
RMS 0.15230
RMS 0.15050
RMS 0.14872
RMS 0.14697
RMS 0.14525
RMS 0.14355
RMS 0.14188
RMS 0.14023
RMS 0.13861
RMS 0.13701
RMS 0.13543
RMS 0.13387
RMS 0.13234
RMS 0.13083
RMS 0.12935
RMS 0.12788
RMS 0.12644
RMS 0.12502
RMS 0.12362
RMS 0.12223
RMS 0.12087
RMS 0.11953
RMS 0.11821
RMS 0.11691
RMS 0.11562
RMS 0.11436
RMS 0.11311
RMS 0.11188
RMS 0.11067
RMS 0.10948
RMS 0.10830
RMS 0.10714
RMS 0.10599
RMS 0.10487
RMS 0.10376
RMS 0.10266
RMS 0.10158
RMS 0.10051
RMS 0.09946
RMS 0.09843
RMS 0.09741
RMS 0.09640
RMS 0.09541
RMS 0.09443
RMS 0.09347
RMS 0.09252
RMS 0.09158
RMS 0.09066
RMS 0.08974
RMS 0.08884
RMS 0.08796
RMS 0.08708
RMS 0.08622
RMS 0.08537
RMS 0.08453
RMS 0.08370
RMS 0.08288
RMS 0.08208
RMS 0.08128
RMS 0.08050
RMS 0.07973
RMS 0.07896
RMS 0.07821
RMS 0.07747
RMS 0.07673
RMS 0.07601
RMS 0.07530
RMS 0.07459
RMS 0.07390
RMS 0.07321
RMS 0.07254
RMS 0.07187
RMS 0.07121
RMS 0.07056
RMS 0.06992
RMS 0.06928
RMS 0.06866
RMS 0.06804
RMS 0.06743
RMS 0.06683
RMS 0.06623
RMS 0.06565
RMS 0.06507
RMS 0.06450
RMS 0.06393
RMS 0.06337
RMS 0.06282
RMS 0.06228
RMS 0.06174
RMS 0.06121
RMS 0.06069
RMS 0.06017
RMS 0.05966
RMS 0.05916
RMS 0.05866
RMS 0.05817
RMS 0.05768
RMS 0.05720
RMS 0.05673
RMS 0.05626
RMS 0.05580
RMS 0.05534
RMS 0.05489
RMS 0.05444
RMS 0.05400
RMS 0.05357
RMS 0.05313
RMS 0.05271
RMS 0.05229
RMS 0.05187
RMS 0.05146
RMS 0.05106
RMS 0.05066
RMS 0.05026
RMS 0.04987
RMS 0.04948
RMS 0.04910
RMS 0.04872
RMS 0.04835
RMS 0.04798
RMS 0.04761
RMS 0.04725
RMS 0.04689
RMS 0.04654
RMS 0.04619
RMS 0.04585
RMS 0.04550
RMS 0.04517
RMS 0.04483
RMS 0.04450
RMS 0.04418
RMS 0.04385
RMS 0.04354
RMS 0.04322
RMS 0.04291
RMS 0.04260
RMS 0.04229
RMS 0.04199
RMS 0.04169
RMS 0.04140
RMS 0.04111
RMS 0.04082
RMS 0.04053
RMS 0.04025
RMS 0.03997
RMS 0.03969
RMS 0.03942
RMS 0.03915
RMS 0.03888
RMS 0.03861
RMS 0.03835
RMS 0.03809
RMS 0.03783
RMS 0.03758
RMS 0.03733
RMS 0.03708
RMS 0.03683
RMS 0.03659
RMS 0.03635
RMS 0.03611
RMS 0.03587
RMS 0.03564
RMS 0.03540
RMS 0.03518
RMS 0.03495
RMS 0.03472
RMS 0.03450
RMS 0.03428
RMS 0.03406
RMS 0.03385
RMS 0.03363
RMS 0.03342
RMS 0.03321
RMS 0.03300
RMS 0.03280
RMS 0.03260
RMS 0.03239
RMS 0.03219
RMS 0.03200
RMS 0.03180
RMS 0.03161
RMS 0.03142
RMS 0.03123
RMS 0.03104
RMS 0.03085
RMS 0.03067
RMS 0.03048
RMS 0.03030
RMS 0.03012
RMS 0.02995
RMS 0.02977
RMS 0.02960
RMS 0.02942
RMS 0.02925
RMS 0.02908
RMS 0.02892
RMS 0.02875
RMS 0.02859
RMS 0.02842
RMS 0.02826
RMS 0.02810
RMS 0.02794
RMS 0.02778
RMS 0.02763
RMS 0.02747
RMS 0.02732
RMS 0.02717
RMS 0.02702
RMS 0.02687
RMS 0.02672
RMS 0.02658
RMS 0.02643
RMS 0.02629
RMS 0.02615
RMS 0.02601
RMS 0.02587
RMS 0.02573
RMS 0.02559
RMS 0.02545
RMS 0.02532
RMS 0.02519
RMS 0.02505
RMS 0.02492
RMS 0.02479
RMS 0.02466
RMS 0.02453
RMS 0.02441
RMS 0.02428
RMS 0.02416
RMS 0.02403
RMS 0.02391
RMS 0.02379
RMS 0.02367
RMS 0.02355
RMS 0.02343
RMS 0.02331
RMS 0.02320
RMS 0.02308
RMS 0.02297
RMS 0.02285
RMS 0.02274
RMS 0.02263
RMS 0.02252
RMS 0.02241
RMS 0.02230
RMS 0.02219
RMS 0.02209
RMS 0.02198
RMS 0.02187
RMS 0.02177
RMS 0.02167
RMS 0.02156
RMS 0.02146
RMS 0.02136
RMS 0.02126
RMS 0.02116
RMS 0.02106
RMS 0.02096
RMS 0.02087
RMS 0.02077
RMS 0.02068
RMS 0.02058
RMS 0.02049
RMS 0.02039
RMS 0.02030
RMS 0.02021
RMS 0.02012
RMS 0.02003
RMS 0.01994
RMS 0.01985
RMS 0.01976
RMS 0.01967
RMS 0.01959
RMS 0.01950
RMS 0.01941
RMS 0.01933
RMS 0.01925
RMS 0.01916
RMS 0.01908
RMS 0.01900
RMS 0.01892
RMS 0.01883
RMS 0.01875
RMS 0.01867
RMS 0.01860
RMS 0.01852
RMS 0.01844
RMS 0.01836
RMS 0.01828
RMS 0.01821
RMS 0.01813
RMS 0.01806
RMS 0.01798
RMS 0.01791
RMS 0.01784
RMS 0.01776
RMS 0.01769
RMS 0.01762
RMS 0.01755
RMS 0.01748
RMS 0.01741
RMS 0.01734
RMS 0.01727
RMS 0.01720
RMS 0.01713
RMS 0.01706
RMS 0.01700
RMS 0.01693
RMS 0.01686
RMS 0.01680
RMS 0.01673
RMS 0.01667
RMS 0.01660
RMS 0.01654
RMS 0.01648
RMS 0.01641
RMS 0.01635
RMS 0.01629
RMS 0.01623
RMS 0.01617
RMS 0.01610
RMS 0.01604
RMS 0.01598
RMS 0.01593
RMS 0.01587
RMS 0.01581
RMS 0.01575
RMS 0.01569
RMS 0.01563
RMS 0.01558
RMS 0.01552
RMS 0.01546
RMS 0.01541
RMS 0.01535
RMS 0.01530
RMS 0.01524
RMS 0.01519
RMS 0.01513
RMS 0.01508
RMS 0.01503
RMS 0.01498
RMS 0.01492
RMS 0.01487
RMS 0.01482
RMS 0.01477
RMS 0.01472
RMS 0.01467
RMS 0.01461
RMS 0.01456
RMS 0.01452
RMS 0.01447
RMS 0.01442
RMS 0.01437
RMS 0.01432
RMS 0.01427
RMS 0.01422
RMS 0.01418
RMS 0.01413
RMS 0.01408
RMS 0.01404
RMS 0.01399
RMS 0.01394
RMS 0.01390
RMS 0.01385
RMS 0.01381
RMS 0.01376
RMS 0.01372
RMS 0.01367
RMS 0.01363
RMS 0.01359
RMS 0.01354
RMS 0.01350
RMS 0.01346
RMS 0.01341
RMS 0.01337
RMS 0.01333
RMS 0.01329
RMS 0.01325
RMS 0.01321
RMS 0.01317
RMS 0.01313
RMS 0.01308
RMS 0.01304
RMS 0.01300
RMS 0.01297
RMS 0.01293
RMS 0.01289
RMS 0.01285
RMS 0.01281
RMS 0.01277
RMS 0.01273
RMS 0.01269
RMS 0.01266
RMS 0.01262
RMS 0.01258
RMS 0.01255
RMS 0.01251
RMS 0.01247
RMS 0.01244
RMS 0.01240
RMS 0.01236
RMS 0.01233
RMS 0.01229
RMS 0.01226
RMS 0.01222
RMS 0.01219
RMS 0.01215
RMS 0.01212
RMS 0.01208
RMS 0.01205
RMS 0.01202
RMS 0.01198
RMS 0.01195
RMS 0.01192
RMS 0.01188
RMS 0.01185
RMS 0.01182
RMS 0.01179
RMS 0.01175
RMS 0.01172
RMS 0.01169
RMS 0.01166
RMS 0.01163
RMS 0.01160
RMS 0.01157
RMS 0.01153
RMS 0.01150
RMS 0.01147
RMS 0.01144
RMS 0.01141
RMS 0.01138
RMS 0.01135
RMS 0.01132
RMS 0.01129
RMS 0.01127
RMS 0.01124
RMS 0.01121
RMS 0.01118
RMS 0.01115
RMS 0.01112
RMS 0.01109
RMS 0.01106
RMS 0.01104
RMS 0.01101
RMS 0.01098
RMS 0.01095
RMS 0.01093
RMS 0.01090
RMS 0.01087
RMS 0.01085
RMS 0.01082
RMS 0.01079
RMS 0.01077
RMS 0.01074
RMS 0.01071
RMS 0.01069
RMS 0.01066
RMS 0.01064
RMS 0.01061
RMS 0.01059
RMS 0.01056
RMS 0.01054
RMS 0.01051
RMS 0.01049
RMS 0.01046
RMS 0.01044
RMS 0.01041
RMS 0.01039
RMS 0.01036
RMS 0.01034
RMS 0.01032
RMS 0.01029
RMS 0.01027
RMS 0.01025
RMS 0.01022
RMS 0.01020
RMS 0.01018
RMS 0.01015
RMS 0.01013
RMS 0.01011
RMS 0.01008
RMS 0.01006
RMS 0.01004
RMS 0.01002
RMS 0.01000
RMS 0.00997
RMS 0.00995
RMS 0.00993
RMS 0.00991
RMS 0.00989
RMS 0.00987
RMS 0.00984
RMS 0.00982
RMS 0.00980
RMS 0.00978
RMS 0.00976
RMS 0.00974
RMS 0.00972
RMS 0.00970
RMS 0.00968
RMS 0.00966
RMS 0.00964
RMS 0.00962
RMS 0.00960
RMS 0.00958
RMS 0.00956
RMS 0.00954
RMS 0.00952
RMS 0.00950
RMS 0.00948
RMS 0.00946
RMS 0.00944
RMS 0.00942
RMS 0.00940
RMS 0.00938
RMS 0.00937
RMS 0.00935
RMS 0.00933
RMS 0.00931
RMS 0.00929
RMS 0.00927
RMS 0.00925
RMS 0.00924
RMS 0.00922
RMS 0.00920
RMS 0.00918
RMS 0.00917
RMS 0.00915
RMS 0.00913
RMS 0.00911
RMS 0.00910
RMS 0.00908
RMS 0.00906
RMS 0.00904
RMS 0.00903
RMS 0.00901
RMS 0.00899
RMS 0.00898
RMS 0.00896
RMS 0.00894
RMS 0.00893
RMS 0.00891
RMS 0.00889
RMS 0.00888
RMS 0.00886
RMS 0.00885
RMS 0.00883
RMS 0.00881
RMS 0.00880
RMS 0.00878
RMS 0.00877
RMS 0.00875
RMS 0.00873
RMS 0.00872
RMS 0.00870
RMS 0.00869
RMS 0.00867
RMS 0.00866
RMS 0.00864
RMS 0.00863
RMS 0.00861
RMS 0.00860
RMS 0.00858
RMS 0.00857
RMS 0.00855
RMS 0.00854
RMS 0.00853
RMS 0.00851
RMS 0.00850
RMS 0.00848
RMS 0.00847
RMS 0.00845
RMS 0.00844
RMS 0.00843
RMS 0.00841
RMS 0.00840
RMS 0.00838
RMS 0.00837
RMS 0.00836
RMS 0.00834
RMS 0.00833
RMS 0.00832
RMS 0.00830
RMS 0.00829
RMS 0.00828
RMS 0.00826
RMS 0.00825
RMS 0.00824
RMS 0.00822
RMS 0.00821
RMS 0.00820
RMS 0.00818
RMS 0.00817
RMS 0.00816
RMS 0.00815
RMS 0.00813
RMS 0.00812
RMS 0.00811
RMS 0.00810
RMS 0.00808
RMS 0.00807
RMS 0.00806
RMS 0.00805
RMS 0.00803
RMS 0.00802
RMS 0.00801
RMS 0.00800
RMS 0.00799
RMS 0.00797
RMS 0.00796
RMS 0.00795
RMS 0.00794
RMS 0.00793
RMS 0.00792
RMS 0.00790
RMS 0.00789
RMS 0.00788
RMS 0.00787
RMS 0.00786
RMS 0.00785
RMS 0.00784
RMS 0.00782
RMS 0.00781
RMS 0.00780
RMS 0.00779
RMS 0.00778
RMS 0.00777
RMS 0.00776
RMS 0.00775
RMS 0.00774
RMS 0.00773
RMS 0.00772
RMS 0.00770
RMS 0.00769
RMS 0.00768
RMS 0.00767
RMS 0.00766
RMS 0.00765
RMS 0.00764
RMS 0.00763
RMS 0.00762
RMS 0.00761
RMS 0.00760
RMS 0.00759
RMS 0.00758
RMS 0.00757
RMS 0.00756
RMS 0.00755
RMS 0.00754
RMS 0.00753
RMS 0.00752
RMS 0.00751
RMS 0.00750
RMS 0.00749
RMS 0.00748
RMS 0.00747
RMS 0.00746
RMS 0.00745
RMS 0.00744
RMS 0.00743
RMS 0.00743
RMS 0.00742
RMS 0.00741
RMS 0.00740
RMS 0.00739
RMS 0.00738
RMS 0.00737
RMS 0.00736
RMS 0.00735
RMS 0.00734
RMS 0.00733
RMS 0.00732
RMS 0.00732
RMS 0.00731
RMS 0.00730
RMS 0.00729
RMS 0.00728
RMS 0.00727
RMS 0.00726
RMS 0.00725
RMS 0.00725
RMS 0.00724
RMS 0.00723
RMS 0.00722
RMS 0.00721
RMS 0.00720
RMS 0.00719
RMS 0.00719
RMS 0.00718
RMS 0.00717
RMS 0.00716
RMS 0.00715
RMS 0.00715
RMS 0.00714
RMS 0.00713
RMS 0.00712
RMS 0.00711
RMS 0.00710
RMS 0.00710
RMS 0.00709
RMS 0.00708
RMS 0.00707
RMS 0.00707
RMS 0.00706
RMS 0.00705
RMS 0.00704
RMS 0.00703
RMS 0.00703
RMS 0.00702
RMS 0.00701
RMS 0.00700
RMS 0.00700
RMS 0.00699
RMS 0.00698
RMS 0.00697
RMS 0.00697
RMS 0.00696
RMS 0.00695
RMS 0.00694
RMS 0.00694
RMS 0.00693
RMS 0.00692
RMS 0.00692
RMS 0.00691
RMS 0.00690
RMS 0.00689
RMS 0.00689
RMS 0.00688
RMS 0.00687
RMS 0.00687
RMS 0.00686
RMS 0.00685
RMS 0.00684
RMS 0.00684
RMS 0.00683
RMS 0.00682
RMS 0.00682
RMS 0.00681
RMS 0.00680
RMS 0.00680
RMS 0.00679
RMS 0.00678
RMS 0.00678
RMS 0.00677
RMS 0.00676
RMS 0.00676
RMS 0.00675
RMS 0.00674
RMS 0.00674
RMS 0.00673
RMS 0.00672
RMS 0.00672
RMS 0.00671
RMS 0.00671
RMS 0.00670
RMS 0.00669
RMS 0.00669
RMS 0.00668
RMS 0.00667
RMS 0.00667
RMS 0.00666
RMS 0.00666
RMS 0.00665
RMS 0.00664
RMS 0.00664
RMS 0.00663
RMS 0.00663
RMS 0.00662

##################TEST##################
Test : ACIERTOS = 4 100%
Test FALLOS = 0 0%
