-0.22 0.16 0.15 -0.42 
-0.24 0.25 -0.17 -0.01 
-0.13 -0.17 -0.19 -0.03 
-0.31 0.19 0.16 0.07 
-0.29 0.21 0.15 -0.26 
0.14 -0.23 0.48 -0.18 
-0.12 0.36 -0.21 0.14 
-0.35 -0.27 -0.45 -0.08 
0.39 0.20 0.00 -0.35 -0.05 0.33 0.15 0.31 
-0.34 0.46 -0.21 -0.15 0.15 0.44 0.42 0.35 
0.16 0.07 -0.41 -0.20 0.34 -0.42 0.11 -0.29 
0.44 0.41 0.35 -0.41 -0.36 0.39 0.01 -0.47 0.09 -0.48 -0.32 

##################LEARN##################
RMS 2.13891
RMS 1.69768
RMS 1.32079
RMS 1.14948
RMS 1.07402
RMS 1.03083
RMS 1.00000
RMS 0.97468
RMS 0.95194
RMS 0.93029
RMS 0.90887
RMS 0.88715
RMS 0.86479
RMS 0.84157
RMS 0.81733
RMS 0.79197
RMS 0.76545
RMS 0.73783
RMS 0.70924
RMS 0.67996
RMS 0.65038
RMS 0.62098
RMS 0.59230
RMS 0.56486
RMS 0.53906
RMS 0.51518
RMS 0.49336
RMS 0.47361
RMS 0.45585
RMS 0.43994
RMS 0.42570
RMS 0.41295
RMS 0.40151
RMS 0.39122
RMS 0.38193
RMS 0.37348
RMS 0.36576
RMS 0.35866
RMS 0.35208
RMS 0.34592
RMS 0.34010
RMS 0.33455
RMS 0.32923
RMS 0.32410
RMS 0.31916
RMS 0.31441
RMS 0.30988
RMS 0.30557
RMS 0.30151
RMS 0.29767
RMS 0.29405
RMS 0.29065
RMS 0.28745
RMS 0.28444
RMS 0.28161
RMS 0.27895
RMS 0.27645
RMS 0.27410
RMS 0.27189
RMS 0.26981
RMS 0.26785
RMS 0.26601
RMS 0.26427
RMS 0.26261
RMS 0.26103
RMS 0.25951
RMS 0.25804
RMS 0.25658
RMS 0.25512
RMS 0.25364
RMS 0.25210
RMS 0.25048
RMS 0.24879
RMS 0.24702
RMS 0.24521
RMS 0.24337
RMS 0.24154
RMS 0.23973
RMS 0.23797
RMS 0.23626
RMS 0.23461
RMS 0.23302
RMS 0.23149
RMS 0.23002
RMS 0.22860
RMS 0.22724
RMS 0.22594
RMS 0.22468
RMS 0.22348
RMS 0.22233
RMS 0.22123
RMS 0.22018
RMS 0.21917
RMS 0.21822
RMS 0.21730
RMS 0.21644
RMS 0.21563
RMS 0.21486
RMS 0.21415
RMS 0.21349
RMS 0.21289
RMS 0.21234
RMS 0.21186
RMS 0.21146
RMS 0.21112
RMS 0.21088
RMS 0.21073
RMS 0.21070
RMS 0.21080
RMS 0.21105
RMS 0.21146
RMS 0.21206
RMS 0.21282
RMS 0.21360
RMS 0.21391
RMS 0.21266
RMS 0.20930
RMS 0.20554
RMS 0.20272
RMS 0.20057
RMS 0.19878
RMS 0.19725
RMS 0.19591
RMS 0.19472
RMS 0.19367
RMS 0.19272
RMS 0.19186
RMS 0.19107
RMS 0.19034
RMS 0.18965
RMS 0.18900
RMS 0.18838
RMS 0.18778
RMS 0.18718
RMS 0.18660
RMS 0.18601
RMS 0.18542
RMS 0.18482
RMS 0.18421
RMS 0.18358
RMS 0.18293
RMS 0.18226
RMS 0.18156
RMS 0.18085
RMS 0.18011
RMS 0.17934
RMS 0.17856
RMS 0.17775
RMS 0.17691
RMS 0.17606
RMS 0.17519
RMS 0.17430
RMS 0.17339
RMS 0.17247
RMS 0.17154
RMS 0.17059
RMS 0.16964
RMS 0.16868
RMS 0.16771
RMS 0.16673
RMS 0.16574
RMS 0.16475
RMS 0.16376
RMS 0.16276
RMS 0.16175
RMS 0.16073
RMS 0.15971
RMS 0.15868
RMS 0.15764
RMS 0.15658
RMS 0.15552
RMS 0.15444
RMS 0.15336
RMS 0.15225
RMS 0.15113
RMS 0.15000
RMS 0.14885
RMS 0.14768
RMS 0.14649
RMS 0.14528
RMS 0.14405
RMS 0.14281
RMS 0.14155
RMS 0.14026
RMS 0.13896
RMS 0.13763
RMS 0.13628
RMS 0.13491
RMS 0.13351
RMS 0.13208
RMS 0.13063
RMS 0.12914
RMS 0.12761
RMS 0.12603
RMS 0.12439
RMS 0.12269
RMS 0.12091
RMS 0.11903
RMS 0.11702
RMS 0.11486
RMS 0.11251
RMS 0.10992
RMS 0.10708
RMS 0.10402
RMS 0.10088
RMS 0.09798
RMS 0.09559
RMS 0.09361
RMS 0.09189
RMS 0.09037
RMS 0.08903
RMS 0.08781
RMS 0.08685
RMS 0.08535
RMS 0.08800
RMS 0.07742
RMS 0.14359
RMS 0.13011
RMS 0.13870
RMS 0.12781
RMS 0.10657
RMS 0.07113
RMS 0.23623
RMS 0.10702
RMS 0.19370
RMS 0.12854
RMS 0.09981
RMS 0.22486
RMS 0.09535
RMS 0.19754
RMS 0.09278
RMS 0.13285
RMS 0.08598
RMS 0.17995
RMS 0.18589
RMS 0.20095
RMS 0.07776
RMS 0.18543
RMS 0.21791
RMS 0.06840
RMS 0.19261
RMS 0.16118
RMS 0.06040
RMS 0.19151
RMS 0.18071
RMS 0.05968
RMS 0.19221
RMS 0.18283
RMS 0.05908
RMS 0.19395
RMS 0.17588
RMS 0.06063
RMS 0.19526
RMS 0.17552
RMS 0.06239
RMS 0.19677
RMS 0.17381
RMS 0.06608
RMS 0.19822
RMS 0.17386
RMS 0.07394
RMS 0.19950
RMS 0.17845
RMS 0.09482
RMS 0.21503
RMS 0.12680
RMS 0.14595
RMS 0.15753
RMS 0.17337
RMS 0.16472
RMS 0.18347
RMS 0.18412
RMS 0.19240
RMS 0.19736
RMS 0.19647
RMS 0.19320
RMS 0.18976
RMS 0.18653
RMS 0.18357
RMS 0.18092
RMS 0.17858
RMS 0.17654
RMS 0.17477
RMS 0.17325
RMS 0.17195
RMS 0.17082
RMS 0.16983
RMS 0.16897
RMS 0.16820
RMS 0.16752
RMS 0.16689
RMS 0.16631
RMS 0.16577
RMS 0.16527
RMS 0.16479
RMS 0.16432
RMS 0.16388
RMS 0.16345
RMS 0.16302
RMS 0.16261
RMS 0.16220
RMS 0.16180
RMS 0.16140
RMS 0.16101
RMS 0.16062
RMS 0.16023
RMS 0.15984
RMS 0.15945
RMS 0.15907
RMS 0.15868
RMS 0.15829
RMS 0.15791
RMS 0.15752
RMS 0.15714
RMS 0.15675
RMS 0.15636
RMS 0.15597
RMS 0.15558
RMS 0.15519
RMS 0.15480
RMS 0.15441
RMS 0.15401
RMS 0.15361
RMS 0.15321
RMS 0.15281
RMS 0.15241
RMS 0.15200
RMS 0.15159
RMS 0.15118
RMS 0.15077
RMS 0.15036
RMS 0.14994
RMS 0.14952
RMS 0.14910
RMS 0.14867
RMS 0.14824
RMS 0.14781
RMS 0.14738
RMS 0.14694
RMS 0.14650
RMS 0.14606
RMS 0.14561
RMS 0.14516
RMS 0.14471
RMS 0.14426
RMS 0.14380
RMS 0.14334
RMS 0.14287
RMS 0.14241
RMS 0.14193
RMS 0.14146
RMS 0.14098
RMS 0.14050
RMS 0.14001
RMS 0.13952
RMS 0.13903
RMS 0.13853
RMS 0.13802
RMS 0.13752
RMS 0.13700
RMS 0.13649
RMS 0.13596
RMS 0.13544
RMS 0.13490
RMS 0.13437
RMS 0.13382
RMS 0.13327
RMS 0.13271
RMS 0.13215
RMS 0.13158
RMS 0.13100
RMS 0.13041
RMS 0.12982
RMS 0.12922
RMS 0.12860
RMS 0.12797
RMS 0.12734
RMS 0.12669
RMS 0.12602
RMS 0.12535
RMS 0.12465
RMS 0.12394
RMS 0.12321
RMS 0.12246
RMS 0.12168
RMS 0.12087
RMS 0.12004
RMS 0.11916
RMS 0.11825
RMS 0.11728
RMS 0.11625
RMS 0.11515
RMS 0.11395
RMS 0.11264
RMS 0.11118
RMS 0.10953
RMS 0.10764
RMS 0.10545
RMS 0.10296
RMS 0.10027
RMS 0.09769
RMS 0.09567
RMS 0.09441
RMS 0.09361
RMS 0.09290
RMS 0.09211
RMS 0.09121
RMS 0.09026
RMS 0.08932
RMS 0.08843
RMS 0.08760
RMS 0.08681
RMS 0.08608
RMS 0.08538
RMS 0.08472
RMS 0.08410
RMS 0.08351
RMS 0.08295
RMS 0.08243
RMS 0.08193
RMS 0.08145
RMS 0.08100
RMS 0.08058
RMS 0.08017
RMS 0.07981
RMS 0.07935
RMS 0.07933
RMS 0.07786
RMS 0.08214
RMS 0.06840
RMS 0.14860
RMS 0.17820
RMS 0.15115
RMS 0.14024
RMS 0.12281
RMS 0.07860
RMS 0.08870
RMS 0.06608
RMS 0.10709
RMS 0.06259
RMS 0.09836
RMS 0.05786
RMS 0.07351
RMS 0.09338
RMS 0.05637
RMS 0.06552
RMS 0.11599
RMS 0.09530
RMS 0.05534
RMS 0.05726
RMS 0.07267
RMS 0.08684
RMS 0.05443
RMS 0.05474
RMS 0.05818
RMS 0.08721
RMS 0.05163
RMS 0.05024
RMS 0.04984
RMS 0.04890
RMS 0.04975
RMS 0.04821
RMS 0.05205
RMS 0.05717
RMS 0.14110
RMS 0.20682
RMS 0.17097
RMS 0.12671
RMS 0.05469
RMS 0.05247
RMS 0.05832
RMS 0.06321
RMS 0.08702
RMS 0.05272
RMS 0.11888
RMS 0.16614
RMS 0.12383
RMS 0.05530
RMS 0.12770
RMS 0.13077
RMS 0.10016
RMS 0.05749
RMS 0.15652
RMS 0.11268
RMS 0.05850
RMS 0.13690
RMS 0.07158
RMS 0.06960
RMS 0.06740
RMS 0.06313
RMS 0.05585
RMS 0.05784
RMS 0.16269
RMS 0.10996
RMS 0.06004
RMS 0.12339
RMS 0.06306
RMS 0.12595
RMS 0.06397
RMS 0.14626
RMS 0.09462
RMS 0.06392
RMS 0.12240
RMS 0.06796
RMS 0.06523
RMS 0.11530
RMS 0.05706
RMS 0.07001
RMS 0.04450
RMS 0.07147
RMS 0.05862
RMS 0.06859
RMS 0.06304
RMS 0.15105
RMS 0.12510
RMS 0.07097
RMS 0.04463
RMS 0.05392
RMS 0.05361
RMS 0.05269
RMS 0.07104
RMS 0.05675
RMS 0.12935
RMS 0.19175
RMS 0.13374
RMS 0.06830
RMS 0.08260
RMS 0.05628
RMS 0.07132
RMS 0.04901
RMS 0.05688
RMS 0.19046
RMS 0.10591
RMS 0.05781
RMS 0.05625
RMS 0.06860
RMS 0.04563
RMS 0.06996
RMS 0.06554
RMS 0.06126
RMS 0.07342
RMS 0.06085
RMS 0.11495
RMS 0.06027
RMS 0.07164
RMS 0.04191
RMS 0.06040
RMS 0.05818
RMS 0.20596
RMS 0.14565
RMS 0.12717
RMS 0.07683
RMS 0.04549
RMS 0.07615
RMS 0.05079
RMS 0.07487
RMS 0.04092
RMS 0.07238
RMS 0.05240
RMS 0.06959
RMS 0.08698
RMS 0.05905
RMS 0.05532
RMS 0.05492
RMS 0.08713
RMS 0.06022
RMS 0.06195
RMS 0.05504
RMS 0.05379
RMS 0.04470
RMS 0.20137
RMS 0.11424
RMS 0.07809
RMS 0.04699
RMS 0.07009
RMS 0.04660
RMS 0.06788
RMS 0.04378
RMS 0.05912
RMS 0.04733
RMS 0.20128
RMS 0.09249
RMS 0.06518
RMS 0.03893
RMS 0.06838
RMS 0.04131
RMS 0.04878
RMS 0.18197
RMS 0.09966
RMS 0.07772
RMS 0.04652
RMS 0.05484
RMS 0.08928
RMS 0.07882
RMS 0.04288
RMS 0.04546
RMS 0.10317
RMS 0.07707
RMS 0.03767
RMS 0.04340
RMS 0.10267
RMS 0.07838
RMS 0.05054
RMS 0.05722
RMS 0.07400
RMS 0.10557
RMS 0.05891
RMS 0.08655
RMS 0.06290
RMS 0.04351
RMS 0.05856
RMS 0.04771
RMS 0.11219
RMS 0.07536
RMS 0.04877
RMS 0.18315
RMS 0.09791
RMS 0.05397
RMS 0.12391
RMS 0.03309
RMS 0.08755
RMS 0.08280
RMS 0.04462
RMS 0.03393
RMS 0.11027
RMS 0.03006
RMS 0.05867
RMS 0.02691
RMS 0.07882
RMS 0.03648
RMS 0.02643
RMS 0.08137
RMS 0.04789
RMS 0.03394
RMS 0.17591
RMS 0.09851
RMS 0.08400
RMS 0.05037
RMS 0.03476
RMS 0.11464
RMS 0.02654
RMS 0.08444
RMS 0.05228
RMS 0.03588
RMS 0.12792
RMS 0.03430
RMS 0.09407
RMS 0.05856
RMS 0.07406
RMS 0.07709
RMS 0.04368
RMS 0.02416
RMS 0.05952
RMS 0.08573
RMS 0.05283
RMS 0.10595
RMS 0.06488
RMS 0.10393
RMS 0.06679
RMS 0.09810
RMS 0.02421
RMS 0.05423
RMS 0.12787
RMS 0.02203
RMS 0.03553
RMS 0.11003
RMS 0.02120
RMS 0.03038
RMS 0.06353
RMS 0.12625
RMS 0.02167
RMS 0.03089
RMS 0.05881
RMS 0.07878
RMS 0.05383
RMS 0.02779
RMS 0.08751
RMS 0.06303
RMS 0.04351
RMS 0.10112
RMS 0.01780
RMS 0.01887
RMS 0.01976
RMS 0.02086
RMS 0.02303
RMS 0.03184
RMS 0.06286
RMS 0.06338
RMS 0.03597
RMS 0.02252
RMS 0.02693
RMS 0.07504
RMS 0.05570
RMS 0.02975
RMS 0.07458
RMS 0.06971
RMS 0.08815
RMS 0.06323
RMS 0.05899
RMS 0.09160
RMS 0.06727
RMS 0.06933
RMS 0.04013
RMS 0.01520
RMS 0.01503
RMS 0.01499
RMS 0.01496
RMS 0.01493
RMS 0.01491
RMS 0.01488
RMS 0.01486
RMS 0.01484
RMS 0.01482
RMS 0.01480
RMS 0.01478
RMS 0.01476
RMS 0.01474
RMS 0.01473
RMS 0.01471
RMS 0.01469
RMS 0.01468
RMS 0.01466
RMS 0.01465
RMS 0.01464
RMS 0.01462
RMS 0.01461
RMS 0.01460
RMS 0.01459
RMS 0.01458
RMS 0.01456
RMS 0.01455
RMS 0.01454
RMS 0.01453
RMS 0.01452
RMS 0.01451
RMS 0.01450
RMS 0.01449
RMS 0.01448
RMS 0.01447
RMS 0.01447
RMS 0.01446
RMS 0.01445
RMS 0.01444
RMS 0.01443
RMS 0.01442
RMS 0.01442
RMS 0.01441
RMS 0.01440
RMS 0.01439
RMS 0.01439
RMS 0.01438
RMS 0.01437
RMS 0.01437
RMS 0.01436
RMS 0.01435
RMS 0.01435
RMS 0.01434
RMS 0.01433
RMS 0.01433
RMS 0.01432
RMS 0.01431
RMS 0.01431
RMS 0.01430
RMS 0.01430
RMS 0.01429
RMS 0.01429
RMS 0.01428
RMS 0.01427
RMS 0.01427
RMS 0.01426
RMS 0.01426
RMS 0.01425
RMS 0.01425
RMS 0.01424
RMS 0.01424
RMS 0.01423
RMS 0.01423
RMS 0.01422
RMS 0.01422
RMS 0.01421
RMS 0.01421
RMS 0.01420
RMS 0.01420
RMS 0.01420
RMS 0.01419
RMS 0.01419
RMS 0.01418
RMS 0.01418
RMS 0.01417
RMS 0.01417
RMS 0.01416
RMS 0.01416
RMS 0.01416
RMS 0.01415
RMS 0.01415
RMS 0.01414
RMS 0.01414
RMS 0.01414
RMS 0.01413
RMS 0.01413
RMS 0.01412
RMS 0.01412
RMS 0.01412
RMS 0.01411
RMS 0.01411
RMS 0.01410
RMS 0.01410
RMS 0.01410
RMS 0.01409
RMS 0.01409
RMS 0.01409
RMS 0.01408
RMS 0.01408
RMS 0.01407
RMS 0.01407
RMS 0.01407
RMS 0.01406
RMS 0.01406
RMS 0.01406
RMS 0.01405
RMS 0.01405
RMS 0.01405
RMS 0.01404
RMS 0.01404
RMS 0.01404
RMS 0.01403
RMS 0.01403
RMS 0.01403
RMS 0.01402
RMS 0.01402
RMS 0.01402
RMS 0.01401
RMS 0.01401
RMS 0.01401
RMS 0.01400
RMS 0.01400
RMS 0.01400
RMS 0.01399
RMS 0.01399
RMS 0.01399
RMS 0.01398
RMS 0.01398
RMS 0.01398
RMS 0.01397
RMS 0.01397
RMS 0.01397
RMS 0.01397
RMS 0.01396
RMS 0.01396
RMS 0.01396
RMS 0.01395
RMS 0.01395
RMS 0.01395
RMS 0.01394
RMS 0.01394
RMS 0.01394
RMS 0.01394
RMS 0.01393
RMS 0.01393
RMS 0.01393
RMS 0.01392
RMS 0.01392
RMS 0.01392
RMS 0.01391
RMS 0.01391
RMS 0.01391
RMS 0.01391
RMS 0.01390
RMS 0.01390
RMS 0.01390
RMS 0.01389
RMS 0.01389
RMS 0.01389
RMS 0.01389
RMS 0.01388
RMS 0.01388
RMS 0.01388
RMS 0.01387
RMS 0.01387
RMS 0.01387
RMS 0.01387
RMS 0.01386
RMS 0.01386
RMS 0.01386
RMS 0.01386
RMS 0.01385
RMS 0.01385
RMS 0.01385
RMS 0.01384
RMS 0.01384
RMS 0.01384
RMS 0.01384
RMS 0.01383
RMS 0.01383
RMS 0.01383
RMS 0.01383
RMS 0.01382
RMS 0.01382
RMS 0.01382
RMS 0.01381
RMS 0.01381
RMS 0.01381
RMS 0.01381
RMS 0.01380
RMS 0.01380
RMS 0.01380
RMS 0.01380
RMS 0.01379
RMS 0.01379
RMS 0.01379
RMS 0.01379
RMS 0.01378
RMS 0.01378
RMS 0.01378
RMS 0.01378
RMS 0.01377
RMS 0.01377
RMS 0.01377
RMS 0.01376
RMS 0.01376
RMS 0.01376
RMS 0.01376
RMS 0.01375
RMS 0.01375
RMS 0.01375
RMS 0.01375
RMS 0.01374
RMS 0.01374
RMS 0.01374
RMS 0.01374
RMS 0.01373
RMS 0.01373
RMS 0.01373
RMS 0.01373
RMS 0.01372
RMS 0.01372
RMS 0.01372
RMS 0.01372
RMS 0.01371
RMS 0.01371
RMS 0.01371
RMS 0.01371
RMS 0.01370
RMS 0.01370
RMS 0.01370
RMS 0.01370
RMS 0.01369
RMS 0.01369
RMS 0.01369
RMS 0.01369
RMS 0.01368
RMS 0.01368
RMS 0.01368
RMS 0.01368
RMS 0.01367
RMS 0.01367
RMS 0.01367
RMS 0.01367
RMS 0.01366
RMS 0.01366
RMS 0.01366
RMS 0.01366
RMS 0.01365
RMS 0.01365
RMS 0.01365
RMS 0.01365
RMS 0.01364
RMS 0.01364
RMS 0.01364
RMS 0.01364
RMS 0.01363
RMS 0.01363
RMS 0.01363
RMS 0.01363
RMS 0.01362
RMS 0.01362
RMS 0.01362
RMS 0.01362
RMS 0.01362
RMS 0.01361
RMS 0.01361
RMS 0.01361
RMS 0.01361
RMS 0.01360
RMS 0.01360
RMS 0.01360
RMS 0.01360
RMS 0.01359
RMS 0.01359
RMS 0.01359
RMS 0.01359
RMS 0.01358
RMS 0.01358
RMS 0.01358
RMS 0.01358
RMS 0.01357
RMS 0.01357
RMS 0.01357
RMS 0.01357
RMS 0.01356

##################TEST##################
Test : ACIERTOS = 101 96%
Test FALLOS = 4 4%
