-0.12 -0.32 -0.05 0.43 0.16 -0.15 0.46 -0.28 -0.48 
0.29 0.50 0.19 0.14 0.26 -0.50 0.09 0.38 0.12 
-0.28 0.36 -0.20 -0.29 0.31 -0.48 -0.26 0.45 0.05 
-0.29 0.04 -0.24 0.46 0.42 -0.06 -0.09 0.35 -0.40 
0.27 0.31 -0.18 0.29 0.10 -0.18 -0.02 -0.26 -0.42 
-0.02 0.32 0.47 -0.40 -0.45 0.33 -0.10 -0.24 0.13 
-0.08 -0.00 0.08 0.47 0.21 -0.38 -0.27 0.17 -0.46 
0.17 -0.42 0.39 0.27 0.34 0.20 -0.41 0.13 -0.20 
-0.09 -0.39 0.03 -0.00 0.09 -0.15 -0.04 0.19 
-0.10 -0.21 -0.41 0.16 0.42 0.02 -0.34 -0.00 
-0.01 0.36 0.11 0.22 0.03 0.15 -0.11 0.11 0.04 -0.34 

##################LEARN##################
RMS 1.30385
RMS 0.65182
RMS 0.30053
RMS 0.20992
RMS 0.17828
RMS 0.16306
RMS 0.15432
RMS 0.14872
RMS 0.14488
RMS 0.14209
RMS 0.13998
RMS 0.13832
RMS 0.13699
RMS 0.13588
RMS 0.13495
RMS 0.13414
RMS 0.13344
RMS 0.13282
RMS 0.13227
RMS 0.13177
RMS 0.13131
RMS 0.13089
RMS 0.13051
RMS 0.13015
RMS 0.12982
RMS 0.12950
RMS 0.12921
RMS 0.12893
RMS 0.12866
RMS 0.12841
RMS 0.12817
RMS 0.12794
RMS 0.12771
RMS 0.12750
RMS 0.12729
RMS 0.12710
RMS 0.12690
RMS 0.12672
RMS 0.12654
RMS 0.12636
RMS 0.12619
RMS 0.12602
RMS 0.12586
RMS 0.12570
RMS 0.12555
RMS 0.12539
RMS 0.12525
RMS 0.12510
RMS 0.12496
RMS 0.12482
RMS 0.12468
RMS 0.12454
RMS 0.12441
RMS 0.12428
RMS 0.12415
RMS 0.12402
RMS 0.12389
RMS 0.12377
RMS 0.12365
RMS 0.12352
RMS 0.12340
RMS 0.12329
RMS 0.12317
RMS 0.12305
RMS 0.12294
RMS 0.12282
RMS 0.12271
RMS 0.12260
RMS 0.12249
RMS 0.12238
RMS 0.12227
RMS 0.12216
RMS 0.12205
RMS 0.12195
RMS 0.12184
RMS 0.12173
RMS 0.12163
RMS 0.12153
RMS 0.12142
RMS 0.12132
RMS 0.12121
RMS 0.12111
RMS 0.12101
RMS 0.12091
RMS 0.12081
RMS 0.12071
RMS 0.12061
RMS 0.12051
RMS 0.12041
RMS 0.12031
RMS 0.12021
RMS 0.12011
RMS 0.12001
RMS 0.11991
RMS 0.11981
RMS 0.11971
RMS 0.11961
RMS 0.11951
RMS 0.11942
RMS 0.11932
RMS 0.11922
RMS 0.11912
RMS 0.11902
RMS 0.11892
RMS 0.11883
RMS 0.11873
RMS 0.11863
RMS 0.11853
RMS 0.11844
RMS 0.11834
RMS 0.11824
RMS 0.11814
RMS 0.11804
RMS 0.11795
RMS 0.11785
RMS 0.11775
RMS 0.11765
RMS 0.11755
RMS 0.11746
RMS 0.11736
RMS 0.11726
RMS 0.11716
RMS 0.11706
RMS 0.11697
RMS 0.11687
RMS 0.11677
RMS 0.11667
RMS 0.11657
RMS 0.11647
RMS 0.11637
RMS 0.11628
RMS 0.11618
RMS 0.11608
RMS 0.11598
RMS 0.11588
RMS 0.11578
RMS 0.11568
RMS 0.11559
RMS 0.11549
RMS 0.11539
RMS 0.11529
RMS 0.11519
RMS 0.11509
RMS 0.11499
RMS 0.11489
RMS 0.11480
RMS 0.11470
RMS 0.11460
RMS 0.11450
RMS 0.11440
RMS 0.11430
RMS 0.11420
RMS 0.11410
RMS 0.11401
RMS 0.11391
RMS 0.11381
RMS 0.11371
RMS 0.11361
RMS 0.11351
RMS 0.11341
RMS 0.11332
RMS 0.11322
RMS 0.11312
RMS 0.11302
RMS 0.11292
RMS 0.11283
RMS 0.11273
RMS 0.11263
RMS 0.11253
RMS 0.11243
RMS 0.11234
RMS 0.11224
RMS 0.11214
RMS 0.11204
RMS 0.11195
RMS 0.11185
RMS 0.11175
RMS 0.11166
RMS 0.11156
RMS 0.11146
RMS 0.11136
RMS 0.11127
RMS 0.11117
RMS 0.11107
RMS 0.11098
RMS 0.11088
RMS 0.11078
RMS 0.11069
RMS 0.11059
RMS 0.11049
RMS 0.11040
RMS 0.11030
RMS 0.11021
RMS 0.11011
RMS 0.11001
RMS 0.10992
RMS 0.10982
RMS 0.10973
RMS 0.10963
RMS 0.10953
RMS 0.10944
RMS 0.10934
RMS 0.10925
RMS 0.10915
RMS 0.10905
RMS 0.10896
RMS 0.10886
RMS 0.10877
RMS 0.10867
RMS 0.10858
RMS 0.10848
RMS 0.10838
RMS 0.10829
RMS 0.10819
RMS 0.10810
RMS 0.10800
RMS 0.10791
RMS 0.10781
RMS 0.10771
RMS 0.10762
RMS 0.10752
RMS 0.10743
RMS 0.10733
RMS 0.10724
RMS 0.10714
RMS 0.10705
RMS 0.10695
RMS 0.10685
RMS 0.10676
RMS 0.10666
RMS 0.10657
RMS 0.10647
RMS 0.10638
RMS 0.10628
RMS 0.10618
RMS 0.10609
RMS 0.10599
RMS 0.10590
RMS 0.10580
RMS 0.10570
RMS 0.10561
RMS 0.10551
RMS 0.10542
RMS 0.10532
RMS 0.10522
RMS 0.10513
RMS 0.10503
RMS 0.10494
RMS 0.10484
RMS 0.10474
RMS 0.10465
RMS 0.10455
RMS 0.10445
RMS 0.10436
RMS 0.10426
RMS 0.10417
RMS 0.10407
RMS 0.10397
RMS 0.10388
RMS 0.10378
RMS 0.10368
RMS 0.10359
RMS 0.10349
RMS 0.10339
RMS 0.10330
RMS 0.10320
RMS 0.10310
RMS 0.10301
RMS 0.10291
RMS 0.10281
RMS 0.10271
RMS 0.10262
RMS 0.10252
RMS 0.10242
RMS 0.10233
RMS 0.10223
RMS 0.10213
RMS 0.10204
RMS 0.10194
RMS 0.10184
RMS 0.10174
RMS 0.10165
RMS 0.10155
RMS 0.10145
RMS 0.10135
RMS 0.10126
RMS 0.10116
RMS 0.10106
RMS 0.10096
RMS 0.10087
RMS 0.10077
RMS 0.10067
RMS 0.10057
RMS 0.10047
RMS 0.10038
RMS 0.10028
RMS 0.10018
RMS 0.10008
RMS 0.09998
RMS 0.09989
RMS 0.09979
RMS 0.09969
RMS 0.09959
RMS 0.09949
RMS 0.09940
RMS 0.09930
RMS 0.09920
RMS 0.09910
RMS 0.09900
RMS 0.09890
RMS 0.09881
RMS 0.09871
RMS 0.09861
RMS 0.09851
RMS 0.09841
RMS 0.09831
RMS 0.09821
RMS 0.09811
RMS 0.09801
RMS 0.09792
RMS 0.09782
RMS 0.09772
RMS 0.09762
RMS 0.09752
RMS 0.09742
RMS 0.09732
RMS 0.09722
RMS 0.09712
RMS 0.09702
RMS 0.09692
RMS 0.09682
RMS 0.09672
RMS 0.09662
RMS 0.09652
RMS 0.09642
RMS 0.09632
RMS 0.09622
RMS 0.09612
RMS 0.09602
RMS 0.09592
RMS 0.09582
RMS 0.09572
RMS 0.09562
RMS 0.09552
RMS 0.09542
RMS 0.09532
RMS 0.09522
RMS 0.09512
RMS 0.09501
RMS 0.09491
RMS 0.09481
RMS 0.09471
RMS 0.09461
RMS 0.09451
RMS 0.09441
RMS 0.09430
RMS 0.09420
RMS 0.09410
RMS 0.09400
RMS 0.09390
RMS 0.09379
RMS 0.09369
RMS 0.09359
RMS 0.09349
RMS 0.09338
RMS 0.09328
RMS 0.09318
RMS 0.09307
RMS 0.09297
RMS 0.09287
RMS 0.09276
RMS 0.09266
RMS 0.09255
RMS 0.09245
RMS 0.09235
RMS 0.09224
RMS 0.09214
RMS 0.09203
RMS 0.09193
RMS 0.09182
RMS 0.09172
RMS 0.09161
RMS 0.09151
RMS 0.09140
RMS 0.09129
RMS 0.09119
RMS 0.09108
RMS 0.09097
RMS 0.09087
RMS 0.09076
RMS 0.09065
RMS 0.09054
RMS 0.09044
RMS 0.09033
RMS 0.09022
RMS 0.09011
RMS 0.09000
RMS 0.08989
RMS 0.08978
RMS 0.08968
RMS 0.08957
RMS 0.08946
RMS 0.08935
RMS 0.08924
RMS 0.08912
RMS 0.08901
RMS 0.08890
RMS 0.08879
RMS 0.08868
RMS 0.08857
RMS 0.08845
RMS 0.08834
RMS 0.08823
RMS 0.08812
RMS 0.08800
RMS 0.08789
RMS 0.08777
RMS 0.08766
RMS 0.08754
RMS 0.08743
RMS 0.08731
RMS 0.08720
RMS 0.08708
RMS 0.08697
RMS 0.08685
RMS 0.08673
RMS 0.08662
RMS 0.08650
RMS 0.08638
RMS 0.08626
RMS 0.08614
RMS 0.08602
RMS 0.08590
RMS 0.08579
RMS 0.08567
RMS 0.08555
RMS 0.08542
RMS 0.08530
RMS 0.08518
RMS 0.08506
RMS 0.08494
RMS 0.08482
RMS 0.08470
RMS 0.08457
RMS 0.08445
RMS 0.08433
RMS 0.08420
RMS 0.08408
RMS 0.08395
RMS 0.08383
RMS 0.08370
RMS 0.08358
RMS 0.08345
RMS 0.08333
RMS 0.08320
RMS 0.08307
RMS 0.08295
RMS 0.08282
RMS 0.08269
RMS 0.08256
RMS 0.08243
RMS 0.08231
RMS 0.08218
RMS 0.08205
RMS 0.08192
RMS 0.08179
RMS 0.08166
RMS 0.08153
RMS 0.08140
RMS 0.08127
RMS 0.08113
RMS 0.08100
RMS 0.08087
RMS 0.08074
RMS 0.08061
RMS 0.08047
RMS 0.08034
RMS 0.08021
RMS 0.08007
RMS 0.07994
RMS 0.07980
RMS 0.07967
RMS 0.07953
RMS 0.07940
RMS 0.07926
RMS 0.07913
RMS 0.07899
RMS 0.07886
RMS 0.07872
RMS 0.07858
RMS 0.07845
RMS 0.07831
RMS 0.07817
RMS 0.07803
RMS 0.07790
RMS 0.07776
RMS 0.07762
RMS 0.07748
RMS 0.07734
RMS 0.07720
RMS 0.07707
RMS 0.07693
RMS 0.07679
RMS 0.07665
RMS 0.07651
RMS 0.07637
RMS 0.07623
RMS 0.07609
RMS 0.07595
RMS 0.07580
RMS 0.07566
RMS 0.07552
RMS 0.07538
RMS 0.07524
RMS 0.07510
RMS 0.07496
RMS 0.07482
RMS 0.07467
RMS 0.07453
RMS 0.07439
RMS 0.07425
RMS 0.07410
RMS 0.07396
RMS 0.07382
RMS 0.07368
RMS 0.07353
RMS 0.07339
RMS 0.07325
RMS 0.07310
RMS 0.07296
RMS 0.07282
RMS 0.07267
RMS 0.07253
RMS 0.07239
RMS 0.07224
RMS 0.07210
RMS 0.07196
RMS 0.07181
RMS 0.07167
RMS 0.07153
RMS 0.07138
RMS 0.07124
RMS 0.07110
RMS 0.07095
RMS 0.07081
RMS 0.07066
RMS 0.07052
RMS 0.07038
RMS 0.07023
RMS 0.07009
RMS 0.06995
RMS 0.06980
RMS 0.06966
RMS 0.06952
RMS 0.06937
RMS 0.06923
RMS 0.06909
RMS 0.06895
RMS 0.06880
RMS 0.06866
RMS 0.06852
RMS 0.06838
RMS 0.06823
RMS 0.06809
RMS 0.06795
RMS 0.06781
RMS 0.06767
RMS 0.06753
RMS 0.06739
RMS 0.06724
RMS 0.06710
RMS 0.06696
RMS 0.06682
RMS 0.06668
RMS 0.06654
RMS 0.06640
RMS 0.06627
RMS 0.06613
RMS 0.06599
RMS 0.06585
RMS 0.06571
RMS 0.06557
RMS 0.06544
RMS 0.06530
RMS 0.06516
RMS 0.06503
RMS 0.06489
RMS 0.06475
RMS 0.06462
RMS 0.06448
RMS 0.06435
RMS 0.06421
RMS 0.06408
RMS 0.06395
RMS 0.06381
RMS 0.06368
RMS 0.06355
RMS 0.06342
RMS 0.06328
RMS 0.06315
RMS 0.06302
RMS 0.06289
RMS 0.06276
RMS 0.06263
RMS 0.06250
RMS 0.06237
RMS 0.06225
RMS 0.06212
RMS 0.06199
RMS 0.06186
RMS 0.06174
RMS 0.06161
RMS 0.06149
RMS 0.06136
RMS 0.06124
RMS 0.06111
RMS 0.06099
RMS 0.06086
RMS 0.06074
RMS 0.06062
RMS 0.06050
RMS 0.06038
RMS 0.06026
RMS 0.06014
RMS 0.06002
RMS 0.05990
RMS 0.05978
RMS 0.05966
RMS 0.05954
RMS 0.05942
RMS 0.05931
RMS 0.05919
RMS 0.05908
RMS 0.05896
RMS 0.05884
RMS 0.05873
RMS 0.05862
RMS 0.05850
RMS 0.05839
RMS 0.05828
RMS 0.05816
RMS 0.05805
RMS 0.05794
RMS 0.05783
RMS 0.05772
RMS 0.05761
RMS 0.05750
RMS 0.05739
RMS 0.05728
RMS 0.05718
RMS 0.05707
RMS 0.05696
RMS 0.05685
RMS 0.05675
RMS 0.05664
RMS 0.05654
RMS 0.05643
RMS 0.05633
RMS 0.05622
RMS 0.05612
RMS 0.05601
RMS 0.05591
RMS 0.05581
RMS 0.05570
RMS 0.05560
RMS 0.05550
RMS 0.05540
RMS 0.05530
RMS 0.05520
RMS 0.05510
RMS 0.05500
RMS 0.05490
RMS 0.05480
RMS 0.05470
RMS 0.05460
RMS 0.05450
RMS 0.05440
RMS 0.05431
RMS 0.05421
RMS 0.05411
RMS 0.05401
RMS 0.05392
RMS 0.05382
RMS 0.05373
RMS 0.05363
RMS 0.05354
RMS 0.05344
RMS 0.05335
RMS 0.05325
RMS 0.05316
RMS 0.05306
RMS 0.05297
RMS 0.05288
RMS 0.05278
RMS 0.05269
RMS 0.05260
RMS 0.05251
RMS 0.05242
RMS 0.05232
RMS 0.05223
RMS 0.05214
RMS 0.05205
RMS 0.05196
RMS 0.05187
RMS 0.05178
RMS 0.05169
RMS 0.05160
RMS 0.05151
RMS 0.05142
RMS 0.05133
RMS 0.05124
RMS 0.05116
RMS 0.05107
RMS 0.05098
RMS 0.05089
RMS 0.05081
RMS 0.05072
RMS 0.05063
RMS 0.05054
RMS 0.05046
RMS 0.05037
RMS 0.05029
RMS 0.05020
RMS 0.05011
RMS 0.05003
RMS 0.04994
RMS 0.04986
RMS 0.04977
RMS 0.04969
RMS 0.04960
RMS 0.04952
RMS 0.04944
RMS 0.04935
RMS 0.04927
RMS 0.04918
RMS 0.04910
RMS 0.04902
RMS 0.04893
RMS 0.04885
RMS 0.04877
RMS 0.04869
RMS 0.04860
RMS 0.04852
RMS 0.04844
RMS 0.04836
RMS 0.04828
RMS 0.04820
RMS 0.04811
RMS 0.04803
RMS 0.04795
RMS 0.04787
RMS 0.04779
RMS 0.04771
RMS 0.04763
RMS 0.04755
RMS 0.04747
RMS 0.04739
RMS 0.04731
RMS 0.04723
RMS 0.04715
RMS 0.04707
RMS 0.04699
RMS 0.04691
RMS 0.04683
RMS 0.04675
RMS 0.04667
RMS 0.04659
RMS 0.04651
RMS 0.04644
RMS 0.04636
RMS 0.04628
RMS 0.04620
RMS 0.04612
RMS 0.04604
RMS 0.04597
RMS 0.04589
RMS 0.04581
RMS 0.04573
RMS 0.04565
RMS 0.04558
RMS 0.04550
RMS 0.04542
RMS 0.04534
RMS 0.04526
RMS 0.04519
RMS 0.04511
RMS 0.04503
RMS 0.04495
RMS 0.04488
RMS 0.04480
RMS 0.04472
RMS 0.04464
RMS 0.04457
RMS 0.04449
RMS 0.04441
RMS 0.04433
RMS 0.04426
RMS 0.04418
RMS 0.04410
RMS 0.04403
RMS 0.04395
RMS 0.04387
RMS 0.04379
RMS 0.04372
RMS 0.04364
RMS 0.04356
RMS 0.04348
RMS 0.04341
RMS 0.04333
RMS 0.04325
RMS 0.04318
RMS 0.04310
RMS 0.04302
RMS 0.04294
RMS 0.04287
RMS 0.04279
RMS 0.04271
RMS 0.04263
RMS 0.04256
RMS 0.04248
RMS 0.04240
RMS 0.04232
RMS 0.04224
RMS 0.04217
RMS 0.04209
RMS 0.04201
RMS 0.04193
RMS 0.04186
RMS 0.04178
RMS 0.04170
RMS 0.04162
RMS 0.04154
RMS 0.04147
RMS 0.04139
RMS 0.04131
RMS 0.04123
RMS 0.04115
RMS 0.04107
RMS 0.04100
RMS 0.04092
RMS 0.04084
RMS 0.04076
RMS 0.04068
RMS 0.04060
RMS 0.04052
RMS 0.04045
RMS 0.04037
RMS 0.04029
RMS 0.04021
RMS 0.04013
RMS 0.04005
RMS 0.03997
RMS 0.03989
RMS 0.03981
RMS 0.03973
RMS 0.03965
RMS 0.03957
RMS 0.03950
RMS 0.03942
RMS 0.03934
RMS 0.03926
RMS 0.03918
RMS 0.03910
RMS 0.03902
RMS 0.03894
RMS 0.03886
RMS 0.03878
RMS 0.03870
RMS 0.03862
RMS 0.03854
RMS 0.03846
RMS 0.03838
RMS 0.03830
RMS 0.03822
RMS 0.03814
RMS 0.03806
RMS 0.03798
RMS 0.03790
RMS 0.03782
RMS 0.03774
RMS 0.03766
RMS 0.03758
RMS 0.03750
RMS 0.03742
RMS 0.03734
RMS 0.03726
RMS 0.03718
RMS 0.03710
RMS 0.03702
RMS 0.03694
RMS 0.03686
RMS 0.03678
RMS 0.03670
RMS 0.03662
RMS 0.03654
RMS 0.03646
RMS 0.03638
RMS 0.03630
RMS 0.03622
RMS 0.03614
RMS 0.03606
RMS 0.03598
RMS 0.03590
RMS 0.03582
RMS 0.03574
RMS 0.03566
RMS 0.03558
RMS 0.03550
RMS 0.03542
RMS 0.03534
RMS 0.03527
RMS 0.03519
RMS 0.03511
RMS 0.03503
RMS 0.03495
RMS 0.03487
RMS 0.03479
RMS 0.03471
RMS 0.03463
RMS 0.03455
RMS 0.03448
RMS 0.03440
RMS 0.03432
RMS 0.03424
RMS 0.03416
RMS 0.03408
RMS 0.03401
RMS 0.03393
RMS 0.03385
RMS 0.03377
RMS 0.03370
RMS 0.03362
RMS 0.03354
RMS 0.03346
RMS 0.03339
RMS 0.03331
RMS 0.03323
RMS 0.03316
RMS 0.03308
RMS 0.03300
RMS 0.03293
RMS 0.03285
RMS 0.03277
RMS 0.03270
RMS 0.03262
RMS 0.03255
RMS 0.03247
RMS 0.03240
RMS 0.03232
RMS 0.03224
RMS 0.03217
RMS 0.03210
RMS 0.03202
RMS 0.03195
RMS 0.03187
RMS 0.03180
RMS 0.03172
RMS 0.03165
RMS 0.03158
RMS 0.03150
RMS 0.03143
RMS 0.03136
RMS 0.03128
RMS 0.03121
RMS 0.03114
RMS 0.03106
RMS 0.03099
RMS 0.03092
RMS 0.03085
RMS 0.03078
RMS 0.03070
RMS 0.03063
RMS 0.03056
RMS 0.03049
RMS 0.03042
RMS 0.03035
RMS 0.03028
RMS 0.03021
RMS 0.03014
RMS 0.03007
RMS 0.03000
RMS 0.02993
RMS 0.02986
RMS 0.02979
RMS 0.02972
RMS 0.02965
RMS 0.02958
RMS 0.02951
RMS 0.02945
RMS 0.02938
RMS 0.02931
RMS 0.02924
RMS 0.02918
RMS 0.02911
RMS 0.02904
RMS 0.02897
RMS 0.02891
RMS 0.02884
RMS 0.02878
RMS 0.02871

##################TEST##################
Test : ACIERTOS = 472 96%
Test FALLOS = 18 4%
