-0.40 -0.06 
-0.02 -0.48 
-0.49 0.44 
0.06 0.03 
-0.18 -0.14 
-0.30 0.35 
0.11 0.23 
0.48 -0.49 
0.02 -0.22 
0.39 -0.50 
0.24 -0.06 
-0.26 -0.10 
0.21 0.48 -0.39 -0.44 -0.13 0.20 -0.33 -0.04 -0.37 0.16 -0.02 -0.36 
0.10 -0.47 0.18 0.42 -0.11 0.38 0.28 -0.50 0.10 0.26 -0.49 -0.38 
-0.47 0.40 -0.38 0.28 -0.16 -0.14 -0.32 -0.45 -0.16 -0.20 -0.39 0.21 0.49 -0.22 

##################LEARN##################
RMS 2.05937
RMS 1.95914
RMS 1.87055
RMS 1.79281
RMS 1.72495
RMS 1.66589
RMS 1.61459
RMS 1.56999
RMS 1.53118
RMS 1.49730
RMS 1.46760
RMS 1.44145
RMS 1.41829
RMS 1.39765
RMS 1.37914
RMS 1.36242
RMS 1.34722
RMS 1.33329
RMS 1.32044
RMS 1.30849
RMS 1.29731
RMS 1.28677
RMS 1.27677
RMS 1.26723
RMS 1.25806
RMS 1.24921
RMS 1.24062
RMS 1.23225
RMS 1.22404
RMS 1.21597
RMS 1.20800
RMS 1.20011
RMS 1.19227
RMS 1.18446
RMS 1.17666
RMS 1.16886
RMS 1.16104
RMS 1.15318
RMS 1.14528
RMS 1.13732
RMS 1.12930
RMS 1.12121
RMS 1.11304
RMS 1.10478
RMS 1.09644
RMS 1.08800
RMS 1.07947
RMS 1.07084
RMS 1.06210
RMS 1.05327
RMS 1.04434
RMS 1.03531
RMS 1.02618
RMS 1.01696
RMS 1.00765
RMS 0.99825
RMS 0.98877
RMS 0.97921
RMS 0.96958
RMS 0.95988
RMS 0.95012
RMS 0.94031
RMS 0.93045
RMS 0.92055
RMS 0.91063
RMS 0.90068
RMS 0.89071
RMS 0.88073
RMS 0.87075
RMS 0.86077
RMS 0.85081
RMS 0.84087
RMS 0.83095
RMS 0.82106
RMS 0.81121
RMS 0.80140
RMS 0.79163
RMS 0.78193
RMS 0.77227
RMS 0.76268
RMS 0.75315
RMS 0.74369
RMS 0.73430
RMS 0.72499
RMS 0.71575
RMS 0.70659
RMS 0.69751
RMS 0.68851
RMS 0.67959
RMS 0.67076
RMS 0.66202
RMS 0.65336
RMS 0.64480
RMS 0.63632
RMS 0.62792
RMS 0.61962
RMS 0.61141
RMS 0.60329
RMS 0.59525
RMS 0.58731
RMS 0.57946
RMS 0.57169
RMS 0.56402
RMS 0.55643
RMS 0.54894
RMS 0.54153
RMS 0.53421
RMS 0.52697
RMS 0.51983
RMS 0.51277
RMS 0.50579
RMS 0.49890
RMS 0.49210
RMS 0.48538
RMS 0.47874
RMS 0.47218
RMS 0.46571
RMS 0.45932
RMS 0.45301
RMS 0.44678
RMS 0.44063
RMS 0.43455
RMS 0.42856
RMS 0.42264
RMS 0.41680
RMS 0.41104
RMS 0.40535
RMS 0.39974
RMS 0.39420
RMS 0.38874
RMS 0.38335
RMS 0.37803
RMS 0.37278
RMS 0.36760
RMS 0.36249
RMS 0.35746
RMS 0.35249
RMS 0.34759
RMS 0.34276
RMS 0.33799
RMS 0.33330
RMS 0.32866
RMS 0.32410
RMS 0.31959
RMS 0.31515
RMS 0.31078
RMS 0.30647
RMS 0.30221
RMS 0.29802
RMS 0.29390
RMS 0.28983
RMS 0.28582
RMS 0.28186
RMS 0.27797
RMS 0.27413
RMS 0.27035
RMS 0.26663
RMS 0.26296
RMS 0.25935
RMS 0.25579
RMS 0.25228
RMS 0.24883
RMS 0.24543
RMS 0.24208
RMS 0.23878
RMS 0.23553
RMS 0.23233
RMS 0.22918
RMS 0.22608
RMS 0.22302
RMS 0.22002
RMS 0.21705
RMS 0.21414
RMS 0.21127
RMS 0.20844
RMS 0.20566
RMS 0.20292
RMS 0.20022
RMS 0.19757
RMS 0.19496
RMS 0.19238
RMS 0.18985
RMS 0.18736
RMS 0.18490
RMS 0.18249
RMS 0.18011
RMS 0.17777
RMS 0.17547
RMS 0.17320
RMS 0.17097
RMS 0.16877
RMS 0.16661
RMS 0.16448
RMS 0.16239
RMS 0.16032
RMS 0.15829
RMS 0.15630
RMS 0.15433
RMS 0.15239
RMS 0.15049
RMS 0.14861
RMS 0.14677
RMS 0.14495
RMS 0.14316
RMS 0.14140
RMS 0.13967
RMS 0.13796
RMS 0.13628
RMS 0.13463
RMS 0.13300
RMS 0.13140
RMS 0.12982
RMS 0.12827
RMS 0.12674
RMS 0.12523
RMS 0.12375
RMS 0.12229
RMS 0.12085
RMS 0.11944
RMS 0.11804
RMS 0.11667
RMS 0.11532
RMS 0.11399
RMS 0.11268
RMS 0.11139
RMS 0.11012
RMS 0.10887
RMS 0.10764
RMS 0.10642
RMS 0.10523
RMS 0.10405
RMS 0.10289
RMS 0.10175
RMS 0.10062
RMS 0.09951
RMS 0.09842
RMS 0.09734
RMS 0.09628
RMS 0.09524
RMS 0.09421
RMS 0.09320
RMS 0.09220
RMS 0.09121
RMS 0.09024
RMS 0.08929
RMS 0.08835
RMS 0.08742
RMS 0.08650
RMS 0.08560
RMS 0.08471
RMS 0.08384
RMS 0.08297
RMS 0.08212
RMS 0.08128
RMS 0.08046
RMS 0.07964
RMS 0.07884
RMS 0.07805
RMS 0.07726
RMS 0.07649
RMS 0.07573
RMS 0.07499
RMS 0.07425
RMS 0.07352
RMS 0.07280
RMS 0.07209
RMS 0.07139
RMS 0.07070
RMS 0.07003
RMS 0.06935
RMS 0.06869
RMS 0.06804
RMS 0.06740
RMS 0.06676
RMS 0.06614
RMS 0.06552
RMS 0.06491
RMS 0.06431
RMS 0.06372
RMS 0.06313
RMS 0.06255
RMS 0.06198
RMS 0.06142
RMS 0.06086
RMS 0.06032
RMS 0.05978
RMS 0.05924
RMS 0.05871
RMS 0.05819
RMS 0.05768
RMS 0.05717
RMS 0.05667
RMS 0.05618
RMS 0.05569
RMS 0.05521
RMS 0.05474
RMS 0.05427
RMS 0.05380
RMS 0.05335
RMS 0.05289
RMS 0.05245
RMS 0.05201
RMS 0.05157
RMS 0.05114
RMS 0.05072
RMS 0.05030
RMS 0.04988
RMS 0.04947
RMS 0.04907
RMS 0.04867
RMS 0.04828
RMS 0.04789
RMS 0.04750
RMS 0.04712
RMS 0.04675
RMS 0.04637
RMS 0.04601
RMS 0.04564
RMS 0.04529
RMS 0.04493
RMS 0.04458
RMS 0.04424
RMS 0.04389
RMS 0.04356
RMS 0.04322
RMS 0.04289
RMS 0.04257
RMS 0.04224
RMS 0.04193
RMS 0.04161
RMS 0.04130
RMS 0.04099
RMS 0.04069
RMS 0.04039
RMS 0.04009
RMS 0.03980
RMS 0.03950
RMS 0.03922
RMS 0.03893
RMS 0.03865
RMS 0.03837
RMS 0.03810
RMS 0.03783
RMS 0.03756
RMS 0.03729
RMS 0.03703
RMS 0.03677
RMS 0.03651
RMS 0.03626
RMS 0.03600
RMS 0.03575
RMS 0.03551
RMS 0.03526
RMS 0.03502
RMS 0.03478
RMS 0.03455
RMS 0.03431
RMS 0.03408
RMS 0.03386
RMS 0.03363
RMS 0.03341
RMS 0.03318
RMS 0.03296
RMS 0.03275
RMS 0.03253
RMS 0.03232
RMS 0.03211
RMS 0.03190
RMS 0.03170
RMS 0.03149
RMS 0.03129
RMS 0.03109
RMS 0.03089
RMS 0.03070
RMS 0.03050
RMS 0.03031
RMS 0.03012
RMS 0.02993
RMS 0.02975
RMS 0.02956
RMS 0.02938
RMS 0.02920
RMS 0.02902
RMS 0.02884
RMS 0.02867
RMS 0.02850
RMS 0.02832
RMS 0.02815
RMS 0.02799
RMS 0.02782
RMS 0.02765
RMS 0.02749
RMS 0.02733
RMS 0.02717
RMS 0.02701
RMS 0.02685
RMS 0.02669
RMS 0.02654
RMS 0.02639
RMS 0.02624
RMS 0.02609
RMS 0.02594
RMS 0.02579
RMS 0.02564
RMS 0.02550
RMS 0.02536
RMS 0.02521
RMS 0.02507
RMS 0.02493
RMS 0.02480
RMS 0.02466
RMS 0.02452
RMS 0.02439
RMS 0.02426
RMS 0.02412
RMS 0.02399
RMS 0.02386
RMS 0.02374
RMS 0.02361
RMS 0.02348
RMS 0.02336
RMS 0.02323
RMS 0.02311
RMS 0.02299
RMS 0.02287
RMS 0.02275
RMS 0.02263
RMS 0.02251
RMS 0.02240
RMS 0.02228
RMS 0.02217
RMS 0.02206
RMS 0.02194
RMS 0.02183
RMS 0.02172
RMS 0.02161
RMS 0.02150
RMS 0.02140
RMS 0.02129
RMS 0.02118
RMS 0.02108
RMS 0.02098
RMS 0.02087
RMS 0.02077
RMS 0.02067
RMS 0.02057
RMS 0.02047
RMS 0.02037
RMS 0.02027
RMS 0.02018
RMS 0.02008
RMS 0.01999
RMS 0.01989
RMS 0.01980
RMS 0.01970
RMS 0.01961
RMS 0.01952
RMS 0.01943
RMS 0.01934
RMS 0.01925
RMS 0.01916
RMS 0.01907
RMS 0.01899
RMS 0.01890
RMS 0.01881
RMS 0.01873
RMS 0.01865
RMS 0.01856
RMS 0.01848
RMS 0.01840
RMS 0.01831
RMS 0.01823
RMS 0.01815
RMS 0.01807
RMS 0.01799
RMS 0.01792
RMS 0.01784
RMS 0.01776
RMS 0.01768
RMS 0.01761
RMS 0.01753
RMS 0.01746
RMS 0.01738
RMS 0.01731
RMS 0.01724
RMS 0.01717
RMS 0.01709
RMS 0.01702
RMS 0.01695
RMS 0.01688
RMS 0.01681
RMS 0.01674
RMS 0.01667
RMS 0.01660
RMS 0.01654
RMS 0.01647
RMS 0.01640
RMS 0.01634
RMS 0.01627
RMS 0.01621
RMS 0.01614
RMS 0.01608
RMS 0.01601
RMS 0.01595
RMS 0.01589
RMS 0.01583
RMS 0.01576
RMS 0.01570
RMS 0.01564
RMS 0.01558
RMS 0.01552
RMS 0.01546
RMS 0.01540
RMS 0.01534
RMS 0.01529
RMS 0.01523
RMS 0.01517
RMS 0.01511
RMS 0.01506
RMS 0.01500
RMS 0.01494
RMS 0.01489
RMS 0.01483
RMS 0.01478
RMS 0.01473
RMS 0.01467
RMS 0.01462
RMS 0.01457
RMS 0.01451
RMS 0.01446
RMS 0.01441
RMS 0.01436
RMS 0.01431
RMS 0.01425
RMS 0.01420
RMS 0.01415
RMS 0.01410
RMS 0.01405
RMS 0.01401
RMS 0.01396
RMS 0.01391
RMS 0.01386
RMS 0.01381
RMS 0.01377
RMS 0.01372
RMS 0.01367
RMS 0.01363
RMS 0.01358
RMS 0.01353
RMS 0.01349
RMS 0.01344
RMS 0.01340
RMS 0.01335
RMS 0.01331
RMS 0.01327
RMS 0.01322
RMS 0.01318
RMS 0.01314
RMS 0.01309
RMS 0.01305
RMS 0.01301
RMS 0.01297
RMS 0.01292
RMS 0.01288
RMS 0.01284
RMS 0.01280
RMS 0.01276
RMS 0.01272
RMS 0.01268
RMS 0.01264
RMS 0.01260
RMS 0.01256
RMS 0.01252
RMS 0.01248
RMS 0.01245
RMS 0.01241
RMS 0.01237
RMS 0.01233
RMS 0.01229
RMS 0.01226
RMS 0.01222
RMS 0.01218
RMS 0.01215
RMS 0.01211
RMS 0.01207
RMS 0.01204
RMS 0.01200
RMS 0.01197
RMS 0.01193
RMS 0.01190
RMS 0.01186
RMS 0.01183
RMS 0.01179
RMS 0.01176
RMS 0.01173
RMS 0.01169
RMS 0.01166
RMS 0.01163
RMS 0.01159
RMS 0.01156
RMS 0.01153
RMS 0.01150
RMS 0.01146
RMS 0.01143
RMS 0.01140
RMS 0.01137
RMS 0.01134
RMS 0.01131
RMS 0.01127
RMS 0.01124
RMS 0.01121
RMS 0.01118
RMS 0.01115
RMS 0.01112
RMS 0.01109
RMS 0.01106
RMS 0.01103
RMS 0.01100
RMS 0.01097
RMS 0.01095
RMS 0.01092
RMS 0.01089
RMS 0.01086
RMS 0.01083
RMS 0.01080
RMS 0.01078
RMS 0.01075
RMS 0.01072
RMS 0.01069
RMS 0.01067
RMS 0.01064
RMS 0.01061
RMS 0.01059
RMS 0.01056
RMS 0.01053
RMS 0.01051
RMS 0.01048
RMS 0.01045
RMS 0.01043
RMS 0.01040
RMS 0.01038
RMS 0.01035
RMS 0.01033
RMS 0.01030
RMS 0.01028
RMS 0.01025
RMS 0.01023
RMS 0.01020
RMS 0.01018
RMS 0.01015
RMS 0.01013
RMS 0.01011
RMS 0.01008
RMS 0.01006
RMS 0.01003
RMS 0.01001
RMS 0.00999
RMS 0.00996
RMS 0.00994
RMS 0.00992
RMS 0.00990
RMS 0.00987
RMS 0.00985
RMS 0.00983
RMS 0.00981
RMS 0.00978
RMS 0.00976
RMS 0.00974
RMS 0.00972
RMS 0.00970
RMS 0.00968
RMS 0.00965
RMS 0.00963
RMS 0.00961
RMS 0.00959
RMS 0.00957
RMS 0.00955
RMS 0.00953
RMS 0.00951
RMS 0.00949
RMS 0.00947
RMS 0.00945
RMS 0.00943
RMS 0.00941
RMS 0.00939
RMS 0.00937
RMS 0.00935
RMS 0.00933
RMS 0.00931
RMS 0.00929
RMS 0.00927
RMS 0.00925
RMS 0.00923
RMS 0.00921
RMS 0.00919
RMS 0.00918
RMS 0.00916
RMS 0.00914
RMS 0.00912
RMS 0.00910
RMS 0.00908
RMS 0.00907
RMS 0.00905
RMS 0.00903
RMS 0.00901
RMS 0.00899
RMS 0.00898
RMS 0.00896
RMS 0.00894
RMS 0.00892
RMS 0.00891
RMS 0.00889
RMS 0.00887
RMS 0.00886
RMS 0.00884
RMS 0.00882
RMS 0.00881
RMS 0.00879
RMS 0.00877
RMS 0.00876
RMS 0.00874
RMS 0.00872
RMS 0.00871
RMS 0.00869
RMS 0.00868
RMS 0.00866
RMS 0.00864
RMS 0.00863
RMS 0.00861
RMS 0.00860
RMS 0.00858
RMS 0.00857
RMS 0.00855
RMS 0.00854
RMS 0.00852
RMS 0.00850
RMS 0.00849
RMS 0.00847
RMS 0.00846
RMS 0.00845
RMS 0.00843
RMS 0.00842
RMS 0.00840
RMS 0.00839
RMS 0.00837
RMS 0.00836
RMS 0.00834
RMS 0.00833
RMS 0.00832
RMS 0.00830
RMS 0.00829
RMS 0.00827
RMS 0.00826
RMS 0.00825
RMS 0.00823
RMS 0.00822
RMS 0.00820
RMS 0.00819
RMS 0.00818
RMS 0.00816
RMS 0.00815
RMS 0.00814
RMS 0.00812
RMS 0.00811
RMS 0.00810
RMS 0.00809
RMS 0.00807
RMS 0.00806
RMS 0.00805
RMS 0.00803
RMS 0.00802
RMS 0.00801
RMS 0.00800
RMS 0.00798
RMS 0.00797
RMS 0.00796
RMS 0.00795
RMS 0.00793
RMS 0.00792
RMS 0.00791
RMS 0.00790
RMS 0.00789
RMS 0.00787
RMS 0.00786
RMS 0.00785
RMS 0.00784
RMS 0.00783
RMS 0.00782
RMS 0.00780
RMS 0.00779
RMS 0.00778
RMS 0.00777
RMS 0.00776
RMS 0.00775
RMS 0.00774
RMS 0.00772
RMS 0.00771
RMS 0.00770
RMS 0.00769
RMS 0.00768
RMS 0.00767
RMS 0.00766
RMS 0.00765
RMS 0.00764
RMS 0.00763
RMS 0.00762
RMS 0.00760
RMS 0.00759
RMS 0.00758
RMS 0.00757
RMS 0.00756
RMS 0.00755
RMS 0.00754
RMS 0.00753
RMS 0.00752
RMS 0.00751
RMS 0.00750
RMS 0.00749
RMS 0.00748
RMS 0.00747
RMS 0.00746
RMS 0.00745
RMS 0.00744
RMS 0.00743
RMS 0.00742
RMS 0.00741
RMS 0.00740
RMS 0.00739
RMS 0.00738
RMS 0.00737
RMS 0.00736
RMS 0.00735
RMS 0.00735
RMS 0.00734
RMS 0.00733
RMS 0.00732
RMS 0.00731
RMS 0.00730
RMS 0.00729
RMS 0.00728
RMS 0.00727
RMS 0.00726
RMS 0.00725
RMS 0.00724
RMS 0.00724
RMS 0.00723
RMS 0.00722
RMS 0.00721
RMS 0.00720
RMS 0.00719
RMS 0.00718
RMS 0.00717
RMS 0.00717
RMS 0.00716
RMS 0.00715
RMS 0.00714
RMS 0.00713
RMS 0.00712
RMS 0.00712
RMS 0.00711
RMS 0.00710
RMS 0.00709
RMS 0.00708
RMS 0.00707
RMS 0.00707
RMS 0.00706
RMS 0.00705
RMS 0.00704
RMS 0.00703
RMS 0.00703
RMS 0.00702
RMS 0.00701
RMS 0.00700
RMS 0.00699
RMS 0.00699
RMS 0.00698
RMS 0.00697
RMS 0.00696
RMS 0.00696
RMS 0.00695
RMS 0.00694
RMS 0.00693
RMS 0.00693
RMS 0.00692
RMS 0.00691
RMS 0.00690
RMS 0.00690
RMS 0.00689
RMS 0.00688
RMS 0.00687
RMS 0.00687
RMS 0.00686
RMS 0.00685
RMS 0.00685
RMS 0.00684
RMS 0.00683
RMS 0.00682
RMS 0.00682
RMS 0.00681
RMS 0.00680
RMS 0.00680
RMS 0.00679
RMS 0.00678
RMS 0.00678
RMS 0.00677
RMS 0.00676
RMS 0.00676
RMS 0.00675
RMS 0.00674
RMS 0.00674
RMS 0.00673
RMS 0.00672
RMS 0.00672
RMS 0.00671
RMS 0.00670
RMS 0.00670
RMS 0.00669
RMS 0.00668
RMS 0.00668
RMS 0.00667
RMS 0.00666
RMS 0.00666
RMS 0.00665
RMS 0.00665
RMS 0.00664
RMS 0.00663
RMS 0.00663
RMS 0.00662
RMS 0.00661
RMS 0.00661
RMS 0.00660
RMS 0.00660
RMS 0.00659
RMS 0.00658
RMS 0.00658
RMS 0.00657
RMS 0.00657
RMS 0.00656
RMS 0.00655
RMS 0.00655
RMS 0.00654
RMS 0.00654
RMS 0.00653
RMS 0.00653
RMS 0.00652
RMS 0.00651
RMS 0.00651
RMS 0.00650
RMS 0.00650
RMS 0.00649
RMS 0.00649
RMS 0.00648
RMS 0.00647
RMS 0.00647
RMS 0.00646
RMS 0.00646
RMS 0.00645
RMS 0.00645
RMS 0.00644
RMS 0.00644
RMS 0.00643
RMS 0.00643
RMS 0.00642
RMS 0.00641
RMS 0.00641
RMS 0.00640
RMS 0.00640
RMS 0.00639
RMS 0.00639
RMS 0.00638
RMS 0.00638
RMS 0.00637
RMS 0.00637
RMS 0.00636
RMS 0.00636
RMS 0.00635
RMS 0.00635
RMS 0.00634
RMS 0.00634
RMS 0.00633
RMS 0.00633
RMS 0.00632
RMS 0.00632
RMS 0.00631
RMS 0.00631
RMS 0.00630
RMS 0.00630
RMS 0.00629
RMS 0.00629
RMS 0.00628
RMS 0.00628
RMS 0.00627
RMS 0.00627
RMS 0.00627
RMS 0.00626
RMS 0.00626
RMS 0.00625
RMS 0.00625
RMS 0.00624
RMS 0.00624

##################TEST##################
Test : ACIERTOS = 4 100%
Test FALLOS = 0 0%
