-0.29 -0.17 0.09 -0.41 
0.38 -0.08 -0.12 0.25 
-0.26 -0.16 0.25 -0.27 
0.45 0.12 -0.18 0.19 
-0.28 0.24 -0.03 0.26 
-0.14 0.48 -0.47 0.13 
0.32 -0.15 -0.39 0.24 
-0.40 0.14 0.22 -0.19 
0.46 -0.20 -0.10 0.35 
0.22 0.28 0.10 0.46 
-0.39 -0.15 -0.31 -0.43 
0.47 0.01 0.26 -0.31 -0.25 -0.27 0.45 0.11 -0.29 0.48 -0.27 
-0.46 -0.17 -0.16 0.27 -0.08 0.48 -0.01 0.23 0.44 0.29 -0.37 
0.29 0.02 0.40 -0.11 -0.02 -0.48 0.24 0.17 -0.41 0.21 -0.31 
0.35 0.40 -0.06 -0.42 0.35 -0.46 -0.21 0.32 -0.22 -0.17 -0.35 0.12 -0.39 0.07 

##################LEARN##################
RMS 2.31427
RMS 2.12526
RMS 1.90750
RMS 1.65721
RMS 1.48046
RMS 1.38054
RMS 1.31917
RMS 1.27518
RMS 1.24018
RMS 1.21019
RMS 1.18254
RMS 1.15543
RMS 1.12772
RMS 1.09869
RMS 1.06794
RMS 1.03528
RMS 1.00066
RMS 0.96416
RMS 0.92600
RMS 0.88649
RMS 0.84608
RMS 0.80536
RMS 0.76509
RMS 0.72608
RMS 0.68906
RMS 0.65461
RMS 0.62328
RMS 0.59580
RMS 0.57323
RMS 0.55722
RMS 0.54950
RMS 0.54893
RMS 0.54849
RMS 0.54330
RMS 0.53554
RMS 0.52699
RMS 0.51824
RMS 0.50971
RMS 0.50175
RMS 0.49450
RMS 0.48790
RMS 0.48181
RMS 0.47605
RMS 0.47048
RMS 0.46500
RMS 0.45955
RMS 0.45409
RMS 0.44858
RMS 0.44298
RMS 0.43722
RMS 0.43125
RMS 0.42503
RMS 0.41861
RMS 0.41214
RMS 0.40591
RMS 0.40033
RMS 0.39582
RMS 0.39282
RMS 0.39201
RMS 0.39451
RMS 0.40227
RMS 0.41794
RMS 0.43961
RMS 0.45683
RMS 0.46318
RMS 0.46222
RMS 0.45883
RMS 0.45479
RMS 0.45067
RMS 0.44666
RMS 0.44278
RMS 0.43902
RMS 0.43531
RMS 0.43155
RMS 0.42765
RMS 0.42354
RMS 0.41919
RMS 0.41462
RMS 0.40989
RMS 0.40511
RMS 0.40040
RMS 0.39587
RMS 0.39158
RMS 0.38755
RMS 0.38377
RMS 0.38023
RMS 0.37692
RMS 0.37383
RMS 0.37093
RMS 0.36821
RMS 0.36567
RMS 0.36327
RMS 0.36103
RMS 0.35892
RMS 0.35693
RMS 0.35507
RMS 0.35331
RMS 0.35165
RMS 0.35010
RMS 0.34862
RMS 0.34724
RMS 0.34592
RMS 0.34468
RMS 0.34351
RMS 0.34239
RMS 0.34133
RMS 0.34033
RMS 0.33937
RMS 0.33846
RMS 0.33760
RMS 0.33677
RMS 0.33599
RMS 0.33524
RMS 0.33453
RMS 0.33386
RMS 0.33321
RMS 0.33261
RMS 0.33203
RMS 0.33149
RMS 0.33098
RMS 0.33051
RMS 0.33006
RMS 0.32965
RMS 0.32928
RMS 0.32894
RMS 0.32863
RMS 0.32836
RMS 0.32813
RMS 0.32794
RMS 0.32778
RMS 0.32766
RMS 0.32759
RMS 0.32755
RMS 0.32755
RMS 0.32759
RMS 0.32767
RMS 0.32779
RMS 0.32794
RMS 0.32812
RMS 0.32833
RMS 0.32856
RMS 0.32882
RMS 0.32909
RMS 0.32937
RMS 0.32966
RMS 0.32995
RMS 0.33024
RMS 0.33051
RMS 0.33077
RMS 0.33101
RMS 0.33122
RMS 0.33140
RMS 0.33155
RMS 0.33167
RMS 0.33175
RMS 0.33180
RMS 0.33180
RMS 0.33177
RMS 0.33170
RMS 0.33160
RMS 0.33146
RMS 0.33128
RMS 0.33107
RMS 0.33083
RMS 0.33056
RMS 0.33025
RMS 0.32991
RMS 0.32954
RMS 0.32914
RMS 0.32871
RMS 0.32825
RMS 0.32776
RMS 0.32725
RMS 0.32671
RMS 0.32615
RMS 0.32557
RMS 0.32498
RMS 0.32437
RMS 0.32375
RMS 0.32312
RMS 0.32249
RMS 0.32185
RMS 0.32121
RMS 0.32058
RMS 0.31994
RMS 0.31930
RMS 0.31866
RMS 0.31803
RMS 0.31740
RMS 0.31677
RMS 0.31614
RMS 0.31551
RMS 0.31489
RMS 0.31426
RMS 0.31364
RMS 0.31301
RMS 0.31238
RMS 0.31176
RMS 0.31113
RMS 0.31050
RMS 0.30987
RMS 0.30923
RMS 0.30860
RMS 0.30797
RMS 0.30733
RMS 0.30670
RMS 0.30607
RMS 0.30544
RMS 0.30481
RMS 0.30419
RMS 0.30357
RMS 0.30296
RMS 0.30236
RMS 0.30175
RMS 0.30116
RMS 0.30057
RMS 0.29999
RMS 0.29942
RMS 0.29885
RMS 0.29829
RMS 0.29774
RMS 0.29720
RMS 0.29666
RMS 0.29613
RMS 0.29560
RMS 0.29508
RMS 0.29457
RMS 0.29406
RMS 0.29356
RMS 0.29306
RMS 0.29257
RMS 0.29208
RMS 0.29160
RMS 0.29112
RMS 0.29065
RMS 0.29018
RMS 0.28971
RMS 0.28925
RMS 0.28879
RMS 0.28834
RMS 0.28789
RMS 0.28745
RMS 0.28700
RMS 0.28656
RMS 0.28613
RMS 0.28569
RMS 0.28527
RMS 0.28484
RMS 0.28442
RMS 0.28400
RMS 0.28358
RMS 0.28317
RMS 0.28275
RMS 0.28235
RMS 0.28194
RMS 0.28154
RMS 0.28114
RMS 0.28074
RMS 0.28035
RMS 0.27996
RMS 0.27957
RMS 0.27918
RMS 0.27880
RMS 0.27842
RMS 0.27804
RMS 0.27767
RMS 0.27730
RMS 0.27693
RMS 0.27656
RMS 0.27619
RMS 0.27583
RMS 0.27547
RMS 0.27511
RMS 0.27476
RMS 0.27441
RMS 0.27406
RMS 0.27371
RMS 0.27336
RMS 0.27302
RMS 0.27268
RMS 0.27234
RMS 0.27200
RMS 0.27167
RMS 0.27134
RMS 0.27101
RMS 0.27068
RMS 0.27036
RMS 0.27003
RMS 0.26971
RMS 0.26939
RMS 0.26907
RMS 0.26876
RMS 0.26845
RMS 0.26813
RMS 0.26783
RMS 0.26752
RMS 0.26721
RMS 0.26691
RMS 0.26661
RMS 0.26631
RMS 0.26601
RMS 0.26572
RMS 0.26542
RMS 0.26513
RMS 0.26484
RMS 0.26455
RMS 0.26426
RMS 0.26398
RMS 0.26370
RMS 0.26341
RMS 0.26314
RMS 0.26286
RMS 0.26258
RMS 0.26231
RMS 0.26204
RMS 0.26176
RMS 0.26150
RMS 0.26123
RMS 0.26096
RMS 0.26070
RMS 0.26044
RMS 0.26018
RMS 0.25992
RMS 0.25966
RMS 0.25940
RMS 0.25915
RMS 0.25890
RMS 0.25865
RMS 0.25840
RMS 0.25815
RMS 0.25790
RMS 0.25766
RMS 0.25741
RMS 0.25717
RMS 0.25693
RMS 0.25669
RMS 0.25645
RMS 0.25622
RMS 0.25598
RMS 0.25575
RMS 0.25552
RMS 0.25529
RMS 0.25506
RMS 0.25483
RMS 0.25460
RMS 0.25437
RMS 0.25415
RMS 0.25392
RMS 0.25370
RMS 0.25348
RMS 0.25326
RMS 0.25304
RMS 0.25282
RMS 0.25260
RMS 0.25238
RMS 0.25217
RMS 0.25195
RMS 0.25174
RMS 0.25153
RMS 0.25131
RMS 0.25110
RMS 0.25089
RMS 0.25068
RMS 0.25047
RMS 0.25026
RMS 0.25006
RMS 0.24985
RMS 0.24964
RMS 0.24944
RMS 0.24923
RMS 0.24903
RMS 0.24883
RMS 0.24863
RMS 0.24842
RMS 0.24822
RMS 0.24802
RMS 0.24782
RMS 0.24762
RMS 0.24743
RMS 0.24723
RMS 0.24703
RMS 0.24683
RMS 0.24664
RMS 0.24644
RMS 0.24625
RMS 0.24606
RMS 0.24586
RMS 0.24567
RMS 0.24548
RMS 0.24529
RMS 0.24509
RMS 0.24490
RMS 0.24471
RMS 0.24452
RMS 0.24434
RMS 0.24415
RMS 0.24396
RMS 0.24377
RMS 0.24359
RMS 0.24340
RMS 0.24321
RMS 0.24303
RMS 0.24284
RMS 0.24266
RMS 0.24248
RMS 0.24229
RMS 0.24211
RMS 0.24193
RMS 0.24175
RMS 0.24157
RMS 0.24138
RMS 0.24120
RMS 0.24102
RMS 0.24084
RMS 0.24066
RMS 0.24049
RMS 0.24031
RMS 0.24013
RMS 0.23995
RMS 0.23977
RMS 0.23960
RMS 0.23942
RMS 0.23924
RMS 0.23907
RMS 0.23889
RMS 0.23871
RMS 0.23854
RMS 0.23836
RMS 0.23819
RMS 0.23801
RMS 0.23784
RMS 0.23766
RMS 0.23749
RMS 0.23731
RMS 0.23714
RMS 0.23696
RMS 0.23679
RMS 0.23662
RMS 0.23644
RMS 0.23627
RMS 0.23609
RMS 0.23592
RMS 0.23575
RMS 0.23557
RMS 0.23540
RMS 0.23523
RMS 0.23505
RMS 0.23488
RMS 0.23470
RMS 0.23453
RMS 0.23436
RMS 0.23418
RMS 0.23401
RMS 0.23383
RMS 0.23366
RMS 0.23349
RMS 0.23331
RMS 0.23314
RMS 0.23296
RMS 0.23279
RMS 0.23261
RMS 0.23244
RMS 0.23226
RMS 0.23208
RMS 0.23191
RMS 0.23173
RMS 0.23156
RMS 0.23138
RMS 0.23120
RMS 0.23102
RMS 0.23085
RMS 0.23067
RMS 0.23049
RMS 0.23031
RMS 0.23013
RMS 0.22995
RMS 0.22977
RMS 0.22959
RMS 0.22941
RMS 0.22923
RMS 0.22905
RMS 0.22887
RMS 0.22868
RMS 0.22850
RMS 0.22832
RMS 0.22813
RMS 0.22795
RMS 0.22776
RMS 0.22758
RMS 0.22739
RMS 0.22720
RMS 0.22702
RMS 0.22683
RMS 0.22664
RMS 0.22645
RMS 0.22626
RMS 0.22607
RMS 0.22588
RMS 0.22569
RMS 0.22549
RMS 0.22530
RMS 0.22510
RMS 0.22491
RMS 0.22471
RMS 0.22452
RMS 0.22432
RMS 0.22412
RMS 0.22392
RMS 0.22372
RMS 0.22352
RMS 0.22332
RMS 0.22311
RMS 0.22291
RMS 0.22270
RMS 0.22250
RMS 0.22229
RMS 0.22208
RMS 0.22187
RMS 0.22166
RMS 0.22145
RMS 0.22124
RMS 0.22102
RMS 0.22081
RMS 0.22059
RMS 0.22037
RMS 0.22016
RMS 0.21994
RMS 0.21971
RMS 0.21949
RMS 0.21927
RMS 0.21904
RMS 0.21882
RMS 0.21859
RMS 0.21836
RMS 0.21813
RMS 0.21790
RMS 0.21767
RMS 0.21743
RMS 0.21719
RMS 0.21696
RMS 0.21672
RMS 0.21648
RMS 0.21623
RMS 0.21599
RMS 0.21574
RMS 0.21550
RMS 0.21525
RMS 0.21500
RMS 0.21474
RMS 0.21449
RMS 0.21423
RMS 0.21398
RMS 0.21372
RMS 0.21345
RMS 0.21319
RMS 0.21293
RMS 0.21266
RMS 0.21239
RMS 0.21212
RMS 0.21184
RMS 0.21157
RMS 0.21129
RMS 0.21101
RMS 0.21073
RMS 0.21045
RMS 0.21016
RMS 0.20987
RMS 0.20958
RMS 0.20929
RMS 0.20899
RMS 0.20869
RMS 0.20839
RMS 0.20809
RMS 0.20778
RMS 0.20748
RMS 0.20716
RMS 0.20685
RMS 0.20653
RMS 0.20622
RMS 0.20589
RMS 0.20557
RMS 0.20524
RMS 0.20491
RMS 0.20458
RMS 0.20424
RMS 0.20390
RMS 0.20356
RMS 0.20321
RMS 0.20286
RMS 0.20250
RMS 0.20215
RMS 0.20179
RMS 0.20142
RMS 0.20105
RMS 0.20068
RMS 0.20030
RMS 0.19993
RMS 0.19954
RMS 0.19915
RMS 0.19876
RMS 0.19836
RMS 0.19796
RMS 0.19755
RMS 0.19714
RMS 0.19673
RMS 0.19631
RMS 0.19588
RMS 0.19545
RMS 0.19502
RMS 0.19458
RMS 0.19413
RMS 0.19368
RMS 0.19322
RMS 0.19276
RMS 0.19229
RMS 0.19181
RMS 0.19133
RMS 0.19084
RMS 0.19034
RMS 0.18984
RMS 0.18933
RMS 0.18881
RMS 0.18829
RMS 0.18776
RMS 0.18722
RMS 0.18667
RMS 0.18612
RMS 0.18555
RMS 0.18498
RMS 0.18440
RMS 0.18381
RMS 0.18322
RMS 0.18261
RMS 0.18199
RMS 0.18137
RMS 0.18073
RMS 0.18009
RMS 0.17943
RMS 0.17877
RMS 0.17810
RMS 0.17741
RMS 0.17672
RMS 0.17601
RMS 0.17529
RMS 0.17457
RMS 0.17383
RMS 0.17309
RMS 0.17233
RMS 0.17157
RMS 0.17079
RMS 0.17001
RMS 0.16922
RMS 0.16842
RMS 0.16761
RMS 0.16679
RMS 0.16597
RMS 0.16514
RMS 0.16430
RMS 0.16347
RMS 0.16263
RMS 0.16178
RMS 0.16094
RMS 0.16009
RMS 0.15924
RMS 0.15840
RMS 0.15756
RMS 0.15672
RMS 0.15589
RMS 0.15506
RMS 0.15424
RMS 0.15342
RMS 0.15262
RMS 0.15182
RMS 0.15104
RMS 0.15026
RMS 0.14950
RMS 0.14874
RMS 0.14800
RMS 0.14728
RMS 0.14656
RMS 0.14586
RMS 0.14517
RMS 0.14450
RMS 0.14384
RMS 0.14319
RMS 0.14256
RMS 0.14194
RMS 0.14133
RMS 0.14074
RMS 0.14016
RMS 0.13959
RMS 0.13904
RMS 0.13850
RMS 0.13797
RMS 0.13746
RMS 0.13695
RMS 0.13646
RMS 0.13598
RMS 0.13551
RMS 0.13505
RMS 0.13461
RMS 0.13417
RMS 0.13374
RMS 0.13333
RMS 0.13292
RMS 0.13252
RMS 0.13214
RMS 0.13176
RMS 0.13139
RMS 0.13103
RMS 0.13067
RMS 0.13033
RMS 0.12999
RMS 0.12966
RMS 0.12934
RMS 0.12903
RMS 0.12872
RMS 0.12842
RMS 0.12813
RMS 0.12784
RMS 0.12756
RMS 0.12729
RMS 0.12702
RMS 0.12675
RMS 0.12650
RMS 0.12625
RMS 0.12600
RMS 0.12576
RMS 0.12552
RMS 0.12529
RMS 0.12507
RMS 0.12485
RMS 0.12463
RMS 0.12442
RMS 0.12421
RMS 0.12400
RMS 0.12380
RMS 0.12361
RMS 0.12342
RMS 0.12323
RMS 0.12304
RMS 0.12286
RMS 0.12268
RMS 0.12251
RMS 0.12234
RMS 0.12217
RMS 0.12201
RMS 0.12184
RMS 0.12169
RMS 0.12153
RMS 0.12138
RMS 0.12123
RMS 0.12108
RMS 0.12093
RMS 0.12079
RMS 0.12065
RMS 0.12051
RMS 0.12038
RMS 0.12024
RMS 0.12011
RMS 0.11998
RMS 0.11985
RMS 0.11973
RMS 0.11961
RMS 0.11949
RMS 0.11937
RMS 0.11925
RMS 0.11913
RMS 0.11902
RMS 0.11891
RMS 0.11880
RMS 0.11869
RMS 0.11858
RMS 0.11848
RMS 0.11838
RMS 0.11827
RMS 0.11817
RMS 0.11807
RMS 0.11798
RMS 0.11788
RMS 0.11778
RMS 0.11769
RMS 0.11760
RMS 0.11751
RMS 0.11742
RMS 0.11733
RMS 0.11724
RMS 0.11715
RMS 0.11707
RMS 0.11699
RMS 0.11690
RMS 0.11682
RMS 0.11674
RMS 0.11666
RMS 0.11658
RMS 0.11650
RMS 0.11643
RMS 0.11635
RMS 0.11627
RMS 0.11620
RMS 0.11613
RMS 0.11605
RMS 0.11598
RMS 0.11591
RMS 0.11584
RMS 0.11577
RMS 0.11570
RMS 0.11564
RMS 0.11557
RMS 0.11550
RMS 0.11544
RMS 0.11537
RMS 0.11531
RMS 0.11525
RMS 0.11518
RMS 0.11512
RMS 0.11506
RMS 0.11500
RMS 0.11494
RMS 0.11488
RMS 0.11482
RMS 0.11476
RMS 0.11471
RMS 0.11465
RMS 0.11459
RMS 0.11454
RMS 0.11448
RMS 0.11443
RMS 0.11437
RMS 0.11432
RMS 0.11427
RMS 0.11421
RMS 0.11416
RMS 0.11411
RMS 0.11406
RMS 0.11401
RMS 0.11396
RMS 0.11390
RMS 0.11386
RMS 0.11381
RMS 0.11376
RMS 0.11371
RMS 0.11366
RMS 0.11361
RMS 0.11357
RMS 0.11352
RMS 0.11347
RMS 0.11343
RMS 0.11338
RMS 0.11334
RMS 0.11329
RMS 0.11325
RMS 0.11320
RMS 0.11316
RMS 0.11311
RMS 0.11307
RMS 0.11303
RMS 0.11298
RMS 0.11294
RMS 0.11290
RMS 0.11286
RMS 0.11282
RMS 0.11277
RMS 0.11273
RMS 0.11269
RMS 0.11265
RMS 0.11261
RMS 0.11257
RMS 0.11253
RMS 0.11249
RMS 0.11245
RMS 0.11241
RMS 0.11238
RMS 0.11234
RMS 0.11230
RMS 0.11226
RMS 0.11222
RMS 0.11218
RMS 0.11215
RMS 0.11211
RMS 0.11207
RMS 0.11204
RMS 0.11200
RMS 0.11196
RMS 0.11193
RMS 0.11189
RMS 0.11186
RMS 0.11182
RMS 0.11178
RMS 0.11175
RMS 0.11171
RMS 0.11168
RMS 0.11164
RMS 0.11161
RMS 0.11157
RMS 0.11154
RMS 0.11151
RMS 0.11147
RMS 0.11144
RMS 0.11140
RMS 0.11137
RMS 0.11134
RMS 0.11130
RMS 0.11127
RMS 0.11124
RMS 0.11120
RMS 0.11117
RMS 0.11114
RMS 0.11111
RMS 0.11107
RMS 0.11104
RMS 0.11101
RMS 0.11098
RMS 0.11095
RMS 0.11091
RMS 0.11088
RMS 0.11085
RMS 0.11082
RMS 0.11079
RMS 0.11076
RMS 0.11072
RMS 0.11069
RMS 0.11066
RMS 0.11063
RMS 0.11060
RMS 0.11057
RMS 0.11054
RMS 0.11051
RMS 0.11048
RMS 0.11045
RMS 0.11042
RMS 0.11039
RMS 0.11036
RMS 0.11033
RMS 0.11030
RMS 0.11027
RMS 0.11024
RMS 0.11021
RMS 0.11018
RMS 0.11015
RMS 0.11012
RMS 0.11009
RMS 0.11006
RMS 0.11003
RMS 0.11000
RMS 0.10997
RMS 0.10994
RMS 0.10992
RMS 0.10989
RMS 0.10986
RMS 0.10983
RMS 0.10980
RMS 0.10977
RMS 0.10974
RMS 0.10971
RMS 0.10969
RMS 0.10966
RMS 0.10963
RMS 0.10960
RMS 0.10957
RMS 0.10955
RMS 0.10952
RMS 0.10949
RMS 0.10946
RMS 0.10943
RMS 0.10940
RMS 0.10938
RMS 0.10935
RMS 0.10932
RMS 0.10929
RMS 0.10927
RMS 0.10924
RMS 0.10921
RMS 0.10918
RMS 0.10916
RMS 0.10913
RMS 0.10910
RMS 0.10907
RMS 0.10905
RMS 0.10902
RMS 0.10899
RMS 0.10896
RMS 0.10894
RMS 0.10891
RMS 0.10888
RMS 0.10886
RMS 0.10883
RMS 0.10880
RMS 0.10878
RMS 0.10875
RMS 0.10872
RMS 0.10869
RMS 0.10867
RMS 0.10864
RMS 0.10862
RMS 0.10859
RMS 0.10856
RMS 0.10853
RMS 0.10851
RMS 0.10848

##################TEST##################
Test : ACIERTOS = 99 94%
Test FALLOS = 6 6%
