-0.40 -0.06 
-0.02 -0.48 
-0.49 0.44 
0.06 0.03 
-0.18 -0.14 
-0.30 0.35 0.11 0.23 0.48 
-0.49 0.02 -0.22 0.39 -0.50 
0.24 -0.06 -0.26 -0.10 0.21 0.48 -0.39 

##################LEARN##################
RMS 2.11105
RMS 2.02797
RMS 1.95197
RMS 1.88284
RMS 1.82029
RMS 1.76391
RMS 1.71324
RMS 1.66782
RMS 1.62714
RMS 1.59074
RMS 1.55818
RMS 1.52902
RMS 1.50290
RMS 1.47946
RMS 1.45839
RMS 1.43941
RMS 1.42227
RMS 1.40675
RMS 1.39266
RMS 1.37983
RMS 1.36811
RMS 1.35737
RMS 1.34750
RMS 1.33839
RMS 1.32995
RMS 1.32211
RMS 1.31480
RMS 1.30796
RMS 1.30154
RMS 1.29548
RMS 1.28975
RMS 1.28431
RMS 1.27912
RMS 1.27416
RMS 1.26941
RMS 1.26483
RMS 1.26041
RMS 1.25612
RMS 1.25196
RMS 1.24791
RMS 1.24394
RMS 1.24005
RMS 1.23623
RMS 1.23247
RMS 1.22875
RMS 1.22507
RMS 1.22142
RMS 1.21778
RMS 1.21416
RMS 1.21055
RMS 1.20694
RMS 1.20332
RMS 1.19968
RMS 1.19603
RMS 1.19236
RMS 1.18866
RMS 1.18492
RMS 1.18115
RMS 1.17734
RMS 1.17348
RMS 1.16957
RMS 1.16560
RMS 1.16158
RMS 1.15749
RMS 1.15334
RMS 1.14912
RMS 1.14483
RMS 1.14046
RMS 1.13602
RMS 1.13149
RMS 1.12688
RMS 1.12219
RMS 1.11741
RMS 1.11253
RMS 1.10757
RMS 1.10251
RMS 1.09736
RMS 1.09211
RMS 1.08677
RMS 1.08133
RMS 1.07579
RMS 1.07015
RMS 1.06441
RMS 1.05858
RMS 1.05264
RMS 1.04662
RMS 1.04049
RMS 1.03428
RMS 1.02797
RMS 1.02157
RMS 1.01508
RMS 1.00851
RMS 1.00185
RMS 0.99512
RMS 0.98830
RMS 0.98142
RMS 0.97446
RMS 0.96744
RMS 0.96035
RMS 0.95321
RMS 0.94601
RMS 0.93876
RMS 0.93146
RMS 0.92412
RMS 0.91673
RMS 0.90932
RMS 0.90187
RMS 0.89439
RMS 0.88689
RMS 0.87937
RMS 0.87183
RMS 0.86428
RMS 0.85672
RMS 0.84915
RMS 0.84158
RMS 0.83401
RMS 0.82644
RMS 0.81888
RMS 0.81132
RMS 0.80378
RMS 0.79625
RMS 0.78873
RMS 0.78123
RMS 0.77375
RMS 0.76630
RMS 0.75886
RMS 0.75145
RMS 0.74407
RMS 0.73671
RMS 0.72939
RMS 0.72209
RMS 0.71483
RMS 0.70760
RMS 0.70041
RMS 0.69325
RMS 0.68613
RMS 0.67904
RMS 0.67200
RMS 0.66499
RMS 0.65802
RMS 0.65110
RMS 0.64421
RMS 0.63737
RMS 0.63057
RMS 0.62381
RMS 0.61710
RMS 0.61043
RMS 0.60381
RMS 0.59723
RMS 0.59069
RMS 0.58420
RMS 0.57776
RMS 0.57136
RMS 0.56501
RMS 0.55871
RMS 0.55245
RMS 0.54624
RMS 0.54008
RMS 0.53396
RMS 0.52790
RMS 0.52188
RMS 0.51591
RMS 0.50998
RMS 0.50411
RMS 0.49828
RMS 0.49250
RMS 0.48677
RMS 0.48109
RMS 0.47546
RMS 0.46988
RMS 0.46434
RMS 0.45886
RMS 0.45342
RMS 0.44803
RMS 0.44269
RMS 0.43740
RMS 0.43216
RMS 0.42697
RMS 0.42183
RMS 0.41674
RMS 0.41169
RMS 0.40670
RMS 0.40175
RMS 0.39686
RMS 0.39201
RMS 0.38721
RMS 0.38246
RMS 0.37776
RMS 0.37311
RMS 0.36851
RMS 0.36396
RMS 0.35945
RMS 0.35500
RMS 0.35059
RMS 0.34623
RMS 0.34192
RMS 0.33765
RMS 0.33344
RMS 0.32927
RMS 0.32515
RMS 0.32107
RMS 0.31705
RMS 0.31307
RMS 0.30914
RMS 0.30525
RMS 0.30141
RMS 0.29762
RMS 0.29387
RMS 0.29017
RMS 0.28651
RMS 0.28290
RMS 0.27933
RMS 0.27581
RMS 0.27233
RMS 0.26890
RMS 0.26551
RMS 0.26216
RMS 0.25886
RMS 0.25560
RMS 0.25238
RMS 0.24920
RMS 0.24606
RMS 0.24297
RMS 0.23991
RMS 0.23690
RMS 0.23393
RMS 0.23100
RMS 0.22810
RMS 0.22525
RMS 0.22243
RMS 0.21966
RMS 0.21692
RMS 0.21421
RMS 0.21155
RMS 0.20892
RMS 0.20633
RMS 0.20377
RMS 0.20125
RMS 0.19877
RMS 0.19632
RMS 0.19390
RMS 0.19152
RMS 0.18917
RMS 0.18686
RMS 0.18457
RMS 0.18232
RMS 0.18011
RMS 0.17792
RMS 0.17576
RMS 0.17364
RMS 0.17154
RMS 0.16948
RMS 0.16744
RMS 0.16544
RMS 0.16346
RMS 0.16151
RMS 0.15959
RMS 0.15770
RMS 0.15583
RMS 0.15399
RMS 0.15218
RMS 0.15040
RMS 0.14864
RMS 0.14690
RMS 0.14519
RMS 0.14350
RMS 0.14184
RMS 0.14021
RMS 0.13859
RMS 0.13700
RMS 0.13543
RMS 0.13389
RMS 0.13237
RMS 0.13087
RMS 0.12939
RMS 0.12793
RMS 0.12649
RMS 0.12507
RMS 0.12368
RMS 0.12230
RMS 0.12095
RMS 0.11961
RMS 0.11829
RMS 0.11699
RMS 0.11571
RMS 0.11445
RMS 0.11321
RMS 0.11198
RMS 0.11077
RMS 0.10958
RMS 0.10840
RMS 0.10724
RMS 0.10610
RMS 0.10497
RMS 0.10386
RMS 0.10277
RMS 0.10169
RMS 0.10063
RMS 0.09958
RMS 0.09854
RMS 0.09752
RMS 0.09651
RMS 0.09552
RMS 0.09454
RMS 0.09358
RMS 0.09263
RMS 0.09169
RMS 0.09076
RMS 0.08985
RMS 0.08895
RMS 0.08806
RMS 0.08719
RMS 0.08632
RMS 0.08547
RMS 0.08463
RMS 0.08380
RMS 0.08298
RMS 0.08217
RMS 0.08138
RMS 0.08059
RMS 0.07982
RMS 0.07905
RMS 0.07830
RMS 0.07755
RMS 0.07682
RMS 0.07609
RMS 0.07538
RMS 0.07467
RMS 0.07397
RMS 0.07328
RMS 0.07261
RMS 0.07194
RMS 0.07127
RMS 0.07062
RMS 0.06998
RMS 0.06934
RMS 0.06871
RMS 0.06809
RMS 0.06748
RMS 0.06688
RMS 0.06628
RMS 0.06569
RMS 0.06511
RMS 0.06454
RMS 0.06397
RMS 0.06341
RMS 0.06286
RMS 0.06231
RMS 0.06177
RMS 0.06124
RMS 0.06072
RMS 0.06020
RMS 0.05968
RMS 0.05918
RMS 0.05868
RMS 0.05818
RMS 0.05770
RMS 0.05721
RMS 0.05674
RMS 0.05627
RMS 0.05580
RMS 0.05534
RMS 0.05489
RMS 0.05444
RMS 0.05400
RMS 0.05356
RMS 0.05313
RMS 0.05270
RMS 0.05228
RMS 0.05186
RMS 0.05145
RMS 0.05104
RMS 0.05064
RMS 0.05024
RMS 0.04985
RMS 0.04946
RMS 0.04908
RMS 0.04870
RMS 0.04832
RMS 0.04795
RMS 0.04758
RMS 0.04722
RMS 0.04686
RMS 0.04651
RMS 0.04616
RMS 0.04581
RMS 0.04547
RMS 0.04513
RMS 0.04479
RMS 0.04446
RMS 0.04413
RMS 0.04381
RMS 0.04349
RMS 0.04317
RMS 0.04286
RMS 0.04255
RMS 0.04224
RMS 0.04194
RMS 0.04164
RMS 0.04134
RMS 0.04105
RMS 0.04076
RMS 0.04047
RMS 0.04019
RMS 0.03991
RMS 0.03963
RMS 0.03935
RMS 0.03908
RMS 0.03881
RMS 0.03855
RMS 0.03828
RMS 0.03802
RMS 0.03776
RMS 0.03751
RMS 0.03726
RMS 0.03701
RMS 0.03676
RMS 0.03651
RMS 0.03627
RMS 0.03603
RMS 0.03580
RMS 0.03556
RMS 0.03533
RMS 0.03510
RMS 0.03487
RMS 0.03464
RMS 0.03442
RMS 0.03420
RMS 0.03398
RMS 0.03376
RMS 0.03355
RMS 0.03334
RMS 0.03313
RMS 0.03292
RMS 0.03271
RMS 0.03251
RMS 0.03231
RMS 0.03211
RMS 0.03191
RMS 0.03171
RMS 0.03152
RMS 0.03133
RMS 0.03114
RMS 0.03095
RMS 0.03076
RMS 0.03058
RMS 0.03039
RMS 0.03021
RMS 0.03003
RMS 0.02985
RMS 0.02968
RMS 0.02950
RMS 0.02933
RMS 0.02916
RMS 0.02899
RMS 0.02882
RMS 0.02865
RMS 0.02849
RMS 0.02833
RMS 0.02816
RMS 0.02800
RMS 0.02784
RMS 0.02769
RMS 0.02753
RMS 0.02738
RMS 0.02722
RMS 0.02707
RMS 0.02692
RMS 0.02677
RMS 0.02662
RMS 0.02648
RMS 0.02633
RMS 0.02619
RMS 0.02605
RMS 0.02591
RMS 0.02577
RMS 0.02563
RMS 0.02549
RMS 0.02535
RMS 0.02522
RMS 0.02508
RMS 0.02495
RMS 0.02482
RMS 0.02469
RMS 0.02456
RMS 0.02443
RMS 0.02431
RMS 0.02418
RMS 0.02406
RMS 0.02393
RMS 0.02381
RMS 0.02369
RMS 0.02357
RMS 0.02345
RMS 0.02333
RMS 0.02321
RMS 0.02310
RMS 0.02298
RMS 0.02287
RMS 0.02275
RMS 0.02264
RMS 0.02253
RMS 0.02242
RMS 0.02231
RMS 0.02220
RMS 0.02209
RMS 0.02198
RMS 0.02188
RMS 0.02177
RMS 0.02167
RMS 0.02156
RMS 0.02146
RMS 0.02136
RMS 0.02126
RMS 0.02116
RMS 0.02106
RMS 0.02096
RMS 0.02086
RMS 0.02077
RMS 0.02067
RMS 0.02057
RMS 0.02048
RMS 0.02039
RMS 0.02029
RMS 0.02020
RMS 0.02011
RMS 0.02002
RMS 0.01993
RMS 0.01984
RMS 0.01975
RMS 0.01966
RMS 0.01957
RMS 0.01949
RMS 0.01940
RMS 0.01932
RMS 0.01923
RMS 0.01915
RMS 0.01906
RMS 0.01898
RMS 0.01890
RMS 0.01882
RMS 0.01874
RMS 0.01866
RMS 0.01858
RMS 0.01850
RMS 0.01842
RMS 0.01834
RMS 0.01827
RMS 0.01819
RMS 0.01811
RMS 0.01804
RMS 0.01796
RMS 0.01789
RMS 0.01781
RMS 0.01774
RMS 0.01767
RMS 0.01760
RMS 0.01752
RMS 0.01745
RMS 0.01738
RMS 0.01731
RMS 0.01724
RMS 0.01717
RMS 0.01711
RMS 0.01704
RMS 0.01697
RMS 0.01690
RMS 0.01684
RMS 0.01677
RMS 0.01671
RMS 0.01664
RMS 0.01658
RMS 0.01651
RMS 0.01645
RMS 0.01639
RMS 0.01632
RMS 0.01626
RMS 0.01620
RMS 0.01614
RMS 0.01608
RMS 0.01602
RMS 0.01596
RMS 0.01590
RMS 0.01584
RMS 0.01578
RMS 0.01572
RMS 0.01566
RMS 0.01560
RMS 0.01555
RMS 0.01549
RMS 0.01543
RMS 0.01538
RMS 0.01532
RMS 0.01527
RMS 0.01521
RMS 0.01516
RMS 0.01510
RMS 0.01505
RMS 0.01500
RMS 0.01494
RMS 0.01489
RMS 0.01484
RMS 0.01479
RMS 0.01474
RMS 0.01468
RMS 0.01463
RMS 0.01458
RMS 0.01453
RMS 0.01448
RMS 0.01443
RMS 0.01438
RMS 0.01434
RMS 0.01429
RMS 0.01424
RMS 0.01419
RMS 0.01414
RMS 0.01410
RMS 0.01405
RMS 0.01400
RMS 0.01396
RMS 0.01391
RMS 0.01387
RMS 0.01382
RMS 0.01377
RMS 0.01373
RMS 0.01369
RMS 0.01364
RMS 0.01360
RMS 0.01355
RMS 0.01351
RMS 0.01347
RMS 0.01342
RMS 0.01338
RMS 0.01334
RMS 0.01330
RMS 0.01326
RMS 0.01322
RMS 0.01317
RMS 0.01313
RMS 0.01309
RMS 0.01305
RMS 0.01301
RMS 0.01297
RMS 0.01293
RMS 0.01289
RMS 0.01285
RMS 0.01282
RMS 0.01278
RMS 0.01274
RMS 0.01270
RMS 0.01266
RMS 0.01263
RMS 0.01259
RMS 0.01255
RMS 0.01251
RMS 0.01248
RMS 0.01244
RMS 0.01240
RMS 0.01237
RMS 0.01233
RMS 0.01230
RMS 0.01226
RMS 0.01223
RMS 0.01219
RMS 0.01216
RMS 0.01212
RMS 0.01209
RMS 0.01205
RMS 0.01202
RMS 0.01199
RMS 0.01195
RMS 0.01192
RMS 0.01189
RMS 0.01185
RMS 0.01182
RMS 0.01179
RMS 0.01176
RMS 0.01172
RMS 0.01169
RMS 0.01166
RMS 0.01163
RMS 0.01160
RMS 0.01157
RMS 0.01154
RMS 0.01151
RMS 0.01147
RMS 0.01144
RMS 0.01141
RMS 0.01138
RMS 0.01135
RMS 0.01132
RMS 0.01129
RMS 0.01127
RMS 0.01124
RMS 0.01121
RMS 0.01118
RMS 0.01115
RMS 0.01112
RMS 0.01109
RMS 0.01107
RMS 0.01104
RMS 0.01101
RMS 0.01098
RMS 0.01095
RMS 0.01093
RMS 0.01090
RMS 0.01087
RMS 0.01085
RMS 0.01082
RMS 0.01079
RMS 0.01077
RMS 0.01074
RMS 0.01071
RMS 0.01069
RMS 0.01066
RMS 0.01064
RMS 0.01061
RMS 0.01059
RMS 0.01056
RMS 0.01053
RMS 0.01051
RMS 0.01049
RMS 0.01046
RMS 0.01044
RMS 0.01041
RMS 0.01039
RMS 0.01036
RMS 0.01034
RMS 0.01032
RMS 0.01029
RMS 0.01027
RMS 0.01024
RMS 0.01022
RMS 0.01020
RMS 0.01017
RMS 0.01015
RMS 0.01013
RMS 0.01011
RMS 0.01008
RMS 0.01006
RMS 0.01004
RMS 0.01002
RMS 0.00999
RMS 0.00997
RMS 0.00995
RMS 0.00993
RMS 0.00991
RMS 0.00989
RMS 0.00986
RMS 0.00984
RMS 0.00982
RMS 0.00980
RMS 0.00978
RMS 0.00976
RMS 0.00974
RMS 0.00972
RMS 0.00970
RMS 0.00968
RMS 0.00966
RMS 0.00964
RMS 0.00962
RMS 0.00960
RMS 0.00958
RMS 0.00956
RMS 0.00954
RMS 0.00952
RMS 0.00950
RMS 0.00948
RMS 0.00946
RMS 0.00944
RMS 0.00942
RMS 0.00940
RMS 0.00938
RMS 0.00937
RMS 0.00935
RMS 0.00933
RMS 0.00931
RMS 0.00929
RMS 0.00927
RMS 0.00926
RMS 0.00924
RMS 0.00922
RMS 0.00920
RMS 0.00918
RMS 0.00917
RMS 0.00915
RMS 0.00913
RMS 0.00911
RMS 0.00910
RMS 0.00908
RMS 0.00906
RMS 0.00905
RMS 0.00903
RMS 0.00901
RMS 0.00899
RMS 0.00898
RMS 0.00896
RMS 0.00894
RMS 0.00893
RMS 0.00891
RMS 0.00890
RMS 0.00888
RMS 0.00886
RMS 0.00885
RMS 0.00883
RMS 0.00882
RMS 0.00880
RMS 0.00878
RMS 0.00877
RMS 0.00875
RMS 0.00874
RMS 0.00872
RMS 0.00871
RMS 0.00869
RMS 0.00868
RMS 0.00866
RMS 0.00865
RMS 0.00863
RMS 0.00862
RMS 0.00860
RMS 0.00859
RMS 0.00857
RMS 0.00856
RMS 0.00854
RMS 0.00853
RMS 0.00851
RMS 0.00850
RMS 0.00849
RMS 0.00847
RMS 0.00846
RMS 0.00844
RMS 0.00843
RMS 0.00842
RMS 0.00840
RMS 0.00839
RMS 0.00837
RMS 0.00836
RMS 0.00835
RMS 0.00833
RMS 0.00832
RMS 0.00831
RMS 0.00829
RMS 0.00828
RMS 0.00827
RMS 0.00825
RMS 0.00824
RMS 0.00823
RMS 0.00822
RMS 0.00820
RMS 0.00819
RMS 0.00818
RMS 0.00816
RMS 0.00815
RMS 0.00814
RMS 0.00813
RMS 0.00811
RMS 0.00810
RMS 0.00809
RMS 0.00808
RMS 0.00806
RMS 0.00805
RMS 0.00804
RMS 0.00803
RMS 0.00802
RMS 0.00800
RMS 0.00799
RMS 0.00798
RMS 0.00797
RMS 0.00796
RMS 0.00795
RMS 0.00793
RMS 0.00792
RMS 0.00791
RMS 0.00790
RMS 0.00789
RMS 0.00788
RMS 0.00787
RMS 0.00785
RMS 0.00784
RMS 0.00783
RMS 0.00782
RMS 0.00781
RMS 0.00780
RMS 0.00779
RMS 0.00778
RMS 0.00777
RMS 0.00776
RMS 0.00775
RMS 0.00773
RMS 0.00772
RMS 0.00771
RMS 0.00770
RMS 0.00769
RMS 0.00768
RMS 0.00767
RMS 0.00766
RMS 0.00765
RMS 0.00764
RMS 0.00763
RMS 0.00762
RMS 0.00761
RMS 0.00760
RMS 0.00759
RMS 0.00758
RMS 0.00757
RMS 0.00756
RMS 0.00755
RMS 0.00754
RMS 0.00753
RMS 0.00752
RMS 0.00751
RMS 0.00750
RMS 0.00749
RMS 0.00748
RMS 0.00747
RMS 0.00746
RMS 0.00745
RMS 0.00745
RMS 0.00744
RMS 0.00743
RMS 0.00742
RMS 0.00741
RMS 0.00740
RMS 0.00739
RMS 0.00738
RMS 0.00737
RMS 0.00736
RMS 0.00735
RMS 0.00735
RMS 0.00734
RMS 0.00733
RMS 0.00732
RMS 0.00731
RMS 0.00730
RMS 0.00729
RMS 0.00728
RMS 0.00728
RMS 0.00727
RMS 0.00726
RMS 0.00725
RMS 0.00724
RMS 0.00723
RMS 0.00722
RMS 0.00722
RMS 0.00721
RMS 0.00720
RMS 0.00719
RMS 0.00718
RMS 0.00718
RMS 0.00717
RMS 0.00716
RMS 0.00715
RMS 0.00714
RMS 0.00713
RMS 0.00713
RMS 0.00712
RMS 0.00711
RMS 0.00710
RMS 0.00710
RMS 0.00709
RMS 0.00708
RMS 0.00707
RMS 0.00706
RMS 0.00706
RMS 0.00705
RMS 0.00704
RMS 0.00703
RMS 0.00703
RMS 0.00702
RMS 0.00701
RMS 0.00700
RMS 0.00700
RMS 0.00699
RMS 0.00698
RMS 0.00697
RMS 0.00697
RMS 0.00696
RMS 0.00695
RMS 0.00695
RMS 0.00694
RMS 0.00693
RMS 0.00692
RMS 0.00692
RMS 0.00691
RMS 0.00690
RMS 0.00690
RMS 0.00689
RMS 0.00688
RMS 0.00688
RMS 0.00687
RMS 0.00686
RMS 0.00685
RMS 0.00685
RMS 0.00684
RMS 0.00683
RMS 0.00683
RMS 0.00682
RMS 0.00681
RMS 0.00681
RMS 0.00680

##################TEST##################
Test : ACIERTOS = 4 100%
Test FALLOS = 0 0%
