-0.40 -0.06 
-0.02 -0.48 
-0.49 0.44 
0.06 0.03 
-0.18 -0.14 
-0.30 0.35 
0.11 0.23 
0.48 -0.49 
0.02 -0.22 
0.39 -0.50 0.24 -0.06 -0.26 -0.10 0.21 0.48 -0.39 
-0.44 -0.13 0.20 -0.33 -0.04 -0.37 0.16 -0.02 -0.36 
0.10 -0.47 0.18 0.42 -0.11 0.38 0.28 -0.50 0.10 0.26 -0.49 

##################LEARN##################
RMS 1.35357
RMS 1.32935
RMS 1.30826
RMS 1.28980
RMS 1.27355
RMS 1.25915
RMS 1.24633
RMS 1.23483
RMS 1.22446
RMS 1.21505
RMS 1.20646
RMS 1.19857
RMS 1.19127
RMS 1.18448
RMS 1.17813
RMS 1.17216
RMS 1.16650
RMS 1.16112
RMS 1.15597
RMS 1.15102
RMS 1.14623
RMS 1.14159
RMS 1.13707
RMS 1.13265
RMS 1.12831
RMS 1.12403
RMS 1.11981
RMS 1.11562
RMS 1.11147
RMS 1.10733
RMS 1.10320
RMS 1.09907
RMS 1.09494
RMS 1.09080
RMS 1.08663
RMS 1.08245
RMS 1.07823
RMS 1.07399
RMS 1.06971
RMS 1.06538
RMS 1.06102
RMS 1.05660
RMS 1.05214
RMS 1.04762
RMS 1.04305
RMS 1.03842
RMS 1.03373
RMS 1.02898
RMS 1.02417
RMS 1.01928
RMS 1.01433
RMS 1.00931
RMS 1.00422
RMS 0.99906
RMS 0.99382
RMS 0.98850
RMS 0.98311
RMS 0.97765
RMS 0.97210
RMS 0.96647
RMS 0.96076
RMS 0.95497
RMS 0.94910
RMS 0.94315
RMS 0.93711
RMS 0.93099
RMS 0.92479
RMS 0.91850
RMS 0.91212
RMS 0.90566
RMS 0.89912
RMS 0.89250
RMS 0.88579
RMS 0.87899
RMS 0.87212
RMS 0.86516
RMS 0.85812
RMS 0.85100
RMS 0.84380
RMS 0.83652
RMS 0.82916
RMS 0.82173
RMS 0.81423
RMS 0.80666
RMS 0.79901
RMS 0.79130
RMS 0.78352
RMS 0.77567
RMS 0.76777
RMS 0.75981
RMS 0.75179
RMS 0.74371
RMS 0.73559
RMS 0.72742
RMS 0.71921
RMS 0.71096
RMS 0.70267
RMS 0.69434
RMS 0.68599
RMS 0.67761
RMS 0.66921
RMS 0.66079
RMS 0.65235
RMS 0.64390
RMS 0.63545
RMS 0.62699
RMS 0.61854
RMS 0.61009
RMS 0.60165
RMS 0.59322
RMS 0.58482
RMS 0.57643
RMS 0.56807
RMS 0.55973
RMS 0.55143
RMS 0.54317
RMS 0.53495
RMS 0.52677
RMS 0.51864
RMS 0.51056
RMS 0.50254
RMS 0.49457
RMS 0.48666
RMS 0.47882
RMS 0.47104
RMS 0.46334
RMS 0.45570
RMS 0.44814
RMS 0.44065
RMS 0.43325
RMS 0.42592
RMS 0.41868
RMS 0.41152
RMS 0.40444
RMS 0.39745
RMS 0.39056
RMS 0.38375
RMS 0.37703
RMS 0.37040
RMS 0.36387
RMS 0.35743
RMS 0.35108
RMS 0.34483
RMS 0.33867
RMS 0.33260
RMS 0.32663
RMS 0.32076
RMS 0.31498
RMS 0.30930
RMS 0.30371
RMS 0.29821
RMS 0.29281
RMS 0.28750
RMS 0.28228
RMS 0.27716
RMS 0.27213
RMS 0.26719
RMS 0.26234
RMS 0.25757
RMS 0.25290
RMS 0.24831
RMS 0.24381
RMS 0.23940
RMS 0.23507
RMS 0.23082
RMS 0.22666
RMS 0.22257
RMS 0.21857
RMS 0.21464
RMS 0.21080
RMS 0.20703
RMS 0.20333
RMS 0.19971
RMS 0.19616
RMS 0.19269
RMS 0.18928
RMS 0.18594
RMS 0.18267
RMS 0.17947
RMS 0.17634
RMS 0.17327
RMS 0.17026
RMS 0.16731
RMS 0.16442
RMS 0.16160
RMS 0.15883
RMS 0.15612
RMS 0.15347
RMS 0.15087
RMS 0.14832
RMS 0.14583
RMS 0.14339
RMS 0.14100
RMS 0.13866
RMS 0.13637
RMS 0.13412
RMS 0.13193
RMS 0.12977
RMS 0.12767
RMS 0.12560
RMS 0.12358
RMS 0.12160
RMS 0.11966
RMS 0.11776
RMS 0.11590
RMS 0.11408
RMS 0.11229
RMS 0.11054
RMS 0.10883
RMS 0.10715
RMS 0.10551
RMS 0.10390
RMS 0.10232
RMS 0.10077
RMS 0.09926
RMS 0.09777
RMS 0.09632
RMS 0.09489
RMS 0.09349
RMS 0.09212
RMS 0.09078
RMS 0.08946
RMS 0.08817
RMS 0.08691
RMS 0.08567
RMS 0.08445
RMS 0.08326
RMS 0.08209
RMS 0.08094
RMS 0.07982
RMS 0.07871
RMS 0.07763
RMS 0.07657
RMS 0.07553
RMS 0.07450
RMS 0.07350
RMS 0.07252
RMS 0.07155
RMS 0.07061
RMS 0.06968
RMS 0.06876
RMS 0.06787
RMS 0.06699
RMS 0.06613
RMS 0.06528
RMS 0.06445
RMS 0.06363
RMS 0.06283
RMS 0.06204
RMS 0.06127
RMS 0.06051
RMS 0.05976
RMS 0.05903
RMS 0.05831
RMS 0.05760
RMS 0.05691
RMS 0.05623
RMS 0.05555
RMS 0.05490
RMS 0.05425
RMS 0.05361
RMS 0.05299
RMS 0.05237
RMS 0.05177
RMS 0.05117
RMS 0.05059
RMS 0.05001
RMS 0.04945
RMS 0.04889
RMS 0.04835
RMS 0.04781
RMS 0.04728
RMS 0.04676
RMS 0.04625
RMS 0.04575
RMS 0.04525
RMS 0.04477
RMS 0.04429
RMS 0.04382
RMS 0.04335
RMS 0.04290
RMS 0.04245
RMS 0.04201
RMS 0.04157
RMS 0.04114
RMS 0.04072
RMS 0.04031
RMS 0.03990
RMS 0.03950
RMS 0.03910
RMS 0.03871
RMS 0.03833
RMS 0.03795
RMS 0.03758
RMS 0.03721
RMS 0.03685
RMS 0.03649
RMS 0.03614
RMS 0.03580
RMS 0.03546
RMS 0.03512
RMS 0.03479
RMS 0.03447
RMS 0.03415
RMS 0.03383
RMS 0.03352
RMS 0.03321
RMS 0.03291
RMS 0.03261
RMS 0.03232
RMS 0.03203
RMS 0.03174
RMS 0.03146
RMS 0.03118
RMS 0.03091
RMS 0.03064
RMS 0.03037
RMS 0.03011
RMS 0.02985
RMS 0.02959
RMS 0.02934
RMS 0.02909
RMS 0.02885
RMS 0.02861
RMS 0.02837
RMS 0.02813
RMS 0.02790
RMS 0.02767
RMS 0.02745
RMS 0.02722
RMS 0.02700
RMS 0.02679
RMS 0.02657
RMS 0.02636
RMS 0.02615
RMS 0.02595
RMS 0.02574
RMS 0.02554
RMS 0.02534
RMS 0.02515
RMS 0.02496
RMS 0.02476
RMS 0.02458
RMS 0.02439
RMS 0.02421
RMS 0.02403
RMS 0.02385
RMS 0.02367
RMS 0.02350
RMS 0.02332
RMS 0.02315
RMS 0.02298
RMS 0.02282
RMS 0.02265
RMS 0.02249
RMS 0.02233
RMS 0.02217
RMS 0.02202
RMS 0.02186
RMS 0.02171
RMS 0.02156
RMS 0.02141
RMS 0.02126
RMS 0.02112
RMS 0.02098
RMS 0.02083
RMS 0.02069
RMS 0.02055
RMS 0.02042
RMS 0.02028
RMS 0.02015
RMS 0.02002
RMS 0.01988
RMS 0.01976
RMS 0.01963
RMS 0.01950
RMS 0.01938
RMS 0.01925
RMS 0.01913
RMS 0.01901
RMS 0.01889
RMS 0.01877
RMS 0.01865
RMS 0.01854
RMS 0.01843
RMS 0.01831
RMS 0.01820
RMS 0.01809
RMS 0.01798
RMS 0.01787
RMS 0.01777
RMS 0.01766
RMS 0.01756
RMS 0.01745
RMS 0.01735
RMS 0.01725
RMS 0.01715
RMS 0.01705
RMS 0.01695
RMS 0.01685
RMS 0.01676
RMS 0.01666
RMS 0.01657
RMS 0.01648
RMS 0.01638
RMS 0.01629
RMS 0.01620
RMS 0.01611
RMS 0.01602
RMS 0.01594
RMS 0.01585
RMS 0.01577
RMS 0.01568
RMS 0.01560
RMS 0.01551
RMS 0.01543
RMS 0.01535
RMS 0.01527
RMS 0.01519
RMS 0.01511
RMS 0.01503
RMS 0.01496
RMS 0.01488
RMS 0.01480
RMS 0.01473
RMS 0.01465
RMS 0.01458
RMS 0.01451
RMS 0.01444
RMS 0.01436
RMS 0.01429
RMS 0.01422
RMS 0.01415
RMS 0.01408
RMS 0.01402
RMS 0.01395
RMS 0.01388
RMS 0.01382
RMS 0.01375
RMS 0.01369
RMS 0.01362
RMS 0.01356
RMS 0.01349
RMS 0.01343
RMS 0.01337
RMS 0.01331
RMS 0.01325
RMS 0.01319
RMS 0.01313
RMS 0.01307
RMS 0.01301
RMS 0.01295
RMS 0.01290
RMS 0.01284
RMS 0.01278
RMS 0.01273
RMS 0.01267
RMS 0.01262
RMS 0.01256
RMS 0.01251
RMS 0.01245
RMS 0.01240
RMS 0.01235
RMS 0.01230
RMS 0.01225
RMS 0.01220
RMS 0.01214
RMS 0.01209
RMS 0.01204
RMS 0.01200
RMS 0.01195
RMS 0.01190
RMS 0.01185
RMS 0.01180
RMS 0.01176
RMS 0.01171
RMS 0.01166
RMS 0.01162
RMS 0.01157
RMS 0.01153
RMS 0.01148
RMS 0.01144
RMS 0.01139
RMS 0.01135
RMS 0.01131
RMS 0.01126
RMS 0.01122
RMS 0.01118
RMS 0.01114
RMS 0.01110
RMS 0.01105
RMS 0.01101
RMS 0.01097
RMS 0.01093
RMS 0.01089
RMS 0.01085
RMS 0.01082
RMS 0.01078
RMS 0.01074
RMS 0.01070
RMS 0.01066
RMS 0.01062
RMS 0.01059
RMS 0.01055
RMS 0.01051
RMS 0.01048
RMS 0.01044
RMS 0.01041
RMS 0.01037
RMS 0.01034
RMS 0.01030
RMS 0.01027
RMS 0.01023
RMS 0.01020
RMS 0.01016
RMS 0.01013
RMS 0.01010
RMS 0.01007
RMS 0.01003
RMS 0.01000
RMS 0.00997
RMS 0.00994
RMS 0.00990
RMS 0.00987
RMS 0.00984
RMS 0.00981
RMS 0.00978
RMS 0.00975
RMS 0.00972
RMS 0.00969
RMS 0.00966
RMS 0.00963
RMS 0.00960
RMS 0.00957
RMS 0.00954
RMS 0.00952
RMS 0.00949
RMS 0.00946
RMS 0.00943
RMS 0.00940
RMS 0.00938
RMS 0.00935
RMS 0.00932
RMS 0.00929
RMS 0.00927
RMS 0.00924
RMS 0.00922
RMS 0.00919
RMS 0.00916
RMS 0.00914
RMS 0.00911
RMS 0.00909
RMS 0.00906
RMS 0.00904
RMS 0.00901
RMS 0.00899
RMS 0.00896
RMS 0.00894
RMS 0.00891
RMS 0.00889
RMS 0.00887
RMS 0.00884
RMS 0.00882
RMS 0.00880
RMS 0.00877
RMS 0.00875
RMS 0.00873
RMS 0.00871
RMS 0.00868
RMS 0.00866
RMS 0.00864
RMS 0.00862
RMS 0.00860
RMS 0.00857
RMS 0.00855
RMS 0.00853
RMS 0.00851
RMS 0.00849
RMS 0.00847
RMS 0.00845
RMS 0.00843
RMS 0.00841
RMS 0.00839
RMS 0.00837
RMS 0.00835
RMS 0.00833
RMS 0.00831
RMS 0.00829
RMS 0.00827
RMS 0.00825
RMS 0.00823
RMS 0.00821
RMS 0.00819
RMS 0.00817
RMS 0.00816
RMS 0.00814
RMS 0.00812
RMS 0.00810
RMS 0.00808
RMS 0.00806
RMS 0.00805
RMS 0.00803
RMS 0.00801
RMS 0.00799
RMS 0.00798
RMS 0.00796
RMS 0.00794
RMS 0.00792
RMS 0.00791
RMS 0.00789
RMS 0.00787
RMS 0.00786
RMS 0.00784
RMS 0.00782
RMS 0.00781
RMS 0.00779
RMS 0.00778
RMS 0.00776
RMS 0.00774
RMS 0.00773
RMS 0.00771
RMS 0.00770
RMS 0.00768
RMS 0.00767
RMS 0.00765
RMS 0.00764
RMS 0.00762
RMS 0.00761
RMS 0.00759
RMS 0.00758
RMS 0.00756
RMS 0.00755
RMS 0.00753
RMS 0.00752
RMS 0.00751
RMS 0.00749
RMS 0.00748
RMS 0.00746
RMS 0.00745
RMS 0.00744
RMS 0.00742
RMS 0.00741
RMS 0.00740
RMS 0.00738
RMS 0.00737
RMS 0.00736
RMS 0.00734
RMS 0.00733
RMS 0.00732
RMS 0.00730
RMS 0.00729
RMS 0.00728
RMS 0.00726
RMS 0.00725
RMS 0.00724
RMS 0.00723
RMS 0.00721
RMS 0.00720
RMS 0.00719
RMS 0.00718
RMS 0.00717
RMS 0.00715
RMS 0.00714
RMS 0.00713
RMS 0.00712
RMS 0.00711
RMS 0.00710
RMS 0.00708
RMS 0.00707
RMS 0.00706
RMS 0.00705
RMS 0.00704
RMS 0.00703
RMS 0.00702
RMS 0.00700
RMS 0.00699
RMS 0.00698
RMS 0.00697
RMS 0.00696
RMS 0.00695
RMS 0.00694
RMS 0.00693
RMS 0.00692
RMS 0.00691
RMS 0.00690
RMS 0.00689
RMS 0.00688
RMS 0.00687
RMS 0.00686
RMS 0.00685
RMS 0.00684
RMS 0.00683
RMS 0.00682
RMS 0.00681
RMS 0.00680
RMS 0.00679
RMS 0.00678
RMS 0.00677
RMS 0.00676
RMS 0.00675
RMS 0.00674
RMS 0.00673
RMS 0.00672
RMS 0.00671
RMS 0.00670
RMS 0.00669
RMS 0.00668
RMS 0.00667
RMS 0.00667
RMS 0.00666
RMS 0.00665
RMS 0.00664
RMS 0.00663
RMS 0.00662
RMS 0.00661
RMS 0.00660
RMS 0.00660
RMS 0.00659
RMS 0.00658
RMS 0.00657
RMS 0.00656
RMS 0.00655
RMS 0.00654
RMS 0.00654
RMS 0.00653
RMS 0.00652
RMS 0.00651
RMS 0.00650
RMS 0.00650
RMS 0.00649
RMS 0.00648
RMS 0.00647
RMS 0.00646
RMS 0.00646
RMS 0.00645
RMS 0.00644
RMS 0.00643
RMS 0.00643
RMS 0.00642
RMS 0.00641
RMS 0.00640
RMS 0.00640
RMS 0.00639
RMS 0.00638
RMS 0.00637
RMS 0.00637
RMS 0.00636
RMS 0.00635
RMS 0.00634
RMS 0.00634
RMS 0.00633
RMS 0.00632
RMS 0.00632
RMS 0.00631
RMS 0.00630
RMS 0.00630
RMS 0.00629
RMS 0.00628
RMS 0.00627
RMS 0.00627
RMS 0.00626
RMS 0.00625
RMS 0.00625
RMS 0.00624
RMS 0.00623
RMS 0.00623
RMS 0.00622
RMS 0.00621
RMS 0.00621
RMS 0.00620
RMS 0.00620
RMS 0.00619
RMS 0.00618
RMS 0.00618
RMS 0.00617
RMS 0.00616
RMS 0.00616
RMS 0.00615
RMS 0.00615
RMS 0.00614
RMS 0.00613
RMS 0.00613
RMS 0.00612
RMS 0.00612
RMS 0.00611
RMS 0.00610
RMS 0.00610
RMS 0.00609
RMS 0.00609
RMS 0.00608
RMS 0.00608
RMS 0.00607
RMS 0.00606
RMS 0.00606
RMS 0.00605
RMS 0.00605
RMS 0.00604
RMS 0.00604
RMS 0.00603
RMS 0.00603
RMS 0.00602
RMS 0.00601
RMS 0.00601
RMS 0.00600
RMS 0.00600
RMS 0.00599
RMS 0.00599
RMS 0.00598
RMS 0.00598
RMS 0.00597
RMS 0.00597
RMS 0.00596
RMS 0.00596
RMS 0.00595
RMS 0.00595
RMS 0.00594
RMS 0.00594
RMS 0.00593
RMS 0.00593
RMS 0.00592
RMS 0.00592
RMS 0.00591
RMS 0.00591
RMS 0.00590
RMS 0.00590
RMS 0.00589
RMS 0.00589
RMS 0.00588
RMS 0.00588
RMS 0.00587
RMS 0.00587
RMS 0.00586
RMS 0.00586
RMS 0.00586
RMS 0.00585
RMS 0.00585
RMS 0.00584
RMS 0.00584
RMS 0.00583
RMS 0.00583
RMS 0.00582
RMS 0.00582
RMS 0.00582
RMS 0.00581
RMS 0.00581
RMS 0.00580
RMS 0.00580
RMS 0.00579
RMS 0.00579
RMS 0.00579
RMS 0.00578
RMS 0.00578
RMS 0.00577
RMS 0.00577
RMS 0.00576
RMS 0.00576
RMS 0.00576
RMS 0.00575
RMS 0.00575
RMS 0.00574
RMS 0.00574
RMS 0.00574
RMS 0.00573
RMS 0.00573
RMS 0.00572
RMS 0.00572
RMS 0.00572
RMS 0.00571
RMS 0.00571
RMS 0.00571
RMS 0.00570
RMS 0.00570
RMS 0.00569
RMS 0.00569
RMS 0.00569
RMS 0.00568
RMS 0.00568
RMS 0.00568
RMS 0.00567
RMS 0.00567
RMS 0.00566
RMS 0.00566
RMS 0.00566
RMS 0.00565
RMS 0.00565
RMS 0.00565
RMS 0.00564
RMS 0.00564
RMS 0.00564
RMS 0.00563
RMS 0.00563
RMS 0.00563
RMS 0.00562
RMS 0.00562
RMS 0.00562
RMS 0.00561
RMS 0.00561
RMS 0.00561
RMS 0.00560
RMS 0.00560
RMS 0.00560
RMS 0.00559
RMS 0.00559
RMS 0.00559
RMS 0.00558
RMS 0.00558
RMS 0.00558
RMS 0.00557
RMS 0.00557
RMS 0.00557
RMS 0.00556
RMS 0.00556
RMS 0.00556
RMS 0.00555
RMS 0.00555
RMS 0.00555
RMS 0.00554
RMS 0.00554
RMS 0.00554
RMS 0.00554
RMS 0.00553
RMS 0.00553
RMS 0.00553
RMS 0.00552
RMS 0.00552
RMS 0.00552
RMS 0.00552
RMS 0.00551
RMS 0.00551
RMS 0.00551
RMS 0.00550
RMS 0.00550
RMS 0.00550
RMS 0.00549
RMS 0.00549
RMS 0.00549
RMS 0.00549
RMS 0.00548
RMS 0.00548
RMS 0.00548
RMS 0.00548
RMS 0.00547
RMS 0.00547
RMS 0.00547
RMS 0.00546
RMS 0.00546
RMS 0.00546
RMS 0.00546
RMS 0.00545
RMS 0.00545
RMS 0.00545
RMS 0.00545
RMS 0.00544
RMS 0.00544
RMS 0.00544
RMS 0.00544
RMS 0.00543
RMS 0.00543
RMS 0.00543
RMS 0.00543
RMS 0.00542
RMS 0.00542
RMS 0.00542
RMS 0.00542
RMS 0.00541
RMS 0.00541
RMS 0.00541
RMS 0.00541
RMS 0.00540
RMS 0.00540
RMS 0.00540
RMS 0.00540
RMS 0.00539
RMS 0.00539
RMS 0.00539
RMS 0.00539
RMS 0.00539
RMS 0.00538
RMS 0.00538
RMS 0.00538
RMS 0.00538
RMS 0.00537
RMS 0.00537
RMS 0.00537
RMS 0.00537
RMS 0.00536
RMS 0.00536
RMS 0.00536
RMS 0.00536
RMS 0.00536
RMS 0.00535
RMS 0.00535
RMS 0.00535
RMS 0.00535
RMS 0.00535
RMS 0.00534
RMS 0.00534
RMS 0.00534
RMS 0.00534
RMS 0.00533

##################TEST##################
Test : ACIERTOS = 4 100%
Test FALLOS = 0 0%
