0.05 -0.29 0.28 0.01 0.48 0.39 0.39 -0.38 0.42 
-0.03 -0.23 0.22 -0.04 0.35 0.42 0.43 -0.27 -0.18 
-0.32 0.05 0.20 -0.14 0.17 -0.49 -0.25 -0.48 0.36 
0.28 -0.49 -0.04 0.26 0.06 0.17 0.05 -0.43 0.15 
-0.06 0.46 0.27 -0.13 
-0.07 -0.46 -0.42 0.39 
0.39 -0.49 0.32 -0.38 -0.17 0.50 

##################LEARN##################
RMS 1.53281
RMS 1.41542
RMS 1.41382
RMS 1.41362
RMS 1.41363
RMS 1.41366
RMS 1.41368
RMS 1.41369
RMS 1.41370
RMS 1.41370
RMS 1.41371
RMS 1.41371
RMS 1.41371
RMS 1.41371
RMS 1.41371
RMS 1.41371
RMS 1.41371
RMS 1.41371
RMS 1.41371
RMS 1.41371
RMS 1.41371
RMS 1.41371
RMS 1.41371
RMS 1.41371
RMS 1.41371
RMS 1.41371
RMS 1.41371
RMS 1.41371
RMS 1.41371
RMS 1.41371
RMS 1.41371
RMS 1.41371
RMS 1.41371
RMS 1.41371
RMS 1.41371
RMS 1.41371
RMS 1.41371
RMS 1.41371
RMS 1.41371
RMS 1.41371
RMS 1.41371
RMS 1.41371
RMS 1.41371
RMS 1.41371
RMS 1.41371
RMS 1.41371
RMS 1.41371
RMS 1.41371
RMS 1.41371
RMS 1.41371
RMS 1.41371
RMS 1.41371
RMS 1.41371
RMS 1.41371
RMS 1.41371
RMS 1.41371
RMS 1.41371
RMS 1.41371
RMS 1.41371
RMS 1.41371
RMS 1.41371
RMS 1.41371
RMS 1.41371
RMS 1.41371
RMS 1.41371
RMS 1.41371
RMS 1.41371
RMS 1.41371
RMS 1.41371
RMS 1.41371
RMS 1.41371
RMS 1.41371
RMS 1.41371
RMS 1.41371
RMS 1.41371
RMS 1.41371
RMS 1.41371
RMS 1.41371
RMS 1.41371
RMS 1.41371
RMS 1.41371
RMS 1.41371
RMS 1.41371
RMS 1.41371
RMS 1.41371
RMS 1.41371
RMS 1.41371
RMS 1.41371
RMS 1.41371
RMS 1.41371
RMS 1.41371
RMS 1.41371
RMS 1.41371
RMS 1.41371
RMS 1.41371
RMS 1.41371
RMS 1.41371
RMS 1.41371
RMS 1.41371
RMS 1.41371
RMS 1.41371
RMS 1.41371
RMS 1.41371
RMS 1.41371
RMS 1.41371
RMS 1.41371
RMS 1.41371
RMS 1.41371
RMS 1.41371
RMS 1.41371
RMS 1.41371
RMS 1.41371
RMS 1.41371
RMS 1.41371
RMS 1.41371
RMS 1.41371
RMS 1.41371
RMS 1.41371
RMS 1.41371
RMS 1.41371
RMS 1.41371
RMS 1.41371
RMS 1.41371
RMS 1.41371
RMS 1.41371
RMS 1.41371
RMS 1.41371
RMS 1.41371
RMS 1.41371
RMS 1.41371
RMS 1.41371
RMS 1.41371
RMS 1.41371
RMS 1.41371
RMS 1.41371
RMS 1.41371
RMS 1.41371
RMS 1.41371
RMS 1.41371
RMS 1.41371
RMS 1.41371
RMS 1.41371
RMS 1.41371
RMS 1.41371
RMS 1.41371
RMS 1.41371
RMS 1.41371
RMS 1.41371
RMS 1.41371
RMS 1.41371
RMS 1.41371
RMS 1.41371
RMS 1.41371
RMS 1.41371
RMS 1.41371
RMS 1.41371
RMS 1.41371
RMS 1.41371
RMS 1.41371
RMS 1.41371
RMS 1.41371
RMS 1.41371
RMS 1.41371
RMS 1.41371
RMS 1.41371
RMS 1.41371
RMS 1.41371
RMS 1.41371
RMS 1.41371
RMS 1.41371
RMS 1.41371
RMS 1.41371
RMS 1.41371
RMS 1.41371
RMS 1.41371
RMS 1.41371
RMS 1.41371
RMS 1.41371
RMS 1.41371
RMS 1.41371
RMS 1.41371
RMS 1.41371
RMS 1.41371
RMS 1.41371
RMS 1.41371
RMS 1.41371
RMS 1.41371
RMS 1.41371
RMS 1.41371
RMS 1.41371
RMS 1.41371
RMS 1.41371
RMS 1.41371
RMS 1.41371
RMS 1.41371
RMS 1.41371
RMS 1.41371
RMS 1.41371
RMS 1.41371
RMS 1.41371
RMS 1.41371
RMS 1.41371
RMS 1.41371
RMS 1.41371
RMS 1.41371
RMS 1.41371
RMS 1.41371
RMS 1.41371
RMS 1.41371
RMS 1.41371
RMS 1.41371
RMS 1.41371
RMS 1.41371
RMS 1.41371
RMS 1.41371
RMS 1.41371
RMS 1.41371
RMS 1.41371
RMS 1.41371
RMS 1.41371
RMS 1.41371
RMS 1.41371
RMS 1.41371
RMS 1.41371
RMS 1.41371
RMS 1.41371
RMS 1.41371
RMS 1.41371
RMS 1.41371
RMS 1.41371
RMS 1.41371
RMS 1.41371
RMS 1.41371
RMS 1.41371
RMS 1.41371
RMS 1.41371
RMS 1.41371
RMS 1.41371
RMS 1.41371
RMS 1.41371
RMS 1.41371
RMS 1.41371
RMS 1.41371
RMS 1.41371
RMS 1.41371
RMS 1.41371
RMS 1.41371
RMS 1.41371
RMS 1.41371
RMS 1.41371
RMS 1.41371
RMS 1.41371
RMS 1.41371
RMS 1.41371
RMS 1.41371
RMS 1.41371
RMS 1.41371
RMS 1.41371
RMS 1.41371
RMS 1.41371
RMS 1.41371
RMS 1.41371
RMS 1.41371
RMS 1.41371
RMS 1.41371
RMS 1.41371
RMS 1.41371
RMS 1.41371
RMS 1.41371
RMS 1.41371
RMS 1.41371
RMS 1.41371
RMS 1.41371
RMS 1.41371
RMS 1.41371
RMS 1.41371
RMS 1.41371
RMS 1.41371
RMS 1.41371
RMS 1.41371
RMS 1.41371
RMS 1.41371
RMS 1.41371
RMS 1.41371
RMS 1.41371
RMS 1.41371
RMS 1.41371
RMS 1.41371
RMS 1.41371
RMS 1.41371
RMS 1.41371
RMS 1.41371
RMS 1.41371
RMS 1.41371
RMS 1.41371
RMS 1.41371
RMS 1.41371
RMS 1.41371
RMS 1.41371
RMS 1.41371
RMS 1.41371
RMS 1.41371
RMS 1.41371
RMS 1.41371
RMS 1.41371
RMS 1.41371
RMS 1.41371
RMS 1.41371
RMS 1.41371
RMS 1.41371
RMS 1.41371
RMS 1.41371
RMS 1.41371
RMS 1.41371
RMS 1.41371
RMS 1.41371
RMS 1.41371
RMS 1.41371
RMS 1.41371
RMS 1.41371
RMS 1.41371
RMS 1.41371
RMS 1.41371
RMS 1.41371
RMS 1.41371
RMS 1.41371
RMS 1.41371
RMS 1.41371
RMS 1.41371
RMS 1.41371
RMS 1.41371
RMS 1.41371
RMS 1.41371
RMS 1.41371
RMS 1.41371
RMS 1.41371
RMS 1.41371
RMS 1.41371
RMS 1.41371
RMS 1.41371
RMS 1.41371
RMS 1.41371
RMS 1.41371
RMS 1.41371
RMS 1.41371
RMS 1.41371
RMS 1.41371
RMS 1.41371
RMS 1.41371
RMS 1.41371
RMS 1.41371
RMS 1.41371
RMS 1.41371
RMS 1.41371
RMS 1.41371
RMS 1.41371
RMS 1.41371
RMS 1.41371
RMS 1.41371
RMS 1.41371
RMS 1.41371
RMS 1.41371
RMS 1.41371
RMS 1.41371
RMS 1.41371
RMS 1.41371
RMS 1.41371
RMS 1.41371
RMS 1.41371
RMS 1.41371
RMS 1.41371
RMS 1.41371
RMS 1.41371
RMS 1.41371
RMS 1.41371
RMS 1.41371
RMS 1.41371
RMS 1.41371
RMS 1.41371
RMS 1.41371
RMS 1.41371
RMS 1.41371
RMS 1.41371
RMS 1.41371
RMS 1.41371
RMS 1.41371
RMS 1.41371
RMS 1.41371
RMS 1.41371
RMS 1.41371
RMS 1.41371
RMS 1.41371
RMS 1.41371
RMS 1.41371
RMS 1.41371
RMS 1.41371
RMS 1.41371
RMS 1.41371
RMS 1.41371
RMS 1.41371
RMS 1.41371
RMS 1.41371
RMS 1.41371
RMS 1.41371
RMS 1.41371
RMS 1.41371
RMS 1.41371
RMS 1.41371
RMS 1.41371
RMS 1.41371
RMS 1.41371
RMS 1.41371
RMS 1.41371
RMS 1.41371
RMS 1.41371
RMS 1.41371
RMS 1.41371
RMS 1.41371
RMS 1.41371
RMS 1.41371
RMS 1.41371
RMS 1.41371
RMS 1.41371
RMS 1.41371
RMS 1.41371
RMS 1.41371
RMS 1.41371
RMS 1.41371
RMS 1.41371
RMS 1.41371
RMS 1.41371
RMS 1.41371
RMS 1.41371
RMS 1.41371
RMS 1.41371
RMS 1.41371
RMS 1.41371
RMS 1.41371
RMS 1.41371
RMS 1.41371
RMS 1.41371
RMS 1.41371
RMS 1.41371
RMS 1.41371
RMS 1.41371
RMS 1.41371
RMS 1.41371
RMS 1.41371
RMS 1.41371
RMS 1.41371
RMS 1.41371
RMS 1.41371
RMS 1.41371
RMS 1.41371
RMS 1.41371
RMS 1.41371
RMS 1.41371
RMS 1.41371
RMS 1.41371
RMS 1.41371
RMS 1.41371
RMS 1.41371
RMS 1.41371
RMS 1.41371
RMS 1.41371
RMS 1.41371
RMS 1.41371
RMS 1.41371
RMS 1.41371
RMS 1.41371
RMS 1.41371
RMS 1.41371
RMS 1.41371
RMS 1.41371
RMS 1.41371
RMS 1.41371
RMS 1.41371
RMS 1.41371
RMS 1.41371
RMS 1.41371
RMS 1.41371
RMS 1.41371
RMS 1.41371
RMS 1.41371
RMS 1.41371
RMS 1.41371
RMS 1.41371
RMS 1.41371
RMS 1.41371
RMS 1.41371
RMS 1.41371
RMS 1.41371
RMS 1.41371
RMS 1.41371
RMS 1.41371
RMS 1.41371
RMS 1.41371
RMS 1.41371
RMS 1.41371
RMS 1.41371
RMS 1.41371
RMS 1.41371
RMS 1.41371
RMS 1.41371
RMS 1.41371
RMS 1.41371
RMS 1.41371
RMS 1.41371
RMS 1.41371
RMS 1.41371
RMS 1.41371
RMS 1.41371
RMS 1.41371
RMS 1.41371
RMS 1.41371
RMS 1.41371
RMS 1.41371
RMS 1.41371
RMS 1.41371
RMS 1.41371
RMS 1.41371
RMS 1.41371
RMS 1.41371
RMS 1.41371
RMS 1.41371
RMS 1.41371
RMS 1.41371
RMS 1.41371
RMS 1.41371
RMS 1.41371
RMS 1.41371
RMS 1.41371
RMS 1.41371
RMS 1.41371
RMS 1.41371
RMS 1.41371
RMS 1.41371
RMS 1.41371
RMS 1.41371
RMS 1.41371
RMS 1.41371
RMS 1.41371
RMS 1.41371
RMS 1.41371
RMS 1.41371
RMS 1.41371
RMS 1.41371
RMS 1.41371
RMS 1.41371
RMS 1.41371
RMS 1.41371
RMS 1.41371
RMS 1.41371
RMS 1.41371
RMS 1.41371
RMS 1.41371
RMS 1.41371
RMS 1.41371
RMS 1.41371
RMS 1.41371
RMS 1.41371
RMS 1.41371
RMS 1.41371
RMS 1.41371
RMS 1.41371
RMS 1.41371
RMS 1.41371
RMS 1.41371
RMS 1.41371
RMS 1.41371
RMS 1.41371
RMS 1.41371
RMS 1.41371
RMS 1.41371
RMS 1.41371
RMS 1.41371
RMS 1.41371
RMS 1.41371
RMS 1.41371
RMS 1.41371
RMS 1.41371
RMS 1.41371
RMS 1.41371
RMS 1.41371
RMS 1.41371
RMS 1.41371
RMS 1.41371
RMS 1.41371
RMS 1.41371
RMS 1.41371
RMS 1.41371
RMS 1.41371
RMS 1.41371
RMS 1.41371
RMS 1.41371
RMS 1.41371
RMS 1.41371
RMS 1.41371
RMS 1.41371
RMS 1.41371
RMS 1.41371
RMS 1.41371
RMS 1.41371
RMS 1.41371
RMS 1.41371
RMS 1.41371
RMS 1.41371
RMS 1.41371
RMS 1.41371
RMS 1.41371
RMS 1.41371
RMS 1.41371
RMS 1.41371
RMS 1.41371
RMS 1.41371
RMS 1.41371
RMS 1.41371
RMS 1.41371
RMS 1.41371
RMS 1.41371
RMS 1.41371
RMS 1.41371
RMS 1.41371
RMS 1.41371
RMS 1.41371
RMS 1.41371
RMS 1.41371
RMS 1.41371
RMS 1.41371
RMS 1.41371
RMS 1.41371
RMS 1.41371
RMS 1.41371
RMS 1.41371
RMS 1.41371
RMS 1.41371
RMS 1.41371
RMS 1.41371
RMS 1.41371
RMS 1.41371
RMS 1.41371
RMS 1.41371
RMS 1.41371
RMS 1.41371
RMS 1.41371
RMS 1.41371
RMS 1.41371
RMS 1.41371
RMS 1.41371
RMS 1.41371
RMS 1.41371
RMS 1.41371
RMS 1.41371
RMS 1.41371
RMS 1.41371
RMS 1.41371
RMS 1.41371
RMS 1.41371
RMS 1.41371
RMS 1.41371
RMS 1.41371
RMS 1.41371
RMS 1.41371
RMS 1.41371
RMS 1.41371
RMS 1.41371
RMS 1.41371
RMS 1.41371
RMS 1.41371
RMS 1.41371
RMS 1.41371
RMS 1.41371
RMS 1.41371
RMS 1.41371
RMS 1.41371
RMS 1.41371
RMS 1.41371
RMS 1.41371
RMS 1.41371
RMS 1.41371
RMS 1.41371
RMS 1.41371
RMS 1.41371
RMS 1.41371
RMS 1.41371
RMS 1.41371
RMS 1.41371
RMS 1.41371
RMS 1.41371
RMS 1.41371
RMS 1.41371
RMS 1.41371
RMS 1.41371
RMS 1.41371
RMS 1.41371
RMS 1.41371
RMS 1.41371
RMS 1.41371
RMS 1.41371
RMS 1.41371
RMS 1.41371
RMS 1.41371
RMS 1.41371
RMS 1.41371
RMS 1.41371
RMS 1.41371
RMS 1.41371
RMS 1.41371
RMS 1.41371
RMS 1.41371
RMS 1.41371
RMS 1.41371
RMS 1.41371
RMS 1.41371
RMS 1.41371
RMS 1.41371
RMS 1.41371
RMS 1.41371
RMS 1.41371
RMS 1.41371
RMS 1.41371
RMS 1.41371
RMS 1.41371
RMS 1.41371
RMS 1.41371
RMS 1.41371
RMS 1.41371
RMS 1.41371
RMS 1.41371
RMS 1.41371
RMS 1.41371
RMS 1.41371
RMS 1.41371
RMS 1.41371
RMS 1.41371
RMS 1.41371
RMS 1.41371
RMS 1.41371
RMS 1.41371
RMS 1.41371
RMS 1.41371
RMS 1.41371
RMS 1.41371
RMS 1.41371
RMS 1.41371
RMS 1.41371
RMS 1.41371
RMS 1.41371
RMS 1.41371
RMS 1.41371
RMS 1.41371
RMS 1.41371
RMS 1.41371
RMS 1.41371
RMS 1.41371
RMS 1.41371
RMS 1.41371
RMS 1.41371
RMS 1.41371
RMS 1.41371
RMS 1.41371
RMS 1.41371
RMS 1.41371
RMS 1.41371
RMS 1.41371
RMS 1.41371
RMS 1.41371
RMS 1.41371
RMS 1.41371
RMS 1.41371
RMS 1.41371
RMS 1.41371
RMS 1.41371
RMS 1.41371
RMS 1.41371
RMS 1.41371
RMS 1.41371
RMS 1.41371
RMS 1.41371
RMS 1.41371
RMS 1.41371
RMS 1.41371
RMS 1.41371
RMS 1.41371
RMS 1.41371
RMS 1.41371
RMS 1.41371
RMS 1.41371
RMS 1.41371
RMS 1.41371
RMS 1.41371
RMS 1.41371
RMS 1.41371
RMS 1.41371
RMS 1.41371
RMS 1.41371
RMS 1.41371
RMS 1.41371
RMS 1.41371
RMS 1.41371
RMS 1.41371
RMS 1.41371
RMS 1.41371
RMS 1.41371
RMS 1.41371
RMS 1.41371
RMS 1.41371
RMS 1.41371
RMS 1.41371
RMS 1.41371
RMS 1.41371
RMS 1.41371
RMS 1.41371
RMS 1.41371
RMS 1.41371
RMS 1.41371
RMS 1.41371
RMS 1.41371
RMS 1.41371
RMS 1.41371
RMS 1.41371
RMS 1.41371
RMS 1.41371
RMS 1.41371
RMS 1.41371
RMS 1.41371
RMS 1.41371
RMS 1.41371
RMS 1.41371
RMS 1.41371
RMS 1.41371
RMS 1.41371
RMS 1.41371
RMS 1.41371
RMS 1.41371
RMS 1.41371
RMS 1.41371
RMS 1.41371
RMS 1.41371
RMS 1.41371
RMS 1.41371
RMS 1.41371
RMS 1.41371
RMS 1.41371
RMS 1.41371
RMS 1.41371
RMS 1.41371
RMS 1.41371
RMS 1.41371
RMS 1.41371
RMS 1.41371
RMS 1.41371
RMS 1.41371
RMS 1.41371
RMS 1.41371
RMS 1.41371
RMS 1.41371
RMS 1.41371
RMS 1.41371
RMS 1.41371
RMS 1.41371
RMS 1.41371
RMS 1.41371
RMS 1.41371
RMS 1.41371
RMS 1.41371
RMS 1.41371
RMS 1.41371
RMS 1.41371
RMS 1.41371
RMS 1.41371
RMS 1.41371
RMS 1.41371
RMS 1.41371
RMS 1.41371
RMS 1.41371
RMS 1.41371
RMS 1.41371
RMS 1.41371
RMS 1.41371
RMS 1.41371
RMS 1.41371
RMS 1.41371
RMS 1.41371
RMS 1.41371
RMS 1.41371
RMS 1.41371
RMS 1.41371
RMS 1.41371
RMS 1.41371
RMS 1.41371
RMS 1.41371
RMS 1.41371
RMS 1.41371
RMS 1.41371
RMS 1.41371
RMS 1.41371
RMS 1.41371
RMS 1.41371
RMS 1.41371
RMS 1.41371
RMS 1.41371
RMS 1.41371
RMS 1.41371
RMS 1.41371
RMS 1.41371
RMS 1.41371
RMS 1.41371
RMS 1.41371
RMS 1.41371
RMS 1.41371
RMS 1.41371
RMS 1.41371
RMS 1.41371
RMS 1.41371
RMS 1.41371
RMS 1.41371
RMS 1.41371
RMS 1.41371
RMS 1.41371
RMS 1.41371
RMS 1.41371
RMS 1.41371
RMS 1.41371
RMS 1.41371
RMS 1.41371
RMS 1.41371
RMS 1.41371
RMS 1.41371
RMS 1.41371
RMS 1.41371
RMS 1.41371
RMS 1.41371
RMS 1.41371
RMS 1.41371
RMS 1.41371
RMS 1.41371
RMS 1.41371
RMS 1.41371
RMS 1.41371
RMS 1.41371
RMS 1.41371
RMS 1.41371
RMS 1.41371
RMS 1.41371
RMS 1.41371
RMS 1.41371
RMS 1.41371
RMS 1.41371
RMS 1.41371
RMS 1.41371
RMS 1.41371
RMS 1.41371
RMS 1.41371
RMS 1.41371
RMS 1.41371
RMS 1.41371
RMS 1.41371
RMS 1.41371
RMS 1.41371
RMS 1.41371
RMS 1.41371
RMS 1.41371
RMS 1.41371
RMS 1.41371
RMS 1.41371
RMS 1.41371
RMS 1.41371
RMS 1.41371
RMS 1.41371
RMS 1.41371
RMS 1.41371
RMS 1.41371
RMS 1.41371
RMS 1.41371
RMS 1.41371
RMS 1.41371
RMS 1.41371
RMS 1.41371
RMS 1.41371
RMS 1.41371
RMS 1.41371
RMS 1.41371
RMS 1.41371
RMS 1.41371
RMS 1.41371
RMS 1.41371
RMS 1.41371
RMS 1.41371
RMS 1.41371
RMS 1.41371
RMS 1.41371
RMS 1.41371
RMS 1.41371
RMS 1.41371
RMS 1.41371
RMS 1.41371
RMS 1.41371
RMS 1.41371
RMS 1.41371

##################TEST##################
Test : ACIERTOS = 240 49%
Test FALLOS = 250 51%
