-0.43 -0.15 0.48 -0.17 -0.01 -0.44 0.34 0.28 -0.28 
-0.07 -0.44 -0.13 0.03 0.12 0.40 -0.47 -0.14 0.09 
-0.43 0.26 0.21 -0.19 -0.06 -0.34 0.02 -0.08 0.43 
0.23 0.39 0.12 0.08 0.46 0.47 0.06 -0.21 -0.04 
0.12 -0.37 -0.26 0.34 0.06 -0.20 -0.28 -0.41 0.41 
-0.38 -0.38 -0.23 0.21 -0.31 -0.47 -0.08 -0.00 -0.03 
0.08 -0.48 0.39 0.01 0.25 0.28 -0.37 -0.18 0.23 
-0.41 0.38 -0.48 0.05 0.00 -0.35 0.29 -0.15 0.21 
-0.41 0.06 0.30 0.50 0.18 0.42 -0.23 -0.11 -0.39 
-0.21 0.30 0.11 0.26 -0.12 0.13 0.16 0.40 -0.13 
-0.07 -0.48 0.20 -0.33 -0.39 0.08 -0.31 0.17 -0.42 
-0.16 -0.04 -0.07 -0.44 0.05 0.49 0.36 0.04 0.17 0.28 0.31 

##################LEARN##################
RMS 1.08187
RMS 0.33836
RMS 0.17095
RMS 0.12877
RMS 0.11194
RMS 0.10313
RMS 0.09767
RMS 0.09388
RMS 0.09104
RMS 0.08878
RMS 0.08690
RMS 0.08529
RMS 0.08388
RMS 0.08262
RMS 0.08148
RMS 0.08043
RMS 0.07948
RMS 0.07859
RMS 0.07776
RMS 0.07699
RMS 0.07627
RMS 0.07559
RMS 0.07495
RMS 0.07435
RMS 0.07378
RMS 0.07324
RMS 0.07274
RMS 0.07226
RMS 0.07180
RMS 0.07137
RMS 0.07096
RMS 0.07058
RMS 0.07021
RMS 0.06985
RMS 0.06952
RMS 0.06920
RMS 0.06890
RMS 0.06860
RMS 0.06833
RMS 0.06806
RMS 0.06780
RMS 0.06756
RMS 0.06732
RMS 0.06710
RMS 0.06688
RMS 0.06667
RMS 0.06647
RMS 0.06628
RMS 0.06609
RMS 0.06591
RMS 0.06573
RMS 0.06556
RMS 0.06539
RMS 0.06523
RMS 0.06508
RMS 0.06493
RMS 0.06478
RMS 0.06464
RMS 0.06450
RMS 0.06436
RMS 0.06423
RMS 0.06410
RMS 0.06398
RMS 0.06385
RMS 0.06373
RMS 0.06362
RMS 0.06350
RMS 0.06339
RMS 0.06328
RMS 0.06317
RMS 0.06307
RMS 0.06296
RMS 0.06286
RMS 0.06276
RMS 0.06266
RMS 0.06256
RMS 0.06247
RMS 0.06238
RMS 0.06228
RMS 0.06219
RMS 0.06210
RMS 0.06202
RMS 0.06193
RMS 0.06185
RMS 0.06176
RMS 0.06168
RMS 0.06160
RMS 0.06152
RMS 0.06144
RMS 0.06136
RMS 0.06128
RMS 0.06120
RMS 0.06113
RMS 0.06105
RMS 0.06098
RMS 0.06091
RMS 0.06083
RMS 0.06076
RMS 0.06069
RMS 0.06062
RMS 0.06055
RMS 0.06048
RMS 0.06042
RMS 0.06035
RMS 0.06028
RMS 0.06022
RMS 0.06015
RMS 0.06008
RMS 0.06002
RMS 0.05996
RMS 0.05989
RMS 0.05983
RMS 0.05977
RMS 0.05970
RMS 0.05964
RMS 0.05958
RMS 0.05952
RMS 0.05946
RMS 0.05940
RMS 0.05934
RMS 0.05928
RMS 0.05922
RMS 0.05916
RMS 0.05910
RMS 0.05904
RMS 0.05898
RMS 0.05892
RMS 0.05887
RMS 0.05881
RMS 0.05875
RMS 0.05869
RMS 0.05864
RMS 0.05858
RMS 0.05852
RMS 0.05847
RMS 0.05841
RMS 0.05835
RMS 0.05830
RMS 0.05824
RMS 0.05819
RMS 0.05813
RMS 0.05807
RMS 0.05802
RMS 0.05796
RMS 0.05791
RMS 0.05785
RMS 0.05780
RMS 0.05774
RMS 0.05769
RMS 0.05763
RMS 0.05758
RMS 0.05752
RMS 0.05747
RMS 0.05741
RMS 0.05736
RMS 0.05730
RMS 0.05724
RMS 0.05719
RMS 0.05713
RMS 0.05708
RMS 0.05702
RMS 0.05697
RMS 0.05691
RMS 0.05686
RMS 0.05680
RMS 0.05675
RMS 0.05669
RMS 0.05663
RMS 0.05658
RMS 0.05652
RMS 0.05647
RMS 0.05641
RMS 0.05635
RMS 0.05630
RMS 0.05624
RMS 0.05618
RMS 0.05613
RMS 0.05607
RMS 0.05601
RMS 0.05595
RMS 0.05590
RMS 0.05584
RMS 0.05578
RMS 0.05572
RMS 0.05567
RMS 0.05561
RMS 0.05555
RMS 0.05549
RMS 0.05543
RMS 0.05537
RMS 0.05531
RMS 0.05525
RMS 0.05519
RMS 0.05513
RMS 0.05507
RMS 0.05501
RMS 0.05495
RMS 0.05489
RMS 0.05483
RMS 0.05477
RMS 0.05471
RMS 0.05465
RMS 0.05458
RMS 0.05452
RMS 0.05446
RMS 0.05440
RMS 0.05434
RMS 0.05427
RMS 0.05421
RMS 0.05415
RMS 0.05408
RMS 0.05402
RMS 0.05395
RMS 0.05389
RMS 0.05382
RMS 0.05376
RMS 0.05369
RMS 0.05363
RMS 0.05356
RMS 0.05350
RMS 0.05343
RMS 0.05336
RMS 0.05330
RMS 0.05323
RMS 0.05316
RMS 0.05309
RMS 0.05303
RMS 0.05296
RMS 0.05289
RMS 0.05282
RMS 0.05275
RMS 0.05268
RMS 0.05261
RMS 0.05254
RMS 0.05247
RMS 0.05240
RMS 0.05233
RMS 0.05226
RMS 0.05219
RMS 0.05212
RMS 0.05205
RMS 0.05198
RMS 0.05190
RMS 0.05183
RMS 0.05176
RMS 0.05169
RMS 0.05161
RMS 0.05154
RMS 0.05147
RMS 0.05139
RMS 0.05132
RMS 0.05124
RMS 0.05117
RMS 0.05109
RMS 0.05102
RMS 0.05094
RMS 0.05087
RMS 0.05079
RMS 0.05072
RMS 0.05064
RMS 0.05056
RMS 0.05049
RMS 0.05041
RMS 0.05033
RMS 0.05025
RMS 0.05018
RMS 0.05010
RMS 0.05002
RMS 0.04994
RMS 0.04986
RMS 0.04978
RMS 0.04970
RMS 0.04963
RMS 0.04955
RMS 0.04947
RMS 0.04939
RMS 0.04931
RMS 0.04923
RMS 0.04915
RMS 0.04906
RMS 0.04898
RMS 0.04890
RMS 0.04882
RMS 0.04874
RMS 0.04866
RMS 0.04858
RMS 0.04850
RMS 0.04841
RMS 0.04833
RMS 0.04825
RMS 0.04817
RMS 0.04808
RMS 0.04800
RMS 0.04792
RMS 0.04784
RMS 0.04775
RMS 0.04767
RMS 0.04759
RMS 0.04750
RMS 0.04742
RMS 0.04734
RMS 0.04725
RMS 0.04717
RMS 0.04709
RMS 0.04700
RMS 0.04692
RMS 0.04683
RMS 0.04675
RMS 0.04666
RMS 0.04658
RMS 0.04650
RMS 0.04641
RMS 0.04633
RMS 0.04624
RMS 0.04616
RMS 0.04607
RMS 0.04599
RMS 0.04591
RMS 0.04582
RMS 0.04574
RMS 0.04565
RMS 0.04557
RMS 0.04548
RMS 0.04540
RMS 0.04531
RMS 0.04523
RMS 0.04514
RMS 0.04506
RMS 0.04497
RMS 0.04489
RMS 0.04481
RMS 0.04472
RMS 0.04464
RMS 0.04455
RMS 0.04447
RMS 0.04438
RMS 0.04430
RMS 0.04421
RMS 0.04413
RMS 0.04405
RMS 0.04396
RMS 0.04388
RMS 0.04380
RMS 0.04371
RMS 0.04363
RMS 0.04354
RMS 0.04346
RMS 0.04338
RMS 0.04329
RMS 0.04321
RMS 0.04313
RMS 0.04305
RMS 0.04296
RMS 0.04288
RMS 0.04280
RMS 0.04272
RMS 0.04263
RMS 0.04255
RMS 0.04247
RMS 0.04239
RMS 0.04231
RMS 0.04222
RMS 0.04214
RMS 0.04206
RMS 0.04198
RMS 0.04190
RMS 0.04182
RMS 0.04174
RMS 0.04166
RMS 0.04158
RMS 0.04150
RMS 0.04142
RMS 0.04134
RMS 0.04126
RMS 0.04118
RMS 0.04110
RMS 0.04102
RMS 0.04095
RMS 0.04087
RMS 0.04079
RMS 0.04071
RMS 0.04063
RMS 0.04056
RMS 0.04048
RMS 0.04040
RMS 0.04033
RMS 0.04025
RMS 0.04017
RMS 0.04010
RMS 0.04002
RMS 0.03995
RMS 0.03987
RMS 0.03979
RMS 0.03972
RMS 0.03965
RMS 0.03957
RMS 0.03950
RMS 0.03942
RMS 0.03935
RMS 0.03928
RMS 0.03920
RMS 0.03913
RMS 0.03906
RMS 0.03899
RMS 0.03891
RMS 0.03884
RMS 0.03877
RMS 0.03870
RMS 0.03863
RMS 0.03856
RMS 0.03849
RMS 0.03842
RMS 0.03835
RMS 0.03828
RMS 0.03821
RMS 0.03814
RMS 0.03807
RMS 0.03800
RMS 0.03793
RMS 0.03786
RMS 0.03780
RMS 0.03773
RMS 0.03766
RMS 0.03759
RMS 0.03753
RMS 0.03746
RMS 0.03740
RMS 0.03733
RMS 0.03726
RMS 0.03720
RMS 0.03713
RMS 0.03707
RMS 0.03700
RMS 0.03694
RMS 0.03688
RMS 0.03681
RMS 0.03675
RMS 0.03668
RMS 0.03662
RMS 0.03656
RMS 0.03650
RMS 0.03643
RMS 0.03637
RMS 0.03631
RMS 0.03625
RMS 0.03619
RMS 0.03613
RMS 0.03607
RMS 0.03601
RMS 0.03595
RMS 0.03589
RMS 0.03583
RMS 0.03577
RMS 0.03571
RMS 0.03565
RMS 0.03559
RMS 0.03553
RMS 0.03547
RMS 0.03542
RMS 0.03536
RMS 0.03530
RMS 0.03524
RMS 0.03519
RMS 0.03513
RMS 0.03507
RMS 0.03502
RMS 0.03496
RMS 0.03491
RMS 0.03485
RMS 0.03479
RMS 0.03474
RMS 0.03468
RMS 0.03463
RMS 0.03458
RMS 0.03452
RMS 0.03447
RMS 0.03441
RMS 0.03436
RMS 0.03431
RMS 0.03425
RMS 0.03420
RMS 0.03415
RMS 0.03410
RMS 0.03404
RMS 0.03399
RMS 0.03394
RMS 0.03389
RMS 0.03384
RMS 0.03379
RMS 0.03374
RMS 0.03368
RMS 0.03363
RMS 0.03358
RMS 0.03353
RMS 0.03348
RMS 0.03343
RMS 0.03338
RMS 0.03334
RMS 0.03329
RMS 0.03324
RMS 0.03319
RMS 0.03314
RMS 0.03309
RMS 0.03304
RMS 0.03300
RMS 0.03295
RMS 0.03290
RMS 0.03285
RMS 0.03281
RMS 0.03276
RMS 0.03271
RMS 0.03266
RMS 0.03262
RMS 0.03257
RMS 0.03253
RMS 0.03248
RMS 0.03243
RMS 0.03239
RMS 0.03234
RMS 0.03230
RMS 0.03225
RMS 0.03221
RMS 0.03216
RMS 0.03212
RMS 0.03207
RMS 0.03203
RMS 0.03198
RMS 0.03194
RMS 0.03190
RMS 0.03185
RMS 0.03181
RMS 0.03176
RMS 0.03172
RMS 0.03168
RMS 0.03164
RMS 0.03159
RMS 0.03155
RMS 0.03151
RMS 0.03146
RMS 0.03142
RMS 0.03138
RMS 0.03134
RMS 0.03130
RMS 0.03125
RMS 0.03121
RMS 0.03117
RMS 0.03113
RMS 0.03109
RMS 0.03105
RMS 0.03101
RMS 0.03097
RMS 0.03093
RMS 0.03088
RMS 0.03084
RMS 0.03080
RMS 0.03076
RMS 0.03072
RMS 0.03068
RMS 0.03064
RMS 0.03060
RMS 0.03056
RMS 0.03053
RMS 0.03049
RMS 0.03045
RMS 0.03041
RMS 0.03037
RMS 0.03033
RMS 0.03029
RMS 0.03025
RMS 0.03021
RMS 0.03018
RMS 0.03014
RMS 0.03010
RMS 0.03006
RMS 0.03002
RMS 0.02999
RMS 0.02995
RMS 0.02991
RMS 0.02987
RMS 0.02983
RMS 0.02980
RMS 0.02976
RMS 0.02972
RMS 0.02969
RMS 0.02965
RMS 0.02961
RMS 0.02958
RMS 0.02954
RMS 0.02950
RMS 0.02947
RMS 0.02943
RMS 0.02939
RMS 0.02936
RMS 0.02932
RMS 0.02929
RMS 0.02925
RMS 0.02921
RMS 0.02918
RMS 0.02914
RMS 0.02911
RMS 0.02907
RMS 0.02904
RMS 0.02900
RMS 0.02897
RMS 0.02893
RMS 0.02890
RMS 0.02886
RMS 0.02883
RMS 0.02879
RMS 0.02876
RMS 0.02872
RMS 0.02869
RMS 0.02865
RMS 0.02862
RMS 0.02859
RMS 0.02855
RMS 0.02852
RMS 0.02848
RMS 0.02845
RMS 0.02842
RMS 0.02838
RMS 0.02835
RMS 0.02832
RMS 0.02828
RMS 0.02825
RMS 0.02822
RMS 0.02818
RMS 0.02815
RMS 0.02812
RMS 0.02808
RMS 0.02805
RMS 0.02802
RMS 0.02799
RMS 0.02795
RMS 0.02792
RMS 0.02789
RMS 0.02786
RMS 0.02782
RMS 0.02779
RMS 0.02776
RMS 0.02773
RMS 0.02769
RMS 0.02766
RMS 0.02763
RMS 0.02760
RMS 0.02757
RMS 0.02754
RMS 0.02750
RMS 0.02747
RMS 0.02744
RMS 0.02741
RMS 0.02738
RMS 0.02735
RMS 0.02732
RMS 0.02729
RMS 0.02725
RMS 0.02722
RMS 0.02719
RMS 0.02716
RMS 0.02713
RMS 0.02710
RMS 0.02707
RMS 0.02704
RMS 0.02701
RMS 0.02698
RMS 0.02695
RMS 0.02692
RMS 0.02689
RMS 0.02686
RMS 0.02683
RMS 0.02680
RMS 0.02677
RMS 0.02674
RMS 0.02671
RMS 0.02668
RMS 0.02665
RMS 0.02662
RMS 0.02659
RMS 0.02656
RMS 0.02653
RMS 0.02650
RMS 0.02647
RMS 0.02644
RMS 0.02641
RMS 0.02639
RMS 0.02636
RMS 0.02633
RMS 0.02630
RMS 0.02627
RMS 0.02624
RMS 0.02621
RMS 0.02618
RMS 0.02616
RMS 0.02613
RMS 0.02610
RMS 0.02607
RMS 0.02604
RMS 0.02601
RMS 0.02599
RMS 0.02596
RMS 0.02593
RMS 0.02590
RMS 0.02587
RMS 0.02585
RMS 0.02582
RMS 0.02579
RMS 0.02576
RMS 0.02574
RMS 0.02571
RMS 0.02568
RMS 0.02565
RMS 0.02563
RMS 0.02560
RMS 0.02557
RMS 0.02554
RMS 0.02552
RMS 0.02549
RMS 0.02546
RMS 0.02544
RMS 0.02541
RMS 0.02538
RMS 0.02536
RMS 0.02533
RMS 0.02530
RMS 0.02528
RMS 0.02525
RMS 0.02522
RMS 0.02520
RMS 0.02517
RMS 0.02514
RMS 0.02512
RMS 0.02509
RMS 0.02507
RMS 0.02504
RMS 0.02501
RMS 0.02499
RMS 0.02496
RMS 0.02494
RMS 0.02491
RMS 0.02489
RMS 0.02486
RMS 0.02483
RMS 0.02481
RMS 0.02478
RMS 0.02476
RMS 0.02473
RMS 0.02471
RMS 0.02468
RMS 0.02466
RMS 0.02463
RMS 0.02461
RMS 0.02458
RMS 0.02456
RMS 0.02453
RMS 0.02451
RMS 0.02448
RMS 0.02446
RMS 0.02444
RMS 0.02441
RMS 0.02439
RMS 0.02436
RMS 0.02434
RMS 0.02431
RMS 0.02429
RMS 0.02427
RMS 0.02424
RMS 0.02422
RMS 0.02419
RMS 0.02417
RMS 0.02415
RMS 0.02412
RMS 0.02410
RMS 0.02408
RMS 0.02405
RMS 0.02403
RMS 0.02401
RMS 0.02398
RMS 0.02396
RMS 0.02394
RMS 0.02391
RMS 0.02389
RMS 0.02387
RMS 0.02384
RMS 0.02382
RMS 0.02380
RMS 0.02378
RMS 0.02375
RMS 0.02373
RMS 0.02371
RMS 0.02368
RMS 0.02366
RMS 0.02364
RMS 0.02362
RMS 0.02359
RMS 0.02357
RMS 0.02355
RMS 0.02353
RMS 0.02351
RMS 0.02348
RMS 0.02346
RMS 0.02344
RMS 0.02342
RMS 0.02340
RMS 0.02338
RMS 0.02335
RMS 0.02333
RMS 0.02331
RMS 0.02329
RMS 0.02327
RMS 0.02325
RMS 0.02323
RMS 0.02320
RMS 0.02318
RMS 0.02316
RMS 0.02314
RMS 0.02312
RMS 0.02310
RMS 0.02308
RMS 0.02306
RMS 0.02304
RMS 0.02302
RMS 0.02299
RMS 0.02297
RMS 0.02295
RMS 0.02293
RMS 0.02291
RMS 0.02289
RMS 0.02287
RMS 0.02285
RMS 0.02283
RMS 0.02281
RMS 0.02279
RMS 0.02277
RMS 0.02275
RMS 0.02273
RMS 0.02271
RMS 0.02269
RMS 0.02267
RMS 0.02265
RMS 0.02263
RMS 0.02261
RMS 0.02259
RMS 0.02257
RMS 0.02256
RMS 0.02254
RMS 0.02252
RMS 0.02250
RMS 0.02248
RMS 0.02246
RMS 0.02244
RMS 0.02242
RMS 0.02240
RMS 0.02238
RMS 0.02236
RMS 0.02235
RMS 0.02233
RMS 0.02231
RMS 0.02229
RMS 0.02227
RMS 0.02225
RMS 0.02223
RMS 0.02222
RMS 0.02220
RMS 0.02218
RMS 0.02216
RMS 0.02214
RMS 0.02213
RMS 0.02211
RMS 0.02209
RMS 0.02207
RMS 0.02205
RMS 0.02204
RMS 0.02202
RMS 0.02200
RMS 0.02198
RMS 0.02197
RMS 0.02195
RMS 0.02193
RMS 0.02191
RMS 0.02190
RMS 0.02188
RMS 0.02186
RMS 0.02184
RMS 0.02183
RMS 0.02181
RMS 0.02179
RMS 0.02178
RMS 0.02176
RMS 0.02174
RMS 0.02172
RMS 0.02171
RMS 0.02169
RMS 0.02167
RMS 0.02166
RMS 0.02164
RMS 0.02162
RMS 0.02161
RMS 0.02159
RMS 0.02158
RMS 0.02156
RMS 0.02154
RMS 0.02153
RMS 0.02151
RMS 0.02149
RMS 0.02148
RMS 0.02146
RMS 0.02145
RMS 0.02143
RMS 0.02141
RMS 0.02140
RMS 0.02138
RMS 0.02137
RMS 0.02135
RMS 0.02134
RMS 0.02132
RMS 0.02130
RMS 0.02129
RMS 0.02127
RMS 0.02126
RMS 0.02124
RMS 0.02123
RMS 0.02121
RMS 0.02120
RMS 0.02118
RMS 0.02117
RMS 0.02115
RMS 0.02114
RMS 0.02112
RMS 0.02111
RMS 0.02109
RMS 0.02108
RMS 0.02106
RMS 0.02105
RMS 0.02103
RMS 0.02102
RMS 0.02100
RMS 0.02099
RMS 0.02097
RMS 0.02096
RMS 0.02095
RMS 0.02093
RMS 0.02092
RMS 0.02090
RMS 0.02089
RMS 0.02087
RMS 0.02086
RMS 0.02085
RMS 0.02083
RMS 0.02082
RMS 0.02080
RMS 0.02079
RMS 0.02078
RMS 0.02076
RMS 0.02075
RMS 0.02074
RMS 0.02072
RMS 0.02071
RMS 0.02069
RMS 0.02068
RMS 0.02067
RMS 0.02065
RMS 0.02064
RMS 0.02063
RMS 0.02061
RMS 0.02060
RMS 0.02059
RMS 0.02057
RMS 0.02056
RMS 0.02055
RMS 0.02053
RMS 0.02052
RMS 0.02051
RMS 0.02050
RMS 0.02048
RMS 0.02047
RMS 0.02046
RMS 0.02044
RMS 0.02043
RMS 0.02042
RMS 0.02041
RMS 0.02039
RMS 0.02038
RMS 0.02037
RMS 0.02036
RMS 0.02034
RMS 0.02033
RMS 0.02032
RMS 0.02031
RMS 0.02029
RMS 0.02028
RMS 0.02027
RMS 0.02026
RMS 0.02024
RMS 0.02023
RMS 0.02022
RMS 0.02021
RMS 0.02020
RMS 0.02018
RMS 0.02017
RMS 0.02016

##################TEST##################
Test : ACIERTOS = 461 94%
Test FALLOS = 29 6%
