-0.29 -0.17 0.09 -0.41 
0.38 -0.08 -0.12 0.25 
-0.26 -0.16 0.25 -0.27 
0.45 0.12 -0.18 0.19 
-0.28 0.24 -0.03 0.26 
-0.14 0.48 -0.47 0.13 
0.32 -0.15 -0.39 0.24 
-0.40 0.14 0.22 -0.19 
0.46 -0.20 -0.10 0.35 
0.22 0.28 0.10 0.46 -0.39 -0.15 -0.31 -0.43 0.47 
0.01 0.26 -0.31 -0.25 -0.27 0.45 0.11 -0.29 0.48 
-0.27 -0.46 -0.17 -0.16 0.27 -0.08 0.48 -0.01 0.23 
0.44 0.29 -0.37 0.29 0.02 0.40 -0.11 -0.02 -0.48 0.24 0.17 -0.41 

##################LEARN##################
RMS 2.33594
RMS 1.83247
RMS 1.52004
RMS 1.34767
RMS 1.26539
RMS 1.22012
RMS 1.18872
RMS 1.16261
RMS 1.13832
RMS 1.11429
RMS 1.08980
RMS 1.06455
RMS 1.03848
RMS 1.01167
RMS 0.98414
RMS 0.95582
RMS 0.92651
RMS 0.89606
RMS 0.86442
RMS 0.83178
RMS 0.79852
RMS 0.76515
RMS 0.73221
RMS 0.70019
RMS 0.66953
RMS 0.64055
RMS 0.61349
RMS 0.58850
RMS 0.56563
RMS 0.54491
RMS 0.52632
RMS 0.50982
RMS 0.49533
RMS 0.48276
RMS 0.47196
RMS 0.46276
RMS 0.45496
RMS 0.44834
RMS 0.44268
RMS 0.43777
RMS 0.43343
RMS 0.42951
RMS 0.42586
RMS 0.42242
RMS 0.41911
RMS 0.41590
RMS 0.41279
RMS 0.40975
RMS 0.40680
RMS 0.40393
RMS 0.40116
RMS 0.39850
RMS 0.39596
RMS 0.39355
RMS 0.39129
RMS 0.38921
RMS 0.38733
RMS 0.38569
RMS 0.38432
RMS 0.38329
RMS 0.38265
RMS 0.38245
RMS 0.38277
RMS 0.38365
RMS 0.38512
RMS 0.38714
RMS 0.38963
RMS 0.39238
RMS 0.39512
RMS 0.39752
RMS 0.39928
RMS 0.40023
RMS 0.40031
RMS 0.39959
RMS 0.39820
RMS 0.39631
RMS 0.39405
RMS 0.39154
RMS 0.38889
RMS 0.38615
RMS 0.38338
RMS 0.38060
RMS 0.37785
RMS 0.37514
RMS 0.37247
RMS 0.36987
RMS 0.36732
RMS 0.36484
RMS 0.36243
RMS 0.36009
RMS 0.35783
RMS 0.35564
RMS 0.35353
RMS 0.35149
RMS 0.34954
RMS 0.34767
RMS 0.34587
RMS 0.34415
RMS 0.34251
RMS 0.34095
RMS 0.33945
RMS 0.33803
RMS 0.33667
RMS 0.33537
RMS 0.33414
RMS 0.33297
RMS 0.33185
RMS 0.33078
RMS 0.32977
RMS 0.32880
RMS 0.32788
RMS 0.32700
RMS 0.32617
RMS 0.32537
RMS 0.32462
RMS 0.32390
RMS 0.32321
RMS 0.32256
RMS 0.32194
RMS 0.32135
RMS 0.32079
RMS 0.32026
RMS 0.31976
RMS 0.31929
RMS 0.31884
RMS 0.31842
RMS 0.31802
RMS 0.31764
RMS 0.31729
RMS 0.31696
RMS 0.31665
RMS 0.31636
RMS 0.31608
RMS 0.31583
RMS 0.31559
RMS 0.31537
RMS 0.31516
RMS 0.31497
RMS 0.31479
RMS 0.31462
RMS 0.31445
RMS 0.31430
RMS 0.31416
RMS 0.31402
RMS 0.31388
RMS 0.31374
RMS 0.31361
RMS 0.31348
RMS 0.31334
RMS 0.31320
RMS 0.31306
RMS 0.31291
RMS 0.31275
RMS 0.31258
RMS 0.31240
RMS 0.31222
RMS 0.31202
RMS 0.31181
RMS 0.31158
RMS 0.31135
RMS 0.31110
RMS 0.31084
RMS 0.31056
RMS 0.31027
RMS 0.30997
RMS 0.30965
RMS 0.30933
RMS 0.30899
RMS 0.30864
RMS 0.30828
RMS 0.30791
RMS 0.30752
RMS 0.30713
RMS 0.30674
RMS 0.30633
RMS 0.30592
RMS 0.30550
RMS 0.30508
RMS 0.30465
RMS 0.30421
RMS 0.30378
RMS 0.30334
RMS 0.30290
RMS 0.30245
RMS 0.30201
RMS 0.30156
RMS 0.30111
RMS 0.30066
RMS 0.30022
RMS 0.29977
RMS 0.29932
RMS 0.29888
RMS 0.29843
RMS 0.29799
RMS 0.29755
RMS 0.29711
RMS 0.29667
RMS 0.29623
RMS 0.29580
RMS 0.29537
RMS 0.29494
RMS 0.29451
RMS 0.29408
RMS 0.29366
RMS 0.29324
RMS 0.29282
RMS 0.29241
RMS 0.29200
RMS 0.29158
RMS 0.29118
RMS 0.29077
RMS 0.29037
RMS 0.28997
RMS 0.28957
RMS 0.28918
RMS 0.28878
RMS 0.28839
RMS 0.28801
RMS 0.28762
RMS 0.28724
RMS 0.28686
RMS 0.28648
RMS 0.28610
RMS 0.28573
RMS 0.28536
RMS 0.28499
RMS 0.28462
RMS 0.28426
RMS 0.28389
RMS 0.28353
RMS 0.28317
RMS 0.28282
RMS 0.28246
RMS 0.28211
RMS 0.28176
RMS 0.28141
RMS 0.28107
RMS 0.28072
RMS 0.28038
RMS 0.28004
RMS 0.27970
RMS 0.27937
RMS 0.27903
RMS 0.27870
RMS 0.27837
RMS 0.27804
RMS 0.27771
RMS 0.27738
RMS 0.27706
RMS 0.27674
RMS 0.27641
RMS 0.27610
RMS 0.27578
RMS 0.27546
RMS 0.27515
RMS 0.27483
RMS 0.27452
RMS 0.27421
RMS 0.27390
RMS 0.27359
RMS 0.27329
RMS 0.27298
RMS 0.27268
RMS 0.27238
RMS 0.27208
RMS 0.27178
RMS 0.27148
RMS 0.27118
RMS 0.27089
RMS 0.27059
RMS 0.27030
RMS 0.27001
RMS 0.26972
RMS 0.26943
RMS 0.26914
RMS 0.26886
RMS 0.26857
RMS 0.26829
RMS 0.26800
RMS 0.26772
RMS 0.26744
RMS 0.26716
RMS 0.26688
RMS 0.26661
RMS 0.26633
RMS 0.26606
RMS 0.26578
RMS 0.26551
RMS 0.26524
RMS 0.26497
RMS 0.26470
RMS 0.26443
RMS 0.26417
RMS 0.26390
RMS 0.26363
RMS 0.26337
RMS 0.26311
RMS 0.26285
RMS 0.26259
RMS 0.26233
RMS 0.26207
RMS 0.26181
RMS 0.26155
RMS 0.26130
RMS 0.26104
RMS 0.26079
RMS 0.26054
RMS 0.26029
RMS 0.26004
RMS 0.25979
RMS 0.25954
RMS 0.25929
RMS 0.25904
RMS 0.25880
RMS 0.25855
RMS 0.25831
RMS 0.25807
RMS 0.25783
RMS 0.25759
RMS 0.25735
RMS 0.25711
RMS 0.25687
RMS 0.25663
RMS 0.25640
RMS 0.25616
RMS 0.25593
RMS 0.25569
RMS 0.25546
RMS 0.25523
RMS 0.25500
RMS 0.25477
RMS 0.25454
RMS 0.25431
RMS 0.25409
RMS 0.25386
RMS 0.25364
RMS 0.25341
RMS 0.25319
RMS 0.25296
RMS 0.25274
RMS 0.25252
RMS 0.25230
RMS 0.25208
RMS 0.25186
RMS 0.25165
RMS 0.25143
RMS 0.25121
RMS 0.25100
RMS 0.25078
RMS 0.25057
RMS 0.25036
RMS 0.25015
RMS 0.24993
RMS 0.24972
RMS 0.24952
RMS 0.24931
RMS 0.24910
RMS 0.24889
RMS 0.24868
RMS 0.24848
RMS 0.24827
RMS 0.24807
RMS 0.24787
RMS 0.24766
RMS 0.24746
RMS 0.24726
RMS 0.24706
RMS 0.24686
RMS 0.24666
RMS 0.24646
RMS 0.24626
RMS 0.24607
RMS 0.24587
RMS 0.24567
RMS 0.24548
RMS 0.24529
RMS 0.24509
RMS 0.24490
RMS 0.24471
RMS 0.24451
RMS 0.24432
RMS 0.24413
RMS 0.24394
RMS 0.24375
RMS 0.24356
RMS 0.24338
RMS 0.24319
RMS 0.24300
RMS 0.24282
RMS 0.24263
RMS 0.24244
RMS 0.24226
RMS 0.24208
RMS 0.24189
RMS 0.24171
RMS 0.24153
RMS 0.24134
RMS 0.24116
RMS 0.24098
RMS 0.24080
RMS 0.24062
RMS 0.24044
RMS 0.24026
RMS 0.24008
RMS 0.23991
RMS 0.23973
RMS 0.23955
RMS 0.23938
RMS 0.23920
RMS 0.23902
RMS 0.23885
RMS 0.23867
RMS 0.23850
RMS 0.23832
RMS 0.23815
RMS 0.23798
RMS 0.23780
RMS 0.23763
RMS 0.23746
RMS 0.23728
RMS 0.23711
RMS 0.23694
RMS 0.23677
RMS 0.23660
RMS 0.23643
RMS 0.23626
RMS 0.23609
RMS 0.23592
RMS 0.23575
RMS 0.23558
RMS 0.23541
RMS 0.23524
RMS 0.23507
RMS 0.23490
RMS 0.23473
RMS 0.23456
RMS 0.23439
RMS 0.23423
RMS 0.23406
RMS 0.23389
RMS 0.23372
RMS 0.23355
RMS 0.23339
RMS 0.23322
RMS 0.23305
RMS 0.23288
RMS 0.23272
RMS 0.23255
RMS 0.23238
RMS 0.23221
RMS 0.23205
RMS 0.23188
RMS 0.23171
RMS 0.23154
RMS 0.23138
RMS 0.23121
RMS 0.23104
RMS 0.23087
RMS 0.23071
RMS 0.23054
RMS 0.23037
RMS 0.23020
RMS 0.23003
RMS 0.22987
RMS 0.22970
RMS 0.22953
RMS 0.22936
RMS 0.22919
RMS 0.22902
RMS 0.22885
RMS 0.22868
RMS 0.22851
RMS 0.22834
RMS 0.22817
RMS 0.22800
RMS 0.22783
RMS 0.22766
RMS 0.22749
RMS 0.22731
RMS 0.22714
RMS 0.22697
RMS 0.22680
RMS 0.22662
RMS 0.22645
RMS 0.22627
RMS 0.22610
RMS 0.22592
RMS 0.22575
RMS 0.22557
RMS 0.22540
RMS 0.22522
RMS 0.22504
RMS 0.22486
RMS 0.22468
RMS 0.22451
RMS 0.22433
RMS 0.22415
RMS 0.22397
RMS 0.22378
RMS 0.22360
RMS 0.22342
RMS 0.22324
RMS 0.22305
RMS 0.22287
RMS 0.22269
RMS 0.22250
RMS 0.22232
RMS 0.22213
RMS 0.22194
RMS 0.22175
RMS 0.22156
RMS 0.22138
RMS 0.22118
RMS 0.22099
RMS 0.22080
RMS 0.22061
RMS 0.22042
RMS 0.22022
RMS 0.22003
RMS 0.21983
RMS 0.21964
RMS 0.21944
RMS 0.21924
RMS 0.21904
RMS 0.21884
RMS 0.21864
RMS 0.21844
RMS 0.21824
RMS 0.21804
RMS 0.21783
RMS 0.21763
RMS 0.21742
RMS 0.21722
RMS 0.21701
RMS 0.21680
RMS 0.21659
RMS 0.21638
RMS 0.21617
RMS 0.21596
RMS 0.21574
RMS 0.21553
RMS 0.21531
RMS 0.21510
RMS 0.21488
RMS 0.21466
RMS 0.21444
RMS 0.21422
RMS 0.21400
RMS 0.21378
RMS 0.21355
RMS 0.21333
RMS 0.21310
RMS 0.21287
RMS 0.21265
RMS 0.21242
RMS 0.21219
RMS 0.21195
RMS 0.21172
RMS 0.21149
RMS 0.21125
RMS 0.21102
RMS 0.21078
RMS 0.21054
RMS 0.21030
RMS 0.21006
RMS 0.20982
RMS 0.20957
RMS 0.20933
RMS 0.20908
RMS 0.20884
RMS 0.20859
RMS 0.20834
RMS 0.20809
RMS 0.20784
RMS 0.20758
RMS 0.20733
RMS 0.20707
RMS 0.20681
RMS 0.20656
RMS 0.20630
RMS 0.20603
RMS 0.20577
RMS 0.20551
RMS 0.20524
RMS 0.20498
RMS 0.20471
RMS 0.20444
RMS 0.20417
RMS 0.20390
RMS 0.20363
RMS 0.20335
RMS 0.20308
RMS 0.20280
RMS 0.20252
RMS 0.20224
RMS 0.20196
RMS 0.20168
RMS 0.20139
RMS 0.20111
RMS 0.20082
RMS 0.20053
RMS 0.20024
RMS 0.19995
RMS 0.19966
RMS 0.19937
RMS 0.19907
RMS 0.19878
RMS 0.19848
RMS 0.19818
RMS 0.19788
RMS 0.19758
RMS 0.19727
RMS 0.19697
RMS 0.19666
RMS 0.19635
RMS 0.19604
RMS 0.19573
RMS 0.19542
RMS 0.19511
RMS 0.19479
RMS 0.19448
RMS 0.19416
RMS 0.19384
RMS 0.19352
RMS 0.19320
RMS 0.19288
RMS 0.19255
RMS 0.19223
RMS 0.19190
RMS 0.19157
RMS 0.19124
RMS 0.19091
RMS 0.19058
RMS 0.19024
RMS 0.18991
RMS 0.18957
RMS 0.18923
RMS 0.18889
RMS 0.18855
RMS 0.18821
RMS 0.18787
RMS 0.18752
RMS 0.18718
RMS 0.18683
RMS 0.18648
RMS 0.18613
RMS 0.18578
RMS 0.18543
RMS 0.18507
RMS 0.18472
RMS 0.18436
RMS 0.18400
RMS 0.18365
RMS 0.18329
RMS 0.18292
RMS 0.18256
RMS 0.18220
RMS 0.18183
RMS 0.18147
RMS 0.18110
RMS 0.18073
RMS 0.18037
RMS 0.18000
RMS 0.17963
RMS 0.17925
RMS 0.17888
RMS 0.17851
RMS 0.17813
RMS 0.17776
RMS 0.17738
RMS 0.17700
RMS 0.17663
RMS 0.17625
RMS 0.17587
RMS 0.17549
RMS 0.17511
RMS 0.17473
RMS 0.17434
RMS 0.17396
RMS 0.17358
RMS 0.17320
RMS 0.17281
RMS 0.17243
RMS 0.17204
RMS 0.17166
RMS 0.17127
RMS 0.17089
RMS 0.17050
RMS 0.17011
RMS 0.16973
RMS 0.16934
RMS 0.16896
RMS 0.16857
RMS 0.16818
RMS 0.16780
RMS 0.16741
RMS 0.16703
RMS 0.16664
RMS 0.16626
RMS 0.16587
RMS 0.16549
RMS 0.16511
RMS 0.16472
RMS 0.16434
RMS 0.16396
RMS 0.16358
RMS 0.16320
RMS 0.16282
RMS 0.16244
RMS 0.16207
RMS 0.16169
RMS 0.16131
RMS 0.16094
RMS 0.16057
RMS 0.16020
RMS 0.15983
RMS 0.15946
RMS 0.15909
RMS 0.15872
RMS 0.15836
RMS 0.15800
RMS 0.15763
RMS 0.15727
RMS 0.15691
RMS 0.15656
RMS 0.15620
RMS 0.15585
RMS 0.15550
RMS 0.15515
RMS 0.15480
RMS 0.15446
RMS 0.15411
RMS 0.15377
RMS 0.15343
RMS 0.15310
RMS 0.15276
RMS 0.15243
RMS 0.15210
RMS 0.15177
RMS 0.15144
RMS 0.15112
RMS 0.15080
RMS 0.15048
RMS 0.15016
RMS 0.14985
RMS 0.14953
RMS 0.14922
RMS 0.14892
RMS 0.14861
RMS 0.14831
RMS 0.14801
RMS 0.14771
RMS 0.14742
RMS 0.14712
RMS 0.14683
RMS 0.14655
RMS 0.14626
RMS 0.14598
RMS 0.14570
RMS 0.14542
RMS 0.14514
RMS 0.14487
RMS 0.14460
RMS 0.14433
RMS 0.14407
RMS 0.14380
RMS 0.14354
RMS 0.14328
RMS 0.14303
RMS 0.14277
RMS 0.14252
RMS 0.14227
RMS 0.14203
RMS 0.14178
RMS 0.14154
RMS 0.14130
RMS 0.14106
RMS 0.14083
RMS 0.14059
RMS 0.14036
RMS 0.14014
RMS 0.13991
RMS 0.13968
RMS 0.13946
RMS 0.13924
RMS 0.13902
RMS 0.13881
RMS 0.13859
RMS 0.13838
RMS 0.13817
RMS 0.13797
RMS 0.13776
RMS 0.13756
RMS 0.13735
RMS 0.13715
RMS 0.13696
RMS 0.13676
RMS 0.13656
RMS 0.13637
RMS 0.13618
RMS 0.13599
RMS 0.13580
RMS 0.13562
RMS 0.13543
RMS 0.13525
RMS 0.13507
RMS 0.13489
RMS 0.13471
RMS 0.13454
RMS 0.13436
RMS 0.13419
RMS 0.13402
RMS 0.13385
RMS 0.13368
RMS 0.13351
RMS 0.13335
RMS 0.13318
RMS 0.13302
RMS 0.13286
RMS 0.13270
RMS 0.13254
RMS 0.13238
RMS 0.13222
RMS 0.13207
RMS 0.13191
RMS 0.13176
RMS 0.13161
RMS 0.13146
RMS 0.13131
RMS 0.13116
RMS 0.13101
RMS 0.13087
RMS 0.13072
RMS 0.13058
RMS 0.13044
RMS 0.13029
RMS 0.13015
RMS 0.13001
RMS 0.12987
RMS 0.12974
RMS 0.12960
RMS 0.12946
RMS 0.12933
RMS 0.12919
RMS 0.12906
RMS 0.12893
RMS 0.12879
RMS 0.12866
RMS 0.12853
RMS 0.12840
RMS 0.12827
RMS 0.12815
RMS 0.12802
RMS 0.12789
RMS 0.12777
RMS 0.12764
RMS 0.12752
RMS 0.12739
RMS 0.12727
RMS 0.12715
RMS 0.12702
RMS 0.12690
RMS 0.12678
RMS 0.12666
RMS 0.12654
RMS 0.12643
RMS 0.12631
RMS 0.12619
RMS 0.12607
RMS 0.12596
RMS 0.12584
RMS 0.12572
RMS 0.12561
RMS 0.12550
RMS 0.12538
RMS 0.12527
RMS 0.12516
RMS 0.12504
RMS 0.12493
RMS 0.12482
RMS 0.12471
RMS 0.12460
RMS 0.12449
RMS 0.12438
RMS 0.12427
RMS 0.12416
RMS 0.12405
RMS 0.12395
RMS 0.12384
RMS 0.12373
RMS 0.12362
RMS 0.12352
RMS 0.12341
RMS 0.12331
RMS 0.12320
RMS 0.12310
RMS 0.12299
RMS 0.12289
RMS 0.12279
RMS 0.12268
RMS 0.12258
RMS 0.12248
RMS 0.12238
RMS 0.12227
RMS 0.12217
RMS 0.12207
RMS 0.12197
RMS 0.12187
RMS 0.12177
RMS 0.12167
RMS 0.12157
RMS 0.12147
RMS 0.12137
RMS 0.12128
RMS 0.12118
RMS 0.12108
RMS 0.12098
RMS 0.12089
RMS 0.12079
RMS 0.12069
RMS 0.12060
RMS 0.12050
RMS 0.12041
RMS 0.12031
RMS 0.12022
RMS 0.12012
RMS 0.12003
RMS 0.11993
RMS 0.11984
RMS 0.11975
RMS 0.11965
RMS 0.11956
RMS 0.11947
RMS 0.11937
RMS 0.11928
RMS 0.11919
RMS 0.11910
RMS 0.11901
RMS 0.11892
RMS 0.11883
RMS 0.11873
RMS 0.11864
RMS 0.11855
RMS 0.11846
RMS 0.11837
RMS 0.11829
RMS 0.11820
RMS 0.11811
RMS 0.11802
RMS 0.11793
RMS 0.11784
RMS 0.11775
RMS 0.11767
RMS 0.11758
RMS 0.11749
RMS 0.11740
RMS 0.11731
RMS 0.11723
RMS 0.11714
RMS 0.11705
RMS 0.11697
RMS 0.11688
RMS 0.11679
RMS 0.11671
RMS 0.11662
RMS 0.11654
RMS 0.11645
RMS 0.11636
RMS 0.11628
RMS 0.11619
RMS 0.11611
RMS 0.11602
RMS 0.11594
RMS 0.11585
RMS 0.11577
RMS 0.11568
RMS 0.11560
RMS 0.11551
RMS 0.11543
RMS 0.11535
RMS 0.11526
RMS 0.11518
RMS 0.11509
RMS 0.11501
RMS 0.11493
RMS 0.11484
RMS 0.11476
RMS 0.11468
RMS 0.11459
RMS 0.11451
RMS 0.11443
RMS 0.11435
RMS 0.11426
RMS 0.11418
RMS 0.11410
RMS 0.11402
RMS 0.11394
RMS 0.11386
RMS 0.11377
RMS 0.11369

##################TEST##################
Test : ACIERTOS = 100 95%
Test FALLOS = 5 5%
