-0.29 -0.17 0.09 -0.41 
0.38 -0.08 -0.12 0.25 
-0.26 -0.16 0.25 -0.27 
0.45 0.12 -0.18 0.19 
-0.28 0.24 -0.03 0.26 
-0.14 0.48 -0.47 0.13 
0.32 -0.15 -0.39 0.24 
-0.40 0.14 0.22 -0.19 
0.46 -0.20 -0.10 0.35 
0.22 0.28 0.10 0.46 
-0.39 -0.15 -0.31 -0.43 0.47 0.01 0.26 -0.31 -0.25 -0.27 
0.45 0.11 -0.29 0.48 -0.27 -0.46 -0.17 -0.16 0.27 -0.08 
0.48 -0.01 0.23 0.44 0.29 -0.37 0.29 0.02 0.40 -0.11 
-0.02 -0.48 0.24 0.17 -0.41 0.21 -0.31 0.35 0.40 -0.06 -0.42 0.35 -0.46 

##################LEARN##################
RMS 2.07632
RMS 1.69454
RMS 1.46025
RMS 1.33557
RMS 1.27099
RMS 1.23146
RMS 1.20336
RMS 1.18122
RMS 1.16226
RMS 1.14475
RMS 1.12751
RMS 1.10963
RMS 1.09040
RMS 1.06929
RMS 1.04599
RMS 1.02035
RMS 0.99237
RMS 0.96213
RMS 0.92981
RMS 0.89568
RMS 0.86013
RMS 0.82368
RMS 0.78696
RMS 0.75072
RMS 0.71567
RMS 0.68245
RMS 0.65152
RMS 0.62314
RMS 0.59743
RMS 0.57442
RMS 0.55413
RMS 0.53658
RMS 0.52180
RMS 0.50973
RMS 0.50016
RMS 0.49267
RMS 0.48670
RMS 0.48169
RMS 0.47721
RMS 0.47300
RMS 0.46893
RMS 0.46497
RMS 0.46112
RMS 0.45738
RMS 0.45374
RMS 0.45020
RMS 0.44674
RMS 0.44333
RMS 0.43997
RMS 0.43662
RMS 0.43329
RMS 0.42995
RMS 0.42661
RMS 0.42327
RMS 0.41994
RMS 0.41666
RMS 0.41348
RMS 0.41047
RMS 0.40774
RMS 0.40545
RMS 0.40381
RMS 0.40310
RMS 0.40374
RMS 0.40620
RMS 0.41098
RMS 0.41813
RMS 0.42655
RMS 0.43394
RMS 0.43836
RMS 0.43953
RMS 0.43828
RMS 0.43550
RMS 0.43182
RMS 0.42764
RMS 0.42319
RMS 0.41862
RMS 0.41401
RMS 0.40942
RMS 0.40487
RMS 0.40038
RMS 0.39598
RMS 0.39166
RMS 0.38746
RMS 0.38340
RMS 0.37949
RMS 0.37575
RMS 0.37221
RMS 0.36888
RMS 0.36575
RMS 0.36284
RMS 0.36013
RMS 0.35761
RMS 0.35527
RMS 0.35310
RMS 0.35108
RMS 0.34920
RMS 0.34745
RMS 0.34581
RMS 0.34428
RMS 0.34284
RMS 0.34148
RMS 0.34021
RMS 0.33901
RMS 0.33787
RMS 0.33679
RMS 0.33577
RMS 0.33481
RMS 0.33389
RMS 0.33301
RMS 0.33218
RMS 0.33140
RMS 0.33065
RMS 0.32993
RMS 0.32925
RMS 0.32861
RMS 0.32800
RMS 0.32742
RMS 0.32687
RMS 0.32635
RMS 0.32586
RMS 0.32540
RMS 0.32496
RMS 0.32456
RMS 0.32418
RMS 0.32383
RMS 0.32351
RMS 0.32321
RMS 0.32294
RMS 0.32270
RMS 0.32248
RMS 0.32229
RMS 0.32212
RMS 0.32197
RMS 0.32184
RMS 0.32173
RMS 0.32164
RMS 0.32157
RMS 0.32151
RMS 0.32147
RMS 0.32143
RMS 0.32141
RMS 0.32139
RMS 0.32137
RMS 0.32135
RMS 0.32133
RMS 0.32131
RMS 0.32128
RMS 0.32124
RMS 0.32119
RMS 0.32113
RMS 0.32105
RMS 0.32096
RMS 0.32085
RMS 0.32073
RMS 0.32058
RMS 0.32041
RMS 0.32023
RMS 0.32002
RMS 0.31980
RMS 0.31956
RMS 0.31930
RMS 0.31902
RMS 0.31872
RMS 0.31840
RMS 0.31807
RMS 0.31772
RMS 0.31736
RMS 0.31699
RMS 0.31660
RMS 0.31619
RMS 0.31578
RMS 0.31536
RMS 0.31492
RMS 0.31448
RMS 0.31403
RMS 0.31357
RMS 0.31310
RMS 0.31263
RMS 0.31216
RMS 0.31167
RMS 0.31119
RMS 0.31069
RMS 0.31020
RMS 0.30970
RMS 0.30920
RMS 0.30870
RMS 0.30819
RMS 0.30768
RMS 0.30717
RMS 0.30666
RMS 0.30615
RMS 0.30563
RMS 0.30512
RMS 0.30460
RMS 0.30408
RMS 0.30356
RMS 0.30304
RMS 0.30252
RMS 0.30200
RMS 0.30148
RMS 0.30097
RMS 0.30045
RMS 0.29993
RMS 0.29941
RMS 0.29889
RMS 0.29838
RMS 0.29787
RMS 0.29736
RMS 0.29685
RMS 0.29634
RMS 0.29584
RMS 0.29533
RMS 0.29483
RMS 0.29434
RMS 0.29385
RMS 0.29336
RMS 0.29287
RMS 0.29239
RMS 0.29191
RMS 0.29143
RMS 0.29096
RMS 0.29049
RMS 0.29003
RMS 0.28957
RMS 0.28911
RMS 0.28866
RMS 0.28821
RMS 0.28776
RMS 0.28732
RMS 0.28688
RMS 0.28645
RMS 0.28601
RMS 0.28559
RMS 0.28516
RMS 0.28474
RMS 0.28432
RMS 0.28391
RMS 0.28350
RMS 0.28309
RMS 0.28269
RMS 0.28229
RMS 0.28189
RMS 0.28149
RMS 0.28110
RMS 0.28071
RMS 0.28033
RMS 0.27995
RMS 0.27957
RMS 0.27919
RMS 0.27881
RMS 0.27844
RMS 0.27807
RMS 0.27771
RMS 0.27734
RMS 0.27698
RMS 0.27663
RMS 0.27627
RMS 0.27592
RMS 0.27557
RMS 0.27522
RMS 0.27487
RMS 0.27453
RMS 0.27419
RMS 0.27385
RMS 0.27352
RMS 0.27318
RMS 0.27285
RMS 0.27252
RMS 0.27220
RMS 0.27187
RMS 0.27155
RMS 0.27123
RMS 0.27092
RMS 0.27060
RMS 0.27029
RMS 0.26998
RMS 0.26967
RMS 0.26936
RMS 0.26906
RMS 0.26876
RMS 0.26846
RMS 0.26816
RMS 0.26786
RMS 0.26757
RMS 0.26727
RMS 0.26698
RMS 0.26669
RMS 0.26641
RMS 0.26612
RMS 0.26584
RMS 0.26556
RMS 0.26528
RMS 0.26500
RMS 0.26472
RMS 0.26445
RMS 0.26417
RMS 0.26390
RMS 0.26363
RMS 0.26336
RMS 0.26310
RMS 0.26283
RMS 0.26257
RMS 0.26231
RMS 0.26204
RMS 0.26178
RMS 0.26153
RMS 0.26127
RMS 0.26101
RMS 0.26076
RMS 0.26051
RMS 0.26025
RMS 0.26000
RMS 0.25975
RMS 0.25951
RMS 0.25926
RMS 0.25901
RMS 0.25877
RMS 0.25852
RMS 0.25828
RMS 0.25804
RMS 0.25780
RMS 0.25756
RMS 0.25732
RMS 0.25709
RMS 0.25685
RMS 0.25661
RMS 0.25638
RMS 0.25615
RMS 0.25591
RMS 0.25568
RMS 0.25545
RMS 0.25522
RMS 0.25499
RMS 0.25477
RMS 0.25454
RMS 0.25431
RMS 0.25409
RMS 0.25386
RMS 0.25364
RMS 0.25342
RMS 0.25320
RMS 0.25297
RMS 0.25275
RMS 0.25253
RMS 0.25231
RMS 0.25210
RMS 0.25188
RMS 0.25166
RMS 0.25144
RMS 0.25123
RMS 0.25101
RMS 0.25080
RMS 0.25058
RMS 0.25037
RMS 0.25016
RMS 0.24994
RMS 0.24973
RMS 0.24952
RMS 0.24931
RMS 0.24910
RMS 0.24889
RMS 0.24868
RMS 0.24847
RMS 0.24826
RMS 0.24805
RMS 0.24784
RMS 0.24764
RMS 0.24743
RMS 0.24722
RMS 0.24701
RMS 0.24681
RMS 0.24660
RMS 0.24640
RMS 0.24619
RMS 0.24599
RMS 0.24578
RMS 0.24558
RMS 0.24537
RMS 0.24517
RMS 0.24496
RMS 0.24476
RMS 0.24456
RMS 0.24435
RMS 0.24415
RMS 0.24394
RMS 0.24374
RMS 0.24354
RMS 0.24334
RMS 0.24313
RMS 0.24293
RMS 0.24273
RMS 0.24252
RMS 0.24232
RMS 0.24212
RMS 0.24191
RMS 0.24171
RMS 0.24151
RMS 0.24131
RMS 0.24110
RMS 0.24090
RMS 0.24070
RMS 0.24049
RMS 0.24029
RMS 0.24009
RMS 0.23988
RMS 0.23968
RMS 0.23947
RMS 0.23927
RMS 0.23906
RMS 0.23886
RMS 0.23865
RMS 0.23845
RMS 0.23824
RMS 0.23804
RMS 0.23783
RMS 0.23762
RMS 0.23742
RMS 0.23721
RMS 0.23700
RMS 0.23679
RMS 0.23659
RMS 0.23638
RMS 0.23617
RMS 0.23596
RMS 0.23575
RMS 0.23554
RMS 0.23533
RMS 0.23512
RMS 0.23490
RMS 0.23469
RMS 0.23448
RMS 0.23427
RMS 0.23405
RMS 0.23384
RMS 0.23362
RMS 0.23341
RMS 0.23319
RMS 0.23297
RMS 0.23276
RMS 0.23254
RMS 0.23232
RMS 0.23210
RMS 0.23188
RMS 0.23166
RMS 0.23144
RMS 0.23122
RMS 0.23099
RMS 0.23077
RMS 0.23055
RMS 0.23032
RMS 0.23009
RMS 0.22987
RMS 0.22964
RMS 0.22941
RMS 0.22918
RMS 0.22895
RMS 0.22872
RMS 0.22849
RMS 0.22826
RMS 0.22803
RMS 0.22780
RMS 0.22756
RMS 0.22733
RMS 0.22709
RMS 0.22685
RMS 0.22661
RMS 0.22638
RMS 0.22614
RMS 0.22590
RMS 0.22565
RMS 0.22541
RMS 0.22517
RMS 0.22492
RMS 0.22468
RMS 0.22443
RMS 0.22418
RMS 0.22394
RMS 0.22369
RMS 0.22344
RMS 0.22319
RMS 0.22293
RMS 0.22268
RMS 0.22243
RMS 0.22217
RMS 0.22191
RMS 0.22166
RMS 0.22140
RMS 0.22114
RMS 0.22088
RMS 0.22062
RMS 0.22035
RMS 0.22009
RMS 0.21982
RMS 0.21956
RMS 0.21929
RMS 0.21902
RMS 0.21875
RMS 0.21848
RMS 0.21821
RMS 0.21794
RMS 0.21766
RMS 0.21739
RMS 0.21711
RMS 0.21683
RMS 0.21655
RMS 0.21627
RMS 0.21599
RMS 0.21571
RMS 0.21542
RMS 0.21514
RMS 0.21485
RMS 0.21457
RMS 0.21428
RMS 0.21399
RMS 0.21369
RMS 0.21340
RMS 0.21311
RMS 0.21281
RMS 0.21251
RMS 0.21221
RMS 0.21191
RMS 0.21161
RMS 0.21131
RMS 0.21100
RMS 0.21069
RMS 0.21039
RMS 0.21008
RMS 0.20977
RMS 0.20945
RMS 0.20914
RMS 0.20882
RMS 0.20850
RMS 0.20819
RMS 0.20786
RMS 0.20754
RMS 0.20722
RMS 0.20689
RMS 0.20656
RMS 0.20623
RMS 0.20590
RMS 0.20557
RMS 0.20523
RMS 0.20489
RMS 0.20455
RMS 0.20421
RMS 0.20387
RMS 0.20352
RMS 0.20317
RMS 0.20282
RMS 0.20247
RMS 0.20211
RMS 0.20176
RMS 0.20140
RMS 0.20103
RMS 0.20067
RMS 0.20030
RMS 0.19993
RMS 0.19956
RMS 0.19918
RMS 0.19880
RMS 0.19842
RMS 0.19804
RMS 0.19765
RMS 0.19726
RMS 0.19687
RMS 0.19647
RMS 0.19607
RMS 0.19567
RMS 0.19526
RMS 0.19485
RMS 0.19444
RMS 0.19402
RMS 0.19360
RMS 0.19318
RMS 0.19275
RMS 0.19231
RMS 0.19188
RMS 0.19143
RMS 0.19099
RMS 0.19054
RMS 0.19008
RMS 0.18962
RMS 0.18916
RMS 0.18869
RMS 0.18821
RMS 0.18773
RMS 0.18724
RMS 0.18675
RMS 0.18625
RMS 0.18575
RMS 0.18524
RMS 0.18472
RMS 0.18420
RMS 0.18367
RMS 0.18313
RMS 0.18259
RMS 0.18204
RMS 0.18148
RMS 0.18091
RMS 0.18034
RMS 0.17976
RMS 0.17917
RMS 0.17858
RMS 0.17797
RMS 0.17736
RMS 0.17674
RMS 0.17611
RMS 0.17547
RMS 0.17482
RMS 0.17417
RMS 0.17350
RMS 0.17283
RMS 0.17215
RMS 0.17146
RMS 0.17076
RMS 0.17005
RMS 0.16933
RMS 0.16861
RMS 0.16787
RMS 0.16713
RMS 0.16639
RMS 0.16563
RMS 0.16487
RMS 0.16411
RMS 0.16333
RMS 0.16256
RMS 0.16178
RMS 0.16099
RMS 0.16021
RMS 0.15942
RMS 0.15863
RMS 0.15784
RMS 0.15705
RMS 0.15627
RMS 0.15549
RMS 0.15471
RMS 0.15394
RMS 0.15317
RMS 0.15241
RMS 0.15166
RMS 0.15091
RMS 0.15018
RMS 0.14946
RMS 0.14874
RMS 0.14804
RMS 0.14735
RMS 0.14667
RMS 0.14601
RMS 0.14536
RMS 0.14472
RMS 0.14410
RMS 0.14349
RMS 0.14290
RMS 0.14232
RMS 0.14175
RMS 0.14120
RMS 0.14066
RMS 0.14013
RMS 0.13962
RMS 0.13912
RMS 0.13864
RMS 0.13817
RMS 0.13771
RMS 0.13726
RMS 0.13683
RMS 0.13640
RMS 0.13599
RMS 0.13559
RMS 0.13520
RMS 0.13482
RMS 0.13445
RMS 0.13410
RMS 0.13375
RMS 0.13341
RMS 0.13307
RMS 0.13275
RMS 0.13244
RMS 0.13213
RMS 0.13183
RMS 0.13154
RMS 0.13126
RMS 0.13098
RMS 0.13071
RMS 0.13044
RMS 0.13019
RMS 0.12994
RMS 0.12969
RMS 0.12945
RMS 0.12922
RMS 0.12899
RMS 0.12876
RMS 0.12854
RMS 0.12833
RMS 0.12812
RMS 0.12792
RMS 0.12772
RMS 0.12752
RMS 0.12733
RMS 0.12714
RMS 0.12695
RMS 0.12677
RMS 0.12659
RMS 0.12642
RMS 0.12625
RMS 0.12608
RMS 0.12592
RMS 0.12576
RMS 0.12560
RMS 0.12544
RMS 0.12529
RMS 0.12514
RMS 0.12499
RMS 0.12485
RMS 0.12470
RMS 0.12456
RMS 0.12443
RMS 0.12429
RMS 0.12416
RMS 0.12402
RMS 0.12390
RMS 0.12377
RMS 0.12364
RMS 0.12352
RMS 0.12340
RMS 0.12328
RMS 0.12316
RMS 0.12304
RMS 0.12293
RMS 0.12281
RMS 0.12270
RMS 0.12259
RMS 0.12248
RMS 0.12237
RMS 0.12226
RMS 0.12216
RMS 0.12206
RMS 0.12195
RMS 0.12185
RMS 0.12175
RMS 0.12165
RMS 0.12155
RMS 0.12146
RMS 0.12136
RMS 0.12127
RMS 0.12117
RMS 0.12108
RMS 0.12099
RMS 0.12090
RMS 0.12080
RMS 0.12072
RMS 0.12063
RMS 0.12054
RMS 0.12045
RMS 0.12036
RMS 0.12028
RMS 0.12019
RMS 0.12011
RMS 0.12002
RMS 0.11994
RMS 0.11986
RMS 0.11978
RMS 0.11969
RMS 0.11961
RMS 0.11953
RMS 0.11945
RMS 0.11937
RMS 0.11929
RMS 0.11921
RMS 0.11914
RMS 0.11906
RMS 0.11898
RMS 0.11890
RMS 0.11882
RMS 0.11875
RMS 0.11867
RMS 0.11859
RMS 0.11852
RMS 0.11844
RMS 0.11837
RMS 0.11829
RMS 0.11821
RMS 0.11814
RMS 0.11806
RMS 0.11799
RMS 0.11791
RMS 0.11784
RMS 0.11776
RMS 0.11769
RMS 0.11761
RMS 0.11754
RMS 0.11746
RMS 0.11738
RMS 0.11731
RMS 0.11723
RMS 0.11716
RMS 0.11708
RMS 0.11701
RMS 0.11693
RMS 0.11685
RMS 0.11678
RMS 0.11670
RMS 0.11662
RMS 0.11654
RMS 0.11647
RMS 0.11639
RMS 0.11631
RMS 0.11623
RMS 0.11615
RMS 0.11607
RMS 0.11599
RMS 0.11591
RMS 0.11583
RMS 0.11575
RMS 0.11567
RMS 0.11559
RMS 0.11551
RMS 0.11542
RMS 0.11534
RMS 0.11526
RMS 0.11517
RMS 0.11509
RMS 0.11500
RMS 0.11491
RMS 0.11483
RMS 0.11474
RMS 0.11465
RMS 0.11457
RMS 0.11448
RMS 0.11439
RMS 0.11430
RMS 0.11421
RMS 0.11412
RMS 0.11403
RMS 0.11393
RMS 0.11384
RMS 0.11375
RMS 0.11366
RMS 0.11356
RMS 0.11347
RMS 0.11337
RMS 0.11328
RMS 0.11318
RMS 0.11308
RMS 0.11299
RMS 0.11289
RMS 0.11279
RMS 0.11269
RMS 0.11259
RMS 0.11249
RMS 0.11239
RMS 0.11229
RMS 0.11219
RMS 0.11209
RMS 0.11199
RMS 0.11188
RMS 0.11178
RMS 0.11168
RMS 0.11158
RMS 0.11147
RMS 0.11137
RMS 0.11126
RMS 0.11116
RMS 0.11106
RMS 0.11095
RMS 0.11085
RMS 0.11074
RMS 0.11064
RMS 0.11053
RMS 0.11043
RMS 0.11032
RMS 0.11021
RMS 0.11011
RMS 0.11000
RMS 0.10990
RMS 0.10979
RMS 0.10969
RMS 0.10958
RMS 0.10948
RMS 0.10937
RMS 0.10927
RMS 0.10916
RMS 0.10905
RMS 0.10895
RMS 0.10885
RMS 0.10874
RMS 0.10864
RMS 0.10853
RMS 0.10843
RMS 0.10832
RMS 0.10822
RMS 0.10812
RMS 0.10801
RMS 0.10791
RMS 0.10781
RMS 0.10770
RMS 0.10760
RMS 0.10750
RMS 0.10740
RMS 0.10730
RMS 0.10720
RMS 0.10710
RMS 0.10700
RMS 0.10690
RMS 0.10680
RMS 0.10670
RMS 0.10660
RMS 0.10650
RMS 0.10640
RMS 0.10631
RMS 0.10621
RMS 0.10611
RMS 0.10602
RMS 0.10592
RMS 0.10583
RMS 0.10573
RMS 0.10564
RMS 0.10554
RMS 0.10545
RMS 0.10536
RMS 0.10526
RMS 0.10517
RMS 0.10508
RMS 0.10499
RMS 0.10490
RMS 0.10481
RMS 0.10472
RMS 0.10463
RMS 0.10454
RMS 0.10445
RMS 0.10436
RMS 0.10427
RMS 0.10419
RMS 0.10410
RMS 0.10401
RMS 0.10393
RMS 0.10384
RMS 0.10376
RMS 0.10367
RMS 0.10359
RMS 0.10351
RMS 0.10343
RMS 0.10334
RMS 0.10326
RMS 0.10318
RMS 0.10310
RMS 0.10302
RMS 0.10294
RMS 0.10286
RMS 0.10278
RMS 0.10270
RMS 0.10263
RMS 0.10255
RMS 0.10247
RMS 0.10240
RMS 0.10232
RMS 0.10224
RMS 0.10217
RMS 0.10210
RMS 0.10202
RMS 0.10195
RMS 0.10188
RMS 0.10181
RMS 0.10173
RMS 0.10166
RMS 0.10159
RMS 0.10152
RMS 0.10145
RMS 0.10138
RMS 0.10131
RMS 0.10125
RMS 0.10118
RMS 0.10111
RMS 0.10105
RMS 0.10098
RMS 0.10091
RMS 0.10085
RMS 0.10079
RMS 0.10072
RMS 0.10066
RMS 0.10060
RMS 0.10053
RMS 0.10047
RMS 0.10041
RMS 0.10035
RMS 0.10029
RMS 0.10023
RMS 0.10017
RMS 0.10011
RMS 0.10005
RMS 0.09999
RMS 0.09994
RMS 0.09988
RMS 0.09982
RMS 0.09977
RMS 0.09971
RMS 0.09966
RMS 0.09960
RMS 0.09955
RMS 0.09950
RMS 0.09944

##################TEST##################
Test : ACIERTOS = 101 96%
Test FALLOS = 4 4%
