-0.22 0.16 0.15 -0.42 
-0.24 0.25 -0.17 -0.01 
-0.13 -0.17 -0.19 -0.03 
-0.31 0.19 0.16 0.07 
-0.29 0.21 0.15 -0.26 
0.14 -0.23 0.48 -0.18 
-0.12 0.36 -0.21 0.14 
-0.35 -0.27 -0.45 -0.08 0.39 0.20 0.00 

##################LEARN##################
RMS 2.24679
RMS 1.96791
RMS 1.63634
RMS 1.34869
RMS 1.19195
RMS 1.11164
RMS 1.06442
RMS 1.03216
RMS 1.00735
RMS 0.98623
RMS 0.96639
RMS 0.94618
RMS 0.92471
RMS 0.90170
RMS 0.87715
RMS 0.85097
RMS 0.82288
RMS 0.79269
RMS 0.76063
RMS 0.72735
RMS 0.69378
RMS 0.66098
RMS 0.62976
RMS 0.60035
RMS 0.57262
RMS 0.54654
RMS 0.52235
RMS 0.50026
RMS 0.48023
RMS 0.46221
RMS 0.44626
RMS 0.43243
RMS 0.42051
RMS 0.41011
RMS 0.40072
RMS 0.39188
RMS 0.38320
RMS 0.37443
RMS 0.36544
RMS 0.35628
RMS 0.34726
RMS 0.33883
RMS 0.33136
RMS 0.32506
RMS 0.31999
RMS 0.31594
RMS 0.31236
RMS 0.30897
RMS 0.30576
RMS 0.30293
RMS 0.30124
RMS 0.30191
RMS 0.30459
RMS 0.30663
RMS 0.30642
RMS 0.30432
RMS 0.30001
RMS 0.29179
RMS 0.27852
RMS 0.26931
RMS 0.26793
RMS 0.26772
RMS 0.26550
RMS 0.26861
RMS 0.26681
RMS 0.26556
RMS 0.26468
RMS 0.26424
RMS 0.27550
RMS 0.28324
RMS 0.28288
RMS 0.28233
RMS 0.28141
RMS 0.28019
RMS 0.27875
RMS 0.27720
RMS 0.27568
RMS 0.27436
RMS 0.27338
RMS 0.27282
RMS 0.27263
RMS 0.27263
RMS 0.27268
RMS 0.27269
RMS 0.27268
RMS 0.27259
RMS 0.27235
RMS 0.27199
RMS 0.27156
RMS 0.27109
RMS 0.27059
RMS 0.27006
RMS 0.26948
RMS 0.26884
RMS 0.26814
RMS 0.26738
RMS 0.26654
RMS 0.26564
RMS 0.26467
RMS 0.26367
RMS 0.26264
RMS 0.26159
RMS 0.26054
RMS 0.25948
RMS 0.25847
RMS 0.25760
RMS 0.25701
RMS 0.25679
RMS 0.25696
RMS 0.25739
RMS 0.25786
RMS 0.25807
RMS 0.25822
RMS 0.25914
RMS 0.25915
RMS 0.26009
RMS 0.26008
RMS 0.26149
RMS 0.26144
RMS 0.26261
RMS 0.26270
RMS 0.26256
RMS 0.26177
RMS 0.26130
RMS 0.26148
RMS 0.26116
RMS 0.26020
RMS 0.25771
RMS 0.25141
RMS 0.23960
RMS 0.24604
RMS 0.24001
RMS 0.23843
RMS 0.23391
RMS 0.24707
RMS 0.29021
RMS 0.30722
RMS 0.23631
RMS 0.30793
RMS 0.22884
RMS 0.29884
RMS 0.22289
RMS 0.23320
RMS 0.29205
RMS 0.30514
RMS 0.20733
RMS 0.28849
RMS 0.28749
RMS 0.29036
RMS 0.21733
RMS 0.20548
RMS 0.20859
RMS 0.20535
RMS 0.20840
RMS 0.20431
RMS 0.20767
RMS 0.20456
RMS 0.20633
RMS 0.20408
RMS 0.20404
RMS 0.20247
RMS 0.20072
RMS 0.19798
RMS 0.19274
RMS 0.18165
RMS 0.24662
RMS 0.19255
RMS 0.22390
RMS 0.22432
RMS 0.20982
RMS 0.22068
RMS 0.23877
RMS 0.22015
RMS 0.24754
RMS 0.27545
RMS 0.17965
RMS 0.28064
RMS 0.22335
RMS 0.26977
RMS 0.21205
RMS 0.27326
RMS 0.23475
RMS 0.27642
RMS 0.29792
RMS 0.21799
RMS 0.22323
RMS 0.29851
RMS 0.27132
RMS 0.22428
RMS 0.21589
RMS 0.30359
RMS 0.33297
RMS 0.28894
RMS 0.28309
RMS 0.27632
RMS 0.26341
RMS 0.20905
RMS 0.22405
RMS 0.30882
RMS 0.23676
RMS 0.23619
RMS 0.23516
RMS 0.23409
RMS 0.23311
RMS 0.23200
RMS 0.23105
RMS 0.22975
RMS 0.22903
RMS 0.22718
RMS 0.22710
RMS 0.22427
RMS 0.22482
RMS 0.22193
RMS 0.22172
RMS 0.21986
RMS 0.21827
RMS 0.21639
RMS 0.21416
RMS 0.21146
RMS 0.20836
RMS 0.20549
RMS 0.20323
RMS 0.20095
RMS 0.19846
RMS 0.19611
RMS 0.19449
RMS 0.19338
RMS 0.19251
RMS 0.19193
RMS 0.19123
RMS 0.19151
RMS 0.18874
RMS 0.19989
RMS 0.17143
RMS 0.17109
RMS 0.18692
RMS 0.14541
RMS 0.11450
RMS 0.22515
RMS 0.14372
RMS 0.13972
RMS 0.18333
RMS 0.12161
RMS 0.19675
RMS 0.17046
RMS 0.16093
RMS 0.14562
RMS 0.13071
RMS 0.24675
RMS 0.16128
RMS 0.17579
RMS 0.16906
RMS 0.17012
RMS 0.12509
RMS 0.12925
RMS 0.12870
RMS 0.12899
RMS 0.12751
RMS 0.13366
RMS 0.12785
RMS 0.12930
RMS 0.12359
RMS 0.24464
RMS 0.10384
RMS 0.14705
RMS 0.14503
RMS 0.24601
RMS 0.10471
RMS 0.14648
RMS 0.11497
RMS 0.11519
RMS 0.12244
RMS 0.12320
RMS 0.12348
RMS 0.12442
RMS 0.12057
RMS 0.23912
RMS 0.10985
RMS 0.14845
RMS 0.24197
RMS 0.12157
RMS 0.17572
RMS 0.27032
RMS 0.15937
RMS 0.17369
RMS 0.10360
RMS 0.11444
RMS 0.09969
RMS 0.18849
RMS 0.09491
RMS 0.22550
RMS 0.17888
RMS 0.09390
RMS 0.21072
RMS 0.16533
RMS 0.22857
RMS 0.20814
RMS 0.09219
RMS 0.23478
RMS 0.09391
RMS 0.14426
RMS 0.14547
RMS 0.23713
RMS 0.10718
RMS 0.14818
RMS 0.18469
RMS 0.09551
RMS 0.20466
RMS 0.14799
RMS 0.14772
RMS 0.16633
RMS 0.15741
RMS 0.16814
RMS 0.08967
RMS 0.14504
RMS 0.22529
RMS 0.09167
RMS 0.20479
RMS 0.13859
RMS 0.04531
RMS 0.22566
RMS 0.09765
RMS 0.07665
RMS 0.29140
RMS 0.02959
RMS 0.03576
RMS 0.15131
RMS 0.14777
RMS 0.17736
RMS 0.08903
RMS 0.14369
RMS 0.19946
RMS 0.08712
RMS 0.15146
RMS 0.05817
RMS 0.16757
RMS 0.27832
RMS 0.04284
RMS 0.14410
RMS 0.02101
RMS 0.20999
RMS 0.29796
RMS 0.28739
RMS 0.29246
RMS 0.28890
RMS 0.28589
RMS 0.28091
RMS 0.26235
RMS 0.26886
RMS 0.16482
RMS 0.18432
RMS 0.19629
RMS 0.01680
RMS 0.01878
RMS 0.02851
RMS 0.19660
RMS 0.01530
RMS 0.01655
RMS 0.01898
RMS 0.06227
RMS 0.16587
RMS 0.01512
RMS 0.01539
RMS 0.01564
RMS 0.01595
RMS 0.01655
RMS 0.01843
RMS 0.05983
RMS 0.15704
RMS 0.14680
RMS 0.03405
RMS 0.01304
RMS 0.01266
RMS 0.01232
RMS 0.01203
RMS 0.01179
RMS 0.01158
RMS 0.01140
RMS 0.01123
RMS 0.01107
RMS 0.01092
RMS 0.01079
RMS 0.01066
RMS 0.01054
RMS 0.01042
RMS 0.01032
RMS 0.01021
RMS 0.01011
RMS 0.01002
RMS 0.00993
RMS 0.00984
RMS 0.00975
RMS 0.00967
RMS 0.00959
RMS 0.00951
RMS 0.00944
RMS 0.00936
RMS 0.00929
RMS 0.00922
RMS 0.00916
RMS 0.00909
RMS 0.00903
RMS 0.00897
RMS 0.00890
RMS 0.00885
RMS 0.00879
RMS 0.00873
RMS 0.00867
RMS 0.00862
RMS 0.00857
RMS 0.00851
RMS 0.00846
RMS 0.00841
RMS 0.00836
RMS 0.00831
RMS 0.00827
RMS 0.00822
RMS 0.00817
RMS 0.00813
RMS 0.00808
RMS 0.00804
RMS 0.00800
RMS 0.00795
RMS 0.00791
RMS 0.00787
RMS 0.00783
RMS 0.00779
RMS 0.00775
RMS 0.00771
RMS 0.00768
RMS 0.00764
RMS 0.00760
RMS 0.00757
RMS 0.00753
RMS 0.00750
RMS 0.00746
RMS 0.00743
RMS 0.00739
RMS 0.00736
RMS 0.00733
RMS 0.00730
RMS 0.00727
RMS 0.00723
RMS 0.00720
RMS 0.00717
RMS 0.00714
RMS 0.00711
RMS 0.00709
RMS 0.00706
RMS 0.00703
RMS 0.00700
RMS 0.00697
RMS 0.00695
RMS 0.00692
RMS 0.00689
RMS 0.00687
RMS 0.00684
RMS 0.00681
RMS 0.00679
RMS 0.00676
RMS 0.00674
RMS 0.00672
RMS 0.00669
RMS 0.00667
RMS 0.00664
RMS 0.00662
RMS 0.00660
RMS 0.00658
RMS 0.00655
RMS 0.00653
RMS 0.00651
RMS 0.00649
RMS 0.00647
RMS 0.00644
RMS 0.00642
RMS 0.00640
RMS 0.00638
RMS 0.00636
RMS 0.00634
RMS 0.00632
RMS 0.00630
RMS 0.00628
RMS 0.00626
RMS 0.00624
RMS 0.00622
RMS 0.00621
RMS 0.00619
RMS 0.00617
RMS 0.00615
RMS 0.00613
RMS 0.00611
RMS 0.00610
RMS 0.00608
RMS 0.00606
RMS 0.00604
RMS 0.00603
RMS 0.00601
RMS 0.00599
RMS 0.00598
RMS 0.00596
RMS 0.00594
RMS 0.00593
RMS 0.00591
RMS 0.00589
RMS 0.00588
RMS 0.00586
RMS 0.00585
RMS 0.00583
RMS 0.00582
RMS 0.00580
RMS 0.00578
RMS 0.00577
RMS 0.00575
RMS 0.00574
RMS 0.00572
RMS 0.00571
RMS 0.00570
RMS 0.00568
RMS 0.00567
RMS 0.00565
RMS 0.00564
RMS 0.00562
RMS 0.00561
RMS 0.00560
RMS 0.00558
RMS 0.00557
RMS 0.00555
RMS 0.00554
RMS 0.00553
RMS 0.00551
RMS 0.00550
RMS 0.00549
RMS 0.00547
RMS 0.00546
RMS 0.00545
RMS 0.00543
RMS 0.00542
RMS 0.00541
RMS 0.00540
RMS 0.00538
RMS 0.00537
RMS 0.00536
RMS 0.00534
RMS 0.00533
RMS 0.00532
RMS 0.00531
RMS 0.00529
RMS 0.00528
RMS 0.00527
RMS 0.00526
RMS 0.00525
RMS 0.00523
RMS 0.00522
RMS 0.00521
RMS 0.00520
RMS 0.00519
RMS 0.00517
RMS 0.00516
RMS 0.00515
RMS 0.00514
RMS 0.00513
RMS 0.00511
RMS 0.00510
RMS 0.00509
RMS 0.00508
RMS 0.00507
RMS 0.00506
RMS 0.00505
RMS 0.00503
RMS 0.00502
RMS 0.00501
RMS 0.00500
RMS 0.00499
RMS 0.00498
RMS 0.00497
RMS 0.00495
RMS 0.00494
RMS 0.00493
RMS 0.00492
RMS 0.00491
RMS 0.00490
RMS 0.00489
RMS 0.00488
RMS 0.00487
RMS 0.00486
RMS 0.00484
RMS 0.00483
RMS 0.00482
RMS 0.00481
RMS 0.00480
RMS 0.00479
RMS 0.00478
RMS 0.00477
RMS 0.00476
RMS 0.00475
RMS 0.00474
RMS 0.00473
RMS 0.00472
RMS 0.00471
RMS 0.00469
RMS 0.00468
RMS 0.00467
RMS 0.00466
RMS 0.00465
RMS 0.00464
RMS 0.00463
RMS 0.00462
RMS 0.00461
RMS 0.00460
RMS 0.00459
RMS 0.00458
RMS 0.00457
RMS 0.00456
RMS 0.00455
RMS 0.00454
RMS 0.00453
RMS 0.00452
RMS 0.00451
RMS 0.00450
RMS 0.00449
RMS 0.00448
RMS 0.00447
RMS 0.00446
RMS 0.00445
RMS 0.00444
RMS 0.00443
RMS 0.00442
RMS 0.00441
RMS 0.00440
RMS 0.00439
RMS 0.00438
RMS 0.00437
RMS 0.00436
RMS 0.00435
RMS 0.00434
RMS 0.00433
RMS 0.00432
RMS 0.00431
RMS 0.00430
RMS 0.00429
RMS 0.00428
RMS 0.00427
RMS 0.00426
RMS 0.00425
RMS 0.00424
RMS 0.00423
RMS 0.00422
RMS 0.00421
RMS 0.00420
RMS 0.00419
RMS 0.00418
RMS 0.00417
RMS 0.00416
RMS 0.00415
RMS 0.00415
RMS 0.00414
RMS 0.00413
RMS 0.00412
RMS 0.00411
RMS 0.00410
RMS 0.00409
RMS 0.00408
RMS 0.00407
RMS 0.00406
RMS 0.00405
RMS 0.00404
RMS 0.00403
RMS 0.00403
RMS 0.00402
RMS 0.00401
RMS 0.00400
RMS 0.00399
RMS 0.00398
RMS 0.00397
RMS 0.00396
RMS 0.00395
RMS 0.00394
RMS 0.00394
RMS 0.00393
RMS 0.00392
RMS 0.00391
RMS 0.00390
RMS 0.00389
RMS 0.00388
RMS 0.00388
RMS 0.00387
RMS 0.00386
RMS 0.00385
RMS 0.00384
RMS 0.00383
RMS 0.00382
RMS 0.00382
RMS 0.00381
RMS 0.00380
RMS 0.00379
RMS 0.00378
RMS 0.00377
RMS 0.00377
RMS 0.00376
RMS 0.00375
RMS 0.00374
RMS 0.00373
RMS 0.00373
RMS 0.00372
RMS 0.00371
RMS 0.00370
RMS 0.00370
RMS 0.00369
RMS 0.00368
RMS 0.00367
RMS 0.00366
RMS 0.00366
RMS 0.00365
RMS 0.00364
RMS 0.00363
RMS 0.00363
RMS 0.00362
RMS 0.00361
RMS 0.00360
RMS 0.00360
RMS 0.00359
RMS 0.00358
RMS 0.00358
RMS 0.00357
RMS 0.00356
RMS 0.00355
RMS 0.00355
RMS 0.00354
RMS 0.00353
RMS 0.00353
RMS 0.00352
RMS 0.00351
RMS 0.00351
RMS 0.00350
RMS 0.00349
RMS 0.00349
RMS 0.00348
RMS 0.00347
RMS 0.00347
RMS 0.00346
RMS 0.00345
RMS 0.00345
RMS 0.00344
RMS 0.00343
RMS 0.00343
RMS 0.00342
RMS 0.00342
RMS 0.00341
RMS 0.00340
RMS 0.00340
RMS 0.00339
RMS 0.00338
RMS 0.00338
RMS 0.00337
RMS 0.00337
RMS 0.00336
RMS 0.00336
RMS 0.00335
RMS 0.00334
RMS 0.00334
RMS 0.00333
RMS 0.00333
RMS 0.00332
RMS 0.00332
RMS 0.00331
RMS 0.00331
RMS 0.00330
RMS 0.00329
RMS 0.00329
RMS 0.00328
RMS 0.00328
RMS 0.00327
RMS 0.00327
RMS 0.00326
RMS 0.00326
RMS 0.00325
RMS 0.00325
RMS 0.00324
RMS 0.00324
RMS 0.00323
RMS 0.00323
RMS 0.00322
RMS 0.00322
RMS 0.00321
RMS 0.00321
RMS 0.00320
RMS 0.00320
RMS 0.00319
RMS 0.00319
RMS 0.00319
RMS 0.00318
RMS 0.00318
RMS 0.00317
RMS 0.00317
RMS 0.00316
RMS 0.00316
RMS 0.00315
RMS 0.00315
RMS 0.00315
RMS 0.00314
RMS 0.00314
RMS 0.00313
RMS 0.00313
RMS 0.00312
RMS 0.00312
RMS 0.00312
RMS 0.00311
RMS 0.00311
RMS 0.00310
RMS 0.00310
RMS 0.00310
RMS 0.00309
RMS 0.00309
RMS 0.00308
RMS 0.00308
RMS 0.00308
RMS 0.00307
RMS 0.00307
RMS 0.00307
RMS 0.00306
RMS 0.00306
RMS 0.00305
RMS 0.00305
RMS 0.00305
RMS 0.00304
RMS 0.00304
RMS 0.00304
RMS 0.00303
RMS 0.00303
RMS 0.00303
RMS 0.00302
RMS 0.00302
RMS 0.00302
RMS 0.00301
RMS 0.00301
RMS 0.00301
RMS 0.00300
RMS 0.00300
RMS 0.00300
RMS 0.00299
RMS 0.00299
RMS 0.00299
RMS 0.00298
RMS 0.00298
RMS 0.00298
RMS 0.00297
RMS 0.00297
RMS 0.00297
RMS 0.00296
RMS 0.00296
RMS 0.00296
RMS 0.00295
RMS 0.00295
RMS 0.00295
RMS 0.00294
RMS 0.00294
RMS 0.00294
RMS 0.00294
RMS 0.00293
RMS 0.00293
RMS 0.00293
RMS 0.00292
RMS 0.00292
RMS 0.00292
RMS 0.00292
RMS 0.00291
RMS 0.00291
RMS 0.00291
RMS 0.00290
RMS 0.00290
RMS 0.00290
RMS 0.00290
RMS 0.00289
RMS 0.00289
RMS 0.00289
RMS 0.00288
RMS 0.00288
RMS 0.00288
RMS 0.00288
RMS 0.00287
RMS 0.00287
RMS 0.00287
RMS 0.00287
RMS 0.00286
RMS 0.00286
RMS 0.00286
RMS 0.00286
RMS 0.00285
RMS 0.00285
RMS 0.00285
RMS 0.00285
RMS 0.00284
RMS 0.00284
RMS 0.00284
RMS 0.00284
RMS 0.00283
RMS 0.00283
RMS 0.00283
RMS 0.00283
RMS 0.00282
RMS 0.00282
RMS 0.00282
RMS 0.00282
RMS 0.00281
RMS 0.00281
RMS 0.00281
RMS 0.00281
RMS 0.00280
RMS 0.00280
RMS 0.00280
RMS 0.00280
RMS 0.00279
RMS 0.00279
RMS 0.00279
RMS 0.00279
RMS 0.00279
RMS 0.00278
RMS 0.00278
RMS 0.00278
RMS 0.00278
RMS 0.00277
RMS 0.00277
RMS 0.00277
RMS 0.00277
RMS 0.00277
RMS 0.00276
RMS 0.00276
RMS 0.00276
RMS 0.00276
RMS 0.00275
RMS 0.00275
RMS 0.00275
RMS 0.00275
RMS 0.00275
RMS 0.00274
RMS 0.00274
RMS 0.00274
RMS 0.00274
RMS 0.00273
RMS 0.00273
RMS 0.00273
RMS 0.00273
RMS 0.00273
RMS 0.00272
RMS 0.00272
RMS 0.00272
RMS 0.00272
RMS 0.00272
RMS 0.00271
RMS 0.00271
RMS 0.00271
RMS 0.00271
RMS 0.00271
RMS 0.00270
RMS 0.00270
RMS 0.00270
RMS 0.00270
RMS 0.00270
RMS 0.00269
RMS 0.00269
RMS 0.00269
RMS 0.00269
RMS 0.00269
RMS 0.00268
RMS 0.00268
RMS 0.00268
RMS 0.00268
RMS 0.00268
RMS 0.00267
RMS 0.00267
RMS 0.00267
RMS 0.00267
RMS 0.00267
RMS 0.00267
RMS 0.00266
RMS 0.00266
RMS 0.00266
RMS 0.00266
RMS 0.00266
RMS 0.00265
RMS 0.00265
RMS 0.00265
RMS 0.00265
RMS 0.00265
RMS 0.00264
RMS 0.00264
RMS 0.00264
RMS 0.00264
RMS 0.00264
RMS 0.00264
RMS 0.00263
RMS 0.00263
RMS 0.00263
RMS 0.00263
RMS 0.00263
RMS 0.00262
RMS 0.00262
RMS 0.00262
RMS 0.00262
RMS 0.00262

##################TEST##################
Test : ACIERTOS = 101 96%
Test FALLOS = 4 4%
