-0.05 0.24 0.09 -0.33 -0.23 -0.11 -0.45 -0.00 -0.35 
-0.48 0.34 -0.27 0.00 0.36 0.44 -0.36 0.16 -0.38 
-0.14 -0.24 0.05 0.34 0.19 -0.20 0.15 -0.20 -0.39 
-0.13 -0.10 -0.12 0.48 0.35 -0.39 0.07 -0.48 -0.12 
0.46 -0.43 0.38 -0.39 
-0.41 0.22 -0.16 0.09 
0.07 -0.21 0.22 -0.27 -0.09 -0.42 

##################LEARN##################
RMS 1.13332
RMS 0.48880
RMS 0.28398
RMS 0.22815
RMS 0.20409
RMS 0.19040
RMS 0.18141
RMS 0.17499
RMS 0.17015
RMS 0.16634
RMS 0.16323
RMS 0.16064
RMS 0.15842
RMS 0.15649
RMS 0.15478
RMS 0.15325
RMS 0.15187
RMS 0.15061
RMS 0.14945
RMS 0.14838
RMS 0.14739
RMS 0.14648
RMS 0.14562
RMS 0.14482
RMS 0.14406
RMS 0.14336
RMS 0.14270
RMS 0.14207
RMS 0.14148
RMS 0.14093
RMS 0.14040
RMS 0.13990
RMS 0.13943
RMS 0.13898
RMS 0.13856
RMS 0.13815
RMS 0.13777
RMS 0.13740
RMS 0.13705
RMS 0.13672
RMS 0.13640
RMS 0.13609
RMS 0.13580
RMS 0.13552
RMS 0.13524
RMS 0.13498
RMS 0.13473
RMS 0.13449
RMS 0.13426
RMS 0.13403
RMS 0.13382
RMS 0.13361
RMS 0.13340
RMS 0.13321
RMS 0.13301
RMS 0.13283
RMS 0.13265
RMS 0.13247
RMS 0.13230
RMS 0.13214
RMS 0.13197
RMS 0.13182
RMS 0.13166
RMS 0.13151
RMS 0.13136
RMS 0.13122
RMS 0.13108
RMS 0.13094
RMS 0.13081
RMS 0.13068
RMS 0.13055
RMS 0.13042
RMS 0.13030
RMS 0.13018
RMS 0.13006
RMS 0.12994
RMS 0.12983
RMS 0.12971
RMS 0.12960
RMS 0.12949
RMS 0.12939
RMS 0.12928
RMS 0.12918
RMS 0.12907
RMS 0.12897
RMS 0.12887
RMS 0.12878
RMS 0.12868
RMS 0.12858
RMS 0.12849
RMS 0.12840
RMS 0.12831
RMS 0.12822
RMS 0.12813
RMS 0.12804
RMS 0.12795
RMS 0.12787
RMS 0.12778
RMS 0.12770
RMS 0.12761
RMS 0.12753
RMS 0.12745
RMS 0.12737
RMS 0.12729
RMS 0.12721
RMS 0.12713
RMS 0.12706
RMS 0.12698
RMS 0.12690
RMS 0.12683
RMS 0.12675
RMS 0.12668
RMS 0.12661
RMS 0.12654
RMS 0.12646
RMS 0.12639
RMS 0.12632
RMS 0.12625
RMS 0.12618
RMS 0.12611
RMS 0.12604
RMS 0.12598
RMS 0.12591
RMS 0.12584
RMS 0.12577
RMS 0.12571
RMS 0.12564
RMS 0.12558
RMS 0.12551
RMS 0.12545
RMS 0.12538
RMS 0.12532
RMS 0.12526
RMS 0.12519
RMS 0.12513
RMS 0.12507
RMS 0.12501
RMS 0.12495
RMS 0.12488
RMS 0.12482
RMS 0.12476
RMS 0.12470
RMS 0.12464
RMS 0.12458
RMS 0.12452
RMS 0.12446
RMS 0.12441
RMS 0.12435
RMS 0.12429
RMS 0.12423
RMS 0.12417
RMS 0.12412
RMS 0.12406
RMS 0.12400
RMS 0.12394
RMS 0.12389
RMS 0.12383
RMS 0.12377
RMS 0.12372
RMS 0.12366
RMS 0.12361
RMS 0.12355
RMS 0.12350
RMS 0.12344
RMS 0.12338
RMS 0.12333
RMS 0.12328
RMS 0.12322
RMS 0.12317
RMS 0.12311
RMS 0.12306
RMS 0.12300
RMS 0.12295
RMS 0.12290
RMS 0.12284
RMS 0.12279
RMS 0.12274
RMS 0.12268
RMS 0.12263
RMS 0.12258
RMS 0.12252
RMS 0.12247
RMS 0.12242
RMS 0.12237
RMS 0.12231
RMS 0.12226
RMS 0.12221
RMS 0.12216
RMS 0.12210
RMS 0.12205
RMS 0.12200
RMS 0.12195
RMS 0.12190
RMS 0.12184
RMS 0.12179
RMS 0.12174
RMS 0.12169
RMS 0.12164
RMS 0.12159
RMS 0.12153
RMS 0.12148
RMS 0.12143
RMS 0.12138
RMS 0.12133
RMS 0.12128
RMS 0.12123
RMS 0.12118
RMS 0.12113
RMS 0.12107
RMS 0.12102
RMS 0.12097
RMS 0.12092
RMS 0.12087
RMS 0.12082
RMS 0.12077
RMS 0.12072
RMS 0.12067
RMS 0.12062
RMS 0.12056
RMS 0.12051
RMS 0.12046
RMS 0.12041
RMS 0.12036
RMS 0.12031
RMS 0.12026
RMS 0.12021
RMS 0.12016
RMS 0.12011
RMS 0.12006
RMS 0.12000
RMS 0.11995
RMS 0.11990
RMS 0.11985
RMS 0.11980
RMS 0.11975
RMS 0.11970
RMS 0.11965
RMS 0.11960
RMS 0.11954
RMS 0.11949
RMS 0.11944
RMS 0.11939
RMS 0.11934
RMS 0.11929
RMS 0.11924
RMS 0.11918
RMS 0.11913
RMS 0.11908
RMS 0.11903
RMS 0.11898
RMS 0.11892
RMS 0.11887
RMS 0.11882
RMS 0.11877
RMS 0.11872
RMS 0.11866
RMS 0.11861
RMS 0.11856
RMS 0.11851
RMS 0.11845
RMS 0.11840
RMS 0.11835
RMS 0.11829
RMS 0.11824
RMS 0.11819
RMS 0.11814
RMS 0.11808
RMS 0.11803
RMS 0.11797
RMS 0.11792
RMS 0.11787
RMS 0.11781
RMS 0.11776
RMS 0.11770
RMS 0.11765
RMS 0.11760
RMS 0.11754
RMS 0.11749
RMS 0.11743
RMS 0.11738
RMS 0.11732
RMS 0.11727
RMS 0.11721
RMS 0.11716
RMS 0.11710
RMS 0.11704
RMS 0.11699
RMS 0.11693
RMS 0.11688
RMS 0.11682
RMS 0.11676
RMS 0.11671
RMS 0.11665
RMS 0.11659
RMS 0.11653
RMS 0.11648
RMS 0.11642
RMS 0.11636
RMS 0.11630
RMS 0.11624
RMS 0.11619
RMS 0.11613
RMS 0.11607
RMS 0.11601
RMS 0.11595
RMS 0.11589
RMS 0.11583
RMS 0.11577
RMS 0.11571
RMS 0.11565
RMS 0.11559
RMS 0.11553
RMS 0.11547
RMS 0.11541
RMS 0.11535
RMS 0.11528
RMS 0.11522
RMS 0.11516
RMS 0.11510
RMS 0.11504
RMS 0.11497
RMS 0.11491
RMS 0.11485
RMS 0.11478
RMS 0.11472
RMS 0.11466
RMS 0.11459
RMS 0.11453
RMS 0.11446
RMS 0.11440
RMS 0.11433
RMS 0.11427
RMS 0.11420
RMS 0.11414
RMS 0.11407
RMS 0.11400
RMS 0.11394
RMS 0.11387
RMS 0.11380
RMS 0.11374
RMS 0.11367
RMS 0.11360
RMS 0.11353
RMS 0.11347
RMS 0.11340
RMS 0.11333
RMS 0.11326
RMS 0.11319
RMS 0.11312
RMS 0.11305
RMS 0.11298
RMS 0.11291
RMS 0.11284
RMS 0.11277
RMS 0.11270
RMS 0.11262
RMS 0.11255
RMS 0.11248
RMS 0.11241
RMS 0.11234
RMS 0.11226
RMS 0.11219
RMS 0.11212
RMS 0.11204
RMS 0.11197
RMS 0.11189
RMS 0.11182
RMS 0.11174
RMS 0.11167
RMS 0.11159
RMS 0.11152
RMS 0.11144
RMS 0.11137
RMS 0.11129
RMS 0.11121
RMS 0.11114
RMS 0.11106
RMS 0.11098
RMS 0.11091
RMS 0.11083
RMS 0.11075
RMS 0.11067
RMS 0.11059
RMS 0.11052
RMS 0.11044
RMS 0.11036
RMS 0.11028
RMS 0.11020
RMS 0.11012
RMS 0.11004
RMS 0.10996
RMS 0.10988
RMS 0.10980
RMS 0.10972
RMS 0.10964
RMS 0.10955
RMS 0.10947
RMS 0.10939
RMS 0.10931
RMS 0.10923
RMS 0.10914
RMS 0.10906
RMS 0.10898
RMS 0.10890
RMS 0.10881
RMS 0.10873
RMS 0.10865
RMS 0.10856
RMS 0.10848
RMS 0.10840
RMS 0.10831
RMS 0.10823
RMS 0.10814
RMS 0.10806
RMS 0.10798
RMS 0.10789
RMS 0.10781
RMS 0.10772
RMS 0.10764
RMS 0.10755
RMS 0.10747
RMS 0.10738
RMS 0.10730
RMS 0.10721
RMS 0.10712
RMS 0.10704
RMS 0.10695
RMS 0.10687
RMS 0.10678
RMS 0.10670
RMS 0.10661
RMS 0.10652
RMS 0.10644
RMS 0.10635
RMS 0.10627
RMS 0.10618
RMS 0.10609
RMS 0.10601
RMS 0.10592
RMS 0.10584
RMS 0.10575
RMS 0.10566
RMS 0.10558
RMS 0.10549
RMS 0.10540
RMS 0.10532
RMS 0.10523
RMS 0.10515
RMS 0.10506
RMS 0.10498
RMS 0.10489
RMS 0.10480
RMS 0.10472
RMS 0.10463
RMS 0.10455
RMS 0.10446
RMS 0.10438
RMS 0.10429
RMS 0.10421
RMS 0.10412
RMS 0.10404
RMS 0.10395
RMS 0.10387
RMS 0.10378
RMS 0.10370
RMS 0.10361
RMS 0.10353
RMS 0.10344
RMS 0.10336
RMS 0.10328
RMS 0.10319
RMS 0.10311
RMS 0.10303
RMS 0.10294
RMS 0.10286
RMS 0.10278
RMS 0.10269
RMS 0.10261
RMS 0.10253
RMS 0.10245
RMS 0.10237
RMS 0.10228
RMS 0.10220
RMS 0.10212
RMS 0.10204
RMS 0.10196
RMS 0.10188
RMS 0.10180
RMS 0.10172
RMS 0.10164
RMS 0.10156
RMS 0.10148
RMS 0.10140
RMS 0.10132
RMS 0.10125
RMS 0.10117
RMS 0.10109
RMS 0.10101
RMS 0.10094
RMS 0.10086
RMS 0.10078
RMS 0.10071
RMS 0.10063
RMS 0.10055
RMS 0.10048
RMS 0.10040
RMS 0.10033
RMS 0.10025
RMS 0.10018
RMS 0.10010
RMS 0.10003
RMS 0.09996
RMS 0.09988
RMS 0.09981
RMS 0.09974
RMS 0.09967
RMS 0.09960
RMS 0.09952
RMS 0.09945
RMS 0.09938
RMS 0.09931
RMS 0.09924
RMS 0.09917
RMS 0.09910
RMS 0.09903
RMS 0.09896
RMS 0.09890
RMS 0.09883
RMS 0.09876
RMS 0.09869
RMS 0.09863
RMS 0.09856
RMS 0.09849
RMS 0.09843
RMS 0.09836
RMS 0.09830
RMS 0.09823
RMS 0.09817
RMS 0.09810
RMS 0.09804
RMS 0.09798
RMS 0.09791
RMS 0.09785
RMS 0.09779
RMS 0.09772
RMS 0.09766
RMS 0.09760
RMS 0.09754
RMS 0.09748
RMS 0.09742
RMS 0.09736
RMS 0.09730
RMS 0.09724
RMS 0.09718
RMS 0.09712
RMS 0.09707
RMS 0.09701
RMS 0.09695
RMS 0.09689
RMS 0.09684
RMS 0.09678
RMS 0.09672
RMS 0.09667
RMS 0.09661
RMS 0.09656
RMS 0.09650
RMS 0.09645
RMS 0.09639
RMS 0.09634
RMS 0.09629
RMS 0.09623
RMS 0.09618
RMS 0.09613
RMS 0.09608
RMS 0.09603
RMS 0.09597
RMS 0.09592
RMS 0.09587
RMS 0.09582
RMS 0.09577
RMS 0.09572
RMS 0.09567
RMS 0.09563
RMS 0.09558
RMS 0.09553
RMS 0.09548
RMS 0.09543
RMS 0.09539
RMS 0.09534
RMS 0.09529
RMS 0.09525
RMS 0.09520
RMS 0.09515
RMS 0.09511
RMS 0.09506
RMS 0.09502
RMS 0.09497
RMS 0.09493
RMS 0.09489
RMS 0.09484
RMS 0.09480
RMS 0.09476
RMS 0.09471
RMS 0.09467
RMS 0.09463
RMS 0.09459
RMS 0.09455
RMS 0.09450
RMS 0.09446
RMS 0.09442
RMS 0.09438
RMS 0.09434
RMS 0.09430
RMS 0.09426
RMS 0.09422
RMS 0.09418
RMS 0.09415
RMS 0.09411
RMS 0.09407
RMS 0.09403
RMS 0.09399
RMS 0.09396
RMS 0.09392
RMS 0.09388
RMS 0.09385
RMS 0.09381
RMS 0.09377
RMS 0.09374
RMS 0.09370
RMS 0.09367
RMS 0.09363
RMS 0.09360
RMS 0.09356
RMS 0.09353
RMS 0.09349
RMS 0.09346
RMS 0.09343
RMS 0.09339
RMS 0.09336
RMS 0.09333
RMS 0.09329
RMS 0.09326
RMS 0.09323
RMS 0.09320
RMS 0.09317
RMS 0.09314
RMS 0.09310
RMS 0.09307
RMS 0.09304
RMS 0.09301
RMS 0.09298
RMS 0.09295
RMS 0.09292
RMS 0.09289
RMS 0.09286
RMS 0.09283
RMS 0.09280
RMS 0.09277
RMS 0.09275
RMS 0.09272
RMS 0.09269
RMS 0.09266
RMS 0.09263
RMS 0.09261
RMS 0.09258
RMS 0.09255
RMS 0.09252
RMS 0.09250
RMS 0.09247
RMS 0.09244
RMS 0.09242
RMS 0.09239
RMS 0.09236
RMS 0.09234
RMS 0.09231
RMS 0.09229
RMS 0.09226
RMS 0.09224
RMS 0.09221
RMS 0.09219
RMS 0.09216
RMS 0.09214
RMS 0.09212
RMS 0.09209
RMS 0.09207
RMS 0.09204
RMS 0.09202
RMS 0.09200
RMS 0.09197
RMS 0.09195
RMS 0.09193
RMS 0.09190
RMS 0.09188
RMS 0.09186
RMS 0.09184
RMS 0.09182
RMS 0.09179
RMS 0.09177
RMS 0.09175
RMS 0.09173
RMS 0.09171
RMS 0.09169
RMS 0.09166
RMS 0.09164
RMS 0.09162
RMS 0.09160
RMS 0.09158
RMS 0.09156
RMS 0.09154
RMS 0.09152
RMS 0.09150
RMS 0.09148
RMS 0.09146
RMS 0.09144
RMS 0.09142
RMS 0.09140
RMS 0.09138
RMS 0.09137
RMS 0.09135
RMS 0.09133
RMS 0.09131
RMS 0.09129
RMS 0.09127
RMS 0.09125
RMS 0.09124
RMS 0.09122
RMS 0.09120
RMS 0.09118
RMS 0.09116
RMS 0.09115
RMS 0.09113
RMS 0.09111
RMS 0.09109
RMS 0.09108
RMS 0.09106
RMS 0.09104
RMS 0.09103
RMS 0.09101
RMS 0.09099
RMS 0.09098
RMS 0.09096
RMS 0.09094
RMS 0.09093
RMS 0.09091
RMS 0.09090
RMS 0.09088
RMS 0.09087
RMS 0.09085
RMS 0.09083
RMS 0.09082
RMS 0.09080
RMS 0.09079
RMS 0.09077
RMS 0.09076
RMS 0.09074
RMS 0.09073
RMS 0.09071
RMS 0.09070
RMS 0.09068
RMS 0.09067
RMS 0.09066
RMS 0.09064
RMS 0.09063
RMS 0.09061
RMS 0.09060
RMS 0.09059
RMS 0.09057
RMS 0.09056
RMS 0.09054
RMS 0.09053
RMS 0.09052
RMS 0.09050
RMS 0.09049
RMS 0.09048
RMS 0.09046
RMS 0.09045
RMS 0.09044
RMS 0.09043
RMS 0.09041
RMS 0.09040
RMS 0.09039
RMS 0.09038
RMS 0.09036
RMS 0.09035
RMS 0.09034
RMS 0.09033
RMS 0.09031
RMS 0.09030
RMS 0.09029
RMS 0.09028
RMS 0.09027
RMS 0.09025
RMS 0.09024
RMS 0.09023
RMS 0.09022
RMS 0.09021
RMS 0.09020
RMS 0.09018
RMS 0.09017
RMS 0.09016
RMS 0.09015
RMS 0.09014
RMS 0.09013
RMS 0.09012
RMS 0.09011
RMS 0.09010
RMS 0.09009
RMS 0.09007
RMS 0.09006
RMS 0.09005
RMS 0.09004
RMS 0.09003
RMS 0.09002
RMS 0.09001
RMS 0.09000
RMS 0.08999
RMS 0.08998
RMS 0.08997
RMS 0.08996
RMS 0.08995
RMS 0.08994
RMS 0.08993
RMS 0.08992
RMS 0.08991
RMS 0.08990
RMS 0.08989
RMS 0.08988
RMS 0.08987
RMS 0.08986
RMS 0.08985
RMS 0.08984
RMS 0.08984
RMS 0.08983
RMS 0.08982
RMS 0.08981
RMS 0.08980
RMS 0.08979
RMS 0.08978
RMS 0.08977
RMS 0.08976
RMS 0.08975
RMS 0.08975
RMS 0.08974
RMS 0.08973
RMS 0.08972
RMS 0.08971
RMS 0.08970
RMS 0.08969
RMS 0.08968
RMS 0.08968
RMS 0.08967
RMS 0.08966
RMS 0.08965
RMS 0.08964
RMS 0.08964
RMS 0.08963
RMS 0.08962
RMS 0.08961
RMS 0.08960
RMS 0.08959
RMS 0.08959
RMS 0.08958
RMS 0.08957
RMS 0.08956
RMS 0.08956
RMS 0.08955
RMS 0.08954
RMS 0.08953
RMS 0.08953
RMS 0.08952
RMS 0.08951
RMS 0.08950
RMS 0.08950
RMS 0.08949
RMS 0.08948
RMS 0.08947
RMS 0.08947
RMS 0.08946
RMS 0.08945
RMS 0.08944
RMS 0.08944
RMS 0.08943
RMS 0.08942
RMS 0.08942
RMS 0.08941
RMS 0.08940
RMS 0.08940
RMS 0.08939
RMS 0.08938
RMS 0.08938
RMS 0.08937
RMS 0.08936
RMS 0.08936
RMS 0.08935
RMS 0.08934
RMS 0.08934
RMS 0.08933
RMS 0.08932
RMS 0.08932
RMS 0.08931
RMS 0.08930
RMS 0.08930
RMS 0.08929
RMS 0.08928
RMS 0.08928
RMS 0.08927
RMS 0.08927
RMS 0.08926
RMS 0.08925
RMS 0.08925
RMS 0.08924
RMS 0.08924
RMS 0.08923
RMS 0.08922
RMS 0.08922
RMS 0.08921
RMS 0.08921
RMS 0.08920
RMS 0.08919
RMS 0.08919
RMS 0.08918
RMS 0.08918
RMS 0.08917
RMS 0.08917
RMS 0.08916
RMS 0.08915
RMS 0.08915
RMS 0.08914
RMS 0.08914
RMS 0.08913
RMS 0.08913
RMS 0.08912
RMS 0.08912
RMS 0.08911
RMS 0.08910
RMS 0.08910
RMS 0.08909
RMS 0.08909
RMS 0.08908
RMS 0.08908
RMS 0.08907
RMS 0.08907
RMS 0.08906
RMS 0.08906
RMS 0.08905
RMS 0.08905
RMS 0.08904
RMS 0.08904
RMS 0.08903
RMS 0.08903
RMS 0.08902
RMS 0.08902
RMS 0.08901
RMS 0.08901
RMS 0.08900
RMS 0.08900
RMS 0.08899
RMS 0.08899
RMS 0.08898
RMS 0.08898
RMS 0.08897
RMS 0.08897
RMS 0.08896
RMS 0.08896
RMS 0.08896
RMS 0.08895
RMS 0.08895
RMS 0.08894
RMS 0.08894
RMS 0.08893
RMS 0.08893
RMS 0.08892
RMS 0.08892
RMS 0.08891
RMS 0.08891
RMS 0.08891
RMS 0.08890
RMS 0.08890
RMS 0.08889
RMS 0.08889
RMS 0.08888
RMS 0.08888
RMS 0.08888
RMS 0.08887
RMS 0.08887
RMS 0.08886
RMS 0.08886
RMS 0.08885
RMS 0.08885
RMS 0.08885
RMS 0.08884
RMS 0.08884
RMS 0.08883
RMS 0.08883
RMS 0.08883
RMS 0.08882
RMS 0.08882
RMS 0.08881
RMS 0.08881
RMS 0.08881

##################TEST##################
Test : ACIERTOS = 465 95%
Test FALLOS = 25 5%
