-0.40 -0.06 
-0.02 -0.48 
-0.49 0.44 
0.06 0.03 
-0.18 -0.14 
-0.30 0.35 
0.11 0.23 
0.48 -0.49 
0.02 -0.22 
0.39 -0.50 
0.24 -0.06 
-0.26 -0.10 
0.21 0.48 -0.39 -0.44 -0.13 0.20 -0.33 -0.04 -0.37 0.16 -0.02 -0.36 
0.10 -0.47 0.18 0.42 -0.11 0.38 0.28 -0.50 0.10 0.26 -0.49 -0.38 
-0.47 0.40 -0.38 0.28 -0.16 -0.14 -0.32 -0.45 -0.16 -0.20 -0.39 0.21 0.49 -0.22 

##################LEARN##################
RMS 1.47927
RMS 1.43238
RMS 1.39276
RMS 1.35911
RMS 1.33034
RMS 1.30556
RMS 1.28405
RMS 1.26523
RMS 1.24862
RMS 1.23382
RMS 1.22054
RMS 1.20851
RMS 1.19753
RMS 1.18741
RMS 1.17801
RMS 1.16923
RMS 1.16095
RMS 1.15309
RMS 1.14559
RMS 1.13839
RMS 1.13143
RMS 1.12468
RMS 1.11809
RMS 1.11164
RMS 1.10529
RMS 1.09904
RMS 1.09285
RMS 1.08670
RMS 1.08059
RMS 1.07450
RMS 1.06842
RMS 1.06233
RMS 1.05623
RMS 1.05011
RMS 1.04396
RMS 1.03778
RMS 1.03156
RMS 1.02529
RMS 1.01898
RMS 1.01261
RMS 1.00618
RMS 0.99969
RMS 0.99314
RMS 0.98652
RMS 0.97983
RMS 0.97307
RMS 0.96624
RMS 0.95933
RMS 0.95235
RMS 0.94529
RMS 0.93815
RMS 0.93093
RMS 0.92364
RMS 0.91627
RMS 0.90881
RMS 0.90128
RMS 0.89367
RMS 0.88599
RMS 0.87822
RMS 0.87038
RMS 0.86247
RMS 0.85448
RMS 0.84641
RMS 0.83828
RMS 0.83008
RMS 0.82181
RMS 0.81348
RMS 0.80508
RMS 0.79663
RMS 0.78812
RMS 0.77955
RMS 0.77094
RMS 0.76227
RMS 0.75357
RMS 0.74482
RMS 0.73603
RMS 0.72721
RMS 0.71836
RMS 0.70949
RMS 0.70059
RMS 0.69168
RMS 0.68275
RMS 0.67382
RMS 0.66487
RMS 0.65593
RMS 0.64699
RMS 0.63806
RMS 0.62914
RMS 0.62023
RMS 0.61135
RMS 0.60249
RMS 0.59366
RMS 0.58486
RMS 0.57610
RMS 0.56738
RMS 0.55870
RMS 0.55007
RMS 0.54150
RMS 0.53297
RMS 0.52451
RMS 0.51611
RMS 0.50777
RMS 0.49950
RMS 0.49130
RMS 0.48317
RMS 0.47512
RMS 0.46715
RMS 0.45926
RMS 0.45145
RMS 0.44373
RMS 0.43610
RMS 0.42855
RMS 0.42109
RMS 0.41373
RMS 0.40646
RMS 0.39928
RMS 0.39220
RMS 0.38521
RMS 0.37833
RMS 0.37154
RMS 0.36485
RMS 0.35825
RMS 0.35176
RMS 0.34537
RMS 0.33908
RMS 0.33289
RMS 0.32680
RMS 0.32081
RMS 0.31492
RMS 0.30913
RMS 0.30344
RMS 0.29784
RMS 0.29235
RMS 0.28695
RMS 0.28165
RMS 0.27645
RMS 0.27134
RMS 0.26633
RMS 0.26141
RMS 0.25659
RMS 0.25185
RMS 0.24721
RMS 0.24266
RMS 0.23819
RMS 0.23381
RMS 0.22952
RMS 0.22532
RMS 0.22120
RMS 0.21716
RMS 0.21320
RMS 0.20933
RMS 0.20553
RMS 0.20181
RMS 0.19816
RMS 0.19459
RMS 0.19110
RMS 0.18768
RMS 0.18433
RMS 0.18105
RMS 0.17783
RMS 0.17469
RMS 0.17161
RMS 0.16859
RMS 0.16564
RMS 0.16275
RMS 0.15993
RMS 0.15716
RMS 0.15445
RMS 0.15179
RMS 0.14920
RMS 0.14666
RMS 0.14417
RMS 0.14173
RMS 0.13935
RMS 0.13701
RMS 0.13473
RMS 0.13249
RMS 0.13030
RMS 0.12816
RMS 0.12606
RMS 0.12401
RMS 0.12200
RMS 0.12003
RMS 0.11810
RMS 0.11622
RMS 0.11437
RMS 0.11256
RMS 0.11078
RMS 0.10905
RMS 0.10735
RMS 0.10569
RMS 0.10405
RMS 0.10246
RMS 0.10089
RMS 0.09936
RMS 0.09786
RMS 0.09639
RMS 0.09495
RMS 0.09354
RMS 0.09215
RMS 0.09080
RMS 0.08947
RMS 0.08817
RMS 0.08689
RMS 0.08564
RMS 0.08441
RMS 0.08321
RMS 0.08203
RMS 0.08088
RMS 0.07974
RMS 0.07863
RMS 0.07754
RMS 0.07647
RMS 0.07543
RMS 0.07440
RMS 0.07339
RMS 0.07240
RMS 0.07143
RMS 0.07048
RMS 0.06954
RMS 0.06863
RMS 0.06773
RMS 0.06684
RMS 0.06598
RMS 0.06513
RMS 0.06429
RMS 0.06347
RMS 0.06267
RMS 0.06188
RMS 0.06110
RMS 0.06034
RMS 0.05959
RMS 0.05886
RMS 0.05814
RMS 0.05743
RMS 0.05673
RMS 0.05605
RMS 0.05538
RMS 0.05472
RMS 0.05407
RMS 0.05343
RMS 0.05281
RMS 0.05219
RMS 0.05158
RMS 0.05099
RMS 0.05041
RMS 0.04983
RMS 0.04927
RMS 0.04871
RMS 0.04816
RMS 0.04763
RMS 0.04710
RMS 0.04658
RMS 0.04607
RMS 0.04557
RMS 0.04507
RMS 0.04459
RMS 0.04411
RMS 0.04364
RMS 0.04317
RMS 0.04272
RMS 0.04227
RMS 0.04183
RMS 0.04140
RMS 0.04097
RMS 0.04055
RMS 0.04013
RMS 0.03973
RMS 0.03932
RMS 0.03893
RMS 0.03854
RMS 0.03816
RMS 0.03778
RMS 0.03741
RMS 0.03704
RMS 0.03668
RMS 0.03633
RMS 0.03598
RMS 0.03563
RMS 0.03530
RMS 0.03496
RMS 0.03463
RMS 0.03431
RMS 0.03399
RMS 0.03367
RMS 0.03336
RMS 0.03306
RMS 0.03276
RMS 0.03246
RMS 0.03217
RMS 0.03188
RMS 0.03159
RMS 0.03131
RMS 0.03104
RMS 0.03076
RMS 0.03049
RMS 0.03023
RMS 0.02997
RMS 0.02971
RMS 0.02946
RMS 0.02921
RMS 0.02896
RMS 0.02871
RMS 0.02847
RMS 0.02824
RMS 0.02800
RMS 0.02777
RMS 0.02754
RMS 0.02732
RMS 0.02710
RMS 0.02688
RMS 0.02666
RMS 0.02645
RMS 0.02624
RMS 0.02603
RMS 0.02583
RMS 0.02562
RMS 0.02542
RMS 0.02523
RMS 0.02503
RMS 0.02484
RMS 0.02465
RMS 0.02446
RMS 0.02428
RMS 0.02410
RMS 0.02392
RMS 0.02374
RMS 0.02356
RMS 0.02339
RMS 0.02322
RMS 0.02305
RMS 0.02288
RMS 0.02272
RMS 0.02255
RMS 0.02239
RMS 0.02223
RMS 0.02208
RMS 0.02192
RMS 0.02177
RMS 0.02162
RMS 0.02147
RMS 0.02132
RMS 0.02117
RMS 0.02103
RMS 0.02088
RMS 0.02074
RMS 0.02060
RMS 0.02047
RMS 0.02033
RMS 0.02019
RMS 0.02006
RMS 0.01993
RMS 0.01980
RMS 0.01967
RMS 0.01954
RMS 0.01942
RMS 0.01930
RMS 0.01917
RMS 0.01905
RMS 0.01893
RMS 0.01881
RMS 0.01870
RMS 0.01858
RMS 0.01846
RMS 0.01835
RMS 0.01824
RMS 0.01813
RMS 0.01802
RMS 0.01791
RMS 0.01780
RMS 0.01770
RMS 0.01759
RMS 0.01749
RMS 0.01738
RMS 0.01728
RMS 0.01718
RMS 0.01708
RMS 0.01698
RMS 0.01689
RMS 0.01679
RMS 0.01670
RMS 0.01660
RMS 0.01651
RMS 0.01642
RMS 0.01632
RMS 0.01623
RMS 0.01614
RMS 0.01606
RMS 0.01597
RMS 0.01588
RMS 0.01580
RMS 0.01571
RMS 0.01563
RMS 0.01554
RMS 0.01546
RMS 0.01538
RMS 0.01530
RMS 0.01522
RMS 0.01514
RMS 0.01506
RMS 0.01498
RMS 0.01491
RMS 0.01483
RMS 0.01476
RMS 0.01468
RMS 0.01461
RMS 0.01454
RMS 0.01446
RMS 0.01439
RMS 0.01432
RMS 0.01425
RMS 0.01418
RMS 0.01411
RMS 0.01404
RMS 0.01398
RMS 0.01391
RMS 0.01384
RMS 0.01378
RMS 0.01371
RMS 0.01365
RMS 0.01358
RMS 0.01352
RMS 0.01346
RMS 0.01340
RMS 0.01334
RMS 0.01328
RMS 0.01322
RMS 0.01316
RMS 0.01310
RMS 0.01304
RMS 0.01298
RMS 0.01292
RMS 0.01287
RMS 0.01281
RMS 0.01275
RMS 0.01270
RMS 0.01264
RMS 0.01259
RMS 0.01253
RMS 0.01248
RMS 0.01243
RMS 0.01238
RMS 0.01232
RMS 0.01227
RMS 0.01222
RMS 0.01217
RMS 0.01212
RMS 0.01207
RMS 0.01202
RMS 0.01197
RMS 0.01192
RMS 0.01188
RMS 0.01183
RMS 0.01178
RMS 0.01174
RMS 0.01169
RMS 0.01164
RMS 0.01160
RMS 0.01155
RMS 0.01151
RMS 0.01146
RMS 0.01142
RMS 0.01138
RMS 0.01133
RMS 0.01129
RMS 0.01125
RMS 0.01121
RMS 0.01116
RMS 0.01112
RMS 0.01108
RMS 0.01104
RMS 0.01100
RMS 0.01096
RMS 0.01092
RMS 0.01088
RMS 0.01084
RMS 0.01080
RMS 0.01077
RMS 0.01073
RMS 0.01069
RMS 0.01065
RMS 0.01061
RMS 0.01058
RMS 0.01054
RMS 0.01051
RMS 0.01047
RMS 0.01043
RMS 0.01040
RMS 0.01036
RMS 0.01033
RMS 0.01029
RMS 0.01026
RMS 0.01023
RMS 0.01019
RMS 0.01016
RMS 0.01013
RMS 0.01009
RMS 0.01006
RMS 0.01003
RMS 0.01000
RMS 0.00996
RMS 0.00993
RMS 0.00990
RMS 0.00987
RMS 0.00984
RMS 0.00981
RMS 0.00978
RMS 0.00975
RMS 0.00972
RMS 0.00969
RMS 0.00966
RMS 0.00963
RMS 0.00960
RMS 0.00957
RMS 0.00954
RMS 0.00952
RMS 0.00949
RMS 0.00946
RMS 0.00943
RMS 0.00940
RMS 0.00938
RMS 0.00935
RMS 0.00932
RMS 0.00930
RMS 0.00927
RMS 0.00924
RMS 0.00922
RMS 0.00919
RMS 0.00917
RMS 0.00914
RMS 0.00912
RMS 0.00909
RMS 0.00907
RMS 0.00904
RMS 0.00902
RMS 0.00899
RMS 0.00897
RMS 0.00894
RMS 0.00892
RMS 0.00890
RMS 0.00887
RMS 0.00885
RMS 0.00883
RMS 0.00880
RMS 0.00878
RMS 0.00876
RMS 0.00874
RMS 0.00871
RMS 0.00869
RMS 0.00867
RMS 0.00865
RMS 0.00863
RMS 0.00861
RMS 0.00858
RMS 0.00856
RMS 0.00854
RMS 0.00852
RMS 0.00850
RMS 0.00848
RMS 0.00846
RMS 0.00844
RMS 0.00842
RMS 0.00840
RMS 0.00838
RMS 0.00836
RMS 0.00834
RMS 0.00832
RMS 0.00830
RMS 0.00828
RMS 0.00826
RMS 0.00824
RMS 0.00822
RMS 0.00821
RMS 0.00819
RMS 0.00817
RMS 0.00815
RMS 0.00813
RMS 0.00811
RMS 0.00810
RMS 0.00808
RMS 0.00806
RMS 0.00804
RMS 0.00803
RMS 0.00801
RMS 0.00799
RMS 0.00797
RMS 0.00796
RMS 0.00794
RMS 0.00792
RMS 0.00791
RMS 0.00789
RMS 0.00787
RMS 0.00786
RMS 0.00784
RMS 0.00783
RMS 0.00781
RMS 0.00779
RMS 0.00778
RMS 0.00776
RMS 0.00775
RMS 0.00773
RMS 0.00772
RMS 0.00770
RMS 0.00769
RMS 0.00767
RMS 0.00766
RMS 0.00764
RMS 0.00763
RMS 0.00761
RMS 0.00760
RMS 0.00758
RMS 0.00757
RMS 0.00755
RMS 0.00754
RMS 0.00753
RMS 0.00751
RMS 0.00750
RMS 0.00748
RMS 0.00747
RMS 0.00746
RMS 0.00744
RMS 0.00743
RMS 0.00742
RMS 0.00740
RMS 0.00739
RMS 0.00738
RMS 0.00736
RMS 0.00735
RMS 0.00734
RMS 0.00733
RMS 0.00731
RMS 0.00730
RMS 0.00729
RMS 0.00728
RMS 0.00726
RMS 0.00725
RMS 0.00724
RMS 0.00723
RMS 0.00721
RMS 0.00720
RMS 0.00719
RMS 0.00718
RMS 0.00717
RMS 0.00715
RMS 0.00714
RMS 0.00713
RMS 0.00712
RMS 0.00711
RMS 0.00710
RMS 0.00709
RMS 0.00707
RMS 0.00706
RMS 0.00705
RMS 0.00704
RMS 0.00703
RMS 0.00702
RMS 0.00701
RMS 0.00700
RMS 0.00699
RMS 0.00698
RMS 0.00697
RMS 0.00696
RMS 0.00695
RMS 0.00694
RMS 0.00692
RMS 0.00691
RMS 0.00690
RMS 0.00689
RMS 0.00688
RMS 0.00687
RMS 0.00686
RMS 0.00685
RMS 0.00684
RMS 0.00683
RMS 0.00683
RMS 0.00682
RMS 0.00681
RMS 0.00680
RMS 0.00679
RMS 0.00678
RMS 0.00677
RMS 0.00676
RMS 0.00675
RMS 0.00674
RMS 0.00673
RMS 0.00672
RMS 0.00671
RMS 0.00670
RMS 0.00670
RMS 0.00669
RMS 0.00668
RMS 0.00667
RMS 0.00666
RMS 0.00665
RMS 0.00664
RMS 0.00663
RMS 0.00663
RMS 0.00662
RMS 0.00661
RMS 0.00660
RMS 0.00659
RMS 0.00658
RMS 0.00658
RMS 0.00657
RMS 0.00656
RMS 0.00655
RMS 0.00654
RMS 0.00654
RMS 0.00653
RMS 0.00652
RMS 0.00651
RMS 0.00650
RMS 0.00650
RMS 0.00649
RMS 0.00648
RMS 0.00647
RMS 0.00647
RMS 0.00646
RMS 0.00645
RMS 0.00644
RMS 0.00644
RMS 0.00643
RMS 0.00642
RMS 0.00641
RMS 0.00641
RMS 0.00640
RMS 0.00639
RMS 0.00638
RMS 0.00638
RMS 0.00637
RMS 0.00636
RMS 0.00636
RMS 0.00635
RMS 0.00634
RMS 0.00634
RMS 0.00633
RMS 0.00632
RMS 0.00632
RMS 0.00631
RMS 0.00630
RMS 0.00630
RMS 0.00629
RMS 0.00628
RMS 0.00628
RMS 0.00627
RMS 0.00626
RMS 0.00626
RMS 0.00625
RMS 0.00624
RMS 0.00624
RMS 0.00623
RMS 0.00622
RMS 0.00622
RMS 0.00621
RMS 0.00621
RMS 0.00620
RMS 0.00619
RMS 0.00619
RMS 0.00618
RMS 0.00618
RMS 0.00617
RMS 0.00616
RMS 0.00616
RMS 0.00615
RMS 0.00615
RMS 0.00614
RMS 0.00613
RMS 0.00613
RMS 0.00612
RMS 0.00612
RMS 0.00611
RMS 0.00611
RMS 0.00610
RMS 0.00609
RMS 0.00609
RMS 0.00608
RMS 0.00608
RMS 0.00607
RMS 0.00607
RMS 0.00606
RMS 0.00606
RMS 0.00605
RMS 0.00605
RMS 0.00604
RMS 0.00604
RMS 0.00603
RMS 0.00602
RMS 0.00602
RMS 0.00601
RMS 0.00601
RMS 0.00600
RMS 0.00600
RMS 0.00599
RMS 0.00599
RMS 0.00598
RMS 0.00598
RMS 0.00597
RMS 0.00597
RMS 0.00596
RMS 0.00596
RMS 0.00595
RMS 0.00595
RMS 0.00595
RMS 0.00594
RMS 0.00594
RMS 0.00593
RMS 0.00593
RMS 0.00592
RMS 0.00592
RMS 0.00591
RMS 0.00591
RMS 0.00590
RMS 0.00590
RMS 0.00589
RMS 0.00589
RMS 0.00589
RMS 0.00588
RMS 0.00588
RMS 0.00587
RMS 0.00587
RMS 0.00586
RMS 0.00586
RMS 0.00585
RMS 0.00585
RMS 0.00585
RMS 0.00584
RMS 0.00584
RMS 0.00583
RMS 0.00583
RMS 0.00582
RMS 0.00582
RMS 0.00582
RMS 0.00581
RMS 0.00581
RMS 0.00580
RMS 0.00580
RMS 0.00580
RMS 0.00579
RMS 0.00579
RMS 0.00578
RMS 0.00578
RMS 0.00578
RMS 0.00577
RMS 0.00577
RMS 0.00576
RMS 0.00576
RMS 0.00576
RMS 0.00575
RMS 0.00575
RMS 0.00575
RMS 0.00574
RMS 0.00574
RMS 0.00573
RMS 0.00573
RMS 0.00573
RMS 0.00572
RMS 0.00572
RMS 0.00572
RMS 0.00571
RMS 0.00571
RMS 0.00571
RMS 0.00570
RMS 0.00570
RMS 0.00569
RMS 0.00569
RMS 0.00569
RMS 0.00568
RMS 0.00568
RMS 0.00568
RMS 0.00567
RMS 0.00567
RMS 0.00567
RMS 0.00566
RMS 0.00566
RMS 0.00566
RMS 0.00565
RMS 0.00565
RMS 0.00565
RMS 0.00564
RMS 0.00564
RMS 0.00564
RMS 0.00563
RMS 0.00563
RMS 0.00563
RMS 0.00562
RMS 0.00562
RMS 0.00562
RMS 0.00561
RMS 0.00561
RMS 0.00561
RMS 0.00561
RMS 0.00560
RMS 0.00560
RMS 0.00560
RMS 0.00559
RMS 0.00559
RMS 0.00559
RMS 0.00558
RMS 0.00558
RMS 0.00558
RMS 0.00558
RMS 0.00557
RMS 0.00557
RMS 0.00557
RMS 0.00556
RMS 0.00556
RMS 0.00556
RMS 0.00555
RMS 0.00555
RMS 0.00555
RMS 0.00555
RMS 0.00554
RMS 0.00554
RMS 0.00554
RMS 0.00554
RMS 0.00553
RMS 0.00553
RMS 0.00553
RMS 0.00552
RMS 0.00552
RMS 0.00552
RMS 0.00552
RMS 0.00551
RMS 0.00551
RMS 0.00551
RMS 0.00551
RMS 0.00550
RMS 0.00550
RMS 0.00550
RMS 0.00549
RMS 0.00549
RMS 0.00549
RMS 0.00549
RMS 0.00548
RMS 0.00548
RMS 0.00548
RMS 0.00548
RMS 0.00547
RMS 0.00547
RMS 0.00547
RMS 0.00547
RMS 0.00546
RMS 0.00546
RMS 0.00546
RMS 0.00546
RMS 0.00546
RMS 0.00545
RMS 0.00545
RMS 0.00545
RMS 0.00545
RMS 0.00544
RMS 0.00544
RMS 0.00544
RMS 0.00544
RMS 0.00543
RMS 0.00543
RMS 0.00543
RMS 0.00543
RMS 0.00542
RMS 0.00542
RMS 0.00542
RMS 0.00542
RMS 0.00542
RMS 0.00541
RMS 0.00541
RMS 0.00541
RMS 0.00541
RMS 0.00540
RMS 0.00540
RMS 0.00540
RMS 0.00540
RMS 0.00540
RMS 0.00539
RMS 0.00539
RMS 0.00539
RMS 0.00539
RMS 0.00539
RMS 0.00538
RMS 0.00538
RMS 0.00538
RMS 0.00538
RMS 0.00538
RMS 0.00537
RMS 0.00537
RMS 0.00537
RMS 0.00537
RMS 0.00537
RMS 0.00536
RMS 0.00536
RMS 0.00536
RMS 0.00536
RMS 0.00536
RMS 0.00535
RMS 0.00535
RMS 0.00535
RMS 0.00535
RMS 0.00535
RMS 0.00534
RMS 0.00534
RMS 0.00534

##################TEST##################
Test : ACIERTOS = 4 100%
Test FALLOS = 0 0%
