0.16 -0.28 
-0.38 -0.28 
0.21 0.36 
0.05 0.37 
-0.08 -0.19 -0.29 -0.10 
-0.07 -0.04 -0.21 0.35 
0.45 -0.02 0.19 0.13 0.02 -0.04 

##################LEARN##################
RMS 1.63213
RMS 1.59146
RMS 1.55511
RMS 1.52266
RMS 1.49368
RMS 1.46780
RMS 1.44466
RMS 1.42395
RMS 1.40538
RMS 1.38871
RMS 1.37370
RMS 1.36017
RMS 1.34793
RMS 1.33684
RMS 1.32675
RMS 1.31755
RMS 1.30914
RMS 1.30142
RMS 1.29432
RMS 1.28776
RMS 1.28168
RMS 1.27603
RMS 1.27076
RMS 1.26582
RMS 1.26118
RMS 1.25680
RMS 1.25265
RMS 1.24872
RMS 1.24497
RMS 1.24138
RMS 1.23793
RMS 1.23461
RMS 1.23140
RMS 1.22829
RMS 1.22527
RMS 1.22232
RMS 1.21943
RMS 1.21660
RMS 1.21381
RMS 1.21106
RMS 1.20834
RMS 1.20564
RMS 1.20297
RMS 1.20030
RMS 1.19764
RMS 1.19498
RMS 1.19232
RMS 1.18965
RMS 1.18697
RMS 1.18427
RMS 1.18156
RMS 1.17882
RMS 1.17605
RMS 1.17326
RMS 1.17043
RMS 1.16757
RMS 1.16466
RMS 1.16172
RMS 1.15873
RMS 1.15570
RMS 1.15261
RMS 1.14948
RMS 1.14629
RMS 1.14304
RMS 1.13974
RMS 1.13637
RMS 1.13295
RMS 1.12946
RMS 1.12590
RMS 1.12227
RMS 1.11857
RMS 1.11481
RMS 1.11097
RMS 1.10705
RMS 1.10306
RMS 1.09899
RMS 1.09484
RMS 1.09061
RMS 1.08630
RMS 1.08191
RMS 1.07743
RMS 1.07287
RMS 1.06823
RMS 1.06350
RMS 1.05869
RMS 1.05379
RMS 1.04881
RMS 1.04374
RMS 1.03859
RMS 1.03335
RMS 1.02802
RMS 1.02261
RMS 1.01712
RMS 1.01155
RMS 1.00590
RMS 1.00016
RMS 0.99435
RMS 0.98845
RMS 0.98249
RMS 0.97645
RMS 0.97033
RMS 0.96415
RMS 0.95790
RMS 0.95158
RMS 0.94519
RMS 0.93875
RMS 0.93225
RMS 0.92569
RMS 0.91908
RMS 0.91241
RMS 0.90570
RMS 0.89894
RMS 0.89214
RMS 0.88530
RMS 0.87842
RMS 0.87151
RMS 0.86457
RMS 0.85760
RMS 0.85060
RMS 0.84358
RMS 0.83654
RMS 0.82948
RMS 0.82240
RMS 0.81532
RMS 0.80822
RMS 0.80112
RMS 0.79401
RMS 0.78690
RMS 0.77979
RMS 0.77269
RMS 0.76558
RMS 0.75849
RMS 0.75140
RMS 0.74432
RMS 0.73726
RMS 0.73021
RMS 0.72317
RMS 0.71616
RMS 0.70916
RMS 0.70218
RMS 0.69523
RMS 0.68830
RMS 0.68139
RMS 0.67451
RMS 0.66766
RMS 0.66084
RMS 0.65404
RMS 0.64728
RMS 0.64055
RMS 0.63385
RMS 0.62718
RMS 0.62055
RMS 0.61395
RMS 0.60739
RMS 0.60087
RMS 0.59438
RMS 0.58793
RMS 0.58152
RMS 0.57515
RMS 0.56882
RMS 0.56253
RMS 0.55628
RMS 0.55007
RMS 0.54390
RMS 0.53778
RMS 0.53170
RMS 0.52566
RMS 0.51966
RMS 0.51371
RMS 0.50780
RMS 0.50194
RMS 0.49612
RMS 0.49035
RMS 0.48462
RMS 0.47894
RMS 0.47330
RMS 0.46771
RMS 0.46217
RMS 0.45667
RMS 0.45122
RMS 0.44582
RMS 0.44047
RMS 0.43516
RMS 0.42990
RMS 0.42469
RMS 0.41953
RMS 0.41441
RMS 0.40934
RMS 0.40433
RMS 0.39936
RMS 0.39444
RMS 0.38956
RMS 0.38474
RMS 0.37997
RMS 0.37524
RMS 0.37056
RMS 0.36594
RMS 0.36136
RMS 0.35683
RMS 0.35235
RMS 0.34792
RMS 0.34353
RMS 0.33920
RMS 0.33491
RMS 0.33068
RMS 0.32649
RMS 0.32235
RMS 0.31825
RMS 0.31421
RMS 0.31021
RMS 0.30626
RMS 0.30236
RMS 0.29851
RMS 0.29470
RMS 0.29094
RMS 0.28723
RMS 0.28356
RMS 0.27994
RMS 0.27636
RMS 0.27283
RMS 0.26935
RMS 0.26591
RMS 0.26251
RMS 0.25916
RMS 0.25585
RMS 0.25259
RMS 0.24937
RMS 0.24619
RMS 0.24306
RMS 0.23996
RMS 0.23691
RMS 0.23390
RMS 0.23093
RMS 0.22801
RMS 0.22512
RMS 0.22227
RMS 0.21946
RMS 0.21669
RMS 0.21396
RMS 0.21127
RMS 0.20862
RMS 0.20600
RMS 0.20342
RMS 0.20088
RMS 0.19837
RMS 0.19590
RMS 0.19346
RMS 0.19106
RMS 0.18869
RMS 0.18636
RMS 0.18406
RMS 0.18180
RMS 0.17956
RMS 0.17736
RMS 0.17519
RMS 0.17306
RMS 0.17095
RMS 0.16887
RMS 0.16683
RMS 0.16481
RMS 0.16283
RMS 0.16087
RMS 0.15894
RMS 0.15704
RMS 0.15517
RMS 0.15332
RMS 0.15150
RMS 0.14971
RMS 0.14795
RMS 0.14621
RMS 0.14449
RMS 0.14281
RMS 0.14114
RMS 0.13950
RMS 0.13789
RMS 0.13629
RMS 0.13472
RMS 0.13318
RMS 0.13165
RMS 0.13015
RMS 0.12867
RMS 0.12722
RMS 0.12578
RMS 0.12436
RMS 0.12297
RMS 0.12159
RMS 0.12024
RMS 0.11890
RMS 0.11759
RMS 0.11629
RMS 0.11501
RMS 0.11375
RMS 0.11251
RMS 0.11129
RMS 0.11008
RMS 0.10889
RMS 0.10772
RMS 0.10657
RMS 0.10543
RMS 0.10430
RMS 0.10320
RMS 0.10211
RMS 0.10103
RMS 0.09997
RMS 0.09893
RMS 0.09790
RMS 0.09688
RMS 0.09588
RMS 0.09489
RMS 0.09392
RMS 0.09296
RMS 0.09201
RMS 0.09108
RMS 0.09015
RMS 0.08925
RMS 0.08835
RMS 0.08747
RMS 0.08660
RMS 0.08574
RMS 0.08489
RMS 0.08405
RMS 0.08323
RMS 0.08242
RMS 0.08161
RMS 0.08082
RMS 0.08004
RMS 0.07927
RMS 0.07851
RMS 0.07776
RMS 0.07702
RMS 0.07629
RMS 0.07557
RMS 0.07486
RMS 0.07416
RMS 0.07347
RMS 0.07278
RMS 0.07211
RMS 0.07145
RMS 0.07079
RMS 0.07014
RMS 0.06950
RMS 0.06887
RMS 0.06825
RMS 0.06763
RMS 0.06703
RMS 0.06643
RMS 0.06583
RMS 0.06525
RMS 0.06467
RMS 0.06410
RMS 0.06354
RMS 0.06299
RMS 0.06244
RMS 0.06190
RMS 0.06136
RMS 0.06084
RMS 0.06031
RMS 0.05980
RMS 0.05929
RMS 0.05879
RMS 0.05829
RMS 0.05780
RMS 0.05732
RMS 0.05684
RMS 0.05637
RMS 0.05590
RMS 0.05544
RMS 0.05499
RMS 0.05454
RMS 0.05409
RMS 0.05365
RMS 0.05322
RMS 0.05279
RMS 0.05237
RMS 0.05195
RMS 0.05154
RMS 0.05113
RMS 0.05072
RMS 0.05032
RMS 0.04993
RMS 0.04954
RMS 0.04915
RMS 0.04877
RMS 0.04840
RMS 0.04803
RMS 0.04766
RMS 0.04729
RMS 0.04693
RMS 0.04658
RMS 0.04623
RMS 0.04588
RMS 0.04554
RMS 0.04520
RMS 0.04486
RMS 0.04453
RMS 0.04420
RMS 0.04388
RMS 0.04356
RMS 0.04324
RMS 0.04292
RMS 0.04261
RMS 0.04231
RMS 0.04200
RMS 0.04170
RMS 0.04140
RMS 0.04111
RMS 0.04082
RMS 0.04053
RMS 0.04025
RMS 0.03997
RMS 0.03969
RMS 0.03941
RMS 0.03914
RMS 0.03887
RMS 0.03860
RMS 0.03834
RMS 0.03808
RMS 0.03782
RMS 0.03756
RMS 0.03731
RMS 0.03706
RMS 0.03681
RMS 0.03657
RMS 0.03633
RMS 0.03608
RMS 0.03585
RMS 0.03561
RMS 0.03538
RMS 0.03515
RMS 0.03492
RMS 0.03469
RMS 0.03447
RMS 0.03425
RMS 0.03403
RMS 0.03381
RMS 0.03360
RMS 0.03339
RMS 0.03318
RMS 0.03297
RMS 0.03276
RMS 0.03256
RMS 0.03236
RMS 0.03215
RMS 0.03196
RMS 0.03176
RMS 0.03157
RMS 0.03137
RMS 0.03118
RMS 0.03099
RMS 0.03081
RMS 0.03062
RMS 0.03044
RMS 0.03026
RMS 0.03008
RMS 0.02990
RMS 0.02972
RMS 0.02955
RMS 0.02937
RMS 0.02920
RMS 0.02903
RMS 0.02886
RMS 0.02870
RMS 0.02853
RMS 0.02837
RMS 0.02821
RMS 0.02805
RMS 0.02789
RMS 0.02773
RMS 0.02757
RMS 0.02742
RMS 0.02727
RMS 0.02711
RMS 0.02696
RMS 0.02681
RMS 0.02667
RMS 0.02652
RMS 0.02637
RMS 0.02623
RMS 0.02609
RMS 0.02595
RMS 0.02581
RMS 0.02567
RMS 0.02553
RMS 0.02539
RMS 0.02526
RMS 0.02512
RMS 0.02499
RMS 0.02486
RMS 0.02473
RMS 0.02460
RMS 0.02447
RMS 0.02434
RMS 0.02422
RMS 0.02409
RMS 0.02397
RMS 0.02385
RMS 0.02373
RMS 0.02361
RMS 0.02349
RMS 0.02337
RMS 0.02325
RMS 0.02313
RMS 0.02302
RMS 0.02290
RMS 0.02279
RMS 0.02268
RMS 0.02256
RMS 0.02245
RMS 0.02234
RMS 0.02223
RMS 0.02213
RMS 0.02202
RMS 0.02191
RMS 0.02181
RMS 0.02170
RMS 0.02160
RMS 0.02150
RMS 0.02140
RMS 0.02129
RMS 0.02119
RMS 0.02109
RMS 0.02100
RMS 0.02090
RMS 0.02080
RMS 0.02070
RMS 0.02061
RMS 0.02051
RMS 0.02042
RMS 0.02033
RMS 0.02023
RMS 0.02014
RMS 0.02005
RMS 0.01996
RMS 0.01987
RMS 0.01978
RMS 0.01969
RMS 0.01961
RMS 0.01952
RMS 0.01943
RMS 0.01935
RMS 0.01926
RMS 0.01918
RMS 0.01910
RMS 0.01901
RMS 0.01893
RMS 0.01885
RMS 0.01877
RMS 0.01869
RMS 0.01861
RMS 0.01853
RMS 0.01845
RMS 0.01837
RMS 0.01830
RMS 0.01822
RMS 0.01814
RMS 0.01807
RMS 0.01799
RMS 0.01792
RMS 0.01784
RMS 0.01777
RMS 0.01770
RMS 0.01763
RMS 0.01755
RMS 0.01748
RMS 0.01741
RMS 0.01734
RMS 0.01727
RMS 0.01720
RMS 0.01713
RMS 0.01707
RMS 0.01700
RMS 0.01693
RMS 0.01687
RMS 0.01680
RMS 0.01673
RMS 0.01667
RMS 0.01660
RMS 0.01654
RMS 0.01648
RMS 0.01641
RMS 0.01635
RMS 0.01629
RMS 0.01623
RMS 0.01616
RMS 0.01610
RMS 0.01604
RMS 0.01598
RMS 0.01592
RMS 0.01586
RMS 0.01580
RMS 0.01575
RMS 0.01569
RMS 0.01563
RMS 0.01557
RMS 0.01552
RMS 0.01546
RMS 0.01540
RMS 0.01535
RMS 0.01529
RMS 0.01524
RMS 0.01518
RMS 0.01513
RMS 0.01507
RMS 0.01502
RMS 0.01497
RMS 0.01491
RMS 0.01486
RMS 0.01481
RMS 0.01476
RMS 0.01471
RMS 0.01466
RMS 0.01461
RMS 0.01456
RMS 0.01451
RMS 0.01446
RMS 0.01441
RMS 0.01436
RMS 0.01431
RMS 0.01426
RMS 0.01421
RMS 0.01417
RMS 0.01412
RMS 0.01407
RMS 0.01402
RMS 0.01398
RMS 0.01393
RMS 0.01389
RMS 0.01384
RMS 0.01380
RMS 0.01375
RMS 0.01371
RMS 0.01366
RMS 0.01362
RMS 0.01357
RMS 0.01353
RMS 0.01349
RMS 0.01344
RMS 0.01340
RMS 0.01336
RMS 0.01332
RMS 0.01328
RMS 0.01323
RMS 0.01319
RMS 0.01315
RMS 0.01311
RMS 0.01307
RMS 0.01303
RMS 0.01299
RMS 0.01295
RMS 0.01291
RMS 0.01287
RMS 0.01283
RMS 0.01280
RMS 0.01276
RMS 0.01272
RMS 0.01268
RMS 0.01264
RMS 0.01261
RMS 0.01257
RMS 0.01253
RMS 0.01249
RMS 0.01246
RMS 0.01242
RMS 0.01239
RMS 0.01235
RMS 0.01231
RMS 0.01228
RMS 0.01224
RMS 0.01221
RMS 0.01217
RMS 0.01214
RMS 0.01210
RMS 0.01207
RMS 0.01204
RMS 0.01200
RMS 0.01197
RMS 0.01193
RMS 0.01190
RMS 0.01187
RMS 0.01184
RMS 0.01180
RMS 0.01177
RMS 0.01174
RMS 0.01171
RMS 0.01168
RMS 0.01164
RMS 0.01161
RMS 0.01158
RMS 0.01155
RMS 0.01152
RMS 0.01149
RMS 0.01146
RMS 0.01143
RMS 0.01140
RMS 0.01137
RMS 0.01134
RMS 0.01131
RMS 0.01128
RMS 0.01125
RMS 0.01122
RMS 0.01119
RMS 0.01116
RMS 0.01113
RMS 0.01111
RMS 0.01108
RMS 0.01105
RMS 0.01102
RMS 0.01099
RMS 0.01097
RMS 0.01094
RMS 0.01091
RMS 0.01088
RMS 0.01086
RMS 0.01083
RMS 0.01080
RMS 0.01078
RMS 0.01075
RMS 0.01072
RMS 0.01070
RMS 0.01067
RMS 0.01065
RMS 0.01062
RMS 0.01060
RMS 0.01057
RMS 0.01055
RMS 0.01052
RMS 0.01050
RMS 0.01047
RMS 0.01045
RMS 0.01042
RMS 0.01040
RMS 0.01037
RMS 0.01035
RMS 0.01032
RMS 0.01030
RMS 0.01028
RMS 0.01025
RMS 0.01023
RMS 0.01021
RMS 0.01018
RMS 0.01016
RMS 0.01014
RMS 0.01011
RMS 0.01009
RMS 0.01007
RMS 0.01005
RMS 0.01002
RMS 0.01000
RMS 0.00998
RMS 0.00996
RMS 0.00994
RMS 0.00992
RMS 0.00989
RMS 0.00987
RMS 0.00985
RMS 0.00983
RMS 0.00981
RMS 0.00979
RMS 0.00977
RMS 0.00975
RMS 0.00972
RMS 0.00970
RMS 0.00968
RMS 0.00966
RMS 0.00964
RMS 0.00962
RMS 0.00960
RMS 0.00958
RMS 0.00956
RMS 0.00954
RMS 0.00952
RMS 0.00950
RMS 0.00949
RMS 0.00947
RMS 0.00945
RMS 0.00943
RMS 0.00941
RMS 0.00939
RMS 0.00937
RMS 0.00935
RMS 0.00933
RMS 0.00932
RMS 0.00930
RMS 0.00928
RMS 0.00926
RMS 0.00924
RMS 0.00922
RMS 0.00921
RMS 0.00919
RMS 0.00917
RMS 0.00915
RMS 0.00914
RMS 0.00912
RMS 0.00910
RMS 0.00908
RMS 0.00907
RMS 0.00905
RMS 0.00903
RMS 0.00901
RMS 0.00900
RMS 0.00898
RMS 0.00896
RMS 0.00895
RMS 0.00893
RMS 0.00891
RMS 0.00890
RMS 0.00888
RMS 0.00887
RMS 0.00885
RMS 0.00883
RMS 0.00882
RMS 0.00880
RMS 0.00879
RMS 0.00877
RMS 0.00875
RMS 0.00874
RMS 0.00872
RMS 0.00871
RMS 0.00869
RMS 0.00868
RMS 0.00866
RMS 0.00865
RMS 0.00863
RMS 0.00862
RMS 0.00860
RMS 0.00859
RMS 0.00857
RMS 0.00856
RMS 0.00854
RMS 0.00853
RMS 0.00851
RMS 0.00850
RMS 0.00849
RMS 0.00847
RMS 0.00846
RMS 0.00844
RMS 0.00843
RMS 0.00842
RMS 0.00840
RMS 0.00839
RMS 0.00837
RMS 0.00836
RMS 0.00835
RMS 0.00833
RMS 0.00832
RMS 0.00831
RMS 0.00829
RMS 0.00828
RMS 0.00827
RMS 0.00825
RMS 0.00824
RMS 0.00823
RMS 0.00821
RMS 0.00820
RMS 0.00819
RMS 0.00818
RMS 0.00816
RMS 0.00815
RMS 0.00814
RMS 0.00812
RMS 0.00811
RMS 0.00810
RMS 0.00809
RMS 0.00808
RMS 0.00806
RMS 0.00805
RMS 0.00804
RMS 0.00803
RMS 0.00801
RMS 0.00800
RMS 0.00799
RMS 0.00798
RMS 0.00797
RMS 0.00795
RMS 0.00794
RMS 0.00793
RMS 0.00792
RMS 0.00791
RMS 0.00790
RMS 0.00789
RMS 0.00787
RMS 0.00786
RMS 0.00785
RMS 0.00784
RMS 0.00783
RMS 0.00782
RMS 0.00781
RMS 0.00780
RMS 0.00778
RMS 0.00777
RMS 0.00776
RMS 0.00775
RMS 0.00774
RMS 0.00773
RMS 0.00772
RMS 0.00771
RMS 0.00770
RMS 0.00769
RMS 0.00768
RMS 0.00767
RMS 0.00766
RMS 0.00765
RMS 0.00764
RMS 0.00763
RMS 0.00762
RMS 0.00761
RMS 0.00760
RMS 0.00759
RMS 0.00758
RMS 0.00757
RMS 0.00756
RMS 0.00755
RMS 0.00754
RMS 0.00753
RMS 0.00752
RMS 0.00751
RMS 0.00750
RMS 0.00749
RMS 0.00748
RMS 0.00747
RMS 0.00746
RMS 0.00745
RMS 0.00744
RMS 0.00743
RMS 0.00742
RMS 0.00741
RMS 0.00740
RMS 0.00739
RMS 0.00738
RMS 0.00738
RMS 0.00737
RMS 0.00736
RMS 0.00735
RMS 0.00734
RMS 0.00733
RMS 0.00732
RMS 0.00731
RMS 0.00730
RMS 0.00729
RMS 0.00729
RMS 0.00728
RMS 0.00727
RMS 0.00726
RMS 0.00725
RMS 0.00724
RMS 0.00723
RMS 0.00723
RMS 0.00722
RMS 0.00721
RMS 0.00720
RMS 0.00719
RMS 0.00718
RMS 0.00718
RMS 0.00717
RMS 0.00716
RMS 0.00715
RMS 0.00714
RMS 0.00713
RMS 0.00713
RMS 0.00712
RMS 0.00711
RMS 0.00710
RMS 0.00709
RMS 0.00709
RMS 0.00708
RMS 0.00707
RMS 0.00706
RMS 0.00706
RMS 0.00705
RMS 0.00704
RMS 0.00703
RMS 0.00703
RMS 0.00702
RMS 0.00701
RMS 0.00700
RMS 0.00700
RMS 0.00699
RMS 0.00698
RMS 0.00697
RMS 0.00697
RMS 0.00696
RMS 0.00695
RMS 0.00694
RMS 0.00694
RMS 0.00693
RMS 0.00692
RMS 0.00691
RMS 0.00691
RMS 0.00690
RMS 0.00689
RMS 0.00689
RMS 0.00688
RMS 0.00687
RMS 0.00687
RMS 0.00686
RMS 0.00685
RMS 0.00684
RMS 0.00684
RMS 0.00683
RMS 0.00682

##################TEST##################
Test : ACIERTOS = 4 100%
Test FALLOS = 0 0%
