-0.09 -0.40 -0.42 -0.23 0.02 0.02 -0.11 0.21 -0.35 
0.49 0.41 -0.19 0.48 0.40 -0.02 -0.11 -0.37 0.47 
-0.46 0.24 -0.44 -0.39 0.32 0.37 -0.08 -0.32 -0.01 
-0.18 -0.04 -0.28 -0.46 0.37 -0.18 -0.38 -0.36 0.34 
0.14 0.03 0.05 0.29 0.02 -0.04 -0.40 0.00 -0.14 
0.08 0.39 -0.00 0.05 0.43 -0.26 0.11 -0.45 -0.45 
-0.02 -0.03 -0.26 0.47 0.28 0.19 
-0.31 0.32 0.06 0.01 0.44 0.20 
-0.15 0.08 -0.27 0.40 -0.13 0.26 -0.14 -0.04 

##################LEARN##################
RMS 1.13717
RMS 0.48958
RMS 0.25453
RMS 0.18918
RMS 0.16285
RMS 0.14892
RMS 0.14029
RMS 0.13442
RMS 0.13016
RMS 0.12694
RMS 0.12442
RMS 0.12241
RMS 0.12077
RMS 0.11941
RMS 0.11827
RMS 0.11729
RMS 0.11644
RMS 0.11569
RMS 0.11502
RMS 0.11442
RMS 0.11388
RMS 0.11338
RMS 0.11291
RMS 0.11248
RMS 0.11207
RMS 0.11168
RMS 0.11131
RMS 0.11096
RMS 0.11062
RMS 0.11029
RMS 0.10997
RMS 0.10967
RMS 0.10937
RMS 0.10907
RMS 0.10879
RMS 0.10851
RMS 0.10823
RMS 0.10796
RMS 0.10770
RMS 0.10744
RMS 0.10718
RMS 0.10693
RMS 0.10668
RMS 0.10643
RMS 0.10619
RMS 0.10595
RMS 0.10572
RMS 0.10549
RMS 0.10526
RMS 0.10503
RMS 0.10481
RMS 0.10459
RMS 0.10437
RMS 0.10415
RMS 0.10394
RMS 0.10373
RMS 0.10352
RMS 0.10331
RMS 0.10311
RMS 0.10291
RMS 0.10271
RMS 0.10251
RMS 0.10231
RMS 0.10212
RMS 0.10193
RMS 0.10174
RMS 0.10156
RMS 0.10137
RMS 0.10119
RMS 0.10101
RMS 0.10083
RMS 0.10066
RMS 0.10048
RMS 0.10031
RMS 0.10014
RMS 0.09997
RMS 0.09980
RMS 0.09964
RMS 0.09948
RMS 0.09932
RMS 0.09916
RMS 0.09900
RMS 0.09884
RMS 0.09869
RMS 0.09854
RMS 0.09839
RMS 0.09824
RMS 0.09809
RMS 0.09794
RMS 0.09780
RMS 0.09766
RMS 0.09752
RMS 0.09738
RMS 0.09724
RMS 0.09710
RMS 0.09696
RMS 0.09683
RMS 0.09670
RMS 0.09657
RMS 0.09644
RMS 0.09631
RMS 0.09618
RMS 0.09605
RMS 0.09593
RMS 0.09580
RMS 0.09568
RMS 0.09556
RMS 0.09544
RMS 0.09532
RMS 0.09520
RMS 0.09508
RMS 0.09496
RMS 0.09485
RMS 0.09473
RMS 0.09462
RMS 0.09450
RMS 0.09439
RMS 0.09428
RMS 0.09417
RMS 0.09406
RMS 0.09395
RMS 0.09384
RMS 0.09373
RMS 0.09363
RMS 0.09352
RMS 0.09341
RMS 0.09331
RMS 0.09321
RMS 0.09310
RMS 0.09300
RMS 0.09290
RMS 0.09279
RMS 0.09269
RMS 0.09259
RMS 0.09249
RMS 0.09239
RMS 0.09229
RMS 0.09219
RMS 0.09210
RMS 0.09200
RMS 0.09190
RMS 0.09180
RMS 0.09171
RMS 0.09161
RMS 0.09152
RMS 0.09142
RMS 0.09133
RMS 0.09123
RMS 0.09114
RMS 0.09105
RMS 0.09095
RMS 0.09086
RMS 0.09077
RMS 0.09068
RMS 0.09058
RMS 0.09049
RMS 0.09040
RMS 0.09031
RMS 0.09022
RMS 0.09013
RMS 0.09004
RMS 0.08996
RMS 0.08987
RMS 0.08978
RMS 0.08969
RMS 0.08960
RMS 0.08952
RMS 0.08943
RMS 0.08934
RMS 0.08926
RMS 0.08917
RMS 0.08909
RMS 0.08900
RMS 0.08892
RMS 0.08883
RMS 0.08875
RMS 0.08867
RMS 0.08858
RMS 0.08850
RMS 0.08842
RMS 0.08833
RMS 0.08825
RMS 0.08817
RMS 0.08809
RMS 0.08801
RMS 0.08793
RMS 0.08785
RMS 0.08777
RMS 0.08769
RMS 0.08761
RMS 0.08753
RMS 0.08745
RMS 0.08737
RMS 0.08729
RMS 0.08722
RMS 0.08714
RMS 0.08706
RMS 0.08699
RMS 0.08691
RMS 0.08683
RMS 0.08676
RMS 0.08668
RMS 0.08660
RMS 0.08653
RMS 0.08645
RMS 0.08638
RMS 0.08631
RMS 0.08623
RMS 0.08616
RMS 0.08608
RMS 0.08601
RMS 0.08594
RMS 0.08586
RMS 0.08579
RMS 0.08572
RMS 0.08565
RMS 0.08557
RMS 0.08550
RMS 0.08543
RMS 0.08536
RMS 0.08529
RMS 0.08521
RMS 0.08514
RMS 0.08507
RMS 0.08500
RMS 0.08493
RMS 0.08486
RMS 0.08479
RMS 0.08472
RMS 0.08465
RMS 0.08458
RMS 0.08451
RMS 0.08444
RMS 0.08437
RMS 0.08430
RMS 0.08423
RMS 0.08417
RMS 0.08410
RMS 0.08403
RMS 0.08396
RMS 0.08389
RMS 0.08382
RMS 0.08375
RMS 0.08369
RMS 0.08362
RMS 0.08355
RMS 0.08348
RMS 0.08341
RMS 0.08335
RMS 0.08328
RMS 0.08321
RMS 0.08314
RMS 0.08308
RMS 0.08301
RMS 0.08294
RMS 0.08288
RMS 0.08281
RMS 0.08274
RMS 0.08268
RMS 0.08261
RMS 0.08254
RMS 0.08248
RMS 0.08241
RMS 0.08234
RMS 0.08228
RMS 0.08221
RMS 0.08214
RMS 0.08208
RMS 0.08201
RMS 0.08195
RMS 0.08188
RMS 0.08181
RMS 0.08175
RMS 0.08168
RMS 0.08162
RMS 0.08155
RMS 0.08149
RMS 0.08142
RMS 0.08136
RMS 0.08129
RMS 0.08123
RMS 0.08116
RMS 0.08110
RMS 0.08103
RMS 0.08097
RMS 0.08090
RMS 0.08084
RMS 0.08077
RMS 0.08071
RMS 0.08064
RMS 0.08058
RMS 0.08051
RMS 0.08045
RMS 0.08038
RMS 0.08032
RMS 0.08025
RMS 0.08019
RMS 0.08013
RMS 0.08006
RMS 0.08000
RMS 0.07993
RMS 0.07987
RMS 0.07981
RMS 0.07974
RMS 0.07968
RMS 0.07961
RMS 0.07955
RMS 0.07949
RMS 0.07942
RMS 0.07936
RMS 0.07930
RMS 0.07923
RMS 0.07917
RMS 0.07910
RMS 0.07904
RMS 0.07898
RMS 0.07891
RMS 0.07885
RMS 0.07879
RMS 0.07872
RMS 0.07866
RMS 0.07860
RMS 0.07854
RMS 0.07847
RMS 0.07841
RMS 0.07835
RMS 0.07828
RMS 0.07822
RMS 0.07816
RMS 0.07809
RMS 0.07803
RMS 0.07797
RMS 0.07791
RMS 0.07784
RMS 0.07778
RMS 0.07772
RMS 0.07765
RMS 0.07759
RMS 0.07753
RMS 0.07747
RMS 0.07740
RMS 0.07734
RMS 0.07728
RMS 0.07722
RMS 0.07715
RMS 0.07709
RMS 0.07703
RMS 0.07697
RMS 0.07690
RMS 0.07684
RMS 0.07678
RMS 0.07671
RMS 0.07665
RMS 0.07659
RMS 0.07653
RMS 0.07646
RMS 0.07640
RMS 0.07634
RMS 0.07628
RMS 0.07621
RMS 0.07615
RMS 0.07609
RMS 0.07603
RMS 0.07596
RMS 0.07590
RMS 0.07584
RMS 0.07577
RMS 0.07571
RMS 0.07565
RMS 0.07559
RMS 0.07552
RMS 0.07546
RMS 0.07540
RMS 0.07533
RMS 0.07527
RMS 0.07521
RMS 0.07515
RMS 0.07508
RMS 0.07502
RMS 0.07496
RMS 0.07489
RMS 0.07483
RMS 0.07477
RMS 0.07470
RMS 0.07464
RMS 0.07458
RMS 0.07451
RMS 0.07445
RMS 0.07439
RMS 0.07432
RMS 0.07426
RMS 0.07419
RMS 0.07413
RMS 0.07407
RMS 0.07400
RMS 0.07394
RMS 0.07388
RMS 0.07381
RMS 0.07375
RMS 0.07368
RMS 0.07362
RMS 0.07356
RMS 0.07349
RMS 0.07343
RMS 0.07336
RMS 0.07330
RMS 0.07323
RMS 0.07317
RMS 0.07310
RMS 0.07304
RMS 0.07298
RMS 0.07291
RMS 0.07285
RMS 0.07278
RMS 0.07272
RMS 0.07265
RMS 0.07259
RMS 0.07252
RMS 0.07245
RMS 0.07239
RMS 0.07232
RMS 0.07226
RMS 0.07219
RMS 0.07213
RMS 0.07206
RMS 0.07200
RMS 0.07193
RMS 0.07186
RMS 0.07180
RMS 0.07173
RMS 0.07166
RMS 0.07160
RMS 0.07153
RMS 0.07147
RMS 0.07140
RMS 0.07133
RMS 0.07127
RMS 0.07120
RMS 0.07113
RMS 0.07106
RMS 0.07100
RMS 0.07093
RMS 0.07086
RMS 0.07080
RMS 0.07073
RMS 0.07066
RMS 0.07059
RMS 0.07053
RMS 0.07046
RMS 0.07039
RMS 0.07032
RMS 0.07025
RMS 0.07018
RMS 0.07012
RMS 0.07005
RMS 0.06998
RMS 0.06991
RMS 0.06984
RMS 0.06977
RMS 0.06970
RMS 0.06964
RMS 0.06957
RMS 0.06950
RMS 0.06943
RMS 0.06936
RMS 0.06929
RMS 0.06922
RMS 0.06915
RMS 0.06908
RMS 0.06901
RMS 0.06894
RMS 0.06887
RMS 0.06880
RMS 0.06873
RMS 0.06866
RMS 0.06859
RMS 0.06852
RMS 0.06845
RMS 0.06837
RMS 0.06830
RMS 0.06823
RMS 0.06816
RMS 0.06809
RMS 0.06802
RMS 0.06795
RMS 0.06788
RMS 0.06780
RMS 0.06773
RMS 0.06766
RMS 0.06759
RMS 0.06752
RMS 0.06744
RMS 0.06737
RMS 0.06730
RMS 0.06723
RMS 0.06715
RMS 0.06708
RMS 0.06701
RMS 0.06693
RMS 0.06686
RMS 0.06679
RMS 0.06671
RMS 0.06664
RMS 0.06657
RMS 0.06649
RMS 0.06642
RMS 0.06634
RMS 0.06627
RMS 0.06620
RMS 0.06612
RMS 0.06605
RMS 0.06597
RMS 0.06590
RMS 0.06582
RMS 0.06575
RMS 0.06567
RMS 0.06560
RMS 0.06552
RMS 0.06545
RMS 0.06537
RMS 0.06530
RMS 0.06522
RMS 0.06515
RMS 0.06507
RMS 0.06500
RMS 0.06492
RMS 0.06484
RMS 0.06477
RMS 0.06469
RMS 0.06462
RMS 0.06454
RMS 0.06446
RMS 0.06439
RMS 0.06431
RMS 0.06423
RMS 0.06416
RMS 0.06408
RMS 0.06400
RMS 0.06392
RMS 0.06385
RMS 0.06377
RMS 0.06369
RMS 0.06362
RMS 0.06354
RMS 0.06346
RMS 0.06338
RMS 0.06330
RMS 0.06323
RMS 0.06315
RMS 0.06307
RMS 0.06299
RMS 0.06291
RMS 0.06283
RMS 0.06276
RMS 0.06268
RMS 0.06260
RMS 0.06252
RMS 0.06244
RMS 0.06236
RMS 0.06228
RMS 0.06220
RMS 0.06212
RMS 0.06205
RMS 0.06197
RMS 0.06189
RMS 0.06181
RMS 0.06173
RMS 0.06165
RMS 0.06157
RMS 0.06149
RMS 0.06141
RMS 0.06133
RMS 0.06125
RMS 0.06117
RMS 0.06109
RMS 0.06101
RMS 0.06093
RMS 0.06085
RMS 0.06077
RMS 0.06068
RMS 0.06060
RMS 0.06052
RMS 0.06044
RMS 0.06036
RMS 0.06028
RMS 0.06020
RMS 0.06012
RMS 0.06004
RMS 0.05996
RMS 0.05987
RMS 0.05979
RMS 0.05971
RMS 0.05963
RMS 0.05955
RMS 0.05947
RMS 0.05938
RMS 0.05930
RMS 0.05922
RMS 0.05914
RMS 0.05906
RMS 0.05897
RMS 0.05889
RMS 0.05881
RMS 0.05873
RMS 0.05864
RMS 0.05856
RMS 0.05848
RMS 0.05840
RMS 0.05831
RMS 0.05823
RMS 0.05815
RMS 0.05806
RMS 0.05798
RMS 0.05790
RMS 0.05781
RMS 0.05773
RMS 0.05765
RMS 0.05756
RMS 0.05748
RMS 0.05740
RMS 0.05731
RMS 0.05723
RMS 0.05715
RMS 0.05706
RMS 0.05698
RMS 0.05689
RMS 0.05681
RMS 0.05673
RMS 0.05664
RMS 0.05656
RMS 0.05647
RMS 0.05639
RMS 0.05631
RMS 0.05622
RMS 0.05614
RMS 0.05605
RMS 0.05597
RMS 0.05588
RMS 0.05580
RMS 0.05571
RMS 0.05563
RMS 0.05554
RMS 0.05546
RMS 0.05537
RMS 0.05529
RMS 0.05520
RMS 0.05511
RMS 0.05503
RMS 0.05494
RMS 0.05486
RMS 0.05477
RMS 0.05469
RMS 0.05460
RMS 0.05451
RMS 0.05443
RMS 0.05434
RMS 0.05426
RMS 0.05417
RMS 0.05408
RMS 0.05400
RMS 0.05391
RMS 0.05382
RMS 0.05374
RMS 0.05365
RMS 0.05356
RMS 0.05347
RMS 0.05339
RMS 0.05330
RMS 0.05321
RMS 0.05312
RMS 0.05304
RMS 0.05295
RMS 0.05286
RMS 0.05277
RMS 0.05269
RMS 0.05260
RMS 0.05251
RMS 0.05242
RMS 0.05233
RMS 0.05224
RMS 0.05215
RMS 0.05207
RMS 0.05198
RMS 0.05189
RMS 0.05180
RMS 0.05171
RMS 0.05162
RMS 0.05153
RMS 0.05144
RMS 0.05135
RMS 0.05126
RMS 0.05117
RMS 0.05108
RMS 0.05099
RMS 0.05090
RMS 0.05081
RMS 0.05072
RMS 0.05063
RMS 0.05053
RMS 0.05044
RMS 0.05035
RMS 0.05026
RMS 0.05017
RMS 0.05008
RMS 0.04998
RMS 0.04989
RMS 0.04980
RMS 0.04971
RMS 0.04961
RMS 0.04952
RMS 0.04943
RMS 0.04934
RMS 0.04924
RMS 0.04915
RMS 0.04905
RMS 0.04896
RMS 0.04887
RMS 0.04877
RMS 0.04868
RMS 0.04858
RMS 0.04849
RMS 0.04839
RMS 0.04830
RMS 0.04820
RMS 0.04811
RMS 0.04801
RMS 0.04791
RMS 0.04782
RMS 0.04772
RMS 0.04762
RMS 0.04753
RMS 0.04743
RMS 0.04733
RMS 0.04723
RMS 0.04714
RMS 0.04704
RMS 0.04694
RMS 0.04684
RMS 0.04674
RMS 0.04664
RMS 0.04654
RMS 0.04645
RMS 0.04635
RMS 0.04625
RMS 0.04615
RMS 0.04605
RMS 0.04594
RMS 0.04584
RMS 0.04574
RMS 0.04564
RMS 0.04554
RMS 0.04544
RMS 0.04534
RMS 0.04523
RMS 0.04513
RMS 0.04503
RMS 0.04493
RMS 0.04482
RMS 0.04472
RMS 0.04462
RMS 0.04451
RMS 0.04441
RMS 0.04430
RMS 0.04420
RMS 0.04409
RMS 0.04399
RMS 0.04388
RMS 0.04378
RMS 0.04367
RMS 0.04357
RMS 0.04346
RMS 0.04335
RMS 0.04325
RMS 0.04314
RMS 0.04303
RMS 0.04293
RMS 0.04282
RMS 0.04271
RMS 0.04260
RMS 0.04249
RMS 0.04238
RMS 0.04228
RMS 0.04217
RMS 0.04206
RMS 0.04195
RMS 0.04184
RMS 0.04173
RMS 0.04162
RMS 0.04151
RMS 0.04140
RMS 0.04129
RMS 0.04118
RMS 0.04107
RMS 0.04096
RMS 0.04085
RMS 0.04074
RMS 0.04062
RMS 0.04051
RMS 0.04040
RMS 0.04029
RMS 0.04018
RMS 0.04007
RMS 0.03995
RMS 0.03984
RMS 0.03973
RMS 0.03962
RMS 0.03951
RMS 0.03939
RMS 0.03928
RMS 0.03917
RMS 0.03906
RMS 0.03894
RMS 0.03883
RMS 0.03872
RMS 0.03861
RMS 0.03849
RMS 0.03838
RMS 0.03827
RMS 0.03816
RMS 0.03804
RMS 0.03793
RMS 0.03782
RMS 0.03770
RMS 0.03759
RMS 0.03748
RMS 0.03737
RMS 0.03726
RMS 0.03714
RMS 0.03703
RMS 0.03692
RMS 0.03681
RMS 0.03669
RMS 0.03658
RMS 0.03647
RMS 0.03636
RMS 0.03625
RMS 0.03614
RMS 0.03603
RMS 0.03592
RMS 0.03581
RMS 0.03569
RMS 0.03558
RMS 0.03547
RMS 0.03536
RMS 0.03525
RMS 0.03515
RMS 0.03504
RMS 0.03493
RMS 0.03482
RMS 0.03471
RMS 0.03460
RMS 0.03449
RMS 0.03439
RMS 0.03428
RMS 0.03417
RMS 0.03407
RMS 0.03396
RMS 0.03385
RMS 0.03375
RMS 0.03364
RMS 0.03354
RMS 0.03343
RMS 0.03333
RMS 0.03322
RMS 0.03312
RMS 0.03302
RMS 0.03291
RMS 0.03281
RMS 0.03271
RMS 0.03261
RMS 0.03251
RMS 0.03240
RMS 0.03230
RMS 0.03220
RMS 0.03210
RMS 0.03200
RMS 0.03191
RMS 0.03181
RMS 0.03171
RMS 0.03161
RMS 0.03151
RMS 0.03142
RMS 0.03132
RMS 0.03122
RMS 0.03113
RMS 0.03103
RMS 0.03094
RMS 0.03085
RMS 0.03075
RMS 0.03066
RMS 0.03057
RMS 0.03047
RMS 0.03038
RMS 0.03029
RMS 0.03020
RMS 0.03011
RMS 0.03002
RMS 0.02993
RMS 0.02984
RMS 0.02975
RMS 0.02967
RMS 0.02958
RMS 0.02949
RMS 0.02941
RMS 0.02932
RMS 0.02923
RMS 0.02915
RMS 0.02906
RMS 0.02898
RMS 0.02890
RMS 0.02881
RMS 0.02873
RMS 0.02865
RMS 0.02857
RMS 0.02849
RMS 0.02841
RMS 0.02833
RMS 0.02825
RMS 0.02817
RMS 0.02809
RMS 0.02801
RMS 0.02794
RMS 0.02786
RMS 0.02778
RMS 0.02771
RMS 0.02763
RMS 0.02756
RMS 0.02748
RMS 0.02741
RMS 0.02734
RMS 0.02726
RMS 0.02719
RMS 0.02712
RMS 0.02705
RMS 0.02698
RMS 0.02691
RMS 0.02684
RMS 0.02677
RMS 0.02670
RMS 0.02663
RMS 0.02656
RMS 0.02649
RMS 0.02643
RMS 0.02636
RMS 0.02629
RMS 0.02623
RMS 0.02616
RMS 0.02610
RMS 0.02603
RMS 0.02597
RMS 0.02591
RMS 0.02584
RMS 0.02578
RMS 0.02572
RMS 0.02566
RMS 0.02560
RMS 0.02554
RMS 0.02547
RMS 0.02542
RMS 0.02536
RMS 0.02530
RMS 0.02524
RMS 0.02518
RMS 0.02512
RMS 0.02507
RMS 0.02501
RMS 0.02495
RMS 0.02490
RMS 0.02484
RMS 0.02479
RMS 0.02473
RMS 0.02468
RMS 0.02462
RMS 0.02457
RMS 0.02452
RMS 0.02446
RMS 0.02441
RMS 0.02436
RMS 0.02431
RMS 0.02426
RMS 0.02421
RMS 0.02415
RMS 0.02410
RMS 0.02406
RMS 0.02401
RMS 0.02396
RMS 0.02391
RMS 0.02386
RMS 0.02381
RMS 0.02376
RMS 0.02372
RMS 0.02367
RMS 0.02362
RMS 0.02358
RMS 0.02353
RMS 0.02349
RMS 0.02344
RMS 0.02340
RMS 0.02335
RMS 0.02331

##################TEST##################
Test : ACIERTOS = 456 93%
Test FALLOS = 34 7%
