0.29 0.28 0.43 0.33 0.00 0.28 0.32 -0.38 0.04 
0.39 -0.49 -0.38 -0.18 -0.47 -0.24 0.47 -0.10 -0.08 
0.49 0.23 -0.26 0.08 0.29 0.33 -0.11 0.43 -0.48 
0.33 0.29 0.05 -0.17 0.08 -0.17 -0.24 -0.09 0.33 
-0.46 -0.27 0.45 0.08 -0.38 0.45 0.20 -0.06 0.48 
0.46 -0.08 -0.12 -0.12 -0.10 -0.38 0.13 0.48 0.41 
-0.04 -0.13 0.33 -0.02 -0.30 0.13 -0.47 0.03 -0.29 
-0.14 0.29 0.12 -0.31 0.34 0.35 -0.36 -0.08 0.48 
-0.41 -0.38 -0.08 -0.42 -0.42 0.34 -0.04 -0.03 -0.26 
0.07 -0.41 -0.28 -0.02 0.05 0.09 -0.18 -0.47 0.29 
0.45 -0.44 -0.18 -0.34 -0.08 -0.38 0.28 0.11 0.45 0.13 
0.25 -0.13 0.11 0.34 -0.01 -0.47 0.42 0.07 0.37 -0.12 
-0.46 -0.40 0.45 -0.37 -0.17 -0.07 0.18 0.42 0.25 0.21 0.21 0.19 

##################LEARN##################
RMS 1.14182
RMS 0.43535
RMS 0.24853
RMS 0.20189
RMS 0.18386
RMS 0.17446
RMS 0.16852
RMS 0.16428
RMS 0.16099
RMS 0.15828
RMS 0.15597
RMS 0.15395
RMS 0.15214
RMS 0.15051
RMS 0.14902
RMS 0.14765
RMS 0.14639
RMS 0.14522
RMS 0.14413
RMS 0.14311
RMS 0.14217
RMS 0.14128
RMS 0.14045
RMS 0.13966
RMS 0.13893
RMS 0.13824
RMS 0.13759
RMS 0.13697
RMS 0.13639
RMS 0.13584
RMS 0.13532
RMS 0.13482
RMS 0.13435
RMS 0.13390
RMS 0.13348
RMS 0.13307
RMS 0.13268
RMS 0.13231
RMS 0.13196
RMS 0.13162
RMS 0.13130
RMS 0.13099
RMS 0.13069
RMS 0.13040
RMS 0.13012
RMS 0.12985
RMS 0.12959
RMS 0.12935
RMS 0.12910
RMS 0.12887
RMS 0.12865
RMS 0.12843
RMS 0.12821
RMS 0.12801
RMS 0.12781
RMS 0.12761
RMS 0.12742
RMS 0.12723
RMS 0.12705
RMS 0.12688
RMS 0.12670
RMS 0.12654
RMS 0.12637
RMS 0.12621
RMS 0.12605
RMS 0.12590
RMS 0.12574
RMS 0.12559
RMS 0.12545
RMS 0.12530
RMS 0.12516
RMS 0.12502
RMS 0.12489
RMS 0.12475
RMS 0.12462
RMS 0.12449
RMS 0.12436
RMS 0.12423
RMS 0.12411
RMS 0.12398
RMS 0.12386
RMS 0.12374
RMS 0.12362
RMS 0.12351
RMS 0.12339
RMS 0.12328
RMS 0.12316
RMS 0.12305
RMS 0.12294
RMS 0.12283
RMS 0.12272
RMS 0.12261
RMS 0.12250
RMS 0.12240
RMS 0.12229
RMS 0.12219
RMS 0.12209
RMS 0.12198
RMS 0.12188
RMS 0.12178
RMS 0.12168
RMS 0.12158
RMS 0.12148
RMS 0.12139
RMS 0.12129
RMS 0.12119
RMS 0.12110
RMS 0.12100
RMS 0.12091
RMS 0.12081
RMS 0.12072
RMS 0.12063
RMS 0.12053
RMS 0.12044
RMS 0.12035
RMS 0.12026
RMS 0.12017
RMS 0.12008
RMS 0.11999
RMS 0.11990
RMS 0.11981
RMS 0.11972
RMS 0.11964
RMS 0.11955
RMS 0.11946
RMS 0.11938
RMS 0.11929
RMS 0.11920
RMS 0.11912
RMS 0.11903
RMS 0.11895
RMS 0.11886
RMS 0.11878
RMS 0.11869
RMS 0.11861
RMS 0.11853
RMS 0.11844
RMS 0.11836
RMS 0.11828
RMS 0.11820
RMS 0.11811
RMS 0.11803
RMS 0.11795
RMS 0.11787
RMS 0.11779
RMS 0.11771
RMS 0.11762
RMS 0.11754
RMS 0.11746
RMS 0.11738
RMS 0.11730
RMS 0.11722
RMS 0.11714
RMS 0.11706
RMS 0.11699
RMS 0.11691
RMS 0.11683
RMS 0.11675
RMS 0.11667
RMS 0.11659
RMS 0.11651
RMS 0.11644
RMS 0.11636
RMS 0.11628
RMS 0.11620
RMS 0.11613
RMS 0.11605
RMS 0.11597
RMS 0.11589
RMS 0.11582
RMS 0.11574
RMS 0.11566
RMS 0.11559
RMS 0.11551
RMS 0.11543
RMS 0.11536
RMS 0.11528
RMS 0.11521
RMS 0.11513
RMS 0.11505
RMS 0.11498
RMS 0.11490
RMS 0.11483
RMS 0.11475
RMS 0.11468
RMS 0.11460
RMS 0.11453
RMS 0.11445
RMS 0.11438
RMS 0.11430
RMS 0.11423
RMS 0.11415
RMS 0.11408
RMS 0.11400
RMS 0.11393
RMS 0.11385
RMS 0.11378
RMS 0.11370
RMS 0.11363
RMS 0.11355
RMS 0.11348
RMS 0.11341
RMS 0.11333
RMS 0.11326
RMS 0.11318
RMS 0.11311
RMS 0.11304
RMS 0.11296
RMS 0.11289
RMS 0.11282
RMS 0.11274
RMS 0.11267
RMS 0.11260
RMS 0.11252
RMS 0.11245
RMS 0.11238
RMS 0.11230
RMS 0.11223
RMS 0.11216
RMS 0.11208
RMS 0.11201
RMS 0.11194
RMS 0.11187
RMS 0.11179
RMS 0.11172
RMS 0.11165
RMS 0.11158
RMS 0.11150
RMS 0.11143
RMS 0.11136
RMS 0.11129
RMS 0.11122
RMS 0.11114
RMS 0.11107
RMS 0.11100
RMS 0.11093
RMS 0.11086
RMS 0.11079
RMS 0.11072
RMS 0.11064
RMS 0.11057
RMS 0.11050
RMS 0.11043
RMS 0.11036
RMS 0.11029
RMS 0.11022
RMS 0.11015
RMS 0.11008
RMS 0.11001
RMS 0.10994
RMS 0.10987
RMS 0.10980
RMS 0.10973
RMS 0.10966
RMS 0.10959
RMS 0.10952
RMS 0.10945
RMS 0.10938
RMS 0.10931
RMS 0.10924
RMS 0.10917
RMS 0.10910
RMS 0.10903
RMS 0.10896
RMS 0.10889
RMS 0.10883
RMS 0.10876
RMS 0.10869
RMS 0.10862
RMS 0.10855
RMS 0.10848
RMS 0.10842
RMS 0.10835
RMS 0.10828
RMS 0.10821
RMS 0.10814
RMS 0.10808
RMS 0.10801
RMS 0.10794
RMS 0.10787
RMS 0.10781
RMS 0.10774
RMS 0.10767
RMS 0.10761
RMS 0.10754
RMS 0.10747
RMS 0.10740
RMS 0.10734
RMS 0.10727
RMS 0.10720
RMS 0.10714
RMS 0.10707
RMS 0.10701
RMS 0.10694
RMS 0.10687
RMS 0.10681
RMS 0.10674
RMS 0.10668
RMS 0.10661
RMS 0.10654
RMS 0.10648
RMS 0.10641
RMS 0.10635
RMS 0.10628
RMS 0.10622
RMS 0.10615
RMS 0.10609
RMS 0.10602
RMS 0.10596
RMS 0.10589
RMS 0.10583
RMS 0.10576
RMS 0.10570
RMS 0.10563
RMS 0.10557
RMS 0.10550
RMS 0.10544
RMS 0.10538
RMS 0.10531
RMS 0.10525
RMS 0.10518
RMS 0.10512
RMS 0.10505
RMS 0.10499
RMS 0.10493
RMS 0.10486
RMS 0.10480
RMS 0.10474
RMS 0.10467
RMS 0.10461
RMS 0.10454
RMS 0.10448
RMS 0.10442
RMS 0.10435
RMS 0.10429
RMS 0.10423
RMS 0.10416
RMS 0.10410
RMS 0.10404
RMS 0.10397
RMS 0.10391
RMS 0.10385
RMS 0.10378
RMS 0.10372
RMS 0.10366
RMS 0.10359
RMS 0.10353
RMS 0.10347
RMS 0.10341
RMS 0.10334
RMS 0.10328
RMS 0.10322
RMS 0.10315
RMS 0.10309
RMS 0.10303
RMS 0.10297
RMS 0.10290
RMS 0.10284
RMS 0.10278
RMS 0.10271
RMS 0.10265
RMS 0.10259
RMS 0.10253
RMS 0.10246
RMS 0.10240
RMS 0.10234
RMS 0.10228
RMS 0.10221
RMS 0.10215
RMS 0.10209
RMS 0.10202
RMS 0.10196
RMS 0.10190
RMS 0.10184
RMS 0.10177
RMS 0.10171
RMS 0.10165
RMS 0.10159
RMS 0.10152
RMS 0.10146
RMS 0.10140
RMS 0.10133
RMS 0.10127
RMS 0.10121
RMS 0.10115
RMS 0.10108
RMS 0.10102
RMS 0.10096
RMS 0.10089
RMS 0.10083
RMS 0.10077
RMS 0.10070
RMS 0.10064
RMS 0.10058
RMS 0.10052
RMS 0.10045
RMS 0.10039
RMS 0.10033
RMS 0.10026
RMS 0.10020
RMS 0.10014
RMS 0.10007
RMS 0.10001
RMS 0.09995
RMS 0.09988
RMS 0.09982
RMS 0.09975
RMS 0.09969
RMS 0.09963
RMS 0.09956
RMS 0.09950
RMS 0.09944
RMS 0.09937
RMS 0.09931
RMS 0.09924
RMS 0.09918
RMS 0.09911
RMS 0.09905
RMS 0.09899
RMS 0.09892
RMS 0.09886
RMS 0.09879
RMS 0.09873
RMS 0.09866
RMS 0.09860
RMS 0.09853
RMS 0.09847
RMS 0.09840
RMS 0.09834
RMS 0.09827
RMS 0.09821
RMS 0.09814
RMS 0.09808
RMS 0.09801
RMS 0.09795
RMS 0.09788
RMS 0.09782
RMS 0.09775
RMS 0.09768
RMS 0.09762
RMS 0.09755
RMS 0.09749
RMS 0.09742
RMS 0.09735
RMS 0.09729
RMS 0.09722
RMS 0.09716
RMS 0.09709
RMS 0.09702
RMS 0.09696
RMS 0.09689
RMS 0.09682
RMS 0.09675
RMS 0.09669
RMS 0.09662
RMS 0.09655
RMS 0.09649
RMS 0.09642
RMS 0.09635
RMS 0.09628
RMS 0.09622
RMS 0.09615
RMS 0.09608
RMS 0.09601
RMS 0.09594
RMS 0.09587
RMS 0.09581
RMS 0.09574
RMS 0.09567
RMS 0.09560
RMS 0.09553
RMS 0.09546
RMS 0.09539
RMS 0.09533
RMS 0.09526
RMS 0.09519
RMS 0.09512
RMS 0.09505
RMS 0.09498
RMS 0.09491
RMS 0.09484
RMS 0.09477
RMS 0.09470
RMS 0.09463
RMS 0.09456
RMS 0.09449
RMS 0.09442
RMS 0.09435
RMS 0.09428
RMS 0.09421
RMS 0.09413
RMS 0.09406
RMS 0.09399
RMS 0.09392
RMS 0.09385
RMS 0.09378
RMS 0.09371
RMS 0.09364
RMS 0.09356
RMS 0.09349
RMS 0.09342
RMS 0.09335
RMS 0.09328
RMS 0.09320
RMS 0.09313
RMS 0.09306
RMS 0.09299
RMS 0.09291
RMS 0.09284
RMS 0.09277
RMS 0.09269
RMS 0.09262
RMS 0.09255
RMS 0.09247
RMS 0.09240
RMS 0.09233
RMS 0.09225
RMS 0.09218
RMS 0.09211
RMS 0.09203
RMS 0.09196
RMS 0.09188
RMS 0.09181
RMS 0.09173
RMS 0.09166
RMS 0.09158
RMS 0.09151
RMS 0.09143
RMS 0.09136
RMS 0.09128
RMS 0.09121
RMS 0.09113
RMS 0.09106
RMS 0.09098
RMS 0.09091
RMS 0.09083
RMS 0.09075
RMS 0.09068
RMS 0.09060
RMS 0.09053
RMS 0.09045
RMS 0.09037
RMS 0.09030
RMS 0.09022
RMS 0.09014
RMS 0.09007
RMS 0.08999
RMS 0.08991
RMS 0.08983
RMS 0.08976
RMS 0.08968
RMS 0.08960
RMS 0.08952
RMS 0.08945
RMS 0.08937
RMS 0.08929
RMS 0.08921
RMS 0.08913
RMS 0.08906
RMS 0.08898
RMS 0.08890
RMS 0.08882
RMS 0.08874
RMS 0.08866
RMS 0.08858
RMS 0.08850
RMS 0.08843
RMS 0.08835
RMS 0.08827
RMS 0.08819
RMS 0.08811
RMS 0.08803
RMS 0.08795
RMS 0.08787
RMS 0.08779
RMS 0.08771
RMS 0.08763
RMS 0.08755
RMS 0.08747
RMS 0.08739
RMS 0.08731
RMS 0.08723
RMS 0.08715
RMS 0.08707
RMS 0.08698
RMS 0.08690
RMS 0.08682
RMS 0.08674
RMS 0.08666
RMS 0.08658
RMS 0.08650
RMS 0.08642
RMS 0.08634
RMS 0.08625
RMS 0.08617
RMS 0.08609
RMS 0.08601
RMS 0.08593
RMS 0.08584
RMS 0.08576
RMS 0.08568
RMS 0.08560
RMS 0.08551
RMS 0.08543
RMS 0.08535
RMS 0.08527
RMS 0.08518
RMS 0.08510
RMS 0.08502
RMS 0.08494
RMS 0.08485
RMS 0.08477
RMS 0.08469
RMS 0.08460
RMS 0.08452
RMS 0.08444
RMS 0.08435
RMS 0.08427
RMS 0.08418
RMS 0.08410
RMS 0.08402
RMS 0.08393
RMS 0.08385
RMS 0.08376
RMS 0.08368
RMS 0.08360
RMS 0.08351
RMS 0.08343
RMS 0.08334
RMS 0.08326
RMS 0.08317
RMS 0.08309
RMS 0.08300
RMS 0.08292
RMS 0.08283
RMS 0.08275
RMS 0.08266
RMS 0.08258
RMS 0.08249
RMS 0.08240
RMS 0.08232
RMS 0.08223
RMS 0.08215
RMS 0.08206
RMS 0.08197
RMS 0.08189
RMS 0.08180
RMS 0.08172
RMS 0.08163
RMS 0.08154
RMS 0.08146
RMS 0.08137
RMS 0.08128
RMS 0.08119
RMS 0.08111
RMS 0.08102
RMS 0.08093
RMS 0.08085
RMS 0.08076
RMS 0.08067
RMS 0.08058
RMS 0.08049
RMS 0.08041
RMS 0.08032
RMS 0.08023
RMS 0.08014
RMS 0.08005
RMS 0.07996
RMS 0.07988
RMS 0.07979
RMS 0.07970
RMS 0.07961
RMS 0.07952
RMS 0.07943
RMS 0.07934
RMS 0.07925
RMS 0.07916
RMS 0.07907
RMS 0.07898
RMS 0.07889
RMS 0.07880
RMS 0.07871
RMS 0.07862
RMS 0.07853
RMS 0.07844
RMS 0.07835
RMS 0.07826
RMS 0.07817
RMS 0.07808
RMS 0.07798
RMS 0.07789
RMS 0.07780
RMS 0.07771
RMS 0.07762
RMS 0.07753
RMS 0.07743
RMS 0.07734
RMS 0.07725
RMS 0.07716
RMS 0.07706
RMS 0.07697
RMS 0.07688
RMS 0.07678
RMS 0.07669
RMS 0.07660
RMS 0.07650
RMS 0.07641
RMS 0.07631
RMS 0.07622
RMS 0.07613
RMS 0.07603
RMS 0.07594
RMS 0.07584
RMS 0.07575
RMS 0.07565
RMS 0.07556
RMS 0.07546
RMS 0.07537
RMS 0.07527
RMS 0.07517
RMS 0.07508
RMS 0.07498
RMS 0.07488
RMS 0.07479
RMS 0.07469
RMS 0.07459
RMS 0.07450
RMS 0.07440
RMS 0.07430
RMS 0.07420
RMS 0.07411
RMS 0.07401
RMS 0.07391
RMS 0.07381
RMS 0.07371
RMS 0.07362
RMS 0.07352
RMS 0.07342
RMS 0.07332
RMS 0.07322
RMS 0.07312
RMS 0.07302
RMS 0.07292
RMS 0.07282
RMS 0.07272
RMS 0.07262
RMS 0.07252
RMS 0.07242
RMS 0.07232
RMS 0.07222
RMS 0.07212
RMS 0.07202
RMS 0.07192
RMS 0.07182
RMS 0.07172
RMS 0.07162
RMS 0.07152
RMS 0.07142
RMS 0.07132
RMS 0.07121
RMS 0.07111
RMS 0.07101
RMS 0.07091
RMS 0.07081
RMS 0.07071
RMS 0.07060
RMS 0.07050
RMS 0.07040
RMS 0.07030
RMS 0.07020
RMS 0.07009
RMS 0.06999
RMS 0.06989
RMS 0.06979
RMS 0.06969
RMS 0.06958
RMS 0.06948
RMS 0.06938
RMS 0.06928
RMS 0.06918
RMS 0.06907
RMS 0.06897
RMS 0.06887
RMS 0.06877
RMS 0.06866
RMS 0.06856
RMS 0.06846
RMS 0.06836
RMS 0.06826
RMS 0.06816
RMS 0.06805
RMS 0.06795
RMS 0.06785
RMS 0.06775
RMS 0.06765
RMS 0.06755
RMS 0.06745
RMS 0.06734
RMS 0.06724
RMS 0.06714
RMS 0.06704
RMS 0.06694
RMS 0.06684
RMS 0.06674
RMS 0.06664
RMS 0.06654
RMS 0.06644
RMS 0.06634
RMS 0.06624
RMS 0.06615
RMS 0.06605
RMS 0.06595
RMS 0.06585
RMS 0.06575
RMS 0.06565
RMS 0.06556
RMS 0.06546
RMS 0.06536
RMS 0.06527
RMS 0.06517
RMS 0.06507
RMS 0.06498
RMS 0.06488
RMS 0.06479
RMS 0.06469
RMS 0.06460
RMS 0.06450
RMS 0.06441
RMS 0.06431
RMS 0.06422
RMS 0.06413
RMS 0.06404
RMS 0.06394
RMS 0.06385
RMS 0.06376
RMS 0.06367
RMS 0.06358
RMS 0.06349
RMS 0.06340
RMS 0.06331
RMS 0.06322
RMS 0.06313
RMS 0.06304
RMS 0.06295
RMS 0.06286
RMS 0.06278
RMS 0.06269
RMS 0.06260
RMS 0.06252
RMS 0.06243
RMS 0.06235
RMS 0.06226
RMS 0.06218
RMS 0.06209
RMS 0.06201
RMS 0.06192
RMS 0.06184
RMS 0.06176
RMS 0.06168
RMS 0.06160
RMS 0.06152
RMS 0.06143
RMS 0.06135
RMS 0.06127
RMS 0.06120
RMS 0.06112
RMS 0.06104
RMS 0.06096
RMS 0.06088
RMS 0.06081
RMS 0.06073
RMS 0.06065
RMS 0.06058
RMS 0.06050
RMS 0.06043
RMS 0.06035
RMS 0.06028
RMS 0.06021
RMS 0.06014
RMS 0.06006
RMS 0.05999
RMS 0.05992
RMS 0.05985
RMS 0.05978
RMS 0.05971
RMS 0.05964
RMS 0.05957
RMS 0.05950
RMS 0.05943
RMS 0.05936
RMS 0.05930
RMS 0.05923
RMS 0.05916
RMS 0.05910
RMS 0.05903
RMS 0.05897
RMS 0.05890
RMS 0.05884
RMS 0.05877
RMS 0.05871
RMS 0.05865
RMS 0.05859
RMS 0.05852
RMS 0.05846
RMS 0.05840
RMS 0.05834
RMS 0.05828
RMS 0.05822
RMS 0.05816
RMS 0.05810
RMS 0.05804
RMS 0.05798
RMS 0.05793
RMS 0.05787
RMS 0.05781
RMS 0.05775
RMS 0.05770
RMS 0.05764
RMS 0.05759
RMS 0.05753
RMS 0.05748
RMS 0.05742
RMS 0.05737
RMS 0.05731
RMS 0.05726
RMS 0.05721
RMS 0.05716
RMS 0.05710
RMS 0.05705
RMS 0.05700
RMS 0.05695
RMS 0.05690
RMS 0.05685
RMS 0.05680
RMS 0.05675
RMS 0.05670
RMS 0.05665
RMS 0.05660
RMS 0.05655
RMS 0.05650
RMS 0.05646
RMS 0.05641
RMS 0.05636
RMS 0.05631
RMS 0.05627
RMS 0.05622
RMS 0.05617
RMS 0.05613
RMS 0.05608
RMS 0.05604
RMS 0.05599
RMS 0.05595
RMS 0.05590
RMS 0.05586
RMS 0.05582
RMS 0.05577
RMS 0.05573
RMS 0.05569
RMS 0.05564
RMS 0.05560
RMS 0.05556
RMS 0.05552
RMS 0.05548
RMS 0.05543
RMS 0.05539
RMS 0.05535
RMS 0.05531
RMS 0.05527
RMS 0.05523
RMS 0.05519
RMS 0.05515
RMS 0.05511
RMS 0.05507
RMS 0.05503
RMS 0.05499
RMS 0.05495
RMS 0.05492
RMS 0.05488
RMS 0.05484
RMS 0.05480
RMS 0.05476
RMS 0.05473
RMS 0.05469
RMS 0.05465
RMS 0.05461
RMS 0.05458
RMS 0.05454
RMS 0.05450
RMS 0.05447
RMS 0.05443
RMS 0.05440
RMS 0.05436
RMS 0.05432
RMS 0.05429
RMS 0.05425
RMS 0.05422
RMS 0.05418
RMS 0.05415
RMS 0.05411
RMS 0.05408

##################TEST##################
Test : ACIERTOS = 466 95%
Test FALLOS = 24 5%
