-0.40 -0.06 
-0.02 -0.48 
-0.49 0.44 
0.06 0.03 
-0.18 -0.14 
-0.30 0.35 
0.11 0.23 0.48 -0.49 0.02 -0.22 
0.39 -0.50 0.24 -0.06 -0.26 -0.10 
0.21 0.48 -0.39 -0.44 -0.13 0.20 -0.33 -0.04 

##################LEARN##################
RMS 1.60195
RMS 1.56312
RMS 1.52853
RMS 1.49774
RMS 1.47031
RMS 1.44586
RMS 1.42403
RMS 1.40451
RMS 1.38702
RMS 1.37130
RMS 1.35715
RMS 1.34436
RMS 1.33278
RMS 1.32226
RMS 1.31266
RMS 1.30388
RMS 1.29583
RMS 1.28840
RMS 1.28154
RMS 1.27517
RMS 1.26924
RMS 1.26370
RMS 1.25849
RMS 1.25359
RMS 1.24896
RMS 1.24456
RMS 1.24036
RMS 1.23635
RMS 1.23250
RMS 1.22879
RMS 1.22521
RMS 1.22173
RMS 1.21834
RMS 1.21503
RMS 1.21178
RMS 1.20859
RMS 1.20545
RMS 1.20234
RMS 1.19926
RMS 1.19620
RMS 1.19315
RMS 1.19010
RMS 1.18705
RMS 1.18399
RMS 1.18092
RMS 1.17784
RMS 1.17472
RMS 1.17158
RMS 1.16841
RMS 1.16520
RMS 1.16195
RMS 1.15866
RMS 1.15531
RMS 1.15192
RMS 1.14847
RMS 1.14496
RMS 1.14139
RMS 1.13776
RMS 1.13406
RMS 1.13029
RMS 1.12645
RMS 1.12254
RMS 1.11856
RMS 1.11449
RMS 1.11035
RMS 1.10613
RMS 1.10183
RMS 1.09745
RMS 1.09298
RMS 1.08842
RMS 1.08379
RMS 1.07906
RMS 1.07425
RMS 1.06936
RMS 1.06438
RMS 1.05931
RMS 1.05415
RMS 1.04892
RMS 1.04359
RMS 1.03818
RMS 1.03269
RMS 1.02711
RMS 1.02146
RMS 1.01572
RMS 1.00991
RMS 1.00402
RMS 0.99805
RMS 0.99201
RMS 0.98590
RMS 0.97972
RMS 0.97348
RMS 0.96717
RMS 0.96079
RMS 0.95436
RMS 0.94787
RMS 0.94132
RMS 0.93472
RMS 0.92808
RMS 0.92138
RMS 0.91464
RMS 0.90786
RMS 0.90103
RMS 0.89417
RMS 0.88728
RMS 0.88036
RMS 0.87340
RMS 0.86642
RMS 0.85942
RMS 0.85239
RMS 0.84535
RMS 0.83828
RMS 0.83121
RMS 0.82412
RMS 0.81702
RMS 0.80992
RMS 0.80281
RMS 0.79570
RMS 0.78858
RMS 0.78147
RMS 0.77436
RMS 0.76725
RMS 0.76015
RMS 0.75307
RMS 0.74599
RMS 0.73892
RMS 0.73186
RMS 0.72483
RMS 0.71780
RMS 0.71080
RMS 0.70381
RMS 0.69685
RMS 0.68991
RMS 0.68299
RMS 0.67610
RMS 0.66923
RMS 0.66239
RMS 0.65558
RMS 0.64880
RMS 0.64204
RMS 0.63532
RMS 0.62863
RMS 0.62197
RMS 0.61535
RMS 0.60876
RMS 0.60221
RMS 0.59570
RMS 0.58922
RMS 0.58278
RMS 0.57637
RMS 0.57001
RMS 0.56368
RMS 0.55740
RMS 0.55116
RMS 0.54496
RMS 0.53880
RMS 0.53268
RMS 0.52660
RMS 0.52057
RMS 0.51459
RMS 0.50864
RMS 0.50275
RMS 0.49690
RMS 0.49109
RMS 0.48533
RMS 0.47961
RMS 0.47395
RMS 0.46833
RMS 0.46275
RMS 0.45723
RMS 0.45175
RMS 0.44632
RMS 0.44094
RMS 0.43560
RMS 0.43032
RMS 0.42508
RMS 0.41990
RMS 0.41476
RMS 0.40968
RMS 0.40464
RMS 0.39965
RMS 0.39471
RMS 0.38982
RMS 0.38499
RMS 0.38020
RMS 0.37546
RMS 0.37077
RMS 0.36613
RMS 0.36154
RMS 0.35701
RMS 0.35252
RMS 0.34808
RMS 0.34369
RMS 0.33935
RMS 0.33506
RMS 0.33082
RMS 0.32663
RMS 0.32249
RMS 0.31840
RMS 0.31436
RMS 0.31036
RMS 0.30642
RMS 0.30252
RMS 0.29867
RMS 0.29487
RMS 0.29111
RMS 0.28740
RMS 0.28374
RMS 0.28013
RMS 0.27656
RMS 0.27304
RMS 0.26956
RMS 0.26613
RMS 0.26275
RMS 0.25941
RMS 0.25611
RMS 0.25286
RMS 0.24965
RMS 0.24648
RMS 0.24336
RMS 0.24028
RMS 0.23724
RMS 0.23425
RMS 0.23129
RMS 0.22838
RMS 0.22550
RMS 0.22267
RMS 0.21987
RMS 0.21712
RMS 0.21440
RMS 0.21172
RMS 0.20908
RMS 0.20648
RMS 0.20391
RMS 0.20138
RMS 0.19889
RMS 0.19643
RMS 0.19400
RMS 0.19162
RMS 0.18926
RMS 0.18694
RMS 0.18466
RMS 0.18240
RMS 0.18018
RMS 0.17799
RMS 0.17584
RMS 0.17371
RMS 0.17162
RMS 0.16955
RMS 0.16752
RMS 0.16551
RMS 0.16354
RMS 0.16159
RMS 0.15967
RMS 0.15778
RMS 0.15592
RMS 0.15409
RMS 0.15228
RMS 0.15050
RMS 0.14874
RMS 0.14701
RMS 0.14530
RMS 0.14362
RMS 0.14197
RMS 0.14034
RMS 0.13873
RMS 0.13714
RMS 0.13558
RMS 0.13404
RMS 0.13253
RMS 0.13103
RMS 0.12956
RMS 0.12811
RMS 0.12668
RMS 0.12527
RMS 0.12388
RMS 0.12251
RMS 0.12116
RMS 0.11983
RMS 0.11852
RMS 0.11723
RMS 0.11595
RMS 0.11470
RMS 0.11346
RMS 0.11224
RMS 0.11104
RMS 0.10985
RMS 0.10868
RMS 0.10753
RMS 0.10640
RMS 0.10528
RMS 0.10417
RMS 0.10308
RMS 0.10201
RMS 0.10095
RMS 0.09991
RMS 0.09888
RMS 0.09787
RMS 0.09687
RMS 0.09588
RMS 0.09491
RMS 0.09395
RMS 0.09300
RMS 0.09207
RMS 0.09115
RMS 0.09024
RMS 0.08935
RMS 0.08846
RMS 0.08759
RMS 0.08673
RMS 0.08589
RMS 0.08505
RMS 0.08423
RMS 0.08341
RMS 0.08261
RMS 0.08182
RMS 0.08104
RMS 0.08027
RMS 0.07951
RMS 0.07875
RMS 0.07801
RMS 0.07728
RMS 0.07656
RMS 0.07585
RMS 0.07515
RMS 0.07445
RMS 0.07377
RMS 0.07309
RMS 0.07243
RMS 0.07177
RMS 0.07112
RMS 0.07048
RMS 0.06985
RMS 0.06922
RMS 0.06860
RMS 0.06800
RMS 0.06739
RMS 0.06680
RMS 0.06621
RMS 0.06563
RMS 0.06506
RMS 0.06450
RMS 0.06394
RMS 0.06339
RMS 0.06285
RMS 0.06231
RMS 0.06178
RMS 0.06126
RMS 0.06074
RMS 0.06023
RMS 0.05972
RMS 0.05923
RMS 0.05873
RMS 0.05825
RMS 0.05777
RMS 0.05729
RMS 0.05682
RMS 0.05636
RMS 0.05590
RMS 0.05545
RMS 0.05500
RMS 0.05456
RMS 0.05412
RMS 0.05369
RMS 0.05326
RMS 0.05284
RMS 0.05243
RMS 0.05201
RMS 0.05161
RMS 0.05121
RMS 0.05081
RMS 0.05041
RMS 0.05003
RMS 0.04964
RMS 0.04926
RMS 0.04889
RMS 0.04852
RMS 0.04815
RMS 0.04779
RMS 0.04743
RMS 0.04707
RMS 0.04672
RMS 0.04638
RMS 0.04603
RMS 0.04570
RMS 0.04536
RMS 0.04503
RMS 0.04470
RMS 0.04438
RMS 0.04406
RMS 0.04374
RMS 0.04342
RMS 0.04311
RMS 0.04281
RMS 0.04250
RMS 0.04220
RMS 0.04191
RMS 0.04161
RMS 0.04132
RMS 0.04103
RMS 0.04075
RMS 0.04047
RMS 0.04019
RMS 0.03991
RMS 0.03964
RMS 0.03937
RMS 0.03910
RMS 0.03884
RMS 0.03858
RMS 0.03832
RMS 0.03806
RMS 0.03781
RMS 0.03756
RMS 0.03731
RMS 0.03706
RMS 0.03682
RMS 0.03658
RMS 0.03634
RMS 0.03611
RMS 0.03587
RMS 0.03564
RMS 0.03541
RMS 0.03519
RMS 0.03496
RMS 0.03474
RMS 0.03452
RMS 0.03430
RMS 0.03409
RMS 0.03387
RMS 0.03366
RMS 0.03345
RMS 0.03324
RMS 0.03304
RMS 0.03284
RMS 0.03264
RMS 0.03244
RMS 0.03224
RMS 0.03204
RMS 0.03185
RMS 0.03166
RMS 0.03147
RMS 0.03128
RMS 0.03109
RMS 0.03091
RMS 0.03073
RMS 0.03055
RMS 0.03037
RMS 0.03019
RMS 0.03001
RMS 0.02984
RMS 0.02967
RMS 0.02949
RMS 0.02933
RMS 0.02916
RMS 0.02899
RMS 0.02883
RMS 0.02866
RMS 0.02850
RMS 0.02834
RMS 0.02818
RMS 0.02802
RMS 0.02787
RMS 0.02771
RMS 0.02756
RMS 0.02741
RMS 0.02726
RMS 0.02711
RMS 0.02696
RMS 0.02681
RMS 0.02667
RMS 0.02653
RMS 0.02638
RMS 0.02624
RMS 0.02610
RMS 0.02596
RMS 0.02582
RMS 0.02569
RMS 0.02555
RMS 0.02542
RMS 0.02529
RMS 0.02515
RMS 0.02502
RMS 0.02489
RMS 0.02477
RMS 0.02464
RMS 0.02451
RMS 0.02439
RMS 0.02426
RMS 0.02414
RMS 0.02402
RMS 0.02390
RMS 0.02378
RMS 0.02366
RMS 0.02354
RMS 0.02342
RMS 0.02331
RMS 0.02319
RMS 0.02308
RMS 0.02297
RMS 0.02285
RMS 0.02274
RMS 0.02263
RMS 0.02252
RMS 0.02241
RMS 0.02231
RMS 0.02220
RMS 0.02209
RMS 0.02199
RMS 0.02188
RMS 0.02178
RMS 0.02168
RMS 0.02158
RMS 0.02148
RMS 0.02138
RMS 0.02128
RMS 0.02118
RMS 0.02108
RMS 0.02098
RMS 0.02089
RMS 0.02079
RMS 0.02070
RMS 0.02060
RMS 0.02051
RMS 0.02042
RMS 0.02033
RMS 0.02024
RMS 0.02015
RMS 0.02006
RMS 0.01997
RMS 0.01988
RMS 0.01979
RMS 0.01971
RMS 0.01962
RMS 0.01953
RMS 0.01945
RMS 0.01937
RMS 0.01928
RMS 0.01920
RMS 0.01912
RMS 0.01904
RMS 0.01895
RMS 0.01887
RMS 0.01879
RMS 0.01871
RMS 0.01864
RMS 0.01856
RMS 0.01848
RMS 0.01840
RMS 0.01833
RMS 0.01825
RMS 0.01818
RMS 0.01810
RMS 0.01803
RMS 0.01796
RMS 0.01788
RMS 0.01781
RMS 0.01774
RMS 0.01767
RMS 0.01760
RMS 0.01753
RMS 0.01746
RMS 0.01739
RMS 0.01732
RMS 0.01725
RMS 0.01718
RMS 0.01711
RMS 0.01705
RMS 0.01698
RMS 0.01692
RMS 0.01685
RMS 0.01678
RMS 0.01672
RMS 0.01666
RMS 0.01659
RMS 0.01653
RMS 0.01647
RMS 0.01640
RMS 0.01634
RMS 0.01628
RMS 0.01622
RMS 0.01616
RMS 0.01610
RMS 0.01604
RMS 0.01598
RMS 0.01592
RMS 0.01586
RMS 0.01581
RMS 0.01575
RMS 0.01569
RMS 0.01563
RMS 0.01558
RMS 0.01552
RMS 0.01547
RMS 0.01541
RMS 0.01536
RMS 0.01530
RMS 0.01525
RMS 0.01519
RMS 0.01514
RMS 0.01509
RMS 0.01503
RMS 0.01498
RMS 0.01493
RMS 0.01488
RMS 0.01483
RMS 0.01478
RMS 0.01473
RMS 0.01468
RMS 0.01463
RMS 0.01458
RMS 0.01453
RMS 0.01448
RMS 0.01443
RMS 0.01438
RMS 0.01433
RMS 0.01428
RMS 0.01424
RMS 0.01419
RMS 0.01414
RMS 0.01410
RMS 0.01405
RMS 0.01400
RMS 0.01396
RMS 0.01391
RMS 0.01387
RMS 0.01382
RMS 0.01378
RMS 0.01374
RMS 0.01369
RMS 0.01365
RMS 0.01361
RMS 0.01356
RMS 0.01352
RMS 0.01348
RMS 0.01343
RMS 0.01339
RMS 0.01335
RMS 0.01331
RMS 0.01327
RMS 0.01323
RMS 0.01319
RMS 0.01315
RMS 0.01311
RMS 0.01307
RMS 0.01303
RMS 0.01299
RMS 0.01295
RMS 0.01291
RMS 0.01287
RMS 0.01283
RMS 0.01279
RMS 0.01276
RMS 0.01272
RMS 0.01268
RMS 0.01264
RMS 0.01261
RMS 0.01257
RMS 0.01253
RMS 0.01250
RMS 0.01246
RMS 0.01243
RMS 0.01239
RMS 0.01235
RMS 0.01232
RMS 0.01228
RMS 0.01225
RMS 0.01221
RMS 0.01218
RMS 0.01215
RMS 0.01211
RMS 0.01208
RMS 0.01204
RMS 0.01201
RMS 0.01198
RMS 0.01194
RMS 0.01191
RMS 0.01188
RMS 0.01185
RMS 0.01181
RMS 0.01178
RMS 0.01175
RMS 0.01172
RMS 0.01169
RMS 0.01166
RMS 0.01163
RMS 0.01159
RMS 0.01156
RMS 0.01153
RMS 0.01150
RMS 0.01147
RMS 0.01144
RMS 0.01141
RMS 0.01138
RMS 0.01135
RMS 0.01132
RMS 0.01129
RMS 0.01127
RMS 0.01124
RMS 0.01121
RMS 0.01118
RMS 0.01115
RMS 0.01112
RMS 0.01110
RMS 0.01107
RMS 0.01104
RMS 0.01101
RMS 0.01098
RMS 0.01096
RMS 0.01093
RMS 0.01090
RMS 0.01088
RMS 0.01085
RMS 0.01082
RMS 0.01080
RMS 0.01077
RMS 0.01074
RMS 0.01072
RMS 0.01069
RMS 0.01067
RMS 0.01064
RMS 0.01062
RMS 0.01059
RMS 0.01057
RMS 0.01054
RMS 0.01052
RMS 0.01049
RMS 0.01047
RMS 0.01044
RMS 0.01042
RMS 0.01039
RMS 0.01037
RMS 0.01035
RMS 0.01032
RMS 0.01030
RMS 0.01028
RMS 0.01025
RMS 0.01023
RMS 0.01021
RMS 0.01018
RMS 0.01016
RMS 0.01014
RMS 0.01012
RMS 0.01009
RMS 0.01007
RMS 0.01005
RMS 0.01003
RMS 0.01000
RMS 0.00998
RMS 0.00996
RMS 0.00994
RMS 0.00992
RMS 0.00990
RMS 0.00987
RMS 0.00985
RMS 0.00983
RMS 0.00981
RMS 0.00979
RMS 0.00977
RMS 0.00975
RMS 0.00973
RMS 0.00971
RMS 0.00969
RMS 0.00967
RMS 0.00965
RMS 0.00963
RMS 0.00961
RMS 0.00959
RMS 0.00957
RMS 0.00955
RMS 0.00953
RMS 0.00951
RMS 0.00949
RMS 0.00947
RMS 0.00945
RMS 0.00943
RMS 0.00941
RMS 0.00940
RMS 0.00938
RMS 0.00936
RMS 0.00934
RMS 0.00932
RMS 0.00930
RMS 0.00928
RMS 0.00927
RMS 0.00925
RMS 0.00923
RMS 0.00921
RMS 0.00919
RMS 0.00918
RMS 0.00916
RMS 0.00914
RMS 0.00912
RMS 0.00911
RMS 0.00909
RMS 0.00907
RMS 0.00906
RMS 0.00904
RMS 0.00902
RMS 0.00900
RMS 0.00899
RMS 0.00897
RMS 0.00896
RMS 0.00894
RMS 0.00892
RMS 0.00891
RMS 0.00889
RMS 0.00887
RMS 0.00886
RMS 0.00884
RMS 0.00883
RMS 0.00881
RMS 0.00879
RMS 0.00878
RMS 0.00876
RMS 0.00875
RMS 0.00873
RMS 0.00872
RMS 0.00870
RMS 0.00869
RMS 0.00867
RMS 0.00866
RMS 0.00864
RMS 0.00863
RMS 0.00861
RMS 0.00860
RMS 0.00858
RMS 0.00857
RMS 0.00855
RMS 0.00854
RMS 0.00852
RMS 0.00851
RMS 0.00849
RMS 0.00848
RMS 0.00847
RMS 0.00845
RMS 0.00844
RMS 0.00842
RMS 0.00841
RMS 0.00840
RMS 0.00838
RMS 0.00837
RMS 0.00835
RMS 0.00834
RMS 0.00833
RMS 0.00831
RMS 0.00830
RMS 0.00829
RMS 0.00827
RMS 0.00826
RMS 0.00825
RMS 0.00823
RMS 0.00822
RMS 0.00821
RMS 0.00820
RMS 0.00818
RMS 0.00817
RMS 0.00816
RMS 0.00815
RMS 0.00813
RMS 0.00812
RMS 0.00811
RMS 0.00810
RMS 0.00808
RMS 0.00807
RMS 0.00806
RMS 0.00805
RMS 0.00803
RMS 0.00802
RMS 0.00801
RMS 0.00800
RMS 0.00799
RMS 0.00797
RMS 0.00796
RMS 0.00795
RMS 0.00794
RMS 0.00793
RMS 0.00792
RMS 0.00790
RMS 0.00789
RMS 0.00788
RMS 0.00787
RMS 0.00786
RMS 0.00785
RMS 0.00784
RMS 0.00782
RMS 0.00781
RMS 0.00780
RMS 0.00779
RMS 0.00778
RMS 0.00777
RMS 0.00776
RMS 0.00775
RMS 0.00774
RMS 0.00773
RMS 0.00772
RMS 0.00770
RMS 0.00769
RMS 0.00768
RMS 0.00767
RMS 0.00766
RMS 0.00765
RMS 0.00764
RMS 0.00763
RMS 0.00762
RMS 0.00761
RMS 0.00760
RMS 0.00759
RMS 0.00758
RMS 0.00757
RMS 0.00756
RMS 0.00755
RMS 0.00754
RMS 0.00753
RMS 0.00752
RMS 0.00751
RMS 0.00750
RMS 0.00749
RMS 0.00748
RMS 0.00747
RMS 0.00746
RMS 0.00745
RMS 0.00744
RMS 0.00743
RMS 0.00743
RMS 0.00742
RMS 0.00741
RMS 0.00740
RMS 0.00739
RMS 0.00738
RMS 0.00737
RMS 0.00736
RMS 0.00735
RMS 0.00734
RMS 0.00733
RMS 0.00732
RMS 0.00732
RMS 0.00731
RMS 0.00730
RMS 0.00729
RMS 0.00728
RMS 0.00727
RMS 0.00726
RMS 0.00725
RMS 0.00725
RMS 0.00724
RMS 0.00723
RMS 0.00722
RMS 0.00721
RMS 0.00720
RMS 0.00719
RMS 0.00719
RMS 0.00718
RMS 0.00717
RMS 0.00716
RMS 0.00715
RMS 0.00714
RMS 0.00714
RMS 0.00713
RMS 0.00712
RMS 0.00711
RMS 0.00710
RMS 0.00710
RMS 0.00709
RMS 0.00708
RMS 0.00707
RMS 0.00706
RMS 0.00706
RMS 0.00705
RMS 0.00704
RMS 0.00703
RMS 0.00703
RMS 0.00702
RMS 0.00701
RMS 0.00700
RMS 0.00700
RMS 0.00699
RMS 0.00698
RMS 0.00697
RMS 0.00697
RMS 0.00696
RMS 0.00695
RMS 0.00694
RMS 0.00694
RMS 0.00693
RMS 0.00692
RMS 0.00691
RMS 0.00691
RMS 0.00690
RMS 0.00689
RMS 0.00689
RMS 0.00688
RMS 0.00687
RMS 0.00686
RMS 0.00686
RMS 0.00685
RMS 0.00684
RMS 0.00684
RMS 0.00683
RMS 0.00682
RMS 0.00682
RMS 0.00681

##################TEST##################
Test : ACIERTOS = 4 100%
Test FALLOS = 0 0%
