-0.40 -0.06 
-0.02 -0.48 
-0.49 0.44 
0.06 0.03 
-0.18 -0.14 
-0.30 0.35 
0.11 0.23 
0.48 -0.49 
0.02 -0.22 
0.39 -0.50 
0.24 -0.06 -0.26 -0.10 0.21 0.48 -0.39 -0.44 -0.13 0.20 
-0.33 -0.04 -0.37 0.16 -0.02 -0.36 0.10 -0.47 0.18 0.42 
-0.11 0.38 0.28 -0.50 0.10 0.26 -0.49 -0.38 -0.47 0.40 -0.38 0.28 

##################LEARN##################
RMS 1.88657
RMS 1.78938
RMS 1.70326
RMS 1.62742
RMS 1.56098
RMS 1.50299
RMS 1.45250
RMS 1.40859
RMS 1.37042
RMS 1.33720
RMS 1.30824
RMS 1.28293
RMS 1.26073
RMS 1.24117
RMS 1.22387
RMS 1.20847
RMS 1.19468
RMS 1.18227
RMS 1.17102
RMS 1.16076
RMS 1.15132
RMS 1.14259
RMS 1.13446
RMS 1.12683
RMS 1.11963
RMS 1.11278
RMS 1.10623
RMS 1.09994
RMS 1.09386
RMS 1.08795
RMS 1.08218
RMS 1.07653
RMS 1.07097
RMS 1.06549
RMS 1.06006
RMS 1.05467
RMS 1.04931
RMS 1.04396
RMS 1.03861
RMS 1.03326
RMS 1.02790
RMS 1.02251
RMS 1.01710
RMS 1.01166
RMS 1.00618
RMS 1.00065
RMS 0.99508
RMS 0.98946
RMS 0.98379
RMS 0.97805
RMS 0.97226
RMS 0.96640
RMS 0.96048
RMS 0.95449
RMS 0.94843
RMS 0.94230
RMS 0.93610
RMS 0.92982
RMS 0.92347
RMS 0.91704
RMS 0.91053
RMS 0.90395
RMS 0.89728
RMS 0.89054
RMS 0.88371
RMS 0.87681
RMS 0.86982
RMS 0.86276
RMS 0.85562
RMS 0.84839
RMS 0.84109
RMS 0.83371
RMS 0.82626
RMS 0.81872
RMS 0.81112
RMS 0.80344
RMS 0.79569
RMS 0.78787
RMS 0.77998
RMS 0.77203
RMS 0.76402
RMS 0.75594
RMS 0.74781
RMS 0.73962
RMS 0.73138
RMS 0.72310
RMS 0.71476
RMS 0.70639
RMS 0.69798
RMS 0.68953
RMS 0.68105
RMS 0.67255
RMS 0.66402
RMS 0.65548
RMS 0.64692
RMS 0.63835
RMS 0.62978
RMS 0.62120
RMS 0.61263
RMS 0.60406
RMS 0.59551
RMS 0.58697
RMS 0.57846
RMS 0.56997
RMS 0.56150
RMS 0.55307
RMS 0.54468
RMS 0.53633
RMS 0.52803
RMS 0.51977
RMS 0.51157
RMS 0.50342
RMS 0.49533
RMS 0.48731
RMS 0.47935
RMS 0.47146
RMS 0.46365
RMS 0.45591
RMS 0.44825
RMS 0.44066
RMS 0.43316
RMS 0.42575
RMS 0.41842
RMS 0.41118
RMS 0.40403
RMS 0.39697
RMS 0.39000
RMS 0.38313
RMS 0.37635
RMS 0.36967
RMS 0.36309
RMS 0.35660
RMS 0.35022
RMS 0.34393
RMS 0.33774
RMS 0.33165
RMS 0.32565
RMS 0.31976
RMS 0.31397
RMS 0.30827
RMS 0.30267
RMS 0.29718
RMS 0.29177
RMS 0.28647
RMS 0.28126
RMS 0.27614
RMS 0.27112
RMS 0.26620
RMS 0.26136
RMS 0.25662
RMS 0.25197
RMS 0.24741
RMS 0.24294
RMS 0.23855
RMS 0.23425
RMS 0.23004
RMS 0.22591
RMS 0.22186
RMS 0.21789
RMS 0.21400
RMS 0.21020
RMS 0.20646
RMS 0.20281
RMS 0.19923
RMS 0.19572
RMS 0.19229
RMS 0.18893
RMS 0.18563
RMS 0.18241
RMS 0.17925
RMS 0.17615
RMS 0.17312
RMS 0.17016
RMS 0.16725
RMS 0.16441
RMS 0.16163
RMS 0.15890
RMS 0.15623
RMS 0.15362
RMS 0.15106
RMS 0.14855
RMS 0.14610
RMS 0.14370
RMS 0.14135
RMS 0.13904
RMS 0.13679
RMS 0.13458
RMS 0.13242
RMS 0.13030
RMS 0.12823
RMS 0.12619
RMS 0.12420
RMS 0.12226
RMS 0.12035
RMS 0.11848
RMS 0.11665
RMS 0.11485
RMS 0.11309
RMS 0.11137
RMS 0.10968
RMS 0.10803
RMS 0.10641
RMS 0.10482
RMS 0.10327
RMS 0.10174
RMS 0.10025
RMS 0.09878
RMS 0.09735
RMS 0.09594
RMS 0.09456
RMS 0.09321
RMS 0.09188
RMS 0.09058
RMS 0.08931
RMS 0.08806
RMS 0.08683
RMS 0.08563
RMS 0.08445
RMS 0.08329
RMS 0.08216
RMS 0.08104
RMS 0.07995
RMS 0.07888
RMS 0.07783
RMS 0.07679
RMS 0.07578
RMS 0.07479
RMS 0.07381
RMS 0.07285
RMS 0.07191
RMS 0.07099
RMS 0.07008
RMS 0.06919
RMS 0.06832
RMS 0.06746
RMS 0.06662
RMS 0.06579
RMS 0.06498
RMS 0.06418
RMS 0.06339
RMS 0.06262
RMS 0.06186
RMS 0.06112
RMS 0.06039
RMS 0.05967
RMS 0.05896
RMS 0.05827
RMS 0.05759
RMS 0.05692
RMS 0.05626
RMS 0.05561
RMS 0.05497
RMS 0.05435
RMS 0.05373
RMS 0.05313
RMS 0.05253
RMS 0.05194
RMS 0.05137
RMS 0.05080
RMS 0.05024
RMS 0.04969
RMS 0.04916
RMS 0.04862
RMS 0.04810
RMS 0.04759
RMS 0.04708
RMS 0.04658
RMS 0.04609
RMS 0.04561
RMS 0.04514
RMS 0.04467
RMS 0.04421
RMS 0.04376
RMS 0.04331
RMS 0.04287
RMS 0.04244
RMS 0.04201
RMS 0.04159
RMS 0.04118
RMS 0.04077
RMS 0.04037
RMS 0.03998
RMS 0.03959
RMS 0.03921
RMS 0.03883
RMS 0.03846
RMS 0.03809
RMS 0.03773
RMS 0.03737
RMS 0.03702
RMS 0.03668
RMS 0.03634
RMS 0.03600
RMS 0.03567
RMS 0.03535
RMS 0.03502
RMS 0.03471
RMS 0.03439
RMS 0.03409
RMS 0.03378
RMS 0.03348
RMS 0.03319
RMS 0.03290
RMS 0.03261
RMS 0.03232
RMS 0.03205
RMS 0.03177
RMS 0.03150
RMS 0.03123
RMS 0.03096
RMS 0.03070
RMS 0.03045
RMS 0.03019
RMS 0.02994
RMS 0.02969
RMS 0.02945
RMS 0.02921
RMS 0.02897
RMS 0.02873
RMS 0.02850
RMS 0.02827
RMS 0.02805
RMS 0.02782
RMS 0.02760
RMS 0.02739
RMS 0.02717
RMS 0.02696
RMS 0.02675
RMS 0.02655
RMS 0.02634
RMS 0.02614
RMS 0.02594
RMS 0.02574
RMS 0.02555
RMS 0.02536
RMS 0.02517
RMS 0.02498
RMS 0.02480
RMS 0.02462
RMS 0.02444
RMS 0.02426
RMS 0.02408
RMS 0.02391
RMS 0.02374
RMS 0.02357
RMS 0.02340
RMS 0.02323
RMS 0.02307
RMS 0.02291
RMS 0.02275
RMS 0.02259
RMS 0.02243
RMS 0.02228
RMS 0.02213
RMS 0.02198
RMS 0.02183
RMS 0.02168
RMS 0.02153
RMS 0.02139
RMS 0.02125
RMS 0.02111
RMS 0.02097
RMS 0.02083
RMS 0.02069
RMS 0.02056
RMS 0.02043
RMS 0.02029
RMS 0.02016
RMS 0.02004
RMS 0.01991
RMS 0.01978
RMS 0.01966
RMS 0.01953
RMS 0.01941
RMS 0.01929
RMS 0.01917
RMS 0.01906
RMS 0.01894
RMS 0.01882
RMS 0.01871
RMS 0.01860
RMS 0.01848
RMS 0.01837
RMS 0.01827
RMS 0.01816
RMS 0.01805
RMS 0.01794
RMS 0.01784
RMS 0.01774
RMS 0.01763
RMS 0.01753
RMS 0.01743
RMS 0.01733
RMS 0.01723
RMS 0.01713
RMS 0.01704
RMS 0.01694
RMS 0.01685
RMS 0.01675
RMS 0.01666
RMS 0.01657
RMS 0.01648
RMS 0.01639
RMS 0.01630
RMS 0.01621
RMS 0.01612
RMS 0.01604
RMS 0.01595
RMS 0.01587
RMS 0.01578
RMS 0.01570
RMS 0.01562
RMS 0.01554
RMS 0.01546
RMS 0.01538
RMS 0.01530
RMS 0.01522
RMS 0.01514
RMS 0.01507
RMS 0.01499
RMS 0.01491
RMS 0.01484
RMS 0.01477
RMS 0.01469
RMS 0.01462
RMS 0.01455
RMS 0.01448
RMS 0.01441
RMS 0.01434
RMS 0.01427
RMS 0.01420
RMS 0.01413
RMS 0.01406
RMS 0.01400
RMS 0.01393
RMS 0.01386
RMS 0.01380
RMS 0.01374
RMS 0.01367
RMS 0.01361
RMS 0.01355
RMS 0.01348
RMS 0.01342
RMS 0.01336
RMS 0.01330
RMS 0.01324
RMS 0.01318
RMS 0.01312
RMS 0.01307
RMS 0.01301
RMS 0.01295
RMS 0.01289
RMS 0.01284
RMS 0.01278
RMS 0.01273
RMS 0.01267
RMS 0.01262
RMS 0.01256
RMS 0.01251
RMS 0.01246
RMS 0.01241
RMS 0.01235
RMS 0.01230
RMS 0.01225
RMS 0.01220
RMS 0.01215
RMS 0.01210
RMS 0.01205
RMS 0.01200
RMS 0.01195
RMS 0.01191
RMS 0.01186
RMS 0.01181
RMS 0.01176
RMS 0.01172
RMS 0.01167
RMS 0.01163
RMS 0.01158
RMS 0.01154
RMS 0.01149
RMS 0.01145
RMS 0.01140
RMS 0.01136
RMS 0.01132
RMS 0.01127
RMS 0.01123
RMS 0.01119
RMS 0.01115
RMS 0.01111
RMS 0.01106
RMS 0.01102
RMS 0.01098
RMS 0.01094
RMS 0.01090
RMS 0.01086
RMS 0.01082
RMS 0.01079
RMS 0.01075
RMS 0.01071
RMS 0.01067
RMS 0.01063
RMS 0.01060
RMS 0.01056
RMS 0.01052
RMS 0.01049
RMS 0.01045
RMS 0.01041
RMS 0.01038
RMS 0.01034
RMS 0.01031
RMS 0.01027
RMS 0.01024
RMS 0.01020
RMS 0.01017
RMS 0.01014
RMS 0.01010
RMS 0.01007
RMS 0.01004
RMS 0.01000
RMS 0.00997
RMS 0.00994
RMS 0.00991
RMS 0.00988
RMS 0.00984
RMS 0.00981
RMS 0.00978
RMS 0.00975
RMS 0.00972
RMS 0.00969
RMS 0.00966
RMS 0.00963
RMS 0.00960
RMS 0.00957
RMS 0.00954
RMS 0.00951
RMS 0.00949
RMS 0.00946
RMS 0.00943
RMS 0.00940
RMS 0.00937
RMS 0.00934
RMS 0.00932
RMS 0.00929
RMS 0.00926
RMS 0.00924
RMS 0.00921
RMS 0.00918
RMS 0.00916
RMS 0.00913
RMS 0.00910
RMS 0.00908
RMS 0.00905
RMS 0.00903
RMS 0.00900
RMS 0.00898
RMS 0.00895
RMS 0.00893
RMS 0.00890
RMS 0.00888
RMS 0.00885
RMS 0.00883
RMS 0.00881
RMS 0.00878
RMS 0.00876
RMS 0.00874
RMS 0.00871
RMS 0.00869
RMS 0.00867
RMS 0.00864
RMS 0.00862
RMS 0.00860
RMS 0.00858
RMS 0.00855
RMS 0.00853
RMS 0.00851
RMS 0.00849
RMS 0.00847
RMS 0.00845
RMS 0.00842
RMS 0.00840
RMS 0.00838
RMS 0.00836
RMS 0.00834
RMS 0.00832
RMS 0.00830
RMS 0.00828
RMS 0.00826
RMS 0.00824
RMS 0.00822
RMS 0.00820
RMS 0.00818
RMS 0.00816
RMS 0.00814
RMS 0.00812
RMS 0.00810
RMS 0.00809
RMS 0.00807
RMS 0.00805
RMS 0.00803
RMS 0.00801
RMS 0.00799
RMS 0.00797
RMS 0.00796
RMS 0.00794
RMS 0.00792
RMS 0.00790
RMS 0.00789
RMS 0.00787
RMS 0.00785
RMS 0.00783
RMS 0.00782
RMS 0.00780
RMS 0.00778
RMS 0.00777
RMS 0.00775
RMS 0.00773
RMS 0.00772
RMS 0.00770
RMS 0.00768
RMS 0.00767
RMS 0.00765
RMS 0.00763
RMS 0.00762
RMS 0.00760
RMS 0.00759
RMS 0.00757
RMS 0.00756
RMS 0.00754
RMS 0.00753
RMS 0.00751
RMS 0.00750
RMS 0.00748
RMS 0.00747
RMS 0.00745
RMS 0.00744
RMS 0.00742
RMS 0.00741
RMS 0.00739
RMS 0.00738
RMS 0.00736
RMS 0.00735
RMS 0.00734
RMS 0.00732
RMS 0.00731
RMS 0.00729
RMS 0.00728
RMS 0.00727
RMS 0.00725
RMS 0.00724
RMS 0.00723
RMS 0.00721
RMS 0.00720
RMS 0.00719
RMS 0.00717
RMS 0.00716
RMS 0.00715
RMS 0.00713
RMS 0.00712
RMS 0.00711
RMS 0.00710
RMS 0.00708
RMS 0.00707
RMS 0.00706
RMS 0.00705
RMS 0.00703
RMS 0.00702
RMS 0.00701
RMS 0.00700
RMS 0.00699
RMS 0.00697
RMS 0.00696
RMS 0.00695
RMS 0.00694
RMS 0.00693
RMS 0.00692
RMS 0.00691
RMS 0.00689
RMS 0.00688
RMS 0.00687
RMS 0.00686
RMS 0.00685
RMS 0.00684
RMS 0.00683
RMS 0.00682
RMS 0.00680
RMS 0.00679
RMS 0.00678
RMS 0.00677
RMS 0.00676
RMS 0.00675
RMS 0.00674
RMS 0.00673
RMS 0.00672
RMS 0.00671
RMS 0.00670
RMS 0.00669
RMS 0.00668
RMS 0.00667
RMS 0.00666
RMS 0.00665
RMS 0.00664
RMS 0.00663
RMS 0.00662
RMS 0.00661
RMS 0.00660
RMS 0.00659
RMS 0.00658
RMS 0.00657
RMS 0.00656
RMS 0.00655
RMS 0.00654
RMS 0.00653
RMS 0.00652
RMS 0.00652
RMS 0.00651
RMS 0.00650
RMS 0.00649
RMS 0.00648
RMS 0.00647
RMS 0.00646
RMS 0.00645
RMS 0.00644
RMS 0.00643
RMS 0.00643
RMS 0.00642
RMS 0.00641
RMS 0.00640
RMS 0.00639
RMS 0.00638
RMS 0.00637
RMS 0.00637
RMS 0.00636
RMS 0.00635
RMS 0.00634
RMS 0.00633
RMS 0.00632
RMS 0.00632
RMS 0.00631
RMS 0.00630
RMS 0.00629
RMS 0.00628
RMS 0.00628
RMS 0.00627
RMS 0.00626
RMS 0.00625
RMS 0.00625
RMS 0.00624
RMS 0.00623
RMS 0.00622
RMS 0.00622
RMS 0.00621
RMS 0.00620
RMS 0.00619
RMS 0.00619
RMS 0.00618
RMS 0.00617
RMS 0.00616
RMS 0.00616
RMS 0.00615
RMS 0.00614
RMS 0.00613
RMS 0.00613
RMS 0.00612
RMS 0.00611
RMS 0.00611
RMS 0.00610
RMS 0.00609
RMS 0.00609
RMS 0.00608
RMS 0.00607
RMS 0.00607
RMS 0.00606
RMS 0.00605
RMS 0.00605
RMS 0.00604
RMS 0.00603
RMS 0.00603
RMS 0.00602
RMS 0.00601
RMS 0.00601
RMS 0.00600
RMS 0.00599
RMS 0.00599
RMS 0.00598
RMS 0.00597
RMS 0.00597
RMS 0.00596
RMS 0.00596
RMS 0.00595
RMS 0.00594
RMS 0.00594
RMS 0.00593
RMS 0.00592
RMS 0.00592
RMS 0.00591
RMS 0.00591
RMS 0.00590
RMS 0.00590
RMS 0.00589
RMS 0.00588
RMS 0.00588
RMS 0.00587
RMS 0.00587
RMS 0.00586
RMS 0.00585
RMS 0.00585
RMS 0.00584
RMS 0.00584
RMS 0.00583
RMS 0.00583
RMS 0.00582
RMS 0.00582
RMS 0.00581
RMS 0.00580
RMS 0.00580
RMS 0.00579
RMS 0.00579
RMS 0.00578
RMS 0.00578
RMS 0.00577
RMS 0.00577
RMS 0.00576
RMS 0.00576
RMS 0.00575
RMS 0.00575
RMS 0.00574
RMS 0.00574
RMS 0.00573
RMS 0.00573
RMS 0.00572
RMS 0.00572
RMS 0.00571
RMS 0.00571
RMS 0.00570
RMS 0.00570
RMS 0.00569
RMS 0.00569
RMS 0.00568
RMS 0.00568
RMS 0.00567
RMS 0.00567
RMS 0.00566
RMS 0.00566
RMS 0.00565
RMS 0.00565
RMS 0.00564
RMS 0.00564
RMS 0.00564
RMS 0.00563
RMS 0.00563
RMS 0.00562
RMS 0.00562
RMS 0.00561
RMS 0.00561
RMS 0.00560
RMS 0.00560
RMS 0.00560
RMS 0.00559
RMS 0.00559
RMS 0.00558
RMS 0.00558
RMS 0.00557
RMS 0.00557
RMS 0.00556
RMS 0.00556
RMS 0.00556
RMS 0.00555
RMS 0.00555
RMS 0.00554
RMS 0.00554
RMS 0.00554
RMS 0.00553
RMS 0.00553
RMS 0.00552
RMS 0.00552
RMS 0.00552
RMS 0.00551
RMS 0.00551
RMS 0.00550
RMS 0.00550
RMS 0.00550
RMS 0.00549
RMS 0.00549
RMS 0.00548
RMS 0.00548
RMS 0.00548
RMS 0.00547
RMS 0.00547
RMS 0.00546
RMS 0.00546
RMS 0.00546
RMS 0.00545
RMS 0.00545
RMS 0.00545
RMS 0.00544
RMS 0.00544
RMS 0.00544
RMS 0.00543
RMS 0.00543
RMS 0.00542
RMS 0.00542
RMS 0.00542
RMS 0.00541
RMS 0.00541
RMS 0.00541
RMS 0.00540
RMS 0.00540
RMS 0.00540
RMS 0.00539
RMS 0.00539
RMS 0.00539
RMS 0.00538
RMS 0.00538
RMS 0.00538
RMS 0.00537
RMS 0.00537
RMS 0.00537
RMS 0.00536
RMS 0.00536
RMS 0.00536
RMS 0.00535
RMS 0.00535
RMS 0.00535
RMS 0.00534
RMS 0.00534
RMS 0.00534
RMS 0.00533
RMS 0.00533
RMS 0.00533
RMS 0.00532
RMS 0.00532
RMS 0.00532
RMS 0.00531
RMS 0.00531
RMS 0.00531
RMS 0.00531
RMS 0.00530
RMS 0.00530
RMS 0.00530
RMS 0.00529
RMS 0.00529
RMS 0.00529
RMS 0.00528
RMS 0.00528
RMS 0.00528
RMS 0.00528
RMS 0.00527
RMS 0.00527
RMS 0.00527
RMS 0.00526
RMS 0.00526
RMS 0.00526
RMS 0.00526
RMS 0.00525
RMS 0.00525
RMS 0.00525
RMS 0.00524
RMS 0.00524
RMS 0.00524
RMS 0.00524
RMS 0.00523
RMS 0.00523
RMS 0.00523
RMS 0.00523
RMS 0.00522
RMS 0.00522
RMS 0.00522
RMS 0.00521
RMS 0.00521
RMS 0.00521
RMS 0.00521
RMS 0.00520
RMS 0.00520
RMS 0.00520
RMS 0.00520
RMS 0.00519
RMS 0.00519
RMS 0.00519
RMS 0.00519
RMS 0.00518
RMS 0.00518
RMS 0.00518
RMS 0.00518
RMS 0.00517
RMS 0.00517
RMS 0.00517
RMS 0.00517
RMS 0.00516
RMS 0.00516
RMS 0.00516
RMS 0.00516
RMS 0.00515
RMS 0.00515
RMS 0.00515
RMS 0.00515
RMS 0.00514
RMS 0.00514
RMS 0.00514
RMS 0.00514
RMS 0.00514

##################TEST##################
Test : ACIERTOS = 4 100%
Test FALLOS = 0 0%
