-0.12 0.34 -0.19 -0.46 0.20 0.23 0.31 -0.30 0.26 
-0.49 0.40 0.17 -0.34 -0.42 -0.19 0.45 0.46 0.19 
0.20 0.23 -0.29 0.30 -0.03 0.17 -0.38 0.28 -0.34 
-0.28 0.03 -0.45 -0.31 0.41 0.39 -0.00 0.45 0.09 
-0.27 0.26 0.29 0.49 0.27 0.18 0.16 0.43 0.26 
0.46 0.38 0.22 0.15 0.08 
-0.06 0.36 -0.12 0.41 0.03 
0.00 0.19 0.19 0.23 -0.27 0.24 0.42 

##################LEARN##################
RMS 1.55279
RMS 1.52100
RMS 1.51430
RMS 1.50861
RMS 1.50380
RMS 1.49982
RMS 1.49657
RMS 1.49391
RMS 1.49169
RMS 1.48982
RMS 1.48820
RMS 1.48679
RMS 1.48553
RMS 1.48439
RMS 1.48337
RMS 1.48243
RMS 1.48158
RMS 1.48080
RMS 1.48009
RMS 1.47943
RMS 1.47884
RMS 1.47830
RMS 1.47780
RMS 1.47735
RMS 1.47694
RMS 1.47656
RMS 1.47622
RMS 1.47590
RMS 1.47561
RMS 1.47534
RMS 1.47510
RMS 1.47487
RMS 1.47466
RMS 1.47447
RMS 1.47429
RMS 1.47412
RMS 1.47397
RMS 1.47382
RMS 1.47369
RMS 1.47356
RMS 1.47344
RMS 1.47333
RMS 1.47323
RMS 1.47313
RMS 1.47304
RMS 1.47295
RMS 1.47287
RMS 1.47279
RMS 1.47272
RMS 1.47265
RMS 1.47258
RMS 1.47252
RMS 1.47246
RMS 1.47240
RMS 1.47235
RMS 1.47230
RMS 1.47225
RMS 1.47220
RMS 1.47216
RMS 1.47211
RMS 1.47207
RMS 1.47204
RMS 1.47200
RMS 1.47196
RMS 1.47193
RMS 1.47189
RMS 1.47186
RMS 1.47183
RMS 1.47180
RMS 1.47177
RMS 1.47175
RMS 1.47172
RMS 1.47169
RMS 1.47167
RMS 1.47165
RMS 1.47162
RMS 1.47160
RMS 1.47158
RMS 1.47156
RMS 1.47154
RMS 1.47152
RMS 1.47150
RMS 1.47149
RMS 1.47147
RMS 1.47145
RMS 1.47144
RMS 1.47142
RMS 1.47140
RMS 1.47139
RMS 1.47137
RMS 1.47136
RMS 1.47135
RMS 1.47133
RMS 1.47132
RMS 1.47131
RMS 1.47130
RMS 1.47129
RMS 1.47127
RMS 1.47126
RMS 1.47125
RMS 1.47124
RMS 1.47123
RMS 1.47122
RMS 1.47121
RMS 1.47120
RMS 1.47119
RMS 1.47118
RMS 1.47117
RMS 1.47116
RMS 1.47116
RMS 1.47115
RMS 1.47114
RMS 1.47113
RMS 1.47112
RMS 1.47112
RMS 1.47111
RMS 1.47110
RMS 1.47110
RMS 1.47109
RMS 1.47108
RMS 1.47108
RMS 1.47107
RMS 1.47106
RMS 1.47106
RMS 1.47105
RMS 1.47105
RMS 1.47104
RMS 1.47103
RMS 1.47103
RMS 1.47102
RMS 1.47102
RMS 1.47101
RMS 1.47101
RMS 1.47100
RMS 1.47100
RMS 1.47099
RMS 1.47099
RMS 1.47098
RMS 1.47098
RMS 1.47097
RMS 1.47097
RMS 1.47097
RMS 1.47096
RMS 1.47096
RMS 1.47095
RMS 1.47095
RMS 1.47095
RMS 1.47094
RMS 1.47094
RMS 1.47093
RMS 1.47093
RMS 1.47093
RMS 1.47092
RMS 1.47092
RMS 1.47092
RMS 1.47091
RMS 1.47091
RMS 1.47091
RMS 1.47090
RMS 1.47090
RMS 1.47090
RMS 1.47090
RMS 1.47089
RMS 1.47089
RMS 1.47089
RMS 1.47088
RMS 1.47088
RMS 1.47088
RMS 1.47088
RMS 1.47087
RMS 1.47087
RMS 1.47087
RMS 1.47087
RMS 1.47086
RMS 1.47086
RMS 1.47086
RMS 1.47086
RMS 1.47086
RMS 1.47085
RMS 1.47085
RMS 1.47085
RMS 1.47085
RMS 1.47084
RMS 1.47084
RMS 1.47084
RMS 1.47084
RMS 1.47084
RMS 1.47083
RMS 1.47083
RMS 1.47083
RMS 1.47083
RMS 1.47082
RMS 1.47082
RMS 1.47082
RMS 1.47082
RMS 1.47082
RMS 1.47082
RMS 1.47082
RMS 1.47081
RMS 1.47081
RMS 1.47081
RMS 1.47081
RMS 1.47081
RMS 1.47081
RMS 1.47080
RMS 1.47080
RMS 1.47080
RMS 1.47080
RMS 1.47080
RMS 1.47080
RMS 1.47079
RMS 1.47079
RMS 1.47079
RMS 1.47079
RMS 1.47079
RMS 1.47079
RMS 1.47079
RMS 1.47078
RMS 1.47078
RMS 1.47078
RMS 1.47078
RMS 1.47078
RMS 1.47078
RMS 1.47078
RMS 1.47078
RMS 1.47078
RMS 1.47077
RMS 1.47077
RMS 1.47077
RMS 1.47077
RMS 1.47077
RMS 1.47077
RMS 1.47077
RMS 1.47077
RMS 1.47077
RMS 1.47076
RMS 1.47076
RMS 1.47076
RMS 1.47076
RMS 1.47076
RMS 1.47076
RMS 1.47076
RMS 1.47076
RMS 1.47076
RMS 1.47076
RMS 1.47075
RMS 1.47075
RMS 1.47075
RMS 1.47075
RMS 1.47075
RMS 1.47075
RMS 1.47075
RMS 1.47075
RMS 1.47075
RMS 1.47075
RMS 1.47075
RMS 1.47074
RMS 1.47074
RMS 1.47074
RMS 1.47074
RMS 1.47074
RMS 1.47074
RMS 1.47074
RMS 1.47074
RMS 1.47074
RMS 1.47074
RMS 1.47074
RMS 1.47074
RMS 1.47073
RMS 1.47073
RMS 1.47073
RMS 1.47073
RMS 1.47073
RMS 1.47073
RMS 1.47073
RMS 1.47073
RMS 1.47073
RMS 1.47073
RMS 1.47073
RMS 1.47073
RMS 1.47073
RMS 1.47073
RMS 1.47073
RMS 1.47073
RMS 1.47072
RMS 1.47073
RMS 1.47072
RMS 1.47072
RMS 1.47072
RMS 1.47072
RMS 1.47072
RMS 1.47072
RMS 1.47072
RMS 1.47072
RMS 1.47072
RMS 1.47072
RMS 1.47072
RMS 1.47072
RMS 1.47072
RMS 1.47072
RMS 1.47072
RMS 1.47072
RMS 1.47071
RMS 1.47071
RMS 1.47071
RMS 1.47071
RMS 1.47071
RMS 1.47071
RMS 1.47071
RMS 1.47071
RMS 1.47071
RMS 1.47071
RMS 1.47071
RMS 1.47071
RMS 1.47071
RMS 1.47071
RMS 1.47071
RMS 1.47071
RMS 1.47071
RMS 1.47071
RMS 1.47071
RMS 1.47071
RMS 1.47071
RMS 1.47071
RMS 1.47070
RMS 1.47070
RMS 1.47070
RMS 1.47070
RMS 1.47070
RMS 1.47070
RMS 1.47070
RMS 1.47070
RMS 1.47070
RMS 1.47070
RMS 1.47070
RMS 1.47070
RMS 1.47070
RMS 1.47070
RMS 1.47070
RMS 1.47070
RMS 1.47070
RMS 1.47070
RMS 1.47070
RMS 1.47070
RMS 1.47070
RMS 1.47070
RMS 1.47070
RMS 1.47070
RMS 1.47070
RMS 1.47070
RMS 1.47070
RMS 1.47070
RMS 1.47069
RMS 1.47069
RMS 1.47069
RMS 1.47069
RMS 1.47069
RMS 1.47069
RMS 1.47069
RMS 1.47069
RMS 1.47069
RMS 1.47069
RMS 1.47069
RMS 1.47069
RMS 1.47069
RMS 1.47069
RMS 1.47069
RMS 1.47069
RMS 1.47069
RMS 1.47069
RMS 1.47069
RMS 1.47069
RMS 1.47069
RMS 1.47069
RMS 1.47069
RMS 1.47069
RMS 1.47069
RMS 1.47069
RMS 1.47069
RMS 1.47069
RMS 1.47069
RMS 1.47069
RMS 1.47069
RMS 1.47069
RMS 1.47069
RMS 1.47069
RMS 1.47068
RMS 1.47068
RMS 1.47068
RMS 1.47068
RMS 1.47068
RMS 1.47068
RMS 1.47068
RMS 1.47068
RMS 1.47068
RMS 1.47068
RMS 1.47068
RMS 1.47068
RMS 1.47068
RMS 1.47068
RMS 1.47068
RMS 1.47068
RMS 1.47068
RMS 1.47068
RMS 1.47068
RMS 1.47068
RMS 1.47068
RMS 1.47068
RMS 1.47068
RMS 1.47068
RMS 1.47068
RMS 1.47068
RMS 1.47068
RMS 1.47068
RMS 1.47068
RMS 1.47068
RMS 1.47068
RMS 1.47068
RMS 1.47068
RMS 1.47068
RMS 1.47068
RMS 1.47068
RMS 1.47068
RMS 1.47068
RMS 1.47068
RMS 1.47068
RMS 1.47068
RMS 1.47068
RMS 1.47068
RMS 1.47068
RMS 1.47068
RMS 1.47068
RMS 1.47068
RMS 1.47068
RMS 1.47067
RMS 1.47067
RMS 1.47067
RMS 1.47067
RMS 1.47067
RMS 1.47067
RMS 1.47067
RMS 1.47067
RMS 1.47067
RMS 1.47067
RMS 1.47067
RMS 1.47067
RMS 1.47067
RMS 1.47067
RMS 1.47067
RMS 1.47067
RMS 1.47067
RMS 1.47067
RMS 1.47067
RMS 1.47067
RMS 1.47067
RMS 1.47067
RMS 1.47067
RMS 1.47067
RMS 1.47067
RMS 1.47067
RMS 1.47067
RMS 1.47067
RMS 1.47067
RMS 1.47067
RMS 1.47067
RMS 1.47067
RMS 1.47067
RMS 1.47067
RMS 1.47067
RMS 1.47067
RMS 1.47067
RMS 1.47067
RMS 1.47067
RMS 1.47067
RMS 1.47067
RMS 1.47067
RMS 1.47067
RMS 1.47067
RMS 1.47067
RMS 1.47067
RMS 1.47067
RMS 1.47067
RMS 1.47067
RMS 1.47067
RMS 1.47067
RMS 1.47067
RMS 1.47067
RMS 1.47067
RMS 1.47067
RMS 1.47067
RMS 1.47067
RMS 1.47067
RMS 1.47067
RMS 1.47067
RMS 1.47067
RMS 1.47067
RMS 1.47067
RMS 1.47067
RMS 1.47067
RMS 1.47067
RMS 1.47067
RMS 1.47067
RMS 1.47067
RMS 1.47067
RMS 1.47067
RMS 1.47066
RMS 1.47066
RMS 1.47066
RMS 1.47066
RMS 1.47066
RMS 1.47066
RMS 1.47066
RMS 1.47066
RMS 1.47066
RMS 1.47066
RMS 1.47066
RMS 1.47066
RMS 1.47066
RMS 1.47066
RMS 1.47066
RMS 1.47066
RMS 1.47066
RMS 1.47066
RMS 1.47066
RMS 1.47066
RMS 1.47066
RMS 1.47066
RMS 1.47066
RMS 1.47066
RMS 1.47066
RMS 1.47066
RMS 1.47066
RMS 1.47066
RMS 1.47066
RMS 1.47066
RMS 1.47066
RMS 1.47066
RMS 1.47066
RMS 1.47066
RMS 1.47066
RMS 1.47066
RMS 1.47066
RMS 1.47066
RMS 1.47066
RMS 1.47066
RMS 1.47066
RMS 1.47066
RMS 1.47066
RMS 1.47066
RMS 1.47066
RMS 1.47066
RMS 1.47066
RMS 1.47066
RMS 1.47066
RMS 1.47066
RMS 1.47066
RMS 1.47066
RMS 1.47066
RMS 1.47066
RMS 1.47066
RMS 1.47066
RMS 1.47066
RMS 1.47066
RMS 1.47066
RMS 1.47066
RMS 1.47066
RMS 1.47066
RMS 1.47066
RMS 1.47066
RMS 1.47066
RMS 1.47066
RMS 1.47066
RMS 1.47066
RMS 1.47066
RMS 1.47066
RMS 1.47066
RMS 1.47066
RMS 1.47066
RMS 1.47066
RMS 1.47066
RMS 1.47066
RMS 1.47066
RMS 1.47066
RMS 1.47066
RMS 1.47066
RMS 1.47066
RMS 1.47066
RMS 1.47066
RMS 1.47066
RMS 1.47066
RMS 1.47066
RMS 1.47066
RMS 1.47066
RMS 1.47066
RMS 1.47066
RMS 1.47066
RMS 1.47066
RMS 1.47066
RMS 1.47066
RMS 1.47066
RMS 1.47066
RMS 1.47066
RMS 1.47066
RMS 1.47066
RMS 1.47066
RMS 1.47066
RMS 1.47066
RMS 1.47066
RMS 1.47066
RMS 1.47066
RMS 1.47066
RMS 1.47066
RMS 1.47066
RMS 1.47066
RMS 1.47066
RMS 1.47066
RMS 1.47066
RMS 1.47066
RMS 1.47066
RMS 1.47066
RMS 1.47066
RMS 1.47066
RMS 1.47066
RMS 1.47066
RMS 1.47066
RMS 1.47066
RMS 1.47066
RMS 1.47066
RMS 1.47066
RMS 1.47066
RMS 1.47066
RMS 1.47066
RMS 1.47066
RMS 1.47066
RMS 1.47066
RMS 1.47066
RMS 1.47066
RMS 1.47066
RMS 1.47066
RMS 1.47066
RMS 1.47066
RMS 1.47066
RMS 1.47066
RMS 1.47066
RMS 1.47066
RMS 1.47066
RMS 1.47066
RMS 1.47066
RMS 1.47065
RMS 1.47065
RMS 1.47065
RMS 1.47065
RMS 1.47065
RMS 1.47065
RMS 1.47065
RMS 1.47065
RMS 1.47065
RMS 1.47065
RMS 1.47065
RMS 1.47065
RMS 1.47065
RMS 1.47065
RMS 1.47065
RMS 1.47065
RMS 1.47065
RMS 1.47065
RMS 1.47065
RMS 1.47065
RMS 1.47065
RMS 1.47065
RMS 1.47065
RMS 1.47065
RMS 1.47065
RMS 1.47065
RMS 1.47065
RMS 1.47065
RMS 1.47065
RMS 1.47065
RMS 1.47065
RMS 1.47065
RMS 1.47065
RMS 1.47065
RMS 1.47065
RMS 1.47065
RMS 1.47065
RMS 1.47065
RMS 1.47065
RMS 1.47065
RMS 1.47065
RMS 1.47065
RMS 1.47065
RMS 1.47065
RMS 1.47065
RMS 1.47065
RMS 1.47065
RMS 1.47065
RMS 1.47065
RMS 1.47065
RMS 1.47065
RMS 1.47065
RMS 1.47065
RMS 1.47065
RMS 1.47065
RMS 1.47065
RMS 1.47065
RMS 1.47065
RMS 1.47065
RMS 1.47065
RMS 1.47065
RMS 1.47065
RMS 1.47065
RMS 1.47065
RMS 1.47065
RMS 1.47065
RMS 1.47065
RMS 1.47065
RMS 1.47065
RMS 1.47065
RMS 1.47065
RMS 1.47065
RMS 1.47065
RMS 1.47065
RMS 1.47065
RMS 1.47065
RMS 1.47065
RMS 1.47065
RMS 1.47065
RMS 1.47065
RMS 1.47065
RMS 1.47065
RMS 1.47065
RMS 1.47065
RMS 1.47065
RMS 1.47065
RMS 1.47065
RMS 1.47065
RMS 1.47065
RMS 1.47065
RMS 1.47065
RMS 1.47065
RMS 1.47065
RMS 1.47065
RMS 1.47065
RMS 1.47065
RMS 1.47065
RMS 1.47065
RMS 1.47065
RMS 1.47065
RMS 1.47065
RMS 1.47065
RMS 1.47065
RMS 1.47065
RMS 1.47065
RMS 1.47065
RMS 1.47065
RMS 1.47065
RMS 1.47065
RMS 1.47065
RMS 1.47065
RMS 1.47065
RMS 1.47065
RMS 1.47065
RMS 1.47065
RMS 1.47065
RMS 1.47065
RMS 1.47065
RMS 1.47065
RMS 1.47065
RMS 1.47065
RMS 1.47065
RMS 1.47065
RMS 1.47065
RMS 1.47065
RMS 1.47065
RMS 1.47065
RMS 1.47065
RMS 1.47065
RMS 1.47065
RMS 1.47065
RMS 1.47065
RMS 1.47065
RMS 1.47065
RMS 1.47065
RMS 1.47065
RMS 1.47065
RMS 1.47065
RMS 1.47065
RMS 1.47065
RMS 1.47065
RMS 1.47065
RMS 1.47065
RMS 1.47065
RMS 1.47065
RMS 1.47065
RMS 1.47065
RMS 1.47065
RMS 1.47065
RMS 1.47065
RMS 1.47065
RMS 1.47065
RMS 1.47065
RMS 1.47065
RMS 1.47065
RMS 1.47065
RMS 1.47065
RMS 1.47065
RMS 1.47065
RMS 1.47065
RMS 1.47065
RMS 1.47065
RMS 1.47065
RMS 1.47065
RMS 1.47065
RMS 1.47065
RMS 1.47065
RMS 1.47065
RMS 1.47065
RMS 1.47065
RMS 1.47065
RMS 1.47065
RMS 1.47065
RMS 1.47065
RMS 1.47065
RMS 1.47065
RMS 1.47065
RMS 1.47065
RMS 1.47065
RMS 1.47065
RMS 1.47065
RMS 1.47065
RMS 1.47065
RMS 1.47065
RMS 1.47065
RMS 1.47065
RMS 1.47065
RMS 1.47065
RMS 1.47065
RMS 1.47065
RMS 1.47065
RMS 1.47065
RMS 1.47065
RMS 1.47065
RMS 1.47065
RMS 1.47065
RMS 1.47065
RMS 1.47065
RMS 1.47065
RMS 1.47065
RMS 1.47065
RMS 1.47065
RMS 1.47065
RMS 1.47065
RMS 1.47065
RMS 1.47065
RMS 1.47065
RMS 1.47065
RMS 1.47065
RMS 1.47065
RMS 1.47065
RMS 1.47065
RMS 1.47065
RMS 1.47065
RMS 1.47065
RMS 1.47065
RMS 1.47065
RMS 1.47065
RMS 1.47065
RMS 1.47065
RMS 1.47065
RMS 1.47065
RMS 1.47065
RMS 1.47065
RMS 1.47065
RMS 1.47065
RMS 1.47065
RMS 1.47065
RMS 1.47065
RMS 1.47065
RMS 1.47065
RMS 1.47065
RMS 1.47065
RMS 1.47065
RMS 1.47065
RMS 1.47065
RMS 1.47065
RMS 1.47065
RMS 1.47065
RMS 1.47065
RMS 1.47065
RMS 1.47065
RMS 1.47065
RMS 1.47065
RMS 1.47065
RMS 1.47065
RMS 1.47065
RMS 1.47065
RMS 1.47065
RMS 1.47065
RMS 1.47065
RMS 1.47065
RMS 1.47065
RMS 1.47065
RMS 1.47065
RMS 1.47065
RMS 1.47065
RMS 1.47065
RMS 1.47065
RMS 1.47065
RMS 1.47065
RMS 1.47065
RMS 1.47065
RMS 1.47065
RMS 1.47065
RMS 1.47065
RMS 1.47065
RMS 1.47065
RMS 1.47065
RMS 1.47065
RMS 1.47065
RMS 1.47065
RMS 1.47065
RMS 1.47065
RMS 1.47065
RMS 1.47065
RMS 1.47065
RMS 1.47065
RMS 1.47065
RMS 1.47065
RMS 1.47065
RMS 1.47065
RMS 1.47065
RMS 1.47065
RMS 1.47065
RMS 1.47065
RMS 1.47065
RMS 1.47065
RMS 1.47065
RMS 1.47065
RMS 1.47065
RMS 1.47065
RMS 1.47065
RMS 1.47065
RMS 1.47065
RMS 1.47065
RMS 1.47065
RMS 1.47065
RMS 1.47065
RMS 1.47065
RMS 1.47065
RMS 1.47065
RMS 1.47065
RMS 1.47065
RMS 1.47065
RMS 1.47065
RMS 1.47065
RMS 1.47065
RMS 1.47065
RMS 1.47065
RMS 1.47065
RMS 1.47065
RMS 1.47065
RMS 1.47065
RMS 1.47065
RMS 1.47065
RMS 1.47065
RMS 1.47065
RMS 1.47065
RMS 1.47065
RMS 1.47065
RMS 1.47065
RMS 1.47065
RMS 1.47065
RMS 1.47065
RMS 1.47065
RMS 1.47065
RMS 1.47065
RMS 1.47065
RMS 1.47065
RMS 1.47065
RMS 1.47065
RMS 1.47065
RMS 1.47065
RMS 1.47065
RMS 1.47065
RMS 1.47065
RMS 1.47065
RMS 1.47065
RMS 1.47065
RMS 1.47065
RMS 1.47065
RMS 1.47065
RMS 1.47065
RMS 1.47065
RMS 1.47065
RMS 1.47065
RMS 1.47065
RMS 1.47065
RMS 1.47065
RMS 1.47065
RMS 1.47065

##################TEST##################
Test : ACIERTOS = 258 53%
Test FALLOS = 232 47%
