-0.40 -0.06 
-0.02 -0.48 
-0.49 0.44 
0.06 0.03 
-0.18 -0.14 
-0.30 0.35 0.11 0.23 0.48 
-0.49 0.02 -0.22 0.39 -0.50 
0.24 -0.06 -0.26 -0.10 0.21 0.48 -0.39 

##################LEARN##################
RMS 1.41912
RMS 1.39680
RMS 1.37712
RMS 1.35972
RMS 1.34424
RMS 1.33042
RMS 1.31803
RMS 1.30686
RMS 1.29676
RMS 1.28758
RMS 1.27920
RMS 1.27151
RMS 1.26444
RMS 1.25791
RMS 1.25184
RMS 1.24619
RMS 1.24089
RMS 1.23592
RMS 1.23123
RMS 1.22679
RMS 1.22257
RMS 1.21854
RMS 1.21468
RMS 1.21097
RMS 1.20739
RMS 1.20392
RMS 1.20056
RMS 1.19729
RMS 1.19409
RMS 1.19095
RMS 1.18787
RMS 1.18484
RMS 1.18184
RMS 1.17888
RMS 1.17594
RMS 1.17302
RMS 1.17011
RMS 1.16721
RMS 1.16431
RMS 1.16140
RMS 1.15849
RMS 1.15557
RMS 1.15264
RMS 1.14968
RMS 1.14670
RMS 1.14370
RMS 1.14067
RMS 1.13761
RMS 1.13452
RMS 1.13138
RMS 1.12821
RMS 1.12500
RMS 1.12174
RMS 1.11844
RMS 1.11508
RMS 1.11168
RMS 1.10822
RMS 1.10471
RMS 1.10114
RMS 1.09750
RMS 1.09381
RMS 1.09005
RMS 1.08623
RMS 1.08233
RMS 1.07837
RMS 1.07433
RMS 1.07022
RMS 1.06604
RMS 1.06177
RMS 1.05743
RMS 1.05301
RMS 1.04850
RMS 1.04390
RMS 1.03922
RMS 1.03445
RMS 1.02959
RMS 1.02464
RMS 1.01959
RMS 1.01445
RMS 1.00921
RMS 1.00388
RMS 0.99844
RMS 0.99290
RMS 0.98726
RMS 0.98152
RMS 0.97567
RMS 0.96972
RMS 0.96366
RMS 0.95749
RMS 0.95122
RMS 0.94484
RMS 0.93835
RMS 0.93175
RMS 0.92504
RMS 0.91822
RMS 0.91129
RMS 0.90426
RMS 0.89711
RMS 0.88986
RMS 0.88251
RMS 0.87504
RMS 0.86748
RMS 0.85981
RMS 0.85204
RMS 0.84417
RMS 0.83621
RMS 0.82815
RMS 0.82000
RMS 0.81177
RMS 0.80344
RMS 0.79504
RMS 0.78656
RMS 0.77800
RMS 0.76937
RMS 0.76068
RMS 0.75193
RMS 0.74311
RMS 0.73425
RMS 0.72533
RMS 0.71637
RMS 0.70738
RMS 0.69835
RMS 0.68929
RMS 0.68022
RMS 0.67112
RMS 0.66201
RMS 0.65290
RMS 0.64379
RMS 0.63468
RMS 0.62558
RMS 0.61649
RMS 0.60743
RMS 0.59839
RMS 0.58939
RMS 0.58042
RMS 0.57149
RMS 0.56260
RMS 0.55377
RMS 0.54499
RMS 0.53626
RMS 0.52760
RMS 0.51901
RMS 0.51049
RMS 0.50204
RMS 0.49366
RMS 0.48537
RMS 0.47716
RMS 0.46904
RMS 0.46101
RMS 0.45306
RMS 0.44521
RMS 0.43746
RMS 0.42980
RMS 0.42224
RMS 0.41478
RMS 0.40742
RMS 0.40017
RMS 0.39302
RMS 0.38597
RMS 0.37903
RMS 0.37220
RMS 0.36547
RMS 0.35885
RMS 0.35234
RMS 0.34593
RMS 0.33963
RMS 0.33344
RMS 0.32735
RMS 0.32137
RMS 0.31549
RMS 0.30972
RMS 0.30406
RMS 0.29849
RMS 0.29303
RMS 0.28768
RMS 0.28242
RMS 0.27726
RMS 0.27220
RMS 0.26724
RMS 0.26237
RMS 0.25760
RMS 0.25293
RMS 0.24834
RMS 0.24385
RMS 0.23945
RMS 0.23514
RMS 0.23091
RMS 0.22677
RMS 0.22271
RMS 0.21874
RMS 0.21485
RMS 0.21104
RMS 0.20731
RMS 0.20365
RMS 0.20007
RMS 0.19657
RMS 0.19314
RMS 0.18978
RMS 0.18649
RMS 0.18327
RMS 0.18012
RMS 0.17703
RMS 0.17401
RMS 0.17105
RMS 0.16816
RMS 0.16532
RMS 0.16255
RMS 0.15983
RMS 0.15717
RMS 0.15457
RMS 0.15202
RMS 0.14952
RMS 0.14708
RMS 0.14469
RMS 0.14234
RMS 0.14005
RMS 0.13780
RMS 0.13560
RMS 0.13345
RMS 0.13134
RMS 0.12927
RMS 0.12725
RMS 0.12527
RMS 0.12333
RMS 0.12143
RMS 0.11957
RMS 0.11774
RMS 0.11596
RMS 0.11420
RMS 0.11249
RMS 0.11081
RMS 0.10916
RMS 0.10755
RMS 0.10596
RMS 0.10441
RMS 0.10290
RMS 0.10141
RMS 0.09995
RMS 0.09851
RMS 0.09711
RMS 0.09574
RMS 0.09439
RMS 0.09306
RMS 0.09177
RMS 0.09049
RMS 0.08925
RMS 0.08802
RMS 0.08682
RMS 0.08565
RMS 0.08449
RMS 0.08336
RMS 0.08224
RMS 0.08115
RMS 0.08008
RMS 0.07903
RMS 0.07800
RMS 0.07699
RMS 0.07599
RMS 0.07502
RMS 0.07406
RMS 0.07312
RMS 0.07219
RMS 0.07129
RMS 0.07040
RMS 0.06952
RMS 0.06866
RMS 0.06782
RMS 0.06699
RMS 0.06618
RMS 0.06537
RMS 0.06459
RMS 0.06382
RMS 0.06306
RMS 0.06231
RMS 0.06158
RMS 0.06086
RMS 0.06015
RMS 0.05945
RMS 0.05877
RMS 0.05809
RMS 0.05743
RMS 0.05678
RMS 0.05614
RMS 0.05551
RMS 0.05489
RMS 0.05428
RMS 0.05369
RMS 0.05310
RMS 0.05252
RMS 0.05195
RMS 0.05139
RMS 0.05083
RMS 0.05029
RMS 0.04976
RMS 0.04923
RMS 0.04871
RMS 0.04820
RMS 0.04770
RMS 0.04721
RMS 0.04672
RMS 0.04624
RMS 0.04577
RMS 0.04531
RMS 0.04485
RMS 0.04440
RMS 0.04396
RMS 0.04352
RMS 0.04309
RMS 0.04267
RMS 0.04225
RMS 0.04184
RMS 0.04143
RMS 0.04104
RMS 0.04064
RMS 0.04026
RMS 0.03987
RMS 0.03950
RMS 0.03913
RMS 0.03876
RMS 0.03840
RMS 0.03805
RMS 0.03770
RMS 0.03735
RMS 0.03701
RMS 0.03668
RMS 0.03635
RMS 0.03602
RMS 0.03570
RMS 0.03538
RMS 0.03507
RMS 0.03476
RMS 0.03446
RMS 0.03416
RMS 0.03386
RMS 0.03357
RMS 0.03328
RMS 0.03300
RMS 0.03272
RMS 0.03244
RMS 0.03217
RMS 0.03190
RMS 0.03163
RMS 0.03137
RMS 0.03111
RMS 0.03086
RMS 0.03061
RMS 0.03036
RMS 0.03011
RMS 0.02987
RMS 0.02963
RMS 0.02939
RMS 0.02916
RMS 0.02893
RMS 0.02870
RMS 0.02848
RMS 0.02826
RMS 0.02804
RMS 0.02782
RMS 0.02761
RMS 0.02740
RMS 0.02719
RMS 0.02698
RMS 0.02678
RMS 0.02658
RMS 0.02638
RMS 0.02619
RMS 0.02599
RMS 0.02580
RMS 0.02561
RMS 0.02543
RMS 0.02524
RMS 0.02506
RMS 0.02488
RMS 0.02470
RMS 0.02453
RMS 0.02435
RMS 0.02418
RMS 0.02401
RMS 0.02385
RMS 0.02368
RMS 0.02352
RMS 0.02335
RMS 0.02319
RMS 0.02304
RMS 0.02288
RMS 0.02273
RMS 0.02257
RMS 0.02242
RMS 0.02227
RMS 0.02212
RMS 0.02198
RMS 0.02183
RMS 0.02169
RMS 0.02155
RMS 0.02141
RMS 0.02127
RMS 0.02114
RMS 0.02100
RMS 0.02087
RMS 0.02073
RMS 0.02060
RMS 0.02047
RMS 0.02035
RMS 0.02022
RMS 0.02009
RMS 0.01997
RMS 0.01985
RMS 0.01973
RMS 0.01961
RMS 0.01949
RMS 0.01937
RMS 0.01925
RMS 0.01914
RMS 0.01902
RMS 0.01891
RMS 0.01880
RMS 0.01869
RMS 0.01858
RMS 0.01847
RMS 0.01837
RMS 0.01826
RMS 0.01815
RMS 0.01805
RMS 0.01795
RMS 0.01785
RMS 0.01775
RMS 0.01765
RMS 0.01755
RMS 0.01745
RMS 0.01735
RMS 0.01726
RMS 0.01716
RMS 0.01707
RMS 0.01698
RMS 0.01688
RMS 0.01679
RMS 0.01670
RMS 0.01661
RMS 0.01652
RMS 0.01644
RMS 0.01635
RMS 0.01626
RMS 0.01618
RMS 0.01609
RMS 0.01601
RMS 0.01593
RMS 0.01585
RMS 0.01577
RMS 0.01569
RMS 0.01561
RMS 0.01553
RMS 0.01545
RMS 0.01537
RMS 0.01529
RMS 0.01522
RMS 0.01514
RMS 0.01507
RMS 0.01499
RMS 0.01492
RMS 0.01485
RMS 0.01478
RMS 0.01471
RMS 0.01464
RMS 0.01457
RMS 0.01450
RMS 0.01443
RMS 0.01436
RMS 0.01429
RMS 0.01423
RMS 0.01416
RMS 0.01409
RMS 0.01403
RMS 0.01396
RMS 0.01390
RMS 0.01384
RMS 0.01377
RMS 0.01371
RMS 0.01365
RMS 0.01359
RMS 0.01353
RMS 0.01347
RMS 0.01341
RMS 0.01335
RMS 0.01329
RMS 0.01323
RMS 0.01318
RMS 0.01312
RMS 0.01306
RMS 0.01301
RMS 0.01295
RMS 0.01290
RMS 0.01284
RMS 0.01279
RMS 0.01273
RMS 0.01268
RMS 0.01263
RMS 0.01257
RMS 0.01252
RMS 0.01247
RMS 0.01242
RMS 0.01237
RMS 0.01232
RMS 0.01227
RMS 0.01222
RMS 0.01217
RMS 0.01212
RMS 0.01207
RMS 0.01203
RMS 0.01198
RMS 0.01193
RMS 0.01189
RMS 0.01184
RMS 0.01179
RMS 0.01175
RMS 0.01170
RMS 0.01166
RMS 0.01161
RMS 0.01157
RMS 0.01153
RMS 0.01148
RMS 0.01144
RMS 0.01140
RMS 0.01135
RMS 0.01131
RMS 0.01127
RMS 0.01123
RMS 0.01119
RMS 0.01115
RMS 0.01111
RMS 0.01107
RMS 0.01103
RMS 0.01099
RMS 0.01095
RMS 0.01091
RMS 0.01087
RMS 0.01083
RMS 0.01079
RMS 0.01076
RMS 0.01072
RMS 0.01068
RMS 0.01065
RMS 0.01061
RMS 0.01057
RMS 0.01054
RMS 0.01050
RMS 0.01047
RMS 0.01043
RMS 0.01040
RMS 0.01036
RMS 0.01033
RMS 0.01029
RMS 0.01026
RMS 0.01023
RMS 0.01019
RMS 0.01016
RMS 0.01013
RMS 0.01009
RMS 0.01006
RMS 0.01003
RMS 0.01000
RMS 0.00997
RMS 0.00993
RMS 0.00990
RMS 0.00987
RMS 0.00984
RMS 0.00981
RMS 0.00978
RMS 0.00975
RMS 0.00972
RMS 0.00969
RMS 0.00966
RMS 0.00963
RMS 0.00960
RMS 0.00957
RMS 0.00955
RMS 0.00952
RMS 0.00949
RMS 0.00946
RMS 0.00943
RMS 0.00940
RMS 0.00938
RMS 0.00935
RMS 0.00932
RMS 0.00930
RMS 0.00927
RMS 0.00924
RMS 0.00922
RMS 0.00919
RMS 0.00916
RMS 0.00914
RMS 0.00911
RMS 0.00909
RMS 0.00906
RMS 0.00904
RMS 0.00901
RMS 0.00899
RMS 0.00896
RMS 0.00894
RMS 0.00892
RMS 0.00889
RMS 0.00887
RMS 0.00884
RMS 0.00882
RMS 0.00880
RMS 0.00877
RMS 0.00875
RMS 0.00873
RMS 0.00870
RMS 0.00868
RMS 0.00866
RMS 0.00864
RMS 0.00861
RMS 0.00859
RMS 0.00857
RMS 0.00855
RMS 0.00853
RMS 0.00851
RMS 0.00849
RMS 0.00846
RMS 0.00844
RMS 0.00842
RMS 0.00840
RMS 0.00838
RMS 0.00836
RMS 0.00834
RMS 0.00832
RMS 0.00830
RMS 0.00828
RMS 0.00826
RMS 0.00824
RMS 0.00822
RMS 0.00820
RMS 0.00818
RMS 0.00816
RMS 0.00814
RMS 0.00812
RMS 0.00811
RMS 0.00809
RMS 0.00807
RMS 0.00805
RMS 0.00803
RMS 0.00801
RMS 0.00800
RMS 0.00798
RMS 0.00796
RMS 0.00794
RMS 0.00792
RMS 0.00791
RMS 0.00789
RMS 0.00787
RMS 0.00785
RMS 0.00784
RMS 0.00782
RMS 0.00780
RMS 0.00779
RMS 0.00777
RMS 0.00775
RMS 0.00774
RMS 0.00772
RMS 0.00770
RMS 0.00769
RMS 0.00767
RMS 0.00766
RMS 0.00764
RMS 0.00762
RMS 0.00761
RMS 0.00759
RMS 0.00758
RMS 0.00756
RMS 0.00755
RMS 0.00753
RMS 0.00752
RMS 0.00750
RMS 0.00749
RMS 0.00747
RMS 0.00746
RMS 0.00744
RMS 0.00743
RMS 0.00741
RMS 0.00740
RMS 0.00738
RMS 0.00737
RMS 0.00736
RMS 0.00734
RMS 0.00733
RMS 0.00731
RMS 0.00730
RMS 0.00729
RMS 0.00727
RMS 0.00726
RMS 0.00725
RMS 0.00723
RMS 0.00722
RMS 0.00721
RMS 0.00719
RMS 0.00718
RMS 0.00717
RMS 0.00715
RMS 0.00714
RMS 0.00713
RMS 0.00711
RMS 0.00710
RMS 0.00709
RMS 0.00708
RMS 0.00706
RMS 0.00705
RMS 0.00704
RMS 0.00703
RMS 0.00702
RMS 0.00700
RMS 0.00699
RMS 0.00698
RMS 0.00697
RMS 0.00696
RMS 0.00694
RMS 0.00693
RMS 0.00692
RMS 0.00691
RMS 0.00690
RMS 0.00689
RMS 0.00688
RMS 0.00686
RMS 0.00685
RMS 0.00684
RMS 0.00683
RMS 0.00682
RMS 0.00681
RMS 0.00680
RMS 0.00679
RMS 0.00678
RMS 0.00677
RMS 0.00675
RMS 0.00674
RMS 0.00673
RMS 0.00672
RMS 0.00671
RMS 0.00670
RMS 0.00669
RMS 0.00668
RMS 0.00667
RMS 0.00666
RMS 0.00665
RMS 0.00664
RMS 0.00663
RMS 0.00662
RMS 0.00661
RMS 0.00660
RMS 0.00659
RMS 0.00658
RMS 0.00657
RMS 0.00656
RMS 0.00655
RMS 0.00654
RMS 0.00653
RMS 0.00652
RMS 0.00652
RMS 0.00651
RMS 0.00650
RMS 0.00649
RMS 0.00648
RMS 0.00647
RMS 0.00646
RMS 0.00645
RMS 0.00644
RMS 0.00643
RMS 0.00642
RMS 0.00642
RMS 0.00641
RMS 0.00640
RMS 0.00639
RMS 0.00638
RMS 0.00637
RMS 0.00636
RMS 0.00636
RMS 0.00635
RMS 0.00634
RMS 0.00633
RMS 0.00632
RMS 0.00631
RMS 0.00631
RMS 0.00630
RMS 0.00629
RMS 0.00628
RMS 0.00627
RMS 0.00626
RMS 0.00626
RMS 0.00625
RMS 0.00624
RMS 0.00623
RMS 0.00623
RMS 0.00622
RMS 0.00621
RMS 0.00620
RMS 0.00619
RMS 0.00619
RMS 0.00618
RMS 0.00617
RMS 0.00616
RMS 0.00616
RMS 0.00615
RMS 0.00614
RMS 0.00613
RMS 0.00613
RMS 0.00612
RMS 0.00611
RMS 0.00611
RMS 0.00610
RMS 0.00609
RMS 0.00608
RMS 0.00608
RMS 0.00607
RMS 0.00606
RMS 0.00606
RMS 0.00605
RMS 0.00604
RMS 0.00604
RMS 0.00603
RMS 0.00602
RMS 0.00602
RMS 0.00601
RMS 0.00600
RMS 0.00600
RMS 0.00599
RMS 0.00598
RMS 0.00598
RMS 0.00597
RMS 0.00596
RMS 0.00596
RMS 0.00595
RMS 0.00594
RMS 0.00594
RMS 0.00593
RMS 0.00592
RMS 0.00592
RMS 0.00591
RMS 0.00591
RMS 0.00590
RMS 0.00589
RMS 0.00589
RMS 0.00588
RMS 0.00588
RMS 0.00587
RMS 0.00586
RMS 0.00586
RMS 0.00585
RMS 0.00585
RMS 0.00584
RMS 0.00583
RMS 0.00583
RMS 0.00582
RMS 0.00582
RMS 0.00581
RMS 0.00581
RMS 0.00580
RMS 0.00579
RMS 0.00579
RMS 0.00578
RMS 0.00578
RMS 0.00577
RMS 0.00577
RMS 0.00576
RMS 0.00576
RMS 0.00575
RMS 0.00574
RMS 0.00574
RMS 0.00573
RMS 0.00573
RMS 0.00572
RMS 0.00572
RMS 0.00571
RMS 0.00571
RMS 0.00570
RMS 0.00570
RMS 0.00569
RMS 0.00569
RMS 0.00568
RMS 0.00568
RMS 0.00567
RMS 0.00567
RMS 0.00566
RMS 0.00566
RMS 0.00565
RMS 0.00565
RMS 0.00564
RMS 0.00564
RMS 0.00563
RMS 0.00563
RMS 0.00562
RMS 0.00562
RMS 0.00561
RMS 0.00561
RMS 0.00560
RMS 0.00560
RMS 0.00559
RMS 0.00559
RMS 0.00558
RMS 0.00558
RMS 0.00558
RMS 0.00557
RMS 0.00557
RMS 0.00556
RMS 0.00556
RMS 0.00555
RMS 0.00555
RMS 0.00554
RMS 0.00554
RMS 0.00553
RMS 0.00553
RMS 0.00553
RMS 0.00552
RMS 0.00552
RMS 0.00551
RMS 0.00551
RMS 0.00550
RMS 0.00550
RMS 0.00550
RMS 0.00549
RMS 0.00549
RMS 0.00548
RMS 0.00548
RMS 0.00547
RMS 0.00547
RMS 0.00547
RMS 0.00546
RMS 0.00546
RMS 0.00545
RMS 0.00545
RMS 0.00545
RMS 0.00544
RMS 0.00544
RMS 0.00543
RMS 0.00543
RMS 0.00543
RMS 0.00542
RMS 0.00542
RMS 0.00541
RMS 0.00541
RMS 0.00541
RMS 0.00540
RMS 0.00540
RMS 0.00540
RMS 0.00539
RMS 0.00539
RMS 0.00538
RMS 0.00538
RMS 0.00538
RMS 0.00537
RMS 0.00537
RMS 0.00537
RMS 0.00536
RMS 0.00536
RMS 0.00536
RMS 0.00535
RMS 0.00535
RMS 0.00534
RMS 0.00534
RMS 0.00534
RMS 0.00533
RMS 0.00533
RMS 0.00533
RMS 0.00532
RMS 0.00532
RMS 0.00532
RMS 0.00531
RMS 0.00531
RMS 0.00531
RMS 0.00530
RMS 0.00530
RMS 0.00530
RMS 0.00529
RMS 0.00529
RMS 0.00529
RMS 0.00528
RMS 0.00528
RMS 0.00528
RMS 0.00527
RMS 0.00527
RMS 0.00527
RMS 0.00526
RMS 0.00526
RMS 0.00526
RMS 0.00525
RMS 0.00525
RMS 0.00525
RMS 0.00524
RMS 0.00524
RMS 0.00524
RMS 0.00524
RMS 0.00523
RMS 0.00523
RMS 0.00523
RMS 0.00522
RMS 0.00522
RMS 0.00522
RMS 0.00521
RMS 0.00521
RMS 0.00521
RMS 0.00521
RMS 0.00520
RMS 0.00520

##################TEST##################
Test : ACIERTOS = 4 100%
Test FALLOS = 0 0%
