-0.40 -0.06 
-0.02 -0.48 
-0.49 0.44 
0.06 0.03 
-0.18 -0.14 
-0.30 0.35 
0.11 0.23 
0.48 -0.49 
0.02 -0.22 0.39 -0.50 0.24 -0.06 -0.26 -0.10 
0.21 0.48 -0.39 -0.44 -0.13 0.20 -0.33 -0.04 
-0.37 0.16 -0.02 -0.36 0.10 -0.47 0.18 0.42 -0.11 0.38 

##################LEARN##################
RMS 1.76311
RMS 1.67227
RMS 1.59160
RMS 1.52035
RMS 1.45767
RMS 1.40271
RMS 1.35460
RMS 1.31254
RMS 1.27574
RMS 1.24352
RMS 1.21523
RMS 1.19034
RMS 1.16834
RMS 1.14882
RMS 1.13139
RMS 1.11576
RMS 1.10164
RMS 1.08880
RMS 1.07705
RMS 1.06621
RMS 1.05615
RMS 1.04673
RMS 1.03787
RMS 1.02946
RMS 1.02143
RMS 1.01372
RMS 1.00627
RMS 0.99903
RMS 0.99197
RMS 0.98504
RMS 0.97822
RMS 0.97149
RMS 0.96482
RMS 0.95819
RMS 0.95158
RMS 0.94499
RMS 0.93839
RMS 0.93178
RMS 0.92515
RMS 0.91850
RMS 0.91181
RMS 0.90507
RMS 0.89829
RMS 0.89146
RMS 0.88458
RMS 0.87764
RMS 0.87065
RMS 0.86359
RMS 0.85647
RMS 0.84928
RMS 0.84203
RMS 0.83472
RMS 0.82734
RMS 0.81990
RMS 0.81240
RMS 0.80483
RMS 0.79720
RMS 0.78951
RMS 0.78176
RMS 0.77395
RMS 0.76608
RMS 0.75817
RMS 0.75020
RMS 0.74218
RMS 0.73411
RMS 0.72601
RMS 0.71786
RMS 0.70967
RMS 0.70145
RMS 0.69319
RMS 0.68491
RMS 0.67660
RMS 0.66828
RMS 0.65993
RMS 0.65157
RMS 0.64320
RMS 0.63483
RMS 0.62645
RMS 0.61807
RMS 0.60970
RMS 0.60134
RMS 0.59299
RMS 0.58466
RMS 0.57635
RMS 0.56807
RMS 0.55981
RMS 0.55159
RMS 0.54340
RMS 0.53525
RMS 0.52715
RMS 0.51909
RMS 0.51108
RMS 0.50313
RMS 0.49523
RMS 0.48739
RMS 0.47962
RMS 0.47191
RMS 0.46426
RMS 0.45669
RMS 0.44919
RMS 0.44176
RMS 0.43442
RMS 0.42715
RMS 0.41996
RMS 0.41286
RMS 0.40584
RMS 0.39890
RMS 0.39206
RMS 0.38530
RMS 0.37863
RMS 0.37205
RMS 0.36557
RMS 0.35917
RMS 0.35287
RMS 0.34666
RMS 0.34055
RMS 0.33453
RMS 0.32860
RMS 0.32277
RMS 0.31703
RMS 0.31138
RMS 0.30583
RMS 0.30038
RMS 0.29501
RMS 0.28974
RMS 0.28456
RMS 0.27947
RMS 0.27447
RMS 0.26957
RMS 0.26475
RMS 0.26002
RMS 0.25538
RMS 0.25082
RMS 0.24635
RMS 0.24197
RMS 0.23767
RMS 0.23345
RMS 0.22931
RMS 0.22525
RMS 0.22128
RMS 0.21738
RMS 0.21355
RMS 0.20981
RMS 0.20614
RMS 0.20254
RMS 0.19901
RMS 0.19556
RMS 0.19217
RMS 0.18885
RMS 0.18560
RMS 0.18242
RMS 0.17930
RMS 0.17624
RMS 0.17325
RMS 0.17032
RMS 0.16745
RMS 0.16463
RMS 0.16188
RMS 0.15918
RMS 0.15653
RMS 0.15395
RMS 0.15141
RMS 0.14893
RMS 0.14649
RMS 0.14411
RMS 0.14177
RMS 0.13949
RMS 0.13725
RMS 0.13505
RMS 0.13291
RMS 0.13080
RMS 0.12874
RMS 0.12672
RMS 0.12474
RMS 0.12280
RMS 0.12090
RMS 0.11904
RMS 0.11721
RMS 0.11543
RMS 0.11368
RMS 0.11196
RMS 0.11028
RMS 0.10863
RMS 0.10701
RMS 0.10543
RMS 0.10388
RMS 0.10236
RMS 0.10086
RMS 0.09940
RMS 0.09797
RMS 0.09656
RMS 0.09518
RMS 0.09383
RMS 0.09251
RMS 0.09121
RMS 0.08993
RMS 0.08868
RMS 0.08745
RMS 0.08625
RMS 0.08507
RMS 0.08391
RMS 0.08278
RMS 0.08166
RMS 0.08057
RMS 0.07949
RMS 0.07844
RMS 0.07741
RMS 0.07639
RMS 0.07539
RMS 0.07442
RMS 0.07346
RMS 0.07251
RMS 0.07159
RMS 0.07068
RMS 0.06979
RMS 0.06891
RMS 0.06805
RMS 0.06720
RMS 0.06637
RMS 0.06556
RMS 0.06476
RMS 0.06397
RMS 0.06319
RMS 0.06243
RMS 0.06169
RMS 0.06095
RMS 0.06023
RMS 0.05952
RMS 0.05882
RMS 0.05814
RMS 0.05746
RMS 0.05680
RMS 0.05615
RMS 0.05551
RMS 0.05488
RMS 0.05426
RMS 0.05365
RMS 0.05305
RMS 0.05246
RMS 0.05188
RMS 0.05131
RMS 0.05075
RMS 0.05020
RMS 0.04966
RMS 0.04912
RMS 0.04860
RMS 0.04808
RMS 0.04757
RMS 0.04707
RMS 0.04658
RMS 0.04609
RMS 0.04561
RMS 0.04514
RMS 0.04468
RMS 0.04422
RMS 0.04378
RMS 0.04333
RMS 0.04290
RMS 0.04247
RMS 0.04205
RMS 0.04163
RMS 0.04122
RMS 0.04082
RMS 0.04042
RMS 0.04003
RMS 0.03964
RMS 0.03926
RMS 0.03889
RMS 0.03852
RMS 0.03815
RMS 0.03779
RMS 0.03744
RMS 0.03709
RMS 0.03675
RMS 0.03641
RMS 0.03608
RMS 0.03575
RMS 0.03542
RMS 0.03510
RMS 0.03479
RMS 0.03448
RMS 0.03417
RMS 0.03387
RMS 0.03357
RMS 0.03328
RMS 0.03299
RMS 0.03270
RMS 0.03242
RMS 0.03214
RMS 0.03187
RMS 0.03159
RMS 0.03133
RMS 0.03106
RMS 0.03080
RMS 0.03055
RMS 0.03029
RMS 0.03004
RMS 0.02980
RMS 0.02955
RMS 0.02931
RMS 0.02908
RMS 0.02884
RMS 0.02861
RMS 0.02838
RMS 0.02816
RMS 0.02793
RMS 0.02771
RMS 0.02750
RMS 0.02728
RMS 0.02707
RMS 0.02686
RMS 0.02666
RMS 0.02645
RMS 0.02625
RMS 0.02606
RMS 0.02586
RMS 0.02567
RMS 0.02547
RMS 0.02529
RMS 0.02510
RMS 0.02491
RMS 0.02473
RMS 0.02455
RMS 0.02437
RMS 0.02420
RMS 0.02402
RMS 0.02385
RMS 0.02368
RMS 0.02352
RMS 0.02335
RMS 0.02319
RMS 0.02303
RMS 0.02287
RMS 0.02271
RMS 0.02255
RMS 0.02240
RMS 0.02224
RMS 0.02209
RMS 0.02194
RMS 0.02180
RMS 0.02165
RMS 0.02151
RMS 0.02137
RMS 0.02122
RMS 0.02109
RMS 0.02095
RMS 0.02081
RMS 0.02068
RMS 0.02054
RMS 0.02041
RMS 0.02028
RMS 0.02015
RMS 0.02003
RMS 0.01990
RMS 0.01977
RMS 0.01965
RMS 0.01953
RMS 0.01941
RMS 0.01929
RMS 0.01917
RMS 0.01905
RMS 0.01894
RMS 0.01883
RMS 0.01871
RMS 0.01860
RMS 0.01849
RMS 0.01838
RMS 0.01827
RMS 0.01816
RMS 0.01806
RMS 0.01795
RMS 0.01785
RMS 0.01775
RMS 0.01764
RMS 0.01754
RMS 0.01744
RMS 0.01734
RMS 0.01725
RMS 0.01715
RMS 0.01705
RMS 0.01696
RMS 0.01687
RMS 0.01677
RMS 0.01668
RMS 0.01659
RMS 0.01650
RMS 0.01641
RMS 0.01632
RMS 0.01623
RMS 0.01615
RMS 0.01606
RMS 0.01598
RMS 0.01589
RMS 0.01581
RMS 0.01573
RMS 0.01564
RMS 0.01556
RMS 0.01548
RMS 0.01540
RMS 0.01533
RMS 0.01525
RMS 0.01517
RMS 0.01509
RMS 0.01502
RMS 0.01494
RMS 0.01487
RMS 0.01480
RMS 0.01472
RMS 0.01465
RMS 0.01458
RMS 0.01451
RMS 0.01444
RMS 0.01437
RMS 0.01430
RMS 0.01423
RMS 0.01416
RMS 0.01410
RMS 0.01403
RMS 0.01396
RMS 0.01390
RMS 0.01383
RMS 0.01377
RMS 0.01371
RMS 0.01364
RMS 0.01358
RMS 0.01352
RMS 0.01346
RMS 0.01340
RMS 0.01334
RMS 0.01328
RMS 0.01322
RMS 0.01316
RMS 0.01310
RMS 0.01304
RMS 0.01299
RMS 0.01293
RMS 0.01287
RMS 0.01282
RMS 0.01276
RMS 0.01271
RMS 0.01266
RMS 0.01260
RMS 0.01255
RMS 0.01250
RMS 0.01244
RMS 0.01239
RMS 0.01234
RMS 0.01229
RMS 0.01224
RMS 0.01219
RMS 0.01214
RMS 0.01209
RMS 0.01204
RMS 0.01199
RMS 0.01194
RMS 0.01190
RMS 0.01185
RMS 0.01180
RMS 0.01176
RMS 0.01171
RMS 0.01166
RMS 0.01162
RMS 0.01157
RMS 0.01153
RMS 0.01149
RMS 0.01144
RMS 0.01140
RMS 0.01136
RMS 0.01131
RMS 0.01127
RMS 0.01123
RMS 0.01119
RMS 0.01114
RMS 0.01110
RMS 0.01106
RMS 0.01102
RMS 0.01098
RMS 0.01094
RMS 0.01090
RMS 0.01086
RMS 0.01083
RMS 0.01079
RMS 0.01075
RMS 0.01071
RMS 0.01067
RMS 0.01064
RMS 0.01060
RMS 0.01056
RMS 0.01053
RMS 0.01049
RMS 0.01045
RMS 0.01042
RMS 0.01038
RMS 0.01035
RMS 0.01031
RMS 0.01028
RMS 0.01024
RMS 0.01021
RMS 0.01018
RMS 0.01014
RMS 0.01011
RMS 0.01008
RMS 0.01004
RMS 0.01001
RMS 0.00998
RMS 0.00995
RMS 0.00991
RMS 0.00988
RMS 0.00985
RMS 0.00982
RMS 0.00979
RMS 0.00976
RMS 0.00973
RMS 0.00970
RMS 0.00967
RMS 0.00964
RMS 0.00961
RMS 0.00958
RMS 0.00955
RMS 0.00952
RMS 0.00949
RMS 0.00946
RMS 0.00944
RMS 0.00941
RMS 0.00938
RMS 0.00935
RMS 0.00933
RMS 0.00930
RMS 0.00927
RMS 0.00924
RMS 0.00922
RMS 0.00919
RMS 0.00917
RMS 0.00914
RMS 0.00911
RMS 0.00909
RMS 0.00906
RMS 0.00904
RMS 0.00901
RMS 0.00899
RMS 0.00896
RMS 0.00894
RMS 0.00891
RMS 0.00889
RMS 0.00886
RMS 0.00884
RMS 0.00882
RMS 0.00879
RMS 0.00877
RMS 0.00875
RMS 0.00872
RMS 0.00870
RMS 0.00868
RMS 0.00865
RMS 0.00863
RMS 0.00861
RMS 0.00859
RMS 0.00857
RMS 0.00854
RMS 0.00852
RMS 0.00850
RMS 0.00848
RMS 0.00846
RMS 0.00844
RMS 0.00842
RMS 0.00839
RMS 0.00837
RMS 0.00835
RMS 0.00833
RMS 0.00831
RMS 0.00829
RMS 0.00827
RMS 0.00825
RMS 0.00823
RMS 0.00821
RMS 0.00819
RMS 0.00817
RMS 0.00815
RMS 0.00814
RMS 0.00812
RMS 0.00810
RMS 0.00808
RMS 0.00806
RMS 0.00804
RMS 0.00802
RMS 0.00800
RMS 0.00799
RMS 0.00797
RMS 0.00795
RMS 0.00793
RMS 0.00791
RMS 0.00790
RMS 0.00788
RMS 0.00786
RMS 0.00785
RMS 0.00783
RMS 0.00781
RMS 0.00779
RMS 0.00778
RMS 0.00776
RMS 0.00774
RMS 0.00773
RMS 0.00771
RMS 0.00769
RMS 0.00768
RMS 0.00766
RMS 0.00765
RMS 0.00763
RMS 0.00761
RMS 0.00760
RMS 0.00758
RMS 0.00757
RMS 0.00755
RMS 0.00754
RMS 0.00752
RMS 0.00751
RMS 0.00749
RMS 0.00748
RMS 0.00746
RMS 0.00745
RMS 0.00743
RMS 0.00742
RMS 0.00740
RMS 0.00739
RMS 0.00738
RMS 0.00736
RMS 0.00735
RMS 0.00733
RMS 0.00732
RMS 0.00731
RMS 0.00729
RMS 0.00728
RMS 0.00726
RMS 0.00725
RMS 0.00724
RMS 0.00722
RMS 0.00721
RMS 0.00720
RMS 0.00718
RMS 0.00717
RMS 0.00716
RMS 0.00715
RMS 0.00713
RMS 0.00712
RMS 0.00711
RMS 0.00709
RMS 0.00708
RMS 0.00707
RMS 0.00706
RMS 0.00704
RMS 0.00703
RMS 0.00702
RMS 0.00701
RMS 0.00700
RMS 0.00698
RMS 0.00697
RMS 0.00696
RMS 0.00695
RMS 0.00694
RMS 0.00693
RMS 0.00691
RMS 0.00690
RMS 0.00689
RMS 0.00688
RMS 0.00687
RMS 0.00686
RMS 0.00685
RMS 0.00684
RMS 0.00682
RMS 0.00681
RMS 0.00680
RMS 0.00679
RMS 0.00678
RMS 0.00677
RMS 0.00676
RMS 0.00675
RMS 0.00674
RMS 0.00673
RMS 0.00672
RMS 0.00671
RMS 0.00670
RMS 0.00669
RMS 0.00668
RMS 0.00667
RMS 0.00666
RMS 0.00665
RMS 0.00664
RMS 0.00663
RMS 0.00662
RMS 0.00661
RMS 0.00660
RMS 0.00659
RMS 0.00658
RMS 0.00657
RMS 0.00656
RMS 0.00655
RMS 0.00654
RMS 0.00653
RMS 0.00652
RMS 0.00651
RMS 0.00650
RMS 0.00649
RMS 0.00649
RMS 0.00648
RMS 0.00647
RMS 0.00646
RMS 0.00645
RMS 0.00644
RMS 0.00643
RMS 0.00642
RMS 0.00642
RMS 0.00641
RMS 0.00640
RMS 0.00639
RMS 0.00638
RMS 0.00637
RMS 0.00636
RMS 0.00636
RMS 0.00635
RMS 0.00634
RMS 0.00633
RMS 0.00632
RMS 0.00631
RMS 0.00631
RMS 0.00630
RMS 0.00629
RMS 0.00628
RMS 0.00627
RMS 0.00627
RMS 0.00626
RMS 0.00625
RMS 0.00624
RMS 0.00624
RMS 0.00623
RMS 0.00622
RMS 0.00621
RMS 0.00621
RMS 0.00620
RMS 0.00619
RMS 0.00618
RMS 0.00618
RMS 0.00617
RMS 0.00616
RMS 0.00615
RMS 0.00615
RMS 0.00614
RMS 0.00613
RMS 0.00612
RMS 0.00612
RMS 0.00611
RMS 0.00610
RMS 0.00610
RMS 0.00609
RMS 0.00608
RMS 0.00608
RMS 0.00607
RMS 0.00606
RMS 0.00606
RMS 0.00605
RMS 0.00604
RMS 0.00604
RMS 0.00603
RMS 0.00602
RMS 0.00602
RMS 0.00601
RMS 0.00600
RMS 0.00600
RMS 0.00599
RMS 0.00598
RMS 0.00598
RMS 0.00597
RMS 0.00596
RMS 0.00596
RMS 0.00595
RMS 0.00595
RMS 0.00594
RMS 0.00593
RMS 0.00593
RMS 0.00592
RMS 0.00592
RMS 0.00591
RMS 0.00590
RMS 0.00590
RMS 0.00589
RMS 0.00589
RMS 0.00588
RMS 0.00587
RMS 0.00587
RMS 0.00586
RMS 0.00586
RMS 0.00585
RMS 0.00585
RMS 0.00584
RMS 0.00583
RMS 0.00583
RMS 0.00582
RMS 0.00582
RMS 0.00581
RMS 0.00581
RMS 0.00580
RMS 0.00580
RMS 0.00579
RMS 0.00578
RMS 0.00578
RMS 0.00577
RMS 0.00577
RMS 0.00576
RMS 0.00576
RMS 0.00575
RMS 0.00575
RMS 0.00574
RMS 0.00574
RMS 0.00573
RMS 0.00573
RMS 0.00572
RMS 0.00572
RMS 0.00571
RMS 0.00571
RMS 0.00570
RMS 0.00570
RMS 0.00569
RMS 0.00569
RMS 0.00568
RMS 0.00568
RMS 0.00567
RMS 0.00567
RMS 0.00566
RMS 0.00566
RMS 0.00565
RMS 0.00565
RMS 0.00564
RMS 0.00564
RMS 0.00563
RMS 0.00563
RMS 0.00563
RMS 0.00562
RMS 0.00562
RMS 0.00561
RMS 0.00561
RMS 0.00560
RMS 0.00560
RMS 0.00559
RMS 0.00559
RMS 0.00558
RMS 0.00558
RMS 0.00558
RMS 0.00557
RMS 0.00557
RMS 0.00556
RMS 0.00556
RMS 0.00555
RMS 0.00555
RMS 0.00555
RMS 0.00554
RMS 0.00554
RMS 0.00553
RMS 0.00553
RMS 0.00552
RMS 0.00552
RMS 0.00552
RMS 0.00551
RMS 0.00551
RMS 0.00550
RMS 0.00550
RMS 0.00550
RMS 0.00549
RMS 0.00549
RMS 0.00548
RMS 0.00548
RMS 0.00548
RMS 0.00547
RMS 0.00547
RMS 0.00547
RMS 0.00546
RMS 0.00546
RMS 0.00545
RMS 0.00545
RMS 0.00545
RMS 0.00544
RMS 0.00544
RMS 0.00543
RMS 0.00543
RMS 0.00543
RMS 0.00542
RMS 0.00542
RMS 0.00542
RMS 0.00541
RMS 0.00541
RMS 0.00541
RMS 0.00540
RMS 0.00540
RMS 0.00540
RMS 0.00539
RMS 0.00539
RMS 0.00538
RMS 0.00538
RMS 0.00538
RMS 0.00537
RMS 0.00537
RMS 0.00537
RMS 0.00536
RMS 0.00536
RMS 0.00536
RMS 0.00535
RMS 0.00535
RMS 0.00535
RMS 0.00534
RMS 0.00534
RMS 0.00534
RMS 0.00533
RMS 0.00533
RMS 0.00533
RMS 0.00532
RMS 0.00532
RMS 0.00532
RMS 0.00531
RMS 0.00531
RMS 0.00531
RMS 0.00531
RMS 0.00530
RMS 0.00530
RMS 0.00530
RMS 0.00529
RMS 0.00529
RMS 0.00529
RMS 0.00528
RMS 0.00528
RMS 0.00528
RMS 0.00527
RMS 0.00527
RMS 0.00527
RMS 0.00527
RMS 0.00526
RMS 0.00526
RMS 0.00526
RMS 0.00525
RMS 0.00525
RMS 0.00525
RMS 0.00525
RMS 0.00524
RMS 0.00524
RMS 0.00524
RMS 0.00523
RMS 0.00523
RMS 0.00523
RMS 0.00523
RMS 0.00522
RMS 0.00522
RMS 0.00522
RMS 0.00521
RMS 0.00521
RMS 0.00521
RMS 0.00521
RMS 0.00520
RMS 0.00520
RMS 0.00520
RMS 0.00520
RMS 0.00519
RMS 0.00519
RMS 0.00519
RMS 0.00519
RMS 0.00518
RMS 0.00518
RMS 0.00518
RMS 0.00518
RMS 0.00517
RMS 0.00517
RMS 0.00517
RMS 0.00516
RMS 0.00516
RMS 0.00516
RMS 0.00516
RMS 0.00515
RMS 0.00515
RMS 0.00515
RMS 0.00515
RMS 0.00515
RMS 0.00514
RMS 0.00514
RMS 0.00514
RMS 0.00514
RMS 0.00513
RMS 0.00513
RMS 0.00513
RMS 0.00513
RMS 0.00512
RMS 0.00512
RMS 0.00512
RMS 0.00512
RMS 0.00511
RMS 0.00511
RMS 0.00511
RMS 0.00511
RMS 0.00511
RMS 0.00510
RMS 0.00510
RMS 0.00510
RMS 0.00510
RMS 0.00509
RMS 0.00509

##################TEST##################
Test : ACIERTOS = 4 100%
Test FALLOS = 0 0%
