-0.43 -0.28 -0.04 -0.11 0.31 -0.37 -0.11 -0.26 0.44 
0.29 -0.00 0.00 -0.35 -0.15 0.34 -0.07 0.35 0.19 
-0.28 -0.16 -0.25 -0.00 -0.33 -0.23 0.06 -0.45 0.08 
0.43 -0.24 -0.06 0.09 -0.18 0.17 -0.45 0.21 -0.03 
-0.31 -0.40 0.21 -0.37 0.39 -0.29 0.13 -0.47 0.06 
-0.03 -0.03 -0.10 -0.35 0.19 0.25 -0.09 -0.31 0.42 
0.18 0.25 0.46 -0.24 0.18 -0.28 0.20 -0.23 0.04 
-0.13 -0.17 -0.25 0.34 0.02 -0.15 0.05 0.14 -0.26 
0.26 -0.22 -0.23 -0.18 0.25 0.24 0.22 0.40 -0.07 
-0.03 -0.19 0.12 -0.11 0.49 -0.14 -0.15 -0.25 -0.45 
0.07 0.45 -0.18 -0.39 -0.18 0.15 -0.13 -0.34 -0.34 
0.22 0.21 0.31 0.46 -0.03 -0.42 -0.27 0.28 0.33 
0.47 0.00 0.23 -0.10 0.47 -0.46 -0.49 -0.15 -0.47 -0.12 0.20 -0.22 
-0.08 -0.22 -0.28 0.24 -0.11 0.04 -0.11 0.26 0.20 0.05 -0.02 -0.09 
-0.14 -0.06 0.37 -0.06 0.17 0.16 -0.23 0.14 -0.34 0.50 -0.47 -0.37 -0.47 -0.45 

##################LEARN##################
RMS 1.58463
RMS 1.55117
RMS 1.55111
RMS 1.55106
RMS 1.55102
RMS 1.55098
RMS 1.55094
RMS 1.55091
RMS 1.55089
RMS 1.55086
RMS 1.55084
RMS 1.55082
RMS 1.55080
RMS 1.55079
RMS 1.55077
RMS 1.55076
RMS 1.55075
RMS 1.55073
RMS 1.55072
RMS 1.55071
RMS 1.55070
RMS 1.55070
RMS 1.55069
RMS 1.55068
RMS 1.55067
RMS 1.55067
RMS 1.55066
RMS 1.55065
RMS 1.55065
RMS 1.55064
RMS 1.55064
RMS 1.55063
RMS 1.55063
RMS 1.55062
RMS 1.55062
RMS 1.55062
RMS 1.55061
RMS 1.55061
RMS 1.55061
RMS 1.55060
RMS 1.55060
RMS 1.55060
RMS 1.55059
RMS 1.55059
RMS 1.55059
RMS 1.55059
RMS 1.55059
RMS 1.55058
RMS 1.55058
RMS 1.55058
RMS 1.55058
RMS 1.55058
RMS 1.55057
RMS 1.55057
RMS 1.55057
RMS 1.55057
RMS 1.55057
RMS 1.55057
RMS 1.55056
RMS 1.55056
RMS 1.55056
RMS 1.55056
RMS 1.55056
RMS 1.55056
RMS 1.55056
RMS 1.55056
RMS 1.55055
RMS 1.55055
RMS 1.55055
RMS 1.55055
RMS 1.55055
RMS 1.55055
RMS 1.55055
RMS 1.55055
RMS 1.55055
RMS 1.55055
RMS 1.55055
RMS 1.55055
RMS 1.55054
RMS 1.55054
RMS 1.55054
RMS 1.55054
RMS 1.55054
RMS 1.55054
RMS 1.55054
RMS 1.55054
RMS 1.55054
RMS 1.55054
RMS 1.55054
RMS 1.55054
RMS 1.55054
RMS 1.55054
RMS 1.55054
RMS 1.55054
RMS 1.55054
RMS 1.55053
RMS 1.55053
RMS 1.55053
RMS 1.55053
RMS 1.55053
RMS 1.55053
RMS 1.55053
RMS 1.55053
RMS 1.55053
RMS 1.55053
RMS 1.55053
RMS 1.55053
RMS 1.55053
RMS 1.55053
RMS 1.55053
RMS 1.55053
RMS 1.55053
RMS 1.55053
RMS 1.55053
RMS 1.55053
RMS 1.55053
RMS 1.55053
RMS 1.55053
RMS 1.55053
RMS 1.55053
RMS 1.55053
RMS 1.55053
RMS 1.55053
RMS 1.55053
RMS 1.55053
RMS 1.55053
RMS 1.55053
RMS 1.55053
RMS 1.55052
RMS 1.55052
RMS 1.55052
RMS 1.55052
RMS 1.55052
RMS 1.55052
RMS 1.55052
RMS 1.55052
RMS 1.55052
RMS 1.55052
RMS 1.55052
RMS 1.55052
RMS 1.55052
RMS 1.55052
RMS 1.55052
RMS 1.55052
RMS 1.55052
RMS 1.55052
RMS 1.55052
RMS 1.55052
RMS 1.55052
RMS 1.55052
RMS 1.55052
RMS 1.55052
RMS 1.55052
RMS 1.55052
RMS 1.55052
RMS 1.55052
RMS 1.55052
RMS 1.55052
RMS 1.55052
RMS 1.55052
RMS 1.55052
RMS 1.55052
RMS 1.55052
RMS 1.55052
RMS 1.55052
RMS 1.55052
RMS 1.55052
RMS 1.55052
RMS 1.55052
RMS 1.55052
RMS 1.55052
RMS 1.55052
RMS 1.55052
RMS 1.55052
RMS 1.55052
RMS 1.55052
RMS 1.55052
RMS 1.55052
RMS 1.55052
RMS 1.55052
RMS 1.55052
RMS 1.55052
RMS 1.55052
RMS 1.55052
RMS 1.55052
RMS 1.55052
RMS 1.55052
RMS 1.55052
RMS 1.55052
RMS 1.55052
RMS 1.55052
RMS 1.55052
RMS 1.55052
RMS 1.55052
RMS 1.55052
RMS 1.55052
RMS 1.55052
RMS 1.55052
RMS 1.55052
RMS 1.55052
RMS 1.55052
RMS 1.55052
RMS 1.55052
RMS 1.55052
RMS 1.55052
RMS 1.55052
RMS 1.55052
RMS 1.55052
RMS 1.55052
RMS 1.55052
RMS 1.55052
RMS 1.55052
RMS 1.55052
RMS 1.55052
RMS 1.55052
RMS 1.55052
RMS 1.55052
RMS 1.55052
RMS 1.55052
RMS 1.55052
RMS 1.55052
RMS 1.55052
RMS 1.55052
RMS 1.55052
RMS 1.55052
RMS 1.55052
RMS 1.55052
RMS 1.55052
RMS 1.55052
RMS 1.55052
RMS 1.55052
RMS 1.55052
RMS 1.55052
RMS 1.55052
RMS 1.55052
RMS 1.55052
RMS 1.55052
RMS 1.55052
RMS 1.55052
RMS 1.55052
RMS 1.55052
RMS 1.55052
RMS 1.55052
RMS 1.55052
RMS 1.55052
RMS 1.55052
RMS 1.55052
RMS 1.55052
RMS 1.55052
RMS 1.55052
RMS 1.55052
RMS 1.55052
RMS 1.55052
RMS 1.55052
RMS 1.55052
RMS 1.55052
RMS 1.55052
RMS 1.55052
RMS 1.55052
RMS 1.55052
RMS 1.55052
RMS 1.55052
RMS 1.55052
RMS 1.55052
RMS 1.55051
RMS 1.55052
RMS 1.55051
RMS 1.55052
RMS 1.55052
RMS 1.55051
RMS 1.55051
RMS 1.55051
RMS 1.55051
RMS 1.55051
RMS 1.55051
RMS 1.55051
RMS 1.55051
RMS 1.55051
RMS 1.55051
RMS 1.55051
RMS 1.55051
RMS 1.55051
RMS 1.55051
RMS 1.55051
RMS 1.55051
RMS 1.55051
RMS 1.55051
RMS 1.55051
RMS 1.55051
RMS 1.55051
RMS 1.55051
RMS 1.55051
RMS 1.55051
RMS 1.55051
RMS 1.55051
RMS 1.55051
RMS 1.55051
RMS 1.55051
RMS 1.55051
RMS 1.55051
RMS 1.55051
RMS 1.55051
RMS 1.55051
RMS 1.55051
RMS 1.55051
RMS 1.55051
RMS 1.55051
RMS 1.55051
RMS 1.55051
RMS 1.55051
RMS 1.55051
RMS 1.55051
RMS 1.55051
RMS 1.55051
RMS 1.55051
RMS 1.55051
RMS 1.55051
RMS 1.55051
RMS 1.55051
RMS 1.55051
RMS 1.55051
RMS 1.55051
RMS 1.55051
RMS 1.55051
RMS 1.55051
RMS 1.55051
RMS 1.55051
RMS 1.55051
RMS 1.55051
RMS 1.55051
RMS 1.55051
RMS 1.55051
RMS 1.55051
RMS 1.55051
RMS 1.55051
RMS 1.55051
RMS 1.55051
RMS 1.55051
RMS 1.55051
RMS 1.55051
RMS 1.55051
RMS 1.55051
RMS 1.55051
RMS 1.55051
RMS 1.55051
RMS 1.55051
RMS 1.55051
RMS 1.55051
RMS 1.55051
RMS 1.55051
RMS 1.55051
RMS 1.55051
RMS 1.55051
RMS 1.55051
RMS 1.55051
RMS 1.55051
RMS 1.55051
RMS 1.55051
RMS 1.55051
RMS 1.55051
RMS 1.55051
RMS 1.55051
RMS 1.55051
RMS 1.55051
RMS 1.55051
RMS 1.55051
RMS 1.55051
RMS 1.55051
RMS 1.55051
RMS 1.55051
RMS 1.55051
RMS 1.55051
RMS 1.55051
RMS 1.55051
RMS 1.55051
RMS 1.55051
RMS 1.55051
RMS 1.55051
RMS 1.55051
RMS 1.55051
RMS 1.55051
RMS 1.55051
RMS 1.55051
RMS 1.55051
RMS 1.55051
RMS 1.55051
RMS 1.55051
RMS 1.55051
RMS 1.55051
RMS 1.55051
RMS 1.55051
RMS 1.55051
RMS 1.55051
RMS 1.55051
RMS 1.55051
RMS 1.55051
RMS 1.55051
RMS 1.55051
RMS 1.55051
RMS 1.55051
RMS 1.55051
RMS 1.55051
RMS 1.55051
RMS 1.55051
RMS 1.55051
RMS 1.55051
RMS 1.55051
RMS 1.55051
RMS 1.55051
RMS 1.55051
RMS 1.55051
RMS 1.55051
RMS 1.55051
RMS 1.55051
RMS 1.55051
RMS 1.55051
RMS 1.55051
RMS 1.55051
RMS 1.55051
RMS 1.55051
RMS 1.55051
RMS 1.55051
RMS 1.55051
RMS 1.55051
RMS 1.55051
RMS 1.55051
RMS 1.55051
RMS 1.55051
RMS 1.55051
RMS 1.55051
RMS 1.55051
RMS 1.55051
RMS 1.55051
RMS 1.55051
RMS 1.55051
RMS 1.55051
RMS 1.55051
RMS 1.55051
RMS 1.55051
RMS 1.55051
RMS 1.55051
RMS 1.55051
RMS 1.55051
RMS 1.55051
RMS 1.55051
RMS 1.55051
RMS 1.55051
RMS 1.55051
RMS 1.55051
RMS 1.55051
RMS 1.55051
RMS 1.55051
RMS 1.55051
RMS 1.55051
RMS 1.55051
RMS 1.55051
RMS 1.55051
RMS 1.55051
RMS 1.55051
RMS 1.55051
RMS 1.55051
RMS 1.55051
RMS 1.55051
RMS 1.55051
RMS 1.55051
RMS 1.55051
RMS 1.55051
RMS 1.55051
RMS 1.55051
RMS 1.55051
RMS 1.55051
RMS 1.55051
RMS 1.55051
RMS 1.55051
RMS 1.55051
RMS 1.55051
RMS 1.55051
RMS 1.55051
RMS 1.55051
RMS 1.55051
RMS 1.55051
RMS 1.55051
RMS 1.55051
RMS 1.55051
RMS 1.55051
RMS 1.55051
RMS 1.55051
RMS 1.55051
RMS 1.55051
RMS 1.55051
RMS 1.55051
RMS 1.55051
RMS 1.55051
RMS 1.55051
RMS 1.55051
RMS 1.55051
RMS 1.55051
RMS 1.55051
RMS 1.55051
RMS 1.55051
RMS 1.55051
RMS 1.55051
RMS 1.55051
RMS 1.55051
RMS 1.55051
RMS 1.55051
RMS 1.55051
RMS 1.55051
RMS 1.55051
RMS 1.55051
RMS 1.55051
RMS 1.55051
RMS 1.55051
RMS 1.55051
RMS 1.55051
RMS 1.55051
RMS 1.55051
RMS 1.55051
RMS 1.55051
RMS 1.55051
RMS 1.55051
RMS 1.55051
RMS 1.55051
RMS 1.55051
RMS 1.55051
RMS 1.55051
RMS 1.55051
RMS 1.55051
RMS 1.55051
RMS 1.55051
RMS 1.55051
RMS 1.55051
RMS 1.55051
RMS 1.55051
RMS 1.55051
RMS 1.55051
RMS 1.55051
RMS 1.55051
RMS 1.55051
RMS 1.55051
RMS 1.55051
RMS 1.55051
RMS 1.55051
RMS 1.55051
RMS 1.55051
RMS 1.55051
RMS 1.55051
RMS 1.55051
RMS 1.55051
RMS 1.55051
RMS 1.55051
RMS 1.55051
RMS 1.55051
RMS 1.55051
RMS 1.55051
RMS 1.55051
RMS 1.55051
RMS 1.55051
RMS 1.55051
RMS 1.55051
RMS 1.55051
RMS 1.55051
RMS 1.55051
RMS 1.55051
RMS 1.55051
RMS 1.55051
RMS 1.55051
RMS 1.55051
RMS 1.55051
RMS 1.55051
RMS 1.55051
RMS 1.55051
RMS 1.55051
RMS 1.55051
RMS 1.55051
RMS 1.55051
RMS 1.55051
RMS 1.55051
RMS 1.55051
RMS 1.55051
RMS 1.55051
RMS 1.55051
RMS 1.55051
RMS 1.55051
RMS 1.55051
RMS 1.55051
RMS 1.55051
RMS 1.55051
RMS 1.55051
RMS 1.55051
RMS 1.55051
RMS 1.55051
RMS 1.55051
RMS 1.55051
RMS 1.55051
RMS 1.55051
RMS 1.55051
RMS 1.55051
RMS 1.55051
RMS 1.55051
RMS 1.55051
RMS 1.55051
RMS 1.55051
RMS 1.55051
RMS 1.55051
RMS 1.55051
RMS 1.55051
RMS 1.55051
RMS 1.55051
RMS 1.55051
RMS 1.55051
RMS 1.55051
RMS 1.55051
RMS 1.55051
RMS 1.55051
RMS 1.55051
RMS 1.55051
RMS 1.55051
RMS 1.55051
RMS 1.55051
RMS 1.55051
RMS 1.55051
RMS 1.55051
RMS 1.55051
RMS 1.55051
RMS 1.55051
RMS 1.55051
RMS 1.55051
RMS 1.55051
RMS 1.55051
RMS 1.55051
RMS 1.55051
RMS 1.55051
RMS 1.55051
RMS 1.55051
RMS 1.55051
RMS 1.55051
RMS 1.55051
RMS 1.55051
RMS 1.55051
RMS 1.55051
RMS 1.55051
RMS 1.55051
RMS 1.55051
RMS 1.55051
RMS 1.55051
RMS 1.55051
RMS 1.55051
RMS 1.55051
RMS 1.55051
RMS 1.55051
RMS 1.55051
RMS 1.55051
RMS 1.55051
RMS 1.55051
RMS 1.55051
RMS 1.55051
RMS 1.55051
RMS 1.55051
RMS 1.55051
RMS 1.55051
RMS 1.55051
RMS 1.55051
RMS 1.55051
RMS 1.55051
RMS 1.55051
RMS 1.55051
RMS 1.55051
RMS 1.55051
RMS 1.55051
RMS 1.55051
RMS 1.55051
RMS 1.55051
RMS 1.55051
RMS 1.55051
RMS 1.55051
RMS 1.55051
RMS 1.55051
RMS 1.55051
RMS 1.55051
RMS 1.55051
RMS 1.55051
RMS 1.55051
RMS 1.55051
RMS 1.55051
RMS 1.55051
RMS 1.55051
RMS 1.55051
RMS 1.55051
RMS 1.55051
RMS 1.55051
RMS 1.55051
RMS 1.55051
RMS 1.55051
RMS 1.55051
RMS 1.55051
RMS 1.55051
RMS 1.55051
RMS 1.55051
RMS 1.55051
RMS 1.55051
RMS 1.55051
RMS 1.55051
RMS 1.55051
RMS 1.55051
RMS 1.55051
RMS 1.55051
RMS 1.55051
RMS 1.55051
RMS 1.55051
RMS 1.55051
RMS 1.55051
RMS 1.55051
RMS 1.55051
RMS 1.55051
RMS 1.55051
RMS 1.55051
RMS 1.55051
RMS 1.55051
RMS 1.55051
RMS 1.55051
RMS 1.55051
RMS 1.55051
RMS 1.55051
RMS 1.55051
RMS 1.55051
RMS 1.55051
RMS 1.55051
RMS 1.55051
RMS 1.55051
RMS 1.55051
RMS 1.55051
RMS 1.55051
RMS 1.55051
RMS 1.55051
RMS 1.55051
RMS 1.55051
RMS 1.55051
RMS 1.55051
RMS 1.55051
RMS 1.55051
RMS 1.55051
RMS 1.55051
RMS 1.55051
RMS 1.55051
RMS 1.55051
RMS 1.55051
RMS 1.55051
RMS 1.55051
RMS 1.55051
RMS 1.55051
RMS 1.55051
RMS 1.55051
RMS 1.55051
RMS 1.55051
RMS 1.55051
RMS 1.55051
RMS 1.55051
RMS 1.55051
RMS 1.55051
RMS 1.55051
RMS 1.55051
RMS 1.55051
RMS 1.55051
RMS 1.55051
RMS 1.55051
RMS 1.55051
RMS 1.55051
RMS 1.55051
RMS 1.55051
RMS 1.55051
RMS 1.55051
RMS 1.55051
RMS 1.55051
RMS 1.55051
RMS 1.55051
RMS 1.55051
RMS 1.55051
RMS 1.55051
RMS 1.55051
RMS 1.55051
RMS 1.55051
RMS 1.55051
RMS 1.55051
RMS 1.55051
RMS 1.55051
RMS 1.55051
RMS 1.55051
RMS 1.55051
RMS 1.55051
RMS 1.55051
RMS 1.55051
RMS 1.55051
RMS 1.55051
RMS 1.55051
RMS 1.55051
RMS 1.55051
RMS 1.55051
RMS 1.55051
RMS 1.55051
RMS 1.55051
RMS 1.55051
RMS 1.55051
RMS 1.55051
RMS 1.55051
RMS 1.55051
RMS 1.55051
RMS 1.55051
RMS 1.55051
RMS 1.55051
RMS 1.55051
RMS 1.55051
RMS 1.55051
RMS 1.55051
RMS 1.55051
RMS 1.55051
RMS 1.55051
RMS 1.55051
RMS 1.55051
RMS 1.55051
RMS 1.55051
RMS 1.55051
RMS 1.55051
RMS 1.55051
RMS 1.55051
RMS 1.55051
RMS 1.55051
RMS 1.55051
RMS 1.55051
RMS 1.55051
RMS 1.55051
RMS 1.55051
RMS 1.55051
RMS 1.55051
RMS 1.55051
RMS 1.55051
RMS 1.55051
RMS 1.55051
RMS 1.55051
RMS 1.55051
RMS 1.55051
RMS 1.55051
RMS 1.55051
RMS 1.55051
RMS 1.55051
RMS 1.55051
RMS 1.55051
RMS 1.55051
RMS 1.55051
RMS 1.55051
RMS 1.55051
RMS 1.55051
RMS 1.55051
RMS 1.55051
RMS 1.55051
RMS 1.55051
RMS 1.55051
RMS 1.55051
RMS 1.55051
RMS 1.55051
RMS 1.55051
RMS 1.55051
RMS 1.55051
RMS 1.55051
RMS 1.55051
RMS 1.55051
RMS 1.55051
RMS 1.55051
RMS 1.55051
RMS 1.55051
RMS 1.55051
RMS 1.55051
RMS 1.55051
RMS 1.55051
RMS 1.55051
RMS 1.55051
RMS 1.55051
RMS 1.55051
RMS 1.55051
RMS 1.55051
RMS 1.55051
RMS 1.55051
RMS 1.55051
RMS 1.55051
RMS 1.55051
RMS 1.55051
RMS 1.55051
RMS 1.55051
RMS 1.55051
RMS 1.55051
RMS 1.55051
RMS 1.55051
RMS 1.55051
RMS 1.55051
RMS 1.55051
RMS 1.55051
RMS 1.55051
RMS 1.55051
RMS 1.55051
RMS 1.55051
RMS 1.55051
RMS 1.55051
RMS 1.55051
RMS 1.55051
RMS 1.55051
RMS 1.55051
RMS 1.55051
RMS 1.55051
RMS 1.55051
RMS 1.55051
RMS 1.55051
RMS 1.55051
RMS 1.55051
RMS 1.55051
RMS 1.55051
RMS 1.55051
RMS 1.55051
RMS 1.55051
RMS 1.55051
RMS 1.55051
RMS 1.55051
RMS 1.55051
RMS 1.55051
RMS 1.55051
RMS 1.55051
RMS 1.55051
RMS 1.55051
RMS 1.55051
RMS 1.55051
RMS 1.55051
RMS 1.55051
RMS 1.55051
RMS 1.55051
RMS 1.55051
RMS 1.55051
RMS 1.55051
RMS 1.55051
RMS 1.55051
RMS 1.55051
RMS 1.55051
RMS 1.55051
RMS 1.55051
RMS 1.55051
RMS 1.55051
RMS 1.55051
RMS 1.55051
RMS 1.55051
RMS 1.55051
RMS 1.55051
RMS 1.55051
RMS 1.55051
RMS 1.55051
RMS 1.55051
RMS 1.55051
RMS 1.55051
RMS 1.55051
RMS 1.55051
RMS 1.55051
RMS 1.55051
RMS 1.55051
RMS 1.55051
RMS 1.55051
RMS 1.55051
RMS 1.55051
RMS 1.55051
RMS 1.55051
RMS 1.55051
RMS 1.55051
RMS 1.55051
RMS 1.55051
RMS 1.55051
RMS 1.55051
RMS 1.55051
RMS 1.55051
RMS 1.55051
RMS 1.55051
RMS 1.55051
RMS 1.55051
RMS 1.55051
RMS 1.55051
RMS 1.55051
RMS 1.55051
RMS 1.55051
RMS 1.55051
RMS 1.55051
RMS 1.55051
RMS 1.55051
RMS 1.55051
RMS 1.55051
RMS 1.55051
RMS 1.55051
RMS 1.55051
RMS 1.55051
RMS 1.55051
RMS 1.55051
RMS 1.55051
RMS 1.55051
RMS 1.55051
RMS 1.55051
RMS 1.55051

##################TEST##################
Test : ACIERTOS = 320 65%
Test FALLOS = 170 35%
