0.24 0.04 0.06 0.21 -0.30 -0.25 0.05 0.44 0.28 
0.36 -0.14 0.00 0.31 -0.22 0.36 0.27 -0.32 -0.21 
0.47 0.19 -0.26 -0.06 -0.16 0.44 -0.12 -0.29 -0.50 
0.48 -0.02 -0.23 0.45 -0.28 0.31 0.01 0.43 -0.49 
0.26 -0.02 0.45 0.04 -0.17 -0.19 -0.46 -0.36 0.09 
0.40 0.41 0.27 -0.30 0.38 -0.05 -0.06 -0.18 0.30 
-0.12 0.20 -0.50 -0.12 0.18 -0.02 0.15 0.13 0.20 
-0.04 -0.36 0.13 -0.03 0.39 -0.39 -0.08 -0.07 -0.06 
0.23 -0.03 0.08 -0.18 -0.12 -0.01 -0.41 0.07 -0.13 
0.04 -0.49 0.18 -0.16 -0.11 -0.12 -0.16 0.27 -0.43 
0.32 -0.07 0.20 0.02 0.39 0.33 -0.34 -0.14 0.23 
-0.24 0.29 -0.34 0.21 0.02 0.13 -0.21 0.34 -0.50 0.28 0.43 

##################LEARN##################
RMS 1.47099
RMS 1.34556
RMS 1.33864
RMS 1.33621
RMS 1.33445
RMS 1.33267
RMS 1.33068
RMS 1.32846
RMS 1.32616
RMS 1.32402
RMS 1.32228
RMS 1.32102
RMS 1.32019
RMS 1.31968
RMS 1.31938
RMS 1.31922
RMS 1.31916
RMS 1.31915
RMS 1.31918
RMS 1.31922
RMS 1.31929
RMS 1.31935
RMS 1.31942
RMS 1.31949
RMS 1.31956
RMS 1.31963
RMS 1.31969
RMS 1.31975
RMS 1.31980
RMS 1.31985
RMS 1.31990
RMS 1.31995
RMS 1.31999
RMS 1.32003
RMS 1.32006
RMS 1.32010
RMS 1.32013
RMS 1.32016
RMS 1.32018
RMS 1.32021
RMS 1.32023
RMS 1.32025
RMS 1.32027
RMS 1.32028
RMS 1.32030
RMS 1.32031
RMS 1.32033
RMS 1.32034
RMS 1.32035
RMS 1.32036
RMS 1.32037
RMS 1.32038
RMS 1.32039
RMS 1.32040
RMS 1.32040
RMS 1.32041
RMS 1.32042
RMS 1.32042
RMS 1.32043
RMS 1.32043
RMS 1.32043
RMS 1.32044
RMS 1.32044
RMS 1.32045
RMS 1.32045
RMS 1.32045
RMS 1.32045
RMS 1.32046
RMS 1.32046
RMS 1.32046
RMS 1.32046
RMS 1.32046
RMS 1.32046
RMS 1.32047
RMS 1.32047
RMS 1.32047
RMS 1.32047
RMS 1.32047
RMS 1.32047
RMS 1.32047
RMS 1.32047
RMS 1.32047
RMS 1.32047
RMS 1.32048
RMS 1.32048
RMS 1.32048
RMS 1.32048
RMS 1.32048
RMS 1.32048
RMS 1.32048
RMS 1.32048
RMS 1.32048
RMS 1.32048
RMS 1.32048
RMS 1.32048
RMS 1.32048
RMS 1.32048
RMS 1.32048
RMS 1.32048
RMS 1.32048
RMS 1.32048
RMS 1.32048
RMS 1.32048
RMS 1.32048
RMS 1.32048
RMS 1.32048
RMS 1.32048
RMS 1.32048
RMS 1.32048
RMS 1.32048
RMS 1.32048
RMS 1.32048
RMS 1.32048
RMS 1.32048
RMS 1.32048
RMS 1.32048
RMS 1.32048
RMS 1.32048
RMS 1.32048
RMS 1.32048
RMS 1.32048
RMS 1.32048
RMS 1.32048
RMS 1.32048
RMS 1.32048
RMS 1.32048
RMS 1.32048
RMS 1.32048
RMS 1.32048
RMS 1.32048
RMS 1.32048
RMS 1.32048
RMS 1.32048
RMS 1.32048
RMS 1.32048
RMS 1.32048
RMS 1.32048
RMS 1.32048
RMS 1.32048
RMS 1.32048
RMS 1.32048
RMS 1.32048
RMS 1.32048
RMS 1.32048
RMS 1.32048
RMS 1.32048
RMS 1.32048
RMS 1.32048
RMS 1.32048
RMS 1.32048
RMS 1.32048
RMS 1.32048
RMS 1.32048
RMS 1.32048
RMS 1.32048
RMS 1.32048
RMS 1.32048
RMS 1.32048
RMS 1.32048
RMS 1.32048
RMS 1.32048
RMS 1.32048
RMS 1.32048
RMS 1.32048
RMS 1.32048
RMS 1.32048
RMS 1.32048
RMS 1.32048
RMS 1.32048
RMS 1.32048
RMS 1.32048
RMS 1.32048
RMS 1.32048
RMS 1.32048
RMS 1.32048
RMS 1.32048
RMS 1.32048
RMS 1.32048
RMS 1.32048
RMS 1.32048
RMS 1.32048
RMS 1.32048
RMS 1.32048
RMS 1.32048
RMS 1.32048
RMS 1.32048
RMS 1.32048
RMS 1.32048
RMS 1.32048
RMS 1.32048
RMS 1.32048
RMS 1.32048
RMS 1.32048
RMS 1.32048
RMS 1.32048
RMS 1.32048
RMS 1.32048
RMS 1.32048
RMS 1.32048
RMS 1.32048
RMS 1.32048
RMS 1.32048
RMS 1.32048
RMS 1.32048
RMS 1.32048
RMS 1.32048
RMS 1.32048
RMS 1.32048
RMS 1.32048
RMS 1.32048
RMS 1.32048
RMS 1.32048
RMS 1.32048
RMS 1.32048
RMS 1.32048
RMS 1.32048
RMS 1.32048
RMS 1.32048
RMS 1.32048
RMS 1.32048
RMS 1.32048
RMS 1.32048
RMS 1.32048
RMS 1.32048
RMS 1.32048
RMS 1.32048
RMS 1.32048
RMS 1.32048
RMS 1.32048
RMS 1.32048
RMS 1.32048
RMS 1.32048
RMS 1.32048
RMS 1.32048
RMS 1.32048
RMS 1.32048
RMS 1.32048
RMS 1.32048
RMS 1.32048
RMS 1.32048
RMS 1.32048
RMS 1.32048
RMS 1.32048
RMS 1.32048
RMS 1.32048
RMS 1.32048
RMS 1.32048
RMS 1.32048
RMS 1.32048
RMS 1.32048
RMS 1.32048
RMS 1.32048
RMS 1.32048
RMS 1.32048
RMS 1.32048
RMS 1.32048
RMS 1.32048
RMS 1.32048
RMS 1.32048
RMS 1.32048
RMS 1.32048
RMS 1.32048
RMS 1.32048
RMS 1.32048
RMS 1.32048
RMS 1.32048
RMS 1.32048
RMS 1.32048
RMS 1.32048
RMS 1.32048
RMS 1.32048
RMS 1.32048
RMS 1.32048
RMS 1.32048
RMS 1.32048
RMS 1.32048
RMS 1.32048
RMS 1.32048
RMS 1.32048
RMS 1.32048
RMS 1.32048
RMS 1.32048
RMS 1.32048
RMS 1.32048
RMS 1.32048
RMS 1.32048
RMS 1.32048
RMS 1.32048
RMS 1.32048
RMS 1.32048
RMS 1.32048
RMS 1.32048
RMS 1.32048
RMS 1.32048
RMS 1.32048
RMS 1.32048
RMS 1.32048
RMS 1.32048
RMS 1.32048
RMS 1.32048
RMS 1.32048
RMS 1.32048
RMS 1.32048
RMS 1.32048
RMS 1.32048
RMS 1.32048
RMS 1.32048
RMS 1.32048
RMS 1.32048
RMS 1.32048
RMS 1.32048
RMS 1.32048
RMS 1.32048
RMS 1.32048
RMS 1.32048
RMS 1.32048
RMS 1.32048
RMS 1.32048
RMS 1.32048
RMS 1.32048
RMS 1.32048
RMS 1.32048
RMS 1.32048
RMS 1.32048
RMS 1.32048
RMS 1.32048
RMS 1.32048
RMS 1.32048
RMS 1.32048
RMS 1.32048
RMS 1.32048
RMS 1.32048
RMS 1.32048
RMS 1.32048
RMS 1.32048
RMS 1.32048
RMS 1.32048
RMS 1.32048
RMS 1.32048
RMS 1.32048
RMS 1.32048
RMS 1.32048
RMS 1.32048
RMS 1.32048
RMS 1.32048
RMS 1.32048
RMS 1.32048
RMS 1.32048
RMS 1.32048
RMS 1.32048
RMS 1.32048
RMS 1.32048
RMS 1.32048
RMS 1.32048
RMS 1.32048
RMS 1.32048
RMS 1.32048
RMS 1.32048
RMS 1.32048
RMS 1.32048
RMS 1.32048
RMS 1.32048
RMS 1.32048
RMS 1.32048
RMS 1.32048
RMS 1.32048
RMS 1.32048
RMS 1.32048
RMS 1.32048
RMS 1.32048
RMS 1.32048
RMS 1.32048
RMS 1.32048
RMS 1.32048
RMS 1.32048
RMS 1.32048
RMS 1.32048
RMS 1.32048
RMS 1.32048
RMS 1.32048
RMS 1.32048
RMS 1.32048
RMS 1.32048
RMS 1.32048
RMS 1.32048
RMS 1.32048
RMS 1.32048
RMS 1.32048
RMS 1.32048
RMS 1.32048
RMS 1.32048
RMS 1.32048
RMS 1.32048
RMS 1.32048
RMS 1.32048
RMS 1.32048
RMS 1.32048
RMS 1.32048
RMS 1.32048
RMS 1.32048
RMS 1.32048
RMS 1.32048
RMS 1.32048
RMS 1.32048
RMS 1.32048
RMS 1.32048
RMS 1.32048
RMS 1.32048
RMS 1.32048
RMS 1.32048
RMS 1.32048
RMS 1.32048
RMS 1.32048
RMS 1.32048
RMS 1.32048
RMS 1.32048
RMS 1.32048
RMS 1.32048
RMS 1.32048
RMS 1.32048
RMS 1.32048
RMS 1.32048
RMS 1.32048
RMS 1.32048
RMS 1.32048
RMS 1.32048
RMS 1.32048
RMS 1.32048
RMS 1.32048
RMS 1.32048
RMS 1.32048
RMS 1.32048
RMS 1.32048
RMS 1.32048
RMS 1.32048
RMS 1.32048
RMS 1.32048
RMS 1.32048
RMS 1.32048
RMS 1.32048
RMS 1.32048
RMS 1.32048
RMS 1.32048
RMS 1.32048
RMS 1.32048
RMS 1.32048
RMS 1.32048
RMS 1.32048
RMS 1.32048
RMS 1.32048
RMS 1.32048
RMS 1.32048
RMS 1.32048
RMS 1.32048
RMS 1.32048
RMS 1.32048
RMS 1.32048
RMS 1.32048
RMS 1.32048
RMS 1.32048
RMS 1.32048
RMS 1.32048
RMS 1.32048
RMS 1.32048
RMS 1.32048
RMS 1.32048
RMS 1.32048
RMS 1.32048
RMS 1.32048
RMS 1.32048
RMS 1.32048
RMS 1.32048
RMS 1.32048
RMS 1.32048
RMS 1.32048
RMS 1.32048
RMS 1.32048
RMS 1.32048
RMS 1.32048
RMS 1.32048
RMS 1.32048
RMS 1.32048
RMS 1.32048
RMS 1.32048
RMS 1.32048
RMS 1.32048
RMS 1.32048
RMS 1.32048
RMS 1.32048
RMS 1.32048
RMS 1.32048
RMS 1.32048
RMS 1.32048
RMS 1.32048
RMS 1.32048
RMS 1.32048
RMS 1.32048
RMS 1.32048
RMS 1.32048
RMS 1.32048
RMS 1.32048
RMS 1.32048
RMS 1.32048
RMS 1.32048
RMS 1.32048
RMS 1.32048
RMS 1.32048
RMS 1.32048
RMS 1.32048
RMS 1.32048
RMS 1.32048
RMS 1.32048
RMS 1.32048
RMS 1.32048
RMS 1.32048
RMS 1.32048
RMS 1.32048
RMS 1.32048
RMS 1.32048
RMS 1.32048
RMS 1.32048
RMS 1.32048
RMS 1.32048
RMS 1.32048
RMS 1.32048
RMS 1.32048
RMS 1.32048
RMS 1.32048
RMS 1.32048
RMS 1.32048
RMS 1.32048
RMS 1.32048
RMS 1.32048
RMS 1.32048
RMS 1.32048
RMS 1.32048
RMS 1.32048
RMS 1.32048
RMS 1.32048
RMS 1.32048
RMS 1.32048
RMS 1.32048
RMS 1.32048
RMS 1.32048
RMS 1.32048
RMS 1.32048
RMS 1.32048
RMS 1.32048
RMS 1.32048
RMS 1.32048
RMS 1.32048
RMS 1.32048
RMS 1.32048
RMS 1.32048
RMS 1.32048
RMS 1.32048
RMS 1.32048
RMS 1.32048
RMS 1.32048
RMS 1.32048
RMS 1.32048
RMS 1.32048
RMS 1.32048
RMS 1.32048
RMS 1.32048
RMS 1.32048
RMS 1.32048
RMS 1.32048
RMS 1.32048
RMS 1.32048
RMS 1.32048
RMS 1.32048
RMS 1.32048
RMS 1.32048
RMS 1.32048
RMS 1.32048
RMS 1.32048
RMS 1.32048
RMS 1.32048
RMS 1.32048
RMS 1.32048
RMS 1.32048
RMS 1.32048
RMS 1.32048
RMS 1.32048
RMS 1.32048
RMS 1.32048
RMS 1.32048
RMS 1.32048
RMS 1.32048
RMS 1.32048
RMS 1.32048
RMS 1.32048
RMS 1.32048
RMS 1.32048
RMS 1.32048
RMS 1.32048
RMS 1.32048
RMS 1.32048
RMS 1.32048
RMS 1.32048
RMS 1.32048
RMS 1.32048
RMS 1.32048
RMS 1.32048
RMS 1.32048
RMS 1.32048
RMS 1.32048
RMS 1.32048
RMS 1.32048
RMS 1.32048
RMS 1.32048
RMS 1.32048
RMS 1.32048
RMS 1.32048
RMS 1.32048
RMS 1.32048
RMS 1.32048
RMS 1.32048
RMS 1.32048
RMS 1.32048
RMS 1.32048
RMS 1.32048
RMS 1.32048
RMS 1.32048
RMS 1.32048
RMS 1.32048
RMS 1.32048
RMS 1.32048
RMS 1.32048
RMS 1.32048
RMS 1.32048
RMS 1.32048
RMS 1.32048
RMS 1.32048
RMS 1.32048
RMS 1.32048
RMS 1.32048
RMS 1.32048
RMS 1.32048
RMS 1.32048
RMS 1.32048
RMS 1.32048
RMS 1.32048
RMS 1.32048
RMS 1.32048
RMS 1.32048
RMS 1.32048
RMS 1.32048
RMS 1.32048
RMS 1.32048
RMS 1.32048
RMS 1.32048
RMS 1.32048
RMS 1.32048
RMS 1.32048
RMS 1.32048
RMS 1.32048
RMS 1.32048
RMS 1.32048
RMS 1.32048
RMS 1.32048
RMS 1.32048
RMS 1.32048
RMS 1.32048
RMS 1.32048
RMS 1.32048
RMS 1.32048
RMS 1.32048
RMS 1.32048
RMS 1.32048
RMS 1.32048
RMS 1.32048
RMS 1.32048
RMS 1.32048
RMS 1.32048
RMS 1.32048
RMS 1.32048
RMS 1.32048
RMS 1.32048
RMS 1.32048
RMS 1.32048
RMS 1.32048
RMS 1.32048
RMS 1.32048
RMS 1.32048
RMS 1.32048
RMS 1.32048
RMS 1.32048
RMS 1.32048
RMS 1.32048
RMS 1.32048
RMS 1.32048
RMS 1.32048
RMS 1.32048
RMS 1.32048
RMS 1.32048
RMS 1.32048
RMS 1.32048
RMS 1.32048
RMS 1.32048
RMS 1.32048
RMS 1.32048
RMS 1.32048
RMS 1.32048
RMS 1.32048
RMS 1.32048
RMS 1.32048
RMS 1.32048
RMS 1.32048
RMS 1.32048
RMS 1.32048
RMS 1.32048
RMS 1.32048
RMS 1.32048
RMS 1.32048
RMS 1.32048
RMS 1.32048
RMS 1.32048
RMS 1.32048
RMS 1.32048
RMS 1.32048
RMS 1.32048
RMS 1.32048
RMS 1.32048
RMS 1.32048
RMS 1.32048
RMS 1.32048
RMS 1.32048
RMS 1.32048
RMS 1.32048
RMS 1.32048
RMS 1.32048
RMS 1.32048
RMS 1.32048
RMS 1.32048
RMS 1.32048
RMS 1.32048
RMS 1.32048
RMS 1.32048
RMS 1.32048
RMS 1.32048
RMS 1.32048
RMS 1.32048
RMS 1.32048
RMS 1.32048
RMS 1.32048
RMS 1.32048
RMS 1.32048
RMS 1.32048
RMS 1.32048
RMS 1.32048
RMS 1.32048
RMS 1.32048
RMS 1.32048
RMS 1.32048
RMS 1.32048
RMS 1.32048
RMS 1.32048
RMS 1.32048
RMS 1.32048
RMS 1.32048
RMS 1.32048
RMS 1.32048
RMS 1.32048
RMS 1.32048
RMS 1.32048
RMS 1.32048
RMS 1.32048
RMS 1.32048
RMS 1.32048
RMS 1.32048
RMS 1.32048
RMS 1.32048
RMS 1.32048
RMS 1.32048
RMS 1.32048
RMS 1.32048
RMS 1.32048
RMS 1.32048
RMS 1.32048
RMS 1.32048
RMS 1.32048
RMS 1.32048
RMS 1.32048
RMS 1.32048
RMS 1.32048
RMS 1.32048
RMS 1.32048
RMS 1.32048
RMS 1.32048
RMS 1.32048
RMS 1.32048
RMS 1.32048
RMS 1.32048
RMS 1.32048
RMS 1.32048
RMS 1.32048
RMS 1.32048
RMS 1.32048
RMS 1.32048
RMS 1.32048
RMS 1.32048
RMS 1.32048
RMS 1.32048
RMS 1.32048
RMS 1.32048
RMS 1.32048
RMS 1.32048
RMS 1.32048
RMS 1.32048
RMS 1.32048
RMS 1.32048
RMS 1.32048
RMS 1.32048
RMS 1.32048
RMS 1.32048
RMS 1.32048
RMS 1.32048
RMS 1.32048
RMS 1.32048
RMS 1.32048
RMS 1.32048
RMS 1.32048
RMS 1.32048
RMS 1.32048
RMS 1.32048
RMS 1.32048
RMS 1.32048
RMS 1.32048
RMS 1.32048
RMS 1.32048
RMS 1.32048
RMS 1.32048
RMS 1.32048
RMS 1.32048
RMS 1.32048
RMS 1.32048
RMS 1.32048
RMS 1.32048
RMS 1.32048
RMS 1.32048
RMS 1.32048
RMS 1.32048
RMS 1.32048
RMS 1.32048
RMS 1.32048
RMS 1.32048
RMS 1.32048
RMS 1.32048
RMS 1.32048
RMS 1.32048
RMS 1.32048
RMS 1.32048
RMS 1.32048
RMS 1.32048
RMS 1.32048
RMS 1.32048
RMS 1.32048
RMS 1.32048
RMS 1.32048
RMS 1.32048
RMS 1.32048
RMS 1.32048
RMS 1.32048
RMS 1.32048
RMS 1.32048
RMS 1.32048
RMS 1.32048
RMS 1.32048
RMS 1.32048
RMS 1.32048
RMS 1.32048
RMS 1.32048
RMS 1.32048
RMS 1.32048
RMS 1.32048
RMS 1.32048
RMS 1.32048
RMS 1.32048
RMS 1.32048
RMS 1.32048
RMS 1.32048
RMS 1.32048
RMS 1.32048
RMS 1.32048
RMS 1.32048
RMS 1.32048
RMS 1.32048
RMS 1.32048
RMS 1.32048
RMS 1.32048
RMS 1.32048
RMS 1.32048
RMS 1.32048
RMS 1.32048
RMS 1.32048
RMS 1.32048
RMS 1.32048
RMS 1.32048
RMS 1.32048
RMS 1.32048
RMS 1.32048
RMS 1.32048
RMS 1.32048
RMS 1.32048
RMS 1.32048
RMS 1.32048
RMS 1.32048
RMS 1.32048
RMS 1.32048
RMS 1.32048
RMS 1.32048
RMS 1.32048
RMS 1.32048
RMS 1.32048
RMS 1.32048
RMS 1.32048
RMS 1.32048
RMS 1.32048
RMS 1.32048
RMS 1.32048
RMS 1.32048
RMS 1.32048
RMS 1.32048
RMS 1.32048
RMS 1.32048
RMS 1.32048
RMS 1.32048
RMS 1.32048
RMS 1.32048
RMS 1.32048
RMS 1.32048
RMS 1.32048
RMS 1.32048
RMS 1.32048
RMS 1.32048
RMS 1.32048
RMS 1.32048
RMS 1.32048
RMS 1.32048
RMS 1.32048
RMS 1.32048
RMS 1.32048
RMS 1.32048
RMS 1.32048
RMS 1.32048
RMS 1.32048
RMS 1.32048
RMS 1.32048
RMS 1.32048
RMS 1.32048
RMS 1.32048
RMS 1.32048
RMS 1.32048
RMS 1.32048
RMS 1.32048
RMS 1.32048
RMS 1.32048
RMS 1.32048
RMS 1.32048
RMS 1.32048
RMS 1.32048
RMS 1.32048
RMS 1.32048
RMS 1.32048
RMS 1.32048
RMS 1.32048
RMS 1.32048
RMS 1.32048
RMS 1.32048
RMS 1.32048
RMS 1.32048
RMS 1.32048
RMS 1.32048
RMS 1.32048
RMS 1.32048
RMS 1.32048
RMS 1.32048
RMS 1.32048
RMS 1.32048
RMS 1.32048
RMS 1.32048
RMS 1.32048
RMS 1.32048
RMS 1.32048
RMS 1.32048
RMS 1.32048
RMS 1.32048
RMS 1.32048
RMS 1.32048
RMS 1.32048
RMS 1.32048
RMS 1.32048
RMS 1.32048
RMS 1.32048
RMS 1.32048
RMS 1.32048
RMS 1.32048
RMS 1.32048

##################TEST##################
Test : ACIERTOS = 314 64%
Test FALLOS = 176 36%
