-0.40 -0.06 
-0.02 -0.48 
-0.49 0.44 
0.06 0.03 
-0.18 -0.14 
-0.30 0.35 
0.11 0.23 
0.48 -0.49 0.02 -0.22 0.39 -0.50 0.24 
-0.06 -0.26 -0.10 0.21 0.48 -0.39 -0.44 
-0.13 0.20 -0.33 -0.04 -0.37 0.16 -0.02 -0.36 0.10 

##################LEARN##################
RMS 1.89266
RMS 1.80125
RMS 1.71792
RMS 1.64248
RMS 1.57460
RMS 1.51382
RMS 1.45960
RMS 1.41136
RMS 1.36850
RMS 1.33043
RMS 1.29662
RMS 1.26654
RMS 1.23975
RMS 1.21581
RMS 1.19437
RMS 1.17509
RMS 1.15768
RMS 1.14189
RMS 1.12750
RMS 1.11432
RMS 1.10219
RMS 1.09095
RMS 1.08049
RMS 1.07069
RMS 1.06145
RMS 1.05270
RMS 1.04437
RMS 1.03638
RMS 1.02869
RMS 1.02124
RMS 1.01400
RMS 1.00694
RMS 1.00001
RMS 0.99318
RMS 0.98645
RMS 0.97978
RMS 0.97315
RMS 0.96655
RMS 0.95996
RMS 0.95337
RMS 0.94678
RMS 0.94016
RMS 0.93351
RMS 0.92682
RMS 0.92009
RMS 0.91331
RMS 0.90647
RMS 0.89957
RMS 0.89261
RMS 0.88558
RMS 0.87849
RMS 0.87132
RMS 0.86408
RMS 0.85676
RMS 0.84937
RMS 0.84190
RMS 0.83436
RMS 0.82674
RMS 0.81904
RMS 0.81127
RMS 0.80343
RMS 0.79552
RMS 0.78753
RMS 0.77948
RMS 0.77136
RMS 0.76318
RMS 0.75493
RMS 0.74663
RMS 0.73828
RMS 0.72987
RMS 0.72141
RMS 0.71291
RMS 0.70438
RMS 0.69580
RMS 0.68719
RMS 0.67855
RMS 0.66989
RMS 0.66122
RMS 0.65252
RMS 0.64382
RMS 0.63511
RMS 0.62640
RMS 0.61769
RMS 0.60899
RMS 0.60031
RMS 0.59164
RMS 0.58300
RMS 0.57438
RMS 0.56579
RMS 0.55724
RMS 0.54873
RMS 0.54027
RMS 0.53185
RMS 0.52348
RMS 0.51517
RMS 0.50692
RMS 0.49873
RMS 0.49061
RMS 0.48256
RMS 0.47458
RMS 0.46668
RMS 0.45885
RMS 0.45111
RMS 0.44345
RMS 0.43587
RMS 0.42838
RMS 0.42099
RMS 0.41368
RMS 0.40646
RMS 0.39934
RMS 0.39232
RMS 0.38539
RMS 0.37856
RMS 0.37183
RMS 0.36519
RMS 0.35866
RMS 0.35223
RMS 0.34589
RMS 0.33966
RMS 0.33353
RMS 0.32750
RMS 0.32157
RMS 0.31574
RMS 0.31001
RMS 0.30438
RMS 0.29884
RMS 0.29341
RMS 0.28808
RMS 0.28284
RMS 0.27770
RMS 0.27265
RMS 0.26770
RMS 0.26284
RMS 0.25807
RMS 0.25340
RMS 0.24881
RMS 0.24432
RMS 0.23991
RMS 0.23559
RMS 0.23135
RMS 0.22720
RMS 0.22313
RMS 0.21915
RMS 0.21524
RMS 0.21141
RMS 0.20767
RMS 0.20399
RMS 0.20040
RMS 0.19687
RMS 0.19342
RMS 0.19004
RMS 0.18674
RMS 0.18349
RMS 0.18032
RMS 0.17721
RMS 0.17417
RMS 0.17119
RMS 0.16827
RMS 0.16542
RMS 0.16262
RMS 0.15988
RMS 0.15720
RMS 0.15457
RMS 0.15200
RMS 0.14948
RMS 0.14702
RMS 0.14461
RMS 0.14224
RMS 0.13993
RMS 0.13766
RMS 0.13544
RMS 0.13327
RMS 0.13114
RMS 0.12906
RMS 0.12702
RMS 0.12502
RMS 0.12306
RMS 0.12114
RMS 0.11926
RMS 0.11742
RMS 0.11562
RMS 0.11385
RMS 0.11212
RMS 0.11042
RMS 0.10876
RMS 0.10714
RMS 0.10554
RMS 0.10398
RMS 0.10244
RMS 0.10094
RMS 0.09947
RMS 0.09803
RMS 0.09661
RMS 0.09522
RMS 0.09387
RMS 0.09253
RMS 0.09122
RMS 0.08994
RMS 0.08869
RMS 0.08745
RMS 0.08624
RMS 0.08506
RMS 0.08389
RMS 0.08275
RMS 0.08163
RMS 0.08053
RMS 0.07946
RMS 0.07840
RMS 0.07736
RMS 0.07634
RMS 0.07534
RMS 0.07436
RMS 0.07340
RMS 0.07245
RMS 0.07152
RMS 0.07061
RMS 0.06971
RMS 0.06884
RMS 0.06797
RMS 0.06712
RMS 0.06629
RMS 0.06547
RMS 0.06467
RMS 0.06388
RMS 0.06311
RMS 0.06234
RMS 0.06159
RMS 0.06086
RMS 0.06014
RMS 0.05943
RMS 0.05873
RMS 0.05804
RMS 0.05737
RMS 0.05670
RMS 0.05605
RMS 0.05541
RMS 0.05478
RMS 0.05416
RMS 0.05355
RMS 0.05295
RMS 0.05236
RMS 0.05178
RMS 0.05121
RMS 0.05065
RMS 0.05010
RMS 0.04955
RMS 0.04902
RMS 0.04849
RMS 0.04797
RMS 0.04747
RMS 0.04696
RMS 0.04647
RMS 0.04599
RMS 0.04551
RMS 0.04504
RMS 0.04457
RMS 0.04412
RMS 0.04367
RMS 0.04323
RMS 0.04279
RMS 0.04236
RMS 0.04194
RMS 0.04152
RMS 0.04111
RMS 0.04071
RMS 0.04031
RMS 0.03992
RMS 0.03953
RMS 0.03915
RMS 0.03878
RMS 0.03841
RMS 0.03805
RMS 0.03769
RMS 0.03734
RMS 0.03699
RMS 0.03664
RMS 0.03631
RMS 0.03597
RMS 0.03564
RMS 0.03532
RMS 0.03500
RMS 0.03468
RMS 0.03437
RMS 0.03407
RMS 0.03377
RMS 0.03347
RMS 0.03317
RMS 0.03288
RMS 0.03260
RMS 0.03232
RMS 0.03204
RMS 0.03176
RMS 0.03149
RMS 0.03123
RMS 0.03096
RMS 0.03070
RMS 0.03045
RMS 0.03019
RMS 0.02994
RMS 0.02970
RMS 0.02945
RMS 0.02921
RMS 0.02898
RMS 0.02874
RMS 0.02851
RMS 0.02828
RMS 0.02806
RMS 0.02784
RMS 0.02762
RMS 0.02740
RMS 0.02719
RMS 0.02698
RMS 0.02677
RMS 0.02656
RMS 0.02636
RMS 0.02616
RMS 0.02596
RMS 0.02576
RMS 0.02557
RMS 0.02538
RMS 0.02519
RMS 0.02500
RMS 0.02482
RMS 0.02464
RMS 0.02446
RMS 0.02428
RMS 0.02411
RMS 0.02393
RMS 0.02376
RMS 0.02359
RMS 0.02342
RMS 0.02326
RMS 0.02310
RMS 0.02293
RMS 0.02278
RMS 0.02262
RMS 0.02246
RMS 0.02231
RMS 0.02215
RMS 0.02200
RMS 0.02186
RMS 0.02171
RMS 0.02156
RMS 0.02142
RMS 0.02128
RMS 0.02114
RMS 0.02100
RMS 0.02086
RMS 0.02072
RMS 0.02059
RMS 0.02046
RMS 0.02032
RMS 0.02019
RMS 0.02007
RMS 0.01994
RMS 0.01981
RMS 0.01969
RMS 0.01957
RMS 0.01944
RMS 0.01932
RMS 0.01920
RMS 0.01909
RMS 0.01897
RMS 0.01885
RMS 0.01874
RMS 0.01863
RMS 0.01852
RMS 0.01840
RMS 0.01830
RMS 0.01819
RMS 0.01808
RMS 0.01797
RMS 0.01787
RMS 0.01776
RMS 0.01766
RMS 0.01756
RMS 0.01746
RMS 0.01736
RMS 0.01726
RMS 0.01716
RMS 0.01707
RMS 0.01697
RMS 0.01688
RMS 0.01678
RMS 0.01669
RMS 0.01660
RMS 0.01651
RMS 0.01642
RMS 0.01633
RMS 0.01624
RMS 0.01615
RMS 0.01607
RMS 0.01598
RMS 0.01589
RMS 0.01581
RMS 0.01573
RMS 0.01564
RMS 0.01556
RMS 0.01548
RMS 0.01540
RMS 0.01532
RMS 0.01524
RMS 0.01517
RMS 0.01509
RMS 0.01501
RMS 0.01494
RMS 0.01486
RMS 0.01479
RMS 0.01472
RMS 0.01464
RMS 0.01457
RMS 0.01450
RMS 0.01443
RMS 0.01436
RMS 0.01429
RMS 0.01422
RMS 0.01415
RMS 0.01408
RMS 0.01402
RMS 0.01395
RMS 0.01388
RMS 0.01382
RMS 0.01375
RMS 0.01369
RMS 0.01363
RMS 0.01356
RMS 0.01350
RMS 0.01344
RMS 0.01338
RMS 0.01332
RMS 0.01326
RMS 0.01320
RMS 0.01314
RMS 0.01308
RMS 0.01302
RMS 0.01297
RMS 0.01291
RMS 0.01285
RMS 0.01280
RMS 0.01274
RMS 0.01269
RMS 0.01263
RMS 0.01258
RMS 0.01252
RMS 0.01247
RMS 0.01242
RMS 0.01237
RMS 0.01231
RMS 0.01226
RMS 0.01221
RMS 0.01216
RMS 0.01211
RMS 0.01206
RMS 0.01201
RMS 0.01196
RMS 0.01192
RMS 0.01187
RMS 0.01182
RMS 0.01177
RMS 0.01173
RMS 0.01168
RMS 0.01163
RMS 0.01159
RMS 0.01154
RMS 0.01150
RMS 0.01145
RMS 0.01141
RMS 0.01137
RMS 0.01132
RMS 0.01128
RMS 0.01124
RMS 0.01119
RMS 0.01115
RMS 0.01111
RMS 0.01107
RMS 0.01103
RMS 0.01099
RMS 0.01095
RMS 0.01091
RMS 0.01087
RMS 0.01083
RMS 0.01079
RMS 0.01075
RMS 0.01071
RMS 0.01067
RMS 0.01063
RMS 0.01060
RMS 0.01056
RMS 0.01052
RMS 0.01049
RMS 0.01045
RMS 0.01041
RMS 0.01038
RMS 0.01034
RMS 0.01031
RMS 0.01027
RMS 0.01024
RMS 0.01020
RMS 0.01017
RMS 0.01013
RMS 0.01010
RMS 0.01007
RMS 0.01003
RMS 0.01000
RMS 0.00997
RMS 0.00993
RMS 0.00990
RMS 0.00987
RMS 0.00984
RMS 0.00981
RMS 0.00978
RMS 0.00975
RMS 0.00971
RMS 0.00968
RMS 0.00965
RMS 0.00962
RMS 0.00959
RMS 0.00956
RMS 0.00953
RMS 0.00950
RMS 0.00948
RMS 0.00945
RMS 0.00942
RMS 0.00939
RMS 0.00936
RMS 0.00933
RMS 0.00931
RMS 0.00928
RMS 0.00925
RMS 0.00922
RMS 0.00920
RMS 0.00917
RMS 0.00914
RMS 0.00912
RMS 0.00909
RMS 0.00906
RMS 0.00904
RMS 0.00901
RMS 0.00899
RMS 0.00896
RMS 0.00894
RMS 0.00891
RMS 0.00889
RMS 0.00886
RMS 0.00884
RMS 0.00881
RMS 0.00879
RMS 0.00877
RMS 0.00874
RMS 0.00872
RMS 0.00869
RMS 0.00867
RMS 0.00865
RMS 0.00862
RMS 0.00860
RMS 0.00858
RMS 0.00856
RMS 0.00853
RMS 0.00851
RMS 0.00849
RMS 0.00847
RMS 0.00845
RMS 0.00843
RMS 0.00840
RMS 0.00838
RMS 0.00836
RMS 0.00834
RMS 0.00832
RMS 0.00830
RMS 0.00828
RMS 0.00826
RMS 0.00824
RMS 0.00822
RMS 0.00820
RMS 0.00818
RMS 0.00816
RMS 0.00814
RMS 0.00812
RMS 0.00810
RMS 0.00808
RMS 0.00806
RMS 0.00804
RMS 0.00802
RMS 0.00800
RMS 0.00798
RMS 0.00797
RMS 0.00795
RMS 0.00793
RMS 0.00791
RMS 0.00789
RMS 0.00788
RMS 0.00786
RMS 0.00784
RMS 0.00782
RMS 0.00780
RMS 0.00779
RMS 0.00777
RMS 0.00775
RMS 0.00774
RMS 0.00772
RMS 0.00770
RMS 0.00769
RMS 0.00767
RMS 0.00765
RMS 0.00764
RMS 0.00762
RMS 0.00760
RMS 0.00759
RMS 0.00757
RMS 0.00756
RMS 0.00754
RMS 0.00752
RMS 0.00751
RMS 0.00749
RMS 0.00748
RMS 0.00746
RMS 0.00745
RMS 0.00743
RMS 0.00742
RMS 0.00740
RMS 0.00739
RMS 0.00737
RMS 0.00736
RMS 0.00734
RMS 0.00733
RMS 0.00731
RMS 0.00730
RMS 0.00729
RMS 0.00727
RMS 0.00726
RMS 0.00724
RMS 0.00723
RMS 0.00722
RMS 0.00720
RMS 0.00719
RMS 0.00718
RMS 0.00716
RMS 0.00715
RMS 0.00714
RMS 0.00712
RMS 0.00711
RMS 0.00710
RMS 0.00708
RMS 0.00707
RMS 0.00706
RMS 0.00704
RMS 0.00703
RMS 0.00702
RMS 0.00701
RMS 0.00699
RMS 0.00698
RMS 0.00697
RMS 0.00696
RMS 0.00695
RMS 0.00693
RMS 0.00692
RMS 0.00691
RMS 0.00690
RMS 0.00689
RMS 0.00687
RMS 0.00686
RMS 0.00685
RMS 0.00684
RMS 0.00683
RMS 0.00682
RMS 0.00680
RMS 0.00679
RMS 0.00678
RMS 0.00677
RMS 0.00676
RMS 0.00675
RMS 0.00674
RMS 0.00673
RMS 0.00672
RMS 0.00671
RMS 0.00670
RMS 0.00668
RMS 0.00667
RMS 0.00666
RMS 0.00665
RMS 0.00664
RMS 0.00663
RMS 0.00662
RMS 0.00661
RMS 0.00660
RMS 0.00659
RMS 0.00658
RMS 0.00657
RMS 0.00656
RMS 0.00655
RMS 0.00654
RMS 0.00653
RMS 0.00652
RMS 0.00651
RMS 0.00650
RMS 0.00649
RMS 0.00648
RMS 0.00647
RMS 0.00647
RMS 0.00646
RMS 0.00645
RMS 0.00644
RMS 0.00643
RMS 0.00642
RMS 0.00641
RMS 0.00640
RMS 0.00639
RMS 0.00638
RMS 0.00637
RMS 0.00637
RMS 0.00636
RMS 0.00635
RMS 0.00634
RMS 0.00633
RMS 0.00632
RMS 0.00631
RMS 0.00630
RMS 0.00630
RMS 0.00629
RMS 0.00628
RMS 0.00627
RMS 0.00626
RMS 0.00625
RMS 0.00625
RMS 0.00624
RMS 0.00623
RMS 0.00622
RMS 0.00621
RMS 0.00621
RMS 0.00620
RMS 0.00619
RMS 0.00618
RMS 0.00617
RMS 0.00617
RMS 0.00616
RMS 0.00615
RMS 0.00614
RMS 0.00614
RMS 0.00613
RMS 0.00612
RMS 0.00611
RMS 0.00611
RMS 0.00610
RMS 0.00609
RMS 0.00608
RMS 0.00608
RMS 0.00607
RMS 0.00606
RMS 0.00606
RMS 0.00605
RMS 0.00604
RMS 0.00603
RMS 0.00603
RMS 0.00602
RMS 0.00601
RMS 0.00601
RMS 0.00600
RMS 0.00599
RMS 0.00599
RMS 0.00598
RMS 0.00597
RMS 0.00597
RMS 0.00596
RMS 0.00595
RMS 0.00595
RMS 0.00594
RMS 0.00593
RMS 0.00593
RMS 0.00592
RMS 0.00591
RMS 0.00591
RMS 0.00590
RMS 0.00589
RMS 0.00589
RMS 0.00588
RMS 0.00588
RMS 0.00587
RMS 0.00586
RMS 0.00586
RMS 0.00585
RMS 0.00584
RMS 0.00584
RMS 0.00583
RMS 0.00583
RMS 0.00582
RMS 0.00581
RMS 0.00581
RMS 0.00580
RMS 0.00580
RMS 0.00579
RMS 0.00579
RMS 0.00578
RMS 0.00577
RMS 0.00577
RMS 0.00576
RMS 0.00576
RMS 0.00575
RMS 0.00575
RMS 0.00574
RMS 0.00573
RMS 0.00573
RMS 0.00572
RMS 0.00572
RMS 0.00571
RMS 0.00571
RMS 0.00570
RMS 0.00570
RMS 0.00569
RMS 0.00569
RMS 0.00568
RMS 0.00568
RMS 0.00567
RMS 0.00567
RMS 0.00566
RMS 0.00565
RMS 0.00565
RMS 0.00564
RMS 0.00564
RMS 0.00563
RMS 0.00563
RMS 0.00562
RMS 0.00562
RMS 0.00561
RMS 0.00561
RMS 0.00560
RMS 0.00560
RMS 0.00560
RMS 0.00559
RMS 0.00559
RMS 0.00558
RMS 0.00558
RMS 0.00557
RMS 0.00557
RMS 0.00556
RMS 0.00556
RMS 0.00555
RMS 0.00555
RMS 0.00554
RMS 0.00554
RMS 0.00553
RMS 0.00553
RMS 0.00553
RMS 0.00552
RMS 0.00552
RMS 0.00551
RMS 0.00551
RMS 0.00550
RMS 0.00550
RMS 0.00549
RMS 0.00549
RMS 0.00549
RMS 0.00548
RMS 0.00548
RMS 0.00547
RMS 0.00547
RMS 0.00546
RMS 0.00546
RMS 0.00546
RMS 0.00545
RMS 0.00545
RMS 0.00544
RMS 0.00544
RMS 0.00544
RMS 0.00543
RMS 0.00543
RMS 0.00542
RMS 0.00542
RMS 0.00542
RMS 0.00541
RMS 0.00541
RMS 0.00540
RMS 0.00540
RMS 0.00540
RMS 0.00539
RMS 0.00539
RMS 0.00538
RMS 0.00538
RMS 0.00538
RMS 0.00537
RMS 0.00537
RMS 0.00536
RMS 0.00536
RMS 0.00536
RMS 0.00535
RMS 0.00535
RMS 0.00535
RMS 0.00534
RMS 0.00534
RMS 0.00534
RMS 0.00533
RMS 0.00533
RMS 0.00532
RMS 0.00532
RMS 0.00532
RMS 0.00531
RMS 0.00531
RMS 0.00531
RMS 0.00530
RMS 0.00530
RMS 0.00530
RMS 0.00529
RMS 0.00529
RMS 0.00529
RMS 0.00528
RMS 0.00528
RMS 0.00528
RMS 0.00527
RMS 0.00527
RMS 0.00527
RMS 0.00526
RMS 0.00526
RMS 0.00526
RMS 0.00525
RMS 0.00525
RMS 0.00525
RMS 0.00524
RMS 0.00524
RMS 0.00524
RMS 0.00523
RMS 0.00523
RMS 0.00523
RMS 0.00522
RMS 0.00522
RMS 0.00522
RMS 0.00522
RMS 0.00521
RMS 0.00521
RMS 0.00521
RMS 0.00520
RMS 0.00520
RMS 0.00520
RMS 0.00519
RMS 0.00519
RMS 0.00519
RMS 0.00518
RMS 0.00518
RMS 0.00518
RMS 0.00518
RMS 0.00517
RMS 0.00517
RMS 0.00517
RMS 0.00516
RMS 0.00516
RMS 0.00516
RMS 0.00516
RMS 0.00515
RMS 0.00515
RMS 0.00515
RMS 0.00514
RMS 0.00514
RMS 0.00514
RMS 0.00514
RMS 0.00513
RMS 0.00513
RMS 0.00513
RMS 0.00513
RMS 0.00512
RMS 0.00512
RMS 0.00512
RMS 0.00511
RMS 0.00511
RMS 0.00511
RMS 0.00511
RMS 0.00510
RMS 0.00510
RMS 0.00510
RMS 0.00510
RMS 0.00509
RMS 0.00509
RMS 0.00509
RMS 0.00509
RMS 0.00508
RMS 0.00508
RMS 0.00508
RMS 0.00508
RMS 0.00507
RMS 0.00507
RMS 0.00507
RMS 0.00507
RMS 0.00506
RMS 0.00506
RMS 0.00506
RMS 0.00506
RMS 0.00505
RMS 0.00505
RMS 0.00505
RMS 0.00505
RMS 0.00505
RMS 0.00504
RMS 0.00504
RMS 0.00504
RMS 0.00504
RMS 0.00503
RMS 0.00503
RMS 0.00503
RMS 0.00503
RMS 0.00502
RMS 0.00502
RMS 0.00502
RMS 0.00502

##################TEST##################
Test : ACIERTOS = 4 100%
Test FALLOS = 0 0%
