-0.40 -0.06 
-0.02 -0.48 
-0.49 0.44 
0.06 0.03 
-0.18 -0.14 
-0.30 0.35 
0.11 0.23 
0.48 -0.49 0.02 -0.22 0.39 -0.50 0.24 
-0.06 -0.26 -0.10 0.21 0.48 -0.39 -0.44 
-0.13 0.20 -0.33 -0.04 -0.37 0.16 -0.02 -0.36 0.10 

##################LEARN##################
RMS 1.47556
RMS 1.44696
RMS 1.42157
RMS 1.39900
RMS 1.37891
RMS 1.36096
RMS 1.34488
RMS 1.33042
RMS 1.31737
RMS 1.30553
RMS 1.29475
RMS 1.28489
RMS 1.27582
RMS 1.26744
RMS 1.25966
RMS 1.25240
RMS 1.24560
RMS 1.23918
RMS 1.23311
RMS 1.22733
RMS 1.22180
RMS 1.21650
RMS 1.21139
RMS 1.20643
RMS 1.20162
RMS 1.19693
RMS 1.19233
RMS 1.18781
RMS 1.18336
RMS 1.17896
RMS 1.17460
RMS 1.17027
RMS 1.16596
RMS 1.16165
RMS 1.15735
RMS 1.15304
RMS 1.14872
RMS 1.14438
RMS 1.14001
RMS 1.13561
RMS 1.13118
RMS 1.12670
RMS 1.12218
RMS 1.11762
RMS 1.11300
RMS 1.10833
RMS 1.10360
RMS 1.09881
RMS 1.09396
RMS 1.08905
RMS 1.08407
RMS 1.07903
RMS 1.07392
RMS 1.06874
RMS 1.06349
RMS 1.05817
RMS 1.05279
RMS 1.04733
RMS 1.04180
RMS 1.03620
RMS 1.03053
RMS 1.02479
RMS 1.01899
RMS 1.01311
RMS 1.00717
RMS 1.00117
RMS 0.99510
RMS 0.98897
RMS 0.98277
RMS 0.97652
RMS 0.97021
RMS 0.96384
RMS 0.95742
RMS 0.95095
RMS 0.94442
RMS 0.93785
RMS 0.93123
RMS 0.92457
RMS 0.91786
RMS 0.91112
RMS 0.90434
RMS 0.89752
RMS 0.89067
RMS 0.88378
RMS 0.87687
RMS 0.86994
RMS 0.86297
RMS 0.85599
RMS 0.84899
RMS 0.84197
RMS 0.83493
RMS 0.82788
RMS 0.82082
RMS 0.81374
RMS 0.80667
RMS 0.79958
RMS 0.79249
RMS 0.78540
RMS 0.77831
RMS 0.77122
RMS 0.76414
RMS 0.75706
RMS 0.74999
RMS 0.74292
RMS 0.73587
RMS 0.72883
RMS 0.72180
RMS 0.71479
RMS 0.70779
RMS 0.70081
RMS 0.69385
RMS 0.68691
RMS 0.67999
RMS 0.67309
RMS 0.66622
RMS 0.65937
RMS 0.65254
RMS 0.64575
RMS 0.63898
RMS 0.63224
RMS 0.62553
RMS 0.61885
RMS 0.61221
RMS 0.60559
RMS 0.59902
RMS 0.59247
RMS 0.58596
RMS 0.57949
RMS 0.57305
RMS 0.56665
RMS 0.56029
RMS 0.55397
RMS 0.54769
RMS 0.54145
RMS 0.53525
RMS 0.52909
RMS 0.52297
RMS 0.51690
RMS 0.51086
RMS 0.50488
RMS 0.49893
RMS 0.49304
RMS 0.48718
RMS 0.48138
RMS 0.47561
RMS 0.46990
RMS 0.46423
RMS 0.45861
RMS 0.45304
RMS 0.44751
RMS 0.44204
RMS 0.43661
RMS 0.43123
RMS 0.42590
RMS 0.42062
RMS 0.41539
RMS 0.41020
RMS 0.40507
RMS 0.39999
RMS 0.39496
RMS 0.38998
RMS 0.38505
RMS 0.38017
RMS 0.37534
RMS 0.37056
RMS 0.36584
RMS 0.36116
RMS 0.35654
RMS 0.35196
RMS 0.34744
RMS 0.34297
RMS 0.33855
RMS 0.33417
RMS 0.32985
RMS 0.32558
RMS 0.32136
RMS 0.31720
RMS 0.31308
RMS 0.30901
RMS 0.30499
RMS 0.30102
RMS 0.29710
RMS 0.29322
RMS 0.28940
RMS 0.28563
RMS 0.28190
RMS 0.27822
RMS 0.27459
RMS 0.27101
RMS 0.26747
RMS 0.26399
RMS 0.26054
RMS 0.25715
RMS 0.25379
RMS 0.25049
RMS 0.24723
RMS 0.24401
RMS 0.24084
RMS 0.23771
RMS 0.23463
RMS 0.23159
RMS 0.22859
RMS 0.22563
RMS 0.22272
RMS 0.21984
RMS 0.21701
RMS 0.21422
RMS 0.21146
RMS 0.20875
RMS 0.20608
RMS 0.20344
RMS 0.20084
RMS 0.19829
RMS 0.19576
RMS 0.19328
RMS 0.19083
RMS 0.18842
RMS 0.18604
RMS 0.18370
RMS 0.18139
RMS 0.17911
RMS 0.17687
RMS 0.17467
RMS 0.17249
RMS 0.17035
RMS 0.16824
RMS 0.16616
RMS 0.16412
RMS 0.16210
RMS 0.16011
RMS 0.15815
RMS 0.15623
RMS 0.15433
RMS 0.15246
RMS 0.15061
RMS 0.14880
RMS 0.14701
RMS 0.14525
RMS 0.14351
RMS 0.14180
RMS 0.14012
RMS 0.13846
RMS 0.13683
RMS 0.13522
RMS 0.13364
RMS 0.13207
RMS 0.13054
RMS 0.12902
RMS 0.12753
RMS 0.12606
RMS 0.12461
RMS 0.12318
RMS 0.12178
RMS 0.12039
RMS 0.11903
RMS 0.11768
RMS 0.11636
RMS 0.11505
RMS 0.11377
RMS 0.11250
RMS 0.11125
RMS 0.11002
RMS 0.10881
RMS 0.10761
RMS 0.10644
RMS 0.10528
RMS 0.10413
RMS 0.10301
RMS 0.10190
RMS 0.10080
RMS 0.09972
RMS 0.09866
RMS 0.09761
RMS 0.09658
RMS 0.09556
RMS 0.09456
RMS 0.09357
RMS 0.09260
RMS 0.09164
RMS 0.09069
RMS 0.08976
RMS 0.08883
RMS 0.08793
RMS 0.08703
RMS 0.08615
RMS 0.08528
RMS 0.08442
RMS 0.08358
RMS 0.08274
RMS 0.08192
RMS 0.08111
RMS 0.08031
RMS 0.07952
RMS 0.07874
RMS 0.07797
RMS 0.07721
RMS 0.07647
RMS 0.07573
RMS 0.07500
RMS 0.07429
RMS 0.07358
RMS 0.07288
RMS 0.07219
RMS 0.07151
RMS 0.07084
RMS 0.07018
RMS 0.06953
RMS 0.06888
RMS 0.06825
RMS 0.06762
RMS 0.06700
RMS 0.06639
RMS 0.06579
RMS 0.06519
RMS 0.06461
RMS 0.06403
RMS 0.06345
RMS 0.06289
RMS 0.06233
RMS 0.06178
RMS 0.06124
RMS 0.06070
RMS 0.06017
RMS 0.05965
RMS 0.05913
RMS 0.05862
RMS 0.05812
RMS 0.05762
RMS 0.05713
RMS 0.05664
RMS 0.05617
RMS 0.05569
RMS 0.05523
RMS 0.05476
RMS 0.05431
RMS 0.05386
RMS 0.05341
RMS 0.05297
RMS 0.05254
RMS 0.05211
RMS 0.05169
RMS 0.05127
RMS 0.05086
RMS 0.05045
RMS 0.05004
RMS 0.04964
RMS 0.04925
RMS 0.04886
RMS 0.04848
RMS 0.04810
RMS 0.04772
RMS 0.04735
RMS 0.04698
RMS 0.04662
RMS 0.04626
RMS 0.04591
RMS 0.04556
RMS 0.04521
RMS 0.04487
RMS 0.04453
RMS 0.04419
RMS 0.04386
RMS 0.04354
RMS 0.04321
RMS 0.04289
RMS 0.04258
RMS 0.04226
RMS 0.04195
RMS 0.04165
RMS 0.04135
RMS 0.04105
RMS 0.04075
RMS 0.04046
RMS 0.04017
RMS 0.03988
RMS 0.03960
RMS 0.03932
RMS 0.03904
RMS 0.03877
RMS 0.03850
RMS 0.03823
RMS 0.03797
RMS 0.03770
RMS 0.03744
RMS 0.03719
RMS 0.03693
RMS 0.03668
RMS 0.03643
RMS 0.03619
RMS 0.03594
RMS 0.03570
RMS 0.03547
RMS 0.03523
RMS 0.03500
RMS 0.03477
RMS 0.03454
RMS 0.03431
RMS 0.03409
RMS 0.03387
RMS 0.03365
RMS 0.03343
RMS 0.03321
RMS 0.03300
RMS 0.03279
RMS 0.03258
RMS 0.03238
RMS 0.03217
RMS 0.03197
RMS 0.03177
RMS 0.03157
RMS 0.03137
RMS 0.03118
RMS 0.03099
RMS 0.03080
RMS 0.03061
RMS 0.03042
RMS 0.03024
RMS 0.03005
RMS 0.02987
RMS 0.02969
RMS 0.02951
RMS 0.02934
RMS 0.02916
RMS 0.02899
RMS 0.02882
RMS 0.02865
RMS 0.02848
RMS 0.02832
RMS 0.02815
RMS 0.02799
RMS 0.02783
RMS 0.02767
RMS 0.02751
RMS 0.02735
RMS 0.02720
RMS 0.02704
RMS 0.02689
RMS 0.02674
RMS 0.02659
RMS 0.02644
RMS 0.02629
RMS 0.02615
RMS 0.02600
RMS 0.02586
RMS 0.02572
RMS 0.02557
RMS 0.02544
RMS 0.02530
RMS 0.02516
RMS 0.02502
RMS 0.02489
RMS 0.02476
RMS 0.02463
RMS 0.02449
RMS 0.02436
RMS 0.02424
RMS 0.02411
RMS 0.02398
RMS 0.02386
RMS 0.02373
RMS 0.02361
RMS 0.02349
RMS 0.02337
RMS 0.02325
RMS 0.02313
RMS 0.02301
RMS 0.02289
RMS 0.02278
RMS 0.02266
RMS 0.02255
RMS 0.02244
RMS 0.02233
RMS 0.02221
RMS 0.02210
RMS 0.02200
RMS 0.02189
RMS 0.02178
RMS 0.02167
RMS 0.02157
RMS 0.02146
RMS 0.02136
RMS 0.02126
RMS 0.02116
RMS 0.02105
RMS 0.02095
RMS 0.02085
RMS 0.02076
RMS 0.02066
RMS 0.02056
RMS 0.02047
RMS 0.02037
RMS 0.02028
RMS 0.02018
RMS 0.02009
RMS 0.02000
RMS 0.01990
RMS 0.01981
RMS 0.01972
RMS 0.01963
RMS 0.01955
RMS 0.01946
RMS 0.01937
RMS 0.01928
RMS 0.01920
RMS 0.01911
RMS 0.01903
RMS 0.01894
RMS 0.01886
RMS 0.01878
RMS 0.01870
RMS 0.01861
RMS 0.01853
RMS 0.01845
RMS 0.01837
RMS 0.01830
RMS 0.01822
RMS 0.01814
RMS 0.01806
RMS 0.01799
RMS 0.01791
RMS 0.01784
RMS 0.01776
RMS 0.01769
RMS 0.01761
RMS 0.01754
RMS 0.01747
RMS 0.01740
RMS 0.01732
RMS 0.01725
RMS 0.01718
RMS 0.01711
RMS 0.01704
RMS 0.01698
RMS 0.01691
RMS 0.01684
RMS 0.01677
RMS 0.01671
RMS 0.01664
RMS 0.01657
RMS 0.01651
RMS 0.01644
RMS 0.01638
RMS 0.01632
RMS 0.01625
RMS 0.01619
RMS 0.01613
RMS 0.01607
RMS 0.01600
RMS 0.01594
RMS 0.01588
RMS 0.01582
RMS 0.01576
RMS 0.01570
RMS 0.01564
RMS 0.01559
RMS 0.01553
RMS 0.01547
RMS 0.01541
RMS 0.01536
RMS 0.01530
RMS 0.01524
RMS 0.01519
RMS 0.01513
RMS 0.01508
RMS 0.01502
RMS 0.01497
RMS 0.01492
RMS 0.01486
RMS 0.01481
RMS 0.01476
RMS 0.01470
RMS 0.01465
RMS 0.01460
RMS 0.01455
RMS 0.01450
RMS 0.01445
RMS 0.01440
RMS 0.01435
RMS 0.01430
RMS 0.01425
RMS 0.01420
RMS 0.01415
RMS 0.01410
RMS 0.01406
RMS 0.01401
RMS 0.01396
RMS 0.01392
RMS 0.01387
RMS 0.01382
RMS 0.01378
RMS 0.01373
RMS 0.01369
RMS 0.01364
RMS 0.01360
RMS 0.01355
RMS 0.01351
RMS 0.01346
RMS 0.01342
RMS 0.01338
RMS 0.01333
RMS 0.01329
RMS 0.01325
RMS 0.01321
RMS 0.01317
RMS 0.01312
RMS 0.01308
RMS 0.01304
RMS 0.01300
RMS 0.01296
RMS 0.01292
RMS 0.01288
RMS 0.01284
RMS 0.01280
RMS 0.01276
RMS 0.01272
RMS 0.01268
RMS 0.01265
RMS 0.01261
RMS 0.01257
RMS 0.01253
RMS 0.01249
RMS 0.01246
RMS 0.01242
RMS 0.01238
RMS 0.01235
RMS 0.01231
RMS 0.01227
RMS 0.01224
RMS 0.01220
RMS 0.01217
RMS 0.01213
RMS 0.01210
RMS 0.01206
RMS 0.01203
RMS 0.01199
RMS 0.01196
RMS 0.01192
RMS 0.01189
RMS 0.01186
RMS 0.01182
RMS 0.01179
RMS 0.01176
RMS 0.01173
RMS 0.01169
RMS 0.01166
RMS 0.01163
RMS 0.01160
RMS 0.01156
RMS 0.01153
RMS 0.01150
RMS 0.01147
RMS 0.01144
RMS 0.01141
RMS 0.01138
RMS 0.01135
RMS 0.01132
RMS 0.01129
RMS 0.01126
RMS 0.01123
RMS 0.01120
RMS 0.01117
RMS 0.01114
RMS 0.01111
RMS 0.01108
RMS 0.01105
RMS 0.01103
RMS 0.01100
RMS 0.01097
RMS 0.01094
RMS 0.01091
RMS 0.01089
RMS 0.01086
RMS 0.01083
RMS 0.01080
RMS 0.01078
RMS 0.01075
RMS 0.01072
RMS 0.01070
RMS 0.01067
RMS 0.01064
RMS 0.01062
RMS 0.01059
RMS 0.01057
RMS 0.01054
RMS 0.01051
RMS 0.01049
RMS 0.01046
RMS 0.01044
RMS 0.01041
RMS 0.01039
RMS 0.01036
RMS 0.01034
RMS 0.01032
RMS 0.01029
RMS 0.01027
RMS 0.01024
RMS 0.01022
RMS 0.01020
RMS 0.01017
RMS 0.01015
RMS 0.01013
RMS 0.01010
RMS 0.01008
RMS 0.01006
RMS 0.01003
RMS 0.01001
RMS 0.00999
RMS 0.00997
RMS 0.00994
RMS 0.00992
RMS 0.00990
RMS 0.00988
RMS 0.00986
RMS 0.00983
RMS 0.00981
RMS 0.00979
RMS 0.00977
RMS 0.00975
RMS 0.00973
RMS 0.00971
RMS 0.00969
RMS 0.00967
RMS 0.00964
RMS 0.00962
RMS 0.00960
RMS 0.00958
RMS 0.00956
RMS 0.00954
RMS 0.00952
RMS 0.00950
RMS 0.00948
RMS 0.00946
RMS 0.00944
RMS 0.00943
RMS 0.00941
RMS 0.00939
RMS 0.00937
RMS 0.00935
RMS 0.00933
RMS 0.00931
RMS 0.00929
RMS 0.00927
RMS 0.00925
RMS 0.00924
RMS 0.00922
RMS 0.00920
RMS 0.00918
RMS 0.00916
RMS 0.00915
RMS 0.00913
RMS 0.00911
RMS 0.00909
RMS 0.00907
RMS 0.00906
RMS 0.00904
RMS 0.00902
RMS 0.00901
RMS 0.00899
RMS 0.00897
RMS 0.00895
RMS 0.00894
RMS 0.00892
RMS 0.00890
RMS 0.00889
RMS 0.00887
RMS 0.00885
RMS 0.00884
RMS 0.00882
RMS 0.00881
RMS 0.00879
RMS 0.00877
RMS 0.00876
RMS 0.00874
RMS 0.00873
RMS 0.00871
RMS 0.00869
RMS 0.00868
RMS 0.00866
RMS 0.00865
RMS 0.00863
RMS 0.00862
RMS 0.00860
RMS 0.00859
RMS 0.00857
RMS 0.00856
RMS 0.00854
RMS 0.00853
RMS 0.00851
RMS 0.00850
RMS 0.00848
RMS 0.00847
RMS 0.00846
RMS 0.00844
RMS 0.00843
RMS 0.00841
RMS 0.00840
RMS 0.00838
RMS 0.00837
RMS 0.00836
RMS 0.00834
RMS 0.00833
RMS 0.00831
RMS 0.00830
RMS 0.00829
RMS 0.00827
RMS 0.00826
RMS 0.00825
RMS 0.00823
RMS 0.00822
RMS 0.00821
RMS 0.00819
RMS 0.00818
RMS 0.00817
RMS 0.00816
RMS 0.00814
RMS 0.00813
RMS 0.00812
RMS 0.00810
RMS 0.00809
RMS 0.00808
RMS 0.00807
RMS 0.00805
RMS 0.00804
RMS 0.00803
RMS 0.00802
RMS 0.00801
RMS 0.00799
RMS 0.00798
RMS 0.00797
RMS 0.00796
RMS 0.00794
RMS 0.00793
RMS 0.00792
RMS 0.00791
RMS 0.00790
RMS 0.00789
RMS 0.00787
RMS 0.00786
RMS 0.00785
RMS 0.00784
RMS 0.00783
RMS 0.00782
RMS 0.00781
RMS 0.00779
RMS 0.00778
RMS 0.00777
RMS 0.00776
RMS 0.00775
RMS 0.00774
RMS 0.00773
RMS 0.00772
RMS 0.00771
RMS 0.00770
RMS 0.00769
RMS 0.00767
RMS 0.00766
RMS 0.00765
RMS 0.00764
RMS 0.00763
RMS 0.00762
RMS 0.00761
RMS 0.00760
RMS 0.00759
RMS 0.00758
RMS 0.00757
RMS 0.00756
RMS 0.00755
RMS 0.00754
RMS 0.00753
RMS 0.00752
RMS 0.00751
RMS 0.00750
RMS 0.00749
RMS 0.00748
RMS 0.00747
RMS 0.00746
RMS 0.00745
RMS 0.00744
RMS 0.00743
RMS 0.00742
RMS 0.00741
RMS 0.00741
RMS 0.00740
RMS 0.00739
RMS 0.00738
RMS 0.00737
RMS 0.00736
RMS 0.00735
RMS 0.00734
RMS 0.00733
RMS 0.00732
RMS 0.00731
RMS 0.00730
RMS 0.00730
RMS 0.00729
RMS 0.00728
RMS 0.00727
RMS 0.00726
RMS 0.00725
RMS 0.00724
RMS 0.00723
RMS 0.00723
RMS 0.00722
RMS 0.00721
RMS 0.00720
RMS 0.00719
RMS 0.00718
RMS 0.00717
RMS 0.00717
RMS 0.00716
RMS 0.00715
RMS 0.00714
RMS 0.00713
RMS 0.00712
RMS 0.00712
RMS 0.00711
RMS 0.00710
RMS 0.00709
RMS 0.00708
RMS 0.00708
RMS 0.00707
RMS 0.00706
RMS 0.00705
RMS 0.00705
RMS 0.00704
RMS 0.00703
RMS 0.00702
RMS 0.00701
RMS 0.00701
RMS 0.00700
RMS 0.00699
RMS 0.00698
RMS 0.00698
RMS 0.00697
RMS 0.00696
RMS 0.00695
RMS 0.00695
RMS 0.00694
RMS 0.00693
RMS 0.00692
RMS 0.00692
RMS 0.00691
RMS 0.00690
RMS 0.00690
RMS 0.00689
RMS 0.00688
RMS 0.00687
RMS 0.00687
RMS 0.00686
RMS 0.00685
RMS 0.00685
RMS 0.00684
RMS 0.00683
RMS 0.00683
RMS 0.00682
RMS 0.00681
RMS 0.00680
RMS 0.00680
RMS 0.00679
RMS 0.00678
RMS 0.00678
RMS 0.00677
RMS 0.00676
RMS 0.00676
RMS 0.00675
RMS 0.00674
RMS 0.00674
RMS 0.00673
RMS 0.00673
RMS 0.00672
RMS 0.00671
RMS 0.00671
RMS 0.00670
RMS 0.00669
RMS 0.00669
RMS 0.00668
RMS 0.00667
RMS 0.00667
RMS 0.00666
RMS 0.00666
RMS 0.00665
RMS 0.00664
RMS 0.00664
RMS 0.00663
RMS 0.00663
RMS 0.00662
RMS 0.00661
RMS 0.00661
RMS 0.00660
RMS 0.00660
RMS 0.00659
RMS 0.00658
RMS 0.00658
RMS 0.00657
RMS 0.00657
RMS 0.00656
RMS 0.00655
RMS 0.00655
RMS 0.00654
RMS 0.00654

##################TEST##################
Test : ACIERTOS = 4 100%
Test FALLOS = 0 0%
