-0.21 -0.17 -0.12 -0.08 -0.20 0.42 0.15 0.38 0.24 
0.45 -0.23 -0.23 0.08 0.38 0.47 -0.06 -0.45 -0.11 
0.25 -0.46 -0.11 -0.23 -0.43 0.50 -0.12 0.39 -0.03 
-0.15 0.45 -0.30 -0.20 -0.27 0.03 0.18 0.15 0.33 
0.11 -0.20 0.21 -0.16 -0.24 0.48 0.11 0.34 0.36 
0.08 -0.23 0.41 0.47 -0.48 0.45 -0.14 -0.21 -0.48 
-0.14 0.17 0.41 0.33 -0.47 0.35 -0.47 -0.17 -0.42 
0.07 -0.49 0.24 -0.10 0.12 -0.46 -0.39 0.47 -0.20 
-0.41 0.08 -0.37 0.45 -0.34 -0.09 0.36 -0.37 -0.07 
0.31 -0.01 0.22 0.33 0.36 -0.11 0.24 0.19 -0.08 
0.09 0.22 0.25 0.17 -0.21 0.26 -0.09 0.18 -0.12 -0.05 
0.29 -0.15 0.25 0.39 0.42 0.38 0.34 -0.42 -0.21 0.20 
-0.28 0.22 0.01 0.21 -0.06 -0.15 0.07 0.33 -0.42 -0.25 -0.25 0.17 

##################LEARN##################
RMS 1.36046
RMS 1.25515
RMS 1.24200
RMS 1.23734
RMS 1.23533
RMS 1.23446
RMS 1.34292
RMS 1.43431
RMS 1.42810
RMS 1.42702
RMS 1.42658
RMS 1.42630
RMS 1.42608
RMS 1.42591
RMS 1.42576
RMS 1.42563
RMS 1.42552
RMS 1.42542
RMS 1.42533
RMS 1.42526
RMS 1.42519
RMS 1.42513
RMS 1.42507
RMS 1.42502
RMS 1.42497
RMS 1.50347
RMS 1.47202
RMS 1.46522
RMS 1.45965
RMS 1.45326
RMS 1.44595
RMS 1.43810
RMS 1.43043
RMS 1.42358
RMS 1.41792
RMS 1.41342
RMS 1.40992
RMS 1.40718
RMS 1.40502
RMS 1.40327
RMS 1.40184
RMS 1.40064
RMS 1.39963
RMS 1.39876
RMS 1.39800
RMS 1.39734
RMS 1.39676
RMS 1.39624
RMS 1.39578
RMS 1.39536
RMS 1.39499
RMS 1.39465
RMS 1.39435
RMS 1.39407
RMS 1.39382
RMS 1.39358
RMS 1.39337
RMS 1.39317
RMS 1.39299
RMS 1.39283
RMS 1.39267
RMS 1.39253
RMS 1.39240
RMS 1.39227
RMS 1.39216
RMS 1.39205
RMS 1.39195
RMS 1.39185
RMS 1.39177
RMS 1.39168
RMS 1.39160
RMS 1.39153
RMS 1.39146
RMS 1.39139
RMS 1.39133
RMS 1.39127
RMS 1.39121
RMS 1.39116
RMS 1.39111
RMS 1.39106
RMS 1.39101
RMS 1.39097
RMS 1.39093
RMS 1.39089
RMS 1.39085
RMS 1.39082
RMS 1.39078
RMS 1.39075
RMS 1.39071
RMS 1.39068
RMS 1.39065
RMS 1.39063
RMS 1.39060
RMS 1.39057
RMS 1.39055
RMS 1.39052
RMS 1.39050
RMS 1.39048
RMS 1.39046
RMS 1.39044
RMS 1.39042
RMS 1.39040
RMS 1.39038
RMS 1.39036
RMS 1.39034
RMS 1.39033
RMS 1.39031
RMS 1.39029
RMS 1.39028
RMS 1.39026
RMS 1.39025
RMS 1.39023
RMS 1.39022
RMS 1.39021
RMS 1.39020
RMS 1.39018
RMS 1.39017
RMS 1.39016
RMS 1.39015
RMS 1.39014
RMS 1.39013
RMS 1.39012
RMS 1.39011
RMS 1.39010
RMS 1.39009
RMS 1.39008
RMS 1.39007
RMS 1.39006
RMS 1.39005
RMS 1.39004
RMS 1.39004
RMS 1.39003
RMS 1.39002
RMS 1.39001
RMS 1.39000
RMS 1.39000
RMS 1.38999
RMS 1.38998
RMS 1.38998
RMS 1.38997
RMS 1.38996
RMS 1.38996
RMS 1.38995
RMS 1.38995
RMS 1.38994
RMS 1.38993
RMS 1.38993
RMS 1.38992
RMS 1.38992
RMS 1.38991
RMS 1.38991
RMS 1.38990
RMS 1.38990
RMS 1.38989
RMS 1.38989
RMS 1.38988
RMS 1.38988
RMS 1.38988
RMS 1.38987
RMS 1.38987
RMS 1.38986
RMS 1.38986
RMS 1.38986
RMS 1.38985
RMS 1.38985
RMS 1.38984
RMS 1.38984
RMS 1.38984
RMS 1.38983
RMS 1.38983
RMS 1.38983
RMS 1.38982
RMS 1.38982
RMS 1.38982
RMS 1.38981
RMS 1.38981
RMS 1.38981
RMS 1.38980
RMS 1.38980
RMS 1.38980
RMS 1.38980
RMS 1.38979
RMS 1.38979
RMS 1.38979
RMS 1.38978
RMS 1.38978
RMS 1.38978
RMS 1.38978
RMS 1.38977
RMS 1.38977
RMS 1.38977
RMS 1.38977
RMS 1.38976
RMS 1.38976
RMS 1.38976
RMS 1.38976
RMS 1.38976
RMS 1.38975
RMS 1.38975
RMS 1.38975
RMS 1.38975
RMS 1.38975
RMS 1.38974
RMS 1.38974
RMS 1.38974
RMS 1.38974
RMS 1.38974
RMS 1.38973
RMS 1.38973
RMS 1.38973
RMS 1.38973
RMS 1.38973
RMS 1.38973
RMS 1.38972
RMS 1.38972
RMS 1.38972
RMS 1.38972
RMS 1.38972
RMS 1.38972
RMS 1.38971
RMS 1.38971
RMS 1.38971
RMS 1.38971
RMS 1.38971
RMS 1.38971
RMS 1.38971
RMS 1.38971
RMS 1.38970
RMS 1.38970
RMS 1.38970
RMS 1.38970
RMS 1.38970
RMS 1.38970
RMS 1.38970
RMS 1.38969
RMS 1.38969
RMS 1.38969
RMS 1.38969
RMS 1.38969
RMS 1.38969
RMS 1.38969
RMS 1.38968
RMS 1.38969
RMS 1.38968
RMS 1.38968
RMS 1.38968
RMS 1.38968
RMS 1.38968
RMS 1.38968
RMS 1.38968
RMS 1.38968
RMS 1.38968
RMS 1.38968
RMS 1.38967
RMS 1.38967
RMS 1.38967
RMS 1.38967
RMS 1.38967
RMS 1.38967
RMS 1.38967
RMS 1.38967
RMS 1.38967
RMS 1.38967
RMS 1.38966
RMS 1.38966
RMS 1.38966
RMS 1.38966
RMS 1.38966
RMS 1.38966
RMS 1.38966
RMS 1.38966
RMS 1.38966
RMS 1.38966
RMS 1.38966
RMS 1.38966
RMS 1.38965
RMS 1.38965
RMS 1.38965
RMS 1.38965
RMS 1.38965
RMS 1.38965
RMS 1.38965
RMS 1.38965
RMS 1.38965
RMS 1.38965
RMS 1.38965
RMS 1.38965
RMS 1.38965
RMS 1.38965
RMS 1.38965
RMS 1.38965
RMS 1.38964
RMS 1.38964
RMS 1.38964
RMS 1.38964
RMS 1.38964
RMS 1.38964
RMS 1.38964
RMS 1.38964
RMS 1.38964
RMS 1.38964
RMS 1.38964
RMS 1.38964
RMS 1.38964
RMS 1.38964
RMS 1.38964
RMS 1.38964
RMS 1.38963
RMS 1.38964
RMS 1.38963
RMS 1.38963
RMS 1.38963
RMS 1.38963
RMS 1.38963
RMS 1.38963
RMS 1.38963
RMS 1.38963
RMS 1.38963
RMS 1.38963
RMS 1.38963
RMS 1.38963
RMS 1.38963
RMS 1.38963
RMS 1.38963
RMS 1.38963
RMS 1.38963
RMS 1.38963
RMS 1.38963
RMS 1.38963
RMS 1.38963
RMS 1.38963
RMS 1.38963
RMS 1.38962
RMS 1.38962
RMS 1.38962
RMS 1.38962
RMS 1.38962
RMS 1.38962
RMS 1.38962
RMS 1.38962
RMS 1.38962
RMS 1.38962
RMS 1.38962
RMS 1.38962
RMS 1.38962
RMS 1.38962
RMS 1.38962
RMS 1.38962
RMS 1.38962
RMS 1.38962
RMS 1.38962
RMS 1.38962
RMS 1.38962
RMS 1.38962
RMS 1.38962
RMS 1.38962
RMS 1.38962
RMS 1.38962
RMS 1.38962
RMS 1.38962
RMS 1.38961
RMS 1.38961
RMS 1.38961
RMS 1.38961
RMS 1.38961
RMS 1.38961
RMS 1.38961
RMS 1.38961
RMS 1.38961
RMS 1.38961
RMS 1.38961
RMS 1.38961
RMS 1.38961
RMS 1.38961
RMS 1.38961
RMS 1.38961
RMS 1.38961
RMS 1.38961
RMS 1.38961
RMS 1.38961
RMS 1.38961
RMS 1.38961
RMS 1.38961
RMS 1.38961
RMS 1.38961
RMS 1.38961
RMS 1.38961
RMS 1.38961
RMS 1.38961
RMS 1.38961
RMS 1.38961
RMS 1.38961
RMS 1.38961
RMS 1.38961
RMS 1.38961
RMS 1.38961
RMS 1.38960
RMS 1.38960
RMS 1.38960
RMS 1.38960
RMS 1.38960
RMS 1.38960
RMS 1.38960
RMS 1.38960
RMS 1.38960
RMS 1.38960
RMS 1.38960
RMS 1.38960
RMS 1.38960
RMS 1.38960
RMS 1.38960
RMS 1.38960
RMS 1.38960
RMS 1.38960
RMS 1.38960
RMS 1.38960
RMS 1.38960
RMS 1.38960
RMS 1.38960
RMS 1.38960
RMS 1.38960
RMS 1.38960
RMS 1.38960
RMS 1.38960
RMS 1.38960
RMS 1.38960
RMS 1.38960
RMS 1.38960
RMS 1.38960
RMS 1.38960
RMS 1.38960
RMS 1.38960
RMS 1.38960
RMS 1.38960
RMS 1.38960
RMS 1.38960
RMS 1.38960
RMS 1.38960
RMS 1.38960
RMS 1.38960
RMS 1.38960
RMS 1.38960
RMS 1.38960
RMS 1.38960
RMS 1.38960
RMS 1.38960
RMS 1.38960
RMS 1.38960
RMS 1.38960
RMS 1.38960
RMS 1.38960
RMS 1.38960
RMS 1.38959
RMS 1.38960
RMS 1.38959
RMS 1.38960
RMS 1.38959
RMS 1.38959
RMS 1.38960
RMS 1.38959
RMS 1.38959
RMS 1.38959
RMS 1.38959
RMS 1.38959
RMS 1.38959
RMS 1.38959
RMS 1.38959
RMS 1.38959
RMS 1.38959
RMS 1.38959
RMS 1.38959
RMS 1.38959
RMS 1.38959
RMS 1.38959
RMS 1.38959
RMS 1.38959
RMS 1.38959
RMS 1.38959
RMS 1.38959
RMS 1.38959
RMS 1.38959
RMS 1.38959
RMS 1.38959
RMS 1.38959
RMS 1.38959
RMS 1.38959
RMS 1.38959
RMS 1.38959
RMS 1.38959
RMS 1.38959
RMS 1.38959
RMS 1.38959
RMS 1.38959
RMS 1.38959
RMS 1.38959
RMS 1.38959
RMS 1.38959
RMS 1.38959
RMS 1.38959
RMS 1.38959
RMS 1.38959
RMS 1.38959
RMS 1.38959
RMS 1.38959
RMS 1.38959
RMS 1.38959
RMS 1.38959
RMS 1.38959
RMS 1.38959
RMS 1.38959
RMS 1.38959
RMS 1.38959
RMS 1.38959
RMS 1.38959
RMS 1.38959
RMS 1.38959
RMS 1.38959
RMS 1.38959
RMS 1.38959
RMS 1.38959
RMS 1.38959
RMS 1.38959
RMS 1.38959
RMS 1.38959
RMS 1.38959
RMS 1.38959
RMS 1.38959
RMS 1.38959
RMS 1.38959
RMS 1.38959
RMS 1.38959
RMS 1.38959
RMS 1.38959
RMS 1.38959
RMS 1.38959
RMS 1.38959
RMS 1.38959
RMS 1.38959
RMS 1.38959
RMS 1.38959
RMS 1.38959
RMS 1.38959
RMS 1.38959
RMS 1.38959
RMS 1.38959
RMS 1.38959
RMS 1.38959
RMS 1.38959
RMS 1.38959
RMS 1.38959
RMS 1.38959
RMS 1.38959
RMS 1.38959
RMS 1.38959
RMS 1.38958
RMS 1.38958
RMS 1.38959
RMS 1.38959
RMS 1.38959
RMS 1.38958
RMS 1.38959
RMS 1.38959
RMS 1.38959
RMS 1.38959
RMS 1.38959
RMS 1.38959
RMS 1.38959
RMS 1.38959
RMS 1.38958
RMS 1.38958
RMS 1.38959
RMS 1.38958
RMS 1.38958
RMS 1.38958
RMS 1.38958
RMS 1.38958
RMS 1.38958
RMS 1.38958
RMS 1.38958
RMS 1.38958
RMS 1.38958
RMS 1.38958
RMS 1.38958
RMS 1.38958
RMS 1.38958
RMS 1.38958
RMS 1.38958
RMS 1.38958
RMS 1.38958
RMS 1.38958
RMS 1.38958
RMS 1.38958
RMS 1.38958
RMS 1.38958
RMS 1.38958
RMS 1.38958
RMS 1.38958
RMS 1.38958
RMS 1.38958
RMS 1.38958
RMS 1.38958
RMS 1.38958
RMS 1.38958
RMS 1.38958
RMS 1.38958
RMS 1.38958
RMS 1.38958
RMS 1.38958
RMS 1.38958
RMS 1.38958
RMS 1.38958
RMS 1.38958
RMS 1.38958
RMS 1.38958
RMS 1.38958
RMS 1.38958
RMS 1.38958
RMS 1.38958
RMS 1.38958
RMS 1.38958
RMS 1.38958
RMS 1.38958
RMS 1.38958
RMS 1.38958
RMS 1.38958
RMS 1.38958
RMS 1.38958
RMS 1.38958
RMS 1.38958
RMS 1.38958
RMS 1.38958
RMS 1.38958
RMS 1.38958
RMS 1.38958
RMS 1.38958
RMS 1.38958
RMS 1.38958
RMS 1.38958
RMS 1.38958
RMS 1.38958
RMS 1.38958
RMS 1.38958
RMS 1.38958
RMS 1.38958
RMS 1.38958
RMS 1.38958
RMS 1.38958
RMS 1.38958
RMS 1.38958
RMS 1.38958
RMS 1.38958
RMS 1.38958
RMS 1.38958
RMS 1.38958
RMS 1.38958
RMS 1.38958
RMS 1.38958
RMS 1.38958
RMS 1.38958
RMS 1.38958
RMS 1.38958
RMS 1.38958
RMS 1.38958
RMS 1.38958
RMS 1.38958
RMS 1.38958
RMS 1.38958
RMS 1.38958
RMS 1.38958
RMS 1.38958
RMS 1.38958
RMS 1.38958
RMS 1.38958
RMS 1.38958
RMS 1.38958
RMS 1.38958
RMS 1.38958
RMS 1.38958
RMS 1.38958
RMS 1.38958
RMS 1.38958
RMS 1.38958
RMS 1.38958
RMS 1.38958
RMS 1.38958
RMS 1.38958
RMS 1.38958
RMS 1.38958
RMS 1.38958
RMS 1.38958
RMS 1.38958
RMS 1.38958
RMS 1.38958
RMS 1.38958
RMS 1.38958
RMS 1.38958
RMS 1.38958
RMS 1.38958
RMS 1.38958
RMS 1.38958
RMS 1.38958
RMS 1.38958
RMS 1.38958
RMS 1.38958
RMS 1.38958
RMS 1.38958
RMS 1.38958
RMS 1.38958
RMS 1.38958
RMS 1.38958
RMS 1.38958
RMS 1.38958
RMS 1.38958
RMS 1.38958
RMS 1.38958
RMS 1.38958
RMS 1.38958
RMS 1.38958
RMS 1.38958
RMS 1.38958
RMS 1.38958
RMS 1.38958
RMS 1.38958
RMS 1.38958
RMS 1.38958
RMS 1.38958
RMS 1.38958
RMS 1.38958
RMS 1.38958
RMS 1.38958
RMS 1.38958
RMS 1.38958
RMS 1.38958
RMS 1.38958
RMS 1.38958
RMS 1.38958
RMS 1.38958
RMS 1.38958
RMS 1.38958
RMS 1.38958
RMS 1.38958
RMS 1.38958
RMS 1.38958
RMS 1.38958
RMS 1.38958
RMS 1.38958
RMS 1.38958
RMS 1.38958
RMS 1.38958
RMS 1.38958
RMS 1.38958
RMS 1.38958
RMS 1.38958
RMS 1.38958
RMS 1.38958
RMS 1.38958
RMS 1.38958
RMS 1.38958
RMS 1.38958
RMS 1.38958
RMS 1.38958
RMS 1.38958
RMS 1.38958
RMS 1.38958
RMS 1.38958
RMS 1.38958
RMS 1.38958
RMS 1.38958
RMS 1.38958
RMS 1.38958
RMS 1.38958
RMS 1.38958
RMS 1.38958
RMS 1.38958
RMS 1.38958
RMS 1.38958
RMS 1.38958
RMS 1.38958
RMS 1.38958
RMS 1.38958
RMS 1.38958
RMS 1.38958
RMS 1.38958
RMS 1.38958
RMS 1.38958
RMS 1.38958
RMS 1.38958
RMS 1.38958
RMS 1.38958
RMS 1.38958
RMS 1.38958
RMS 1.38958
RMS 1.38958
RMS 1.38958
RMS 1.38958
RMS 1.38958
RMS 1.38958
RMS 1.38958
RMS 1.38958
RMS 1.38958
RMS 1.38958
RMS 1.38958
RMS 1.38958
RMS 1.38958
RMS 1.38958
RMS 1.38958
RMS 1.38958
RMS 1.38958
RMS 1.38958
RMS 1.38958
RMS 1.38958
RMS 1.38958
RMS 1.38958
RMS 1.38958
RMS 1.38958
RMS 1.38958
RMS 1.38958
RMS 1.38958
RMS 1.38958
RMS 1.38958
RMS 1.38958
RMS 1.38958
RMS 1.38958
RMS 1.38958
RMS 1.38958
RMS 1.38958
RMS 1.38958
RMS 1.38958
RMS 1.38958
RMS 1.38958
RMS 1.38958
RMS 1.38958
RMS 1.38958
RMS 1.38958
RMS 1.38958
RMS 1.38958
RMS 1.38958
RMS 1.38958
RMS 1.38958
RMS 1.38958
RMS 1.38958
RMS 1.38958
RMS 1.38958
RMS 1.38958
RMS 1.38958
RMS 1.38958
RMS 1.38958
RMS 1.38958
RMS 1.38958
RMS 1.38958
RMS 1.38958
RMS 1.38958
RMS 1.38958
RMS 1.38958
RMS 1.38958
RMS 1.38958
RMS 1.38958
RMS 1.38958
RMS 1.38958
RMS 1.38958
RMS 1.38958
RMS 1.38958
RMS 1.38958
RMS 1.38958
RMS 1.38958
RMS 1.38958
RMS 1.38958
RMS 1.38958
RMS 1.38958
RMS 1.38958
RMS 1.38958
RMS 1.38958
RMS 1.38958
RMS 1.38958
RMS 1.38958
RMS 1.38958
RMS 1.38958
RMS 1.38958
RMS 1.38958
RMS 1.38958
RMS 1.38958
RMS 1.38958
RMS 1.38958
RMS 1.38957
RMS 1.38957
RMS 1.38957
RMS 1.38957
RMS 1.38957
RMS 1.38957
RMS 1.38957
RMS 1.38957
RMS 1.38957
RMS 1.38957
RMS 1.38957
RMS 1.38957
RMS 1.38957
RMS 1.38957
RMS 1.38957
RMS 1.38957
RMS 1.38957
RMS 1.38957
RMS 1.38957
RMS 1.38957
RMS 1.38957
RMS 1.38957
RMS 1.38957
RMS 1.38957
RMS 1.38957
RMS 1.38957
RMS 1.38957
RMS 1.38957
RMS 1.38957
RMS 1.38957
RMS 1.38957
RMS 1.38957
RMS 1.38957
RMS 1.38957
RMS 1.38957
RMS 1.38957
RMS 1.38957
RMS 1.38957
RMS 1.38957
RMS 1.38957
RMS 1.38957
RMS 1.38957
RMS 1.38957
RMS 1.38957
RMS 1.38957
RMS 1.38957
RMS 1.38957
RMS 1.38957
RMS 1.38957
RMS 1.38957
RMS 1.38957
RMS 1.38957
RMS 1.38957
RMS 1.38957
RMS 1.38958
RMS 1.38957
RMS 1.38957
RMS 1.38957
RMS 1.38957
RMS 1.38957
RMS 1.38957
RMS 1.38957
RMS 1.38957
RMS 1.38957
RMS 1.38957
RMS 1.38957
RMS 1.38957
RMS 1.38957
RMS 1.38957
RMS 1.38957
RMS 1.38957
RMS 1.38957
RMS 1.38957
RMS 1.38957
RMS 1.38957
RMS 1.38957
RMS 1.38957
RMS 1.38957
RMS 1.38957
RMS 1.38957
RMS 1.38957
RMS 1.38957
RMS 1.38957
RMS 1.38957
RMS 1.38957
RMS 1.38957
RMS 1.38957
RMS 1.38957
RMS 1.38957
RMS 1.38957
RMS 1.38957
RMS 1.38957
RMS 1.38957
RMS 1.38957
RMS 1.38957
RMS 1.38957
RMS 1.38957
RMS 1.38957
RMS 1.38957
RMS 1.38957
RMS 1.38957
RMS 1.38957
RMS 1.38957
RMS 1.38957
RMS 1.38957
RMS 1.38957
RMS 1.38957
RMS 1.38957
RMS 1.38957
RMS 1.38957
RMS 1.38957
RMS 1.38957
RMS 1.38957
RMS 1.38957
RMS 1.38957
RMS 1.38957
RMS 1.38958

##################TEST##################
Test : ACIERTOS = 318 65%
Test FALLOS = 172 35%
