-0.19 -0.07 0.37 -0.38 0.40 0.45 0.33 -0.00 0.17 
-0.21 0.29 0.19 -0.44 0.08 -0.34 0.41 -0.45 -0.12 
-0.12 -0.08 0.43 -0.10 0.07 -0.05 -0.30 0.34 -0.31 
0.28 -0.03 0.39 -0.39 0.28 -0.18 0.48 0.39 -0.28 
0.43 0.23 0.22 0.10 -0.49 0.01 -0.21 -0.43 -0.41 
-0.05 0.49 -0.36 0.33 -0.13 0.06 0.25 0.27 -0.37 
-0.29 0.46 0.47 -0.11 0.24 -0.06 -0.22 0.35 -0.28 
0.11 0.32 -0.39 0.33 0.26 0.33 0.05 -0.14 0.35 
-0.44 0.14 0.42 -0.34 -0.41 0.41 -0.20 0.42 -0.22 
0.36 0.17 -0.46 0.50 0.38 -0.49 0.47 -0.23 0.25 
-0.09 0.06 0.10 0.12 -0.34 -0.08 0.23 0.49 -0.32 
0.07 0.05 0.03 -0.08 0.11 -0.32 -0.16 0.27 -0.23 
-0.25 -0.43 -0.31 0.03 0.43 0.36 0.07 0.43 0.24 0.08 0.40 -0.48 
-0.17 -0.20 0.07 0.42 0.43 0.24 -0.15 0.16 0.23 0.02 -0.27 -0.22 
-0.45 0.14 0.39 -0.27 0.48 0.16 -0.00 -0.27 0.23 0.19 0.25 0.16 0.05 -0.17 

##################LEARN##################
RMS 1.25778
RMS 0.53898
RMS 0.31830
RMS 0.26882
RMS 0.25135
RMS 0.24269
RMS 0.23736
RMS 0.23357
RMS 0.23062
RMS 0.22818
RMS 0.22609
RMS 0.22425
RMS 0.22262
RMS 0.22115
RMS 0.21981
RMS 0.21860
RMS 0.21749
RMS 0.21647
RMS 0.21554
RMS 0.21468
RMS 0.21388
RMS 0.21315
RMS 0.21247
RMS 0.21184
RMS 0.21125
RMS 0.21070
RMS 0.21019
RMS 0.20971
RMS 0.20925
RMS 0.20882
RMS 0.20842
RMS 0.20804
RMS 0.20768
RMS 0.20733
RMS 0.20700
RMS 0.20669
RMS 0.20639
RMS 0.20610
RMS 0.20582
RMS 0.20556
RMS 0.20530
RMS 0.20505
RMS 0.20481
RMS 0.20458
RMS 0.20435
RMS 0.20413
RMS 0.20392
RMS 0.20371
RMS 0.20351
RMS 0.20332
RMS 0.20312
RMS 0.20294
RMS 0.20275
RMS 0.20257
RMS 0.20240
RMS 0.20222
RMS 0.20205
RMS 0.20189
RMS 0.20172
RMS 0.20156
RMS 0.20140
RMS 0.20125
RMS 0.20109
RMS 0.20094
RMS 0.20079
RMS 0.20065
RMS 0.20050
RMS 0.20036
RMS 0.20022
RMS 0.20008
RMS 0.19994
RMS 0.19980
RMS 0.19967
RMS 0.19953
RMS 0.19940
RMS 0.19927
RMS 0.19914
RMS 0.19901
RMS 0.19889
RMS 0.19876
RMS 0.19863
RMS 0.19851
RMS 0.19839
RMS 0.19827
RMS 0.19814
RMS 0.19802
RMS 0.19791
RMS 0.19779
RMS 0.19767
RMS 0.19755
RMS 0.19744
RMS 0.19732
RMS 0.19721
RMS 0.19710
RMS 0.19698
RMS 0.19687
RMS 0.19676
RMS 0.19665
RMS 0.19654
RMS 0.19643
RMS 0.19632
RMS 0.19621
RMS 0.19611
RMS 0.19600
RMS 0.19589
RMS 0.19579
RMS 0.19568
RMS 0.19558
RMS 0.19548
RMS 0.19537
RMS 0.19527
RMS 0.19517
RMS 0.19507
RMS 0.19497
RMS 0.19486
RMS 0.19476
RMS 0.19466
RMS 0.19457
RMS 0.19447
RMS 0.19437
RMS 0.19427
RMS 0.19417
RMS 0.19408
RMS 0.19398
RMS 0.19388
RMS 0.19379
RMS 0.19369
RMS 0.19360
RMS 0.19350
RMS 0.19341
RMS 0.19332
RMS 0.19322
RMS 0.19313
RMS 0.19304
RMS 0.19295
RMS 0.19286
RMS 0.19276
RMS 0.19267
RMS 0.19258
RMS 0.19249
RMS 0.19240
RMS 0.19232
RMS 0.19223
RMS 0.19214
RMS 0.19205
RMS 0.19196
RMS 0.19188
RMS 0.19179
RMS 0.19170
RMS 0.19162
RMS 0.19153
RMS 0.19145
RMS 0.19136
RMS 0.19128
RMS 0.19119
RMS 0.19111
RMS 0.19103
RMS 0.19094
RMS 0.19086
RMS 0.19078
RMS 0.19070
RMS 0.19062
RMS 0.19054
RMS 0.19046
RMS 0.19038
RMS 0.19030
RMS 0.19022
RMS 0.19014
RMS 0.19006
RMS 0.18998
RMS 0.18990
RMS 0.18982
RMS 0.18975
RMS 0.18967
RMS 0.18959
RMS 0.18952
RMS 0.18944
RMS 0.18937
RMS 0.18929
RMS 0.18922
RMS 0.18914
RMS 0.18907
RMS 0.18900
RMS 0.18892
RMS 0.18885
RMS 0.18878
RMS 0.18870
RMS 0.18863
RMS 0.18856
RMS 0.18849
RMS 0.18842
RMS 0.18835
RMS 0.18828
RMS 0.18821
RMS 0.18814
RMS 0.18807
RMS 0.18800
RMS 0.18793
RMS 0.18787
RMS 0.18780
RMS 0.18773
RMS 0.18767
RMS 0.18760
RMS 0.18753
RMS 0.18747
RMS 0.18740
RMS 0.18734
RMS 0.18727
RMS 0.18721
RMS 0.18714
RMS 0.18708
RMS 0.18702
RMS 0.18695
RMS 0.18689
RMS 0.18683
RMS 0.18677
RMS 0.18670
RMS 0.18664
RMS 0.18658
RMS 0.18652
RMS 0.18646
RMS 0.18640
RMS 0.18634
RMS 0.18628
RMS 0.18622
RMS 0.18616
RMS 0.18611
RMS 0.18605
RMS 0.18599
RMS 0.18593
RMS 0.18588
RMS 0.18582
RMS 0.18576
RMS 0.18571
RMS 0.18565
RMS 0.18559
RMS 0.18554
RMS 0.18548
RMS 0.18543
RMS 0.18538
RMS 0.18532
RMS 0.18527
RMS 0.18521
RMS 0.18516
RMS 0.18511
RMS 0.18506
RMS 0.18500
RMS 0.18495
RMS 0.18490
RMS 0.18485
RMS 0.18480
RMS 0.18475
RMS 0.18470
RMS 0.18464
RMS 0.18459
RMS 0.18454
RMS 0.18449
RMS 0.18445
RMS 0.18440
RMS 0.18435
RMS 0.18430
RMS 0.18425
RMS 0.18420
RMS 0.18416
RMS 0.18411
RMS 0.18406
RMS 0.18401
RMS 0.18397
RMS 0.18392
RMS 0.18387
RMS 0.18383
RMS 0.18378
RMS 0.18374
RMS 0.18369
RMS 0.18365
RMS 0.18360
RMS 0.18356
RMS 0.18351
RMS 0.18347
RMS 0.18342
RMS 0.18338
RMS 0.18334
RMS 0.18329
RMS 0.18325
RMS 0.18321
RMS 0.18316
RMS 0.18312
RMS 0.18308
RMS 0.18304
RMS 0.18299
RMS 0.18295
RMS 0.18291
RMS 0.18287
RMS 0.18283
RMS 0.18279
RMS 0.18275
RMS 0.18271
RMS 0.18267
RMS 0.18263
RMS 0.18259
RMS 0.18255
RMS 0.18251
RMS 0.18247
RMS 0.18243
RMS 0.18239
RMS 0.18235
RMS 0.18231
RMS 0.18227
RMS 0.18223
RMS 0.18220
RMS 0.18216
RMS 0.18212
RMS 0.18208
RMS 0.18204
RMS 0.18201
RMS 0.18197
RMS 0.18193
RMS 0.18190
RMS 0.18186
RMS 0.18182
RMS 0.18179
RMS 0.18175
RMS 0.18171
RMS 0.18168
RMS 0.18164
RMS 0.18161
RMS 0.18157
RMS 0.18153
RMS 0.18150
RMS 0.18146
RMS 0.18143
RMS 0.18139
RMS 0.18136
RMS 0.18132
RMS 0.18129
RMS 0.18126
RMS 0.18122
RMS 0.18119
RMS 0.18115
RMS 0.18112
RMS 0.18109
RMS 0.18105
RMS 0.18102
RMS 0.18099
RMS 0.18095
RMS 0.18092
RMS 0.18089
RMS 0.18085
RMS 0.18082
RMS 0.18079
RMS 0.18075
RMS 0.18072
RMS 0.18069
RMS 0.18066
RMS 0.18063
RMS 0.18059
RMS 0.18056
RMS 0.18053
RMS 0.18050
RMS 0.18047
RMS 0.18043
RMS 0.18040
RMS 0.18037
RMS 0.18034
RMS 0.18031
RMS 0.18028
RMS 0.18025
RMS 0.18022
RMS 0.18019
RMS 0.18016
RMS 0.18012
RMS 0.18009
RMS 0.18006
RMS 0.18003
RMS 0.18000
RMS 0.17997
RMS 0.17994
RMS 0.17991
RMS 0.17988
RMS 0.17985
RMS 0.17982
RMS 0.17979
RMS 0.17976
RMS 0.17974
RMS 0.17971
RMS 0.17968
RMS 0.17965
RMS 0.17962
RMS 0.17959
RMS 0.17956
RMS 0.17953
RMS 0.17950
RMS 0.17947
RMS 0.17944
RMS 0.17942
RMS 0.17939
RMS 0.17936
RMS 0.17933
RMS 0.17930
RMS 0.17927
RMS 0.17924
RMS 0.17922
RMS 0.17919
RMS 0.17916
RMS 0.17913
RMS 0.17910
RMS 0.17908
RMS 0.17905
RMS 0.17902
RMS 0.17899
RMS 0.17897
RMS 0.17894
RMS 0.17891
RMS 0.17888
RMS 0.17886
RMS 0.17883
RMS 0.17880
RMS 0.17877
RMS 0.17875
RMS 0.17872
RMS 0.17869
RMS 0.17866
RMS 0.17864
RMS 0.17861
RMS 0.17858
RMS 0.17856
RMS 0.17853
RMS 0.17850
RMS 0.17848
RMS 0.17845
RMS 0.17842
RMS 0.17840
RMS 0.17837
RMS 0.17834
RMS 0.17832
RMS 0.17829
RMS 0.17826
RMS 0.17824
RMS 0.17821
RMS 0.17818
RMS 0.17816
RMS 0.17813
RMS 0.17811
RMS 0.17808
RMS 0.17805
RMS 0.17803
RMS 0.17800
RMS 0.17798
RMS 0.17795
RMS 0.17792
RMS 0.17790
RMS 0.17787
RMS 0.17785
RMS 0.17782
RMS 0.17779
RMS 0.17777
RMS 0.17774
RMS 0.17772
RMS 0.17769
RMS 0.17767
RMS 0.17764
RMS 0.17761
RMS 0.17759
RMS 0.17756
RMS 0.17754
RMS 0.17751
RMS 0.17749
RMS 0.17746
RMS 0.17744
RMS 0.17741
RMS 0.17738
RMS 0.17736
RMS 0.17733
RMS 0.17731
RMS 0.17728
RMS 0.17726
RMS 0.17723
RMS 0.17721
RMS 0.17718
RMS 0.17716
RMS 0.17713
RMS 0.17711
RMS 0.17708
RMS 0.17706
RMS 0.17703
RMS 0.17700
RMS 0.17698
RMS 0.17695
RMS 0.17693
RMS 0.17690
RMS 0.17688
RMS 0.17685
RMS 0.17683
RMS 0.17680
RMS 0.17678
RMS 0.17675
RMS 0.17673
RMS 0.17670
RMS 0.17668
RMS 0.17665
RMS 0.17663
RMS 0.17660
RMS 0.17658
RMS 0.17655
RMS 0.17653
RMS 0.17650
RMS 0.17648
RMS 0.17645
RMS 0.17643
RMS 0.17640
RMS 0.17638
RMS 0.17635
RMS 0.17633
RMS 0.17630
RMS 0.17628
RMS 0.17625
RMS 0.17623
RMS 0.17620
RMS 0.17618
RMS 0.17615
RMS 0.17613
RMS 0.17610
RMS 0.17607
RMS 0.17605
RMS 0.17602
RMS 0.17600
RMS 0.17597
RMS 0.17595
RMS 0.17592
RMS 0.17590
RMS 0.17587
RMS 0.17585
RMS 0.17582
RMS 0.17580
RMS 0.17577
RMS 0.17575
RMS 0.17572
RMS 0.17570
RMS 0.17567
RMS 0.17564
RMS 0.17562
RMS 0.17559
RMS 0.17557
RMS 0.17554
RMS 0.17552
RMS 0.17549
RMS 0.17547
RMS 0.17544
RMS 0.17541
RMS 0.17539
RMS 0.17536
RMS 0.17534
RMS 0.17531
RMS 0.17529
RMS 0.17526
RMS 0.17523
RMS 0.17521
RMS 0.17518
RMS 0.17516
RMS 0.17513
RMS 0.17510
RMS 0.17508
RMS 0.17505
RMS 0.17503
RMS 0.17500
RMS 0.17497
RMS 0.17495
RMS 0.17492
RMS 0.17490
RMS 0.17487
RMS 0.17484
RMS 0.17482
RMS 0.17479
RMS 0.17476
RMS 0.17474
RMS 0.17471
RMS 0.17468
RMS 0.17466
RMS 0.17463
RMS 0.17460
RMS 0.17458
RMS 0.17455
RMS 0.17452
RMS 0.17450
RMS 0.17447
RMS 0.17444
RMS 0.17441
RMS 0.17439
RMS 0.17436
RMS 0.17433
RMS 0.17431
RMS 0.17428
RMS 0.17425
RMS 0.17422
RMS 0.17420
RMS 0.17417
RMS 0.17414
RMS 0.17411
RMS 0.17409
RMS 0.17406
RMS 0.17403
RMS 0.17400
RMS 0.17397
RMS 0.17395
RMS 0.17392
RMS 0.17389
RMS 0.17386
RMS 0.17383
RMS 0.17380
RMS 0.17378
RMS 0.17375
RMS 0.17372
RMS 0.17369
RMS 0.17366
RMS 0.17363
RMS 0.17360
RMS 0.17357
RMS 0.17354
RMS 0.17352
RMS 0.17349
RMS 0.17346
RMS 0.17343
RMS 0.17340
RMS 0.17337
RMS 0.17334
RMS 0.17331
RMS 0.17328
RMS 0.17325
RMS 0.17322
RMS 0.17319
RMS 0.17316
RMS 0.17313
RMS 0.17310
RMS 0.17307
RMS 0.17304
RMS 0.17301
RMS 0.17297
RMS 0.17294
RMS 0.17291
RMS 0.17288
RMS 0.17285
RMS 0.17282
RMS 0.17279
RMS 0.17276
RMS 0.17272
RMS 0.17269
RMS 0.17266
RMS 0.17263
RMS 0.17260
RMS 0.17256
RMS 0.17253
RMS 0.17250
RMS 0.17247
RMS 0.17243
RMS 0.17240
RMS 0.17237
RMS 0.17234
RMS 0.17230
RMS 0.17227
RMS 0.17224
RMS 0.17220
RMS 0.17217
RMS 0.17214
RMS 0.17210
RMS 0.17207
RMS 0.17203
RMS 0.17200
RMS 0.17196
RMS 0.17193
RMS 0.17190
RMS 0.17186
RMS 0.17183
RMS 0.17179
RMS 0.17176
RMS 0.17172
RMS 0.17168
RMS 0.17165
RMS 0.17161
RMS 0.17158
RMS 0.17154
RMS 0.17151
RMS 0.17147
RMS 0.17143
RMS 0.17140
RMS 0.17136
RMS 0.17132
RMS 0.17129
RMS 0.17125
RMS 0.17121
RMS 0.17117
RMS 0.17114
RMS 0.17110
RMS 0.17106
RMS 0.17102
RMS 0.17098
RMS 0.17094
RMS 0.17091
RMS 0.17087
RMS 0.17083
RMS 0.17079
RMS 0.17075
RMS 0.17071
RMS 0.17067
RMS 0.17063
RMS 0.17059
RMS 0.17055
RMS 0.17051
RMS 0.17047
RMS 0.17043
RMS 0.17039
RMS 0.17034
RMS 0.17030
RMS 0.17026
RMS 0.17022
RMS 0.17018
RMS 0.17013
RMS 0.17009
RMS 0.17005
RMS 0.17001
RMS 0.16996
RMS 0.16992
RMS 0.16988
RMS 0.16983
RMS 0.16979
RMS 0.16974
RMS 0.16970
RMS 0.16966
RMS 0.16961
RMS 0.16957
RMS 0.16952
RMS 0.16948
RMS 0.16943
RMS 0.16938
RMS 0.16934
RMS 0.16929
RMS 0.16924
RMS 0.16920
RMS 0.16915
RMS 0.16910
RMS 0.16906
RMS 0.16901
RMS 0.16896
RMS 0.16891
RMS 0.16886
RMS 0.16881
RMS 0.16876
RMS 0.16871
RMS 0.16867
RMS 0.16862
RMS 0.16857
RMS 0.16851
RMS 0.16846
RMS 0.16841
RMS 0.16836
RMS 0.16831
RMS 0.16826
RMS 0.16821
RMS 0.16815
RMS 0.16810
RMS 0.16805
RMS 0.16799
RMS 0.16794
RMS 0.16789
RMS 0.16783
RMS 0.16778
RMS 0.16772
RMS 0.16767
RMS 0.16761
RMS 0.16756
RMS 0.16750
RMS 0.16745
RMS 0.16739
RMS 0.16733
RMS 0.16727
RMS 0.16722
RMS 0.16716
RMS 0.16710
RMS 0.16704
RMS 0.16698
RMS 0.16692
RMS 0.16686
RMS 0.16680
RMS 0.16674
RMS 0.16668
RMS 0.16662
RMS 0.16656
RMS 0.16650
RMS 0.16644
RMS 0.16637
RMS 0.16631
RMS 0.16625
RMS 0.16618
RMS 0.16612
RMS 0.16606
RMS 0.16599
RMS 0.16593
RMS 0.16586
RMS 0.16579
RMS 0.16573
RMS 0.16566
RMS 0.16559
RMS 0.16553
RMS 0.16546
RMS 0.16539
RMS 0.16532
RMS 0.16525
RMS 0.16518
RMS 0.16511
RMS 0.16504
RMS 0.16497
RMS 0.16490
RMS 0.16483
RMS 0.16475
RMS 0.16468
RMS 0.16461
RMS 0.16453
RMS 0.16446
RMS 0.16438
RMS 0.16431
RMS 0.16423
RMS 0.16416
RMS 0.16408
RMS 0.16400
RMS 0.16393
RMS 0.16385
RMS 0.16377
RMS 0.16369
RMS 0.16361
RMS 0.16353
RMS 0.16345
RMS 0.16337
RMS 0.16329
RMS 0.16321
RMS 0.16312
RMS 0.16304
RMS 0.16296
RMS 0.16287
RMS 0.16279
RMS 0.16270
RMS 0.16262
RMS 0.16253
RMS 0.16244
RMS 0.16235
RMS 0.16227
RMS 0.16218
RMS 0.16209
RMS 0.16200
RMS 0.16191
RMS 0.16182
RMS 0.16173
RMS 0.16163
RMS 0.16154
RMS 0.16145
RMS 0.16135
RMS 0.16126
RMS 0.16116
RMS 0.16107
RMS 0.16097
RMS 0.16088
RMS 0.16078
RMS 0.16068
RMS 0.16058
RMS 0.16048
RMS 0.16038
RMS 0.16028
RMS 0.16018
RMS 0.16008
RMS 0.15998
RMS 0.15987
RMS 0.15977
RMS 0.15967
RMS 0.15956
RMS 0.15945
RMS 0.15935
RMS 0.15924
RMS 0.15913
RMS 0.15903
RMS 0.15892
RMS 0.15881
RMS 0.15870
RMS 0.15859
RMS 0.15848
RMS 0.15836
RMS 0.15825
RMS 0.15814
RMS 0.15802
RMS 0.15791
RMS 0.15779
RMS 0.15768
RMS 0.15756
RMS 0.15744
RMS 0.15733
RMS 0.15721
RMS 0.15709
RMS 0.15697
RMS 0.15685
RMS 0.15673
RMS 0.15661
RMS 0.15649
RMS 0.15636
RMS 0.15624
RMS 0.15612
RMS 0.15599
RMS 0.15587
RMS 0.15574
RMS 0.15561
RMS 0.15549
RMS 0.15536
RMS 0.15523
RMS 0.15510
RMS 0.15497
RMS 0.15484
RMS 0.15471
RMS 0.15458
RMS 0.15445
RMS 0.15432
RMS 0.15419
RMS 0.15405
RMS 0.15392
RMS 0.15379
RMS 0.15365
RMS 0.15352
RMS 0.15338
RMS 0.15324
RMS 0.15311
RMS 0.15297
RMS 0.15283
RMS 0.15270
RMS 0.15256
RMS 0.15242
RMS 0.15228
RMS 0.15214
RMS 0.15200
RMS 0.15186
RMS 0.15172
RMS 0.15158
RMS 0.15144
RMS 0.15129
RMS 0.15115
RMS 0.15101
RMS 0.15087
RMS 0.15072
RMS 0.15058
RMS 0.15044
RMS 0.15029
RMS 0.15015
RMS 0.15000
RMS 0.14986
RMS 0.14971
RMS 0.14957
RMS 0.14942
RMS 0.14928
RMS 0.14913
RMS 0.14899
RMS 0.14884
RMS 0.14870
RMS 0.14855
RMS 0.14841
RMS 0.14826
RMS 0.14811
RMS 0.14797
RMS 0.14782
RMS 0.14767
RMS 0.14753
RMS 0.14738
RMS 0.14724
RMS 0.14709
RMS 0.14694
RMS 0.14680
RMS 0.14665
RMS 0.14651
RMS 0.14636
RMS 0.14622
RMS 0.14607
RMS 0.14592
RMS 0.14578
RMS 0.14563
RMS 0.14549
RMS 0.14535
RMS 0.14520
RMS 0.14506
RMS 0.14491
RMS 0.14477
RMS 0.14463
RMS 0.14448
RMS 0.14434
RMS 0.14420
RMS 0.14406
RMS 0.14392
RMS 0.14377
RMS 0.14363
RMS 0.14349
RMS 0.14335
RMS 0.14321
RMS 0.14307
RMS 0.14293
RMS 0.14279
RMS 0.14266
RMS 0.14252
RMS 0.14238

##################TEST##################
Test : ACIERTOS = 478 98%
Test FALLOS = 12 2%
