-0.40 -0.06 
-0.02 -0.48 
-0.49 0.44 
0.06 0.03 
-0.18 -0.14 
-0.30 0.35 
0.11 0.23 
0.48 -0.49 
0.02 -0.22 
0.39 -0.50 
0.24 -0.06 
-0.26 -0.10 0.21 0.48 -0.39 -0.44 -0.13 0.20 -0.33 -0.04 -0.37 
0.16 -0.02 -0.36 0.10 -0.47 0.18 0.42 -0.11 0.38 0.28 -0.50 
0.10 0.26 -0.49 -0.38 -0.47 0.40 -0.38 0.28 -0.16 -0.14 -0.32 -0.45 -0.16 

##################LEARN##################
RMS 1.47553
RMS 1.44016
RMS 1.40923
RMS 1.38213
RMS 1.35829
RMS 1.33723
RMS 1.31853
RMS 1.30182
RMS 1.28679
RMS 1.27319
RMS 1.26078
RMS 1.24938
RMS 1.23883
RMS 1.22900
RMS 1.21976
RMS 1.21103
RMS 1.20271
RMS 1.19474
RMS 1.18705
RMS 1.17960
RMS 1.17233
RMS 1.16522
RMS 1.15821
RMS 1.15129
RMS 1.14442
RMS 1.13760
RMS 1.13078
RMS 1.12397
RMS 1.11714
RMS 1.11027
RMS 1.10337
RMS 1.09641
RMS 1.08939
RMS 1.08230
RMS 1.07513
RMS 1.06788
RMS 1.06055
RMS 1.05312
RMS 1.04559
RMS 1.03797
RMS 1.03025
RMS 1.02243
RMS 1.01451
RMS 1.00649
RMS 0.99837
RMS 0.99016
RMS 0.98184
RMS 0.97344
RMS 0.96494
RMS 0.95636
RMS 0.94770
RMS 0.93896
RMS 0.93014
RMS 0.92126
RMS 0.91232
RMS 0.90333
RMS 0.89428
RMS 0.88519
RMS 0.87607
RMS 0.86691
RMS 0.85773
RMS 0.84854
RMS 0.83933
RMS 0.83012
RMS 0.82091
RMS 0.81171
RMS 0.80252
RMS 0.79335
RMS 0.78421
RMS 0.77510
RMS 0.76602
RMS 0.75698
RMS 0.74798
RMS 0.73903
RMS 0.73014
RMS 0.72129
RMS 0.71251
RMS 0.70378
RMS 0.69512
RMS 0.68652
RMS 0.67800
RMS 0.66954
RMS 0.66115
RMS 0.65284
RMS 0.64460
RMS 0.63644
RMS 0.62835
RMS 0.62035
RMS 0.61242
RMS 0.60456
RMS 0.59679
RMS 0.58910
RMS 0.58149
RMS 0.57396
RMS 0.56651
RMS 0.55914
RMS 0.55185
RMS 0.54464
RMS 0.53751
RMS 0.53046
RMS 0.52349
RMS 0.51660
RMS 0.50979
RMS 0.50305
RMS 0.49640
RMS 0.48982
RMS 0.48332
RMS 0.47690
RMS 0.47055
RMS 0.46428
RMS 0.45808
RMS 0.45196
RMS 0.44591
RMS 0.43994
RMS 0.43404
RMS 0.42821
RMS 0.42246
RMS 0.41677
RMS 0.41116
RMS 0.40561
RMS 0.40014
RMS 0.39474
RMS 0.38940
RMS 0.38413
RMS 0.37893
RMS 0.37380
RMS 0.36874
RMS 0.36373
RMS 0.35880
RMS 0.35393
RMS 0.34912
RMS 0.34438
RMS 0.33970
RMS 0.33508
RMS 0.33053
RMS 0.32603
RMS 0.32160
RMS 0.31723
RMS 0.31291
RMS 0.30866
RMS 0.30446
RMS 0.30033
RMS 0.29625
RMS 0.29222
RMS 0.28825
RMS 0.28434
RMS 0.28049
RMS 0.27668
RMS 0.27294
RMS 0.26924
RMS 0.26560
RMS 0.26201
RMS 0.25847
RMS 0.25499
RMS 0.25155
RMS 0.24817
RMS 0.24483
RMS 0.24154
RMS 0.23830
RMS 0.23511
RMS 0.23197
RMS 0.22887
RMS 0.22581
RMS 0.22281
RMS 0.21985
RMS 0.21693
RMS 0.21405
RMS 0.21122
RMS 0.20843
RMS 0.20569
RMS 0.20298
RMS 0.20032
RMS 0.19770
RMS 0.19511
RMS 0.19257
RMS 0.19006
RMS 0.18759
RMS 0.18516
RMS 0.18277
RMS 0.18041
RMS 0.17809
RMS 0.17581
RMS 0.17356
RMS 0.17134
RMS 0.16916
RMS 0.16701
RMS 0.16490
RMS 0.16281
RMS 0.16076
RMS 0.15875
RMS 0.15676
RMS 0.15480
RMS 0.15287
RMS 0.15097
RMS 0.14911
RMS 0.14727
RMS 0.14545
RMS 0.14367
RMS 0.14191
RMS 0.14018
RMS 0.13848
RMS 0.13680
RMS 0.13515
RMS 0.13352
RMS 0.13192
RMS 0.13035
RMS 0.12879
RMS 0.12726
RMS 0.12576
RMS 0.12427
RMS 0.12281
RMS 0.12138
RMS 0.11996
RMS 0.11856
RMS 0.11719
RMS 0.11584
RMS 0.11450
RMS 0.11319
RMS 0.11190
RMS 0.11062
RMS 0.10937
RMS 0.10813
RMS 0.10691
RMS 0.10571
RMS 0.10453
RMS 0.10337
RMS 0.10222
RMS 0.10109
RMS 0.09998
RMS 0.09888
RMS 0.09780
RMS 0.09674
RMS 0.09569
RMS 0.09465
RMS 0.09363
RMS 0.09263
RMS 0.09164
RMS 0.09067
RMS 0.08970
RMS 0.08876
RMS 0.08782
RMS 0.08690
RMS 0.08600
RMS 0.08510
RMS 0.08422
RMS 0.08335
RMS 0.08250
RMS 0.08165
RMS 0.08082
RMS 0.08000
RMS 0.07919
RMS 0.07839
RMS 0.07760
RMS 0.07683
RMS 0.07606
RMS 0.07531
RMS 0.07457
RMS 0.07383
RMS 0.07311
RMS 0.07240
RMS 0.07169
RMS 0.07100
RMS 0.07031
RMS 0.06964
RMS 0.06897
RMS 0.06831
RMS 0.06767
RMS 0.06703
RMS 0.06639
RMS 0.06577
RMS 0.06516
RMS 0.06455
RMS 0.06395
RMS 0.06336
RMS 0.06278
RMS 0.06221
RMS 0.06164
RMS 0.06108
RMS 0.06053
RMS 0.05998
RMS 0.05944
RMS 0.05891
RMS 0.05839
RMS 0.05787
RMS 0.05736
RMS 0.05685
RMS 0.05636
RMS 0.05586
RMS 0.05538
RMS 0.05490
RMS 0.05443
RMS 0.05396
RMS 0.05350
RMS 0.05304
RMS 0.05259
RMS 0.05215
RMS 0.05171
RMS 0.05127
RMS 0.05085
RMS 0.05042
RMS 0.05001
RMS 0.04959
RMS 0.04919
RMS 0.04878
RMS 0.04838
RMS 0.04799
RMS 0.04760
RMS 0.04722
RMS 0.04684
RMS 0.04647
RMS 0.04610
RMS 0.04573
RMS 0.04537
RMS 0.04501
RMS 0.04466
RMS 0.04431
RMS 0.04397
RMS 0.04363
RMS 0.04329
RMS 0.04296
RMS 0.04263
RMS 0.04230
RMS 0.04198
RMS 0.04167
RMS 0.04135
RMS 0.04104
RMS 0.04073
RMS 0.04043
RMS 0.04013
RMS 0.03983
RMS 0.03954
RMS 0.03925
RMS 0.03896
RMS 0.03868
RMS 0.03840
RMS 0.03812
RMS 0.03785
RMS 0.03758
RMS 0.03731
RMS 0.03705
RMS 0.03678
RMS 0.03652
RMS 0.03627
RMS 0.03601
RMS 0.03576
RMS 0.03551
RMS 0.03527
RMS 0.03503
RMS 0.03479
RMS 0.03455
RMS 0.03431
RMS 0.03408
RMS 0.03385
RMS 0.03362
RMS 0.03340
RMS 0.03317
RMS 0.03295
RMS 0.03273
RMS 0.03252
RMS 0.03230
RMS 0.03209
RMS 0.03188
RMS 0.03167
RMS 0.03147
RMS 0.03127
RMS 0.03107
RMS 0.03087
RMS 0.03067
RMS 0.03047
RMS 0.03028
RMS 0.03009
RMS 0.02990
RMS 0.02971
RMS 0.02953
RMS 0.02935
RMS 0.02916
RMS 0.02898
RMS 0.02881
RMS 0.02863
RMS 0.02845
RMS 0.02828
RMS 0.02811
RMS 0.02794
RMS 0.02777
RMS 0.02761
RMS 0.02744
RMS 0.02728
RMS 0.02712
RMS 0.02696
RMS 0.02680
RMS 0.02664
RMS 0.02649
RMS 0.02633
RMS 0.02618
RMS 0.02603
RMS 0.02588
RMS 0.02573
RMS 0.02559
RMS 0.02544
RMS 0.02530
RMS 0.02515
RMS 0.02501
RMS 0.02487
RMS 0.02473
RMS 0.02460
RMS 0.02446
RMS 0.02433
RMS 0.02419
RMS 0.02406
RMS 0.02393
RMS 0.02380
RMS 0.02367
RMS 0.02354
RMS 0.02342
RMS 0.02329
RMS 0.02317
RMS 0.02304
RMS 0.02292
RMS 0.02280
RMS 0.02268
RMS 0.02256
RMS 0.02244
RMS 0.02233
RMS 0.02221
RMS 0.02210
RMS 0.02198
RMS 0.02187
RMS 0.02176
RMS 0.02165
RMS 0.02154
RMS 0.02143
RMS 0.02132
RMS 0.02122
RMS 0.02111
RMS 0.02100
RMS 0.02090
RMS 0.02080
RMS 0.02069
RMS 0.02059
RMS 0.02049
RMS 0.02039
RMS 0.02029
RMS 0.02020
RMS 0.02010
RMS 0.02000
RMS 0.01991
RMS 0.01981
RMS 0.01972
RMS 0.01962
RMS 0.01953
RMS 0.01944
RMS 0.01935
RMS 0.01926
RMS 0.01917
RMS 0.01908
RMS 0.01899
RMS 0.01891
RMS 0.01882
RMS 0.01873
RMS 0.01865
RMS 0.01856
RMS 0.01848
RMS 0.01840
RMS 0.01831
RMS 0.01823
RMS 0.01815
RMS 0.01807
RMS 0.01799
RMS 0.01791
RMS 0.01783
RMS 0.01776
RMS 0.01768
RMS 0.01760
RMS 0.01753
RMS 0.01745
RMS 0.01738
RMS 0.01730
RMS 0.01723
RMS 0.01715
RMS 0.01708
RMS 0.01701
RMS 0.01694
RMS 0.01687
RMS 0.01680
RMS 0.01673
RMS 0.01666
RMS 0.01659
RMS 0.01652
RMS 0.01645
RMS 0.01639
RMS 0.01632
RMS 0.01625
RMS 0.01619
RMS 0.01612
RMS 0.01606
RMS 0.01599
RMS 0.01593
RMS 0.01587
RMS 0.01581
RMS 0.01574
RMS 0.01568
RMS 0.01562
RMS 0.01556
RMS 0.01550
RMS 0.01544
RMS 0.01538
RMS 0.01532
RMS 0.01526
RMS 0.01520
RMS 0.01515
RMS 0.01509
RMS 0.01503
RMS 0.01497
RMS 0.01492
RMS 0.01486
RMS 0.01481
RMS 0.01475
RMS 0.01470
RMS 0.01464
RMS 0.01459
RMS 0.01454
RMS 0.01448
RMS 0.01443
RMS 0.01438
RMS 0.01433
RMS 0.01428
RMS 0.01422
RMS 0.01417
RMS 0.01412
RMS 0.01407
RMS 0.01402
RMS 0.01397
RMS 0.01393
RMS 0.01388
RMS 0.01383
RMS 0.01378
RMS 0.01373
RMS 0.01369
RMS 0.01364
RMS 0.01359
RMS 0.01355
RMS 0.01350
RMS 0.01345
RMS 0.01341
RMS 0.01336
RMS 0.01332
RMS 0.01328
RMS 0.01323
RMS 0.01319
RMS 0.01314
RMS 0.01310
RMS 0.01306
RMS 0.01302
RMS 0.01297
RMS 0.01293
RMS 0.01289
RMS 0.01285
RMS 0.01281
RMS 0.01277
RMS 0.01272
RMS 0.01268
RMS 0.01264
RMS 0.01260
RMS 0.01256
RMS 0.01253
RMS 0.01249
RMS 0.01245
RMS 0.01241
RMS 0.01237
RMS 0.01233
RMS 0.01229
RMS 0.01226
RMS 0.01222
RMS 0.01218
RMS 0.01215
RMS 0.01211
RMS 0.01207
RMS 0.01204
RMS 0.01200
RMS 0.01197
RMS 0.01193
RMS 0.01190
RMS 0.01186
RMS 0.01183
RMS 0.01179
RMS 0.01176
RMS 0.01172
RMS 0.01169
RMS 0.01166
RMS 0.01162
RMS 0.01159
RMS 0.01156
RMS 0.01152
RMS 0.01149
RMS 0.01146
RMS 0.01143
RMS 0.01139
RMS 0.01136
RMS 0.01133
RMS 0.01130
RMS 0.01127
RMS 0.01124
RMS 0.01121
RMS 0.01118
RMS 0.01115
RMS 0.01111
RMS 0.01108
RMS 0.01106
RMS 0.01103
RMS 0.01100
RMS 0.01097
RMS 0.01094
RMS 0.01091
RMS 0.01088
RMS 0.01085
RMS 0.01082
RMS 0.01079
RMS 0.01077
RMS 0.01074
RMS 0.01071
RMS 0.01068
RMS 0.01066
RMS 0.01063
RMS 0.01060
RMS 0.01057
RMS 0.01055
RMS 0.01052
RMS 0.01050
RMS 0.01047
RMS 0.01044
RMS 0.01042
RMS 0.01039
RMS 0.01037
RMS 0.01034
RMS 0.01031
RMS 0.01029
RMS 0.01026
RMS 0.01024
RMS 0.01021
RMS 0.01019
RMS 0.01017
RMS 0.01014
RMS 0.01012
RMS 0.01009
RMS 0.01007
RMS 0.01005
RMS 0.01002
RMS 0.01000
RMS 0.00998
RMS 0.00995
RMS 0.00993
RMS 0.00991
RMS 0.00988
RMS 0.00986
RMS 0.00984
RMS 0.00982
RMS 0.00979
RMS 0.00977
RMS 0.00975
RMS 0.00973
RMS 0.00971
RMS 0.00968
RMS 0.00966
RMS 0.00964
RMS 0.00962
RMS 0.00960
RMS 0.00958
RMS 0.00956
RMS 0.00954
RMS 0.00952
RMS 0.00950
RMS 0.00947
RMS 0.00945
RMS 0.00943
RMS 0.00941
RMS 0.00939
RMS 0.00937
RMS 0.00935
RMS 0.00933
RMS 0.00932
RMS 0.00930
RMS 0.00928
RMS 0.00926
RMS 0.00924
RMS 0.00922
RMS 0.00920
RMS 0.00918
RMS 0.00916
RMS 0.00914
RMS 0.00913
RMS 0.00911
RMS 0.00909
RMS 0.00907
RMS 0.00905
RMS 0.00903
RMS 0.00902
RMS 0.00900
RMS 0.00898
RMS 0.00896
RMS 0.00895
RMS 0.00893
RMS 0.00891
RMS 0.00889
RMS 0.00888
RMS 0.00886
RMS 0.00884
RMS 0.00883
RMS 0.00881
RMS 0.00879
RMS 0.00878
RMS 0.00876
RMS 0.00874
RMS 0.00873
RMS 0.00871
RMS 0.00869
RMS 0.00868
RMS 0.00866
RMS 0.00865
RMS 0.00863
RMS 0.00862
RMS 0.00860
RMS 0.00858
RMS 0.00857
RMS 0.00855
RMS 0.00854
RMS 0.00852
RMS 0.00851
RMS 0.00849
RMS 0.00848
RMS 0.00846
RMS 0.00845
RMS 0.00843
RMS 0.00842
RMS 0.00840
RMS 0.00839
RMS 0.00837
RMS 0.00836
RMS 0.00835
RMS 0.00833
RMS 0.00832
RMS 0.00830
RMS 0.00829
RMS 0.00828
RMS 0.00826
RMS 0.00825
RMS 0.00823
RMS 0.00822
RMS 0.00821
RMS 0.00819
RMS 0.00818
RMS 0.00817
RMS 0.00815
RMS 0.00814
RMS 0.00813
RMS 0.00811
RMS 0.00810
RMS 0.00809
RMS 0.00807
RMS 0.00806
RMS 0.00805
RMS 0.00804
RMS 0.00802
RMS 0.00801
RMS 0.00800
RMS 0.00799
RMS 0.00797
RMS 0.00796
RMS 0.00795
RMS 0.00794
RMS 0.00792
RMS 0.00791
RMS 0.00790
RMS 0.00789
RMS 0.00788
RMS 0.00786
RMS 0.00785
RMS 0.00784
RMS 0.00783
RMS 0.00782
RMS 0.00781
RMS 0.00779
RMS 0.00778
RMS 0.00777
RMS 0.00776
RMS 0.00775
RMS 0.00774
RMS 0.00773
RMS 0.00772
RMS 0.00770
RMS 0.00769
RMS 0.00768
RMS 0.00767
RMS 0.00766
RMS 0.00765
RMS 0.00764
RMS 0.00763
RMS 0.00762
RMS 0.00761
RMS 0.00760
RMS 0.00759
RMS 0.00758
RMS 0.00757
RMS 0.00755
RMS 0.00754
RMS 0.00753
RMS 0.00752
RMS 0.00751
RMS 0.00750
RMS 0.00749
RMS 0.00748
RMS 0.00747
RMS 0.00746
RMS 0.00745
RMS 0.00744
RMS 0.00743
RMS 0.00742
RMS 0.00741
RMS 0.00741
RMS 0.00740
RMS 0.00739
RMS 0.00738
RMS 0.00737
RMS 0.00736
RMS 0.00735
RMS 0.00734
RMS 0.00733
RMS 0.00732
RMS 0.00731
RMS 0.00730
RMS 0.00729
RMS 0.00728
RMS 0.00728
RMS 0.00727
RMS 0.00726
RMS 0.00725
RMS 0.00724
RMS 0.00723
RMS 0.00722
RMS 0.00721
RMS 0.00720
RMS 0.00720
RMS 0.00719
RMS 0.00718
RMS 0.00717
RMS 0.00716
RMS 0.00715
RMS 0.00714
RMS 0.00714
RMS 0.00713
RMS 0.00712
RMS 0.00711
RMS 0.00710
RMS 0.00709
RMS 0.00709
RMS 0.00708
RMS 0.00707
RMS 0.00706
RMS 0.00705
RMS 0.00705
RMS 0.00704
RMS 0.00703
RMS 0.00702
RMS 0.00702
RMS 0.00701
RMS 0.00700
RMS 0.00699
RMS 0.00698
RMS 0.00698
RMS 0.00697
RMS 0.00696
RMS 0.00695
RMS 0.00695
RMS 0.00694
RMS 0.00693
RMS 0.00692
RMS 0.00692
RMS 0.00691
RMS 0.00690
RMS 0.00689
RMS 0.00689
RMS 0.00688
RMS 0.00687
RMS 0.00687
RMS 0.00686
RMS 0.00685
RMS 0.00684
RMS 0.00684
RMS 0.00683
RMS 0.00682
RMS 0.00682
RMS 0.00681
RMS 0.00680
RMS 0.00680
RMS 0.00679
RMS 0.00678
RMS 0.00678
RMS 0.00677
RMS 0.00676
RMS 0.00676
RMS 0.00675
RMS 0.00674
RMS 0.00674
RMS 0.00673
RMS 0.00672
RMS 0.00672
RMS 0.00671
RMS 0.00670
RMS 0.00670
RMS 0.00669
RMS 0.00668
RMS 0.00668
RMS 0.00667
RMS 0.00667
RMS 0.00666
RMS 0.00665
RMS 0.00665
RMS 0.00664
RMS 0.00663
RMS 0.00663
RMS 0.00662
RMS 0.00662
RMS 0.00661
RMS 0.00660
RMS 0.00660
RMS 0.00659
RMS 0.00659
RMS 0.00658
RMS 0.00657
RMS 0.00657
RMS 0.00656
RMS 0.00656
RMS 0.00655
RMS 0.00655
RMS 0.00654
RMS 0.00653
RMS 0.00653
RMS 0.00652
RMS 0.00652
RMS 0.00651
RMS 0.00651
RMS 0.00650
RMS 0.00649
RMS 0.00649
RMS 0.00648
RMS 0.00648
RMS 0.00647
RMS 0.00647
RMS 0.00646
RMS 0.00646
RMS 0.00645
RMS 0.00645
RMS 0.00644
RMS 0.00643
RMS 0.00643
RMS 0.00642
RMS 0.00642
RMS 0.00641
RMS 0.00641
RMS 0.00640
RMS 0.00640
RMS 0.00639
RMS 0.00639
RMS 0.00638
RMS 0.00638
RMS 0.00637
RMS 0.00637
RMS 0.00636
RMS 0.00636
RMS 0.00635
RMS 0.00635
RMS 0.00634
RMS 0.00634
RMS 0.00633
RMS 0.00633
RMS 0.00632
RMS 0.00632
RMS 0.00631
RMS 0.00631
RMS 0.00630
RMS 0.00630
RMS 0.00630
RMS 0.00629
RMS 0.00629
RMS 0.00628
RMS 0.00628
RMS 0.00627
RMS 0.00627
RMS 0.00626
RMS 0.00626
RMS 0.00625
RMS 0.00625
RMS 0.00624
RMS 0.00624
RMS 0.00624
RMS 0.00623
RMS 0.00623
RMS 0.00622
RMS 0.00622
RMS 0.00621
RMS 0.00621

##################TEST##################
Test : ACIERTOS = 4 100%
Test FALLOS = 0 0%
