-0.19 -0.11 -0.38 0.37 0.16 0.17 -0.34 0.46 0.23 
0.45 0.01 -0.20 -0.35 0.00 -0.17 0.24 -0.39 -0.36 
-0.48 0.18 0.02 -0.44 -0.14 0.50 0.42 -0.23 -0.15 
0.21 -0.35 0.31 -0.40 -0.05 -0.29 -0.28 -0.17 0.36 
0.39 -0.02 0.32 0.11 -0.07 -0.16 0.42 0.08 0.34 
-0.26 -0.18 0.44 -0.12 -0.16 0.12 0.40 -0.10 0.48 
0.39 -0.18 -0.25 -0.26 -0.47 -0.10 -0.45 -0.37 0.35 
-0.24 -0.15 -0.32 -0.38 -0.27 0.16 0.45 0.35 -0.41 
-0.21 0.26 0.18 -0.38 -0.49 0.50 -0.43 -0.11 -0.16 
0.19 -0.22 0.24 0.17 -0.33 -0.44 0.43 -0.09 -0.41 
-0.17 -0.03 -0.28 -0.32 0.23 0.07 -0.14 0.35 0.30 
-0.48 0.30 0.15 -0.39 -0.41 -0.09 0.29 -0.29 -0.08 0.28 -0.22 
0.30 -0.38 0.47 -0.42 0.36 0.14 -0.24 0.43 0.07 0.17 -0.48 
0.40 -0.36 -0.26 -0.43 0.37 0.30 -0.07 0.22 0.10 -0.05 0.02 -0.25 0.07 

##################LEARN##################
RMS 1.21144
RMS 0.52161
RMS 0.26078
RMS 0.18784
RMS 0.15993
RMS 0.14582
RMS 0.13728
RMS 0.13147
RMS 0.12723
RMS 0.12398
RMS 0.12140
RMS 0.11932
RMS 0.11761
RMS 0.11618
RMS 0.11498
RMS 0.11396
RMS 0.11309
RMS 0.11234
RMS 0.11169
RMS 0.11112
RMS 0.11062
RMS 0.11018
RMS 0.10978
RMS 0.10943
RMS 0.10911
RMS 0.10883
RMS 0.10857
RMS 0.10833
RMS 0.10812
RMS 0.10792
RMS 0.10773
RMS 0.10756
RMS 0.10740
RMS 0.10725
RMS 0.10711
RMS 0.10697
RMS 0.10685
RMS 0.10673
RMS 0.10662
RMS 0.10651
RMS 0.10640
RMS 0.10631
RMS 0.10621
RMS 0.10612
RMS 0.10603
RMS 0.10595
RMS 0.10586
RMS 0.10579
RMS 0.10571
RMS 0.10563
RMS 0.10556
RMS 0.10549
RMS 0.10542
RMS 0.10535
RMS 0.10529
RMS 0.10523
RMS 0.10516
RMS 0.10510
RMS 0.10504
RMS 0.10498
RMS 0.10493
RMS 0.10487
RMS 0.10481
RMS 0.10476
RMS 0.10471
RMS 0.10465
RMS 0.10460
RMS 0.10455
RMS 0.10450
RMS 0.10445
RMS 0.10440
RMS 0.10435
RMS 0.10431
RMS 0.10426
RMS 0.10421
RMS 0.10417
RMS 0.10412
RMS 0.10408
RMS 0.10404
RMS 0.10399
RMS 0.10395
RMS 0.10391
RMS 0.10386
RMS 0.10382
RMS 0.10378
RMS 0.10374
RMS 0.10370
RMS 0.10366
RMS 0.10362
RMS 0.10358
RMS 0.10354
RMS 0.10350
RMS 0.10346
RMS 0.10343
RMS 0.10339
RMS 0.10335
RMS 0.10331
RMS 0.10328
RMS 0.10324
RMS 0.10320
RMS 0.10317
RMS 0.10313
RMS 0.10309
RMS 0.10306
RMS 0.10302
RMS 0.10299
RMS 0.10295
RMS 0.10292
RMS 0.10288
RMS 0.10285
RMS 0.10281
RMS 0.10278
RMS 0.10274
RMS 0.10271
RMS 0.10268
RMS 0.10264
RMS 0.10261
RMS 0.10258
RMS 0.10254
RMS 0.10251
RMS 0.10248
RMS 0.10244
RMS 0.10241
RMS 0.10238
RMS 0.10234
RMS 0.10231
RMS 0.10228
RMS 0.10225
RMS 0.10222
RMS 0.10218
RMS 0.10215
RMS 0.10212
RMS 0.10209
RMS 0.10205
RMS 0.10202
RMS 0.10199
RMS 0.10196
RMS 0.10193
RMS 0.10190
RMS 0.10186
RMS 0.10183
RMS 0.10180
RMS 0.10177
RMS 0.10174
RMS 0.10171
RMS 0.10167
RMS 0.10164
RMS 0.10161
RMS 0.10158
RMS 0.10155
RMS 0.10152
RMS 0.10149
RMS 0.10145
RMS 0.10142
RMS 0.10139
RMS 0.10136
RMS 0.10133
RMS 0.10130
RMS 0.10127
RMS 0.10123
RMS 0.10120
RMS 0.10117
RMS 0.10114
RMS 0.10111
RMS 0.10108
RMS 0.10105
RMS 0.10101
RMS 0.10098
RMS 0.10095
RMS 0.10092
RMS 0.10089
RMS 0.10086
RMS 0.10082
RMS 0.10079
RMS 0.10076
RMS 0.10073
RMS 0.10070
RMS 0.10066
RMS 0.10063
RMS 0.10060
RMS 0.10057
RMS 0.10054
RMS 0.10050
RMS 0.10047
RMS 0.10044
RMS 0.10040
RMS 0.10037
RMS 0.10034
RMS 0.10031
RMS 0.10027
RMS 0.10024
RMS 0.10021
RMS 0.10017
RMS 0.10014
RMS 0.10011
RMS 0.10007
RMS 0.10004
RMS 0.10001
RMS 0.09997
RMS 0.09994
RMS 0.09990
RMS 0.09987
RMS 0.09984
RMS 0.09980
RMS 0.09977
RMS 0.09973
RMS 0.09970
RMS 0.09966
RMS 0.09963
RMS 0.09959
RMS 0.09956
RMS 0.09952
RMS 0.09949
RMS 0.09945
RMS 0.09941
RMS 0.09938
RMS 0.09934
RMS 0.09931
RMS 0.09927
RMS 0.09923
RMS 0.09920
RMS 0.09916
RMS 0.09912
RMS 0.09908
RMS 0.09905
RMS 0.09901
RMS 0.09897
RMS 0.09893
RMS 0.09890
RMS 0.09886
RMS 0.09882
RMS 0.09878
RMS 0.09874
RMS 0.09870
RMS 0.09866
RMS 0.09862
RMS 0.09858
RMS 0.09854
RMS 0.09850
RMS 0.09846
RMS 0.09842
RMS 0.09838
RMS 0.09834
RMS 0.09830
RMS 0.09826
RMS 0.09822
RMS 0.09818
RMS 0.09814
RMS 0.09810
RMS 0.09805
RMS 0.09801
RMS 0.09797
RMS 0.09793
RMS 0.09788
RMS 0.09784
RMS 0.09780
RMS 0.09776
RMS 0.09771
RMS 0.09767
RMS 0.09762
RMS 0.09758
RMS 0.09754
RMS 0.09749
RMS 0.09745
RMS 0.09740
RMS 0.09736
RMS 0.09731
RMS 0.09727
RMS 0.09722
RMS 0.09717
RMS 0.09713
RMS 0.09708
RMS 0.09704
RMS 0.09699
RMS 0.09694
RMS 0.09689
RMS 0.09685
RMS 0.09680
RMS 0.09675
RMS 0.09670
RMS 0.09666
RMS 0.09661
RMS 0.09656
RMS 0.09651
RMS 0.09646
RMS 0.09641
RMS 0.09636
RMS 0.09631
RMS 0.09626
RMS 0.09621
RMS 0.09616
RMS 0.09611
RMS 0.09606
RMS 0.09601
RMS 0.09596
RMS 0.09591
RMS 0.09586
RMS 0.09581
RMS 0.09576
RMS 0.09571
RMS 0.09565
RMS 0.09560
RMS 0.09555
RMS 0.09550
RMS 0.09544
RMS 0.09539
RMS 0.09534
RMS 0.09529
RMS 0.09523
RMS 0.09518
RMS 0.09512
RMS 0.09507
RMS 0.09502
RMS 0.09496
RMS 0.09491
RMS 0.09485
RMS 0.09480
RMS 0.09474
RMS 0.09469
RMS 0.09463
RMS 0.09458
RMS 0.09452
RMS 0.09447
RMS 0.09441
RMS 0.09436
RMS 0.09430
RMS 0.09424
RMS 0.09419
RMS 0.09413
RMS 0.09407
RMS 0.09402
RMS 0.09396
RMS 0.09390
RMS 0.09385
RMS 0.09379
RMS 0.09373
RMS 0.09367
RMS 0.09362
RMS 0.09356
RMS 0.09350
RMS 0.09344
RMS 0.09338
RMS 0.09333
RMS 0.09327
RMS 0.09321
RMS 0.09315
RMS 0.09309
RMS 0.09303
RMS 0.09297
RMS 0.09291
RMS 0.09285
RMS 0.09279
RMS 0.09273
RMS 0.09267
RMS 0.09261
RMS 0.09255
RMS 0.09249
RMS 0.09243
RMS 0.09237
RMS 0.09231
RMS 0.09225
RMS 0.09219
RMS 0.09213
RMS 0.09207
RMS 0.09201
RMS 0.09195
RMS 0.09189
RMS 0.09182
RMS 0.09176
RMS 0.09170
RMS 0.09164
RMS 0.09158
RMS 0.09152
RMS 0.09145
RMS 0.09139
RMS 0.09133
RMS 0.09127
RMS 0.09120
RMS 0.09114
RMS 0.09108
RMS 0.09102
RMS 0.09095
RMS 0.09089
RMS 0.09083
RMS 0.09076
RMS 0.09070
RMS 0.09064
RMS 0.09057
RMS 0.09051
RMS 0.09045
RMS 0.09038
RMS 0.09032
RMS 0.09025
RMS 0.09019
RMS 0.09013
RMS 0.09006
RMS 0.09000
RMS 0.08993
RMS 0.08987
RMS 0.08980
RMS 0.08974
RMS 0.08967
RMS 0.08961
RMS 0.08954
RMS 0.08948
RMS 0.08941
RMS 0.08935
RMS 0.08928
RMS 0.08922
RMS 0.08915
RMS 0.08908
RMS 0.08902
RMS 0.08895
RMS 0.08889
RMS 0.08882
RMS 0.08875
RMS 0.08869
RMS 0.08862
RMS 0.08855
RMS 0.08849
RMS 0.08842
RMS 0.08835
RMS 0.08828
RMS 0.08822
RMS 0.08815
RMS 0.08808
RMS 0.08801
RMS 0.08795
RMS 0.08788
RMS 0.08781
RMS 0.08774
RMS 0.08767
RMS 0.08761
RMS 0.08754
RMS 0.08747
RMS 0.08740
RMS 0.08733
RMS 0.08726
RMS 0.08719
RMS 0.08712
RMS 0.08705
RMS 0.08699
RMS 0.08692
RMS 0.08685
RMS 0.08678
RMS 0.08671
RMS 0.08664
RMS 0.08657
RMS 0.08650
RMS 0.08643
RMS 0.08636
RMS 0.08629
RMS 0.08622
RMS 0.08614
RMS 0.08607
RMS 0.08600
RMS 0.08593
RMS 0.08586
RMS 0.08579
RMS 0.08572
RMS 0.08565
RMS 0.08557
RMS 0.08550
RMS 0.08543
RMS 0.08536
RMS 0.08529
RMS 0.08521
RMS 0.08514
RMS 0.08507
RMS 0.08500
RMS 0.08492
RMS 0.08485
RMS 0.08478
RMS 0.08471
RMS 0.08463
RMS 0.08456
RMS 0.08449
RMS 0.08441
RMS 0.08434
RMS 0.08426
RMS 0.08419
RMS 0.08412
RMS 0.08404
RMS 0.08397
RMS 0.08389
RMS 0.08382
RMS 0.08374
RMS 0.08367
RMS 0.08360
RMS 0.08352
RMS 0.08345
RMS 0.08337
RMS 0.08329
RMS 0.08322
RMS 0.08314
RMS 0.08307
RMS 0.08299
RMS 0.08292
RMS 0.08284
RMS 0.08276
RMS 0.08269
RMS 0.08261
RMS 0.08254
RMS 0.08246
RMS 0.08238
RMS 0.08231
RMS 0.08223
RMS 0.08215
RMS 0.08208
RMS 0.08200
RMS 0.08192
RMS 0.08184
RMS 0.08177
RMS 0.08169
RMS 0.08161
RMS 0.08153
RMS 0.08146
RMS 0.08138
RMS 0.08130
RMS 0.08122
RMS 0.08114
RMS 0.08107
RMS 0.08099
RMS 0.08091
RMS 0.08083
RMS 0.08075
RMS 0.08067
RMS 0.08059
RMS 0.08051
RMS 0.08044
RMS 0.08036
RMS 0.08028
RMS 0.08020
RMS 0.08012
RMS 0.08004
RMS 0.07996
RMS 0.07988
RMS 0.07980
RMS 0.07972
RMS 0.07964
RMS 0.07956
RMS 0.07948
RMS 0.07940
RMS 0.07932
RMS 0.07924
RMS 0.07916
RMS 0.07908
RMS 0.07900
RMS 0.07892
RMS 0.07884
RMS 0.07876
RMS 0.07868
RMS 0.07860
RMS 0.07852
RMS 0.07844
RMS 0.07836
RMS 0.07828
RMS 0.07820
RMS 0.07812
RMS 0.07804
RMS 0.07795
RMS 0.07787
RMS 0.07779
RMS 0.07771
RMS 0.07763
RMS 0.07755
RMS 0.07747
RMS 0.07739
RMS 0.07731
RMS 0.07723
RMS 0.07715
RMS 0.07707
RMS 0.07698
RMS 0.07690
RMS 0.07682
RMS 0.07674
RMS 0.07666
RMS 0.07658
RMS 0.07650
RMS 0.07642
RMS 0.07634
RMS 0.07626
RMS 0.07617
RMS 0.07609
RMS 0.07601
RMS 0.07593
RMS 0.07585
RMS 0.07577
RMS 0.07569
RMS 0.07561
RMS 0.07553
RMS 0.07545
RMS 0.07537
RMS 0.07529
RMS 0.07520
RMS 0.07512
RMS 0.07504
RMS 0.07496
RMS 0.07488
RMS 0.07480
RMS 0.07472
RMS 0.07464
RMS 0.07456
RMS 0.07448
RMS 0.07440
RMS 0.07432
RMS 0.07424
RMS 0.07416
RMS 0.07408
RMS 0.07400
RMS 0.07392
RMS 0.07384
RMS 0.07376
RMS 0.07368
RMS 0.07360
RMS 0.07352
RMS 0.07345
RMS 0.07337
RMS 0.07329
RMS 0.07321
RMS 0.07313
RMS 0.07305
RMS 0.07297
RMS 0.07289
RMS 0.07282
RMS 0.07274
RMS 0.07266
RMS 0.07258
RMS 0.07250
RMS 0.07242
RMS 0.07235
RMS 0.07227
RMS 0.07219
RMS 0.07211
RMS 0.07204
RMS 0.07196
RMS 0.07188
RMS 0.07181
RMS 0.07173
RMS 0.07165
RMS 0.07158
RMS 0.07150
RMS 0.07143
RMS 0.07135
RMS 0.07127
RMS 0.07120
RMS 0.07112
RMS 0.07105
RMS 0.07097
RMS 0.07090
RMS 0.07082
RMS 0.07075
RMS 0.07067
RMS 0.07060
RMS 0.07052
RMS 0.07045
RMS 0.07038
RMS 0.07030
RMS 0.07023
RMS 0.07016
RMS 0.07008
RMS 0.07001
RMS 0.06994
RMS 0.06987
RMS 0.06979
RMS 0.06972
RMS 0.06965
RMS 0.06958
RMS 0.06951
RMS 0.06943
RMS 0.06936
RMS 0.06929
RMS 0.06922
RMS 0.06915
RMS 0.06908
RMS 0.06901
RMS 0.06894
RMS 0.06887
RMS 0.06880
RMS 0.06873
RMS 0.06866
RMS 0.06859
RMS 0.06853
RMS 0.06846
RMS 0.06839
RMS 0.06832
RMS 0.06825
RMS 0.06819
RMS 0.06812
RMS 0.06805
RMS 0.06798
RMS 0.06792
RMS 0.06785
RMS 0.06779
RMS 0.06772
RMS 0.06765
RMS 0.06759
RMS 0.06752
RMS 0.06746
RMS 0.06739
RMS 0.06733
RMS 0.06726
RMS 0.06720
RMS 0.06714
RMS 0.06707
RMS 0.06701
RMS 0.06695
RMS 0.06688
RMS 0.06682
RMS 0.06676
RMS 0.06670
RMS 0.06663
RMS 0.06657
RMS 0.06651
RMS 0.06645
RMS 0.06639
RMS 0.06633
RMS 0.06627
RMS 0.06621
RMS 0.06615
RMS 0.06609
RMS 0.06603
RMS 0.06597
RMS 0.06591
RMS 0.06585
RMS 0.06579
RMS 0.06573
RMS 0.06568
RMS 0.06562
RMS 0.06556
RMS 0.06550
RMS 0.06545
RMS 0.06539
RMS 0.06533
RMS 0.06528
RMS 0.06522
RMS 0.06516
RMS 0.06511
RMS 0.06505
RMS 0.06500
RMS 0.06494
RMS 0.06489
RMS 0.06483
RMS 0.06478
RMS 0.06473
RMS 0.06467
RMS 0.06462
RMS 0.06457
RMS 0.06451
RMS 0.06446
RMS 0.06441
RMS 0.06436
RMS 0.06430
RMS 0.06425
RMS 0.06420
RMS 0.06415
RMS 0.06410
RMS 0.06405
RMS 0.06400
RMS 0.06395
RMS 0.06390
RMS 0.06385
RMS 0.06380
RMS 0.06375
RMS 0.06370
RMS 0.06365
RMS 0.06360
RMS 0.06355
RMS 0.06351
RMS 0.06346
RMS 0.06341
RMS 0.06336
RMS 0.06331
RMS 0.06327
RMS 0.06322
RMS 0.06317
RMS 0.06313
RMS 0.06308
RMS 0.06304
RMS 0.06299
RMS 0.06295
RMS 0.06290
RMS 0.06286
RMS 0.06281
RMS 0.06277
RMS 0.06272
RMS 0.06268
RMS 0.06263
RMS 0.06259
RMS 0.06255
RMS 0.06250
RMS 0.06246
RMS 0.06242
RMS 0.06238
RMS 0.06233
RMS 0.06229
RMS 0.06225
RMS 0.06221
RMS 0.06217
RMS 0.06212
RMS 0.06208
RMS 0.06204
RMS 0.06200
RMS 0.06196
RMS 0.06192
RMS 0.06188
RMS 0.06184
RMS 0.06180
RMS 0.06176
RMS 0.06172
RMS 0.06168
RMS 0.06165
RMS 0.06161
RMS 0.06157
RMS 0.06153
RMS 0.06149
RMS 0.06145
RMS 0.06142
RMS 0.06138
RMS 0.06134
RMS 0.06130
RMS 0.06127
RMS 0.06123
RMS 0.06119
RMS 0.06116
RMS 0.06112
RMS 0.06109
RMS 0.06105
RMS 0.06101
RMS 0.06098
RMS 0.06094
RMS 0.06091
RMS 0.06087
RMS 0.06084
RMS 0.06081
RMS 0.06077
RMS 0.06074
RMS 0.06070
RMS 0.06067
RMS 0.06064
RMS 0.06060
RMS 0.06057
RMS 0.06054
RMS 0.06050
RMS 0.06047
RMS 0.06044
RMS 0.06041
RMS 0.06037
RMS 0.06034
RMS 0.06031
RMS 0.06028
RMS 0.06025
RMS 0.06021
RMS 0.06018
RMS 0.06015
RMS 0.06012
RMS 0.06009
RMS 0.06006
RMS 0.06003
RMS 0.06000
RMS 0.05997
RMS 0.05994
RMS 0.05991
RMS 0.05988
RMS 0.05985
RMS 0.05982
RMS 0.05979
RMS 0.05976
RMS 0.05973
RMS 0.05971
RMS 0.05968
RMS 0.05965
RMS 0.05962
RMS 0.05959
RMS 0.05956
RMS 0.05954
RMS 0.05951
RMS 0.05948
RMS 0.05945
RMS 0.05943
RMS 0.05940
RMS 0.05937
RMS 0.05935
RMS 0.05932
RMS 0.05929
RMS 0.05927
RMS 0.05924
RMS 0.05921
RMS 0.05919
RMS 0.05916
RMS 0.05914
RMS 0.05911
RMS 0.05909
RMS 0.05906
RMS 0.05904
RMS 0.05901
RMS 0.05899
RMS 0.05896
RMS 0.05894
RMS 0.05891
RMS 0.05889
RMS 0.05886
RMS 0.05884
RMS 0.05882
RMS 0.05879
RMS 0.05877
RMS 0.05874
RMS 0.05872
RMS 0.05870
RMS 0.05867
RMS 0.05865
RMS 0.05863
RMS 0.05861
RMS 0.05858
RMS 0.05856
RMS 0.05854
RMS 0.05852
RMS 0.05849
RMS 0.05847
RMS 0.05845
RMS 0.05843
RMS 0.05841
RMS 0.05838
RMS 0.05836
RMS 0.05834
RMS 0.05832
RMS 0.05830
RMS 0.05828
RMS 0.05826
RMS 0.05824
RMS 0.05821
RMS 0.05819
RMS 0.05817
RMS 0.05815
RMS 0.05813
RMS 0.05811
RMS 0.05809
RMS 0.05807
RMS 0.05805
RMS 0.05803
RMS 0.05801
RMS 0.05799
RMS 0.05797
RMS 0.05795
RMS 0.05793
RMS 0.05792
RMS 0.05790
RMS 0.05788
RMS 0.05786
RMS 0.05784
RMS 0.05782
RMS 0.05780
RMS 0.05778
RMS 0.05777
RMS 0.05775
RMS 0.05773
RMS 0.05771
RMS 0.05769
RMS 0.05768
RMS 0.05766
RMS 0.05764
RMS 0.05762
RMS 0.05760
RMS 0.05759
RMS 0.05757
RMS 0.05755
RMS 0.05754
RMS 0.05752
RMS 0.05750
RMS 0.05748
RMS 0.05747
RMS 0.05745
RMS 0.05743
RMS 0.05742
RMS 0.05740
RMS 0.05739
RMS 0.05737
RMS 0.05735
RMS 0.05734
RMS 0.05732
RMS 0.05730
RMS 0.05729
RMS 0.05727
RMS 0.05726
RMS 0.05724
RMS 0.05723
RMS 0.05721
RMS 0.05720
RMS 0.05718
RMS 0.05716
RMS 0.05715
RMS 0.05713
RMS 0.05712
RMS 0.05710
RMS 0.05709
RMS 0.05708
RMS 0.05706
RMS 0.05705
RMS 0.05703
RMS 0.05702

##################TEST##################
Test : ACIERTOS = 472 96%
Test FALLOS = 18 4%
