-0.13 0.41 0.12 0.07 0.30 -0.30 0.15 0.05 0.15 
0.18 -0.14 0.36 0.02 -0.44 -0.09 0.08 -0.46 0.35 
0.41 0.15 -0.48 0.38 0.21 0.48 0.18 -0.29 -0.24 
-0.29 -0.43 0.11 -0.48 -0.06 0.02 0.14 -0.50 -0.18 
0.34 0.16 0.37 -0.01 -0.16 -0.28 -0.16 0.35 -0.21 
0.25 -0.06 -0.17 0.10 -0.15 0.48 0.13 -0.28 0.19 
0.11 0.40 0.40 0.37 -0.38 0.47 -0.02 -0.37 -0.09 
0.50 0.27 -0.09 -0.18 0.11 -0.43 -0.31 -0.40 -0.09 
-0.09 -0.06 -0.24 0.20 -0.31 0.20 -0.47 0.30 
-0.45 -0.50 -0.08 -0.23 0.19 -0.47 -0.33 0.09 
0.40 -0.21 0.06 -0.13 -0.08 0.47 -0.13 -0.30 -0.12 0.19 

##################LEARN##################
RMS 1.45126
RMS 1.40035
RMS 1.38662
RMS 1.38266
RMS 1.37303
RMS 1.36619
RMS 1.36138
RMS 1.35783
RMS 1.35505
RMS 1.35275
RMS 1.35076
RMS 1.34897
RMS 1.34734
RMS 1.34581
RMS 1.34438
RMS 1.34302
RMS 1.34173
RMS 1.34050
RMS 1.33933
RMS 1.33823
RMS 1.33719
RMS 1.33621
RMS 1.33529
RMS 1.33444
RMS 1.33364
RMS 1.33290
RMS 1.33222
RMS 1.33158
RMS 1.33099
RMS 1.33045
RMS 1.32994
RMS 1.32948
RMS 1.32905
RMS 1.32865
RMS 1.32828
RMS 1.32793
RMS 1.32761
RMS 1.32731
RMS 1.32704
RMS 1.32678
RMS 1.32654
RMS 1.32631
RMS 1.32610
RMS 1.32590
RMS 1.32571
RMS 1.32554
RMS 1.32537
RMS 1.32522
RMS 1.32507
RMS 1.32493
RMS 1.32480
RMS 1.32468
RMS 1.32456
RMS 1.32445
RMS 1.32435
RMS 1.32425
RMS 1.32415
RMS 1.32406
RMS 1.32398
RMS 1.32389
RMS 1.32382
RMS 1.32374
RMS 1.32367
RMS 1.32360
RMS 1.32354
RMS 1.32348
RMS 1.32342
RMS 1.32336
RMS 1.32331
RMS 1.32325
RMS 1.32320
RMS 1.32316
RMS 1.32311
RMS 1.32307
RMS 1.32302
RMS 1.32298
RMS 1.32294
RMS 1.32290
RMS 1.32287
RMS 1.32283
RMS 1.32280
RMS 1.32276
RMS 1.32273
RMS 1.32270
RMS 1.32267
RMS 1.32264
RMS 1.32261
RMS 1.32259
RMS 1.32256
RMS 1.32253
RMS 1.32251
RMS 1.32249
RMS 1.32246
RMS 1.32244
RMS 1.32242
RMS 1.32240
RMS 1.32238
RMS 1.32236
RMS 1.32234
RMS 1.32232
RMS 1.32230
RMS 1.32228
RMS 1.32227
RMS 1.32225
RMS 1.32223
RMS 1.32222
RMS 1.32220
RMS 1.32218
RMS 1.32217
RMS 1.32216
RMS 1.32214
RMS 1.32213
RMS 1.32211
RMS 1.32210
RMS 1.32209
RMS 1.32208
RMS 1.32206
RMS 1.32205
RMS 1.32204
RMS 1.32203
RMS 1.32202
RMS 1.32201
RMS 1.32200
RMS 1.32199
RMS 1.32198
RMS 1.32197
RMS 1.32196
RMS 1.32195
RMS 1.32194
RMS 1.32193
RMS 1.32192
RMS 1.32191
RMS 1.32190
RMS 1.32190
RMS 1.32189
RMS 1.32188
RMS 1.32187
RMS 1.32186
RMS 1.32186
RMS 1.32185
RMS 1.32184
RMS 1.32184
RMS 1.32183
RMS 1.32182
RMS 1.32182
RMS 1.32181
RMS 1.32180
RMS 1.32180
RMS 1.32179
RMS 1.32179
RMS 1.32178
RMS 1.32177
RMS 1.32177
RMS 1.32176
RMS 1.32176
RMS 1.32175
RMS 1.32175
RMS 1.32174
RMS 1.32174
RMS 1.32173
RMS 1.32173
RMS 1.32172
RMS 1.32172
RMS 1.32171
RMS 1.32171
RMS 1.32170
RMS 1.32170
RMS 1.32169
RMS 1.32169
RMS 1.32169
RMS 1.32168
RMS 1.32168
RMS 1.32167
RMS 1.32167
RMS 1.32167
RMS 1.32166
RMS 1.32166
RMS 1.32165
RMS 1.32165
RMS 1.32165
RMS 1.32164
RMS 1.32164
RMS 1.32164
RMS 1.32163
RMS 1.32163
RMS 1.32163
RMS 1.32162
RMS 1.32162
RMS 1.32162
RMS 1.32161
RMS 1.32161
RMS 1.32161
RMS 1.32161
RMS 1.32160
RMS 1.32160
RMS 1.32160
RMS 1.32159
RMS 1.32159
RMS 1.32159
RMS 1.32159
RMS 1.32158
RMS 1.32158
RMS 1.32158
RMS 1.32158
RMS 1.32157
RMS 1.32157
RMS 1.32157
RMS 1.32157
RMS 1.32156
RMS 1.32156
RMS 1.32156
RMS 1.32156
RMS 1.32156
RMS 1.32155
RMS 1.32155
RMS 1.32155
RMS 1.32155
RMS 1.32154
RMS 1.32154
RMS 1.32154
RMS 1.32154
RMS 1.32154
RMS 1.32153
RMS 1.32153
RMS 1.32153
RMS 1.32153
RMS 1.32153
RMS 1.32152
RMS 1.32152
RMS 1.32152
RMS 1.32152
RMS 1.32152
RMS 1.32152
RMS 1.32152
RMS 1.32151
RMS 1.32151
RMS 1.32151
RMS 1.32151
RMS 1.32151
RMS 1.32150
RMS 1.32150
RMS 1.32150
RMS 1.32150
RMS 1.32150
RMS 1.32150
RMS 1.32150
RMS 1.32149
RMS 1.32149
RMS 1.32149
RMS 1.32149
RMS 1.32149
RMS 1.32149
RMS 1.32149
RMS 1.32148
RMS 1.32148
RMS 1.32148
RMS 1.32148
RMS 1.32148
RMS 1.32148
RMS 1.32148
RMS 1.32147
RMS 1.32147
RMS 1.32147
RMS 1.32147
RMS 1.32147
RMS 1.32147
RMS 1.32147
RMS 1.32147
RMS 1.32147
RMS 1.32146
RMS 1.32146
RMS 1.32146
RMS 1.32146
RMS 1.32146
RMS 1.32146
RMS 1.32146
RMS 1.32146
RMS 1.32146
RMS 1.32146
RMS 1.32145
RMS 1.32145
RMS 1.32145
RMS 1.32145
RMS 1.32145
RMS 1.32145
RMS 1.32145
RMS 1.32145
RMS 1.32145
RMS 1.32145
RMS 1.32144
RMS 1.32144
RMS 1.32144
RMS 1.32144
RMS 1.32144
RMS 1.32144
RMS 1.32144
RMS 1.32144
RMS 1.32144
RMS 1.32144
RMS 1.32144
RMS 1.32144
RMS 1.32143
RMS 1.32143
RMS 1.32143
RMS 1.32143
RMS 1.32143
RMS 1.32143
RMS 1.32143
RMS 1.32143
RMS 1.32143
RMS 1.32143
RMS 1.32143
RMS 1.32143
RMS 1.32142
RMS 1.32142
RMS 1.32142
RMS 1.32142
RMS 1.32142
RMS 1.32142
RMS 1.32142
RMS 1.32142
RMS 1.32142
RMS 1.32142
RMS 1.32142
RMS 1.32142
RMS 1.32142
RMS 1.32142
RMS 1.32142
RMS 1.32141
RMS 1.32141
RMS 1.32141
RMS 1.32141
RMS 1.32141
RMS 1.32141
RMS 1.32141
RMS 1.32141
RMS 1.32141
RMS 1.32141
RMS 1.32141
RMS 1.32141
RMS 1.32141
RMS 1.32141
RMS 1.32141
RMS 1.32141
RMS 1.32141
RMS 1.32140
RMS 1.32140
RMS 1.32140
RMS 1.32140
RMS 1.32140
RMS 1.32140
RMS 1.32140
RMS 1.32140
RMS 1.32140
RMS 1.32140
RMS 1.32140
RMS 1.32140
RMS 1.32140
RMS 1.32140
RMS 1.32140
RMS 1.32140
RMS 1.32140
RMS 1.32140
RMS 1.32140
RMS 1.32140
RMS 1.32140
RMS 1.32140
RMS 1.32139
RMS 1.32139
RMS 1.32139
RMS 1.32139
RMS 1.32139
RMS 1.32139
RMS 1.32139
RMS 1.32139
RMS 1.32139
RMS 1.32139
RMS 1.32139
RMS 1.32139
RMS 1.32139
RMS 1.32139
RMS 1.32139
RMS 1.32139
RMS 1.32139
RMS 1.32139
RMS 1.32139
RMS 1.32139
RMS 1.32139
RMS 1.32139
RMS 1.32138
RMS 1.32138
RMS 1.32138
RMS 1.32138
RMS 1.32138
RMS 1.32138
RMS 1.32138
RMS 1.32138
RMS 1.32138
RMS 1.32138
RMS 1.32138
RMS 1.32138
RMS 1.32138
RMS 1.32138
RMS 1.32138
RMS 1.32138
RMS 1.32138
RMS 1.32138
RMS 1.32138
RMS 1.32138
RMS 1.32138
RMS 1.32138
RMS 1.32138
RMS 1.32138
RMS 1.32138
RMS 1.32138
RMS 1.32138
RMS 1.32138
RMS 1.32138
RMS 1.32138
RMS 1.32138
RMS 1.32138
RMS 1.32138
RMS 1.32137
RMS 1.32137
RMS 1.32137
RMS 1.32137
RMS 1.32137
RMS 1.32137
RMS 1.32137
RMS 1.32137
RMS 1.32137
RMS 1.32137
RMS 1.32137
RMS 1.32137
RMS 1.32137
RMS 1.32137
RMS 1.32137
RMS 1.32137
RMS 1.32137
RMS 1.32137
RMS 1.32137
RMS 1.32137
RMS 1.32137
RMS 1.32137
RMS 1.32137
RMS 1.32137
RMS 1.32137
RMS 1.32137
RMS 1.32137
RMS 1.32137
RMS 1.32137
RMS 1.32137
RMS 1.32137
RMS 1.32137
RMS 1.32137
RMS 1.32137
RMS 1.32137
RMS 1.32137
RMS 1.32137
RMS 1.32137
RMS 1.32137
RMS 1.32136
RMS 1.32136
RMS 1.32136
RMS 1.32136
RMS 1.32136
RMS 1.32136
RMS 1.32136
RMS 1.32136
RMS 1.32136
RMS 1.32136
RMS 1.32136
RMS 1.32136
RMS 1.32136
RMS 1.32136
RMS 1.32136
RMS 1.32136
RMS 1.32136
RMS 1.32136
RMS 1.32136
RMS 1.32136
RMS 1.32136
RMS 1.32136
RMS 1.32136
RMS 1.32136
RMS 1.32136
RMS 1.32136
RMS 1.32136
RMS 1.32136
RMS 1.32136
RMS 1.32136
RMS 1.32136
RMS 1.32136
RMS 1.32136
RMS 1.32136
RMS 1.32136
RMS 1.32136
RMS 1.32136
RMS 1.32136
RMS 1.32136
RMS 1.32136
RMS 1.32136
RMS 1.32136
RMS 1.32136
RMS 1.32136
RMS 1.32136
RMS 1.32136
RMS 1.32136
RMS 1.32135
RMS 1.32136
RMS 1.32136
RMS 1.32135
RMS 1.32135
RMS 1.32135
RMS 1.32135
RMS 1.32135
RMS 1.32135
RMS 1.32135
RMS 1.32135
RMS 1.32135
RMS 1.32135
RMS 1.32135
RMS 1.32135
RMS 1.32135
RMS 1.32135
RMS 1.32135
RMS 1.32135
RMS 1.32135
RMS 1.32135
RMS 1.32135
RMS 1.32135
RMS 1.32135
RMS 1.32135
RMS 1.32135
RMS 1.32135
RMS 1.32135
RMS 1.32135
RMS 1.32135
RMS 1.32135
RMS 1.32135
RMS 1.32135
RMS 1.32135
RMS 1.32135
RMS 1.32135
RMS 1.32135
RMS 1.32135
RMS 1.32135
RMS 1.32135
RMS 1.32135
RMS 1.32135
RMS 1.32135
RMS 1.32135
RMS 1.32135
RMS 1.32135
RMS 1.32135
RMS 1.32135
RMS 1.32135
RMS 1.32135
RMS 1.32135
RMS 1.32135
RMS 1.32135
RMS 1.32135
RMS 1.32135
RMS 1.32135
RMS 1.32135
RMS 1.32135
RMS 1.32135
RMS 1.32135
RMS 1.32135
RMS 1.32135
RMS 1.32135
RMS 1.32135
RMS 1.32135
RMS 1.32135
RMS 1.32135
RMS 1.32135
RMS 1.32135
RMS 1.32135
RMS 1.32135
RMS 1.32135
RMS 1.32135
RMS 1.32135
RMS 1.32135
RMS 1.32135
RMS 1.32135
RMS 1.32135
RMS 1.32135
RMS 1.32135
RMS 1.32135
RMS 1.32135
RMS 1.32135
RMS 1.32135
RMS 1.32135
RMS 1.32135
RMS 1.32135
RMS 1.32135
RMS 1.32135
RMS 1.32135
RMS 1.32135
RMS 1.32134
RMS 1.32135
RMS 1.32134
RMS 1.32134
RMS 1.32134
RMS 1.32134
RMS 1.32134
RMS 1.32134
RMS 1.32134
RMS 1.32134
RMS 1.32134
RMS 1.32134
RMS 1.32134
RMS 1.32134
RMS 1.32134
RMS 1.32134
RMS 1.32134
RMS 1.32134
RMS 1.32134
RMS 1.32134
RMS 1.32134
RMS 1.32134
RMS 1.32134
RMS 1.32134
RMS 1.32134
RMS 1.32134
RMS 1.32134
RMS 1.32134
RMS 1.32134
RMS 1.32134
RMS 1.32134
RMS 1.32134
RMS 1.32134
RMS 1.32134
RMS 1.32134
RMS 1.32134
RMS 1.32134
RMS 1.32134
RMS 1.32134
RMS 1.32134
RMS 1.32134
RMS 1.32134
RMS 1.32134
RMS 1.32134
RMS 1.32134
RMS 1.32134
RMS 1.32134
RMS 1.32134
RMS 1.32134
RMS 1.32134
RMS 1.32134
RMS 1.32134
RMS 1.32134
RMS 1.32134
RMS 1.32134
RMS 1.32134
RMS 1.32134
RMS 1.32134
RMS 1.32134
RMS 1.32134
RMS 1.32134
RMS 1.32134
RMS 1.32134
RMS 1.32134
RMS 1.32134
RMS 1.32134
RMS 1.32134
RMS 1.32134
RMS 1.32134
RMS 1.32134
RMS 1.32134
RMS 1.32134
RMS 1.32134
RMS 1.32134
RMS 1.32134
RMS 1.32134
RMS 1.32134
RMS 1.32134
RMS 1.32134
RMS 1.32134
RMS 1.32134
RMS 1.32134
RMS 1.32134
RMS 1.32134
RMS 1.32134
RMS 1.32134
RMS 1.32134
RMS 1.32134
RMS 1.32134
RMS 1.32134
RMS 1.32134
RMS 1.32134
RMS 1.32134
RMS 1.32134
RMS 1.32134
RMS 1.32134
RMS 1.32134
RMS 1.32134
RMS 1.32134
RMS 1.32134
RMS 1.32134
RMS 1.32134
RMS 1.32134
RMS 1.32134
RMS 1.32134
RMS 1.32134
RMS 1.32134
RMS 1.32134
RMS 1.32134
RMS 1.32134
RMS 1.32134
RMS 1.32134
RMS 1.32134
RMS 1.32134
RMS 1.32134
RMS 1.32134
RMS 1.32134
RMS 1.32134
RMS 1.32134
RMS 1.32134
RMS 1.32134
RMS 1.32134
RMS 1.32134
RMS 1.32134
RMS 1.32134
RMS 1.32134
RMS 1.32134
RMS 1.32134
RMS 1.32134
RMS 1.32134
RMS 1.32134
RMS 1.32134
RMS 1.32134
RMS 1.32134
RMS 1.32134
RMS 1.32134
RMS 1.32134
RMS 1.32133
RMS 1.32134
RMS 1.32134
RMS 1.32134
RMS 1.32133
RMS 1.32133
RMS 1.32133
RMS 1.32133
RMS 1.32133
RMS 1.32133
RMS 1.32133
RMS 1.32133
RMS 1.32133
RMS 1.32133
RMS 1.32133
RMS 1.32133
RMS 1.32133
RMS 1.32133
RMS 1.32133
RMS 1.32133
RMS 1.32133
RMS 1.32133
RMS 1.32133
RMS 1.32133
RMS 1.32133
RMS 1.32133
RMS 1.32133
RMS 1.32133
RMS 1.32133
RMS 1.32133
RMS 1.32133
RMS 1.32133
RMS 1.32133
RMS 1.32133
RMS 1.32133
RMS 1.32133
RMS 1.32133
RMS 1.32133
RMS 1.32133
RMS 1.32133
RMS 1.32133
RMS 1.32133
RMS 1.32133
RMS 1.32133
RMS 1.32133
RMS 1.32133
RMS 1.32133
RMS 1.32133
RMS 1.32133
RMS 1.32133
RMS 1.32133
RMS 1.32133
RMS 1.32133
RMS 1.32133
RMS 1.32133
RMS 1.32133
RMS 1.32133
RMS 1.32133
RMS 1.32133
RMS 1.32133
RMS 1.32133
RMS 1.32133
RMS 1.32133
RMS 1.32133
RMS 1.32133
RMS 1.32133
RMS 1.32133
RMS 1.32133
RMS 1.32133
RMS 1.32133
RMS 1.32133
RMS 1.32133
RMS 1.32133
RMS 1.32133
RMS 1.32133
RMS 1.32133
RMS 1.32133
RMS 1.32133
RMS 1.32133
RMS 1.32133
RMS 1.32133
RMS 1.32133
RMS 1.32133
RMS 1.32133
RMS 1.32133
RMS 1.32133
RMS 1.32133
RMS 1.32133
RMS 1.32133
RMS 1.32133
RMS 1.32133
RMS 1.32133
RMS 1.32133
RMS 1.32133
RMS 1.32133
RMS 1.32133
RMS 1.32133
RMS 1.32133
RMS 1.32133
RMS 1.32133
RMS 1.32133
RMS 1.32133
RMS 1.32133
RMS 1.32133
RMS 1.32133
RMS 1.32133
RMS 1.32133
RMS 1.32133
RMS 1.32133
RMS 1.32133
RMS 1.32133
RMS 1.32133
RMS 1.32133
RMS 1.32133
RMS 1.32133
RMS 1.32133
RMS 1.32133
RMS 1.32133
RMS 1.32133
RMS 1.32133
RMS 1.32133
RMS 1.32133
RMS 1.32133
RMS 1.32133
RMS 1.32133
RMS 1.32133
RMS 1.32133
RMS 1.32133
RMS 1.32133
RMS 1.32133
RMS 1.32133
RMS 1.32133
RMS 1.32133
RMS 1.32133
RMS 1.32133
RMS 1.32133
RMS 1.32133
RMS 1.32133
RMS 1.32133
RMS 1.32133
RMS 1.32133
RMS 1.32133
RMS 1.32133
RMS 1.32133
RMS 1.32133
RMS 1.32133
RMS 1.32133
RMS 1.32133
RMS 1.32133
RMS 1.32133
RMS 1.32133
RMS 1.32133
RMS 1.32133
RMS 1.32133
RMS 1.32133
RMS 1.32133
RMS 1.32133
RMS 1.32133
RMS 1.32133
RMS 1.32133
RMS 1.32133
RMS 1.32133
RMS 1.32133
RMS 1.32133
RMS 1.32133
RMS 1.32133
RMS 1.32133
RMS 1.32133
RMS 1.32133
RMS 1.32133
RMS 1.32133
RMS 1.32133
RMS 1.32133
RMS 1.32133
RMS 1.32133
RMS 1.32133
RMS 1.32133
RMS 1.32133
RMS 1.32133
RMS 1.32133
RMS 1.32133
RMS 1.32133
RMS 1.32133
RMS 1.32133
RMS 1.32133
RMS 1.32133
RMS 1.32133
RMS 1.32133
RMS 1.32133
RMS 1.32133
RMS 1.32133
RMS 1.32133
RMS 1.32133
RMS 1.32133
RMS 1.32133
RMS 1.32133
RMS 1.32133
RMS 1.32133
RMS 1.32133
RMS 1.32133
RMS 1.32133
RMS 1.32133
RMS 1.32133
RMS 1.32133
RMS 1.32133
RMS 1.32133
RMS 1.32133
RMS 1.32133
RMS 1.32133
RMS 1.32133
RMS 1.32133
RMS 1.32133
RMS 1.32133
RMS 1.32133
RMS 1.32133
RMS 1.32133
RMS 1.32133
RMS 1.32133
RMS 1.32133
RMS 1.32133
RMS 1.32133
RMS 1.32133
RMS 1.32133
RMS 1.32133
RMS 1.32133
RMS 1.32133
RMS 1.32133
RMS 1.32133
RMS 1.32133
RMS 1.32133
RMS 1.32133
RMS 1.32133
RMS 1.32133
RMS 1.32133
RMS 1.32133
RMS 1.32133
RMS 1.32133
RMS 1.32133
RMS 1.32133
RMS 1.32133
RMS 1.32133
RMS 1.32133
RMS 1.32133
RMS 1.32133
RMS 1.32133
RMS 1.32133
RMS 1.32133
RMS 1.32133
RMS 1.32133
RMS 1.32133
RMS 1.32133
RMS 1.32133
RMS 1.32133
RMS 1.32133
RMS 1.32133
RMS 1.32133
RMS 1.32133
RMS 1.32133
RMS 1.32133
RMS 1.32133
RMS 1.32133
RMS 1.32133
RMS 1.32133
RMS 1.32133

##################TEST##################
Test : ACIERTOS = 254 52%
Test FALLOS = 236 48%
