-0.40 -0.06 
-0.02 -0.48 
-0.49 0.44 
0.06 0.03 
-0.18 -0.14 
-0.30 0.35 
0.11 0.23 
0.48 -0.49 
0.02 -0.22 
0.39 -0.50 
0.24 -0.06 
-0.26 -0.10 0.21 0.48 -0.39 -0.44 -0.13 0.20 -0.33 -0.04 -0.37 
0.16 -0.02 -0.36 0.10 -0.47 0.18 0.42 -0.11 0.38 0.28 -0.50 
0.10 0.26 -0.49 -0.38 -0.47 0.40 -0.38 0.28 -0.16 -0.14 -0.32 -0.45 -0.16 

##################LEARN##################
RMS 1.80786
RMS 1.70280
RMS 1.61087
RMS 1.53088
RMS 1.46158
RMS 1.40170
RMS 1.35001
RMS 1.30539
RMS 1.26680
RMS 1.23333
RMS 1.20419
RMS 1.17869
RMS 1.15624
RMS 1.13635
RMS 1.11861
RMS 1.10266
RMS 1.08821
RMS 1.07501
RMS 1.06285
RMS 1.05155
RMS 1.04098
RMS 1.03102
RMS 1.02154
RMS 1.01248
RMS 1.00376
RMS 0.99531
RMS 0.98708
RMS 0.97903
RMS 0.97111
RMS 0.96331
RMS 0.95559
RMS 0.94792
RMS 0.94029
RMS 0.93268
RMS 0.92507
RMS 0.91746
RMS 0.90983
RMS 0.90217
RMS 0.89448
RMS 0.88675
RMS 0.87897
RMS 0.87115
RMS 0.86328
RMS 0.85535
RMS 0.84736
RMS 0.83931
RMS 0.83121
RMS 0.82305
RMS 0.81483
RMS 0.80655
RMS 0.79822
RMS 0.78983
RMS 0.78139
RMS 0.77289
RMS 0.76435
RMS 0.75576
RMS 0.74712
RMS 0.73844
RMS 0.72973
RMS 0.72098
RMS 0.71220
RMS 0.70340
RMS 0.69457
RMS 0.68572
RMS 0.67685
RMS 0.66797
RMS 0.65909
RMS 0.65020
RMS 0.64132
RMS 0.63244
RMS 0.62357
RMS 0.61472
RMS 0.60588
RMS 0.59707
RMS 0.58828
RMS 0.57953
RMS 0.57081
RMS 0.56213
RMS 0.55350
RMS 0.54491
RMS 0.53637
RMS 0.52789
RMS 0.51947
RMS 0.51111
RMS 0.50281
RMS 0.49458
RMS 0.48643
RMS 0.47834
RMS 0.47034
RMS 0.46241
RMS 0.45457
RMS 0.44681
RMS 0.43913
RMS 0.43155
RMS 0.42405
RMS 0.41664
RMS 0.40933
RMS 0.40211
RMS 0.39499
RMS 0.38796
RMS 0.38103
RMS 0.37420
RMS 0.36747
RMS 0.36084
RMS 0.35430
RMS 0.34787
RMS 0.34154
RMS 0.33531
RMS 0.32918
RMS 0.32315
RMS 0.31722
RMS 0.31139
RMS 0.30567
RMS 0.30004
RMS 0.29451
RMS 0.28907
RMS 0.28374
RMS 0.27850
RMS 0.27336
RMS 0.26831
RMS 0.26336
RMS 0.25850
RMS 0.25374
RMS 0.24906
RMS 0.24448
RMS 0.23998
RMS 0.23557
RMS 0.23125
RMS 0.22702
RMS 0.22287
RMS 0.21880
RMS 0.21482
RMS 0.21091
RMS 0.20709
RMS 0.20334
RMS 0.19967
RMS 0.19607
RMS 0.19255
RMS 0.18911
RMS 0.18573
RMS 0.18242
RMS 0.17919
RMS 0.17602
RMS 0.17292
RMS 0.16988
RMS 0.16690
RMS 0.16399
RMS 0.16114
RMS 0.15835
RMS 0.15562
RMS 0.15295
RMS 0.15033
RMS 0.14777
RMS 0.14526
RMS 0.14281
RMS 0.14040
RMS 0.13805
RMS 0.13575
RMS 0.13349
RMS 0.13129
RMS 0.12913
RMS 0.12701
RMS 0.12494
RMS 0.12291
RMS 0.12093
RMS 0.11898
RMS 0.11708
RMS 0.11522
RMS 0.11339
RMS 0.11161
RMS 0.10986
RMS 0.10814
RMS 0.10646
RMS 0.10482
RMS 0.10321
RMS 0.10163
RMS 0.10008
RMS 0.09857
RMS 0.09709
RMS 0.09563
RMS 0.09421
RMS 0.09281
RMS 0.09145
RMS 0.09011
RMS 0.08879
RMS 0.08751
RMS 0.08624
RMS 0.08501
RMS 0.08379
RMS 0.08261
RMS 0.08144
RMS 0.08030
RMS 0.07918
RMS 0.07808
RMS 0.07700
RMS 0.07594
RMS 0.07491
RMS 0.07389
RMS 0.07289
RMS 0.07191
RMS 0.07095
RMS 0.07001
RMS 0.06908
RMS 0.06818
RMS 0.06729
RMS 0.06641
RMS 0.06556
RMS 0.06471
RMS 0.06389
RMS 0.06308
RMS 0.06228
RMS 0.06150
RMS 0.06073
RMS 0.05997
RMS 0.05923
RMS 0.05850
RMS 0.05779
RMS 0.05709
RMS 0.05640
RMS 0.05572
RMS 0.05505
RMS 0.05440
RMS 0.05376
RMS 0.05313
RMS 0.05251
RMS 0.05190
RMS 0.05130
RMS 0.05071
RMS 0.05013
RMS 0.04956
RMS 0.04900
RMS 0.04845
RMS 0.04790
RMS 0.04737
RMS 0.04685
RMS 0.04633
RMS 0.04583
RMS 0.04533
RMS 0.04484
RMS 0.04435
RMS 0.04388
RMS 0.04341
RMS 0.04295
RMS 0.04250
RMS 0.04206
RMS 0.04162
RMS 0.04119
RMS 0.04076
RMS 0.04035
RMS 0.03994
RMS 0.03953
RMS 0.03913
RMS 0.03874
RMS 0.03835
RMS 0.03797
RMS 0.03760
RMS 0.03723
RMS 0.03687
RMS 0.03651
RMS 0.03616
RMS 0.03581
RMS 0.03547
RMS 0.03513
RMS 0.03480
RMS 0.03447
RMS 0.03415
RMS 0.03383
RMS 0.03352
RMS 0.03321
RMS 0.03291
RMS 0.03261
RMS 0.03231
RMS 0.03202
RMS 0.03174
RMS 0.03145
RMS 0.03118
RMS 0.03090
RMS 0.03063
RMS 0.03036
RMS 0.03010
RMS 0.02984
RMS 0.02958
RMS 0.02933
RMS 0.02908
RMS 0.02883
RMS 0.02859
RMS 0.02835
RMS 0.02812
RMS 0.02788
RMS 0.02765
RMS 0.02743
RMS 0.02720
RMS 0.02698
RMS 0.02677
RMS 0.02655
RMS 0.02634
RMS 0.02613
RMS 0.02592
RMS 0.02572
RMS 0.02552
RMS 0.02532
RMS 0.02512
RMS 0.02493
RMS 0.02474
RMS 0.02455
RMS 0.02437
RMS 0.02418
RMS 0.02400
RMS 0.02382
RMS 0.02364
RMS 0.02347
RMS 0.02330
RMS 0.02313
RMS 0.02296
RMS 0.02279
RMS 0.02263
RMS 0.02246
RMS 0.02230
RMS 0.02215
RMS 0.02199
RMS 0.02183
RMS 0.02168
RMS 0.02153
RMS 0.02138
RMS 0.02124
RMS 0.02109
RMS 0.02095
RMS 0.02080
RMS 0.02066
RMS 0.02052
RMS 0.02039
RMS 0.02025
RMS 0.02012
RMS 0.01999
RMS 0.01985
RMS 0.01973
RMS 0.01960
RMS 0.01947
RMS 0.01935
RMS 0.01922
RMS 0.01910
RMS 0.01898
RMS 0.01886
RMS 0.01874
RMS 0.01863
RMS 0.01851
RMS 0.01840
RMS 0.01828
RMS 0.01817
RMS 0.01806
RMS 0.01795
RMS 0.01784
RMS 0.01774
RMS 0.01763
RMS 0.01753
RMS 0.01742
RMS 0.01732
RMS 0.01722
RMS 0.01712
RMS 0.01702
RMS 0.01692
RMS 0.01682
RMS 0.01673
RMS 0.01663
RMS 0.01654
RMS 0.01645
RMS 0.01636
RMS 0.01626
RMS 0.01617
RMS 0.01609
RMS 0.01600
RMS 0.01591
RMS 0.01582
RMS 0.01574
RMS 0.01565
RMS 0.01557
RMS 0.01549
RMS 0.01540
RMS 0.01532
RMS 0.01524
RMS 0.01516
RMS 0.01508
RMS 0.01501
RMS 0.01493
RMS 0.01485
RMS 0.01478
RMS 0.01470
RMS 0.01463
RMS 0.01455
RMS 0.01448
RMS 0.01441
RMS 0.01434
RMS 0.01427
RMS 0.01420
RMS 0.01413
RMS 0.01406
RMS 0.01399
RMS 0.01393
RMS 0.01386
RMS 0.01379
RMS 0.01373
RMS 0.01366
RMS 0.01360
RMS 0.01354
RMS 0.01347
RMS 0.01341
RMS 0.01335
RMS 0.01329
RMS 0.01323
RMS 0.01317
RMS 0.01311
RMS 0.01305
RMS 0.01299
RMS 0.01293
RMS 0.01287
RMS 0.01282
RMS 0.01276
RMS 0.01271
RMS 0.01265
RMS 0.01260
RMS 0.01254
RMS 0.01249
RMS 0.01244
RMS 0.01238
RMS 0.01233
RMS 0.01228
RMS 0.01223
RMS 0.01218
RMS 0.01213
RMS 0.01208
RMS 0.01203
RMS 0.01198
RMS 0.01193
RMS 0.01188
RMS 0.01183
RMS 0.01179
RMS 0.01174
RMS 0.01169
RMS 0.01165
RMS 0.01160
RMS 0.01155
RMS 0.01151
RMS 0.01146
RMS 0.01142
RMS 0.01138
RMS 0.01133
RMS 0.01129
RMS 0.01125
RMS 0.01121
RMS 0.01116
RMS 0.01112
RMS 0.01108
RMS 0.01104
RMS 0.01100
RMS 0.01096
RMS 0.01092
RMS 0.01088
RMS 0.01084
RMS 0.01080
RMS 0.01076
RMS 0.01072
RMS 0.01069
RMS 0.01065
RMS 0.01061
RMS 0.01057
RMS 0.01054
RMS 0.01050
RMS 0.01047
RMS 0.01043
RMS 0.01039
RMS 0.01036
RMS 0.01032
RMS 0.01029
RMS 0.01026
RMS 0.01022
RMS 0.01019
RMS 0.01015
RMS 0.01012
RMS 0.01009
RMS 0.01005
RMS 0.01002
RMS 0.00999
RMS 0.00996
RMS 0.00993
RMS 0.00989
RMS 0.00986
RMS 0.00983
RMS 0.00980
RMS 0.00977
RMS 0.00974
RMS 0.00971
RMS 0.00968
RMS 0.00965
RMS 0.00962
RMS 0.00959
RMS 0.00956
RMS 0.00954
RMS 0.00951
RMS 0.00948
RMS 0.00945
RMS 0.00942
RMS 0.00940
RMS 0.00937
RMS 0.00934
RMS 0.00931
RMS 0.00929
RMS 0.00926
RMS 0.00923
RMS 0.00921
RMS 0.00918
RMS 0.00916
RMS 0.00913
RMS 0.00911
RMS 0.00908
RMS 0.00906
RMS 0.00903
RMS 0.00901
RMS 0.00898
RMS 0.00896
RMS 0.00893
RMS 0.00891
RMS 0.00889
RMS 0.00886
RMS 0.00884
RMS 0.00882
RMS 0.00879
RMS 0.00877
RMS 0.00875
RMS 0.00872
RMS 0.00870
RMS 0.00868
RMS 0.00866
RMS 0.00864
RMS 0.00861
RMS 0.00859
RMS 0.00857
RMS 0.00855
RMS 0.00853
RMS 0.00851
RMS 0.00849
RMS 0.00847
RMS 0.00845
RMS 0.00843
RMS 0.00841
RMS 0.00839
RMS 0.00837
RMS 0.00835
RMS 0.00833
RMS 0.00831
RMS 0.00829
RMS 0.00827
RMS 0.00825
RMS 0.00823
RMS 0.00821
RMS 0.00819
RMS 0.00817
RMS 0.00815
RMS 0.00814
RMS 0.00812
RMS 0.00810
RMS 0.00808
RMS 0.00806
RMS 0.00805
RMS 0.00803
RMS 0.00801
RMS 0.00799
RMS 0.00798
RMS 0.00796
RMS 0.00794
RMS 0.00793
RMS 0.00791
RMS 0.00789
RMS 0.00788
RMS 0.00786
RMS 0.00784
RMS 0.00783
RMS 0.00781
RMS 0.00779
RMS 0.00778
RMS 0.00776
RMS 0.00775
RMS 0.00773
RMS 0.00772
RMS 0.00770
RMS 0.00769
RMS 0.00767
RMS 0.00766
RMS 0.00764
RMS 0.00763
RMS 0.00761
RMS 0.00760
RMS 0.00758
RMS 0.00757
RMS 0.00755
RMS 0.00754
RMS 0.00752
RMS 0.00751
RMS 0.00750
RMS 0.00748
RMS 0.00747
RMS 0.00745
RMS 0.00744
RMS 0.00743
RMS 0.00741
RMS 0.00740
RMS 0.00739
RMS 0.00737
RMS 0.00736
RMS 0.00735
RMS 0.00733
RMS 0.00732
RMS 0.00731
RMS 0.00730
RMS 0.00728
RMS 0.00727
RMS 0.00726
RMS 0.00725
RMS 0.00723
RMS 0.00722
RMS 0.00721
RMS 0.00720
RMS 0.00718
RMS 0.00717
RMS 0.00716
RMS 0.00715
RMS 0.00714
RMS 0.00713
RMS 0.00711
RMS 0.00710
RMS 0.00709
RMS 0.00708
RMS 0.00707
RMS 0.00706
RMS 0.00705
RMS 0.00703
RMS 0.00702
RMS 0.00701
RMS 0.00700
RMS 0.00699
RMS 0.00698
RMS 0.00697
RMS 0.00696
RMS 0.00695
RMS 0.00694
RMS 0.00693
RMS 0.00692
RMS 0.00691
RMS 0.00690
RMS 0.00689
RMS 0.00688
RMS 0.00687
RMS 0.00686
RMS 0.00685
RMS 0.00684
RMS 0.00683
RMS 0.00682
RMS 0.00681
RMS 0.00680
RMS 0.00679
RMS 0.00678
RMS 0.00677
RMS 0.00676
RMS 0.00675
RMS 0.00674
RMS 0.00673
RMS 0.00672
RMS 0.00671
RMS 0.00670
RMS 0.00669
RMS 0.00669
RMS 0.00668
RMS 0.00667
RMS 0.00666
RMS 0.00665
RMS 0.00664
RMS 0.00663
RMS 0.00662
RMS 0.00662
RMS 0.00661
RMS 0.00660
RMS 0.00659
RMS 0.00658
RMS 0.00657
RMS 0.00656
RMS 0.00656
RMS 0.00655
RMS 0.00654
RMS 0.00653
RMS 0.00652
RMS 0.00652
RMS 0.00651
RMS 0.00650
RMS 0.00649
RMS 0.00648
RMS 0.00648
RMS 0.00647
RMS 0.00646
RMS 0.00645
RMS 0.00645
RMS 0.00644
RMS 0.00643
RMS 0.00642
RMS 0.00642
RMS 0.00641
RMS 0.00640
RMS 0.00639
RMS 0.00639
RMS 0.00638
RMS 0.00637
RMS 0.00637
RMS 0.00636
RMS 0.00635
RMS 0.00634
RMS 0.00634
RMS 0.00633
RMS 0.00632
RMS 0.00632
RMS 0.00631
RMS 0.00630
RMS 0.00630
RMS 0.00629
RMS 0.00628
RMS 0.00628
RMS 0.00627
RMS 0.00626
RMS 0.00626
RMS 0.00625
RMS 0.00624
RMS 0.00624
RMS 0.00623
RMS 0.00622
RMS 0.00622
RMS 0.00621
RMS 0.00620
RMS 0.00620
RMS 0.00619
RMS 0.00619
RMS 0.00618
RMS 0.00617
RMS 0.00617
RMS 0.00616
RMS 0.00616
RMS 0.00615
RMS 0.00614
RMS 0.00614
RMS 0.00613
RMS 0.00613
RMS 0.00612
RMS 0.00611
RMS 0.00611
RMS 0.00610
RMS 0.00610
RMS 0.00609
RMS 0.00609
RMS 0.00608
RMS 0.00607
RMS 0.00607
RMS 0.00606
RMS 0.00606
RMS 0.00605
RMS 0.00605
RMS 0.00604
RMS 0.00604
RMS 0.00603
RMS 0.00603
RMS 0.00602
RMS 0.00602
RMS 0.00601
RMS 0.00601
RMS 0.00600
RMS 0.00599
RMS 0.00599
RMS 0.00598
RMS 0.00598
RMS 0.00597
RMS 0.00597
RMS 0.00596
RMS 0.00596
RMS 0.00595
RMS 0.00595
RMS 0.00594
RMS 0.00594
RMS 0.00594
RMS 0.00593
RMS 0.00593
RMS 0.00592
RMS 0.00592
RMS 0.00591
RMS 0.00591
RMS 0.00590
RMS 0.00590
RMS 0.00589
RMS 0.00589
RMS 0.00588
RMS 0.00588
RMS 0.00587
RMS 0.00587
RMS 0.00587
RMS 0.00586
RMS 0.00586
RMS 0.00585
RMS 0.00585
RMS 0.00584
RMS 0.00584
RMS 0.00583
RMS 0.00583
RMS 0.00583
RMS 0.00582
RMS 0.00582
RMS 0.00581
RMS 0.00581
RMS 0.00581
RMS 0.00580
RMS 0.00580
RMS 0.00579
RMS 0.00579
RMS 0.00578
RMS 0.00578
RMS 0.00578
RMS 0.00577
RMS 0.00577
RMS 0.00576
RMS 0.00576
RMS 0.00576
RMS 0.00575
RMS 0.00575
RMS 0.00574
RMS 0.00574
RMS 0.00574
RMS 0.00573
RMS 0.00573
RMS 0.00573
RMS 0.00572
RMS 0.00572
RMS 0.00571
RMS 0.00571
RMS 0.00571
RMS 0.00570
RMS 0.00570
RMS 0.00570
RMS 0.00569
RMS 0.00569
RMS 0.00569
RMS 0.00568
RMS 0.00568
RMS 0.00567
RMS 0.00567
RMS 0.00567
RMS 0.00566
RMS 0.00566
RMS 0.00566
RMS 0.00565
RMS 0.00565
RMS 0.00565
RMS 0.00564
RMS 0.00564
RMS 0.00564
RMS 0.00563
RMS 0.00563
RMS 0.00563
RMS 0.00562
RMS 0.00562
RMS 0.00562
RMS 0.00561
RMS 0.00561
RMS 0.00561
RMS 0.00560
RMS 0.00560
RMS 0.00560
RMS 0.00559
RMS 0.00559
RMS 0.00559
RMS 0.00559
RMS 0.00558
RMS 0.00558
RMS 0.00558
RMS 0.00557
RMS 0.00557
RMS 0.00557
RMS 0.00556
RMS 0.00556
RMS 0.00556
RMS 0.00556
RMS 0.00555
RMS 0.00555
RMS 0.00555
RMS 0.00554
RMS 0.00554
RMS 0.00554
RMS 0.00554
RMS 0.00553
RMS 0.00553
RMS 0.00553
RMS 0.00552
RMS 0.00552
RMS 0.00552
RMS 0.00552
RMS 0.00551
RMS 0.00551
RMS 0.00551
RMS 0.00550
RMS 0.00550
RMS 0.00550
RMS 0.00550
RMS 0.00549
RMS 0.00549
RMS 0.00549
RMS 0.00549
RMS 0.00548
RMS 0.00548
RMS 0.00548
RMS 0.00548
RMS 0.00547
RMS 0.00547
RMS 0.00547
RMS 0.00547
RMS 0.00546
RMS 0.00546
RMS 0.00546
RMS 0.00546
RMS 0.00545
RMS 0.00545
RMS 0.00545
RMS 0.00545
RMS 0.00544
RMS 0.00544
RMS 0.00544
RMS 0.00544
RMS 0.00543
RMS 0.00543
RMS 0.00543
RMS 0.00543
RMS 0.00542
RMS 0.00542
RMS 0.00542
RMS 0.00542
RMS 0.00541
RMS 0.00541
RMS 0.00541
RMS 0.00541
RMS 0.00541
RMS 0.00540
RMS 0.00540
RMS 0.00540
RMS 0.00540
RMS 0.00539
RMS 0.00539
RMS 0.00539
RMS 0.00539
RMS 0.00539
RMS 0.00538
RMS 0.00538
RMS 0.00538
RMS 0.00538
RMS 0.00537
RMS 0.00537
RMS 0.00537
RMS 0.00537
RMS 0.00537
RMS 0.00536
RMS 0.00536
RMS 0.00536
RMS 0.00536
RMS 0.00536
RMS 0.00535
RMS 0.00535
RMS 0.00535
RMS 0.00535
RMS 0.00535
RMS 0.00534
RMS 0.00534
RMS 0.00534
RMS 0.00534
RMS 0.00534
RMS 0.00533
RMS 0.00533
RMS 0.00533
RMS 0.00533
RMS 0.00533
RMS 0.00532
RMS 0.00532
RMS 0.00532
RMS 0.00532
RMS 0.00532
RMS 0.00531
RMS 0.00531
RMS 0.00531
RMS 0.00531
RMS 0.00531
RMS 0.00531
RMS 0.00530
RMS 0.00530
RMS 0.00530
RMS 0.00530
RMS 0.00530
RMS 0.00529
RMS 0.00529
RMS 0.00529
RMS 0.00529
RMS 0.00529

##################TEST##################
Test : ACIERTOS = 4 100%
Test FALLOS = 0 0%
