-0.40 -0.06 
-0.02 -0.48 
-0.49 0.44 
0.06 0.03 
-0.18 -0.14 
-0.30 0.35 
0.11 0.23 
0.48 -0.49 
0.02 -0.22 
0.39 -0.50 
0.24 -0.06 -0.26 -0.10 0.21 0.48 -0.39 -0.44 -0.13 0.20 
-0.33 -0.04 -0.37 0.16 -0.02 -0.36 0.10 -0.47 0.18 0.42 
-0.11 0.38 0.28 -0.50 0.10 0.26 -0.49 -0.38 -0.47 0.40 -0.38 0.28 

##################LEARN##################
RMS 1.50682
RMS 1.47517
RMS 1.44754
RMS 1.42334
RMS 1.40204
RMS 1.38322
RMS 1.36651
RMS 1.35162
RMS 1.33828
RMS 1.32627
RMS 1.31541
RMS 1.30555
RMS 1.29654
RMS 1.28827
RMS 1.28066
RMS 1.27360
RMS 1.26703
RMS 1.26089
RMS 1.25512
RMS 1.24968
RMS 1.24451
RMS 1.23960
RMS 1.23490
RMS 1.23039
RMS 1.22603
RMS 1.22182
RMS 1.21773
RMS 1.21374
RMS 1.20984
RMS 1.20601
RMS 1.20224
RMS 1.19851
RMS 1.19483
RMS 1.19117
RMS 1.18753
RMS 1.18389
RMS 1.18027
RMS 1.17663
RMS 1.17299
RMS 1.16933
RMS 1.16564
RMS 1.16193
RMS 1.15818
RMS 1.15440
RMS 1.15058
RMS 1.14671
RMS 1.14278
RMS 1.13881
RMS 1.13477
RMS 1.13068
RMS 1.12652
RMS 1.12230
RMS 1.11800
RMS 1.11364
RMS 1.10920
RMS 1.10468
RMS 1.10008
RMS 1.09540
RMS 1.09064
RMS 1.08580
RMS 1.08086
RMS 1.07585
RMS 1.07074
RMS 1.06555
RMS 1.06027
RMS 1.05489
RMS 1.04943
RMS 1.04388
RMS 1.03823
RMS 1.03250
RMS 1.02668
RMS 1.02077
RMS 1.01478
RMS 1.00869
RMS 1.00252
RMS 0.99627
RMS 0.98994
RMS 0.98353
RMS 0.97704
RMS 0.97047
RMS 0.96383
RMS 0.95712
RMS 0.95034
RMS 0.94350
RMS 0.93659
RMS 0.92963
RMS 0.92261
RMS 0.91553
RMS 0.90840
RMS 0.90123
RMS 0.89401
RMS 0.88675
RMS 0.87945
RMS 0.87212
RMS 0.86476
RMS 0.85736
RMS 0.84995
RMS 0.84251
RMS 0.83505
RMS 0.82758
RMS 0.82009
RMS 0.81260
RMS 0.80510
RMS 0.79759
RMS 0.79008
RMS 0.78258
RMS 0.77507
RMS 0.76758
RMS 0.76009
RMS 0.75261
RMS 0.74514
RMS 0.73769
RMS 0.73026
RMS 0.72284
RMS 0.71545
RMS 0.70808
RMS 0.70073
RMS 0.69341
RMS 0.68612
RMS 0.67886
RMS 0.67162
RMS 0.66442
RMS 0.65725
RMS 0.65012
RMS 0.64302
RMS 0.63596
RMS 0.62894
RMS 0.62196
RMS 0.61501
RMS 0.60811
RMS 0.60125
RMS 0.59443
RMS 0.58765
RMS 0.58092
RMS 0.57423
RMS 0.56759
RMS 0.56100
RMS 0.55445
RMS 0.54795
RMS 0.54150
RMS 0.53510
RMS 0.52874
RMS 0.52244
RMS 0.51618
RMS 0.50998
RMS 0.50382
RMS 0.49772
RMS 0.49167
RMS 0.48567
RMS 0.47972
RMS 0.47383
RMS 0.46799
RMS 0.46220
RMS 0.45646
RMS 0.45078
RMS 0.44515
RMS 0.43958
RMS 0.43406
RMS 0.42859
RMS 0.42318
RMS 0.41782
RMS 0.41251
RMS 0.40727
RMS 0.40207
RMS 0.39693
RMS 0.39184
RMS 0.38681
RMS 0.38184
RMS 0.37691
RMS 0.37205
RMS 0.36723
RMS 0.36247
RMS 0.35777
RMS 0.35312
RMS 0.34852
RMS 0.34398
RMS 0.33949
RMS 0.33505
RMS 0.33067
RMS 0.32634
RMS 0.32206
RMS 0.31784
RMS 0.31366
RMS 0.30954
RMS 0.30547
RMS 0.30146
RMS 0.29749
RMS 0.29358
RMS 0.28971
RMS 0.28590
RMS 0.28213
RMS 0.27842
RMS 0.27475
RMS 0.27114
RMS 0.26757
RMS 0.26405
RMS 0.26057
RMS 0.25715
RMS 0.25377
RMS 0.25044
RMS 0.24715
RMS 0.24391
RMS 0.24072
RMS 0.23757
RMS 0.23446
RMS 0.23140
RMS 0.22838
RMS 0.22540
RMS 0.22247
RMS 0.21958
RMS 0.21673
RMS 0.21392
RMS 0.21115
RMS 0.20843
RMS 0.20574
RMS 0.20309
RMS 0.20048
RMS 0.19791
RMS 0.19537
RMS 0.19287
RMS 0.19041
RMS 0.18799
RMS 0.18560
RMS 0.18325
RMS 0.18093
RMS 0.17865
RMS 0.17640
RMS 0.17418
RMS 0.17200
RMS 0.16985
RMS 0.16773
RMS 0.16565
RMS 0.16359
RMS 0.16157
RMS 0.15957
RMS 0.15761
RMS 0.15568
RMS 0.15377
RMS 0.15190
RMS 0.15005
RMS 0.14823
RMS 0.14643
RMS 0.14467
RMS 0.14293
RMS 0.14121
RMS 0.13953
RMS 0.13786
RMS 0.13623
RMS 0.13461
RMS 0.13302
RMS 0.13146
RMS 0.12992
RMS 0.12840
RMS 0.12690
RMS 0.12543
RMS 0.12398
RMS 0.12255
RMS 0.12114
RMS 0.11975
RMS 0.11839
RMS 0.11704
RMS 0.11571
RMS 0.11441
RMS 0.11312
RMS 0.11185
RMS 0.11060
RMS 0.10937
RMS 0.10815
RMS 0.10696
RMS 0.10578
RMS 0.10462
RMS 0.10347
RMS 0.10235
RMS 0.10124
RMS 0.10014
RMS 0.09906
RMS 0.09800
RMS 0.09695
RMS 0.09592
RMS 0.09490
RMS 0.09389
RMS 0.09291
RMS 0.09193
RMS 0.09097
RMS 0.09002
RMS 0.08909
RMS 0.08817
RMS 0.08726
RMS 0.08636
RMS 0.08548
RMS 0.08461
RMS 0.08375
RMS 0.08291
RMS 0.08207
RMS 0.08125
RMS 0.08044
RMS 0.07964
RMS 0.07885
RMS 0.07807
RMS 0.07731
RMS 0.07655
RMS 0.07580
RMS 0.07507
RMS 0.07434
RMS 0.07362
RMS 0.07292
RMS 0.07222
RMS 0.07153
RMS 0.07085
RMS 0.07018
RMS 0.06952
RMS 0.06887
RMS 0.06823
RMS 0.06759
RMS 0.06697
RMS 0.06635
RMS 0.06574
RMS 0.06514
RMS 0.06454
RMS 0.06396
RMS 0.06338
RMS 0.06281
RMS 0.06225
RMS 0.06169
RMS 0.06114
RMS 0.06060
RMS 0.06006
RMS 0.05953
RMS 0.05901
RMS 0.05850
RMS 0.05799
RMS 0.05749
RMS 0.05699
RMS 0.05650
RMS 0.05602
RMS 0.05554
RMS 0.05507
RMS 0.05460
RMS 0.05414
RMS 0.05369
RMS 0.05324
RMS 0.05280
RMS 0.05236
RMS 0.05193
RMS 0.05150
RMS 0.05108
RMS 0.05066
RMS 0.05025
RMS 0.04984
RMS 0.04944
RMS 0.04904
RMS 0.04865
RMS 0.04826
RMS 0.04788
RMS 0.04750
RMS 0.04713
RMS 0.04676
RMS 0.04639
RMS 0.04603
RMS 0.04567
RMS 0.04532
RMS 0.04497
RMS 0.04463
RMS 0.04429
RMS 0.04395
RMS 0.04362
RMS 0.04329
RMS 0.04296
RMS 0.04264
RMS 0.04232
RMS 0.04201
RMS 0.04170
RMS 0.04139
RMS 0.04109
RMS 0.04079
RMS 0.04049
RMS 0.04019
RMS 0.03990
RMS 0.03962
RMS 0.03933
RMS 0.03905
RMS 0.03877
RMS 0.03850
RMS 0.03823
RMS 0.03796
RMS 0.03769
RMS 0.03743
RMS 0.03717
RMS 0.03691
RMS 0.03665
RMS 0.03640
RMS 0.03615
RMS 0.03591
RMS 0.03566
RMS 0.03542
RMS 0.03518
RMS 0.03494
RMS 0.03471
RMS 0.03448
RMS 0.03425
RMS 0.03402
RMS 0.03380
RMS 0.03358
RMS 0.03336
RMS 0.03314
RMS 0.03292
RMS 0.03271
RMS 0.03250
RMS 0.03229
RMS 0.03208
RMS 0.03188
RMS 0.03168
RMS 0.03147
RMS 0.03128
RMS 0.03108
RMS 0.03089
RMS 0.03069
RMS 0.03050
RMS 0.03031
RMS 0.03013
RMS 0.02994
RMS 0.02976
RMS 0.02958
RMS 0.02940
RMS 0.02922
RMS 0.02904
RMS 0.02887
RMS 0.02870
RMS 0.02852
RMS 0.02835
RMS 0.02819
RMS 0.02802
RMS 0.02786
RMS 0.02769
RMS 0.02753
RMS 0.02737
RMS 0.02721
RMS 0.02706
RMS 0.02690
RMS 0.02675
RMS 0.02659
RMS 0.02644
RMS 0.02629
RMS 0.02614
RMS 0.02600
RMS 0.02585
RMS 0.02571
RMS 0.02556
RMS 0.02542
RMS 0.02528
RMS 0.02514
RMS 0.02501
RMS 0.02487
RMS 0.02473
RMS 0.02460
RMS 0.02447
RMS 0.02433
RMS 0.02420
RMS 0.02408
RMS 0.02395
RMS 0.02382
RMS 0.02369
RMS 0.02357
RMS 0.02345
RMS 0.02332
RMS 0.02320
RMS 0.02308
RMS 0.02296
RMS 0.02284
RMS 0.02273
RMS 0.02261
RMS 0.02249
RMS 0.02238
RMS 0.02227
RMS 0.02215
RMS 0.02204
RMS 0.02193
RMS 0.02182
RMS 0.02171
RMS 0.02161
RMS 0.02150
RMS 0.02139
RMS 0.02129
RMS 0.02119
RMS 0.02108
RMS 0.02098
RMS 0.02088
RMS 0.02078
RMS 0.02068
RMS 0.02058
RMS 0.02048
RMS 0.02039
RMS 0.02029
RMS 0.02019
RMS 0.02010
RMS 0.02000
RMS 0.01991
RMS 0.01982
RMS 0.01973
RMS 0.01964
RMS 0.01955
RMS 0.01946
RMS 0.01937
RMS 0.01928
RMS 0.01919
RMS 0.01910
RMS 0.01902
RMS 0.01893
RMS 0.01885
RMS 0.01877
RMS 0.01868
RMS 0.01860
RMS 0.01852
RMS 0.01844
RMS 0.01836
RMS 0.01828
RMS 0.01820
RMS 0.01812
RMS 0.01804
RMS 0.01796
RMS 0.01788
RMS 0.01781
RMS 0.01773
RMS 0.01766
RMS 0.01758
RMS 0.01751
RMS 0.01744
RMS 0.01736
RMS 0.01729
RMS 0.01722
RMS 0.01715
RMS 0.01708
RMS 0.01701
RMS 0.01694
RMS 0.01687
RMS 0.01680
RMS 0.01673
RMS 0.01666
RMS 0.01660
RMS 0.01653
RMS 0.01646
RMS 0.01640
RMS 0.01633
RMS 0.01627
RMS 0.01620
RMS 0.01614
RMS 0.01608
RMS 0.01602
RMS 0.01595
RMS 0.01589
RMS 0.01583
RMS 0.01577
RMS 0.01571
RMS 0.01565
RMS 0.01559
RMS 0.01553
RMS 0.01547
RMS 0.01541
RMS 0.01536
RMS 0.01530
RMS 0.01524
RMS 0.01518
RMS 0.01513
RMS 0.01507
RMS 0.01502
RMS 0.01496
RMS 0.01491
RMS 0.01485
RMS 0.01480
RMS 0.01475
RMS 0.01469
RMS 0.01464
RMS 0.01459
RMS 0.01454
RMS 0.01448
RMS 0.01443
RMS 0.01438
RMS 0.01433
RMS 0.01428
RMS 0.01423
RMS 0.01418
RMS 0.01413
RMS 0.01408
RMS 0.01404
RMS 0.01399
RMS 0.01394
RMS 0.01389
RMS 0.01384
RMS 0.01380
RMS 0.01375
RMS 0.01371
RMS 0.01366
RMS 0.01361
RMS 0.01357
RMS 0.01352
RMS 0.01348
RMS 0.01343
RMS 0.01339
RMS 0.01335
RMS 0.01330
RMS 0.01326
RMS 0.01322
RMS 0.01317
RMS 0.01313
RMS 0.01309
RMS 0.01305
RMS 0.01301
RMS 0.01297
RMS 0.01292
RMS 0.01288
RMS 0.01284
RMS 0.01280
RMS 0.01276
RMS 0.01272
RMS 0.01268
RMS 0.01265
RMS 0.01261
RMS 0.01257
RMS 0.01253
RMS 0.01249
RMS 0.01245
RMS 0.01242
RMS 0.01238
RMS 0.01234
RMS 0.01230
RMS 0.01227
RMS 0.01223
RMS 0.01220
RMS 0.01216
RMS 0.01212
RMS 0.01209
RMS 0.01205
RMS 0.01202
RMS 0.01198
RMS 0.01195
RMS 0.01191
RMS 0.01188
RMS 0.01185
RMS 0.01181
RMS 0.01178
RMS 0.01175
RMS 0.01171
RMS 0.01168
RMS 0.01165
RMS 0.01161
RMS 0.01158
RMS 0.01155
RMS 0.01152
RMS 0.01149
RMS 0.01145
RMS 0.01142
RMS 0.01139
RMS 0.01136
RMS 0.01133
RMS 0.01130
RMS 0.01127
RMS 0.01124
RMS 0.01121
RMS 0.01118
RMS 0.01115
RMS 0.01112
RMS 0.01109
RMS 0.01106
RMS 0.01103
RMS 0.01100
RMS 0.01098
RMS 0.01095
RMS 0.01092
RMS 0.01089
RMS 0.01086
RMS 0.01083
RMS 0.01081
RMS 0.01078
RMS 0.01075
RMS 0.01073
RMS 0.01070
RMS 0.01067
RMS 0.01065
RMS 0.01062
RMS 0.01059
RMS 0.01057
RMS 0.01054
RMS 0.01051
RMS 0.01049
RMS 0.01046
RMS 0.01044
RMS 0.01041
RMS 0.01039
RMS 0.01036
RMS 0.01034
RMS 0.01031
RMS 0.01029
RMS 0.01026
RMS 0.01024
RMS 0.01022
RMS 0.01019
RMS 0.01017
RMS 0.01014
RMS 0.01012
RMS 0.01010
RMS 0.01007
RMS 0.01005
RMS 0.01003
RMS 0.01000
RMS 0.00998
RMS 0.00996
RMS 0.00994
RMS 0.00991
RMS 0.00989
RMS 0.00987
RMS 0.00985
RMS 0.00983
RMS 0.00980
RMS 0.00978
RMS 0.00976
RMS 0.00974
RMS 0.00972
RMS 0.00970
RMS 0.00968
RMS 0.00965
RMS 0.00963
RMS 0.00961
RMS 0.00959
RMS 0.00957
RMS 0.00955
RMS 0.00953
RMS 0.00951
RMS 0.00949
RMS 0.00947
RMS 0.00945
RMS 0.00943
RMS 0.00941
RMS 0.00939
RMS 0.00937
RMS 0.00935
RMS 0.00934
RMS 0.00932
RMS 0.00930
RMS 0.00928
RMS 0.00926
RMS 0.00924
RMS 0.00922
RMS 0.00920
RMS 0.00919
RMS 0.00917
RMS 0.00915
RMS 0.00913
RMS 0.00911
RMS 0.00909
RMS 0.00908
RMS 0.00906
RMS 0.00904
RMS 0.00902
RMS 0.00901
RMS 0.00899
RMS 0.00897
RMS 0.00896
RMS 0.00894
RMS 0.00892
RMS 0.00890
RMS 0.00889
RMS 0.00887
RMS 0.00885
RMS 0.00884
RMS 0.00882
RMS 0.00881
RMS 0.00879
RMS 0.00877
RMS 0.00876
RMS 0.00874
RMS 0.00872
RMS 0.00871
RMS 0.00869
RMS 0.00868
RMS 0.00866
RMS 0.00865
RMS 0.00863
RMS 0.00862
RMS 0.00860
RMS 0.00858
RMS 0.00857
RMS 0.00855
RMS 0.00854
RMS 0.00852
RMS 0.00851
RMS 0.00850
RMS 0.00848
RMS 0.00847
RMS 0.00845
RMS 0.00844
RMS 0.00842
RMS 0.00841
RMS 0.00839
RMS 0.00838
RMS 0.00837
RMS 0.00835
RMS 0.00834
RMS 0.00832
RMS 0.00831
RMS 0.00830
RMS 0.00828
RMS 0.00827
RMS 0.00826
RMS 0.00824
RMS 0.00823
RMS 0.00822
RMS 0.00820
RMS 0.00819
RMS 0.00818
RMS 0.00816
RMS 0.00815
RMS 0.00814
RMS 0.00812
RMS 0.00811
RMS 0.00810
RMS 0.00809
RMS 0.00807
RMS 0.00806
RMS 0.00805
RMS 0.00804
RMS 0.00802
RMS 0.00801
RMS 0.00800
RMS 0.00799
RMS 0.00797
RMS 0.00796
RMS 0.00795
RMS 0.00794
RMS 0.00793
RMS 0.00791
RMS 0.00790
RMS 0.00789
RMS 0.00788
RMS 0.00787
RMS 0.00786
RMS 0.00784
RMS 0.00783
RMS 0.00782
RMS 0.00781
RMS 0.00780
RMS 0.00779
RMS 0.00778
RMS 0.00777
RMS 0.00775
RMS 0.00774
RMS 0.00773
RMS 0.00772
RMS 0.00771
RMS 0.00770
RMS 0.00769
RMS 0.00768
RMS 0.00767
RMS 0.00766
RMS 0.00765
RMS 0.00764
RMS 0.00763
RMS 0.00762
RMS 0.00761
RMS 0.00759
RMS 0.00758
RMS 0.00757
RMS 0.00756
RMS 0.00755
RMS 0.00754
RMS 0.00753
RMS 0.00752
RMS 0.00751
RMS 0.00750
RMS 0.00749
RMS 0.00748
RMS 0.00747
RMS 0.00746
RMS 0.00746
RMS 0.00745
RMS 0.00744
RMS 0.00743
RMS 0.00742
RMS 0.00741
RMS 0.00740
RMS 0.00739
RMS 0.00738
RMS 0.00737
RMS 0.00736
RMS 0.00735
RMS 0.00734
RMS 0.00733
RMS 0.00732
RMS 0.00732
RMS 0.00731
RMS 0.00730
RMS 0.00729
RMS 0.00728
RMS 0.00727
RMS 0.00726
RMS 0.00725
RMS 0.00724
RMS 0.00724
RMS 0.00723
RMS 0.00722
RMS 0.00721
RMS 0.00720
RMS 0.00719
RMS 0.00718
RMS 0.00718
RMS 0.00717
RMS 0.00716
RMS 0.00715
RMS 0.00714
RMS 0.00714
RMS 0.00713
RMS 0.00712
RMS 0.00711
RMS 0.00710
RMS 0.00709
RMS 0.00709
RMS 0.00708
RMS 0.00707
RMS 0.00706
RMS 0.00706
RMS 0.00705
RMS 0.00704
RMS 0.00703
RMS 0.00702
RMS 0.00702
RMS 0.00701
RMS 0.00700
RMS 0.00699
RMS 0.00699
RMS 0.00698
RMS 0.00697
RMS 0.00696
RMS 0.00696
RMS 0.00695
RMS 0.00694
RMS 0.00693
RMS 0.00693
RMS 0.00692
RMS 0.00691
RMS 0.00691
RMS 0.00690
RMS 0.00689
RMS 0.00688
RMS 0.00688
RMS 0.00687
RMS 0.00686
RMS 0.00686
RMS 0.00685
RMS 0.00684
RMS 0.00683
RMS 0.00683
RMS 0.00682
RMS 0.00681
RMS 0.00681
RMS 0.00680
RMS 0.00679
RMS 0.00679
RMS 0.00678
RMS 0.00677
RMS 0.00677
RMS 0.00676
RMS 0.00675
RMS 0.00675
RMS 0.00674
RMS 0.00673
RMS 0.00673
RMS 0.00672
RMS 0.00672
RMS 0.00671
RMS 0.00670
RMS 0.00670
RMS 0.00669
RMS 0.00668
RMS 0.00668
RMS 0.00667
RMS 0.00667
RMS 0.00666
RMS 0.00665
RMS 0.00665
RMS 0.00664
RMS 0.00664
RMS 0.00663
RMS 0.00662
RMS 0.00662
RMS 0.00661
RMS 0.00661
RMS 0.00660
RMS 0.00659
RMS 0.00659
RMS 0.00658
RMS 0.00658
RMS 0.00657
RMS 0.00656
RMS 0.00656
RMS 0.00655
RMS 0.00655
RMS 0.00654
RMS 0.00654
RMS 0.00653
RMS 0.00652
RMS 0.00652

##################TEST##################
Test : ACIERTOS = 4 100%
Test FALLOS = 0 0%
