0.16 -0.28 
-0.38 -0.28 
0.21 0.36 
0.05 0.37 
-0.08 -0.19 -0.29 -0.10 
-0.07 -0.04 -0.21 0.35 
0.45 -0.02 0.19 0.13 0.02 -0.04 

##################LEARN##################
RMS 1.63815
RMS 1.58443
RMS 1.53686
RMS 1.49469
RMS 1.45725
RMS 1.42396
RMS 1.39429
RMS 1.36779
RMS 1.34406
RMS 1.32275
RMS 1.30355
RMS 1.28621
RMS 1.27049
RMS 1.25620
RMS 1.24316
RMS 1.23122
RMS 1.22025
RMS 1.21013
RMS 1.20076
RMS 1.19205
RMS 1.18392
RMS 1.17631
RMS 1.16915
RMS 1.16239
RMS 1.15598
RMS 1.14988
RMS 1.14405
RMS 1.13845
RMS 1.13306
RMS 1.12785
RMS 1.12279
RMS 1.11786
RMS 1.11305
RMS 1.10833
RMS 1.10368
RMS 1.09910
RMS 1.09458
RMS 1.09009
RMS 1.08562
RMS 1.08118
RMS 1.07674
RMS 1.07230
RMS 1.06785
RMS 1.06338
RMS 1.05890
RMS 1.05438
RMS 1.04983
RMS 1.04524
RMS 1.04060
RMS 1.03591
RMS 1.03117
RMS 1.02637
RMS 1.02151
RMS 1.01659
RMS 1.01159
RMS 1.00653
RMS 1.00139
RMS 0.99617
RMS 0.99087
RMS 0.98548
RMS 0.98002
RMS 0.97446
RMS 0.96882
RMS 0.96308
RMS 0.95725
RMS 0.95133
RMS 0.94531
RMS 0.93920
RMS 0.93299
RMS 0.92668
RMS 0.92026
RMS 0.91375
RMS 0.90714
RMS 0.90043
RMS 0.89362
RMS 0.88670
RMS 0.87969
RMS 0.87258
RMS 0.86536
RMS 0.85805
RMS 0.85064
RMS 0.84314
RMS 0.83554
RMS 0.82785
RMS 0.82006
RMS 0.81219
RMS 0.80424
RMS 0.79620
RMS 0.78808
RMS 0.77988
RMS 0.77161
RMS 0.76327
RMS 0.75486
RMS 0.74638
RMS 0.73785
RMS 0.72926
RMS 0.72063
RMS 0.71194
RMS 0.70322
RMS 0.69445
RMS 0.68566
RMS 0.67684
RMS 0.66799
RMS 0.65913
RMS 0.65026
RMS 0.64139
RMS 0.63251
RMS 0.62363
RMS 0.61476
RMS 0.60591
RMS 0.59708
RMS 0.58827
RMS 0.57949
RMS 0.57074
RMS 0.56203
RMS 0.55337
RMS 0.54475
RMS 0.53619
RMS 0.52768
RMS 0.51923
RMS 0.51084
RMS 0.50252
RMS 0.49428
RMS 0.48610
RMS 0.47801
RMS 0.46999
RMS 0.46206
RMS 0.45422
RMS 0.44646
RMS 0.43879
RMS 0.43122
RMS 0.42374
RMS 0.41636
RMS 0.40907
RMS 0.40188
RMS 0.39480
RMS 0.38781
RMS 0.38093
RMS 0.37415
RMS 0.36747
RMS 0.36090
RMS 0.35443
RMS 0.34806
RMS 0.34180
RMS 0.33565
RMS 0.32959
RMS 0.32364
RMS 0.31780
RMS 0.31206
RMS 0.30641
RMS 0.30088
RMS 0.29544
RMS 0.29010
RMS 0.28486
RMS 0.27972
RMS 0.27468
RMS 0.26973
RMS 0.26488
RMS 0.26012
RMS 0.25545
RMS 0.25088
RMS 0.24640
RMS 0.24200
RMS 0.23769
RMS 0.23347
RMS 0.22933
RMS 0.22528
RMS 0.22131
RMS 0.21742
RMS 0.21361
RMS 0.20988
RMS 0.20622
RMS 0.20264
RMS 0.19913
RMS 0.19570
RMS 0.19234
RMS 0.18904
RMS 0.18582
RMS 0.18266
RMS 0.17957
RMS 0.17654
RMS 0.17357
RMS 0.17067
RMS 0.16782
RMS 0.16504
RMS 0.16231
RMS 0.15964
RMS 0.15703
RMS 0.15447
RMS 0.15196
RMS 0.14951
RMS 0.14710
RMS 0.14475
RMS 0.14244
RMS 0.14018
RMS 0.13797
RMS 0.13580
RMS 0.13368
RMS 0.13160
RMS 0.12956
RMS 0.12757
RMS 0.12561
RMS 0.12370
RMS 0.12182
RMS 0.11998
RMS 0.11818
RMS 0.11641
RMS 0.11468
RMS 0.11299
RMS 0.11132
RMS 0.10969
RMS 0.10810
RMS 0.10653
RMS 0.10500
RMS 0.10349
RMS 0.10202
RMS 0.10057
RMS 0.09915
RMS 0.09776
RMS 0.09639
RMS 0.09506
RMS 0.09374
RMS 0.09245
RMS 0.09119
RMS 0.08995
RMS 0.08874
RMS 0.08754
RMS 0.08637
RMS 0.08522
RMS 0.08409
RMS 0.08299
RMS 0.08190
RMS 0.08083
RMS 0.07979
RMS 0.07876
RMS 0.07775
RMS 0.07676
RMS 0.07578
RMS 0.07483
RMS 0.07389
RMS 0.07297
RMS 0.07206
RMS 0.07117
RMS 0.07030
RMS 0.06944
RMS 0.06859
RMS 0.06776
RMS 0.06695
RMS 0.06615
RMS 0.06536
RMS 0.06459
RMS 0.06383
RMS 0.06308
RMS 0.06235
RMS 0.06162
RMS 0.06091
RMS 0.06021
RMS 0.05953
RMS 0.05885
RMS 0.05819
RMS 0.05753
RMS 0.05689
RMS 0.05626
RMS 0.05564
RMS 0.05502
RMS 0.05442
RMS 0.05383
RMS 0.05324
RMS 0.05267
RMS 0.05211
RMS 0.05155
RMS 0.05100
RMS 0.05046
RMS 0.04993
RMS 0.04941
RMS 0.04890
RMS 0.04839
RMS 0.04789
RMS 0.04740
RMS 0.04692
RMS 0.04644
RMS 0.04597
RMS 0.04551
RMS 0.04506
RMS 0.04461
RMS 0.04417
RMS 0.04373
RMS 0.04330
RMS 0.04288
RMS 0.04247
RMS 0.04206
RMS 0.04165
RMS 0.04125
RMS 0.04086
RMS 0.04047
RMS 0.04009
RMS 0.03972
RMS 0.03935
RMS 0.03898
RMS 0.03862
RMS 0.03827
RMS 0.03792
RMS 0.03757
RMS 0.03723
RMS 0.03689
RMS 0.03656
RMS 0.03624
RMS 0.03591
RMS 0.03560
RMS 0.03528
RMS 0.03497
RMS 0.03467
RMS 0.03437
RMS 0.03407
RMS 0.03378
RMS 0.03349
RMS 0.03320
RMS 0.03292
RMS 0.03264
RMS 0.03237
RMS 0.03210
RMS 0.03183
RMS 0.03156
RMS 0.03130
RMS 0.03105
RMS 0.03079
RMS 0.03054
RMS 0.03029
RMS 0.03005
RMS 0.02981
RMS 0.02957
RMS 0.02933
RMS 0.02910
RMS 0.02887
RMS 0.02865
RMS 0.02842
RMS 0.02820
RMS 0.02798
RMS 0.02777
RMS 0.02755
RMS 0.02734
RMS 0.02713
RMS 0.02693
RMS 0.02673
RMS 0.02653
RMS 0.02633
RMS 0.02613
RMS 0.02594
RMS 0.02575
RMS 0.02556
RMS 0.02537
RMS 0.02519
RMS 0.02500
RMS 0.02482
RMS 0.02464
RMS 0.02447
RMS 0.02429
RMS 0.02412
RMS 0.02395
RMS 0.02378
RMS 0.02362
RMS 0.02345
RMS 0.02329
RMS 0.02313
RMS 0.02297
RMS 0.02281
RMS 0.02265
RMS 0.02250
RMS 0.02235
RMS 0.02220
RMS 0.02205
RMS 0.02190
RMS 0.02176
RMS 0.02161
RMS 0.02147
RMS 0.02133
RMS 0.02119
RMS 0.02105
RMS 0.02091
RMS 0.02078
RMS 0.02065
RMS 0.02051
RMS 0.02038
RMS 0.02025
RMS 0.02013
RMS 0.02000
RMS 0.01987
RMS 0.01975
RMS 0.01963
RMS 0.01950
RMS 0.01938
RMS 0.01927
RMS 0.01915
RMS 0.01903
RMS 0.01892
RMS 0.01880
RMS 0.01869
RMS 0.01858
RMS 0.01846
RMS 0.01835
RMS 0.01825
RMS 0.01814
RMS 0.01803
RMS 0.01793
RMS 0.01782
RMS 0.01772
RMS 0.01762
RMS 0.01752
RMS 0.01741
RMS 0.01732
RMS 0.01722
RMS 0.01712
RMS 0.01702
RMS 0.01693
RMS 0.01683
RMS 0.01674
RMS 0.01665
RMS 0.01655
RMS 0.01646
RMS 0.01637
RMS 0.01628
RMS 0.01619
RMS 0.01611
RMS 0.01602
RMS 0.01593
RMS 0.01585
RMS 0.01576
RMS 0.01568
RMS 0.01560
RMS 0.01552
RMS 0.01543
RMS 0.01535
RMS 0.01527
RMS 0.01519
RMS 0.01512
RMS 0.01504
RMS 0.01496
RMS 0.01488
RMS 0.01481
RMS 0.01473
RMS 0.01466
RMS 0.01459
RMS 0.01451
RMS 0.01444
RMS 0.01437
RMS 0.01430
RMS 0.01423
RMS 0.01416
RMS 0.01409
RMS 0.01402
RMS 0.01395
RMS 0.01389
RMS 0.01382
RMS 0.01375
RMS 0.01369
RMS 0.01362
RMS 0.01356
RMS 0.01349
RMS 0.01343
RMS 0.01337
RMS 0.01330
RMS 0.01324
RMS 0.01318
RMS 0.01312
RMS 0.01306
RMS 0.01300
RMS 0.01294
RMS 0.01288
RMS 0.01282
RMS 0.01277
RMS 0.01271
RMS 0.01265
RMS 0.01260
RMS 0.01254
RMS 0.01248
RMS 0.01243
RMS 0.01238
RMS 0.01232
RMS 0.01227
RMS 0.01221
RMS 0.01216
RMS 0.01211
RMS 0.01206
RMS 0.01201
RMS 0.01196
RMS 0.01190
RMS 0.01185
RMS 0.01180
RMS 0.01176
RMS 0.01171
RMS 0.01166
RMS 0.01161
RMS 0.01156
RMS 0.01151
RMS 0.01147
RMS 0.01142
RMS 0.01137
RMS 0.01133
RMS 0.01128
RMS 0.01124
RMS 0.01119
RMS 0.01115
RMS 0.01110
RMS 0.01106
RMS 0.01102
RMS 0.01097
RMS 0.01093
RMS 0.01089
RMS 0.01084
RMS 0.01080
RMS 0.01076
RMS 0.01072
RMS 0.01068
RMS 0.01064
RMS 0.01060
RMS 0.01056
RMS 0.01052
RMS 0.01048
RMS 0.01044
RMS 0.01040
RMS 0.01036
RMS 0.01032
RMS 0.01029
RMS 0.01025
RMS 0.01021
RMS 0.01017
RMS 0.01014
RMS 0.01010
RMS 0.01006
RMS 0.01003
RMS 0.00999
RMS 0.00996
RMS 0.00992
RMS 0.00989
RMS 0.00985
RMS 0.00982
RMS 0.00978
RMS 0.00975
RMS 0.00971
RMS 0.00968
RMS 0.00965
RMS 0.00961
RMS 0.00958
RMS 0.00955
RMS 0.00952
RMS 0.00948
RMS 0.00945
RMS 0.00942
RMS 0.00939
RMS 0.00936
RMS 0.00933
RMS 0.00930
RMS 0.00927
RMS 0.00924
RMS 0.00921
RMS 0.00918
RMS 0.00915
RMS 0.00912
RMS 0.00909
RMS 0.00906
RMS 0.00903
RMS 0.00900
RMS 0.00897
RMS 0.00894
RMS 0.00892
RMS 0.00889
RMS 0.00886
RMS 0.00883
RMS 0.00881
RMS 0.00878
RMS 0.00875
RMS 0.00872
RMS 0.00870
RMS 0.00867
RMS 0.00864
RMS 0.00862
RMS 0.00859
RMS 0.00857
RMS 0.00854
RMS 0.00852
RMS 0.00849
RMS 0.00847
RMS 0.00844
RMS 0.00842
RMS 0.00839
RMS 0.00837
RMS 0.00834
RMS 0.00832
RMS 0.00829
RMS 0.00827
RMS 0.00825
RMS 0.00822
RMS 0.00820
RMS 0.00818
RMS 0.00815
RMS 0.00813
RMS 0.00811
RMS 0.00809
RMS 0.00806
RMS 0.00804
RMS 0.00802
RMS 0.00800
RMS 0.00798
RMS 0.00795
RMS 0.00793
RMS 0.00791
RMS 0.00789
RMS 0.00787
RMS 0.00785
RMS 0.00783
RMS 0.00781
RMS 0.00779
RMS 0.00776
RMS 0.00774
RMS 0.00772
RMS 0.00770
RMS 0.00768
RMS 0.00766
RMS 0.00764
RMS 0.00762
RMS 0.00761
RMS 0.00759
RMS 0.00757
RMS 0.00755
RMS 0.00753
RMS 0.00751
RMS 0.00749
RMS 0.00747
RMS 0.00745
RMS 0.00744
RMS 0.00742
RMS 0.00740
RMS 0.00738
RMS 0.00736
RMS 0.00734
RMS 0.00733
RMS 0.00731
RMS 0.00729
RMS 0.00727
RMS 0.00726
RMS 0.00724
RMS 0.00722
RMS 0.00721
RMS 0.00719
RMS 0.00717
RMS 0.00716
RMS 0.00714
RMS 0.00712
RMS 0.00711
RMS 0.00709
RMS 0.00707
RMS 0.00706
RMS 0.00704
RMS 0.00702
RMS 0.00701
RMS 0.00699
RMS 0.00698
RMS 0.00696
RMS 0.00695
RMS 0.00693
RMS 0.00692
RMS 0.00690
RMS 0.00689
RMS 0.00687
RMS 0.00686
RMS 0.00684
RMS 0.00683
RMS 0.00681
RMS 0.00680
RMS 0.00678
RMS 0.00677
RMS 0.00675
RMS 0.00674
RMS 0.00672
RMS 0.00671
RMS 0.00670
RMS 0.00668
RMS 0.00667
RMS 0.00665
RMS 0.00664
RMS 0.00663
RMS 0.00661
RMS 0.00660
RMS 0.00659
RMS 0.00657
RMS 0.00656
RMS 0.00655
RMS 0.00653
RMS 0.00652
RMS 0.00651
RMS 0.00650
RMS 0.00648
RMS 0.00647
RMS 0.00646
RMS 0.00644
RMS 0.00643
RMS 0.00642
RMS 0.00641
RMS 0.00639
RMS 0.00638
RMS 0.00637
RMS 0.00636
RMS 0.00635
RMS 0.00633
RMS 0.00632
RMS 0.00631
RMS 0.00630
RMS 0.00629
RMS 0.00628
RMS 0.00626
RMS 0.00625
RMS 0.00624
RMS 0.00623
RMS 0.00622
RMS 0.00621
RMS 0.00620
RMS 0.00618
RMS 0.00617
RMS 0.00616
RMS 0.00615
RMS 0.00614
RMS 0.00613
RMS 0.00612
RMS 0.00611
RMS 0.00610
RMS 0.00609
RMS 0.00608
RMS 0.00607
RMS 0.00605
RMS 0.00604
RMS 0.00603
RMS 0.00602
RMS 0.00601
RMS 0.00600
RMS 0.00599
RMS 0.00598
RMS 0.00597
RMS 0.00596
RMS 0.00595
RMS 0.00594
RMS 0.00593
RMS 0.00592
RMS 0.00591
RMS 0.00590
RMS 0.00589
RMS 0.00589
RMS 0.00588
RMS 0.00587
RMS 0.00586
RMS 0.00585
RMS 0.00584
RMS 0.00583
RMS 0.00582
RMS 0.00581
RMS 0.00580
RMS 0.00579
RMS 0.00578
RMS 0.00577
RMS 0.00577
RMS 0.00576
RMS 0.00575
RMS 0.00574
RMS 0.00573
RMS 0.00572
RMS 0.00571
RMS 0.00570
RMS 0.00570
RMS 0.00569
RMS 0.00568
RMS 0.00567
RMS 0.00566
RMS 0.00565
RMS 0.00564
RMS 0.00564
RMS 0.00563
RMS 0.00562
RMS 0.00561
RMS 0.00560
RMS 0.00560
RMS 0.00559
RMS 0.00558
RMS 0.00557
RMS 0.00556
RMS 0.00556
RMS 0.00555
RMS 0.00554
RMS 0.00553
RMS 0.00552
RMS 0.00552
RMS 0.00551
RMS 0.00550
RMS 0.00549
RMS 0.00549
RMS 0.00548
RMS 0.00547
RMS 0.00546
RMS 0.00546
RMS 0.00545
RMS 0.00544
RMS 0.00543
RMS 0.00543
RMS 0.00542
RMS 0.00541
RMS 0.00541
RMS 0.00540
RMS 0.00539
RMS 0.00538
RMS 0.00538
RMS 0.00537
RMS 0.00536
RMS 0.00536
RMS 0.00535
RMS 0.00534
RMS 0.00534
RMS 0.00533
RMS 0.00532
RMS 0.00532
RMS 0.00531
RMS 0.00530
RMS 0.00530
RMS 0.00529
RMS 0.00528
RMS 0.00528
RMS 0.00527
RMS 0.00526
RMS 0.00526
RMS 0.00525
RMS 0.00524
RMS 0.00524
RMS 0.00523
RMS 0.00523
RMS 0.00522
RMS 0.00521
RMS 0.00521
RMS 0.00520
RMS 0.00519
RMS 0.00519
RMS 0.00518
RMS 0.00518
RMS 0.00517
RMS 0.00516
RMS 0.00516
RMS 0.00515
RMS 0.00515
RMS 0.00514
RMS 0.00513
RMS 0.00513
RMS 0.00512
RMS 0.00512
RMS 0.00511
RMS 0.00511
RMS 0.00510
RMS 0.00509
RMS 0.00509
RMS 0.00508
RMS 0.00508
RMS 0.00507
RMS 0.00507
RMS 0.00506
RMS 0.00506
RMS 0.00505
RMS 0.00504
RMS 0.00504
RMS 0.00503
RMS 0.00503
RMS 0.00502
RMS 0.00502
RMS 0.00501
RMS 0.00501
RMS 0.00500
RMS 0.00500
RMS 0.00499
RMS 0.00499
RMS 0.00498
RMS 0.00498
RMS 0.00497
RMS 0.00497
RMS 0.00496
RMS 0.00496
RMS 0.00495
RMS 0.00495
RMS 0.00494
RMS 0.00494
RMS 0.00493
RMS 0.00493
RMS 0.00492
RMS 0.00492
RMS 0.00491
RMS 0.00491
RMS 0.00490
RMS 0.00490
RMS 0.00489
RMS 0.00489
RMS 0.00488
RMS 0.00488
RMS 0.00487
RMS 0.00487
RMS 0.00486
RMS 0.00486
RMS 0.00486
RMS 0.00485
RMS 0.00485
RMS 0.00484
RMS 0.00484
RMS 0.00483
RMS 0.00483
RMS 0.00482
RMS 0.00482
RMS 0.00481
RMS 0.00481
RMS 0.00481
RMS 0.00480
RMS 0.00480
RMS 0.00479
RMS 0.00479
RMS 0.00478
RMS 0.00478
RMS 0.00478
RMS 0.00477
RMS 0.00477
RMS 0.00476
RMS 0.00476
RMS 0.00475
RMS 0.00475
RMS 0.00475
RMS 0.00474
RMS 0.00474
RMS 0.00473
RMS 0.00473
RMS 0.00473
RMS 0.00472
RMS 0.00472
RMS 0.00471
RMS 0.00471
RMS 0.00471
RMS 0.00470
RMS 0.00470
RMS 0.00469
RMS 0.00469
RMS 0.00469
RMS 0.00468
RMS 0.00468
RMS 0.00468
RMS 0.00467
RMS 0.00467
RMS 0.00466
RMS 0.00466
RMS 0.00466
RMS 0.00465
RMS 0.00465
RMS 0.00465
RMS 0.00464
RMS 0.00464
RMS 0.00463
RMS 0.00463
RMS 0.00463
RMS 0.00462
RMS 0.00462
RMS 0.00462
RMS 0.00461
RMS 0.00461
RMS 0.00461
RMS 0.00460
RMS 0.00460
RMS 0.00460
RMS 0.00459
RMS 0.00459
RMS 0.00459
RMS 0.00458
RMS 0.00458
RMS 0.00458
RMS 0.00457
RMS 0.00457
RMS 0.00456
RMS 0.00456
RMS 0.00456
RMS 0.00455
RMS 0.00455
RMS 0.00455
RMS 0.00455
RMS 0.00454
RMS 0.00454
RMS 0.00454
RMS 0.00453
RMS 0.00453
RMS 0.00453
RMS 0.00452
RMS 0.00452
RMS 0.00452
RMS 0.00451
RMS 0.00451
RMS 0.00451
RMS 0.00450
RMS 0.00450
RMS 0.00450
RMS 0.00449
RMS 0.00449
RMS 0.00449
RMS 0.00449
RMS 0.00448

##################TEST##################
Test : ACIERTOS = 4 100%
Test FALLOS = 0 0%
