0.02 -0.36 -0.39 -0.02 -0.38 -0.01 0.42 0.29 -0.45 
-0.41 0.25 -0.45 0.37 0.46 -0.45 -0.30 -0.46 0.41 
-0.49 0.08 0.18 0.46 0.12 -0.20 0.33 -0.47 0.24 
0.17 -0.48 0.14 0.09 0.04 0.28 0.19 -0.48 0.40 
-0.31 0.44 0.19 -0.26 -0.47 -0.06 -0.21 0.40 -0.10 
-0.16 -0.40 -0.06 -0.24 -0.39 -0.47 0.43 -0.43 0.15 
-0.26 0.40 0.17 0.47 0.07 0.19 0.11 -0.34 -0.27 
-0.11 0.36 -0.25 -0.21 -0.46 -0.30 0.48 
-0.21 -0.27 -0.07 0.08 -0.37 0.33 0.42 
-0.27 -0.23 -0.32 -0.17 -0.21 -0.39 -0.10 0.44 -0.16 

##################LEARN##################
RMS 1.25586
RMS 0.66807
RMS 0.32493
RMS 0.23870
RMS 0.20975
RMS 0.19610
RMS 0.18817
RMS 0.18295
RMS 0.17925
RMS 0.17648
RMS 0.17434
RMS 0.17264
RMS 0.17127
RMS 0.17013
RMS 0.16919
RMS 0.16838
RMS 0.16768
RMS 0.16708
RMS 0.16654
RMS 0.16606
RMS 0.16563
RMS 0.16524
RMS 0.16488
RMS 0.16455
RMS 0.16424
RMS 0.16395
RMS 0.16367
RMS 0.16341
RMS 0.16317
RMS 0.16293
RMS 0.16270
RMS 0.16248
RMS 0.16227
RMS 0.16207
RMS 0.16187
RMS 0.16167
RMS 0.16148
RMS 0.16130
RMS 0.16112
RMS 0.16094
RMS 0.16077
RMS 0.16059
RMS 0.16043
RMS 0.16026
RMS 0.16010
RMS 0.15994
RMS 0.15978
RMS 0.15962
RMS 0.15947
RMS 0.15931
RMS 0.15916
RMS 0.15902
RMS 0.15887
RMS 0.15872
RMS 0.15858
RMS 0.15843
RMS 0.15829
RMS 0.15815
RMS 0.15801
RMS 0.15787
RMS 0.15774
RMS 0.15760
RMS 0.15746
RMS 0.15733
RMS 0.15720
RMS 0.15706
RMS 0.15693
RMS 0.15680
RMS 0.15667
RMS 0.15654
RMS 0.15641
RMS 0.15628
RMS 0.15615
RMS 0.15602
RMS 0.15589
RMS 0.15577
RMS 0.15564
RMS 0.15551
RMS 0.15539
RMS 0.15526
RMS 0.15514
RMS 0.15501
RMS 0.15488
RMS 0.15476
RMS 0.15463
RMS 0.15451
RMS 0.15438
RMS 0.15426
RMS 0.15414
RMS 0.15401
RMS 0.15389
RMS 0.15376
RMS 0.15364
RMS 0.15351
RMS 0.15339
RMS 0.15326
RMS 0.15314
RMS 0.15301
RMS 0.15289
RMS 0.15276
RMS 0.15264
RMS 0.15251
RMS 0.15239
RMS 0.15226
RMS 0.15214
RMS 0.15201
RMS 0.15189
RMS 0.15176
RMS 0.15163
RMS 0.15151
RMS 0.15138
RMS 0.15125
RMS 0.15113
RMS 0.15100
RMS 0.15087
RMS 0.15074
RMS 0.15062
RMS 0.15049
RMS 0.15036
RMS 0.15023
RMS 0.15010
RMS 0.14998
RMS 0.14985
RMS 0.14972
RMS 0.14959
RMS 0.14946
RMS 0.14933
RMS 0.14920
RMS 0.14907
RMS 0.14894
RMS 0.14881
RMS 0.14868
RMS 0.14855
RMS 0.14842
RMS 0.14828
RMS 0.14815
RMS 0.14802
RMS 0.14789
RMS 0.14776
RMS 0.14763
RMS 0.14749
RMS 0.14736
RMS 0.14723
RMS 0.14710
RMS 0.14697
RMS 0.14683
RMS 0.14670
RMS 0.14657
RMS 0.14643
RMS 0.14630
RMS 0.14617
RMS 0.14603
RMS 0.14590
RMS 0.14577
RMS 0.14563
RMS 0.14550
RMS 0.14537
RMS 0.14523
RMS 0.14510
RMS 0.14497
RMS 0.14483
RMS 0.14470
RMS 0.14457
RMS 0.14443
RMS 0.14430
RMS 0.14416
RMS 0.14403
RMS 0.14390
RMS 0.14376
RMS 0.14363
RMS 0.14350
RMS 0.14336
RMS 0.14323
RMS 0.14310
RMS 0.14296
RMS 0.14283
RMS 0.14270
RMS 0.14256
RMS 0.14243
RMS 0.14230
RMS 0.14216
RMS 0.14203
RMS 0.14190
RMS 0.14177
RMS 0.14163
RMS 0.14150
RMS 0.14137
RMS 0.14124
RMS 0.14110
RMS 0.14097
RMS 0.14084
RMS 0.14071
RMS 0.14058
RMS 0.14044
RMS 0.14031
RMS 0.14018
RMS 0.14005
RMS 0.13992
RMS 0.13979
RMS 0.13966
RMS 0.13952
RMS 0.13939
RMS 0.13926
RMS 0.13913
RMS 0.13900
RMS 0.13887
RMS 0.13874
RMS 0.13861
RMS 0.13848
RMS 0.13835
RMS 0.13822
RMS 0.13809
RMS 0.13796
RMS 0.13783
RMS 0.13770
RMS 0.13757
RMS 0.13744
RMS 0.13731
RMS 0.13718
RMS 0.13705
RMS 0.13692
RMS 0.13679
RMS 0.13666
RMS 0.13653
RMS 0.13640
RMS 0.13627
RMS 0.13614
RMS 0.13601
RMS 0.13588
RMS 0.13575
RMS 0.13562
RMS 0.13549
RMS 0.13536
RMS 0.13523
RMS 0.13510
RMS 0.13497
RMS 0.13484
RMS 0.13471
RMS 0.13458
RMS 0.13445
RMS 0.13432
RMS 0.13419
RMS 0.13406
RMS 0.13393
RMS 0.13380
RMS 0.13367
RMS 0.13354
RMS 0.13341
RMS 0.13328
RMS 0.13315
RMS 0.13302
RMS 0.13289
RMS 0.13275
RMS 0.13262
RMS 0.13249
RMS 0.13236
RMS 0.13223
RMS 0.13210
RMS 0.13197
RMS 0.13184
RMS 0.13171
RMS 0.13158
RMS 0.13144
RMS 0.13131
RMS 0.13118
RMS 0.13105
RMS 0.13092
RMS 0.13079
RMS 0.13066
RMS 0.13052
RMS 0.13039
RMS 0.13026
RMS 0.13013
RMS 0.13000
RMS 0.12987
RMS 0.12974
RMS 0.12960
RMS 0.12947
RMS 0.12934
RMS 0.12921
RMS 0.12908
RMS 0.12895
RMS 0.12882
RMS 0.12869
RMS 0.12855
RMS 0.12842
RMS 0.12829
RMS 0.12816
RMS 0.12803
RMS 0.12790
RMS 0.12777
RMS 0.12764
RMS 0.12751
RMS 0.12738
RMS 0.12724
RMS 0.12711
RMS 0.12698
RMS 0.12685
RMS 0.12672
RMS 0.12659
RMS 0.12646
RMS 0.12633
RMS 0.12620
RMS 0.12607
RMS 0.12594
RMS 0.12581
RMS 0.12568
RMS 0.12555
RMS 0.12542
RMS 0.12529
RMS 0.12516
RMS 0.12503
RMS 0.12490
RMS 0.12477
RMS 0.12464
RMS 0.12451
RMS 0.12439
RMS 0.12426
RMS 0.12413
RMS 0.12400
RMS 0.12387
RMS 0.12374
RMS 0.12361
RMS 0.12348
RMS 0.12335
RMS 0.12322
RMS 0.12310
RMS 0.12297
RMS 0.12284
RMS 0.12271
RMS 0.12258
RMS 0.12245
RMS 0.12232
RMS 0.12219
RMS 0.12206
RMS 0.12194
RMS 0.12181
RMS 0.12168
RMS 0.12155
RMS 0.12142
RMS 0.12129
RMS 0.12116
RMS 0.12103
RMS 0.12090
RMS 0.12077
RMS 0.12064
RMS 0.12051
RMS 0.12038
RMS 0.12025
RMS 0.12013
RMS 0.12000
RMS 0.11987
RMS 0.11974
RMS 0.11961
RMS 0.11948
RMS 0.11934
RMS 0.11921
RMS 0.11908
RMS 0.11895
RMS 0.11882
RMS 0.11869
RMS 0.11856
RMS 0.11843
RMS 0.11830
RMS 0.11816
RMS 0.11803
RMS 0.11790
RMS 0.11777
RMS 0.11764
RMS 0.11750
RMS 0.11737
RMS 0.11724
RMS 0.11710
RMS 0.11697
RMS 0.11684
RMS 0.11670
RMS 0.11657
RMS 0.11643
RMS 0.11630
RMS 0.11616
RMS 0.11603
RMS 0.11589
RMS 0.11576
RMS 0.11562
RMS 0.11549
RMS 0.11535
RMS 0.11521
RMS 0.11508
RMS 0.11494
RMS 0.11480
RMS 0.11466
RMS 0.11453
RMS 0.11439
RMS 0.11425
RMS 0.11411
RMS 0.11397
RMS 0.11383
RMS 0.11369
RMS 0.11355
RMS 0.11341
RMS 0.11327
RMS 0.11313
RMS 0.11299
RMS 0.11285
RMS 0.11271
RMS 0.11257
RMS 0.11243
RMS 0.11228
RMS 0.11214
RMS 0.11200
RMS 0.11186
RMS 0.11171
RMS 0.11157
RMS 0.11143
RMS 0.11128
RMS 0.11114
RMS 0.11099
RMS 0.11085
RMS 0.11071
RMS 0.11056
RMS 0.11042
RMS 0.11027
RMS 0.11012
RMS 0.10998
RMS 0.10983
RMS 0.10969
RMS 0.10954
RMS 0.10939
RMS 0.10925
RMS 0.10910
RMS 0.10895
RMS 0.10881
RMS 0.10866
RMS 0.10851
RMS 0.10836
RMS 0.10822
RMS 0.10807
RMS 0.10792
RMS 0.10777
RMS 0.10762
RMS 0.10748
RMS 0.10733
RMS 0.10718
RMS 0.10703
RMS 0.10688
RMS 0.10673
RMS 0.10658
RMS 0.10644
RMS 0.10629
RMS 0.10614
RMS 0.10599
RMS 0.10584
RMS 0.10569
RMS 0.10554
RMS 0.10539
RMS 0.10525
RMS 0.10510
RMS 0.10495
RMS 0.10480
RMS 0.10465
RMS 0.10450
RMS 0.10435
RMS 0.10420
RMS 0.10406
RMS 0.10391
RMS 0.10376
RMS 0.10361
RMS 0.10346
RMS 0.10332
RMS 0.10317
RMS 0.10302
RMS 0.10287
RMS 0.10272
RMS 0.10258
RMS 0.10243
RMS 0.10228
RMS 0.10214
RMS 0.10199
RMS 0.10184
RMS 0.10170
RMS 0.10155
RMS 0.10141
RMS 0.10126
RMS 0.10111
RMS 0.10097
RMS 0.10082
RMS 0.10068
RMS 0.10053
RMS 0.10039
RMS 0.10024
RMS 0.10010
RMS 0.09996
RMS 0.09981
RMS 0.09967
RMS 0.09953
RMS 0.09938
RMS 0.09924
RMS 0.09910
RMS 0.09896
RMS 0.09881
RMS 0.09867
RMS 0.09853
RMS 0.09839
RMS 0.09825
RMS 0.09811
RMS 0.09797
RMS 0.09783
RMS 0.09769
RMS 0.09755
RMS 0.09741
RMS 0.09727
RMS 0.09713
RMS 0.09699
RMS 0.09685
RMS 0.09671
RMS 0.09658
RMS 0.09644
RMS 0.09630
RMS 0.09616
RMS 0.09603
RMS 0.09589
RMS 0.09575
RMS 0.09562
RMS 0.09548
RMS 0.09535
RMS 0.09521
RMS 0.09508
RMS 0.09494
RMS 0.09481
RMS 0.09467
RMS 0.09454
RMS 0.09441
RMS 0.09427
RMS 0.09414
RMS 0.09401
RMS 0.09387
RMS 0.09374
RMS 0.09361
RMS 0.09348
RMS 0.09334
RMS 0.09321
RMS 0.09308
RMS 0.09295
RMS 0.09282
RMS 0.09269
RMS 0.09256
RMS 0.09243
RMS 0.09230
RMS 0.09217
RMS 0.09204
RMS 0.09191
RMS 0.09178
RMS 0.09165
RMS 0.09152
RMS 0.09140
RMS 0.09127
RMS 0.09114
RMS 0.09101
RMS 0.09088
RMS 0.09076
RMS 0.09063
RMS 0.09050
RMS 0.09038
RMS 0.09025
RMS 0.09012
RMS 0.09000
RMS 0.08987
RMS 0.08974
RMS 0.08962
RMS 0.08949
RMS 0.08937
RMS 0.08924
RMS 0.08912
RMS 0.08899
RMS 0.08887
RMS 0.08874
RMS 0.08862
RMS 0.08850
RMS 0.08837
RMS 0.08825
RMS 0.08812
RMS 0.08800
RMS 0.08788
RMS 0.08775
RMS 0.08763
RMS 0.08751
RMS 0.08738
RMS 0.08726
RMS 0.08714
RMS 0.08702
RMS 0.08689
RMS 0.08677
RMS 0.08665
RMS 0.08653
RMS 0.08640
RMS 0.08628
RMS 0.08616
RMS 0.08604
RMS 0.08592
RMS 0.08580
RMS 0.08567
RMS 0.08555
RMS 0.08543
RMS 0.08531
RMS 0.08519
RMS 0.08507
RMS 0.08495
RMS 0.08483
RMS 0.08471
RMS 0.08459
RMS 0.08446
RMS 0.08434
RMS 0.08422
RMS 0.08410
RMS 0.08398
RMS 0.08386
RMS 0.08374
RMS 0.08362
RMS 0.08350
RMS 0.08338
RMS 0.08326
RMS 0.08314
RMS 0.08302
RMS 0.08290
RMS 0.08278
RMS 0.08266
RMS 0.08254
RMS 0.08242
RMS 0.08230
RMS 0.08218
RMS 0.08206
RMS 0.08195
RMS 0.08183
RMS 0.08171
RMS 0.08159
RMS 0.08147
RMS 0.08135
RMS 0.08123
RMS 0.08111
RMS 0.08099
RMS 0.08087
RMS 0.08075
RMS 0.08063
RMS 0.08051
RMS 0.08039
RMS 0.08027
RMS 0.08015
RMS 0.08003
RMS 0.07992
RMS 0.07980
RMS 0.07968
RMS 0.07956
RMS 0.07944
RMS 0.07932
RMS 0.07920
RMS 0.07908
RMS 0.07896
RMS 0.07884
RMS 0.07872
RMS 0.07860
RMS 0.07848
RMS 0.07836
RMS 0.07824
RMS 0.07812
RMS 0.07800
RMS 0.07788
RMS 0.07776
RMS 0.07764
RMS 0.07752
RMS 0.07740
RMS 0.07728
RMS 0.07716
RMS 0.07704
RMS 0.07692
RMS 0.07680
RMS 0.07668
RMS 0.07656
RMS 0.07644
RMS 0.07632
RMS 0.07620
RMS 0.07608
RMS 0.07596
RMS 0.07584
RMS 0.07572
RMS 0.07560
RMS 0.07548
RMS 0.07536
RMS 0.07524
RMS 0.07512
RMS 0.07500
RMS 0.07487
RMS 0.07475
RMS 0.07463
RMS 0.07451
RMS 0.07439
RMS 0.07427
RMS 0.07415
RMS 0.07402
RMS 0.07390
RMS 0.07378
RMS 0.07366
RMS 0.07354
RMS 0.07341
RMS 0.07329
RMS 0.07317
RMS 0.07305
RMS 0.07292
RMS 0.07280
RMS 0.07268
RMS 0.07256
RMS 0.07243
RMS 0.07231
RMS 0.07219
RMS 0.07206
RMS 0.07194
RMS 0.07182
RMS 0.07169
RMS 0.07157
RMS 0.07145
RMS 0.07132
RMS 0.07120
RMS 0.07107
RMS 0.07095
RMS 0.07083
RMS 0.07070
RMS 0.07058
RMS 0.07045
RMS 0.07033
RMS 0.07020
RMS 0.07008
RMS 0.06995
RMS 0.06983
RMS 0.06970
RMS 0.06957
RMS 0.06945
RMS 0.06932
RMS 0.06920
RMS 0.06907
RMS 0.06894
RMS 0.06882
RMS 0.06869
RMS 0.06856
RMS 0.06844
RMS 0.06831
RMS 0.06818
RMS 0.06806
RMS 0.06793
RMS 0.06780
RMS 0.06767
RMS 0.06755
RMS 0.06742
RMS 0.06729
RMS 0.06716
RMS 0.06703
RMS 0.06690
RMS 0.06678
RMS 0.06665
RMS 0.06652
RMS 0.06639
RMS 0.06626
RMS 0.06613
RMS 0.06600
RMS 0.06587
RMS 0.06574
RMS 0.06561
RMS 0.06548
RMS 0.06535
RMS 0.06522
RMS 0.06509
RMS 0.06496
RMS 0.06483
RMS 0.06470
RMS 0.06457
RMS 0.06444
RMS 0.06431
RMS 0.06417
RMS 0.06404
RMS 0.06391
RMS 0.06378
RMS 0.06365
RMS 0.06352
RMS 0.06338
RMS 0.06325
RMS 0.06312
RMS 0.06299
RMS 0.06285
RMS 0.06272
RMS 0.06259
RMS 0.06246
RMS 0.06232
RMS 0.06219
RMS 0.06206
RMS 0.06192
RMS 0.06179
RMS 0.06166
RMS 0.06152
RMS 0.06139
RMS 0.06126
RMS 0.06112
RMS 0.06099
RMS 0.06085
RMS 0.06072
RMS 0.06059
RMS 0.06045
RMS 0.06032
RMS 0.06018
RMS 0.06005
RMS 0.05991
RMS 0.05978
RMS 0.05964
RMS 0.05951
RMS 0.05937
RMS 0.05924
RMS 0.05910
RMS 0.05897
RMS 0.05883
RMS 0.05870
RMS 0.05856
RMS 0.05843
RMS 0.05829
RMS 0.05816
RMS 0.05802
RMS 0.05789
RMS 0.05775
RMS 0.05761
RMS 0.05748
RMS 0.05734
RMS 0.05721
RMS 0.05707
RMS 0.05694
RMS 0.05680
RMS 0.05667
RMS 0.05653
RMS 0.05639
RMS 0.05626
RMS 0.05612
RMS 0.05599
RMS 0.05585
RMS 0.05572
RMS 0.05558
RMS 0.05545
RMS 0.05531
RMS 0.05517
RMS 0.05504
RMS 0.05490
RMS 0.05477
RMS 0.05463
RMS 0.05450
RMS 0.05436
RMS 0.05423
RMS 0.05409
RMS 0.05396
RMS 0.05382
RMS 0.05369
RMS 0.05355
RMS 0.05342
RMS 0.05329
RMS 0.05315
RMS 0.05302
RMS 0.05288
RMS 0.05275
RMS 0.05262
RMS 0.05248
RMS 0.05235
RMS 0.05222
RMS 0.05208
RMS 0.05195
RMS 0.05182
RMS 0.05168
RMS 0.05155
RMS 0.05142
RMS 0.05129
RMS 0.05116
RMS 0.05102
RMS 0.05089
RMS 0.05076
RMS 0.05063
RMS 0.05050
RMS 0.05037
RMS 0.05024
RMS 0.05011
RMS 0.04998
RMS 0.04985
RMS 0.04972
RMS 0.04959
RMS 0.04946
RMS 0.04933
RMS 0.04920
RMS 0.04907
RMS 0.04895
RMS 0.04882
RMS 0.04869
RMS 0.04856
RMS 0.04844
RMS 0.04831
RMS 0.04818
RMS 0.04806
RMS 0.04793
RMS 0.04781
RMS 0.04768
RMS 0.04755
RMS 0.04743
RMS 0.04731
RMS 0.04718
RMS 0.04706
RMS 0.04694
RMS 0.04681
RMS 0.04669
RMS 0.04657
RMS 0.04645
RMS 0.04632
RMS 0.04620
RMS 0.04608
RMS 0.04596
RMS 0.04584
RMS 0.04572
RMS 0.04560
RMS 0.04548
RMS 0.04536
RMS 0.04524
RMS 0.04512
RMS 0.04501
RMS 0.04489
RMS 0.04477
RMS 0.04465
RMS 0.04454
RMS 0.04442
RMS 0.04431
RMS 0.04419
RMS 0.04407
RMS 0.04396
RMS 0.04384
RMS 0.04373
RMS 0.04362
RMS 0.04350
RMS 0.04339
RMS 0.04328
RMS 0.04316
RMS 0.04305
RMS 0.04294
RMS 0.04283
RMS 0.04272
RMS 0.04260
RMS 0.04249
RMS 0.04238
RMS 0.04227
RMS 0.04216
RMS 0.04205
RMS 0.04194
RMS 0.04183
RMS 0.04173
RMS 0.04162
RMS 0.04151
RMS 0.04140
RMS 0.04129
RMS 0.04119
RMS 0.04108
RMS 0.04097
RMS 0.04086
RMS 0.04076
RMS 0.04065
RMS 0.04055
RMS 0.04044
RMS 0.04034
RMS 0.04023
RMS 0.04012
RMS 0.04002
RMS 0.03992
RMS 0.03981
RMS 0.03971
RMS 0.03960
RMS 0.03950
RMS 0.03940
RMS 0.03929
RMS 0.03919
RMS 0.03909
RMS 0.03898
RMS 0.03888
RMS 0.03878
RMS 0.03868
RMS 0.03857
RMS 0.03847
RMS 0.03837
RMS 0.03827
RMS 0.03817
RMS 0.03806
RMS 0.03796
RMS 0.03786
RMS 0.03776
RMS 0.03766
RMS 0.03756
RMS 0.03746
RMS 0.03736
RMS 0.03726
RMS 0.03716
RMS 0.03706
RMS 0.03696
RMS 0.03686
RMS 0.03676
RMS 0.03666

##################TEST##################
Test : ACIERTOS = 467 95%
Test FALLOS = 23 5%
