0.09 0.10 -0.21 0.05 
0.48 0.40 -0.27 -0.19 
0.19 -0.48 
-0.36 0.48 
0.20 -0.10 
-0.26 -0.24 -0.36 -0.33 0.01 

##################LEARN##################
Epoca 1 | ACIERTOS = 55 37%
Epoca 1 | FALLOS = 95 63%
Epoca 2 | ACIERTOS = 50 33%
Epoca 2 | FALLOS = 100 67%
Epoca 3 | ACIERTOS = 45 30%
Epoca 3 | FALLOS = 105 70%
Epoca 4 | ACIERTOS = 49 33%
Epoca 4 | FALLOS = 101 67%
Epoca 5 | ACIERTOS = 45 30%
Epoca 5 | FALLOS = 105 70%
Epoca 6 | ACIERTOS = 44 29%
Epoca 6 | FALLOS = 106 71%
Epoca 7 | ACIERTOS = 46 31%
Epoca 7 | FALLOS = 104 69%
Epoca 8 | ACIERTOS = 49 33%
Epoca 8 | FALLOS = 101 67%
Epoca 9 | ACIERTOS = 46 31%
Epoca 9 | FALLOS = 104 69%
Epoca 10 | ACIERTOS = 46 31%
Epoca 10 | FALLOS = 104 69%
Epoca 11 | ACIERTOS = 48 32%
Epoca 11 | FALLOS = 102 68%
Epoca 12 | ACIERTOS = 46 31%
Epoca 12 | FALLOS = 104 69%
Epoca 13 | ACIERTOS = 46 31%
Epoca 13 | FALLOS = 104 69%
Epoca 14 | ACIERTOS = 44 29%
Epoca 14 | FALLOS = 106 71%
Epoca 15 | ACIERTOS = 44 29%
Epoca 15 | FALLOS = 106 71%
Epoca 16 | ACIERTOS = 46 31%
Epoca 16 | FALLOS = 104 69%
Epoca 17 | ACIERTOS = 46 31%
Epoca 17 | FALLOS = 104 69%
Epoca 18 | ACIERTOS = 46 31%
Epoca 18 | FALLOS = 104 69%
Epoca 19 | ACIERTOS = 55 37%
Epoca 19 | FALLOS = 95 63%
Epoca 20 | ACIERTOS = 46 31%
Epoca 20 | FALLOS = 104 69%
Epoca 21 | ACIERTOS = 46 31%
Epoca 21 | FALLOS = 104 69%
Epoca 22 | ACIERTOS = 46 31%
Epoca 22 | FALLOS = 104 69%
Epoca 23 | ACIERTOS = 46 31%
Epoca 23 | FALLOS = 104 69%
Epoca 24 | ACIERTOS = 46 31%
Epoca 24 | FALLOS = 104 69%
Epoca 25 | ACIERTOS = 45 30%
Epoca 25 | FALLOS = 105 70%
Epoca 26 | ACIERTOS = 46 31%
Epoca 26 | FALLOS = 104 69%
Epoca 27 | ACIERTOS = 46 31%
Epoca 27 | FALLOS = 104 69%
Epoca 28 | ACIERTOS = 46 31%
Epoca 28 | FALLOS = 104 69%
Epoca 29 | ACIERTOS = 46 31%
Epoca 29 | FALLOS = 104 69%
Epoca 30 | ACIERTOS = 46 31%
Epoca 30 | FALLOS = 104 69%
Epoca 31 | ACIERTOS = 46 31%
Epoca 31 | FALLOS = 104 69%
Epoca 32 | ACIERTOS = 46 31%
Epoca 32 | FALLOS = 104 69%
Epoca 33 | ACIERTOS = 46 31%
Epoca 33 | FALLOS = 104 69%
Epoca 34 | ACIERTOS = 46 31%
Epoca 34 | FALLOS = 104 69%
Epoca 35 | ACIERTOS = 46 31%
Epoca 35 | FALLOS = 104 69%
Epoca 36 | ACIERTOS = 46 31%
Epoca 36 | FALLOS = 104 69%
Epoca 37 | ACIERTOS = 46 31%
Epoca 37 | FALLOS = 104 69%
Epoca 38 | ACIERTOS = 46 31%
Epoca 38 | FALLOS = 104 69%
Epoca 39 | ACIERTOS = 46 31%
Epoca 39 | FALLOS = 104 69%
Epoca 40 | ACIERTOS = 46 31%
Epoca 40 | FALLOS = 104 69%
Epoca 41 | ACIERTOS = 46 31%
Epoca 41 | FALLOS = 104 69%
Epoca 42 | ACIERTOS = 46 31%
Epoca 42 | FALLOS = 104 69%
Epoca 43 | ACIERTOS = 46 31%
Epoca 43 | FALLOS = 104 69%
Epoca 44 | ACIERTOS = 46 31%
Epoca 44 | FALLOS = 104 69%
Epoca 45 | ACIERTOS = 46 31%
Epoca 45 | FALLOS = 104 69%
Epoca 46 | ACIERTOS = 46 31%
Epoca 46 | FALLOS = 104 69%
Epoca 47 | ACIERTOS = 46 31%
Epoca 47 | FALLOS = 104 69%
Epoca 48 | ACIERTOS = 46 31%
Epoca 48 | FALLOS = 104 69%
Epoca 49 | ACIERTOS = 46 31%
Epoca 49 | FALLOS = 104 69%
Epoca 50 | ACIERTOS = 46 31%
Epoca 50 | FALLOS = 104 69%
Epoca 51 | ACIERTOS = 46 31%
Epoca 51 | FALLOS = 104 69%
Epoca 52 | ACIERTOS = 46 31%
Epoca 52 | FALLOS = 104 69%
Epoca 53 | ACIERTOS = 46 31%
Epoca 53 | FALLOS = 104 69%
Epoca 54 | ACIERTOS = 46 31%
Epoca 54 | FALLOS = 104 69%
Epoca 55 | ACIERTOS = 46 31%
Epoca 55 | FALLOS = 104 69%
Epoca 56 | ACIERTOS = 46 31%
Epoca 56 | FALLOS = 104 69%
Epoca 57 | ACIERTOS = 46 31%
Epoca 57 | FALLOS = 104 69%
Epoca 58 | ACIERTOS = 46 31%
Epoca 58 | FALLOS = 104 69%
Epoca 59 | ACIERTOS = 46 31%
Epoca 59 | FALLOS = 104 69%
Epoca 60 | ACIERTOS = 46 31%
Epoca 60 | FALLOS = 104 69%
Epoca 61 | ACIERTOS = 46 31%
Epoca 61 | FALLOS = 104 69%
Epoca 62 | ACIERTOS = 46 31%
Epoca 62 | FALLOS = 104 69%
Epoca 63 | ACIERTOS = 46 31%
Epoca 63 | FALLOS = 104 69%
Epoca 64 | ACIERTOS = 46 31%
Epoca 64 | FALLOS = 104 69%
Epoca 65 | ACIERTOS = 46 31%
Epoca 65 | FALLOS = 104 69%
Epoca 66 | ACIERTOS = 46 31%
Epoca 66 | FALLOS = 104 69%
Epoca 67 | ACIERTOS = 46 31%
Epoca 67 | FALLOS = 104 69%
Epoca 68 | ACIERTOS = 46 31%
Epoca 68 | FALLOS = 104 69%
Epoca 69 | ACIERTOS = 46 31%
Epoca 69 | FALLOS = 104 69%
Epoca 70 | ACIERTOS = 46 31%
Epoca 70 | FALLOS = 104 69%
Epoca 71 | ACIERTOS = 46 31%
Epoca 71 | FALLOS = 104 69%
Epoca 72 | ACIERTOS = 46 31%
Epoca 72 | FALLOS = 104 69%
Epoca 73 | ACIERTOS = 46 31%
Epoca 73 | FALLOS = 104 69%
Epoca 74 | ACIERTOS = 46 31%
Epoca 74 | FALLOS = 104 69%
Epoca 75 | ACIERTOS = 46 31%
Epoca 75 | FALLOS = 104 69%
Epoca 76 | ACIERTOS = 46 31%
Epoca 76 | FALLOS = 104 69%
Epoca 77 | ACIERTOS = 46 31%
Epoca 77 | FALLOS = 104 69%
Epoca 78 | ACIERTOS = 46 31%
Epoca 78 | FALLOS = 104 69%
Epoca 79 | ACIERTOS = 46 31%
Epoca 79 | FALLOS = 104 69%
Epoca 80 | ACIERTOS = 46 31%
Epoca 80 | FALLOS = 104 69%
Epoca 81 | ACIERTOS = 46 31%
Epoca 81 | FALLOS = 104 69%
Epoca 82 | ACIERTOS = 46 31%
Epoca 82 | FALLOS = 104 69%
Epoca 83 | ACIERTOS = 46 31%
Epoca 83 | FALLOS = 104 69%
Epoca 84 | ACIERTOS = 46 31%
Epoca 84 | FALLOS = 104 69%
Epoca 85 | ACIERTOS = 46 31%
Epoca 85 | FALLOS = 104 69%
Epoca 86 | ACIERTOS = 46 31%
Epoca 86 | FALLOS = 104 69%
Epoca 87 | ACIERTOS = 46 31%
Epoca 87 | FALLOS = 104 69%
Epoca 88 | ACIERTOS = 46 31%
Epoca 88 | FALLOS = 104 69%
Epoca 89 | ACIERTOS = 46 31%
Epoca 89 | FALLOS = 104 69%
Epoca 90 | ACIERTOS = 46 31%
Epoca 90 | FALLOS = 104 69%
Epoca 91 | ACIERTOS = 42 28%
Epoca 91 | FALLOS = 108 72%
Epoca 92 | ACIERTOS = 46 31%
Epoca 92 | FALLOS = 104 69%
Epoca 93 | ACIERTOS = 46 31%
Epoca 93 | FALLOS = 104 69%
Epoca 94 | ACIERTOS = 46 31%
Epoca 94 | FALLOS = 104 69%
Epoca 95 | ACIERTOS = 46 31%
Epoca 95 | FALLOS = 104 69%
Epoca 96 | ACIERTOS = 46 31%
Epoca 96 | FALLOS = 104 69%
Epoca 97 | ACIERTOS = 46 31%
Epoca 97 | FALLOS = 104 69%
Epoca 98 | ACIERTOS = 46 31%
Epoca 98 | FALLOS = 104 69%
Epoca 99 | ACIERTOS = 46 31%
Epoca 99 | FALLOS = 104 69%
Epoca 100 | ACIERTOS = 46 31%
Epoca 100 | FALLOS = 104 69%
Epoca 101 | ACIERTOS = 46 31%
Epoca 101 | FALLOS = 104 69%
Epoca 102 | ACIERTOS = 46 31%
Epoca 102 | FALLOS = 104 69%
Epoca 103 | ACIERTOS = 46 31%
Epoca 103 | FALLOS = 104 69%
Epoca 104 | ACIERTOS = 46 31%
Epoca 104 | FALLOS = 104 69%
Epoca 105 | ACIERTOS = 46 31%
Epoca 105 | FALLOS = 104 69%
Epoca 106 | ACIERTOS = 46 31%
Epoca 106 | FALLOS = 104 69%
Epoca 107 | ACIERTOS = 46 31%
Epoca 107 | FALLOS = 104 69%
Epoca 108 | ACIERTOS = 46 31%
Epoca 108 | FALLOS = 104 69%
Epoca 109 | ACIERTOS = 46 31%
Epoca 109 | FALLOS = 104 69%
Epoca 110 | ACIERTOS = 46 31%
Epoca 110 | FALLOS = 104 69%
Epoca 111 | ACIERTOS = 46 31%
Epoca 111 | FALLOS = 104 69%
Epoca 112 | ACIERTOS = 46 31%
Epoca 112 | FALLOS = 104 69%
Epoca 113 | ACIERTOS = 46 31%
Epoca 113 | FALLOS = 104 69%
Epoca 114 | ACIERTOS = 46 31%
Epoca 114 | FALLOS = 104 69%
Epoca 115 | ACIERTOS = 46 31%
Epoca 115 | FALLOS = 104 69%
Epoca 116 | ACIERTOS = 46 31%
Epoca 116 | FALLOS = 104 69%
Epoca 117 | ACIERTOS = 46 31%
Epoca 117 | FALLOS = 104 69%
Epoca 118 | ACIERTOS = 46 31%
Epoca 118 | FALLOS = 104 69%
Epoca 119 | ACIERTOS = 46 31%
Epoca 119 | FALLOS = 104 69%
Epoca 120 | ACIERTOS = 46 31%
Epoca 120 | FALLOS = 104 69%
Epoca 121 | ACIERTOS = 46 31%
Epoca 121 | FALLOS = 104 69%
Epoca 122 | ACIERTOS = 46 31%
Epoca 122 | FALLOS = 104 69%
Epoca 123 | ACIERTOS = 46 31%
Epoca 123 | FALLOS = 104 69%
Epoca 124 | ACIERTOS = 46 31%
Epoca 124 | FALLOS = 104 69%
Epoca 125 | ACIERTOS = 46 31%
Epoca 125 | FALLOS = 104 69%
Epoca 126 | ACIERTOS = 46 31%
Epoca 126 | FALLOS = 104 69%
Epoca 127 | ACIERTOS = 46 31%
Epoca 127 | FALLOS = 104 69%
Epoca 128 | ACIERTOS = 46 31%
Epoca 128 | FALLOS = 104 69%
Epoca 129 | ACIERTOS = 46 31%
Epoca 129 | FALLOS = 104 69%
Epoca 130 | ACIERTOS = 46 31%
Epoca 130 | FALLOS = 104 69%
Epoca 131 | ACIERTOS = 46 31%
Epoca 131 | FALLOS = 104 69%
Epoca 132 | ACIERTOS = 46 31%
Epoca 132 | FALLOS = 104 69%
Epoca 133 | ACIERTOS = 46 31%
Epoca 133 | FALLOS = 104 69%
Epoca 134 | ACIERTOS = 46 31%
Epoca 134 | FALLOS = 104 69%
Epoca 135 | ACIERTOS = 46 31%
Epoca 135 | FALLOS = 104 69%
Epoca 136 | ACIERTOS = 46 31%
Epoca 136 | FALLOS = 104 69%
Epoca 137 | ACIERTOS = 46 31%
Epoca 137 | FALLOS = 104 69%
Epoca 138 | ACIERTOS = 46 31%
Epoca 138 | FALLOS = 104 69%
Epoca 139 | ACIERTOS = 46 31%
Epoca 139 | FALLOS = 104 69%
Epoca 140 | ACIERTOS = 46 31%
Epoca 140 | FALLOS = 104 69%
Epoca 141 | ACIERTOS = 46 31%
Epoca 141 | FALLOS = 104 69%
Epoca 142 | ACIERTOS = 46 31%
Epoca 142 | FALLOS = 104 69%
Epoca 143 | ACIERTOS = 46 31%
Epoca 143 | FALLOS = 104 69%
Epoca 144 | ACIERTOS = 46 31%
Epoca 144 | FALLOS = 104 69%
Epoca 145 | ACIERTOS = 46 31%
Epoca 145 | FALLOS = 104 69%
Epoca 146 | ACIERTOS = 46 31%
Epoca 146 | FALLOS = 104 69%
Epoca 147 | ACIERTOS = 46 31%
Epoca 147 | FALLOS = 104 69%
Epoca 148 | ACIERTOS = 46 31%
Epoca 148 | FALLOS = 104 69%
Epoca 149 | ACIERTOS = 46 31%
Epoca 149 | FALLOS = 104 69%
Epoca 150 | ACIERTOS = 46 31%
Epoca 150 | FALLOS = 104 69%
Epoca 151 | ACIERTOS = 46 31%
Epoca 151 | FALLOS = 104 69%
Epoca 152 | ACIERTOS = 46 31%
Epoca 152 | FALLOS = 104 69%
Epoca 153 | ACIERTOS = 46 31%
Epoca 153 | FALLOS = 104 69%
Epoca 154 | ACIERTOS = 46 31%
Epoca 154 | FALLOS = 104 69%
Epoca 155 | ACIERTOS = 46 31%
Epoca 155 | FALLOS = 104 69%
Epoca 156 | ACIERTOS = 46 31%
Epoca 156 | FALLOS = 104 69%
Epoca 157 | ACIERTOS = 46 31%
Epoca 157 | FALLOS = 104 69%
Epoca 158 | ACIERTOS = 46 31%
Epoca 158 | FALLOS = 104 69%
Epoca 159 | ACIERTOS = 46 31%
Epoca 159 | FALLOS = 104 69%
Epoca 160 | ACIERTOS = 46 31%
Epoca 160 | FALLOS = 104 69%
Epoca 161 | ACIERTOS = 46 31%
Epoca 161 | FALLOS = 104 69%
Epoca 162 | ACIERTOS = 46 31%
Epoca 162 | FALLOS = 104 69%
Epoca 163 | ACIERTOS = 46 31%
Epoca 163 | FALLOS = 104 69%
Epoca 164 | ACIERTOS = 46 31%
Epoca 164 | FALLOS = 104 69%
Epoca 165 | ACIERTOS = 46 31%
Epoca 165 | FALLOS = 104 69%
Epoca 166 | ACIERTOS = 46 31%
Epoca 166 | FALLOS = 104 69%
Epoca 167 | ACIERTOS = 46 31%
Epoca 167 | FALLOS = 104 69%
Epoca 168 | ACIERTOS = 46 31%
Epoca 168 | FALLOS = 104 69%
Epoca 169 | ACIERTOS = 46 31%
Epoca 169 | FALLOS = 104 69%
Epoca 170 | ACIERTOS = 46 31%
Epoca 170 | FALLOS = 104 69%
Epoca 171 | ACIERTOS = 46 31%
Epoca 171 | FALLOS = 104 69%
Epoca 172 | ACIERTOS = 46 31%
Epoca 172 | FALLOS = 104 69%
Epoca 173 | ACIERTOS = 46 31%
Epoca 173 | FALLOS = 104 69%
Epoca 174 | ACIERTOS = 46 31%
Epoca 174 | FALLOS = 104 69%
Epoca 175 | ACIERTOS = 46 31%
Epoca 175 | FALLOS = 104 69%
Epoca 176 | ACIERTOS = 46 31%
Epoca 176 | FALLOS = 104 69%
Epoca 177 | ACIERTOS = 46 31%
Epoca 177 | FALLOS = 104 69%
Epoca 178 | ACIERTOS = 46 31%
Epoca 178 | FALLOS = 104 69%
Epoca 179 | ACIERTOS = 46 31%
Epoca 179 | FALLOS = 104 69%
Epoca 180 | ACIERTOS = 46 31%
Epoca 180 | FALLOS = 104 69%
Epoca 181 | ACIERTOS = 46 31%
Epoca 181 | FALLOS = 104 69%
Epoca 182 | ACIERTOS = 46 31%
Epoca 182 | FALLOS = 104 69%
Epoca 183 | ACIERTOS = 46 31%
Epoca 183 | FALLOS = 104 69%
Epoca 184 | ACIERTOS = 46 31%
Epoca 184 | FALLOS = 104 69%
Epoca 185 | ACIERTOS = 46 31%
Epoca 185 | FALLOS = 104 69%
Epoca 186 | ACIERTOS = 46 31%
Epoca 186 | FALLOS = 104 69%
Epoca 187 | ACIERTOS = 46 31%
Epoca 187 | FALLOS = 104 69%
Epoca 188 | ACIERTOS = 46 31%
Epoca 188 | FALLOS = 104 69%
Epoca 189 | ACIERTOS = 46 31%
Epoca 189 | FALLOS = 104 69%
Epoca 190 | ACIERTOS = 46 31%
Epoca 190 | FALLOS = 104 69%
Epoca 191 | ACIERTOS = 46 31%
Epoca 191 | FALLOS = 104 69%
Epoca 192 | ACIERTOS = 46 31%
Epoca 192 | FALLOS = 104 69%
Epoca 193 | ACIERTOS = 46 31%
Epoca 193 | FALLOS = 104 69%
Epoca 194 | ACIERTOS = 46 31%
Epoca 194 | FALLOS = 104 69%
Epoca 195 | ACIERTOS = 46 31%
Epoca 195 | FALLOS = 104 69%
Epoca 196 | ACIERTOS = 46 31%
Epoca 196 | FALLOS = 104 69%
Epoca 197 | ACIERTOS = 46 31%
Epoca 197 | FALLOS = 104 69%
Epoca 198 | ACIERTOS = 46 31%
Epoca 198 | FALLOS = 104 69%
Epoca 199 | ACIERTOS = 46 31%
Epoca 199 | FALLOS = 104 69%
Epoca 200 | ACIERTOS = 46 31%
Epoca 200 | FALLOS = 104 69%
Epoca 201 | ACIERTOS = 46 31%
Epoca 201 | FALLOS = 104 69%
Epoca 202 | ACIERTOS = 46 31%
Epoca 202 | FALLOS = 104 69%
Epoca 203 | ACIERTOS = 46 31%
Epoca 203 | FALLOS = 104 69%
Epoca 204 | ACIERTOS = 46 31%
Epoca 204 | FALLOS = 104 69%
Epoca 205 | ACIERTOS = 46 31%
Epoca 205 | FALLOS = 104 69%
Epoca 206 | ACIERTOS = 46 31%
Epoca 206 | FALLOS = 104 69%
Epoca 207 | ACIERTOS = 46 31%
Epoca 207 | FALLOS = 104 69%
Epoca 208 | ACIERTOS = 46 31%
Epoca 208 | FALLOS = 104 69%
Epoca 209 | ACIERTOS = 46 31%
Epoca 209 | FALLOS = 104 69%
Epoca 210 | ACIERTOS = 46 31%
Epoca 210 | FALLOS = 104 69%
Epoca 211 | ACIERTOS = 46 31%
Epoca 211 | FALLOS = 104 69%
Epoca 212 | ACIERTOS = 46 31%
Epoca 212 | FALLOS = 104 69%
Epoca 213 | ACIERTOS = 46 31%
Epoca 213 | FALLOS = 104 69%
Epoca 214 | ACIERTOS = 46 31%
Epoca 214 | FALLOS = 104 69%
Epoca 215 | ACIERTOS = 46 31%
Epoca 215 | FALLOS = 104 69%
Epoca 216 | ACIERTOS = 46 31%
Epoca 216 | FALLOS = 104 69%
Epoca 217 | ACIERTOS = 46 31%
Epoca 217 | FALLOS = 104 69%
Epoca 218 | ACIERTOS = 46 31%
Epoca 218 | FALLOS = 104 69%
Epoca 219 | ACIERTOS = 46 31%
Epoca 219 | FALLOS = 104 69%
Epoca 220 | ACIERTOS = 46 31%
Epoca 220 | FALLOS = 104 69%
Epoca 221 | ACIERTOS = 46 31%
Epoca 221 | FALLOS = 104 69%
Epoca 222 | ACIERTOS = 46 31%
Epoca 222 | FALLOS = 104 69%
Epoca 223 | ACIERTOS = 46 31%
Epoca 223 | FALLOS = 104 69%
Epoca 224 | ACIERTOS = 46 31%
Epoca 224 | FALLOS = 104 69%
Epoca 225 | ACIERTOS = 46 31%
Epoca 225 | FALLOS = 104 69%
Epoca 226 | ACIERTOS = 46 31%
Epoca 226 | FALLOS = 104 69%
Epoca 227 | ACIERTOS = 46 31%
Epoca 227 | FALLOS = 104 69%
Epoca 228 | ACIERTOS = 46 31%
Epoca 228 | FALLOS = 104 69%
Epoca 229 | ACIERTOS = 46 31%
Epoca 229 | FALLOS = 104 69%
Epoca 230 | ACIERTOS = 46 31%
Epoca 230 | FALLOS = 104 69%
Epoca 231 | ACIERTOS = 46 31%
Epoca 231 | FALLOS = 104 69%
Epoca 232 | ACIERTOS = 46 31%
Epoca 232 | FALLOS = 104 69%
Epoca 233 | ACIERTOS = 46 31%
Epoca 233 | FALLOS = 104 69%
Epoca 234 | ACIERTOS = 46 31%
Epoca 234 | FALLOS = 104 69%
Epoca 235 | ACIERTOS = 46 31%
Epoca 235 | FALLOS = 104 69%
Epoca 236 | ACIERTOS = 46 31%
Epoca 236 | FALLOS = 104 69%
Epoca 237 | ACIERTOS = 46 31%
Epoca 237 | FALLOS = 104 69%
Epoca 238 | ACIERTOS = 46 31%
Epoca 238 | FALLOS = 104 69%
Epoca 239 | ACIERTOS = 46 31%
Epoca 239 | FALLOS = 104 69%
Epoca 240 | ACIERTOS = 46 31%
Epoca 240 | FALLOS = 104 69%
Epoca 241 | ACIERTOS = 46 31%
Epoca 241 | FALLOS = 104 69%
Epoca 242 | ACIERTOS = 46 31%
Epoca 242 | FALLOS = 104 69%
Epoca 243 | ACIERTOS = 46 31%
Epoca 243 | FALLOS = 104 69%
Epoca 244 | ACIERTOS = 46 31%
Epoca 244 | FALLOS = 104 69%
Epoca 245 | ACIERTOS = 46 31%
Epoca 245 | FALLOS = 104 69%
Epoca 246 | ACIERTOS = 46 31%
Epoca 246 | FALLOS = 104 69%
Epoca 247 | ACIERTOS = 46 31%
Epoca 247 | FALLOS = 104 69%
Epoca 248 | ACIERTOS = 46 31%
Epoca 248 | FALLOS = 104 69%
Epoca 249 | ACIERTOS = 46 31%
Epoca 249 | FALLOS = 104 69%
Epoca 250 | ACIERTOS = 46 31%
Epoca 250 | FALLOS = 104 69%
Epoca 251 | ACIERTOS = 46 31%
Epoca 251 | FALLOS = 104 69%
Epoca 252 | ACIERTOS = 46 31%
Epoca 252 | FALLOS = 104 69%
Epoca 253 | ACIERTOS = 46 31%
Epoca 253 | FALLOS = 104 69%
Epoca 254 | ACIERTOS = 46 31%
Epoca 254 | FALLOS = 104 69%
Epoca 255 | ACIERTOS = 46 31%
Epoca 255 | FALLOS = 104 69%
Epoca 256 | ACIERTOS = 46 31%
Epoca 256 | FALLOS = 104 69%
Epoca 257 | ACIERTOS = 46 31%
Epoca 257 | FALLOS = 104 69%
Epoca 258 | ACIERTOS = 46 31%
Epoca 258 | FALLOS = 104 69%
Epoca 259 | ACIERTOS = 46 31%
Epoca 259 | FALLOS = 104 69%
Epoca 260 | ACIERTOS = 46 31%
Epoca 260 | FALLOS = 104 69%
Epoca 261 | ACIERTOS = 46 31%
Epoca 261 | FALLOS = 104 69%
Epoca 262 | ACIERTOS = 46 31%
Epoca 262 | FALLOS = 104 69%
Epoca 263 | ACIERTOS = 46 31%
Epoca 263 | FALLOS = 104 69%
Epoca 264 | ACIERTOS = 46 31%
Epoca 264 | FALLOS = 104 69%
Epoca 265 | ACIERTOS = 46 31%
Epoca 265 | FALLOS = 104 69%
Epoca 266 | ACIERTOS = 46 31%
Epoca 266 | FALLOS = 104 69%
Epoca 267 | ACIERTOS = 46 31%
Epoca 267 | FALLOS = 104 69%
Epoca 268 | ACIERTOS = 46 31%
Epoca 268 | FALLOS = 104 69%
Epoca 269 | ACIERTOS = 46 31%
Epoca 269 | FALLOS = 104 69%
Epoca 270 | ACIERTOS = 46 31%
Epoca 270 | FALLOS = 104 69%
Epoca 271 | ACIERTOS = 46 31%
Epoca 271 | FALLOS = 104 69%
Epoca 272 | ACIERTOS = 46 31%
Epoca 272 | FALLOS = 104 69%
Epoca 273 | ACIERTOS = 46 31%
Epoca 273 | FALLOS = 104 69%
Epoca 274 | ACIERTOS = 46 31%
Epoca 274 | FALLOS = 104 69%
Epoca 275 | ACIERTOS = 46 31%
Epoca 275 | FALLOS = 104 69%
Epoca 276 | ACIERTOS = 46 31%
Epoca 276 | FALLOS = 104 69%
Epoca 277 | ACIERTOS = 46 31%
Epoca 277 | FALLOS = 104 69%
Epoca 278 | ACIERTOS = 46 31%
Epoca 278 | FALLOS = 104 69%
Epoca 279 | ACIERTOS = 46 31%
Epoca 279 | FALLOS = 104 69%
Epoca 280 | ACIERTOS = 46 31%
Epoca 280 | FALLOS = 104 69%
Epoca 281 | ACIERTOS = 46 31%
Epoca 281 | FALLOS = 104 69%
Epoca 282 | ACIERTOS = 46 31%
Epoca 282 | FALLOS = 104 69%
Epoca 283 | ACIERTOS = 46 31%
Epoca 283 | FALLOS = 104 69%
Epoca 284 | ACIERTOS = 46 31%
Epoca 284 | FALLOS = 104 69%
Epoca 285 | ACIERTOS = 46 31%
Epoca 285 | FALLOS = 104 69%
Epoca 286 | ACIERTOS = 46 31%
Epoca 286 | FALLOS = 104 69%
Epoca 287 | ACIERTOS = 46 31%
Epoca 287 | FALLOS = 104 69%
Epoca 288 | ACIERTOS = 46 31%
Epoca 288 | FALLOS = 104 69%
Epoca 289 | ACIERTOS = 46 31%
Epoca 289 | FALLOS = 104 69%
Epoca 290 | ACIERTOS = 46 31%
Epoca 290 | FALLOS = 104 69%
Epoca 291 | ACIERTOS = 46 31%
Epoca 291 | FALLOS = 104 69%
Epoca 292 | ACIERTOS = 46 31%
Epoca 292 | FALLOS = 104 69%
Epoca 293 | ACIERTOS = 46 31%
Epoca 293 | FALLOS = 104 69%
Epoca 294 | ACIERTOS = 46 31%
Epoca 294 | FALLOS = 104 69%
Epoca 295 | ACIERTOS = 46 31%
Epoca 295 | FALLOS = 104 69%
Epoca 296 | ACIERTOS = 46 31%
Epoca 296 | FALLOS = 104 69%
Epoca 297 | ACIERTOS = 46 31%
Epoca 297 | FALLOS = 104 69%
Epoca 298 | ACIERTOS = 46 31%
Epoca 298 | FALLOS = 104 69%
Epoca 299 | ACIERTOS = 46 31%
Epoca 299 | FALLOS = 104 69%
Epoca 300 | ACIERTOS = 46 31%
Epoca 300 | FALLOS = 104 69%
Epoca 301 | ACIERTOS = 46 31%
Epoca 301 | FALLOS = 104 69%
Epoca 302 | ACIERTOS = 46 31%
Epoca 302 | FALLOS = 104 69%
Epoca 303 | ACIERTOS = 46 31%
Epoca 303 | FALLOS = 104 69%
Epoca 304 | ACIERTOS = 46 31%
Epoca 304 | FALLOS = 104 69%
Epoca 305 | ACIERTOS = 46 31%
Epoca 305 | FALLOS = 104 69%
Epoca 306 | ACIERTOS = 46 31%
Epoca 306 | FALLOS = 104 69%
Epoca 307 | ACIERTOS = 46 31%
Epoca 307 | FALLOS = 104 69%
Epoca 308 | ACIERTOS = 46 31%
Epoca 308 | FALLOS = 104 69%
Epoca 309 | ACIERTOS = 46 31%
Epoca 309 | FALLOS = 104 69%
Epoca 310 | ACIERTOS = 46 31%
Epoca 310 | FALLOS = 104 69%
Epoca 311 | ACIERTOS = 46 31%
Epoca 311 | FALLOS = 104 69%
Epoca 312 | ACIERTOS = 46 31%
Epoca 312 | FALLOS = 104 69%
Epoca 313 | ACIERTOS = 46 31%
Epoca 313 | FALLOS = 104 69%
Epoca 314 | ACIERTOS = 46 31%
Epoca 314 | FALLOS = 104 69%
Epoca 315 | ACIERTOS = 46 31%
Epoca 315 | FALLOS = 104 69%
Epoca 316 | ACIERTOS = 46 31%
Epoca 316 | FALLOS = 104 69%
Epoca 317 | ACIERTOS = 46 31%
Epoca 317 | FALLOS = 104 69%
Epoca 318 | ACIERTOS = 46 31%
Epoca 318 | FALLOS = 104 69%
Epoca 319 | ACIERTOS = 46 31%
Epoca 319 | FALLOS = 104 69%
Epoca 320 | ACIERTOS = 46 31%
Epoca 320 | FALLOS = 104 69%
Epoca 321 | ACIERTOS = 46 31%
Epoca 321 | FALLOS = 104 69%
Epoca 322 | ACIERTOS = 46 31%
Epoca 322 | FALLOS = 104 69%
Epoca 323 | ACIERTOS = 46 31%
Epoca 323 | FALLOS = 104 69%
Epoca 324 | ACIERTOS = 46 31%
Epoca 324 | FALLOS = 104 69%
Epoca 325 | ACIERTOS = 46 31%
Epoca 325 | FALLOS = 104 69%
Epoca 326 | ACIERTOS = 46 31%
Epoca 326 | FALLOS = 104 69%
Epoca 327 | ACIERTOS = 46 31%
Epoca 327 | FALLOS = 104 69%
Epoca 328 | ACIERTOS = 46 31%
Epoca 328 | FALLOS = 104 69%
Epoca 329 | ACIERTOS = 46 31%
Epoca 329 | FALLOS = 104 69%
Epoca 330 | ACIERTOS = 46 31%
Epoca 330 | FALLOS = 104 69%
Epoca 331 | ACIERTOS = 46 31%
Epoca 331 | FALLOS = 104 69%
Epoca 332 | ACIERTOS = 46 31%
Epoca 332 | FALLOS = 104 69%
Epoca 333 | ACIERTOS = 46 31%
Epoca 333 | FALLOS = 104 69%
Epoca 334 | ACIERTOS = 46 31%
Epoca 334 | FALLOS = 104 69%
Epoca 335 | ACIERTOS = 46 31%
Epoca 335 | FALLOS = 104 69%
Epoca 336 | ACIERTOS = 46 31%
Epoca 336 | FALLOS = 104 69%
Epoca 337 | ACIERTOS = 46 31%
Epoca 337 | FALLOS = 104 69%
Epoca 338 | ACIERTOS = 46 31%
Epoca 338 | FALLOS = 104 69%
Epoca 339 | ACIERTOS = 46 31%
Epoca 339 | FALLOS = 104 69%
Epoca 340 | ACIERTOS = 46 31%
Epoca 340 | FALLOS = 104 69%
Epoca 341 | ACIERTOS = 46 31%
Epoca 341 | FALLOS = 104 69%
Epoca 342 | ACIERTOS = 46 31%
Epoca 342 | FALLOS = 104 69%
Epoca 343 | ACIERTOS = 46 31%
Epoca 343 | FALLOS = 104 69%
Epoca 344 | ACIERTOS = 46 31%
Epoca 344 | FALLOS = 104 69%
Epoca 345 | ACIERTOS = 46 31%
Epoca 345 | FALLOS = 104 69%
Epoca 346 | ACIERTOS = 46 31%
Epoca 346 | FALLOS = 104 69%
Epoca 347 | ACIERTOS = 46 31%
Epoca 347 | FALLOS = 104 69%
Epoca 348 | ACIERTOS = 46 31%
Epoca 348 | FALLOS = 104 69%
Epoca 349 | ACIERTOS = 46 31%
Epoca 349 | FALLOS = 104 69%
Epoca 350 | ACIERTOS = 46 31%
Epoca 350 | FALLOS = 104 69%
Epoca 351 | ACIERTOS = 46 31%
Epoca 351 | FALLOS = 104 69%
Epoca 352 | ACIERTOS = 46 31%
Epoca 352 | FALLOS = 104 69%
Epoca 353 | ACIERTOS = 46 31%
Epoca 353 | FALLOS = 104 69%
Epoca 354 | ACIERTOS = 46 31%
Epoca 354 | FALLOS = 104 69%
Epoca 355 | ACIERTOS = 46 31%
Epoca 355 | FALLOS = 104 69%
Epoca 356 | ACIERTOS = 46 31%
Epoca 356 | FALLOS = 104 69%
Epoca 357 | ACIERTOS = 46 31%
Epoca 357 | FALLOS = 104 69%
Epoca 358 | ACIERTOS = 46 31%
Epoca 358 | FALLOS = 104 69%
Epoca 359 | ACIERTOS = 46 31%
Epoca 359 | FALLOS = 104 69%
Epoca 360 | ACIERTOS = 46 31%
Epoca 360 | FALLOS = 104 69%
Epoca 361 | ACIERTOS = 46 31%
Epoca 361 | FALLOS = 104 69%
Epoca 362 | ACIERTOS = 46 31%
Epoca 362 | FALLOS = 104 69%
Epoca 363 | ACIERTOS = 46 31%
Epoca 363 | FALLOS = 104 69%
Epoca 364 | ACIERTOS = 46 31%
Epoca 364 | FALLOS = 104 69%
Epoca 365 | ACIERTOS = 46 31%
Epoca 365 | FALLOS = 104 69%
Epoca 366 | ACIERTOS = 46 31%
Epoca 366 | FALLOS = 104 69%
Epoca 367 | ACIERTOS = 46 31%
Epoca 367 | FALLOS = 104 69%
Epoca 368 | ACIERTOS = 46 31%
Epoca 368 | FALLOS = 104 69%
Epoca 369 | ACIERTOS = 46 31%
Epoca 369 | FALLOS = 104 69%
Epoca 370 | ACIERTOS = 46 31%
Epoca 370 | FALLOS = 104 69%
Epoca 371 | ACIERTOS = 46 31%
Epoca 371 | FALLOS = 104 69%
Epoca 372 | ACIERTOS = 46 31%
Epoca 372 | FALLOS = 104 69%
Epoca 373 | ACIERTOS = 46 31%
Epoca 373 | FALLOS = 104 69%
Epoca 374 | ACIERTOS = 46 31%
Epoca 374 | FALLOS = 104 69%
Epoca 375 | ACIERTOS = 46 31%
Epoca 375 | FALLOS = 104 69%
Epoca 376 | ACIERTOS = 46 31%
Epoca 376 | FALLOS = 104 69%
Epoca 377 | ACIERTOS = 46 31%
Epoca 377 | FALLOS = 104 69%
Epoca 378 | ACIERTOS = 46 31%
Epoca 378 | FALLOS = 104 69%
Epoca 379 | ACIERTOS = 46 31%
Epoca 379 | FALLOS = 104 69%
Epoca 380 | ACIERTOS = 46 31%
Epoca 380 | FALLOS = 104 69%
Epoca 381 | ACIERTOS = 46 31%
Epoca 381 | FALLOS = 104 69%
Epoca 382 | ACIERTOS = 46 31%
Epoca 382 | FALLOS = 104 69%
Epoca 383 | ACIERTOS = 46 31%
Epoca 383 | FALLOS = 104 69%
Epoca 384 | ACIERTOS = 46 31%
Epoca 384 | FALLOS = 104 69%
Epoca 385 | ACIERTOS = 46 31%
Epoca 385 | FALLOS = 104 69%
Epoca 386 | ACIERTOS = 46 31%
Epoca 386 | FALLOS = 104 69%
Epoca 387 | ACIERTOS = 46 31%
Epoca 387 | FALLOS = 104 69%
Epoca 388 | ACIERTOS = 46 31%
Epoca 388 | FALLOS = 104 69%
Epoca 389 | ACIERTOS = 46 31%
Epoca 389 | FALLOS = 104 69%
Epoca 390 | ACIERTOS = 46 31%
Epoca 390 | FALLOS = 104 69%
Epoca 391 | ACIERTOS = 46 31%
Epoca 391 | FALLOS = 104 69%
Epoca 392 | ACIERTOS = 46 31%
Epoca 392 | FALLOS = 104 69%
Epoca 393 | ACIERTOS = 46 31%
Epoca 393 | FALLOS = 104 69%
Epoca 394 | ACIERTOS = 46 31%
Epoca 394 | FALLOS = 104 69%
Epoca 395 | ACIERTOS = 46 31%
Epoca 395 | FALLOS = 104 69%
Epoca 396 | ACIERTOS = 46 31%
Epoca 396 | FALLOS = 104 69%
Epoca 397 | ACIERTOS = 46 31%
Epoca 397 | FALLOS = 104 69%
Epoca 398 | ACIERTOS = 46 31%
Epoca 398 | FALLOS = 104 69%
Epoca 399 | ACIERTOS = 46 31%
Epoca 399 | FALLOS = 104 69%
Epoca 400 | ACIERTOS = 46 31%
Epoca 400 | FALLOS = 104 69%
Epoca 401 | ACIERTOS = 46 31%
Epoca 401 | FALLOS = 104 69%
Epoca 402 | ACIERTOS = 46 31%
Epoca 402 | FALLOS = 104 69%
Epoca 403 | ACIERTOS = 46 31%
Epoca 403 | FALLOS = 104 69%
Epoca 404 | ACIERTOS = 46 31%
Epoca 404 | FALLOS = 104 69%
Epoca 405 | ACIERTOS = 46 31%
Epoca 405 | FALLOS = 104 69%
Epoca 406 | ACIERTOS = 46 31%
Epoca 406 | FALLOS = 104 69%
Epoca 407 | ACIERTOS = 46 31%
Epoca 407 | FALLOS = 104 69%
Epoca 408 | ACIERTOS = 46 31%
Epoca 408 | FALLOS = 104 69%
Epoca 409 | ACIERTOS = 46 31%
Epoca 409 | FALLOS = 104 69%
Epoca 410 | ACIERTOS = 46 31%
Epoca 410 | FALLOS = 104 69%
Epoca 411 | ACIERTOS = 46 31%
Epoca 411 | FALLOS = 104 69%
Epoca 412 | ACIERTOS = 46 31%
Epoca 412 | FALLOS = 104 69%
Epoca 413 | ACIERTOS = 46 31%
Epoca 413 | FALLOS = 104 69%
Epoca 414 | ACIERTOS = 46 31%
Epoca 414 | FALLOS = 104 69%
Epoca 415 | ACIERTOS = 46 31%
Epoca 415 | FALLOS = 104 69%
Epoca 416 | ACIERTOS = 46 31%
Epoca 416 | FALLOS = 104 69%
Epoca 417 | ACIERTOS = 46 31%
Epoca 417 | FALLOS = 104 69%
Epoca 418 | ACIERTOS = 46 31%
Epoca 418 | FALLOS = 104 69%
Epoca 419 | ACIERTOS = 46 31%
Epoca 419 | FALLOS = 104 69%
Epoca 420 | ACIERTOS = 46 31%
Epoca 420 | FALLOS = 104 69%
Epoca 421 | ACIERTOS = 46 31%
Epoca 421 | FALLOS = 104 69%
Epoca 422 | ACIERTOS = 46 31%
Epoca 422 | FALLOS = 104 69%
Epoca 423 | ACIERTOS = 46 31%
Epoca 423 | FALLOS = 104 69%
Epoca 424 | ACIERTOS = 46 31%
Epoca 424 | FALLOS = 104 69%
Epoca 425 | ACIERTOS = 46 31%
Epoca 425 | FALLOS = 104 69%
Epoca 426 | ACIERTOS = 46 31%
Epoca 426 | FALLOS = 104 69%
Epoca 427 | ACIERTOS = 46 31%
Epoca 427 | FALLOS = 104 69%
Epoca 428 | ACIERTOS = 46 31%
Epoca 428 | FALLOS = 104 69%
Epoca 429 | ACIERTOS = 46 31%
Epoca 429 | FALLOS = 104 69%
Epoca 430 | ACIERTOS = 46 31%
Epoca 430 | FALLOS = 104 69%
Epoca 431 | ACIERTOS = 46 31%
Epoca 431 | FALLOS = 104 69%
Epoca 432 | ACIERTOS = 46 31%
Epoca 432 | FALLOS = 104 69%
Epoca 433 | ACIERTOS = 46 31%
Epoca 433 | FALLOS = 104 69%
Epoca 434 | ACIERTOS = 46 31%
Epoca 434 | FALLOS = 104 69%
Epoca 435 | ACIERTOS = 46 31%
Epoca 435 | FALLOS = 104 69%
Epoca 436 | ACIERTOS = 46 31%
Epoca 436 | FALLOS = 104 69%
Epoca 437 | ACIERTOS = 46 31%
Epoca 437 | FALLOS = 104 69%
Epoca 438 | ACIERTOS = 46 31%
Epoca 438 | FALLOS = 104 69%
Epoca 439 | ACIERTOS = 46 31%
Epoca 439 | FALLOS = 104 69%
Epoca 440 | ACIERTOS = 46 31%
Epoca 440 | FALLOS = 104 69%
Epoca 441 | ACIERTOS = 46 31%
Epoca 441 | FALLOS = 104 69%
Epoca 442 | ACIERTOS = 46 31%
Epoca 442 | FALLOS = 104 69%
Epoca 443 | ACIERTOS = 46 31%
Epoca 443 | FALLOS = 104 69%
Epoca 444 | ACIERTOS = 46 31%
Epoca 444 | FALLOS = 104 69%
Epoca 445 | ACIERTOS = 46 31%
Epoca 445 | FALLOS = 104 69%
Epoca 446 | ACIERTOS = 46 31%
Epoca 446 | FALLOS = 104 69%
Epoca 447 | ACIERTOS = 46 31%
Epoca 447 | FALLOS = 104 69%
Epoca 448 | ACIERTOS = 46 31%
Epoca 448 | FALLOS = 104 69%
Epoca 449 | ACIERTOS = 46 31%
Epoca 449 | FALLOS = 104 69%
Epoca 450 | ACIERTOS = 46 31%
Epoca 450 | FALLOS = 104 69%
Epoca 451 | ACIERTOS = 46 31%
Epoca 451 | FALLOS = 104 69%
Epoca 452 | ACIERTOS = 46 31%
Epoca 452 | FALLOS = 104 69%
Epoca 453 | ACIERTOS = 46 31%
Epoca 453 | FALLOS = 104 69%
Epoca 454 | ACIERTOS = 46 31%
Epoca 454 | FALLOS = 104 69%
Epoca 455 | ACIERTOS = 46 31%
Epoca 455 | FALLOS = 104 69%
Epoca 456 | ACIERTOS = 46 31%
Epoca 456 | FALLOS = 104 69%
Epoca 457 | ACIERTOS = 46 31%
Epoca 457 | FALLOS = 104 69%
Epoca 458 | ACIERTOS = 46 31%
Epoca 458 | FALLOS = 104 69%
Epoca 459 | ACIERTOS = 46 31%
Epoca 459 | FALLOS = 104 69%
Epoca 460 | ACIERTOS = 46 31%
Epoca 460 | FALLOS = 104 69%
Epoca 461 | ACIERTOS = 46 31%
Epoca 461 | FALLOS = 104 69%
Epoca 462 | ACIERTOS = 46 31%
Epoca 462 | FALLOS = 104 69%
Epoca 463 | ACIERTOS = 46 31%
Epoca 463 | FALLOS = 104 69%
Epoca 464 | ACIERTOS = 46 31%
Epoca 464 | FALLOS = 104 69%
Epoca 465 | ACIERTOS = 46 31%
Epoca 465 | FALLOS = 104 69%
Epoca 466 | ACIERTOS = 46 31%
Epoca 466 | FALLOS = 104 69%
Epoca 467 | ACIERTOS = 46 31%
Epoca 467 | FALLOS = 104 69%
Epoca 468 | ACIERTOS = 46 31%
Epoca 468 | FALLOS = 104 69%
Epoca 469 | ACIERTOS = 46 31%
Epoca 469 | FALLOS = 104 69%
Epoca 470 | ACIERTOS = 46 31%
Epoca 470 | FALLOS = 104 69%
Epoca 471 | ACIERTOS = 46 31%
Epoca 471 | FALLOS = 104 69%
Epoca 472 | ACIERTOS = 46 31%
Epoca 472 | FALLOS = 104 69%
Epoca 473 | ACIERTOS = 46 31%
Epoca 473 | FALLOS = 104 69%
Epoca 474 | ACIERTOS = 46 31%
Epoca 474 | FALLOS = 104 69%
Epoca 475 | ACIERTOS = 46 31%
Epoca 475 | FALLOS = 104 69%
Epoca 476 | ACIERTOS = 46 31%
Epoca 476 | FALLOS = 104 69%
Epoca 477 | ACIERTOS = 46 31%
Epoca 477 | FALLOS = 104 69%
Epoca 478 | ACIERTOS = 46 31%
Epoca 478 | FALLOS = 104 69%
Epoca 479 | ACIERTOS = 46 31%
Epoca 479 | FALLOS = 104 69%
Epoca 480 | ACIERTOS = 46 31%
Epoca 480 | FALLOS = 104 69%
Epoca 481 | ACIERTOS = 46 31%
Epoca 481 | FALLOS = 104 69%
Epoca 482 | ACIERTOS = 46 31%
Epoca 482 | FALLOS = 104 69%
Epoca 483 | ACIERTOS = 46 31%
Epoca 483 | FALLOS = 104 69%
Epoca 484 | ACIERTOS = 46 31%
Epoca 484 | FALLOS = 104 69%
Epoca 485 | ACIERTOS = 46 31%
Epoca 485 | FALLOS = 104 69%
Epoca 486 | ACIERTOS = 46 31%
Epoca 486 | FALLOS = 104 69%
Epoca 487 | ACIERTOS = 46 31%
Epoca 487 | FALLOS = 104 69%
Epoca 488 | ACIERTOS = 46 31%
Epoca 488 | FALLOS = 104 69%
Epoca 489 | ACIERTOS = 46 31%
Epoca 489 | FALLOS = 104 69%
Epoca 490 | ACIERTOS = 46 31%
Epoca 490 | FALLOS = 104 69%
Epoca 491 | ACIERTOS = 46 31%
Epoca 491 | FALLOS = 104 69%
Epoca 492 | ACIERTOS = 46 31%
Epoca 492 | FALLOS = 104 69%
Epoca 493 | ACIERTOS = 46 31%
Epoca 493 | FALLOS = 104 69%
Epoca 494 | ACIERTOS = 46 31%
Epoca 494 | FALLOS = 104 69%
Epoca 495 | ACIERTOS = 46 31%
Epoca 495 | FALLOS = 104 69%
Epoca 496 | ACIERTOS = 46 31%
Epoca 496 | FALLOS = 104 69%
Epoca 497 | ACIERTOS = 46 31%
Epoca 497 | FALLOS = 104 69%
Epoca 498 | ACIERTOS = 46 31%
Epoca 498 | FALLOS = 104 69%
Epoca 499 | ACIERTOS = 46 31%
Epoca 499 | FALLOS = 104 69%
Epoca 500 | ACIERTOS = 46 31%
Epoca 500 | FALLOS = 104 69%
Epoca 501 | ACIERTOS = 46 31%
Epoca 501 | FALLOS = 104 69%
Epoca 502 | ACIERTOS = 46 31%
Epoca 502 | FALLOS = 104 69%
Epoca 503 | ACIERTOS = 46 31%
Epoca 503 | FALLOS = 104 69%
Epoca 504 | ACIERTOS = 46 31%
Epoca 504 | FALLOS = 104 69%
Epoca 505 | ACIERTOS = 46 31%
Epoca 505 | FALLOS = 104 69%
Epoca 506 | ACIERTOS = 46 31%
Epoca 506 | FALLOS = 104 69%
Epoca 507 | ACIERTOS = 46 31%
Epoca 507 | FALLOS = 104 69%
Epoca 508 | ACIERTOS = 46 31%
Epoca 508 | FALLOS = 104 69%
Epoca 509 | ACIERTOS = 46 31%
Epoca 509 | FALLOS = 104 69%
Epoca 510 | ACIERTOS = 46 31%
Epoca 510 | FALLOS = 104 69%
Epoca 511 | ACIERTOS = 46 31%
Epoca 511 | FALLOS = 104 69%
Epoca 512 | ACIERTOS = 46 31%
Epoca 512 | FALLOS = 104 69%
Epoca 513 | ACIERTOS = 46 31%
Epoca 513 | FALLOS = 104 69%
Epoca 514 | ACIERTOS = 46 31%
Epoca 514 | FALLOS = 104 69%
Epoca 515 | ACIERTOS = 46 31%
Epoca 515 | FALLOS = 104 69%
Epoca 516 | ACIERTOS = 46 31%
Epoca 516 | FALLOS = 104 69%
Epoca 517 | ACIERTOS = 46 31%
Epoca 517 | FALLOS = 104 69%
Epoca 518 | ACIERTOS = 46 31%
Epoca 518 | FALLOS = 104 69%
Epoca 519 | ACIERTOS = 46 31%
Epoca 519 | FALLOS = 104 69%
Epoca 520 | ACIERTOS = 46 31%
Epoca 520 | FALLOS = 104 69%
Epoca 521 | ACIERTOS = 46 31%
Epoca 521 | FALLOS = 104 69%
Epoca 522 | ACIERTOS = 46 31%
Epoca 522 | FALLOS = 104 69%
Epoca 523 | ACIERTOS = 46 31%
Epoca 523 | FALLOS = 104 69%
Epoca 524 | ACIERTOS = 46 31%
Epoca 524 | FALLOS = 104 69%
Epoca 525 | ACIERTOS = 46 31%
Epoca 525 | FALLOS = 104 69%
Epoca 526 | ACIERTOS = 46 31%
Epoca 526 | FALLOS = 104 69%
Epoca 527 | ACIERTOS = 46 31%
Epoca 527 | FALLOS = 104 69%
Epoca 528 | ACIERTOS = 46 31%
Epoca 528 | FALLOS = 104 69%
Epoca 529 | ACIERTOS = 46 31%
Epoca 529 | FALLOS = 104 69%
Epoca 530 | ACIERTOS = 46 31%
Epoca 530 | FALLOS = 104 69%
Epoca 531 | ACIERTOS = 46 31%
Epoca 531 | FALLOS = 104 69%
Epoca 532 | ACIERTOS = 46 31%
Epoca 532 | FALLOS = 104 69%
Epoca 533 | ACIERTOS = 46 31%
Epoca 533 | FALLOS = 104 69%
Epoca 534 | ACIERTOS = 46 31%
Epoca 534 | FALLOS = 104 69%
Epoca 535 | ACIERTOS = 46 31%
Epoca 535 | FALLOS = 104 69%
Epoca 536 | ACIERTOS = 46 31%
Epoca 536 | FALLOS = 104 69%
Epoca 537 | ACIERTOS = 46 31%
Epoca 537 | FALLOS = 104 69%
Epoca 538 | ACIERTOS = 46 31%
Epoca 538 | FALLOS = 104 69%
Epoca 539 | ACIERTOS = 46 31%
Epoca 539 | FALLOS = 104 69%
Epoca 540 | ACIERTOS = 46 31%
Epoca 540 | FALLOS = 104 69%
Epoca 541 | ACIERTOS = 46 31%
Epoca 541 | FALLOS = 104 69%
Epoca 542 | ACIERTOS = 46 31%
Epoca 542 | FALLOS = 104 69%
Epoca 543 | ACIERTOS = 46 31%
Epoca 543 | FALLOS = 104 69%
Epoca 544 | ACIERTOS = 46 31%
Epoca 544 | FALLOS = 104 69%
Epoca 545 | ACIERTOS = 46 31%
Epoca 545 | FALLOS = 104 69%
Epoca 546 | ACIERTOS = 46 31%
Epoca 546 | FALLOS = 104 69%
Epoca 547 | ACIERTOS = 46 31%
Epoca 547 | FALLOS = 104 69%
Epoca 548 | ACIERTOS = 46 31%
Epoca 548 | FALLOS = 104 69%
Epoca 549 | ACIERTOS = 46 31%
Epoca 549 | FALLOS = 104 69%
Epoca 550 | ACIERTOS = 46 31%
Epoca 550 | FALLOS = 104 69%
Epoca 551 | ACIERTOS = 46 31%
Epoca 551 | FALLOS = 104 69%
Epoca 552 | ACIERTOS = 46 31%
Epoca 552 | FALLOS = 104 69%
Epoca 553 | ACIERTOS = 46 31%
Epoca 553 | FALLOS = 104 69%
Epoca 554 | ACIERTOS = 46 31%
Epoca 554 | FALLOS = 104 69%
Epoca 555 | ACIERTOS = 46 31%
Epoca 555 | FALLOS = 104 69%
Epoca 556 | ACIERTOS = 46 31%
Epoca 556 | FALLOS = 104 69%
Epoca 557 | ACIERTOS = 46 31%
Epoca 557 | FALLOS = 104 69%
Epoca 558 | ACIERTOS = 46 31%
Epoca 558 | FALLOS = 104 69%
Epoca 559 | ACIERTOS = 46 31%
Epoca 559 | FALLOS = 104 69%
Epoca 560 | ACIERTOS = 46 31%
Epoca 560 | FALLOS = 104 69%
Epoca 561 | ACIERTOS = 46 31%
Epoca 561 | FALLOS = 104 69%
Epoca 562 | ACIERTOS = 46 31%
Epoca 562 | FALLOS = 104 69%
Epoca 563 | ACIERTOS = 46 31%
Epoca 563 | FALLOS = 104 69%
Epoca 564 | ACIERTOS = 46 31%
Epoca 564 | FALLOS = 104 69%
Epoca 565 | ACIERTOS = 46 31%
Epoca 565 | FALLOS = 104 69%
Epoca 566 | ACIERTOS = 46 31%
Epoca 566 | FALLOS = 104 69%
Epoca 567 | ACIERTOS = 46 31%
Epoca 567 | FALLOS = 104 69%
Epoca 568 | ACIERTOS = 46 31%
Epoca 568 | FALLOS = 104 69%
Epoca 569 | ACIERTOS = 46 31%
Epoca 569 | FALLOS = 104 69%
Epoca 570 | ACIERTOS = 46 31%
Epoca 570 | FALLOS = 104 69%
Epoca 571 | ACIERTOS = 46 31%
Epoca 571 | FALLOS = 104 69%
Epoca 572 | ACIERTOS = 46 31%
Epoca 572 | FALLOS = 104 69%
Epoca 573 | ACIERTOS = 46 31%
Epoca 573 | FALLOS = 104 69%
Epoca 574 | ACIERTOS = 46 31%
Epoca 574 | FALLOS = 104 69%
Epoca 575 | ACIERTOS = 46 31%
Epoca 575 | FALLOS = 104 69%
Epoca 576 | ACIERTOS = 46 31%
Epoca 576 | FALLOS = 104 69%
Epoca 577 | ACIERTOS = 46 31%
Epoca 577 | FALLOS = 104 69%
Epoca 578 | ACIERTOS = 46 31%
Epoca 578 | FALLOS = 104 69%
Epoca 579 | ACIERTOS = 46 31%
Epoca 579 | FALLOS = 104 69%
Epoca 580 | ACIERTOS = 46 31%
Epoca 580 | FALLOS = 104 69%
Epoca 581 | ACIERTOS = 46 31%
Epoca 581 | FALLOS = 104 69%
Epoca 582 | ACIERTOS = 46 31%
Epoca 582 | FALLOS = 104 69%
Epoca 583 | ACIERTOS = 46 31%
Epoca 583 | FALLOS = 104 69%
Epoca 584 | ACIERTOS = 46 31%
Epoca 584 | FALLOS = 104 69%
Epoca 585 | ACIERTOS = 46 31%
Epoca 585 | FALLOS = 104 69%
Epoca 586 | ACIERTOS = 46 31%
Epoca 586 | FALLOS = 104 69%
Epoca 587 | ACIERTOS = 46 31%
Epoca 587 | FALLOS = 104 69%
Epoca 588 | ACIERTOS = 46 31%
Epoca 588 | FALLOS = 104 69%
Epoca 589 | ACIERTOS = 46 31%
Epoca 589 | FALLOS = 104 69%
Epoca 590 | ACIERTOS = 46 31%
Epoca 590 | FALLOS = 104 69%
Epoca 591 | ACIERTOS = 46 31%
Epoca 591 | FALLOS = 104 69%
Epoca 592 | ACIERTOS = 46 31%
Epoca 592 | FALLOS = 104 69%
Epoca 593 | ACIERTOS = 46 31%
Epoca 593 | FALLOS = 104 69%
Epoca 594 | ACIERTOS = 46 31%
Epoca 594 | FALLOS = 104 69%
Epoca 595 | ACIERTOS = 46 31%
Epoca 595 | FALLOS = 104 69%
Epoca 596 | ACIERTOS = 46 31%
Epoca 596 | FALLOS = 104 69%
Epoca 597 | ACIERTOS = 46 31%
Epoca 597 | FALLOS = 104 69%
Epoca 598 | ACIERTOS = 46 31%
Epoca 598 | FALLOS = 104 69%
Epoca 599 | ACIERTOS = 46 31%
Epoca 599 | FALLOS = 104 69%
Epoca 600 | ACIERTOS = 46 31%
Epoca 600 | FALLOS = 104 69%
Epoca 601 | ACIERTOS = 46 31%
Epoca 601 | FALLOS = 104 69%
Epoca 602 | ACIERTOS = 46 31%
Epoca 602 | FALLOS = 104 69%
Epoca 603 | ACIERTOS = 46 31%
Epoca 603 | FALLOS = 104 69%
Epoca 604 | ACIERTOS = 46 31%
Epoca 604 | FALLOS = 104 69%
Epoca 605 | ACIERTOS = 46 31%
Epoca 605 | FALLOS = 104 69%
Epoca 606 | ACIERTOS = 46 31%
Epoca 606 | FALLOS = 104 69%
Epoca 607 | ACIERTOS = 46 31%
Epoca 607 | FALLOS = 104 69%
Epoca 608 | ACIERTOS = 46 31%
Epoca 608 | FALLOS = 104 69%
Epoca 609 | ACIERTOS = 46 31%
Epoca 609 | FALLOS = 104 69%
Epoca 610 | ACIERTOS = 46 31%
Epoca 610 | FALLOS = 104 69%
Epoca 611 | ACIERTOS = 46 31%
Epoca 611 | FALLOS = 104 69%
Epoca 612 | ACIERTOS = 46 31%
Epoca 612 | FALLOS = 104 69%
Epoca 613 | ACIERTOS = 46 31%
Epoca 613 | FALLOS = 104 69%
Epoca 614 | ACIERTOS = 46 31%
Epoca 614 | FALLOS = 104 69%
Epoca 615 | ACIERTOS = 46 31%
Epoca 615 | FALLOS = 104 69%
Epoca 616 | ACIERTOS = 46 31%
Epoca 616 | FALLOS = 104 69%
Epoca 617 | ACIERTOS = 46 31%
Epoca 617 | FALLOS = 104 69%
Epoca 618 | ACIERTOS = 46 31%
Epoca 618 | FALLOS = 104 69%
Epoca 619 | ACIERTOS = 46 31%
Epoca 619 | FALLOS = 104 69%
Epoca 620 | ACIERTOS = 46 31%
Epoca 620 | FALLOS = 104 69%
Epoca 621 | ACIERTOS = 46 31%
Epoca 621 | FALLOS = 104 69%
Epoca 622 | ACIERTOS = 46 31%
Epoca 622 | FALLOS = 104 69%
Epoca 623 | ACIERTOS = 46 31%
Epoca 623 | FALLOS = 104 69%
Epoca 624 | ACIERTOS = 46 31%
Epoca 624 | FALLOS = 104 69%
Epoca 625 | ACIERTOS = 46 31%
Epoca 625 | FALLOS = 104 69%
Epoca 626 | ACIERTOS = 46 31%
Epoca 626 | FALLOS = 104 69%
Epoca 627 | ACIERTOS = 46 31%
Epoca 627 | FALLOS = 104 69%
Epoca 628 | ACIERTOS = 46 31%
Epoca 628 | FALLOS = 104 69%
Epoca 629 | ACIERTOS = 46 31%
Epoca 629 | FALLOS = 104 69%
Epoca 630 | ACIERTOS = 46 31%
Epoca 630 | FALLOS = 104 69%
Epoca 631 | ACIERTOS = 46 31%
Epoca 631 | FALLOS = 104 69%
Epoca 632 | ACIERTOS = 46 31%
Epoca 632 | FALLOS = 104 69%
Epoca 633 | ACIERTOS = 46 31%
Epoca 633 | FALLOS = 104 69%
Epoca 634 | ACIERTOS = 46 31%
Epoca 634 | FALLOS = 104 69%
Epoca 635 | ACIERTOS = 46 31%
Epoca 635 | FALLOS = 104 69%
Epoca 636 | ACIERTOS = 46 31%
Epoca 636 | FALLOS = 104 69%
Epoca 637 | ACIERTOS = 46 31%
Epoca 637 | FALLOS = 104 69%
Epoca 638 | ACIERTOS = 46 31%
Epoca 638 | FALLOS = 104 69%
Epoca 639 | ACIERTOS = 46 31%
Epoca 639 | FALLOS = 104 69%
Epoca 640 | ACIERTOS = 46 31%
Epoca 640 | FALLOS = 104 69%
Epoca 641 | ACIERTOS = 46 31%
Epoca 641 | FALLOS = 104 69%
Epoca 642 | ACIERTOS = 46 31%
Epoca 642 | FALLOS = 104 69%
Epoca 643 | ACIERTOS = 46 31%
Epoca 643 | FALLOS = 104 69%
Epoca 644 | ACIERTOS = 46 31%
Epoca 644 | FALLOS = 104 69%
Epoca 645 | ACIERTOS = 46 31%
Epoca 645 | FALLOS = 104 69%
Epoca 646 | ACIERTOS = 46 31%
Epoca 646 | FALLOS = 104 69%
Epoca 647 | ACIERTOS = 46 31%
Epoca 647 | FALLOS = 104 69%
Epoca 648 | ACIERTOS = 46 31%
Epoca 648 | FALLOS = 104 69%
Epoca 649 | ACIERTOS = 46 31%
Epoca 649 | FALLOS = 104 69%
Epoca 650 | ACIERTOS = 46 31%
Epoca 650 | FALLOS = 104 69%
Epoca 651 | ACIERTOS = 46 31%
Epoca 651 | FALLOS = 104 69%
Epoca 652 | ACIERTOS = 46 31%
Epoca 652 | FALLOS = 104 69%
Epoca 653 | ACIERTOS = 46 31%
Epoca 653 | FALLOS = 104 69%
Epoca 654 | ACIERTOS = 46 31%
Epoca 654 | FALLOS = 104 69%
Epoca 655 | ACIERTOS = 46 31%
Epoca 655 | FALLOS = 104 69%
Epoca 656 | ACIERTOS = 46 31%
Epoca 656 | FALLOS = 104 69%
Epoca 657 | ACIERTOS = 46 31%
Epoca 657 | FALLOS = 104 69%
Epoca 658 | ACIERTOS = 46 31%
Epoca 658 | FALLOS = 104 69%
Epoca 659 | ACIERTOS = 46 31%
Epoca 659 | FALLOS = 104 69%
Epoca 660 | ACIERTOS = 46 31%
Epoca 660 | FALLOS = 104 69%
Epoca 661 | ACIERTOS = 46 31%
Epoca 661 | FALLOS = 104 69%
Epoca 662 | ACIERTOS = 46 31%
Epoca 662 | FALLOS = 104 69%
Epoca 663 | ACIERTOS = 46 31%
Epoca 663 | FALLOS = 104 69%
Epoca 664 | ACIERTOS = 46 31%
Epoca 664 | FALLOS = 104 69%
Epoca 665 | ACIERTOS = 46 31%
Epoca 665 | FALLOS = 104 69%
Epoca 666 | ACIERTOS = 46 31%
Epoca 666 | FALLOS = 104 69%
Epoca 667 | ACIERTOS = 46 31%
Epoca 667 | FALLOS = 104 69%
Epoca 668 | ACIERTOS = 46 31%
Epoca 668 | FALLOS = 104 69%
Epoca 669 | ACIERTOS = 46 31%
Epoca 669 | FALLOS = 104 69%
Epoca 670 | ACIERTOS = 46 31%
Epoca 670 | FALLOS = 104 69%
Epoca 671 | ACIERTOS = 46 31%
Epoca 671 | FALLOS = 104 69%
Epoca 672 | ACIERTOS = 46 31%
Epoca 672 | FALLOS = 104 69%
Epoca 673 | ACIERTOS = 46 31%
Epoca 673 | FALLOS = 104 69%
Epoca 674 | ACIERTOS = 46 31%
Epoca 674 | FALLOS = 104 69%
Epoca 675 | ACIERTOS = 46 31%
Epoca 675 | FALLOS = 104 69%
Epoca 676 | ACIERTOS = 46 31%
Epoca 676 | FALLOS = 104 69%
Epoca 677 | ACIERTOS = 46 31%
Epoca 677 | FALLOS = 104 69%
Epoca 678 | ACIERTOS = 46 31%
Epoca 678 | FALLOS = 104 69%
Epoca 679 | ACIERTOS = 46 31%
Epoca 679 | FALLOS = 104 69%
Epoca 680 | ACIERTOS = 46 31%
Epoca 680 | FALLOS = 104 69%
Epoca 681 | ACIERTOS = 46 31%
Epoca 681 | FALLOS = 104 69%
Epoca 682 | ACIERTOS = 46 31%
Epoca 682 | FALLOS = 104 69%
Epoca 683 | ACIERTOS = 46 31%
Epoca 683 | FALLOS = 104 69%
Epoca 684 | ACIERTOS = 46 31%
Epoca 684 | FALLOS = 104 69%
Epoca 685 | ACIERTOS = 46 31%
Epoca 685 | FALLOS = 104 69%
Epoca 686 | ACIERTOS = 46 31%
Epoca 686 | FALLOS = 104 69%
Epoca 687 | ACIERTOS = 46 31%
Epoca 687 | FALLOS = 104 69%
Epoca 688 | ACIERTOS = 46 31%
Epoca 688 | FALLOS = 104 69%
Epoca 689 | ACIERTOS = 46 31%
Epoca 689 | FALLOS = 104 69%
Epoca 690 | ACIERTOS = 46 31%
Epoca 690 | FALLOS = 104 69%
Epoca 691 | ACIERTOS = 46 31%
Epoca 691 | FALLOS = 104 69%
Epoca 692 | ACIERTOS = 46 31%
Epoca 692 | FALLOS = 104 69%
Epoca 693 | ACIERTOS = 46 31%
Epoca 693 | FALLOS = 104 69%
Epoca 694 | ACIERTOS = 46 31%
Epoca 694 | FALLOS = 104 69%
Epoca 695 | ACIERTOS = 46 31%
Epoca 695 | FALLOS = 104 69%
Epoca 696 | ACIERTOS = 46 31%
Epoca 696 | FALLOS = 104 69%
Epoca 697 | ACIERTOS = 46 31%
Epoca 697 | FALLOS = 104 69%
Epoca 698 | ACIERTOS = 46 31%
Epoca 698 | FALLOS = 104 69%
Epoca 699 | ACIERTOS = 46 31%
Epoca 699 | FALLOS = 104 69%
Epoca 700 | ACIERTOS = 46 31%
Epoca 700 | FALLOS = 104 69%
Epoca 701 | ACIERTOS = 46 31%
Epoca 701 | FALLOS = 104 69%
Epoca 702 | ACIERTOS = 46 31%
Epoca 702 | FALLOS = 104 69%
Epoca 703 | ACIERTOS = 46 31%
Epoca 703 | FALLOS = 104 69%
Epoca 704 | ACIERTOS = 46 31%
Epoca 704 | FALLOS = 104 69%
Epoca 705 | ACIERTOS = 46 31%
Epoca 705 | FALLOS = 104 69%
Epoca 706 | ACIERTOS = 46 31%
Epoca 706 | FALLOS = 104 69%
Epoca 707 | ACIERTOS = 46 31%
Epoca 707 | FALLOS = 104 69%
Epoca 708 | ACIERTOS = 46 31%
Epoca 708 | FALLOS = 104 69%
Epoca 709 | ACIERTOS = 46 31%
Epoca 709 | FALLOS = 104 69%
Epoca 710 | ACIERTOS = 46 31%
Epoca 710 | FALLOS = 104 69%
Epoca 711 | ACIERTOS = 46 31%
Epoca 711 | FALLOS = 104 69%
Epoca 712 | ACIERTOS = 46 31%
Epoca 712 | FALLOS = 104 69%
Epoca 713 | ACIERTOS = 46 31%
Epoca 713 | FALLOS = 104 69%
Epoca 714 | ACIERTOS = 46 31%
Epoca 714 | FALLOS = 104 69%
Epoca 715 | ACIERTOS = 46 31%
Epoca 715 | FALLOS = 104 69%
Epoca 716 | ACIERTOS = 46 31%
Epoca 716 | FALLOS = 104 69%
Epoca 717 | ACIERTOS = 46 31%
Epoca 717 | FALLOS = 104 69%
Epoca 718 | ACIERTOS = 46 31%
Epoca 718 | FALLOS = 104 69%
Epoca 719 | ACIERTOS = 46 31%
Epoca 719 | FALLOS = 104 69%
Epoca 720 | ACIERTOS = 46 31%
Epoca 720 | FALLOS = 104 69%
Epoca 721 | ACIERTOS = 46 31%
Epoca 721 | FALLOS = 104 69%
Epoca 722 | ACIERTOS = 46 31%
Epoca 722 | FALLOS = 104 69%
Epoca 723 | ACIERTOS = 46 31%
Epoca 723 | FALLOS = 104 69%
Epoca 724 | ACIERTOS = 46 31%
Epoca 724 | FALLOS = 104 69%
Epoca 725 | ACIERTOS = 46 31%
Epoca 725 | FALLOS = 104 69%
Epoca 726 | ACIERTOS = 46 31%
Epoca 726 | FALLOS = 104 69%
Epoca 727 | ACIERTOS = 46 31%
Epoca 727 | FALLOS = 104 69%
Epoca 728 | ACIERTOS = 46 31%
Epoca 728 | FALLOS = 104 69%
Epoca 729 | ACIERTOS = 46 31%
Epoca 729 | FALLOS = 104 69%
Epoca 730 | ACIERTOS = 46 31%
Epoca 730 | FALLOS = 104 69%
Epoca 731 | ACIERTOS = 46 31%
Epoca 731 | FALLOS = 104 69%
Epoca 732 | ACIERTOS = 46 31%
Epoca 732 | FALLOS = 104 69%
Epoca 733 | ACIERTOS = 46 31%
Epoca 733 | FALLOS = 104 69%
Epoca 734 | ACIERTOS = 46 31%
Epoca 734 | FALLOS = 104 69%
Epoca 735 | ACIERTOS = 46 31%
Epoca 735 | FALLOS = 104 69%
Epoca 736 | ACIERTOS = 46 31%
Epoca 736 | FALLOS = 104 69%
Epoca 737 | ACIERTOS = 46 31%
Epoca 737 | FALLOS = 104 69%
Epoca 738 | ACIERTOS = 46 31%
Epoca 738 | FALLOS = 104 69%
Epoca 739 | ACIERTOS = 46 31%
Epoca 739 | FALLOS = 104 69%
Epoca 740 | ACIERTOS = 46 31%
Epoca 740 | FALLOS = 104 69%
Epoca 741 | ACIERTOS = 46 31%
Epoca 741 | FALLOS = 104 69%
Epoca 742 | ACIERTOS = 46 31%
Epoca 742 | FALLOS = 104 69%
Epoca 743 | ACIERTOS = 46 31%
Epoca 743 | FALLOS = 104 69%
Epoca 744 | ACIERTOS = 46 31%
Epoca 744 | FALLOS = 104 69%
Epoca 745 | ACIERTOS = 46 31%
Epoca 745 | FALLOS = 104 69%
Epoca 746 | ACIERTOS = 46 31%
Epoca 746 | FALLOS = 104 69%
Epoca 747 | ACIERTOS = 46 31%
Epoca 747 | FALLOS = 104 69%
Epoca 748 | ACIERTOS = 46 31%
Epoca 748 | FALLOS = 104 69%
Epoca 749 | ACIERTOS = 46 31%
Epoca 749 | FALLOS = 104 69%
Epoca 750 | ACIERTOS = 46 31%
Epoca 750 | FALLOS = 104 69%
Epoca 751 | ACIERTOS = 46 31%
Epoca 751 | FALLOS = 104 69%
Epoca 752 | ACIERTOS = 46 31%
Epoca 752 | FALLOS = 104 69%
Epoca 753 | ACIERTOS = 46 31%
Epoca 753 | FALLOS = 104 69%
Epoca 754 | ACIERTOS = 46 31%
Epoca 754 | FALLOS = 104 69%
Epoca 755 | ACIERTOS = 46 31%
Epoca 755 | FALLOS = 104 69%
Epoca 756 | ACIERTOS = 46 31%
Epoca 756 | FALLOS = 104 69%
Epoca 757 | ACIERTOS = 46 31%
Epoca 757 | FALLOS = 104 69%
Epoca 758 | ACIERTOS = 46 31%
Epoca 758 | FALLOS = 104 69%
Epoca 759 | ACIERTOS = 46 31%
Epoca 759 | FALLOS = 104 69%
Epoca 760 | ACIERTOS = 46 31%
Epoca 760 | FALLOS = 104 69%
Epoca 761 | ACIERTOS = 46 31%
Epoca 761 | FALLOS = 104 69%
Epoca 762 | ACIERTOS = 46 31%
Epoca 762 | FALLOS = 104 69%
Epoca 763 | ACIERTOS = 46 31%
Epoca 763 | FALLOS = 104 69%
Epoca 764 | ACIERTOS = 46 31%
Epoca 764 | FALLOS = 104 69%
Epoca 765 | ACIERTOS = 46 31%
Epoca 765 | FALLOS = 104 69%
Epoca 766 | ACIERTOS = 46 31%
Epoca 766 | FALLOS = 104 69%
Epoca 767 | ACIERTOS = 46 31%
Epoca 767 | FALLOS = 104 69%
Epoca 768 | ACIERTOS = 46 31%
Epoca 768 | FALLOS = 104 69%
Epoca 769 | ACIERTOS = 46 31%
Epoca 769 | FALLOS = 104 69%
Epoca 770 | ACIERTOS = 46 31%
Epoca 770 | FALLOS = 104 69%
Epoca 771 | ACIERTOS = 46 31%
Epoca 771 | FALLOS = 104 69%
Epoca 772 | ACIERTOS = 46 31%
Epoca 772 | FALLOS = 104 69%
Epoca 773 | ACIERTOS = 46 31%
Epoca 773 | FALLOS = 104 69%
Epoca 774 | ACIERTOS = 46 31%
Epoca 774 | FALLOS = 104 69%
Epoca 775 | ACIERTOS = 46 31%
Epoca 775 | FALLOS = 104 69%
Epoca 776 | ACIERTOS = 46 31%
Epoca 776 | FALLOS = 104 69%
Epoca 777 | ACIERTOS = 46 31%
Epoca 777 | FALLOS = 104 69%
Epoca 778 | ACIERTOS = 46 31%
Epoca 778 | FALLOS = 104 69%
Epoca 779 | ACIERTOS = 46 31%
Epoca 779 | FALLOS = 104 69%
Epoca 780 | ACIERTOS = 46 31%
Epoca 780 | FALLOS = 104 69%
Epoca 781 | ACIERTOS = 46 31%
Epoca 781 | FALLOS = 104 69%
Epoca 782 | ACIERTOS = 46 31%
Epoca 782 | FALLOS = 104 69%
Epoca 783 | ACIERTOS = 46 31%
Epoca 783 | FALLOS = 104 69%
Epoca 784 | ACIERTOS = 46 31%
Epoca 784 | FALLOS = 104 69%
Epoca 785 | ACIERTOS = 46 31%
Epoca 785 | FALLOS = 104 69%
Epoca 786 | ACIERTOS = 46 31%
Epoca 786 | FALLOS = 104 69%
Epoca 787 | ACIERTOS = 46 31%
Epoca 787 | FALLOS = 104 69%
Epoca 788 | ACIERTOS = 46 31%
Epoca 788 | FALLOS = 104 69%
Epoca 789 | ACIERTOS = 46 31%
Epoca 789 | FALLOS = 104 69%
Epoca 790 | ACIERTOS = 46 31%
Epoca 790 | FALLOS = 104 69%
Epoca 791 | ACIERTOS = 46 31%
Epoca 791 | FALLOS = 104 69%
Epoca 792 | ACIERTOS = 46 31%
Epoca 792 | FALLOS = 104 69%
Epoca 793 | ACIERTOS = 46 31%
Epoca 793 | FALLOS = 104 69%
Epoca 794 | ACIERTOS = 46 31%
Epoca 794 | FALLOS = 104 69%
Epoca 795 | ACIERTOS = 46 31%
Epoca 795 | FALLOS = 104 69%
Epoca 796 | ACIERTOS = 46 31%
Epoca 796 | FALLOS = 104 69%
Epoca 797 | ACIERTOS = 46 31%
Epoca 797 | FALLOS = 104 69%
Epoca 798 | ACIERTOS = 46 31%
Epoca 798 | FALLOS = 104 69%
Epoca 799 | ACIERTOS = 46 31%
Epoca 799 | FALLOS = 104 69%
Epoca 800 | ACIERTOS = 46 31%
Epoca 800 | FALLOS = 104 69%
Epoca 801 | ACIERTOS = 46 31%
Epoca 801 | FALLOS = 104 69%
Epoca 802 | ACIERTOS = 46 31%
Epoca 802 | FALLOS = 104 69%
Epoca 803 | ACIERTOS = 46 31%
Epoca 803 | FALLOS = 104 69%
Epoca 804 | ACIERTOS = 46 31%
Epoca 804 | FALLOS = 104 69%
Epoca 805 | ACIERTOS = 46 31%
Epoca 805 | FALLOS = 104 69%
Epoca 806 | ACIERTOS = 46 31%
Epoca 806 | FALLOS = 104 69%
Epoca 807 | ACIERTOS = 46 31%
Epoca 807 | FALLOS = 104 69%
Epoca 808 | ACIERTOS = 46 31%
Epoca 808 | FALLOS = 104 69%
Epoca 809 | ACIERTOS = 46 31%
Epoca 809 | FALLOS = 104 69%
Epoca 810 | ACIERTOS = 46 31%
Epoca 810 | FALLOS = 104 69%
Epoca 811 | ACIERTOS = 46 31%
Epoca 811 | FALLOS = 104 69%
Epoca 812 | ACIERTOS = 46 31%
Epoca 812 | FALLOS = 104 69%
Epoca 813 | ACIERTOS = 46 31%
Epoca 813 | FALLOS = 104 69%
Epoca 814 | ACIERTOS = 46 31%
Epoca 814 | FALLOS = 104 69%
Epoca 815 | ACIERTOS = 46 31%
Epoca 815 | FALLOS = 104 69%
Epoca 816 | ACIERTOS = 46 31%
Epoca 816 | FALLOS = 104 69%
Epoca 817 | ACIERTOS = 46 31%
Epoca 817 | FALLOS = 104 69%
Epoca 818 | ACIERTOS = 46 31%
Epoca 818 | FALLOS = 104 69%
Epoca 819 | ACIERTOS = 46 31%
Epoca 819 | FALLOS = 104 69%
Epoca 820 | ACIERTOS = 46 31%
Epoca 820 | FALLOS = 104 69%
Epoca 821 | ACIERTOS = 46 31%
Epoca 821 | FALLOS = 104 69%
Epoca 822 | ACIERTOS = 46 31%
Epoca 822 | FALLOS = 104 69%
Epoca 823 | ACIERTOS = 46 31%
Epoca 823 | FALLOS = 104 69%
Epoca 824 | ACIERTOS = 46 31%
Epoca 824 | FALLOS = 104 69%
Epoca 825 | ACIERTOS = 46 31%
Epoca 825 | FALLOS = 104 69%
Epoca 826 | ACIERTOS = 46 31%
Epoca 826 | FALLOS = 104 69%
Epoca 827 | ACIERTOS = 46 31%
Epoca 827 | FALLOS = 104 69%
Epoca 828 | ACIERTOS = 46 31%
Epoca 828 | FALLOS = 104 69%
Epoca 829 | ACIERTOS = 46 31%
Epoca 829 | FALLOS = 104 69%
Epoca 830 | ACIERTOS = 46 31%
Epoca 830 | FALLOS = 104 69%
Epoca 831 | ACIERTOS = 46 31%
Epoca 831 | FALLOS = 104 69%
Epoca 832 | ACIERTOS = 46 31%
Epoca 832 | FALLOS = 104 69%
Epoca 833 | ACIERTOS = 46 31%
Epoca 833 | FALLOS = 104 69%
Epoca 834 | ACIERTOS = 46 31%
Epoca 834 | FALLOS = 104 69%
Epoca 835 | ACIERTOS = 46 31%
Epoca 835 | FALLOS = 104 69%
Epoca 836 | ACIERTOS = 46 31%
Epoca 836 | FALLOS = 104 69%
Epoca 837 | ACIERTOS = 46 31%
Epoca 837 | FALLOS = 104 69%
Epoca 838 | ACIERTOS = 46 31%
Epoca 838 | FALLOS = 104 69%
Epoca 839 | ACIERTOS = 46 31%
Epoca 839 | FALLOS = 104 69%
Epoca 840 | ACIERTOS = 46 31%
Epoca 840 | FALLOS = 104 69%
Epoca 841 | ACIERTOS = 46 31%
Epoca 841 | FALLOS = 104 69%
Epoca 842 | ACIERTOS = 46 31%
Epoca 842 | FALLOS = 104 69%
Epoca 843 | ACIERTOS = 46 31%
Epoca 843 | FALLOS = 104 69%
Epoca 844 | ACIERTOS = 46 31%
Epoca 844 | FALLOS = 104 69%
Epoca 845 | ACIERTOS = 46 31%
Epoca 845 | FALLOS = 104 69%
Epoca 846 | ACIERTOS = 46 31%
Epoca 846 | FALLOS = 104 69%
Epoca 847 | ACIERTOS = 46 31%
Epoca 847 | FALLOS = 104 69%
Epoca 848 | ACIERTOS = 46 31%
Epoca 848 | FALLOS = 104 69%
Epoca 849 | ACIERTOS = 46 31%
Epoca 849 | FALLOS = 104 69%
Epoca 850 | ACIERTOS = 46 31%
Epoca 850 | FALLOS = 104 69%
Epoca 851 | ACIERTOS = 46 31%
Epoca 851 | FALLOS = 104 69%
Epoca 852 | ACIERTOS = 46 31%
Epoca 852 | FALLOS = 104 69%
Epoca 853 | ACIERTOS = 46 31%
Epoca 853 | FALLOS = 104 69%
Epoca 854 | ACIERTOS = 46 31%
Epoca 854 | FALLOS = 104 69%
Epoca 855 | ACIERTOS = 46 31%
Epoca 855 | FALLOS = 104 69%
Epoca 856 | ACIERTOS = 46 31%
Epoca 856 | FALLOS = 104 69%
Epoca 857 | ACIERTOS = 46 31%
Epoca 857 | FALLOS = 104 69%
Epoca 858 | ACIERTOS = 46 31%
Epoca 858 | FALLOS = 104 69%
Epoca 859 | ACIERTOS = 46 31%
Epoca 859 | FALLOS = 104 69%
Epoca 860 | ACIERTOS = 46 31%
Epoca 860 | FALLOS = 104 69%
Epoca 861 | ACIERTOS = 46 31%
Epoca 861 | FALLOS = 104 69%
Epoca 862 | ACIERTOS = 46 31%
Epoca 862 | FALLOS = 104 69%
Epoca 863 | ACIERTOS = 46 31%
Epoca 863 | FALLOS = 104 69%
Epoca 864 | ACIERTOS = 46 31%
Epoca 864 | FALLOS = 104 69%
Epoca 865 | ACIERTOS = 46 31%
Epoca 865 | FALLOS = 104 69%
Epoca 866 | ACIERTOS = 46 31%
Epoca 866 | FALLOS = 104 69%
Epoca 867 | ACIERTOS = 46 31%
Epoca 867 | FALLOS = 104 69%
Epoca 868 | ACIERTOS = 46 31%
Epoca 868 | FALLOS = 104 69%
Epoca 869 | ACIERTOS = 46 31%
Epoca 869 | FALLOS = 104 69%
Epoca 870 | ACIERTOS = 46 31%
Epoca 870 | FALLOS = 104 69%
Epoca 871 | ACIERTOS = 46 31%
Epoca 871 | FALLOS = 104 69%
Epoca 872 | ACIERTOS = 46 31%
Epoca 872 | FALLOS = 104 69%
Epoca 873 | ACIERTOS = 46 31%
Epoca 873 | FALLOS = 104 69%
Epoca 874 | ACIERTOS = 46 31%
Epoca 874 | FALLOS = 104 69%
Epoca 875 | ACIERTOS = 46 31%
Epoca 875 | FALLOS = 104 69%
Epoca 876 | ACIERTOS = 46 31%
Epoca 876 | FALLOS = 104 69%
Epoca 877 | ACIERTOS = 46 31%
Epoca 877 | FALLOS = 104 69%
Epoca 878 | ACIERTOS = 46 31%
Epoca 878 | FALLOS = 104 69%
Epoca 879 | ACIERTOS = 46 31%
Epoca 879 | FALLOS = 104 69%
Epoca 880 | ACIERTOS = 46 31%
Epoca 880 | FALLOS = 104 69%
Epoca 881 | ACIERTOS = 46 31%
Epoca 881 | FALLOS = 104 69%
Epoca 882 | ACIERTOS = 46 31%
Epoca 882 | FALLOS = 104 69%
Epoca 883 | ACIERTOS = 46 31%
Epoca 883 | FALLOS = 104 69%
Epoca 884 | ACIERTOS = 46 31%
Epoca 884 | FALLOS = 104 69%
Epoca 885 | ACIERTOS = 46 31%
Epoca 885 | FALLOS = 104 69%
Epoca 886 | ACIERTOS = 46 31%
Epoca 886 | FALLOS = 104 69%
Epoca 887 | ACIERTOS = 46 31%
Epoca 887 | FALLOS = 104 69%
Epoca 888 | ACIERTOS = 46 31%
Epoca 888 | FALLOS = 104 69%
Epoca 889 | ACIERTOS = 46 31%
Epoca 889 | FALLOS = 104 69%
Epoca 890 | ACIERTOS = 46 31%
Epoca 890 | FALLOS = 104 69%
Epoca 891 | ACIERTOS = 46 31%
Epoca 891 | FALLOS = 104 69%
Epoca 892 | ACIERTOS = 46 31%
Epoca 892 | FALLOS = 104 69%
Epoca 893 | ACIERTOS = 46 31%
Epoca 893 | FALLOS = 104 69%
Epoca 894 | ACIERTOS = 46 31%
Epoca 894 | FALLOS = 104 69%
Epoca 895 | ACIERTOS = 46 31%
Epoca 895 | FALLOS = 104 69%
Epoca 896 | ACIERTOS = 46 31%
Epoca 896 | FALLOS = 104 69%
Epoca 897 | ACIERTOS = 46 31%
Epoca 897 | FALLOS = 104 69%
Epoca 898 | ACIERTOS = 46 31%
Epoca 898 | FALLOS = 104 69%
Epoca 899 | ACIERTOS = 46 31%
Epoca 899 | FALLOS = 104 69%
Epoca 900 | ACIERTOS = 46 31%
Epoca 900 | FALLOS = 104 69%
Epoca 901 | ACIERTOS = 46 31%
Epoca 901 | FALLOS = 104 69%
Epoca 902 | ACIERTOS = 46 31%
Epoca 902 | FALLOS = 104 69%
Epoca 903 | ACIERTOS = 46 31%
Epoca 903 | FALLOS = 104 69%
Epoca 904 | ACIERTOS = 46 31%
Epoca 904 | FALLOS = 104 69%
Epoca 905 | ACIERTOS = 46 31%
Epoca 905 | FALLOS = 104 69%
Epoca 906 | ACIERTOS = 46 31%
Epoca 906 | FALLOS = 104 69%
Epoca 907 | ACIERTOS = 46 31%
Epoca 907 | FALLOS = 104 69%
Epoca 908 | ACIERTOS = 46 31%
Epoca 908 | FALLOS = 104 69%
Epoca 909 | ACIERTOS = 46 31%
Epoca 909 | FALLOS = 104 69%
Epoca 910 | ACIERTOS = 46 31%
Epoca 910 | FALLOS = 104 69%
Epoca 911 | ACIERTOS = 46 31%
Epoca 911 | FALLOS = 104 69%
Epoca 912 | ACIERTOS = 46 31%
Epoca 912 | FALLOS = 104 69%
Epoca 913 | ACIERTOS = 46 31%
Epoca 913 | FALLOS = 104 69%
Epoca 914 | ACIERTOS = 46 31%
Epoca 914 | FALLOS = 104 69%
Epoca 915 | ACIERTOS = 46 31%
Epoca 915 | FALLOS = 104 69%
Epoca 916 | ACIERTOS = 46 31%
Epoca 916 | FALLOS = 104 69%
Epoca 917 | ACIERTOS = 46 31%
Epoca 917 | FALLOS = 104 69%
Epoca 918 | ACIERTOS = 46 31%
Epoca 918 | FALLOS = 104 69%
Epoca 919 | ACIERTOS = 46 31%
Epoca 919 | FALLOS = 104 69%
Epoca 920 | ACIERTOS = 46 31%
Epoca 920 | FALLOS = 104 69%
Epoca 921 | ACIERTOS = 46 31%
Epoca 921 | FALLOS = 104 69%
Epoca 922 | ACIERTOS = 46 31%
Epoca 922 | FALLOS = 104 69%
Epoca 923 | ACIERTOS = 46 31%
Epoca 923 | FALLOS = 104 69%
Epoca 924 | ACIERTOS = 46 31%
Epoca 924 | FALLOS = 104 69%
Epoca 925 | ACIERTOS = 46 31%
Epoca 925 | FALLOS = 104 69%
Epoca 926 | ACIERTOS = 46 31%
Epoca 926 | FALLOS = 104 69%
Epoca 927 | ACIERTOS = 46 31%
Epoca 927 | FALLOS = 104 69%
Epoca 928 | ACIERTOS = 46 31%
Epoca 928 | FALLOS = 104 69%
Epoca 929 | ACIERTOS = 46 31%
Epoca 929 | FALLOS = 104 69%
Epoca 930 | ACIERTOS = 46 31%
Epoca 930 | FALLOS = 104 69%
Epoca 931 | ACIERTOS = 46 31%
Epoca 931 | FALLOS = 104 69%
Epoca 932 | ACIERTOS = 46 31%
Epoca 932 | FALLOS = 104 69%
Epoca 933 | ACIERTOS = 46 31%
Epoca 933 | FALLOS = 104 69%
Epoca 934 | ACIERTOS = 46 31%
Epoca 934 | FALLOS = 104 69%
Epoca 935 | ACIERTOS = 46 31%
Epoca 935 | FALLOS = 104 69%
Epoca 936 | ACIERTOS = 46 31%
Epoca 936 | FALLOS = 104 69%
Epoca 937 | ACIERTOS = 46 31%
Epoca 937 | FALLOS = 104 69%
Epoca 938 | ACIERTOS = 46 31%
Epoca 938 | FALLOS = 104 69%
Epoca 939 | ACIERTOS = 46 31%
Epoca 939 | FALLOS = 104 69%
Epoca 940 | ACIERTOS = 46 31%
Epoca 940 | FALLOS = 104 69%
Epoca 941 | ACIERTOS = 46 31%
Epoca 941 | FALLOS = 104 69%
Epoca 942 | ACIERTOS = 46 31%
Epoca 942 | FALLOS = 104 69%
Epoca 943 | ACIERTOS = 46 31%
Epoca 943 | FALLOS = 104 69%
Epoca 944 | ACIERTOS = 46 31%
Epoca 944 | FALLOS = 104 69%
Epoca 945 | ACIERTOS = 46 31%
Epoca 945 | FALLOS = 104 69%
Epoca 946 | ACIERTOS = 46 31%
Epoca 946 | FALLOS = 104 69%
Epoca 947 | ACIERTOS = 46 31%
Epoca 947 | FALLOS = 104 69%
Epoca 948 | ACIERTOS = 46 31%
Epoca 948 | FALLOS = 104 69%
Epoca 949 | ACIERTOS = 46 31%
Epoca 949 | FALLOS = 104 69%
Epoca 950 | ACIERTOS = 46 31%
Epoca 950 | FALLOS = 104 69%
Epoca 951 | ACIERTOS = 46 31%
Epoca 951 | FALLOS = 104 69%
Epoca 952 | ACIERTOS = 46 31%
Epoca 952 | FALLOS = 104 69%
Epoca 953 | ACIERTOS = 46 31%
Epoca 953 | FALLOS = 104 69%
Epoca 954 | ACIERTOS = 46 31%
Epoca 954 | FALLOS = 104 69%
Epoca 955 | ACIERTOS = 46 31%
Epoca 955 | FALLOS = 104 69%
Epoca 956 | ACIERTOS = 46 31%
Epoca 956 | FALLOS = 104 69%
Epoca 957 | ACIERTOS = 46 31%
Epoca 957 | FALLOS = 104 69%
Epoca 958 | ACIERTOS = 46 31%
Epoca 958 | FALLOS = 104 69%
Epoca 959 | ACIERTOS = 46 31%
Epoca 959 | FALLOS = 104 69%
Epoca 960 | ACIERTOS = 46 31%
Epoca 960 | FALLOS = 104 69%
Epoca 961 | ACIERTOS = 46 31%
Epoca 961 | FALLOS = 104 69%
Epoca 962 | ACIERTOS = 46 31%
Epoca 962 | FALLOS = 104 69%
Epoca 963 | ACIERTOS = 46 31%
Epoca 963 | FALLOS = 104 69%
Epoca 964 | ACIERTOS = 46 31%
Epoca 964 | FALLOS = 104 69%
Epoca 965 | ACIERTOS = 46 31%
Epoca 965 | FALLOS = 104 69%
Epoca 966 | ACIERTOS = 46 31%
Epoca 966 | FALLOS = 104 69%
Epoca 967 | ACIERTOS = 46 31%
Epoca 967 | FALLOS = 104 69%
Epoca 968 | ACIERTOS = 46 31%
Epoca 968 | FALLOS = 104 69%
Epoca 969 | ACIERTOS = 46 31%
Epoca 969 | FALLOS = 104 69%
Epoca 970 | ACIERTOS = 46 31%
Epoca 970 | FALLOS = 104 69%
Epoca 971 | ACIERTOS = 46 31%
Epoca 971 | FALLOS = 104 69%
Epoca 972 | ACIERTOS = 46 31%
Epoca 972 | FALLOS = 104 69%
Epoca 973 | ACIERTOS = 46 31%
Epoca 973 | FALLOS = 104 69%
Epoca 974 | ACIERTOS = 46 31%
Epoca 974 | FALLOS = 104 69%
Epoca 975 | ACIERTOS = 46 31%
Epoca 975 | FALLOS = 104 69%
Epoca 976 | ACIERTOS = 46 31%
Epoca 976 | FALLOS = 104 69%
Epoca 977 | ACIERTOS = 46 31%
Epoca 977 | FALLOS = 104 69%
Epoca 978 | ACIERTOS = 46 31%
Epoca 978 | FALLOS = 104 69%
Epoca 979 | ACIERTOS = 46 31%
Epoca 979 | FALLOS = 104 69%
Epoca 980 | ACIERTOS = 46 31%
Epoca 980 | FALLOS = 104 69%
Epoca 981 | ACIERTOS = 46 31%
Epoca 981 | FALLOS = 104 69%
Epoca 982 | ACIERTOS = 46 31%
Epoca 982 | FALLOS = 104 69%
Epoca 983 | ACIERTOS = 46 31%
Epoca 983 | FALLOS = 104 69%
Epoca 984 | ACIERTOS = 46 31%
Epoca 984 | FALLOS = 104 69%
Epoca 985 | ACIERTOS = 46 31%
Epoca 985 | FALLOS = 104 69%
Epoca 986 | ACIERTOS = 46 31%
Epoca 986 | FALLOS = 104 69%
Epoca 987 | ACIERTOS = 46 31%
Epoca 987 | FALLOS = 104 69%
Epoca 988 | ACIERTOS = 46 31%
Epoca 988 | FALLOS = 104 69%
Epoca 989 | ACIERTOS = 46 31%
Epoca 989 | FALLOS = 104 69%
Epoca 990 | ACIERTOS = 46 31%
Epoca 990 | FALLOS = 104 69%
Epoca 991 | ACIERTOS = 46 31%
Epoca 991 | FALLOS = 104 69%
Epoca 992 | ACIERTOS = 46 31%
Epoca 992 | FALLOS = 104 69%
Epoca 993 | ACIERTOS = 46 31%
Epoca 993 | FALLOS = 104 69%
Epoca 994 | ACIERTOS = 46 31%
Epoca 994 | FALLOS = 104 69%
Epoca 995 | ACIERTOS = 46 31%
Epoca 995 | FALLOS = 104 69%
Epoca 996 | ACIERTOS = 46 31%
Epoca 996 | FALLOS = 104 69%
Epoca 997 | ACIERTOS = 46 31%
Epoca 997 | FALLOS = 104 69%
Epoca 998 | ACIERTOS = 46 31%
Epoca 998 | FALLOS = 104 69%
Epoca 999 | ACIERTOS = 46 31%
Epoca 999 | FALLOS = 104 69%
Epoca 1000 | ACIERTOS = 46 31%
Epoca 1000 | FALLOS = 104 69%

##################TEST##################
Test : ACIERTOS = 50 33%
Test FALLOS = 100 67%
