0.46 -0.22 
0.30 0.29 
-0.49 -0.12 
0.48 0.07 
0.32 0.07 -0.36 0.33 

##################LEARN##################
1.04861
0.80580
0.68322
0.62122
0.58594
0.56537
0.55373
0.54730
0.54379
0.54191
0.54094
0.54048
0.54031
0.54028
0.54032
0.54038
0.54041
0.54041
0.54034
0.54019
0.53994
0.53959
0.53911
0.53850
0.53774
0.53680
0.53566
0.53431
0.53274
0.53098
0.52917
0.52758
0.52668
0.52694
0.52829
0.52998
0.53107
0.53114
0.53042
0.52933
0.52827
0.52743
0.52686
0.52652
0.52630
0.52610
0.52584
0.52550
0.52506
0.52456
0.52404
0.52357
0.52320
0.52298
0.52293
0.52306
0.52332
0.52365
0.52400
0.52432
0.52458
0.52477
0.52491
0.52499
0.52503
0.52502
0.52498
0.52490
0.52478
0.52462
0.52443
0.52420
0.52396
0.52372
0.52349
0.52329
0.52314
0.52306
0.52307
0.52316
0.52335
0.52360
0.52390
0.52422
0.52453
0.52480
0.52502
0.52517
0.52525
0.52526
0.52519
0.52504
0.52483
0.52457
0.52426
0.52394
0.52361
0.52330
0.52305
0.52286
0.52276
0.52275
0.52283
0.52298
0.52318
0.52341
0.52366
0.52389
0.52409
0.52426
0.52439
0.52447
0.52450
0.52448
0.52442
0.52430
0.52415
0.52396
0.52374
0.52352
0.52330
0.52310
0.52294
0.52285
0.52283
0.52289
0.52303
0.52323
0.52348
0.52374
0.52401
0.52424
0.52443
0.52457
0.52464
0.52464
0.52457
0.52443
0.52424
0.52400
0.52373
0.52344
0.52316
0.52291
0.52271
0.52257
0.52251
0.52254
0.52263
0.52279
0.52298
0.52320
0.52342
0.52363
0.52382
0.52397
0.52407
0.52414
0.52415
0.52412
0.52404
0.52392
0.52376
0.52357
0.52336
0.52315
0.52295
0.52278
0.52265
0.52259
0.52260
0.52268
0.52282
0.52301
0.52323
0.52346
0.52369
0.52388
0.52403
0.52413
0.52416
0.52414
0.52406
0.52391
0.52373
0.52350
0.52325
0.52300
0.52277
0.52257
0.52242
0.52234
0.52233
0.52239
0.52251
0.52268
0.52288
0.52309
0.52330
0.52349
0.52365
0.52378
0.52386
0.52390
0.52389
0.52384
0.52374
0.52360
0.52343
0.52324
0.52304
0.52284
0.52266
0.52252
0.52243
0.52240
0.52244
0.52253
0.52269
0.52287
0.52308
0.52329
0.52348
0.52364
0.52376
0.52383
0.52384
0.52379
0.52369
0.52354
0.52335
0.52314
0.52291
0.52269
0.52249
0.52234
0.52223
0.52220
0.52223
0.52232
0.52246
0.52264
0.52284
0.52304
0.52324
0.52341
0.52355
0.52366
0.52372
0.52373
0.52370
0.52363
0.52351
0.52337
0.52319
0.52300
0.52280
0.52262
0.52246
0.52234
0.52228
0.52228
0.52234
0.52245
0.52261
0.52280
0.52300
0.52319
0.52336
0.52349
0.52358
0.52362
0.52361
0.52354
0.52343
0.52327
0.52308
0.52288
0.52267
0.52247
0.52230
0.52218
0.52211
0.52211
0.52217
0.52229
0.52245
0.52263
0.52284
0.52303
0.52322
0.52338
0.52350
0.52359
0.52363
0.52362
0.52357
0.52348
0.52335
0.52319
0.52301
0.52281
0.52262
0.52245
0.52231
0.52221
0.52217
0.52220
0.52228
0.52241
0.52257
0.52276
0.52295
0.52313
0.52328
0.52340
0.52347
0.52349
0.52346
0.52337
0.52325
0.52308
0.52289
0.52269
0.52249
0.52231
0.52217
0.52207
0.52204
0.52206
0.52215
0.52228
0.52246
0.52265
0.52286
0.52305
0.52323
0.52337
0.52348
0.52355
0.52357
0.52355
0.52349
0.52338
0.52323
0.52306
0.52287
0.52267
0.52249
0.52232
0.52220
0.52212
0.52210
0.52214
0.52224
0.52239
0.52256
0.52275
0.52294
0.52311
0.52325
0.52335
0.52340
0.52341
0.52336
0.52326
0.52313
0.52295
0.52276
0.52256
0.52237
0.52220
0.52207
0.52200
0.52199
0.52204
0.52214
0.52230
0.52248
0.52269
0.52289
0.52309
0.52326
0.52339
0.52349
0.52355
0.52355
0.52352
0.52343
0.52331
0.52315
0.52297
0.52277
0.52257
0.52239
0.52223
0.52211
0.52205
0.52205
0.52211
0.52223
0.52238
0.52257
0.52276
0.52295
0.52312
0.52325
0.52334
0.52338
0.52337
0.52331
0.52320
0.52305
0.52287
0.52267
0.52247
0.52228
0.52212
0.52201
0.52195
0.52195
0.52202
0.52215
0.52232
0.52251
0.52273
0.52294
0.52313
0.52330
0.52343
0.52352
0.52356
0.52356
0.52351
0.52342
0.52328
0.52311
0.52292
0.52271
0.52250
0.52232
0.52216
0.52205
0.52200
0.52202
0.52209
0.52222
0.52239
0.52259
0.52279
0.52297
0.52314
0.52327
0.52335
0.52338
0.52336
0.52329
0.52317
0.52302
0.52283
0.52262
0.52242
0.52222
0.52207
0.52196
0.52191
0.52193
0.52202
0.52216
0.52234
0.52255
0.52277
0.52299
0.52318
0.52335
0.52348
0.52357
0.52360
0.52359
0.52353
0.52342
0.52328
0.52310
0.52289
0.52267
0.52246
0.52227
0.52211
0.52201
0.52197
0.52199
0.52208
0.52222
0.52240
0.52261
0.52282
0.52301
0.52318
0.52331
0.52339
0.52341
0.52339
0.52331
0.52318
0.52301
0.52282
0.52260
0.52239
0.52219
0.52203
0.52193
0.52189
0.52192
0.52201
0.52216
0.52236
0.52258
0.52281
0.52304
0.52324
0.52341
0.52354
0.52363
0.52366
0.52364
0.52358
0.52346
0.52330
0.52311
0.52289
0.52267
0.52244
0.52224
0.52208
0.52198
0.52194
0.52197
0.52207
0.52222
0.52242
0.52263
0.52285
0.52305
0.52323
0.52336
0.52344
0.52347
0.52344
0.52335
0.52322
0.52304
0.52284
0.52261
0.52239
0.52218
0.52202
0.52191
0.52187
0.52190
0.52200
0.52216
0.52237
0.52261
0.52285
0.52309
0.52330
0.52348
0.52361
0.52370
0.52373
0.52371
0.52364
0.52352
0.52336
0.52315
0.52293
0.52269
0.52245
0.52224
0.52207
0.52196
0.52192
0.52195
0.52205
0.52222
0.52242
0.52265
0.52288
0.52310
0.52328
0.52342
0.52351
0.52354
0.52351
0.52343
0.52329
0.52310
0.52289
0.52265
0.52241
0.52220
0.52202
0.52190
0.52185
0.52188
0.52199
0.52216
0.52237
0.52262
0.52288
0.52313
0.52335
0.52354
0.52369
0.52378
0.52382
0.52380
0.52373
0.52361
0.52343
0.52322
0.52299
0.52273
0.52249
0.52226
0.52208
0.52195
0.52190
0.52193
0.52203
0.52220
0.52242
0.52266
0.52291
0.52314
0.52333
0.52349
0.52358
0.52362
0.52360
0.52352
0.52338
0.52319
0.52297
0.52272
0.52247
0.52223
0.52204
0.52190
0.52184
0.52186
0.52196
0.52214
0.52236
0.52262
0.52289
0.52316
0.52340
0.52360
0.52376
0.52386
0.52391
0.52390
0.52383
0.52371
0.52354
0.52332
0.52308
0.52281
0.52255
0.52230
0.52210
0.52196
0.52189
0.52191
0.52201
0.52218
0.52240
0.52265
0.52292
0.52316
0.52338
0.52355
0.52366
0.52372
0.52371
0.52363
0.52350
0.52331
0.52308
0.52282
0.52255
0.52230
0.52208
0.52192
0.52184
0.52184
0.52193
0.52210
0.52233
0.52260
0.52288
0.52316
0.52342
0.52365
0.52382
0.52394
0.52401
0.52401
0.52395
0.52384
0.52367
0.52345
0.52320
0.52292
0.52264
0.52238
0.52215
0.52198
0.52189
0.52189
0.52197
0.52214
0.52236
0.52263
0.52290
0.52317
0.52341
0.52360
0.52374
0.52381
0.52382
0.52376
0.52364
0.52345
0.52322
0.52295
0.52267
0.52239
0.52215
0.52196
0.52184
0.52182
0.52189
0.52205
0.52228
0.52255
0.52285
0.52315
0.52343
0.52367
0.52387
0.52402
0.52410
0.52412
0.52408
0.52398
0.52382
0.52361
0.52335
0.52307
0.52277
0.52249
0.52223
0.52203
0.52190
0.52187
0.52193
0.52208
0.52230
0.52257
0.52286
0.52315
0.52342
0.52364
0.52380
0.52390
0.52394
0.52390
0.52379
0.52362
0.52339
0.52312
0.52283
0.52253
0.52225
0.52203
0.52187
0.52181
0.52185
0.52199
0.52220
0.52247
0.52278
0.52310
0.52340
0.52367
0.52390
0.52407
0.52418
0.52423
0.52421
0.52413
0.52398
0.52378
0.52353
0.52325
0.52294
0.52263
0.52235
0.52211
0.52194
0.52187
0.52189
0.52201
0.52222
0.52249
0.52279
0.52310
0.52339
0.52364
0.52384
0.52398
0.52404
0.52403
0.52395
0.52380
0.52359
0.52332
0.52302
0.52271
0.52240
0.52214
0.52194
0.52182
0.52182
0.52192
0.52211
0.52237
0.52268
0.52301
0.52334
0.52364
0.52390
0.52410
0.52424
0.52432
0.52434
0.52428
0.52416
0.52398
0.52374
0.52346
0.52315
0.52282
0.52251
0.52223
0.52201
0.52189
0.52186
0.52194
0.52212
0.52238
0.52268
0.52301
0.52333
0.52361
0.52385
0.52403
0.52413
0.52416
0.52411
0.52399
0.52380
0.52355
0.52325
0.52293
0.52260
0.52229
0.52204
0.52187
0.52180
0.52185
0.52200
0.52224
0.52255
0.52289
0.52323
0.52356
0.52385
0.52409
0.52428
0.52439
0.52444
0.52442
0.52433
0.52418
0.52397
0.52370
0.52339
0.52306
0.52272
0.52240
0.52214
0.52195
0.52186
0.52188
0.52202
0.52224
0.52254
0.52287
0.52321
0.52353
0.52381
0.52403
0.52419
0.52426
0.52426
0.52418
0.52402
0.52380
0.52352
0.52319
0.52285
0.52251
0.52220
0.52197
0.52183
0.52181
0.52190
0.52210
0.52238
0.52272
0.52308
0.52343
0.52376
0.52404
0.52427
0.52443
0.52452
0.52455
0.52450
0.52438
0.52420
0.52395
0.52366
0.52333
0.52298
0.52263
0.52232
0.52206
0.52190
0.52185
0.52192
0.52210
0.52237
0.52269
0.52305
0.52340
0.52372
0.52399
0.52419
0.52433
0.52438
0.52435
0.52424
0.52405
0.52380
0.52349
0.52314
0.52278
0.52243
0.52213
0.52192
0.52181
0.52183
0.52196
0.52220
0.52251
0.52287
0.52325
0.52361
0.52393
0.52420
0.52442
0.52456
0.52463
0.52464
0.52456
0.52442
0.52421
0.52395
0.52363
0.52328
0.52292
0.52256
0.52225
0.52201
0.52188
0.52186

##################TEST##################
Z[0] = -0.10
Z[1] = -0.13
Y_IN 1.10
T[0] = 1 Y[0] = 0.50
Y_IN 1.14
T[1] = 0 Y[1] = 0.51
Z[0] = -0.13
Z[1] = -0.00
Y_IN 1.10
T[0] = 0 Y[0] = 0.50
Y_IN 1.15
T[1] = 1 Y[1] = 0.52
Z[0] = 0.08
Z[1] = -0.02
Y_IN 1.09
T[0] = 1 Y[0] = 0.50
Y_IN 1.14
T[1] = 0 Y[1] = 0.51
Z[0] = 0.10
Z[1] = -0.14
Y_IN 1.09
T[0] = 0 Y[0] = 0.50
Y_IN 1.13
T[1] = 1 Y[1] = 0.51
