-0.47 0.34 -0.44 0.37 0.17 -0.19 -0.24 -0.16 -0.29 
0.03 -0.42 0.15 0.03 -0.10 0.43 -0.08 0.47 -0.13 
0.46 -0.16 
0.18 -0.20 
0.03 -0.18 0.09 -0.41 

##################LEARN##################
Epoca 1, RMS = 0.27208
Epoca 2, RMS = 0.07908
Epoca 3, RMS = 0.07345
Epoca 4, RMS = 0.07086
Epoca 5, RMS = 0.06960
Epoca 6, RMS = 0.06904
Epoca 7, RMS = 0.06883
Epoca 8, RMS = 0.06874
Epoca 9, RMS = 0.06869
Epoca 10, RMS = 0.06865
Epoca 11, RMS = 0.06863
Epoca 12, RMS = 0.06862
Epoca 13, RMS = 0.06861
Epoca 14, RMS = 0.06860
Epoca 15, RMS = 0.06859
Epoca 16, RMS = 0.06858
Epoca 17, RMS = 0.06857
Epoca 18, RMS = 0.06856
Epoca 19, RMS = 0.06855
Epoca 20, RMS = 0.06854
Epoca 21, RMS = 0.06854
Epoca 22, RMS = 0.06854
Epoca 23, RMS = 0.06855
Epoca 24, RMS = 0.06856
Epoca 25, RMS = 0.06858
Epoca 26, RMS = 0.06860
Epoca 27, RMS = 0.06862
Epoca 28, RMS = 0.06864
Epoca 29, RMS = 0.06867
Epoca 30, RMS = 0.06869
Epoca 31, RMS = 0.06872
Epoca 32, RMS = 0.06874
Epoca 33, RMS = 0.06877
Epoca 34, RMS = 0.06880
Epoca 35, RMS = 0.06883
Epoca 36, RMS = 0.06887
Epoca 37, RMS = 0.06890
Epoca 38, RMS = 0.06894
Epoca 39, RMS = 0.06899
Epoca 40, RMS = 0.06904
Epoca 41, RMS = 0.06909
Epoca 42, RMS = 0.06915
Epoca 43, RMS = 0.06922
Epoca 44, RMS = 0.06929
Epoca 45, RMS = 0.06936
Epoca 46, RMS = 0.06945
Epoca 47, RMS = 0.06954
Epoca 48, RMS = 0.06964
Epoca 49, RMS = 0.06974
Epoca 50, RMS = 0.06986
Epoca 51, RMS = 0.06997
Epoca 52, RMS = 0.07010
Epoca 53, RMS = 0.07023
Epoca 54, RMS = 0.07037
Epoca 55, RMS = 0.07052
Epoca 56, RMS = 0.07067
Epoca 57, RMS = 0.07083
Epoca 58, RMS = 0.07099
Epoca 59, RMS = 0.07116
Epoca 60, RMS = 0.07133
Epoca 61, RMS = 0.07150
Epoca 62, RMS = 0.07167
Epoca 63, RMS = 0.07184
Epoca 64, RMS = 0.07201
Epoca 65, RMS = 0.07218
Epoca 66, RMS = 0.07234
Epoca 67, RMS = 0.07250
Epoca 68, RMS = 0.07266
Epoca 69, RMS = 0.07282
Epoca 70, RMS = 0.07297
Epoca 71, RMS = 0.07311
Epoca 72, RMS = 0.07325
Epoca 73, RMS = 0.07339
Epoca 74, RMS = 0.07352
Epoca 75, RMS = 0.07364
Epoca 76, RMS = 0.07376
Epoca 77, RMS = 0.07388
Epoca 78, RMS = 0.07399
Epoca 79, RMS = 0.07409
Epoca 80, RMS = 0.07419
Epoca 81, RMS = 0.07429
Epoca 82, RMS = 0.07438
Epoca 83, RMS = 0.07446
Epoca 84, RMS = 0.07454
Epoca 85, RMS = 0.07462
Epoca 86, RMS = 0.07469
Epoca 87, RMS = 0.07476
Epoca 88, RMS = 0.07482
Epoca 89, RMS = 0.07488
Epoca 90, RMS = 0.07493
Epoca 91, RMS = 0.07498
Epoca 92, RMS = 0.07503
Epoca 93, RMS = 0.07507
Epoca 94, RMS = 0.07511
Epoca 95, RMS = 0.07515
Epoca 96, RMS = 0.07518
Epoca 97, RMS = 0.07521
Epoca 98, RMS = 0.07523
Epoca 99, RMS = 0.07526
Epoca 100, RMS = 0.07528
Epoca 101, RMS = 0.07530
Epoca 102, RMS = 0.07531
Epoca 103, RMS = 0.07532
Epoca 104, RMS = 0.07533
Epoca 105, RMS = 0.07534
Epoca 106, RMS = 0.07534
Epoca 107, RMS = 0.07534
Epoca 108, RMS = 0.07534
Epoca 109, RMS = 0.07534
Epoca 110, RMS = 0.07533
Epoca 111, RMS = 0.07532
Epoca 112, RMS = 0.07531
Epoca 113, RMS = 0.07530
Epoca 114, RMS = 0.07528
Epoca 115, RMS = 0.07526
Epoca 116, RMS = 0.07524
Epoca 117, RMS = 0.07522
Epoca 118, RMS = 0.07519
Epoca 119, RMS = 0.07517
Epoca 120, RMS = 0.07514
Epoca 121, RMS = 0.07511
Epoca 122, RMS = 0.07507
Epoca 123, RMS = 0.07504
Epoca 124, RMS = 0.07500
Epoca 125, RMS = 0.07496
Epoca 126, RMS = 0.07492
Epoca 127, RMS = 0.07488
Epoca 128, RMS = 0.07484
Epoca 129, RMS = 0.07479
Epoca 130, RMS = 0.07474
Epoca 131, RMS = 0.07469
Epoca 132, RMS = 0.07464
Epoca 133, RMS = 0.07459
Epoca 134, RMS = 0.07454
Epoca 135, RMS = 0.07449
Epoca 136, RMS = 0.07443
Epoca 137, RMS = 0.07438
Epoca 138, RMS = 0.07432
Epoca 139, RMS = 0.07426
Epoca 140, RMS = 0.07420
Epoca 141, RMS = 0.07414
Epoca 142, RMS = 0.07408
Epoca 143, RMS = 0.07402
Epoca 144, RMS = 0.07396
Epoca 145, RMS = 0.07390
Epoca 146, RMS = 0.07383
Epoca 147, RMS = 0.07377
Epoca 148, RMS = 0.07371
Epoca 149, RMS = 0.07364
Epoca 150, RMS = 0.07358
Epoca 151, RMS = 0.07352
Epoca 152, RMS = 0.07345
Epoca 153, RMS = 0.07339
Epoca 154, RMS = 0.07333
Epoca 155, RMS = 0.07326
Epoca 156, RMS = 0.07320
Epoca 157, RMS = 0.07314
Epoca 158, RMS = 0.07307
Epoca 159, RMS = 0.07301
Epoca 160, RMS = 0.07295
Epoca 161, RMS = 0.07289
Epoca 162, RMS = 0.07283
Epoca 163, RMS = 0.07277
Epoca 164, RMS = 0.07271
Epoca 165, RMS = 0.07265
Epoca 166, RMS = 0.07260
Epoca 167, RMS = 0.07254
Epoca 168, RMS = 0.07249
Epoca 169, RMS = 0.07243
Epoca 170, RMS = 0.07238
Epoca 171, RMS = 0.07233
Epoca 172, RMS = 0.07227
Epoca 173, RMS = 0.07222
Epoca 174, RMS = 0.07218
Epoca 175, RMS = 0.07213
Epoca 176, RMS = 0.07208
Epoca 177, RMS = 0.07204
Epoca 178, RMS = 0.07199
Epoca 179, RMS = 0.07195
Epoca 180, RMS = 0.07191
Epoca 181, RMS = 0.07187
Epoca 182, RMS = 0.07183
Epoca 183, RMS = 0.07179
Epoca 184, RMS = 0.07175
Epoca 185, RMS = 0.07172
Epoca 186, RMS = 0.07168
Epoca 187, RMS = 0.07165
Epoca 188, RMS = 0.07162
Epoca 189, RMS = 0.07159
Epoca 190, RMS = 0.07156
Epoca 191, RMS = 0.07153
Epoca 192, RMS = 0.07150
Epoca 193, RMS = 0.07147
Epoca 194, RMS = 0.07145
Epoca 195, RMS = 0.07142
Epoca 196, RMS = 0.07140
Epoca 197, RMS = 0.07138
Epoca 198, RMS = 0.07136
Epoca 199, RMS = 0.07134
Epoca 200, RMS = 0.07132
Epoca 201, RMS = 0.07130
Epoca 202, RMS = 0.07128
Epoca 203, RMS = 0.07126
Epoca 204, RMS = 0.07125
Epoca 205, RMS = 0.07123
Epoca 206, RMS = 0.07122
Epoca 207, RMS = 0.07120
Epoca 208, RMS = 0.07119
Epoca 209, RMS = 0.07118
Epoca 210, RMS = 0.07116
Epoca 211, RMS = 0.07115
Epoca 212, RMS = 0.07114
Epoca 213, RMS = 0.07113
Epoca 214, RMS = 0.07112
Epoca 215, RMS = 0.07111
Epoca 216, RMS = 0.07110
Epoca 217, RMS = 0.07109
Epoca 218, RMS = 0.07109
Epoca 219, RMS = 0.07108
Epoca 220, RMS = 0.07107
Epoca 221, RMS = 0.07106
Epoca 222, RMS = 0.07106
Epoca 223, RMS = 0.07105
Epoca 224, RMS = 0.07105
Epoca 225, RMS = 0.07104
Epoca 226, RMS = 0.07103
Epoca 227, RMS = 0.07103
Epoca 228, RMS = 0.07102
Epoca 229, RMS = 0.07102
Epoca 230, RMS = 0.07102
Epoca 231, RMS = 0.07101
Epoca 232, RMS = 0.07101
Epoca 233, RMS = 0.07100
Epoca 234, RMS = 0.07100
Epoca 235, RMS = 0.07100
Epoca 236, RMS = 0.07099
Epoca 237, RMS = 0.07099
Epoca 238, RMS = 0.07099
Epoca 239, RMS = 0.07098
Epoca 240, RMS = 0.07098
Epoca 241, RMS = 0.07098
Epoca 242, RMS = 0.07097
Epoca 243, RMS = 0.07097
Epoca 244, RMS = 0.07097
Epoca 245, RMS = 0.07097
Epoca 246, RMS = 0.07096
Epoca 247, RMS = 0.07096
Epoca 248, RMS = 0.07096
Epoca 249, RMS = 0.07096
Epoca 250, RMS = 0.07095
Epoca 251, RMS = 0.07095
Epoca 252, RMS = 0.07095
Epoca 253, RMS = 0.07095
Epoca 254, RMS = 0.07095
Epoca 255, RMS = 0.07094
Epoca 256, RMS = 0.07094
Epoca 257, RMS = 0.07094
Epoca 258, RMS = 0.07094
Epoca 259, RMS = 0.07093
Epoca 260, RMS = 0.07093
Epoca 261, RMS = 0.07093
Epoca 262, RMS = 0.07093
Epoca 263, RMS = 0.07093
Epoca 264, RMS = 0.07092
Epoca 265, RMS = 0.07092
Epoca 266, RMS = 0.07092
Epoca 267, RMS = 0.07092
Epoca 268, RMS = 0.07092
Epoca 269, RMS = 0.07091
Epoca 270, RMS = 0.07091
Epoca 271, RMS = 0.07091
Epoca 272, RMS = 0.07091
Epoca 273, RMS = 0.07090
Epoca 274, RMS = 0.07090
Epoca 275, RMS = 0.07090
Epoca 276, RMS = 0.07090
Epoca 277, RMS = 0.07090
Epoca 278, RMS = 0.07089
Epoca 279, RMS = 0.07089
Epoca 280, RMS = 0.07089
Epoca 281, RMS = 0.07089
Epoca 282, RMS = 0.07088
Epoca 283, RMS = 0.07088
Epoca 284, RMS = 0.07088
Epoca 285, RMS = 0.07088
Epoca 286, RMS = 0.07087
Epoca 287, RMS = 0.07087
Epoca 288, RMS = 0.07087
Epoca 289, RMS = 0.07087
Epoca 290, RMS = 0.07087
Epoca 291, RMS = 0.07086
Epoca 292, RMS = 0.07086
Epoca 293, RMS = 0.07086
Epoca 294, RMS = 0.07086
Epoca 295, RMS = 0.07085
Epoca 296, RMS = 0.07085
Epoca 297, RMS = 0.07085
Epoca 298, RMS = 0.07085
Epoca 299, RMS = 0.07084
Epoca 300, RMS = 0.07084
Epoca 301, RMS = 0.07084
Epoca 302, RMS = 0.07084
Epoca 303, RMS = 0.07083
Epoca 304, RMS = 0.07083
Epoca 305, RMS = 0.07083
Epoca 306, RMS = 0.07083
Epoca 307, RMS = 0.07082
Epoca 308, RMS = 0.07082
Epoca 309, RMS = 0.07082
Epoca 310, RMS = 0.07082
Epoca 311, RMS = 0.07081
Epoca 312, RMS = 0.07081
Epoca 313, RMS = 0.07081
Epoca 314, RMS = 0.07081
Epoca 315, RMS = 0.07081
Epoca 316, RMS = 0.07080
Epoca 317, RMS = 0.07080
Epoca 318, RMS = 0.07080
Epoca 319, RMS = 0.07080
Epoca 320, RMS = 0.07079
Epoca 321, RMS = 0.07079
Epoca 322, RMS = 0.07079
Epoca 323, RMS = 0.07079
Epoca 324, RMS = 0.07078
Epoca 325, RMS = 0.07078
Epoca 326, RMS = 0.07078
Epoca 327, RMS = 0.07078
Epoca 328, RMS = 0.07078
Epoca 329, RMS = 0.07077
Epoca 330, RMS = 0.07077
Epoca 331, RMS = 0.07077
Epoca 332, RMS = 0.07077
Epoca 333, RMS = 0.07076
Epoca 334, RMS = 0.07076
Epoca 335, RMS = 0.07076
Epoca 336, RMS = 0.07076
Epoca 337, RMS = 0.07076
Epoca 338, RMS = 0.07075
Epoca 339, RMS = 0.07075
Epoca 340, RMS = 0.07075
Epoca 341, RMS = 0.07075
Epoca 342, RMS = 0.07074
Epoca 343, RMS = 0.07074
Epoca 344, RMS = 0.07074
Epoca 345, RMS = 0.07074
Epoca 346, RMS = 0.07074
Epoca 347, RMS = 0.07073
Epoca 348, RMS = 0.07073
Epoca 349, RMS = 0.07073
Epoca 350, RMS = 0.07073
Epoca 351, RMS = 0.07073
Epoca 352, RMS = 0.07072
Epoca 353, RMS = 0.07072
Epoca 354, RMS = 0.07072
Epoca 355, RMS = 0.07072
Epoca 356, RMS = 0.07072
Epoca 357, RMS = 0.07072
Epoca 358, RMS = 0.07071
Epoca 359, RMS = 0.07071
Epoca 360, RMS = 0.07071
Epoca 361, RMS = 0.07071
Epoca 362, RMS = 0.07071
Epoca 363, RMS = 0.07070
Epoca 364, RMS = 0.07070
Epoca 365, RMS = 0.07070
Epoca 366, RMS = 0.07070
Epoca 367, RMS = 0.07070
Epoca 368, RMS = 0.07070
Epoca 369, RMS = 0.07069
Epoca 370, RMS = 0.07069
Epoca 371, RMS = 0.07069
Epoca 372, RMS = 0.07069
Epoca 373, RMS = 0.07069
Epoca 374, RMS = 0.07069
Epoca 375, RMS = 0.07068
Epoca 376, RMS = 0.07068
Epoca 377, RMS = 0.07068
Epoca 378, RMS = 0.07068
Epoca 379, RMS = 0.07068
Epoca 380, RMS = 0.07068
Epoca 381, RMS = 0.07068
Epoca 382, RMS = 0.07067
Epoca 383, RMS = 0.07067
Epoca 384, RMS = 0.07067
Epoca 385, RMS = 0.07067
Epoca 386, RMS = 0.07067
Epoca 387, RMS = 0.07067
Epoca 388, RMS = 0.07067
Epoca 389, RMS = 0.07067
Epoca 390, RMS = 0.07066
Epoca 391, RMS = 0.07066
Epoca 392, RMS = 0.07066
Epoca 393, RMS = 0.07066
Epoca 394, RMS = 0.07066
Epoca 395, RMS = 0.07066
Epoca 396, RMS = 0.07066
Epoca 397, RMS = 0.07066
Epoca 398, RMS = 0.07066
Epoca 399, RMS = 0.07065
Epoca 400, RMS = 0.07065
Epoca 401, RMS = 0.07065
Epoca 402, RMS = 0.07065
Epoca 403, RMS = 0.07065
Epoca 404, RMS = 0.07065
Epoca 405, RMS = 0.07065
Epoca 406, RMS = 0.07065
Epoca 407, RMS = 0.07065
Epoca 408, RMS = 0.07065
Epoca 409, RMS = 0.07064
Epoca 410, RMS = 0.07064
Epoca 411, RMS = 0.07064
Epoca 412, RMS = 0.07064
Epoca 413, RMS = 0.07064
Epoca 414, RMS = 0.07064
Epoca 415, RMS = 0.07064
Epoca 416, RMS = 0.07064
Epoca 417, RMS = 0.07064
Epoca 418, RMS = 0.07064
Epoca 419, RMS = 0.07064
Epoca 420, RMS = 0.07064
Epoca 421, RMS = 0.07063
Epoca 422, RMS = 0.07063
Epoca 423, RMS = 0.07063
Epoca 424, RMS = 0.07063
Epoca 425, RMS = 0.07063
Epoca 426, RMS = 0.07063
Epoca 427, RMS = 0.07063
Epoca 428, RMS = 0.07063
Epoca 429, RMS = 0.07063
Epoca 430, RMS = 0.07063
Epoca 431, RMS = 0.07063
Epoca 432, RMS = 0.07063
Epoca 433, RMS = 0.07063
Epoca 434, RMS = 0.07063
Epoca 435, RMS = 0.07063
Epoca 436, RMS = 0.07063
Epoca 437, RMS = 0.07062
Epoca 438, RMS = 0.07062
Epoca 439, RMS = 0.07062
Epoca 440, RMS = 0.07062
Epoca 441, RMS = 0.07062
Epoca 442, RMS = 0.07062
Epoca 443, RMS = 0.07062
Epoca 444, RMS = 0.07062
Epoca 445, RMS = 0.07062
Epoca 446, RMS = 0.07062
Epoca 447, RMS = 0.07062
Epoca 448, RMS = 0.07062
Epoca 449, RMS = 0.07062
Epoca 450, RMS = 0.07062
Epoca 451, RMS = 0.07062
Epoca 452, RMS = 0.07062
Epoca 453, RMS = 0.07062
Epoca 454, RMS = 0.07062
Epoca 455, RMS = 0.07062
Epoca 456, RMS = 0.07062
Epoca 457, RMS = 0.07062
Epoca 458, RMS = 0.07062
Epoca 459, RMS = 0.07062
Epoca 460, RMS = 0.07062
Epoca 461, RMS = 0.07062
Epoca 462, RMS = 0.07062
Epoca 463, RMS = 0.07062
Epoca 464, RMS = 0.07062
Epoca 465, RMS = 0.07062
Epoca 466, RMS = 0.07062
Epoca 467, RMS = 0.07062
Epoca 468, RMS = 0.07062
Epoca 469, RMS = 0.07062
Epoca 470, RMS = 0.07062
Epoca 471, RMS = 0.07062
Epoca 472, RMS = 0.07062
Epoca 473, RMS = 0.07062
Epoca 474, RMS = 0.07062
Epoca 475, RMS = 0.07062
Epoca 476, RMS = 0.07062
Epoca 477, RMS = 0.07061
Epoca 478, RMS = 0.07061
Epoca 479, RMS = 0.07061
Epoca 480, RMS = 0.07061
Epoca 481, RMS = 0.07061
Epoca 482, RMS = 0.07061
Epoca 483, RMS = 0.07061
Epoca 484, RMS = 0.07061
Epoca 485, RMS = 0.07061
Epoca 486, RMS = 0.07061
Epoca 487, RMS = 0.07062
Epoca 488, RMS = 0.07062
Epoca 489, RMS = 0.07062
Epoca 490, RMS = 0.07062
Epoca 491, RMS = 0.07062
Epoca 492, RMS = 0.07062
Epoca 493, RMS = 0.07062
Epoca 494, RMS = 0.07062
Epoca 495, RMS = 0.07062
Epoca 496, RMS = 0.07062
Epoca 497, RMS = 0.07062
Epoca 498, RMS = 0.07062
Epoca 499, RMS = 0.07062
Epoca 500, RMS = 0.07062
Epoca 501, RMS = 0.07062
Epoca 502, RMS = 0.07062
Epoca 503, RMS = 0.07062
Epoca 504, RMS = 0.07062
Epoca 505, RMS = 0.07062
Epoca 506, RMS = 0.07062
Epoca 507, RMS = 0.07062
Epoca 508, RMS = 0.07062
Epoca 509, RMS = 0.07062
Epoca 510, RMS = 0.07062
Epoca 511, RMS = 0.07062
Epoca 512, RMS = 0.07062
Epoca 513, RMS = 0.07062
Epoca 514, RMS = 0.07062
Epoca 515, RMS = 0.07062
Epoca 516, RMS = 0.07062
Epoca 517, RMS = 0.07062
Epoca 518, RMS = 0.07062
Epoca 519, RMS = 0.07062
Epoca 520, RMS = 0.07062
Epoca 521, RMS = 0.07062
Epoca 522, RMS = 0.07062
Epoca 523, RMS = 0.07062
Epoca 524, RMS = 0.07062
Epoca 525, RMS = 0.07062
Epoca 526, RMS = 0.07062
Epoca 527, RMS = 0.07062
Epoca 528, RMS = 0.07062
Epoca 529, RMS = 0.07062
Epoca 530, RMS = 0.07062
Epoca 531, RMS = 0.07062
Epoca 532, RMS = 0.07062
Epoca 533, RMS = 0.07062
Epoca 534, RMS = 0.07062
Epoca 535, RMS = 0.07062
Epoca 536, RMS = 0.07062
Epoca 537, RMS = 0.07062
Epoca 538, RMS = 0.07062
Epoca 539, RMS = 0.07063
Epoca 540, RMS = 0.07063
Epoca 541, RMS = 0.07063
Epoca 542, RMS = 0.07063
Epoca 543, RMS = 0.07063
Epoca 544, RMS = 0.07063
Epoca 545, RMS = 0.07063
Epoca 546, RMS = 0.07063
Epoca 547, RMS = 0.07063
Epoca 548, RMS = 0.07063
Epoca 549, RMS = 0.07063
Epoca 550, RMS = 0.07063
Epoca 551, RMS = 0.07063
Epoca 552, RMS = 0.07063
Epoca 553, RMS = 0.07063
Epoca 554, RMS = 0.07063
Epoca 555, RMS = 0.07063
Epoca 556, RMS = 0.07063
Epoca 557, RMS = 0.07063
Epoca 558, RMS = 0.07063
Epoca 559, RMS = 0.07063
Epoca 560, RMS = 0.07063
Epoca 561, RMS = 0.07063
Epoca 562, RMS = 0.07063
Epoca 563, RMS = 0.07063
Epoca 564, RMS = 0.07063
Epoca 565, RMS = 0.07063
Epoca 566, RMS = 0.07063
Epoca 567, RMS = 0.07064
Epoca 568, RMS = 0.07064
Epoca 569, RMS = 0.07064
Epoca 570, RMS = 0.07064
Epoca 571, RMS = 0.07064
Epoca 572, RMS = 0.07064
Epoca 573, RMS = 0.07064
Epoca 574, RMS = 0.07064
Epoca 575, RMS = 0.07064
Epoca 576, RMS = 0.07064
Epoca 577, RMS = 0.07064
Epoca 578, RMS = 0.07064
Epoca 579, RMS = 0.07064
Epoca 580, RMS = 0.07064
Epoca 581, RMS = 0.07064
Epoca 582, RMS = 0.07064
Epoca 583, RMS = 0.07064
Epoca 584, RMS = 0.07064
Epoca 585, RMS = 0.07064
Epoca 586, RMS = 0.07064
Epoca 587, RMS = 0.07064
Epoca 588, RMS = 0.07064
Epoca 589, RMS = 0.07064
Epoca 590, RMS = 0.07064
Epoca 591, RMS = 0.07064
Epoca 592, RMS = 0.07065
Epoca 593, RMS = 0.07065
Epoca 594, RMS = 0.07065
Epoca 595, RMS = 0.07065
Epoca 596, RMS = 0.07065
Epoca 597, RMS = 0.07065
Epoca 598, RMS = 0.07065
Epoca 599, RMS = 0.07065
Epoca 600, RMS = 0.07065
Epoca 601, RMS = 0.07065
Epoca 602, RMS = 0.07065
Epoca 603, RMS = 0.07065
Epoca 604, RMS = 0.07065
Epoca 605, RMS = 0.07065
Epoca 606, RMS = 0.07065
Epoca 607, RMS = 0.07065
Epoca 608, RMS = 0.07065
Epoca 609, RMS = 0.07065
Epoca 610, RMS = 0.07065
Epoca 611, RMS = 0.07065
Epoca 612, RMS = 0.07065
Epoca 613, RMS = 0.07065
Epoca 614, RMS = 0.07065
Epoca 615, RMS = 0.07065
Epoca 616, RMS = 0.07065
Epoca 617, RMS = 0.07066
Epoca 618, RMS = 0.07066
Epoca 619, RMS = 0.07066
Epoca 620, RMS = 0.07066
Epoca 621, RMS = 0.07066
Epoca 622, RMS = 0.07066
Epoca 623, RMS = 0.07066
Epoca 624, RMS = 0.07066
Epoca 625, RMS = 0.07066
Epoca 626, RMS = 0.07066
Epoca 627, RMS = 0.07066
Epoca 628, RMS = 0.07066
Epoca 629, RMS = 0.07066
Epoca 630, RMS = 0.07066
Epoca 631, RMS = 0.07066
Epoca 632, RMS = 0.07066
Epoca 633, RMS = 0.07066
Epoca 634, RMS = 0.07066
Epoca 635, RMS = 0.07066
Epoca 636, RMS = 0.07066
Epoca 637, RMS = 0.07066
Epoca 638, RMS = 0.07066
Epoca 639, RMS = 0.07066
Epoca 640, RMS = 0.07066
Epoca 641, RMS = 0.07066
Epoca 642, RMS = 0.07066
Epoca 643, RMS = 0.07066
Epoca 644, RMS = 0.07067
Epoca 645, RMS = 0.07067
Epoca 646, RMS = 0.07067
Epoca 647, RMS = 0.07067
Epoca 648, RMS = 0.07067
Epoca 649, RMS = 0.07067
Epoca 650, RMS = 0.07067
Epoca 651, RMS = 0.07067
Epoca 652, RMS = 0.07067
Epoca 653, RMS = 0.07067
Epoca 654, RMS = 0.07067
Epoca 655, RMS = 0.07067
Epoca 656, RMS = 0.07067
Epoca 657, RMS = 0.07067
Epoca 658, RMS = 0.07067
Epoca 659, RMS = 0.07067
Epoca 660, RMS = 0.07067
Epoca 661, RMS = 0.07067
Epoca 662, RMS = 0.07067
Epoca 663, RMS = 0.07067
Epoca 664, RMS = 0.07067
Epoca 665, RMS = 0.07067
Epoca 666, RMS = 0.07067
Epoca 667, RMS = 0.07067
Epoca 668, RMS = 0.07067
Epoca 669, RMS = 0.07067
Epoca 670, RMS = 0.07067
Epoca 671, RMS = 0.07067
Epoca 672, RMS = 0.07068
Epoca 673, RMS = 0.07068
Epoca 674, RMS = 0.07068
Epoca 675, RMS = 0.07068
Epoca 676, RMS = 0.07068
Epoca 677, RMS = 0.07068
Epoca 678, RMS = 0.07068
Epoca 679, RMS = 0.07068
Epoca 680, RMS = 0.07068
Epoca 681, RMS = 0.07068
Epoca 682, RMS = 0.07068
Epoca 683, RMS = 0.07068
Epoca 684, RMS = 0.07068
Epoca 685, RMS = 0.07068
Epoca 686, RMS = 0.07068
Epoca 687, RMS = 0.07068
Epoca 688, RMS = 0.07068
Epoca 689, RMS = 0.07068
Epoca 690, RMS = 0.07068
Epoca 691, RMS = 0.07068
Epoca 692, RMS = 0.07068
Epoca 693, RMS = 0.07068
Epoca 694, RMS = 0.07068
Epoca 695, RMS = 0.07068
Epoca 696, RMS = 0.07068
Epoca 697, RMS = 0.07068
Epoca 698, RMS = 0.07068
Epoca 699, RMS = 0.07068
Epoca 700, RMS = 0.07068
Epoca 701, RMS = 0.07068
Epoca 702, RMS = 0.07068
Epoca 703, RMS = 0.07069
Epoca 704, RMS = 0.07069
Epoca 705, RMS = 0.07069
Epoca 706, RMS = 0.07069
Epoca 707, RMS = 0.07069
Epoca 708, RMS = 0.07069
Epoca 709, RMS = 0.07069
Epoca 710, RMS = 0.07069
Epoca 711, RMS = 0.07069
Epoca 712, RMS = 0.07069
Epoca 713, RMS = 0.07069
Epoca 714, RMS = 0.07069
Epoca 715, RMS = 0.07069
Epoca 716, RMS = 0.07069
Epoca 717, RMS = 0.07069
Epoca 718, RMS = 0.07069
Epoca 719, RMS = 0.07069
Epoca 720, RMS = 0.07069
Epoca 721, RMS = 0.07069
Epoca 722, RMS = 0.07069
Epoca 723, RMS = 0.07069
Epoca 724, RMS = 0.07069
Epoca 725, RMS = 0.07069
Epoca 726, RMS = 0.07069
Epoca 727, RMS = 0.07069
Epoca 728, RMS = 0.07069
Epoca 729, RMS = 0.07069
Epoca 730, RMS = 0.07069
Epoca 731, RMS = 0.07069
Epoca 732, RMS = 0.07069
Epoca 733, RMS = 0.07069
Epoca 734, RMS = 0.07069
Epoca 735, RMS = 0.07069
Epoca 736, RMS = 0.07069
Epoca 737, RMS = 0.07069
Epoca 738, RMS = 0.07069
Epoca 739, RMS = 0.07069
Epoca 740, RMS = 0.07070
Epoca 741, RMS = 0.07070
Epoca 742, RMS = 0.07070
Epoca 743, RMS = 0.07070
Epoca 744, RMS = 0.07070
Epoca 745, RMS = 0.07070
Epoca 746, RMS = 0.07070
Epoca 747, RMS = 0.07070
Epoca 748, RMS = 0.07070
Epoca 749, RMS = 0.07070
Epoca 750, RMS = 0.07070
Epoca 751, RMS = 0.07070
Epoca 752, RMS = 0.07070
Epoca 753, RMS = 0.07070
Epoca 754, RMS = 0.07070
Epoca 755, RMS = 0.07070
Epoca 756, RMS = 0.07070
Epoca 757, RMS = 0.07070
Epoca 758, RMS = 0.07070
Epoca 759, RMS = 0.07070
Epoca 760, RMS = 0.07070
Epoca 761, RMS = 0.07070
Epoca 762, RMS = 0.07070
Epoca 763, RMS = 0.07070
Epoca 764, RMS = 0.07070
Epoca 765, RMS = 0.07070
Epoca 766, RMS = 0.07070
Epoca 767, RMS = 0.07070
Epoca 768, RMS = 0.07070
Epoca 769, RMS = 0.07070
Epoca 770, RMS = 0.07070
Epoca 771, RMS = 0.07070
Epoca 772, RMS = 0.07070
Epoca 773, RMS = 0.07070
Epoca 774, RMS = 0.07070
Epoca 775, RMS = 0.07070
Epoca 776, RMS = 0.07070
Epoca 777, RMS = 0.07070
Epoca 778, RMS = 0.07070
Epoca 779, RMS = 0.07070
Epoca 780, RMS = 0.07070
Epoca 781, RMS = 0.07070
Epoca 782, RMS = 0.07070
Epoca 783, RMS = 0.07070
Epoca 784, RMS = 0.07070
Epoca 785, RMS = 0.07070
Epoca 786, RMS = 0.07070
Epoca 787, RMS = 0.07070
Epoca 788, RMS = 0.07070
Epoca 789, RMS = 0.07070
Epoca 790, RMS = 0.07071
Epoca 791, RMS = 0.07071
Epoca 792, RMS = 0.07071
Epoca 793, RMS = 0.07071
Epoca 794, RMS = 0.07071
Epoca 795, RMS = 0.07071
Epoca 796, RMS = 0.07071
Epoca 797, RMS = 0.07071
Epoca 798, RMS = 0.07071
Epoca 799, RMS = 0.07071
Epoca 800, RMS = 0.07071
Epoca 801, RMS = 0.07071
Epoca 802, RMS = 0.07071
Epoca 803, RMS = 0.07071
Epoca 804, RMS = 0.07071
Epoca 805, RMS = 0.07071
Epoca 806, RMS = 0.07071
Epoca 807, RMS = 0.07071
Epoca 808, RMS = 0.07071
Epoca 809, RMS = 0.07071
Epoca 810, RMS = 0.07071
Epoca 811, RMS = 0.07071
Epoca 812, RMS = 0.07071
Epoca 813, RMS = 0.07071
Epoca 814, RMS = 0.07071
Epoca 815, RMS = 0.07071
Epoca 816, RMS = 0.07071
Epoca 817, RMS = 0.07071
Epoca 818, RMS = 0.07071
Epoca 819, RMS = 0.07071
Epoca 820, RMS = 0.07071
Epoca 821, RMS = 0.07071
Epoca 822, RMS = 0.07071
Epoca 823, RMS = 0.07071
Epoca 824, RMS = 0.07071
Epoca 825, RMS = 0.07071
Epoca 826, RMS = 0.07071
Epoca 827, RMS = 0.07071
Epoca 828, RMS = 0.07071
Epoca 829, RMS = 0.07071
Epoca 830, RMS = 0.07071
Epoca 831, RMS = 0.07071
Epoca 832, RMS = 0.07071
Epoca 833, RMS = 0.07071
Epoca 834, RMS = 0.07071
Epoca 835, RMS = 0.07071
Epoca 836, RMS = 0.07071
Epoca 837, RMS = 0.07071
Epoca 838, RMS = 0.07071
Epoca 839, RMS = 0.07071
Epoca 840, RMS = 0.07071
Epoca 841, RMS = 0.07071
Epoca 842, RMS = 0.07071
Epoca 843, RMS = 0.07071
Epoca 844, RMS = 0.07071
Epoca 845, RMS = 0.07071
Epoca 846, RMS = 0.07071
Epoca 847, RMS = 0.07071
Epoca 848, RMS = 0.07071
Epoca 849, RMS = 0.07071
Epoca 850, RMS = 0.07071
Epoca 851, RMS = 0.07071
Epoca 852, RMS = 0.07071
Epoca 853, RMS = 0.07071
Epoca 854, RMS = 0.07071
Epoca 855, RMS = 0.07071
Epoca 856, RMS = 0.07071
Epoca 857, RMS = 0.07071
Epoca 858, RMS = 0.07071
Epoca 859, RMS = 0.07071
Epoca 860, RMS = 0.07071
Epoca 861, RMS = 0.07071
Epoca 862, RMS = 0.07071
Epoca 863, RMS = 0.07071
Epoca 864, RMS = 0.07071
Epoca 865, RMS = 0.07071
Epoca 866, RMS = 0.07071
Epoca 867, RMS = 0.07071
Epoca 868, RMS = 0.07072
Epoca 869, RMS = 0.07072
Epoca 870, RMS = 0.07072
Epoca 871, RMS = 0.07072
Epoca 872, RMS = 0.07072
Epoca 873, RMS = 0.07072
Epoca 874, RMS = 0.07072
Epoca 875, RMS = 0.07072
Epoca 876, RMS = 0.07072
Epoca 877, RMS = 0.07072
Epoca 878, RMS = 0.07072
Epoca 879, RMS = 0.07072
Epoca 880, RMS = 0.07072
Epoca 881, RMS = 0.07072
Epoca 882, RMS = 0.07072
Epoca 883, RMS = 0.07072
Epoca 884, RMS = 0.07072
Epoca 885, RMS = 0.07072
Epoca 886, RMS = 0.07072
Epoca 887, RMS = 0.07072
Epoca 888, RMS = 0.07072
Epoca 889, RMS = 0.07072
Epoca 890, RMS = 0.07072
Epoca 891, RMS = 0.07072
Epoca 892, RMS = 0.07072
Epoca 893, RMS = 0.07072
Epoca 894, RMS = 0.07072
Epoca 895, RMS = 0.07072
Epoca 896, RMS = 0.07072
Epoca 897, RMS = 0.07072
Epoca 898, RMS = 0.07072
Epoca 899, RMS = 0.07072
Epoca 900, RMS = 0.07072
Epoca 901, RMS = 0.07072
Epoca 902, RMS = 0.07072
Epoca 903, RMS = 0.07072
Epoca 904, RMS = 0.07072
Epoca 905, RMS = 0.07072
Epoca 906, RMS = 0.07072
Epoca 907, RMS = 0.07072
Epoca 908, RMS = 0.07072
Epoca 909, RMS = 0.07072
Epoca 910, RMS = 0.07072
Epoca 911, RMS = 0.07072
Epoca 912, RMS = 0.07072
Epoca 913, RMS = 0.07072
Epoca 914, RMS = 0.07072
Epoca 915, RMS = 0.07072
Epoca 916, RMS = 0.07072
Epoca 917, RMS = 0.07072
Epoca 918, RMS = 0.07072
Epoca 919, RMS = 0.07072
Epoca 920, RMS = 0.07072
Epoca 921, RMS = 0.07072
Epoca 922, RMS = 0.07072
Epoca 923, RMS = 0.07072
Epoca 924, RMS = 0.07072
Epoca 925, RMS = 0.07072
Epoca 926, RMS = 0.07072
Epoca 927, RMS = 0.07072
Epoca 928, RMS = 0.07072
Epoca 929, RMS = 0.07072
Epoca 930, RMS = 0.07072
Epoca 931, RMS = 0.07072
Epoca 932, RMS = 0.07072
Epoca 933, RMS = 0.07072
Epoca 934, RMS = 0.07072
Epoca 935, RMS = 0.07072
Epoca 936, RMS = 0.07072
Epoca 937, RMS = 0.07072
Epoca 938, RMS = 0.07072
Epoca 939, RMS = 0.07072
Epoca 940, RMS = 0.07072
Epoca 941, RMS = 0.07072
Epoca 942, RMS = 0.07072
Epoca 943, RMS = 0.07072
Epoca 944, RMS = 0.07072
Epoca 945, RMS = 0.07072
Epoca 946, RMS = 0.07072
Epoca 947, RMS = 0.07072
Epoca 948, RMS = 0.07072
Epoca 949, RMS = 0.07072
Epoca 950, RMS = 0.07072
Epoca 951, RMS = 0.07072
Epoca 952, RMS = 0.07072
Epoca 953, RMS = 0.07072
Epoca 954, RMS = 0.07072
Epoca 955, RMS = 0.07072
Epoca 956, RMS = 0.07072
Epoca 957, RMS = 0.07072
Epoca 958, RMS = 0.07072
Epoca 959, RMS = 0.07072
Epoca 960, RMS = 0.07072
Epoca 961, RMS = 0.07072
Epoca 962, RMS = 0.07072
Epoca 963, RMS = 0.07072
Epoca 964, RMS = 0.07072
Epoca 965, RMS = 0.07072
Epoca 966, RMS = 0.07072
Epoca 967, RMS = 0.07072
Epoca 968, RMS = 0.07072
Epoca 969, RMS = 0.07072
Epoca 970, RMS = 0.07072
Epoca 971, RMS = 0.07072
Epoca 972, RMS = 0.07072
Epoca 973, RMS = 0.07072
Epoca 974, RMS = 0.07072
Epoca 975, RMS = 0.07072
Epoca 976, RMS = 0.07072
Epoca 977, RMS = 0.07072
Epoca 978, RMS = 0.07072
Epoca 979, RMS = 0.07072
Epoca 980, RMS = 0.07072
Epoca 981, RMS = 0.07072
Epoca 982, RMS = 0.07072
Epoca 983, RMS = 0.07072
Epoca 984, RMS = 0.07072
Epoca 985, RMS = 0.07072
Epoca 986, RMS = 0.07072
Epoca 987, RMS = 0.07072
Epoca 988, RMS = 0.07072
Epoca 989, RMS = 0.07072
Epoca 990, RMS = 0.07072
Epoca 991, RMS = 0.07072
Epoca 992, RMS = 0.07072
Epoca 993, RMS = 0.07072
Epoca 994, RMS = 0.07072
Epoca 995, RMS = 0.07072
Epoca 996, RMS = 0.07072
Epoca 997, RMS = 0.07072
Epoca 998, RMS = 0.07072
Epoca 999, RMS = 0.07072
Epoca 1000, RMS = 0.07072

##################TEST##################
Z[0] = 1.00
Z[1] = 0.99
Y_IN 3.15
T[0] = 1 Y[0] = 0.92
Y_IN 0.02
T[1] = 0 Y[1] = 0.01
Z[0] = 1.00
Z[1] = -1.00
Y_IN -0.08
T[0] = 0 Y[0] = -0.04
Y_IN 4.61
T[1] = 1 Y[1] = 0.98
Z[0] = 1.00
Z[1] = -1.00
Y_IN -0.08
T[0] = 0 Y[0] = -0.04
Y_IN 4.61
T[1] = 1 Y[1] = 0.98
Z[0] = 1.00
Z[1] = 1.00
Y_IN 3.17
T[0] = 1 Y[0] = 0.92
Y_IN -0.00
T[1] = 0 Y[1] = -0.00
Z[0] = 1.00
Z[1] = -1.00
Y_IN -0.08
T[0] = 0 Y[0] = -0.04
Y_IN 4.61
T[1] = 1 Y[1] = 0.98
Z[0] = 1.00
Z[1] = 0.92
Y_IN 3.04
T[0] = 0 Y[0] = 0.91
Y_IN 0.17
T[1] = 1 Y[1] = 0.09
Z[0] = 1.00
Z[1] = 0.96
Y_IN 3.11
T[0] = 1 Y[0] = 0.91
Y_IN 0.08
T[1] = 0 Y[1] = 0.04
Z[0] = 1.00
Z[1] = -0.97
Y_IN -0.03
T[0] = 0 Y[0] = -0.02
Y_IN 4.55
T[1] = 1 Y[1] = 0.98
Z[0] = 1.00
Z[1] = 0.27
Y_IN 1.98
T[0] = 1 Y[0] = 0.76
Y_IN 1.68
T[1] = 0 Y[1] = 0.69
Z[0] = 1.00
Z[1] = -1.00
Y_IN -0.08
T[0] = 0 Y[0] = -0.04
Y_IN 4.61
T[1] = 1 Y[1] = 0.98
Z[0] = 1.00
Z[1] = -1.00
Y_IN -0.08
T[0] = 0 Y[0] = -0.04
Y_IN 4.61
T[1] = 1 Y[1] = 0.98
Z[0] = 1.00
Z[1] = 1.00
Y_IN 3.17
T[0] = 1 Y[0] = 0.92
Y_IN -0.00
T[1] = 0 Y[1] = -0.00
Z[0] = 1.00
Z[1] = 1.00
Y_IN 3.16
T[0] = 1 Y[0] = 0.92
Y_IN 0.00
T[1] = 0 Y[1] = 0.00
Z[0] = 1.00
Z[1] = -1.00
Y_IN -0.08
T[0] = 0 Y[0] = -0.04
Y_IN 4.61
T[1] = 1 Y[1] = 0.98
Z[0] = 1.00
Z[1] = -1.00
Y_IN -0.08
T[0] = 0 Y[0] = -0.04
Y_IN 4.61
T[1] = 1 Y[1] = 0.98
Z[0] = 1.00
Z[1] = 1.00
Y_IN 3.17
T[0] = 1 Y[0] = 0.92
Y_IN -0.00
T[1] = 0 Y[1] = -0.00
Z[0] = 1.00
Z[1] = 1.00
Y_IN 3.17
T[0] = 1 Y[0] = 0.92
Y_IN -0.00
T[1] = 0 Y[1] = -0.00
Z[0] = 1.00
Z[1] = -0.65
Y_IN 0.49
T[0] = 0 Y[0] = 0.24
Y_IN 3.79
T[1] = 1 Y[1] = 0.96
Z[0] = 1.00
Z[1] = 1.00
Y_IN 3.16
T[0] = 1 Y[0] = 0.92
Y_IN 0.01
T[1] = 0 Y[1] = 0.00
Z[0] = 1.00
Z[1] = 1.00
Y_IN 3.17
T[0] = 1 Y[0] = 0.92
Y_IN -0.00
T[1] = 0 Y[1] = -0.00
Z[0] = 1.00
Z[1] = 0.99
Y_IN 3.15
T[0] = 1 Y[0] = 0.92
Y_IN 0.02
T[1] = 0 Y[1] = 0.01
Z[0] = 1.00
Z[1] = -0.99
Y_IN -0.07
T[0] = 0 Y[0] = -0.03
Y_IN 4.59
T[1] = 1 Y[1] = 0.98
Z[0] = 1.00
Z[1] = -0.79
Y_IN 0.25
T[0] = 0 Y[0] = 0.13
Y_IN 4.14
T[1] = 1 Y[1] = 0.97
Z[0] = 1.00
Z[1] = 0.99
Y_IN 3.16
T[0] = 1 Y[0] = 0.92
Y_IN 0.01
T[1] = 0 Y[1] = 0.00
Z[0] = 1.00
Z[1] = 1.00
Y_IN 3.17
T[0] = 1 Y[0] = 0.92
Y_IN -0.00
T[1] = 0 Y[1] = -0.00
Z[0] = 1.00
Z[1] = -1.00
Y_IN -0.08
T[0] = 0 Y[0] = -0.04
Y_IN 4.61
T[1] = 1 Y[1] = 0.98
Z[0] = 1.00
Z[1] = 1.00
Y_IN 3.17
T[0] = 1 Y[0] = 0.92
Y_IN -0.00
T[1] = 0 Y[1] = -0.00
Z[0] = 1.00
Z[1] = 0.99
Y_IN 3.16
T[0] = 1 Y[0] = 0.92
Y_IN 0.01
T[1] = 0 Y[1] = 0.00
Z[0] = 1.00
Z[1] = 1.00
Y_IN 3.17
T[0] = 1 Y[0] = 0.92
Y_IN -0.00
T[1] = 0 Y[1] = -0.00
Z[0] = 1.00
Z[1] = 0.99
Y_IN 3.16
T[0] = 1 Y[0] = 0.92
Y_IN 0.01
T[1] = 0 Y[1] = 0.01
Z[0] = 1.00
Z[1] = -0.98
Y_IN -0.04
T[0] = 0 Y[0] = -0.02
Y_IN 4.56
T[1] = 1 Y[1] = 0.98
Z[0] = 1.00
Z[1] = 1.00
Y_IN 3.17
T[0] = 1 Y[0] = 0.92
Y_IN -0.00
T[1] = 0 Y[1] = -0.00
Z[0] = 1.00
Z[1] = 0.67
Y_IN 2.63
T[0] = 1 Y[0] = 0.87
Y_IN 0.75
T[1] = 0 Y[1] = 0.36
Z[0] = 1.00
Z[1] = 0.99
Y_IN 3.16
T[0] = 1 Y[0] = 0.92
Y_IN 0.01
T[1] = 0 Y[1] = 0.01
Z[0] = 1.00
Z[1] = 1.00
Y_IN 3.16
T[0] = 1 Y[0] = 0.92
Y_IN 0.00
T[1] = 0 Y[1] = 0.00
Z[0] = 1.00
Z[1] = 1.00
Y_IN 3.17
T[0] = 1 Y[0] = 0.92
Y_IN -0.00
T[1] = 0 Y[1] = -0.00
Z[0] = 1.00
Z[1] = 1.00
Y_IN 3.17
T[0] = 1 Y[0] = 0.92
Y_IN -0.00
T[1] = 0 Y[1] = -0.00
Z[0] = 1.00
Z[1] = 1.00
Y_IN 3.17
T[0] = 1 Y[0] = 0.92
Y_IN -0.00
T[1] = 0 Y[1] = -0.00
Z[0] = 1.00
Z[1] = -1.00
Y_IN -0.08
T[0] = 0 Y[0] = -0.04
Y_IN 4.60
T[1] = 1 Y[1] = 0.98
Z[0] = 1.00
Z[1] = 1.00
Y_IN 3.17
T[0] = 1 Y[0] = 0.92
Y_IN -0.00
T[1] = 0 Y[1] = -0.00
Z[0] = 1.00
Z[1] = 1.00
Y_IN 3.16
T[0] = 1 Y[0] = 0.92
Y_IN -0.00
T[1] = 0 Y[1] = -0.00
Z[0] = 1.00
Z[1] = -1.00
Y_IN -0.07
T[0] = 0 Y[0] = -0.04
Y_IN 4.60
T[1] = 1 Y[1] = 0.98
Z[0] = 1.00
Z[1] = -0.99
Y_IN -0.07
T[0] = 0 Y[0] = -0.03
Y_IN 4.59
T[1] = 1 Y[1] = 0.98
Z[0] = 1.00
Z[1] = 1.00
Y_IN 3.17
T[0] = 1 Y[0] = 0.92
Y_IN -0.00
T[1] = 0 Y[1] = -0.00
Z[0] = 1.00
Z[1] = 1.00
Y_IN 3.16
T[0] = 1 Y[0] = 0.92
Y_IN -0.00
T[1] = 0 Y[1] = -0.00
Z[0] = 1.00
Z[1] = -0.07
Y_IN 1.43
T[0] = 0 Y[0] = 0.61
Y_IN 2.47
T[1] = 1 Y[1] = 0.84
Z[0] = 1.00
Z[1] = 1.00
Y_IN 3.17
T[0] = 1 Y[0] = 0.92
Y_IN -0.00
T[1] = 0 Y[1] = -0.00
Z[0] = 1.00
Z[1] = 1.00
Y_IN 3.16
T[0] = 1 Y[0] = 0.92
Y_IN 0.00
T[1] = 0 Y[1] = 0.00
Z[0] = 1.00
Z[1] = 0.99
Y_IN 3.15
T[0] = 1 Y[0] = 0.92
Y_IN 0.02
T[1] = 0 Y[1] = 0.01
Z[0] = 1.00
Z[1] = 0.99
Y_IN 3.14
T[0] = 1 Y[0] = 0.92
Y_IN 0.03
T[1] = 0 Y[1] = 0.01
Z[0] = 1.00
Z[1] = -1.00
Y_IN -0.08
T[0] = 0 Y[0] = -0.04
Y_IN 4.61
T[1] = 1 Y[1] = 0.98
Z[0] = 1.00
Z[1] = 1.00
Y_IN 3.17
T[0] = 1 Y[0] = 0.92
Y_IN -0.00
T[1] = 0 Y[1] = -0.00
Z[0] = 1.00
Z[1] = -1.00
Y_IN -0.08
T[0] = 0 Y[0] = -0.04
Y_IN 4.61
T[1] = 1 Y[1] = 0.98
Z[0] = 1.00
Z[1] = 0.99
Y_IN 3.15
T[0] = 1 Y[0] = 0.92
Y_IN 0.02
T[1] = 0 Y[1] = 0.01
Z[0] = 1.00
Z[1] = -0.93
Y_IN 0.03
T[0] = 0 Y[0] = 0.02
Y_IN 4.45
T[1] = 1 Y[1] = 0.98
Z[0] = 1.00
Z[1] = 1.00
Y_IN 3.17
T[0] = 1 Y[0] = 0.92
Y_IN -0.00
T[1] = 0 Y[1] = -0.00
Z[0] = 1.00
Z[1] = 0.97
Y_IN 3.12
T[0] = 1 Y[0] = 0.92
Y_IN 0.06
T[1] = 0 Y[1] = 0.03
Z[0] = 1.00
Z[1] = -1.00
Y_IN -0.08
T[0] = 0 Y[0] = -0.04
Y_IN 4.61
T[1] = 1 Y[1] = 0.98
Z[0] = 1.00
Z[1] = 0.99
Y_IN 3.15
T[0] = 1 Y[0] = 0.92
Y_IN 0.02
T[1] = 0 Y[1] = 0.01
Z[0] = 1.00
Z[1] = -1.00
Y_IN -0.08
T[0] = 0 Y[0] = -0.04
Y_IN 4.61
T[1] = 1 Y[1] = 0.98
Z[0] = 1.00
Z[1] = 0.99
Y_IN 3.15
T[0] = 1 Y[0] = 0.92
Y_IN 0.01
T[1] = 0 Y[1] = 0.01
Z[0] = 1.00
Z[1] = 1.00
Y_IN 3.17
T[0] = 1 Y[0] = 0.92
Y_IN -0.00
T[1] = 0 Y[1] = -0.00
Z[0] = 1.00
Z[1] = 0.98
Y_IN 3.14
T[0] = 1 Y[0] = 0.92
Y_IN 0.04
T[1] = 0 Y[1] = 0.02
Z[0] = 1.00
Z[1] = -0.99
Y_IN -0.07
T[0] = 0 Y[0] = -0.04
Y_IN 4.60
T[1] = 1 Y[1] = 0.98
Z[0] = 1.00
Z[1] = -1.00
Y_IN -0.08
T[0] = 0 Y[0] = -0.04
Y_IN 4.61
T[1] = 1 Y[1] = 0.98
Z[0] = 1.00
Z[1] = 1.00
Y_IN 3.16
T[0] = 1 Y[0] = 0.92
Y_IN 0.00
T[1] = 0 Y[1] = 0.00
Z[0] = 1.00
Z[1] = 1.00
Y_IN 3.16
T[0] = 1 Y[0] = 0.92
Y_IN 0.00
T[1] = 0 Y[1] = 0.00
Z[0] = 1.00
Z[1] = -0.72
Y_IN 0.37
T[0] = 0 Y[0] = 0.18
Y_IN 3.98
T[1] = 1 Y[1] = 0.96
Z[0] = 1.00
Z[1] = 1.00
Y_IN 3.16
T[0] = 1 Y[0] = 0.92
Y_IN 0.00
T[1] = 0 Y[1] = 0.00
Z[0] = 1.00
Z[1] = -1.00
Y_IN -0.08
T[0] = 0 Y[0] = -0.04
Y_IN 4.61
T[1] = 1 Y[1] = 0.98
Z[0] = 1.00
Z[1] = -0.72
Y_IN 0.38
T[0] = 1 Y[0] = 0.19
Y_IN 3.96
T[1] = 0 Y[1] = 0.96
Z[0] = 1.00
Z[1] = 0.98
Y_IN 3.14
T[0] = 1 Y[0] = 0.92
Y_IN 0.03
T[1] = 0 Y[1] = 0.02
Z[0] = 1.00
Z[1] = 0.99
Y_IN 3.15
T[0] = 1 Y[0] = 0.92
Y_IN 0.01
T[1] = 0 Y[1] = 0.01
Z[0] = 1.00
Z[1] = 0.96
Y_IN 3.10
T[0] = 1 Y[0] = 0.91
Y_IN 0.09
T[1] = 0 Y[1] = 0.04
Z[0] = 1.00
Z[1] = 0.21
Y_IN 1.88
T[0] = 0 Y[0] = 0.74
Y_IN 1.82
T[1] = 1 Y[1] = 0.72
Z[0] = 1.00
Z[1] = 0.99
Y_IN 3.16
T[0] = 1 Y[0] = 0.92
Y_IN 0.01
T[1] = 0 Y[1] = 0.00
Z[0] = 1.00
Z[1] = 1.00
Y_IN 3.16
T[0] = 1 Y[0] = 0.92
Y_IN 0.01
T[1] = 0 Y[1] = 0.00
Z[0] = 1.00
Z[1] = 0.00
Y_IN 1.54
T[0] = 0 Y[0] = 0.65
Y_IN 2.30
T[1] = 1 Y[1] = 0.82
Z[0] = 1.00
Z[1] = 1.00
Y_IN 3.16
T[0] = 1 Y[0] = 0.92
Y_IN 0.00
T[1] = 0 Y[1] = 0.00
Z[0] = 1.00
Z[1] = 0.97
Y_IN 3.12
T[0] = 1 Y[0] = 0.92
Y_IN 0.06
T[1] = 0 Y[1] = 0.03
Z[0] = 1.00
Z[1] = 1.00
Y_IN 3.16
T[0] = 1 Y[0] = 0.92
Y_IN -0.00
T[1] = 0 Y[1] = -0.00
Z[0] = 1.00
Z[1] = 0.96
Y_IN 3.10
T[0] = 1 Y[0] = 0.91
Y_IN 0.09
T[1] = 0 Y[1] = 0.05
Z[0] = 1.00
Z[1] = 0.96
Y_IN 3.11
T[0] = 1 Y[0] = 0.91
Y_IN 0.08
T[1] = 0 Y[1] = 0.04
Z[0] = 1.00
Z[1] = 0.36
Y_IN 2.12
T[0] = 0 Y[0] = 0.79
Y_IN 1.48
T[1] = 1 Y[1] = 0.63
Z[0] = 1.00
Z[1] = 0.98
Y_IN 3.13
T[0] = 1 Y[0] = 0.92
Y_IN 0.05
T[1] = 0 Y[1] = 0.02
Z[0] = 1.00
Z[1] = -0.91
Y_IN 0.07
T[0] = 0 Y[0] = 0.03
Y_IN 4.40
T[1] = 1 Y[1] = 0.98
Z[0] = 1.00
Z[1] = -0.93
Y_IN 0.03
T[0] = 0 Y[0] = 0.01
Y_IN 4.46
T[1] = 1 Y[1] = 0.98
Z[0] = 1.00
Z[1] = 1.00
Y_IN 3.17
T[0] = 1 Y[0] = 0.92
Y_IN -0.00
T[1] = 0 Y[1] = -0.00
Z[0] = 1.00
Z[1] = -1.00
Y_IN -0.08
T[0] = 0 Y[0] = -0.04
Y_IN 4.61
T[1] = 1 Y[1] = 0.98
Z[0] = 1.00
Z[1] = 1.00
Y_IN 3.16
T[0] = 1 Y[0] = 0.92
Y_IN 0.00
T[1] = 0 Y[1] = 0.00
Z[0] = 1.00
Z[1] = 1.00
Y_IN 3.17
T[0] = 1 Y[0] = 0.92
Y_IN -0.00
T[1] = 0 Y[1] = -0.00
Z[0] = 1.00
Z[1] = -1.00
Y_IN -0.08
T[0] = 0 Y[0] = -0.04
Y_IN 4.61
T[1] = 1 Y[1] = 0.98
Z[0] = 1.00
Z[1] = -1.00
Y_IN -0.08
T[0] = 0 Y[0] = -0.04
Y_IN 4.61
T[1] = 1 Y[1] = 0.98
Z[0] = 1.00
Z[1] = 0.35
Y_IN 2.11
T[0] = 0 Y[0] = 0.78
Y_IN 1.50
T[1] = 1 Y[1] = 0.64
Z[0] = 1.00
Z[1] = -1.00
Y_IN -0.08
T[0] = 0 Y[0] = -0.04
Y_IN 4.61
T[1] = 1 Y[1] = 0.98
Z[0] = 1.00
Z[1] = -1.00
Y_IN -0.08
T[0] = 0 Y[0] = -0.04
Y_IN 4.61
T[1] = 1 Y[1] = 0.98
Z[0] = 1.00
Z[1] = -1.00
Y_IN -0.08
T[0] = 0 Y[0] = -0.04
Y_IN 4.61
T[1] = 1 Y[1] = 0.98
Z[0] = 1.00
Z[1] = 0.99
Y_IN 3.16
T[0] = 1 Y[0] = 0.92
Y_IN 0.01
T[1] = 0 Y[1] = 0.00
Z[0] = 1.00
Z[1] = 0.99
Y_IN 3.15
T[0] = 1 Y[0] = 0.92
Y_IN 0.02
T[1] = 0 Y[1] = 0.01
Z[0] = 1.00
Z[1] = 0.43
Y_IN 2.24
T[0] = 1 Y[0] = 0.81
Y_IN 1.31
T[1] = 0 Y[1] = 0.57
Z[0] = 1.00
Z[1] = 0.99
Y_IN 3.16
T[0] = 1 Y[0] = 0.92
Y_IN 0.01
T[1] = 0 Y[1] = 0.01
Z[0] = 1.00
Z[1] = 1.00
Y_IN 3.17
T[0] = 1 Y[0] = 0.92
Y_IN -0.00
T[1] = 0 Y[1] = -0.00
Z[0] = 1.00
Z[1] = 0.99
Y_IN 3.14
T[0] = 1 Y[0] = 0.92
Y_IN 0.03
T[1] = 0 Y[1] = 0.01
Z[0] = 1.00
Z[1] = -0.68
Y_IN 0.44
T[0] = 0 Y[0] = 0.22
Y_IN 3.87
T[1] = 1 Y[1] = 0.96
Z[0] = 1.00
Z[1] = 0.99
Y_IN 3.16
T[0] = 1 Y[0] = 0.92
Y_IN 0.01
T[1] = 0 Y[1] = 0.00
Z[0] = 1.00
Z[1] = 1.00
Y_IN 3.17
T[0] = 1 Y[0] = 0.92
Y_IN -0.00
T[1] = 0 Y[1] = -0.00
Z[0] = 1.00
Z[1] = 1.00
Y_IN 3.16
T[0] = 1 Y[0] = 0.92
Y_IN 0.00
T[1] = 0 Y[1] = 0.00
Z[0] = 1.00
Z[1] = 1.00
Y_IN 3.17
T[0] = 1 Y[0] = 0.92
Y_IN -0.00
T[1] = 0 Y[1] = -0.00
Z[0] = 1.00
Z[1] = -1.00
Y_IN -0.08
T[0] = 0 Y[0] = -0.04
Y_IN 4.61
T[1] = 1 Y[1] = 0.98
Z[0] = 1.00
Z[1] = -0.98
Y_IN -0.05
T[0] = 0 Y[0] = -0.03
Y_IN 4.57
T[1] = 1 Y[1] = 0.98
Z[0] = 1.00
Z[1] = -0.96
Y_IN -0.02
T[0] = 0 Y[0] = -0.01
Y_IN 4.53
T[1] = 1 Y[1] = 0.98
Z[0] = 1.00
Z[1] = 1.00
Y_IN 3.17
T[0] = 1 Y[0] = 0.92
Y_IN -0.00
T[1] = 0 Y[1] = -0.00
Z[0] = 1.00
Z[1] = 0.98
Y_IN 3.14
T[0] = 1 Y[0] = 0.92
Y_IN 0.04
T[1] = 0 Y[1] = 0.02
Z[0] = 1.00
Z[1] = -1.00
Y_IN -0.08
T[0] = 0 Y[0] = -0.04
Y_IN 4.61
T[1] = 1 Y[1] = 0.98
Z[0] = 1.00
Z[1] = -0.87
Y_IN 0.12
T[0] = 0 Y[0] = 0.06
Y_IN 4.32
T[1] = 1 Y[1] = 0.97
Z[0] = 1.00
Z[1] = -1.00
Y_IN -0.08
T[0] = 0 Y[0] = -0.04
Y_IN 4.60
T[1] = 1 Y[1] = 0.98
Z[0] = 1.00
Z[1] = 0.98
Y_IN 3.14
T[0] = 1 Y[0] = 0.92
Y_IN 0.03
T[1] = 0 Y[1] = 0.02
Z[0] = 1.00
Z[1] = 1.00
Y_IN 3.17
T[0] = 1 Y[0] = 0.92
Y_IN -0.00
T[1] = 0 Y[1] = -0.00
Z[0] = 1.00
Z[1] = 0.98
Y_IN 3.13
T[0] = 1 Y[0] = 0.92
Y_IN 0.05
T[1] = 0 Y[1] = 0.02
Z[0] = 1.00
Z[1] = 0.98
Y_IN 3.14
T[0] = 1 Y[0] = 0.92
Y_IN 0.03
T[1] = 0 Y[1] = 0.02
Z[0] = 1.00
Z[1] = 0.99
Y_IN 3.16
T[0] = 1 Y[0] = 0.92
Y_IN 0.01
T[1] = 0 Y[1] = 0.00
Z[0] = 1.00
Z[1] = 1.00
Y_IN 3.17
T[0] = 1 Y[0] = 0.92
Y_IN -0.00
T[1] = 0 Y[1] = -0.00
Z[0] = 1.00
Z[1] = 0.96
Y_IN 3.11
T[0] = 1 Y[0] = 0.91
Y_IN 0.08
T[1] = 0 Y[1] = 0.04
Z[0] = 1.00
Z[1] = 1.00
Y_IN 3.16
T[0] = 1 Y[0] = 0.92
Y_IN -0.00
T[1] = 0 Y[1] = -0.00
Z[0] = 1.00
Z[1] = 0.33
Y_IN 2.09
T[0] = 0 Y[0] = 0.78
Y_IN 1.53
T[1] = 1 Y[1] = 0.64
Z[0] = 1.00
Z[1] = 0.99
Y_IN 3.16
T[0] = 1 Y[0] = 0.92
Y_IN 0.01
T[1] = 0 Y[1] = 0.01
Z[0] = 1.00
Z[1] = -1.00
Y_IN -0.08
T[0] = 0 Y[0] = -0.04
Y_IN 4.61
T[1] = 1 Y[1] = 0.98
Z[0] = 1.00
Z[1] = 1.00
Y_IN 3.16
T[0] = 1 Y[0] = 0.92
Y_IN -0.00
T[1] = 0 Y[1] = -0.00
Z[0] = 1.00
Z[1] = -0.71
Y_IN 0.39
T[0] = 0 Y[0] = 0.19
Y_IN 3.94
T[1] = 1 Y[1] = 0.96
Z[0] = 1.00
Z[1] = 1.00
Y_IN 3.16
T[0] = 1 Y[0] = 0.92
Y_IN 0.00
T[1] = 0 Y[1] = 0.00
Z[0] = 1.00
Z[1] = 0.76
Y_IN 2.78
T[0] = 0 Y[0] = 0.88
Y_IN 0.54
T[1] = 1 Y[1] = 0.27
Z[0] = 1.00
Z[1] = 1.00
Y_IN 3.16
T[0] = 1 Y[0] = 0.92
Y_IN 0.00
T[1] = 0 Y[1] = 0.00
Z[0] = 1.00
Z[1] = -1.00
Y_IN -0.08
T[0] = 0 Y[0] = -0.04
Y_IN 4.61
T[1] = 1 Y[1] = 0.98
Z[0] = 1.00
Z[1] = 1.00
Y_IN 3.16
T[0] = 1 Y[0] = 0.92
Y_IN 0.00
T[1] = 0 Y[1] = 0.00
Z[0] = 1.00
Z[1] = 1.00
Y_IN 3.17
T[0] = 1 Y[0] = 0.92
Y_IN -0.00
T[1] = 0 Y[1] = -0.00
Z[0] = 1.00
Z[1] = -0.97
Y_IN -0.03
T[0] = 0 Y[0] = -0.02
Y_IN 4.55
T[1] = 1 Y[1] = 0.98
Z[0] = 1.00
Z[1] = -1.00
Y_IN -0.08
T[0] = 0 Y[0] = -0.04
Y_IN 4.61
T[1] = 1 Y[1] = 0.98
Z[0] = 1.00
Z[1] = -0.97
Y_IN -0.03
T[0] = 0 Y[0] = -0.01
Y_IN 4.53
T[1] = 1 Y[1] = 0.98
Z[0] = 1.00
Z[1] = 1.00
Y_IN 3.17
T[0] = 1 Y[0] = 0.92
Y_IN -0.00
T[1] = 0 Y[1] = -0.00
Z[0] = 1.00
Z[1] = -1.00
Y_IN -0.08
T[0] = 0 Y[0] = -0.04
Y_IN 4.61
T[1] = 1 Y[1] = 0.98
Z[0] = 1.00
Z[1] = -0.93
Y_IN 0.03
T[0] = 0 Y[0] = 0.02
Y_IN 4.45
T[1] = 1 Y[1] = 0.98
Z[0] = 1.00
Z[1] = 0.64
Y_IN 2.59
T[0] = 0 Y[0] = 0.86
Y_IN 0.82
T[1] = 1 Y[1] = 0.39
Z[0] = 1.00
Z[1] = 0.95
Y_IN 3.08
T[0] = 1 Y[0] = 0.91
Y_IN 0.12
T[1] = 0 Y[1] = 0.06
Z[0] = 1.00
Z[1] = 0.99
Y_IN 3.16
T[0] = 1 Y[0] = 0.92
Y_IN 0.01
T[1] = 0 Y[1] = 0.00
Z[0] = 1.00
Z[1] = 1.00
Y_IN 3.17
T[0] = 1 Y[0] = 0.92
Y_IN -0.00
T[1] = 0 Y[1] = -0.00
Z[0] = 1.00
Z[1] = 1.00
Y_IN 3.16
T[0] = 1 Y[0] = 0.92
Y_IN -0.00
T[1] = 0 Y[1] = -0.00
Z[0] = 1.00
Z[1] = -1.00
Y_IN -0.08
T[0] = 0 Y[0] = -0.04
Y_IN 4.61
T[1] = 1 Y[1] = 0.98
Z[0] = 1.00
Z[1] = 1.00
Y_IN 3.16
T[0] = 1 Y[0] = 0.92
Y_IN 0.00
T[1] = 0 Y[1] = 0.00
Z[0] = 1.00
Z[1] = 1.00
Y_IN 3.16
T[0] = 1 Y[0] = 0.92
Y_IN 0.01
T[1] = 0 Y[1] = 0.00
Z[0] = 1.00
Z[1] = -0.94
Y_IN 0.02
T[0] = 0 Y[0] = 0.01
Y_IN 4.46
T[1] = 1 Y[1] = 0.98
Z[0] = 1.00
Z[1] = 0.98
Y_IN 3.14
T[0] = 1 Y[0] = 0.92
Y_IN 0.04
T[1] = 0 Y[1] = 0.02
Z[0] = 1.00
Z[1] = 0.96
Y_IN 3.10
T[0] = 1 Y[0] = 0.91
Y_IN 0.09
T[1] = 0 Y[1] = 0.04
Z[0] = 1.00
Z[1] = 1.00
Y_IN 3.16
T[0] = 1 Y[0] = 0.92
Y_IN 0.01
T[1] = 0 Y[1] = 0.00
Z[0] = 1.00
Z[1] = -1.00
Y_IN -0.07
T[0] = 0 Y[0] = -0.04
Y_IN 4.60
T[1] = 1 Y[1] = 0.98
Z[0] = 1.00
Z[1] = 1.00
Y_IN 3.17
T[0] = 1 Y[0] = 0.92
Y_IN -0.00
T[1] = 0 Y[1] = -0.00
Z[0] = 1.00
Z[1] = 0.97
Y_IN 3.12
T[0] = 1 Y[0] = 0.92
Y_IN 0.06
T[1] = 0 Y[1] = 0.03
Z[0] = 1.00
Z[1] = 1.00
Y_IN 3.17
T[0] = 1 Y[0] = 0.92
Y_IN -0.00
T[1] = 0 Y[1] = -0.00
Z[0] = 1.00
Z[1] = 1.00
Y_IN 3.17
T[0] = 1 Y[0] = 0.92
Y_IN -0.00
T[1] = 0 Y[1] = -0.00
Z[0] = 1.00
Z[1] = 1.00
Y_IN 3.17
T[0] = 1 Y[0] = 0.92
Y_IN -0.00
T[1] = 0 Y[1] = -0.00
Z[0] = 1.00
Z[1] = 1.00
Y_IN 3.16
T[0] = 1 Y[0] = 0.92
Y_IN 0.00
T[1] = 0 Y[1] = 0.00
Z[0] = 1.00
Z[1] = 1.00
Y_IN 3.16
T[0] = 1 Y[0] = 0.92
Y_IN 0.01
T[1] = 0 Y[1] = 0.00
Z[0] = 1.00
Z[1] = 1.00
Y_IN 3.17
T[0] = 1 Y[0] = 0.92
Y_IN -0.00
T[1] = 0 Y[1] = -0.00
Z[0] = 1.00
Z[1] = 1.00
Y_IN 3.17
T[0] = 1 Y[0] = 0.92
Y_IN -0.00
T[1] = 0 Y[1] = -0.00
Z[0] = 1.00
Z[1] = -1.00
Y_IN -0.08
T[0] = 0 Y[0] = -0.04
Y_IN 4.61
T[1] = 1 Y[1] = 0.98
Z[0] = 1.00
Z[1] = 1.00
Y_IN 3.17
T[0] = 1 Y[0] = 0.92
Y_IN -0.00
T[1] = 0 Y[1] = -0.00
Z[0] = 1.00
Z[1] = 0.99
Y_IN 3.16
T[0] = 1 Y[0] = 0.92
Y_IN 0.01
T[1] = 0 Y[1] = 0.01
Z[0] = 1.00
Z[1] = 1.00
Y_IN 3.17
T[0] = 1 Y[0] = 0.92
Y_IN -0.00
T[1] = 0 Y[1] = -0.00
Z[0] = 1.00
Z[1] = 1.00
Y_IN 3.17
T[0] = 1 Y[0] = 0.92
Y_IN -0.00
T[1] = 0 Y[1] = -0.00
Z[0] = 1.00
Z[1] = -0.96
Y_IN -0.02
T[0] = 0 Y[0] = -0.01
Y_IN 4.53
T[1] = 1 Y[1] = 0.98
Z[0] = 1.00
Z[1] = -1.00
Y_IN -0.08
T[0] = 0 Y[0] = -0.04
Y_IN 4.61
T[1] = 1 Y[1] = 0.98
Z[0] = 1.00
Z[1] = -1.00
Y_IN -0.08
T[0] = 0 Y[0] = -0.04
Y_IN 4.61
T[1] = 1 Y[1] = 0.98
Z[0] = 1.00
Z[1] = 1.00
Y_IN 3.16
T[0] = 1 Y[0] = 0.92
Y_IN 0.00
T[1] = 0 Y[1] = 0.00
Z[0] = 1.00
Z[1] = 1.00
Y_IN 3.17
T[0] = 1 Y[0] = 0.92
Y_IN -0.00
T[1] = 0 Y[1] = -0.00
Z[0] = 1.00
Z[1] = -1.00
Y_IN -0.08
T[0] = 0 Y[0] = -0.04
Y_IN 4.61
T[1] = 1 Y[1] = 0.98
Z[0] = 1.00
Z[1] = 1.00
Y_IN 3.17
T[0] = 1 Y[0] = 0.92
Y_IN -0.00
T[1] = 0 Y[1] = -0.00
Z[0] = 1.00
Z[1] = -1.00
Y_IN -0.08
T[0] = 0 Y[0] = -0.04
Y_IN 4.61
T[1] = 1 Y[1] = 0.98
Z[0] = 1.00
Z[1] = -1.00
Y_IN -0.08
T[0] = 0 Y[0] = -0.04
Y_IN 4.61
T[1] = 1 Y[1] = 0.98
Z[0] = 1.00
Z[1] = 1.00
Y_IN 3.17
T[0] = 1 Y[0] = 0.92
Y_IN -0.00
T[1] = 0 Y[1] = -0.00
Z[0] = 1.00
Z[1] = -0.66
Y_IN 0.48
T[0] = 0 Y[0] = 0.23
Y_IN 3.82
T[1] = 1 Y[1] = 0.96
Z[0] = 1.00
Z[1] = -1.00
Y_IN -0.08
T[0] = 0 Y[0] = -0.04
Y_IN 4.61
T[1] = 1 Y[1] = 0.98
Z[0] = 1.00
Z[1] = 1.00
Y_IN 3.16
T[0] = 1 Y[0] = 0.92
Y_IN 0.00
T[1] = 0 Y[1] = 0.00
Z[0] = 1.00
Z[1] = -0.98
Y_IN -0.05
T[0] = 0 Y[0] = -0.02
Y_IN 4.57
T[1] = 1 Y[1] = 0.98
Z[0] = 1.00
Z[1] = 1.00
Y_IN 3.17
T[0] = 1 Y[0] = 0.92
Y_IN -0.00
T[1] = 0 Y[1] = -0.00
Z[0] = 1.00
Z[1] = 1.00
Y_IN 3.17
T[0] = 1 Y[0] = 0.92
Y_IN -0.00
T[1] = 0 Y[1] = -0.00
Z[0] = 1.00
Z[1] = 1.00
Y_IN 3.17
T[0] = 1 Y[0] = 0.92
Y_IN -0.00
T[1] = 0 Y[1] = -0.00
Z[0] = 1.00
Z[1] = 1.00
Y_IN 3.17
T[0] = 1 Y[0] = 0.92
Y_IN -0.00
T[1] = 0 Y[1] = -0.00
Z[0] = 1.00
Z[1] = 1.00
Y_IN 3.17
T[0] = 1 Y[0] = 0.92
Y_IN -0.00
T[1] = 0 Y[1] = -0.00
Z[0] = 1.00
Z[1] = 0.96
Y_IN 3.11
T[0] = 1 Y[0] = 0.91
Y_IN 0.08
T[1] = 0 Y[1] = 0.04
Z[0] = 1.00
Z[1] = -1.00
Y_IN -0.08
T[0] = 0 Y[0] = -0.04
Y_IN 4.61
T[1] = 1 Y[1] = 0.98
Z[0] = 1.00
Z[1] = 1.00
Y_IN 3.17
T[0] = 1 Y[0] = 0.92
Y_IN -0.00
T[1] = 0 Y[1] = -0.00
Z[0] = 1.00
Z[1] = 1.00
Y_IN 3.16
T[0] = 1 Y[0] = 0.92
Y_IN 0.00
T[1] = 0 Y[1] = 0.00
Z[0] = 1.00
Z[1] = 1.00
Y_IN 3.17
T[0] = 1 Y[0] = 0.92
Y_IN -0.00
T[1] = 0 Y[1] = -0.00
Z[0] = 1.00
Z[1] = 1.00
Y_IN 3.16
T[0] = 1 Y[0] = 0.92
Y_IN -0.00
T[1] = 0 Y[1] = -0.00
Z[0] = 1.00
Z[1] = -1.00
Y_IN -0.08
T[0] = 0 Y[0] = -0.04
Y_IN 4.61
T[1] = 1 Y[1] = 0.98
Z[0] = 1.00
Z[1] = 1.00
Y_IN 3.16
T[0] = 1 Y[0] = 0.92
Y_IN 0.01
T[1] = 0 Y[1] = 0.00
Z[0] = 1.00
Z[1] = -1.00
Y_IN -0.08
T[0] = 0 Y[0] = -0.04
Y_IN 4.61
T[1] = 1 Y[1] = 0.98
Z[0] = 1.00
Z[1] = 1.00
Y_IN 3.16
T[0] = 1 Y[0] = 0.92
Y_IN 0.00
T[1] = 0 Y[1] = 0.00
Z[0] = 1.00
Z[1] = 1.00
Y_IN 3.17
T[0] = 1 Y[0] = 0.92
Y_IN -0.00
T[1] = 0 Y[1] = -0.00
Z[0] = 1.00
Z[1] = 1.00
Y_IN 3.16
T[0] = 1 Y[0] = 0.92
Y_IN 0.01
T[1] = 0 Y[1] = 0.00
Z[0] = 1.00
Z[1] = -1.00
Y_IN -0.08
T[0] = 0 Y[0] = -0.04
Y_IN 4.61
T[1] = 1 Y[1] = 0.98
Z[0] = 1.00
Z[1] = -1.00
Y_IN -0.08
T[0] = 0 Y[0] = -0.04
Y_IN 4.61
T[1] = 1 Y[1] = 0.98
Z[0] = 1.00
Z[1] = -1.00
Y_IN -0.07
T[0] = 0 Y[0] = -0.04
Y_IN 4.60
T[1] = 1 Y[1] = 0.98
Z[0] = 1.00
Z[1] = 0.89
Y_IN 2.99
T[0] = 1 Y[0] = 0.90
Y_IN 0.24
T[1] = 0 Y[1] = 0.12
Z[0] = 1.00
Z[1] = 1.00
Y_IN 3.17
T[0] = 1 Y[0] = 0.92
Y_IN -0.00
T[1] = 0 Y[1] = -0.00
Z[0] = 1.00
Z[1] = 0.94
Y_IN 3.07
T[0] = 1 Y[0] = 0.91
Y_IN 0.13
T[1] = 0 Y[1] = 0.07
Z[0] = 1.00
Z[1] = -1.00
Y_IN -0.08
T[0] = 0 Y[0] = -0.04
Y_IN 4.61
T[1] = 1 Y[1] = 0.98
Z[0] = 1.00
Z[1] = 1.00
Y_IN 3.17
T[0] = 1 Y[0] = 0.92
Y_IN -0.00
T[1] = 0 Y[1] = -0.00
Z[0] = 1.00
Z[1] = -1.00
Y_IN -0.08
T[0] = 0 Y[0] = -0.04
Y_IN 4.61
T[1] = 1 Y[1] = 0.98
Z[0] = 1.00
Z[1] = 0.95
Y_IN 3.08
T[0] = 1 Y[0] = 0.91
Y_IN 0.12
T[1] = 0 Y[1] = 0.06
Z[0] = 1.00
Z[1] = -1.00
Y_IN -0.08
T[0] = 0 Y[0] = -0.04
Y_IN 4.61
T[1] = 1 Y[1] = 0.98
Z[0] = 1.00
Z[1] = 0.99
Y_IN 3.15
T[0] = 1 Y[0] = 0.92
Y_IN 0.02
T[1] = 0 Y[1] = 0.01
Z[0] = 1.00
Z[1] = 1.00
Y_IN 3.17
T[0] = 1 Y[0] = 0.92
Y_IN -0.00
T[1] = 0 Y[1] = -0.00
Z[0] = 1.00
Z[1] = -0.99
Y_IN -0.06
T[0] = 0 Y[0] = -0.03
Y_IN 4.59
T[1] = 1 Y[1] = 0.98
Z[0] = 1.00
Z[1] = 0.99
Y_IN 3.15
T[0] = 1 Y[0] = 0.92
Y_IN 0.01
T[1] = 0 Y[1] = 0.01
Z[0] = 1.00
Z[1] = -0.57
Y_IN 0.62
T[0] = 0 Y[0] = 0.30
Y_IN 3.62
T[1] = 1 Y[1] = 0.95
Z[0] = 1.00
Z[1] = -1.00
Y_IN -0.08
T[0] = 0 Y[0] = -0.04
Y_IN 4.61
T[1] = 1 Y[1] = 0.98
Z[0] = 1.00
Z[1] = -0.81
Y_IN 0.22
T[0] = 0 Y[0] = 0.11
Y_IN 4.18
T[1] = 1 Y[1] = 0.97
Z[0] = 1.00
Z[1] = -0.87
Y_IN 0.13
T[0] = 0 Y[0] = 0.07
Y_IN 4.31
T[1] = 1 Y[1] = 0.97
Z[0] = 1.00
Z[1] = 0.98
Y_IN 3.14
T[0] = 1 Y[0] = 0.92
Y_IN 0.04
T[1] = 0 Y[1] = 0.02
Z[0] = 1.00
Z[1] = 1.00
Y_IN 3.17
T[0] = 1 Y[0] = 0.92
Y_IN -0.00
T[1] = 0 Y[1] = -0.00
Z[0] = 1.00
Z[1] = 0.88
Y_IN 2.98
T[0] = 1 Y[0] = 0.90
Y_IN 0.26
T[1] = 0 Y[1] = 0.13
Z[0] = 1.00
Z[1] = -1.00
Y_IN -0.07
T[0] = 0 Y[0] = -0.04
Y_IN 4.60
T[1] = 1 Y[1] = 0.98
Z[0] = 1.00
Z[1] = 0.87
Y_IN 2.96
T[0] = 1 Y[0] = 0.90
Y_IN 0.29
T[1] = 0 Y[1] = 0.14
Z[0] = 1.00
Z[1] = -1.00
Y_IN -0.08
T[0] = 0 Y[0] = -0.04
Y_IN 4.61
T[1] = 1 Y[1] = 0.98
Z[0] = 1.00
Z[1] = 0.72
Y_IN 2.71
T[0] = 0 Y[0] = 0.87
Y_IN 0.65
T[1] = 1 Y[1] = 0.31
Z[0] = 1.00
Z[1] = 1.00
Y_IN 3.17
T[0] = 1 Y[0] = 0.92
Y_IN -0.00
T[1] = 0 Y[1] = -0.00
Z[0] = 1.00
Z[1] = -1.00
Y_IN -0.08
T[0] = 0 Y[0] = -0.04
Y_IN 4.61
T[1] = 1 Y[1] = 0.98
Z[0] = 1.00
Z[1] = -1.00
Y_IN -0.08
T[0] = 0 Y[0] = -0.04
Y_IN 4.61
T[1] = 1 Y[1] = 0.98
Z[0] = 1.00
Z[1] = 1.00
Y_IN 3.16
T[0] = 1 Y[0] = 0.92
Y_IN 0.00
T[1] = 0 Y[1] = 0.00
Z[0] = 1.00
Z[1] = -0.94
Y_IN 0.02
T[0] = 0 Y[0] = 0.01
Y_IN 4.47
T[1] = 1 Y[1] = 0.98
Z[0] = 1.00
Z[1] = 1.00
Y_IN 3.17
T[0] = 1 Y[0] = 0.92
Y_IN -0.00
T[1] = 0 Y[1] = -0.00
Z[0] = 1.00
Z[1] = -0.80
Y_IN 0.24
T[0] = 0 Y[0] = 0.12
Y_IN 4.16
T[1] = 1 Y[1] = 0.97
Z[0] = 1.00
Z[1] = 1.00
Y_IN 3.17
T[0] = 1 Y[0] = 0.92
Y_IN -0.00
T[1] = 0 Y[1] = -0.00
Z[0] = 1.00
Z[1] = -1.00
Y_IN -0.08
T[0] = 0 Y[0] = -0.04
Y_IN 4.61
T[1] = 1 Y[1] = 0.98
Z[0] = 1.00
Z[1] = 1.00
Y_IN 3.16
T[0] = 1 Y[0] = 0.92
Y_IN 0.01
T[1] = 0 Y[1] = 0.00
Z[0] = 1.00
Z[1] = 1.00
Y_IN 3.17
T[0] = 1 Y[0] = 0.92
Y_IN -0.00
T[1] = 0 Y[1] = -0.00
Z[0] = 1.00
Z[1] = 0.96
Y_IN 3.11
T[0] = 1 Y[0] = 0.91
Y_IN 0.08
T[1] = 0 Y[1] = 0.04
Z[0] = 1.00
Z[1] = 0.98
Y_IN 3.14
T[0] = 1 Y[0] = 0.92
Y_IN 0.03
T[1] = 0 Y[1] = 0.02
Z[0] = 1.00
Z[1] = 1.00
Y_IN 3.17
T[0] = 1 Y[0] = 0.92
Y_IN -0.00
T[1] = 0 Y[1] = -0.00
Z[0] = 1.00
Z[1] = -1.00
Y_IN -0.08
T[0] = 0 Y[0] = -0.04
Y_IN 4.61
T[1] = 1 Y[1] = 0.98
Z[0] = 1.00
Z[1] = 1.00
Y_IN 3.16
T[0] = 1 Y[0] = 0.92
Y_IN 0.00
T[1] = 0 Y[1] = 0.00
Z[0] = 1.00
Z[1] = 1.00
Y_IN 3.16
T[0] = 1 Y[0] = 0.92
Y_IN 0.00
T[1] = 0 Y[1] = 0.00
Z[0] = 1.00
Z[1] = 1.00
Y_IN 3.16
T[0] = 1 Y[0] = 0.92
Y_IN 0.00
T[1] = 0 Y[1] = 0.00
Z[0] = 1.00
Z[1] = 1.00
Y_IN 3.17
T[0] = 1 Y[0] = 0.92
Y_IN -0.00
T[1] = 0 Y[1] = -0.00
Z[0] = 1.00
Z[1] = 0.98
Y_IN 3.14
T[0] = 1 Y[0] = 0.92
Y_IN 0.04
T[1] = 0 Y[1] = 0.02
Z[0] = 1.00
Z[1] = -1.00
Y_IN -0.08
T[0] = 0 Y[0] = -0.04
Y_IN 4.61
T[1] = 1 Y[1] = 0.98
Z[0] = 1.00
Z[1] = 0.97
Y_IN 3.11
T[0] = 1 Y[0] = 0.91
Y_IN 0.07
T[1] = 0 Y[1] = 0.04
Z[0] = 1.00
Z[1] = 1.00
Y_IN 3.17
T[0] = 1 Y[0] = 0.92
Y_IN -0.00
T[1] = 0 Y[1] = -0.00
Z[0] = 1.00
Z[1] = 0.98
Y_IN 3.14
T[0] = 1 Y[0] = 0.92
Y_IN 0.04
T[1] = 0 Y[1] = 0.02
Z[0] = 1.00
Z[1] = 0.12
Y_IN 1.74
T[0] = 0 Y[0] = 0.70
Y_IN 2.03
T[1] = 1 Y[1] = 0.77
Z[0] = 1.00
Z[1] = 1.00
Y_IN 3.17
T[0] = 1 Y[0] = 0.92
Y_IN -0.00
T[1] = 0 Y[1] = -0.00
Z[0] = 1.00
Z[1] = 1.00
Y_IN 3.16
T[0] = 1 Y[0] = 0.92
Y_IN 0.01
T[1] = 0 Y[1] = 0.00
Z[0] = 1.00
Z[1] = 1.00
Y_IN 3.17
T[0] = 1 Y[0] = 0.92
Y_IN -0.00
T[1] = 0 Y[1] = -0.00
Z[0] = 1.00
Z[1] = 1.00
Y_IN 3.16
T[0] = 1 Y[0] = 0.92
Y_IN 0.00
T[1] = 0 Y[1] = 0.00
Z[0] = 1.00
Z[1] = -0.99
Y_IN -0.06
T[0] = 0 Y[0] = -0.03
Y_IN 4.58
T[1] = 1 Y[1] = 0.98
Z[0] = 1.00
Z[1] = -1.00
Y_IN -0.08
T[0] = 0 Y[0] = -0.04
Y_IN 4.61
T[1] = 1 Y[1] = 0.98
Z[0] = 1.00
Z[1] = 0.77
Y_IN 2.79
T[0] = 1 Y[0] = 0.88
Y_IN 0.54
T[1] = 0 Y[1] = 0.26
Z[0] = 1.00
Z[1] = 0.99
Y_IN 3.15
T[0] = 1 Y[0] = 0.92
Y_IN 0.02
T[1] = 0 Y[1] = 0.01
Z[0] = 1.00
Z[1] = 1.00
Y_IN 3.16
T[0] = 1 Y[0] = 0.92
Y_IN 0.01
T[1] = 0 Y[1] = 0.00
Z[0] = 1.00
Z[1] = -0.97
Y_IN -0.03
T[0] = 0 Y[0] = -0.01
Y_IN 4.54
T[1] = 1 Y[1] = 0.98
Z[0] = 1.00
Z[1] = 1.00
Y_IN 3.16
T[0] = 1 Y[0] = 0.92
Y_IN 0.01
T[1] = 0 Y[1] = 0.00
Z[0] = 1.00
Z[1] = 1.00
Y_IN 3.17
T[0] = 1 Y[0] = 0.92
Y_IN -0.00
T[1] = 0 Y[1] = -0.00
Z[0] = 1.00
Z[1] = 1.00
Y_IN 3.17
T[0] = 1 Y[0] = 0.92
Y_IN -0.00
T[1] = 0 Y[1] = -0.00
Z[0] = 1.00
Z[1] = 0.97
Y_IN 3.13
T[0] = 0 Y[0] = 0.92
Y_IN 0.06
T[1] = 1 Y[1] = 0.03
Z[0] = 1.00
Z[1] = 0.99
Y_IN 3.15
T[0] = 1 Y[0] = 0.92
Y_IN 0.02
T[1] = 0 Y[1] = 0.01
Z[0] = 1.00
Z[1] = 1.00
Y_IN 3.17
T[0] = 1 Y[0] = 0.92
Y_IN -0.00
T[1] = 0 Y[1] = -0.00
Z[0] = 1.00
Z[1] = 0.79
Y_IN 2.83
T[0] = 1 Y[0] = 0.89
Y_IN 0.48
T[1] = 0 Y[1] = 0.23
Z[0] = 1.00
Z[1] = 0.89
Y_IN 2.98
T[0] = 1 Y[0] = 0.90
Y_IN 0.26
T[1] = 0 Y[1] = 0.13
Z[0] = 1.00
Z[1] = -0.93
Y_IN 0.04
T[0] = 0 Y[0] = 0.02
Y_IN 4.44
T[1] = 1 Y[1] = 0.98
Z[0] = 1.00
Z[1] = 1.00
Y_IN 3.16
T[0] = 1 Y[0] = 0.92
Y_IN 0.01
T[1] = 0 Y[1] = 0.00
Z[0] = 1.00
Z[1] = -1.00
Y_IN -0.08
T[0] = 0 Y[0] = -0.04
Y_IN 4.61
T[1] = 1 Y[1] = 0.98
Z[0] = 1.00
Z[1] = -1.00
Y_IN -0.08
T[0] = 0 Y[0] = -0.04
Y_IN 4.61
T[1] = 1 Y[1] = 0.98
Z[0] = 1.00
Z[1] = 0.99
Y_IN 3.16
T[0] = 1 Y[0] = 0.92
Y_IN 0.01
T[1] = 0 Y[1] = 0.00
Z[0] = 1.00
Z[1] = 0.99
Y_IN 3.15
T[0] = 1 Y[0] = 0.92
Y_IN 0.02
T[1] = 0 Y[1] = 0.01
Z[0] = 1.00
Z[1] = 0.99
Y_IN 3.15
T[0] = 1 Y[0] = 0.92
Y_IN 0.02
T[1] = 0 Y[1] = 0.01
Z[0] = 1.00
Z[1] = 1.00
Y_IN 3.17
T[0] = 1 Y[0] = 0.92
Y_IN -0.00
T[1] = 0 Y[1] = -0.00
Z[0] = 1.00
Z[1] = -1.00
Y_IN -0.08
T[0] = 0 Y[0] = -0.04
Y_IN 4.61
T[1] = 1 Y[1] = 0.98
Z[0] = 1.00
Z[1] = 0.98
Y_IN 3.14
T[0] = 1 Y[0] = 0.92
Y_IN 0.04
T[1] = 0 Y[1] = 0.02
Z[0] = 1.00
Z[1] = -0.99
Y_IN -0.06
T[0] = 0 Y[0] = -0.03
Y_IN 4.58
T[1] = 1 Y[1] = 0.98
Z[0] = 1.00
Z[1] = 0.24
Y_IN 1.93
T[0] = 1 Y[0] = 0.75
Y_IN 1.75
T[1] = 0 Y[1] = 0.70
Z[0] = 1.00
Z[1] = 1.00
Y_IN 3.17
T[0] = 1 Y[0] = 0.92
Y_IN -0.00
T[1] = 0 Y[1] = -0.00
Z[0] = 1.00
Z[1] = 1.00
Y_IN 3.16
T[0] = 1 Y[0] = 0.92
Y_IN 0.00
T[1] = 0 Y[1] = 0.00
Z[0] = 1.00
Z[1] = -0.99
Y_IN -0.06
T[0] = 0 Y[0] = -0.03
Y_IN 4.58
T[1] = 1 Y[1] = 0.98
Z[0] = 1.00
Z[1] = -0.99
Y_IN -0.07
T[0] = 0 Y[0] = -0.04
Y_IN 4.60
T[1] = 1 Y[1] = 0.98
Z[0] = 1.00
Z[1] = -0.92
Y_IN 0.05
T[0] = 1 Y[0] = 0.03
Y_IN 4.42
T[1] = 0 Y[1] = 0.98
Z[0] = 1.00
Z[1] = 1.00
Y_IN 3.16
T[0] = 1 Y[0] = 0.92
Y_IN 0.01
T[1] = 0 Y[1] = 0.00
Z[0] = 1.00
Z[1] = 0.95
Y_IN 3.08
T[0] = 1 Y[0] = 0.91
Y_IN 0.11
T[1] = 0 Y[1] = 0.06
Z[0] = 1.00
Z[1] = 1.00
Y_IN 3.16
T[0] = 1 Y[0] = 0.92
Y_IN 0.00
T[1] = 0 Y[1] = 0.00
Z[0] = 1.00
Z[1] = 0.99
Y_IN 3.16
T[0] = 1 Y[0] = 0.92
Y_IN 0.01
T[1] = 0 Y[1] = 0.00
Z[0] = 1.00
Z[1] = -0.93
Y_IN 0.03
T[0] = 0 Y[0] = 0.01
Y_IN 4.46
T[1] = 1 Y[1] = 0.98
Z[0] = 1.00
Z[1] = 1.00
Y_IN 3.16
T[0] = 1 Y[0] = 0.92
Y_IN 0.00
T[1] = 0 Y[1] = 0.00
Z[0] = 1.00
Z[1] = 1.00
Y_IN 3.17
T[0] = 1 Y[0] = 0.92
Y_IN -0.00
T[1] = 0 Y[1] = -0.00
Z[0] = 1.00
Z[1] = 0.98
Y_IN 3.14
T[0] = 1 Y[0] = 0.92
Y_IN 0.03
T[1] = 0 Y[1] = 0.02
Z[0] = 1.00
Z[1] = 0.71
Y_IN 2.70
T[0] = 1 Y[0] = 0.87
Y_IN 0.66
T[1] = 0 Y[1] = 0.32
Z[0] = 1.00
Z[1] = 1.00
Y_IN 3.17
T[0] = 1 Y[0] = 0.92
Y_IN -0.00
T[1] = 0 Y[1] = -0.00
Z[0] = 1.00
Z[1] = 1.00
Y_IN 3.16
T[0] = 1 Y[0] = 0.92
Y_IN -0.00
T[1] = 0 Y[1] = -0.00
Z[0] = 1.00
Z[1] = -0.43
Y_IN 0.85
T[0] = 0 Y[0] = 0.40
Y_IN 3.29
T[1] = 1 Y[1] = 0.93
Z[0] = 1.00
Z[1] = -1.00
Y_IN -0.08
T[0] = 0 Y[0] = -0.04
Y_IN 4.61
T[1] = 1 Y[1] = 0.98
Z[0] = 1.00
Z[1] = -1.00
Y_IN -0.08
T[0] = 0 Y[0] = -0.04
Y_IN 4.61
T[1] = 1 Y[1] = 0.98
Z[0] = 1.00
Z[1] = 1.00
Y_IN 3.17
T[0] = 1 Y[0] = 0.92
Y_IN -0.00
T[1] = 0 Y[1] = -0.00
Z[0] = 1.00
Z[1] = -1.00
Y_IN -0.07
T[0] = 1 Y[0] = -0.04
Y_IN 4.60
T[1] = 0 Y[1] = 0.98
Z[0] = 1.00
Z[1] = 1.00
Y_IN 3.16
T[0] = 1 Y[0] = 0.92
Y_IN 0.00
T[1] = 0 Y[1] = 0.00
Z[0] = 1.00
Z[1] = -1.00
Y_IN -0.08
T[0] = 0 Y[0] = -0.04
Y_IN 4.61
T[1] = 1 Y[1] = 0.98
Z[0] = 1.00
Z[1] = 1.00
Y_IN 3.16
T[0] = 1 Y[0] = 0.92
Y_IN -0.00
T[1] = 0 Y[1] = -0.00
Z[0] = 1.00
Z[1] = 0.99
Y_IN 3.15
T[0] = 1 Y[0] = 0.92
Y_IN 0.01
T[1] = 0 Y[1] = 0.01
Z[0] = 1.00
Z[1] = -0.99
Y_IN -0.06
T[0] = 0 Y[0] = -0.03
Y_IN 4.58
T[1] = 1 Y[1] = 0.98
Z[0] = 1.00
Z[1] = -1.00
Y_IN -0.08
T[0] = 0 Y[0] = -0.04
Y_IN 4.61
T[1] = 1 Y[1] = 0.98
Z[0] = 1.00
Z[1] = 1.00
Y_IN 3.16
T[0] = 1 Y[0] = 0.92
Y_IN 0.00
T[1] = 0 Y[1] = 0.00
Z[0] = 1.00
Z[1] = 1.00
Y_IN 3.17
T[0] = 1 Y[0] = 0.92
Y_IN -0.00
T[1] = 0 Y[1] = -0.00
Z[0] = 1.00
Z[1] = -0.49
Y_IN 0.74
T[0] = 1 Y[0] = 0.35
Y_IN 3.44
T[1] = 0 Y[1] = 0.94
Z[0] = 1.00
Z[1] = 1.00
Y_IN 3.16
T[0] = 1 Y[0] = 0.92
Y_IN 0.00
T[1] = 0 Y[1] = 0.00
Z[0] = 1.00
Z[1] = -0.94
Y_IN 0.01
T[0] = 0 Y[0] = 0.01
Y_IN 4.48
T[1] = 1 Y[1] = 0.98
Z[0] = 1.00
Z[1] = -0.64
Y_IN 0.51
T[0] = 0 Y[0] = 0.25
Y_IN 3.77
T[1] = 1 Y[1] = 0.95
Z[0] = 1.00
Z[1] = 0.99
Y_IN 3.15
T[0] = 1 Y[0] = 0.92
Y_IN 0.02
T[1] = 0 Y[1] = 0.01
Z[0] = 1.00
Z[1] = 0.99
Y_IN 3.16
T[0] = 1 Y[0] = 0.92
Y_IN 0.01
T[1] = 0 Y[1] = 0.00
Z[0] = 1.00
Z[1] = -0.99
Y_IN -0.06
T[0] = 0 Y[0] = -0.03
Y_IN 4.58
T[1] = 1 Y[1] = 0.98
Z[0] = 1.00
Z[1] = -0.43
Y_IN 0.85
T[0] = 0 Y[0] = 0.40
Y_IN 3.29
T[1] = 1 Y[1] = 0.93
Z[0] = 1.00
Z[1] = 0.99
Y_IN 3.15
T[0] = 1 Y[0] = 0.92
Y_IN 0.02
T[1] = 0 Y[1] = 0.01
Z[0] = 1.00
Z[1] = -1.00
Y_IN -0.08
T[0] = 0 Y[0] = -0.04
Y_IN 4.61
T[1] = 1 Y[1] = 0.98
Z[0] = 1.00
Z[1] = 0.99
Y_IN 3.15
T[0] = 1 Y[0] = 0.92
Y_IN 0.02
T[1] = 0 Y[1] = 0.01
Z[0] = 1.00
Z[1] = 1.00
Y_IN 3.17
T[0] = 1 Y[0] = 0.92
Y_IN -0.00
T[1] = 0 Y[1] = -0.00
Z[0] = 1.00
Z[1] = -1.00
Y_IN -0.08
T[0] = 0 Y[0] = -0.04
Y_IN 4.61
T[1] = 1 Y[1] = 0.98
Z[0] = 1.00
Z[1] = 1.00
Y_IN 3.16
T[0] = 1 Y[0] = 0.92
Y_IN 0.00
T[1] = 0 Y[1] = 0.00
Z[0] = 1.00
Z[1] = 1.00
Y_IN 3.17
T[0] = 1 Y[0] = 0.92
Y_IN -0.00
T[1] = 0 Y[1] = -0.00
Z[0] = 1.00
Z[1] = 0.99
Y_IN 3.16
T[0] = 1 Y[0] = 0.92
Y_IN 0.01
T[1] = 0 Y[1] = 0.01
Z[0] = 1.00
Z[1] = -0.99
Y_IN -0.06
T[0] = 0 Y[0] = -0.03
Y_IN 4.59
T[1] = 1 Y[1] = 0.98
Z[0] = 1.00
Z[1] = -1.00
Y_IN -0.08
T[0] = 0 Y[0] = -0.04
Y_IN 4.61
T[1] = 1 Y[1] = 0.98
Z[0] = 1.00
Z[1] = 1.00
Y_IN 3.16
T[0] = 1 Y[0] = 0.92
Y_IN 0.00
T[1] = 0 Y[1] = 0.00
Z[0] = 1.00
Z[1] = -1.00
Y_IN -0.08
T[0] = 0 Y[0] = -0.04
Y_IN 4.61
T[1] = 1 Y[1] = 0.98
Z[0] = 1.00
Z[1] = 1.00
Y_IN 3.16
T[0] = 1 Y[0] = 0.92
Y_IN 0.01
T[1] = 0 Y[1] = 0.00
Z[0] = 1.00
Z[1] = 1.00
Y_IN 3.17
T[0] = 1 Y[0] = 0.92
Y_IN -0.00
T[1] = 0 Y[1] = -0.00
Z[0] = 1.00
Z[1] = -0.99
Y_IN -0.06
T[0] = 0 Y[0] = -0.03
Y_IN 4.59
T[1] = 1 Y[1] = 0.98
Z[0] = 1.00
Z[1] = 0.99
Y_IN 3.15
T[0] = 1 Y[0] = 0.92
Y_IN 0.02
T[1] = 0 Y[1] = 0.01
Z[0] = 1.00
Z[1] = 1.00
Y_IN 3.17
T[0] = 1 Y[0] = 0.92
Y_IN -0.00
T[1] = 0 Y[1] = -0.00
Z[0] = 1.00
Z[1] = 0.99
Y_IN 3.15
T[0] = 1 Y[0] = 0.92
Y_IN 0.01
T[1] = 0 Y[1] = 0.01
Z[0] = 1.00
Z[1] = 1.00
Y_IN 3.16
T[0] = 1 Y[0] = 0.92
Y_IN 0.01
T[1] = 0 Y[1] = 0.00
Z[0] = 1.00
Z[1] = -1.00
Y_IN -0.08
T[0] = 0 Y[0] = -0.04
Y_IN 4.61
T[1] = 1 Y[1] = 0.98
Z[0] = 1.00
Z[1] = 1.00
Y_IN 3.17
T[0] = 1 Y[0] = 0.92
Y_IN -0.00
T[1] = 0 Y[1] = -0.00
Z[0] = 1.00
Z[1] = -0.99
Y_IN -0.07
T[0] = 0 Y[0] = -0.03
Y_IN 4.60
T[1] = 1 Y[1] = 0.98
Z[0] = 1.00
Z[1] = -1.00
Y_IN -0.08
T[0] = 0 Y[0] = -0.04
Y_IN 4.61
T[1] = 1 Y[1] = 0.98
Z[0] = 1.00
Z[1] = 1.00
Y_IN 3.16
T[0] = 1 Y[0] = 0.92
Y_IN -0.00
T[1] = 0 Y[1] = -0.00
Z[0] = 1.00
Z[1] = -0.96
Y_IN -0.02
T[0] = 0 Y[0] = -0.01
Y_IN 4.52
T[1] = 1 Y[1] = 0.98
Z[0] = 1.00
Z[1] = 0.98
Y_IN 3.14
T[0] = 1 Y[0] = 0.92
Y_IN 0.03
T[1] = 0 Y[1] = 0.02
Z[0] = 1.00
Z[1] = 1.00
Y_IN 3.17
T[0] = 1 Y[0] = 0.92
Y_IN -0.00
T[1] = 0 Y[1] = -0.00
Z[0] = 1.00
Z[1] = -1.00
Y_IN -0.08
T[0] = 0 Y[0] = -0.04
Y_IN 4.61
T[1] = 1 Y[1] = 0.98
Z[0] = 1.00
Z[1] = 0.99
Y_IN 3.15
T[0] = 1 Y[0] = 0.92
Y_IN 0.02
T[1] = 0 Y[1] = 0.01
Z[0] = 1.00
Z[1] = 1.00
Y_IN 3.17
T[0] = 1 Y[0] = 0.92
Y_IN -0.00
T[1] = 0 Y[1] = -0.00
Z[0] = 1.00
Z[1] = -1.00
Y_IN -0.08
T[0] = 0 Y[0] = -0.04
Y_IN 4.61
T[1] = 1 Y[1] = 0.98
Z[0] = 1.00
Z[1] = 1.00
Y_IN 3.17
T[0] = 1 Y[0] = 0.92
Y_IN -0.00
T[1] = 0 Y[1] = -0.00
Z[0] = 1.00
Z[1] = 1.00
Y_IN 3.17
T[0] = 1 Y[0] = 0.92
Y_IN -0.00
T[1] = 0 Y[1] = -0.00
Z[0] = 1.00
Z[1] = -0.81
Y_IN 0.23
T[0] = 0 Y[0] = 0.12
Y_IN 4.16
T[1] = 1 Y[1] = 0.97
Z[0] = 1.00
Z[1] = -1.00
Y_IN -0.08
T[0] = 0 Y[0] = -0.04
Y_IN 4.61
T[1] = 1 Y[1] = 0.98
Z[0] = 1.00
Z[1] = 1.00
Y_IN 3.16
T[0] = 1 Y[0] = 0.92
Y_IN 0.00
T[1] = 0 Y[1] = 0.00
Z[0] = 1.00
Z[1] = 1.00
Y_IN 3.17
T[0] = 1 Y[0] = 0.92
Y_IN -0.00
T[1] = 0 Y[1] = -0.00
Z[0] = 1.00
Z[1] = 0.98
Y_IN 3.14
T[0] = 1 Y[0] = 0.92
Y_IN 0.03
T[1] = 0 Y[1] = 0.02
Z[0] = 1.00
Z[1] = -1.00
Y_IN -0.08
T[0] = 0 Y[0] = -0.04
Y_IN 4.61
T[1] = 1 Y[1] = 0.98
Z[0] = 1.00
Z[1] = -0.99
Y_IN -0.07
T[0] = 0 Y[0] = -0.03
Y_IN 4.59
T[1] = 1 Y[1] = 0.98
Z[0] = 1.00
Z[1] = -0.81
Y_IN 0.24
T[0] = 1 Y[0] = 0.12
Y_IN 4.16
T[1] = 0 Y[1] = 0.97
Z[0] = 1.00
Z[1] = 1.00
Y_IN 3.17
T[0] = 1 Y[0] = 0.92
Y_IN -0.00
T[1] = 0 Y[1] = -0.00
Z[0] = 1.00
Z[1] = -1.00
Y_IN -0.08
T[0] = 0 Y[0] = -0.04
Y_IN 4.61
T[1] = 1 Y[1] = 0.98
Z[0] = 1.00
Z[1] = -0.99
Y_IN -0.07
T[0] = 0 Y[0] = -0.04
Y_IN 4.60
T[1] = 1 Y[1] = 0.98
Z[0] = 1.00
Z[1] = -0.49
Y_IN 0.75
T[0] = 0 Y[0] = 0.36
Y_IN 3.43
T[1] = 1 Y[1] = 0.94
Z[0] = 1.00
Z[1] = -1.00
Y_IN -0.08
T[0] = 0 Y[0] = -0.04
Y_IN 4.61
T[1] = 1 Y[1] = 0.98
Z[0] = 1.00
Z[1] = 1.00
Y_IN 3.16
T[0] = 1 Y[0] = 0.92
Y_IN 0.01
T[1] = 0 Y[1] = 0.00
Z[0] = 1.00
Z[1] = -1.00
Y_IN -0.07
T[0] = 0 Y[0] = -0.04
Y_IN 4.60
T[1] = 1 Y[1] = 0.98
Z[0] = 1.00
Z[1] = 1.00
Y_IN 3.17
T[0] = 1 Y[0] = 0.92
Y_IN -0.00
T[1] = 0 Y[1] = -0.00
Z[0] = 1.00
Z[1] = 1.00
Y_IN 3.17
T[0] = 1 Y[0] = 0.92
Y_IN -0.00
T[1] = 0 Y[1] = -0.00
Z[0] = 1.00
Z[1] = 0.98
Y_IN 3.14
T[0] = 1 Y[0] = 0.92
Y_IN 0.04
T[1] = 0 Y[1] = 0.02
Z[0] = 1.00
Z[1] = -0.99
Y_IN -0.07
T[0] = 0 Y[0] = -0.03
Y_IN 4.59
T[1] = 1 Y[1] = 0.98
Z[0] = 1.00
Z[1] = 1.00
Y_IN 3.16
T[0] = 1 Y[0] = 0.92
Y_IN 0.01
T[1] = 0 Y[1] = 0.00
Z[0] = 1.00
Z[1] = 1.00
Y_IN 3.16
T[0] = 1 Y[0] = 0.92
Y_IN 0.00
T[1] = 0 Y[1] = 0.00
Z[0] = 1.00
Z[1] = 1.00
Y_IN 3.17
T[0] = 1 Y[0] = 0.92
Y_IN -0.00
T[1] = 0 Y[1] = -0.00
Z[0] = 1.00
Z[1] = 1.00
Y_IN 3.16
T[0] = 1 Y[0] = 0.92
Y_IN 0.00
T[1] = 0 Y[1] = 0.00
Z[0] = 1.00
Z[1] = 1.00
Y_IN 3.17
T[0] = 1 Y[0] = 0.92
Y_IN -0.00
T[1] = 0 Y[1] = -0.00
Z[0] = 1.00
Z[1] = 1.00
Y_IN 3.16
T[0] = 1 Y[0] = 0.92
Y_IN 0.00
T[1] = 0 Y[1] = 0.00
Z[0] = 1.00
Z[1] = 1.00
Y_IN 3.17
T[0] = 1 Y[0] = 0.92
Y_IN -0.00
T[1] = 0 Y[1] = -0.00
Z[0] = 1.00
Z[1] = 0.99
Y_IN 3.16
T[0] = 1 Y[0] = 0.92
Y_IN 0.01
T[1] = 0 Y[1] = 0.00
Z[0] = 1.00
Z[1] = 1.00
Y_IN 3.17
T[0] = 1 Y[0] = 0.92
Y_IN -0.00
T[1] = 0 Y[1] = -0.00
Z[0] = 1.00
Z[1] = 0.99
Y_IN 3.15
T[0] = 1 Y[0] = 0.92
Y_IN 0.02
T[1] = 0 Y[1] = 0.01
Z[0] = 1.00
Z[1] = 0.99
Y_IN 3.15
T[0] = 1 Y[0] = 0.92
Y_IN 0.01
T[1] = 0 Y[1] = 0.01
Z[0] = 1.00
Z[1] = -0.06
Y_IN 1.45
T[0] = 1 Y[0] = 0.62
Y_IN 2.44
T[1] = 0 Y[1] = 0.84
Z[0] = 1.00
Z[1] = -0.90
Y_IN 0.08
T[0] = 0 Y[0] = 0.04
Y_IN 4.38
T[1] = 1 Y[1] = 0.98
Z[0] = 1.00
Z[1] = -0.85
Y_IN 0.16
T[0] = 0 Y[0] = 0.08
Y_IN 4.28
T[1] = 1 Y[1] = 0.97
Z[0] = 1.00
Z[1] = 0.99
Y_IN 3.15
T[0] = 1 Y[0] = 0.92
Y_IN 0.02
T[1] = 0 Y[1] = 0.01
Z[0] = 1.00
Z[1] = -1.00
Y_IN -0.08
T[0] = 0 Y[0] = -0.04
Y_IN 4.61
T[1] = 1 Y[1] = 0.98
Z[0] = 1.00
Z[1] = -1.00
Y_IN -0.08
T[0] = 0 Y[0] = -0.04
Y_IN 4.61
T[1] = 1 Y[1] = 0.98
Z[0] = 1.00
Z[1] = 0.94
Y_IN 3.07
T[0] = 1 Y[0] = 0.91
Y_IN 0.14
T[1] = 0 Y[1] = 0.07
Z[0] = 1.00
Z[1] = -0.91
Y_IN 0.07
T[0] = 0 Y[0] = 0.04
Y_IN 4.39
T[1] = 1 Y[1] = 0.98
Z[0] = 1.00
Z[1] = 1.00
Y_IN 3.17
T[0] = 1 Y[0] = 0.92
Y_IN -0.00
T[1] = 0 Y[1] = -0.00
Z[0] = 1.00
Z[1] = 1.00
Y_IN 3.17
T[0] = 1 Y[0] = 0.92
Y_IN -0.00
T[1] = 0 Y[1] = -0.00
Z[0] = 1.00
Z[1] = -1.00
Y_IN -0.08
T[0] = 0 Y[0] = -0.04
Y_IN 4.61
T[1] = 1 Y[1] = 0.98
Z[0] = 1.00
Z[1] = 0.99
Y_IN 3.15
T[0] = 1 Y[0] = 0.92
Y_IN 0.01
T[1] = 0 Y[1] = 0.01
Z[0] = 1.00
Z[1] = -1.00
Y_IN -0.08
T[0] = 0 Y[0] = -0.04
Y_IN 4.61
T[1] = 1 Y[1] = 0.98
Z[0] = 1.00
Z[1] = 1.00
Y_IN 3.16
T[0] = 1 Y[0] = 0.92
Y_IN 0.00
T[1] = 0 Y[1] = 0.00
Z[0] = 1.00
Z[1] = -0.70
Y_IN 0.40
T[0] = 0 Y[0] = 0.20
Y_IN 3.92
T[1] = 1 Y[1] = 0.96
Z[0] = 1.00
Z[1] = 1.00
Y_IN 3.17
T[0] = 1 Y[0] = 0.92
Y_IN -0.00
T[1] = 0 Y[1] = -0.00
Z[0] = 1.00
Z[1] = 0.99
Y_IN 3.15
T[0] = 1 Y[0] = 0.92
Y_IN 0.01
T[1] = 0 Y[1] = 0.01
Z[0] = 1.00
Z[1] = -0.93
Y_IN 0.04
T[0] = 0 Y[0] = 0.02
Y_IN 4.45
T[1] = 1 Y[1] = 0.98
Z[0] = 1.00
Z[1] = 0.99
Y_IN 3.15
T[0] = 1 Y[0] = 0.92
Y_IN 0.02
T[1] = 0 Y[1] = 0.01
Z[0] = 1.00
Z[1] = 1.00
Y_IN 3.16
T[0] = 1 Y[0] = 0.92
Y_IN 0.01
T[1] = 0 Y[1] = 0.00
Z[0] = 1.00
Z[1] = -1.00
Y_IN -0.08
T[0] = 0 Y[0] = -0.04
Y_IN 4.60
T[1] = 1 Y[1] = 0.98
Z[0] = 1.00
Z[1] = -0.97
Y_IN -0.03
T[0] = 0 Y[0] = -0.02
Y_IN 4.54
T[1] = 1 Y[1] = 0.98
Z[0] = 1.00
Z[1] = 0.99
Y_IN 3.15
T[0] = 1 Y[0] = 0.92
Y_IN 0.02
T[1] = 0 Y[1] = 0.01
Z[0] = 1.00
Z[1] = -0.12
Y_IN 1.35
T[0] = 1 Y[0] = 0.59
Y_IN 2.57
T[1] = 0 Y[1] = 0.86
Z[0] = 1.00
Z[1] = 1.00
Y_IN 3.17
T[0] = 1 Y[0] = 0.92
Y_IN -0.00
T[1] = 0 Y[1] = -0.00
Z[0] = 1.00
Z[1] = 1.00
Y_IN 3.16
T[0] = 1 Y[0] = 0.92
Y_IN 0.00
T[1] = 0 Y[1] = 0.00
Z[0] = 1.00
Z[1] = 1.00
Y_IN 3.16
T[0] = 1 Y[0] = 0.92
Y_IN 0.00
T[1] = 0 Y[1] = 0.00
Z[0] = 1.00
Z[1] = 0.98
Y_IN 3.14
T[0] = 1 Y[0] = 0.92
Y_IN 0.03
T[1] = 0 Y[1] = 0.02
Z[0] = 1.00
Z[1] = -1.00
Y_IN -0.08
T[0] = 0 Y[0] = -0.04
Y_IN 4.61
T[1] = 1 Y[1] = 0.98
Z[0] = 1.00
Z[1] = 1.00
Y_IN 3.17
T[0] = 1 Y[0] = 0.92
Y_IN -0.00
T[1] = 0 Y[1] = -0.00
Z[0] = 1.00
Z[1] = -0.95
Y_IN 0.01
T[0] = 0 Y[0] = 0.00
Y_IN 4.49
T[1] = 1 Y[1] = 0.98
Z[0] = 1.00
Z[1] = 1.00
Y_IN 3.17
T[0] = 1 Y[0] = 0.92
Y_IN -0.00
T[1] = 0 Y[1] = -0.00
Z[0] = 1.00
Z[1] = 0.99
Y_IN 3.15
T[0] = 1 Y[0] = 0.92
Y_IN 0.02
T[1] = 0 Y[1] = 0.01
Z[0] = 1.00
Z[1] = -1.00
Y_IN -0.08
T[0] = 0 Y[0] = -0.04
Y_IN 4.61
T[1] = 1 Y[1] = 0.98
Z[0] = 1.00
Z[1] = 1.00
Y_IN 3.16
T[0] = 1 Y[0] = 0.92
Y_IN 0.00
T[1] = 0 Y[1] = 0.00
Z[0] = 1.00
Z[1] = -0.91
Y_IN 0.07
T[0] = 0 Y[0] = 0.03
Y_IN 4.40
T[1] = 1 Y[1] = 0.98
Z[0] = 1.00
Z[1] = -1.00
Y_IN -0.08
T[0] = 0 Y[0] = -0.04
Y_IN 4.61
T[1] = 1 Y[1] = 0.98
Z[0] = 1.00
Z[1] = -1.00
Y_IN -0.08
T[0] = 0 Y[0] = -0.04
Y_IN 4.61
T[1] = 1 Y[1] = 0.98
Z[0] = 1.00
Z[1] = -1.00
Y_IN -0.08
T[0] = 0 Y[0] = -0.04
Y_IN 4.61
T[1] = 1 Y[1] = 0.98
Z[0] = 1.00
Z[1] = 0.98
Y_IN 3.14
T[0] = 1 Y[0] = 0.92
Y_IN 0.04
T[1] = 0 Y[1] = 0.02
Z[0] = 1.00
Z[1] = -1.00
Y_IN -0.08
T[0] = 0 Y[0] = -0.04
Y_IN 4.61
T[1] = 1 Y[1] = 0.98
Z[0] = 1.00
Z[1] = -1.00
Y_IN -0.08
T[0] = 0 Y[0] = -0.04
Y_IN 4.61
T[1] = 1 Y[1] = 0.98
Z[0] = 1.00
Z[1] = 0.98
Y_IN 3.14
T[0] = 1 Y[0] = 0.92
Y_IN 0.03
T[1] = 0 Y[1] = 0.02
Z[0] = 1.00
Z[1] = 0.89
Y_IN 2.99
T[0] = 1 Y[0] = 0.90
Y_IN 0.24
T[1] = 0 Y[1] = 0.12
Z[0] = 1.00
Z[1] = -1.00
Y_IN -0.08
T[0] = 1 Y[0] = -0.04
Y_IN 4.61
T[1] = 0 Y[1] = 0.98
Z[0] = 1.00
Z[1] = 1.00
Y_IN 3.17
T[0] = 1 Y[0] = 0.92
Y_IN -0.00
T[1] = 0 Y[1] = -0.00
Z[0] = 1.00
Z[1] = -0.49
Y_IN 0.75
T[0] = 0 Y[0] = 0.36
Y_IN 3.44
T[1] = 1 Y[1] = 0.94
Z[0] = 1.00
Z[1] = 1.00
Y_IN 3.16
T[0] = 1 Y[0] = 0.92
Y_IN 0.00
T[1] = 0 Y[1] = 0.00
Z[0] = 1.00
Z[1] = 1.00
Y_IN 3.16
T[0] = 1 Y[0] = 0.92
Y_IN 0.00
T[1] = 0 Y[1] = 0.00
Z[0] = 1.00
Z[1] = 1.00
Y_IN 3.16
T[0] = 1 Y[0] = 0.92
Y_IN -0.00
T[1] = 0 Y[1] = -0.00
Z[0] = 1.00
Z[1] = -1.00
Y_IN -0.08
T[0] = 0 Y[0] = -0.04
Y_IN 4.61
T[1] = 1 Y[1] = 0.98
Z[0] = 1.00
Z[1] = -1.00
Y_IN -0.08
T[0] = 0 Y[0] = -0.04
Y_IN 4.61
T[1] = 1 Y[1] = 0.98
Z[0] = 1.00
Z[1] = 0.98
Y_IN 3.14
T[0] = 1 Y[0] = 0.92
Y_IN 0.04
T[1] = 0 Y[1] = 0.02
Z[0] = 1.00
Z[1] = 1.00
Y_IN 3.16
T[0] = 1 Y[0] = 0.92
Y_IN -0.00
T[1] = 0 Y[1] = -0.00
Z[0] = 1.00
Z[1] = 1.00
Y_IN 3.16
T[0] = 1 Y[0] = 0.92
Y_IN 0.00
T[1] = 0 Y[1] = 0.00
Z[0] = 1.00
Z[1] = 1.00
Y_IN 3.16
T[0] = 1 Y[0] = 0.92
Y_IN 0.00
T[1] = 0 Y[1] = 0.00
Z[0] = 1.00
Z[1] = -1.00
Y_IN -0.08
T[0] = 0 Y[0] = -0.04
Y_IN 4.61
T[1] = 1 Y[1] = 0.98
Z[0] = 1.00
Z[1] = 1.00
Y_IN 3.16
T[0] = 1 Y[0] = 0.92
Y_IN 0.00
T[1] = 0 Y[1] = 0.00
Z[0] = 1.00
Z[1] = 1.00
Y_IN 3.17
T[0] = 1 Y[0] = 0.92
Y_IN -0.00
T[1] = 0 Y[1] = -0.00
Z[0] = 1.00
Z[1] = 1.00
Y_IN 3.16
T[0] = 1 Y[0] = 0.92
Y_IN 0.01
T[1] = 0 Y[1] = 0.00
Z[0] = 1.00
Z[1] = 0.17
Y_IN 1.81
T[0] = 1 Y[0] = 0.72
Y_IN 1.92
T[1] = 0 Y[1] = 0.74
Z[0] = 1.00
Z[1] = 1.00
Y_IN 3.17
T[0] = 1 Y[0] = 0.92
Y_IN -0.00
T[1] = 0 Y[1] = -0.00
Z[0] = 1.00
Z[1] = 1.00
Y_IN 3.16
T[0] = 1 Y[0] = 0.92
Y_IN -0.00
T[1] = 0 Y[1] = -0.00
Z[0] = 1.00
Z[1] = 0.98
Y_IN 3.14
T[0] = 1 Y[0] = 0.92
Y_IN 0.04
T[1] = 0 Y[1] = 0.02
Z[0] = 1.00
Z[1] = 1.00
Y_IN 3.17
T[0] = 1 Y[0] = 0.92
Y_IN -0.00
T[1] = 0 Y[1] = -0.00
Z[0] = 1.00
Z[1] = 1.00
Y_IN 3.17
T[0] = 1 Y[0] = 0.92
Y_IN -0.00
T[1] = 0 Y[1] = -0.00
Z[0] = 1.00
Z[1] = -1.00
Y_IN -0.08
T[0] = 0 Y[0] = -0.04
Y_IN 4.61
T[1] = 1 Y[1] = 0.98
Z[0] = 1.00
Z[1] = 1.00
Y_IN 3.17
T[0] = 1 Y[0] = 0.92
Y_IN -0.00
T[1] = 0 Y[1] = -0.00
Z[0] = 1.00
Z[1] = 1.00
Y_IN 3.17
T[0] = 1 Y[0] = 0.92
Y_IN -0.00
T[1] = 0 Y[1] = -0.00
Z[0] = 1.00
Z[1] = 1.00
Y_IN 3.17
T[0] = 1 Y[0] = 0.92
Y_IN -0.00
T[1] = 0 Y[1] = -0.00
Z[0] = 1.00
Z[1] = 1.00
Y_IN 3.17
T[0] = 1 Y[0] = 0.92
Y_IN -0.00
T[1] = 0 Y[1] = -0.00
Z[0] = 1.00
Z[1] = 1.00
Y_IN 3.16
T[0] = 1 Y[0] = 0.92
Y_IN 0.00
T[1] = 0 Y[1] = 0.00
Z[0] = 1.00
Z[1] = -0.22
Y_IN 1.18
T[0] = 1 Y[0] = 0.53
Y_IN 2.82
T[1] = 0 Y[1] = 0.89
Z[0] = 1.00
Z[1] = 1.00
Y_IN 3.17
T[0] = 1 Y[0] = 0.92
Y_IN -0.00
T[1] = 0 Y[1] = -0.00
Z[0] = 1.00
Z[1] = 0.97
Y_IN 3.12
T[0] = 1 Y[0] = 0.92
Y_IN 0.06
T[1] = 0 Y[1] = 0.03
Z[0] = 1.00
Z[1] = 1.00
Y_IN 3.17
T[0] = 1 Y[0] = 0.92
Y_IN -0.00
T[1] = 0 Y[1] = -0.00
Z[0] = 1.00
Z[1] = -1.00
Y_IN -0.08
T[0] = 0 Y[0] = -0.04
Y_IN 4.61
T[1] = 1 Y[1] = 0.98
Z[0] = 1.00
Z[1] = -0.99
Y_IN -0.06
T[0] = 0 Y[0] = -0.03
Y_IN 4.58
T[1] = 1 Y[1] = 0.98
Z[0] = 1.00
Z[1] = 0.98
Y_IN 3.14
T[0] = 1 Y[0] = 0.92
Y_IN 0.04
T[1] = 0 Y[1] = 0.02
Z[0] = 1.00
Z[1] = 1.00
Y_IN 3.17
T[0] = 1 Y[0] = 0.92
Y_IN -0.00
T[1] = 0 Y[1] = -0.00
Z[0] = 1.00
Z[1] = 1.00
Y_IN 3.17
T[0] = 1 Y[0] = 0.92
Y_IN -0.00
T[1] = 0 Y[1] = -0.00
Z[0] = 1.00
Z[1] = 1.00
Y_IN 3.16
T[0] = 1 Y[0] = 0.92
Y_IN 0.00
T[1] = 0 Y[1] = 0.00
Z[0] = 1.00
Z[1] = 1.00
Y_IN 3.16
T[0] = 1 Y[0] = 0.92
Y_IN 0.00
T[1] = 0 Y[1] = 0.00
Z[0] = 1.00
Z[1] = 0.98
Y_IN 3.14
T[0] = 1 Y[0] = 0.92
Y_IN 0.03
T[1] = 0 Y[1] = 0.02
Z[0] = 1.00
Z[1] = 1.00
Y_IN 3.16
T[0] = 1 Y[0] = 0.92
Y_IN 0.00
T[1] = 0 Y[1] = 0.00
Z[0] = 1.00
Z[1] = 1.00
Y_IN 3.16
T[0] = 1 Y[0] = 0.92
Y_IN 0.00
T[1] = 0 Y[1] = 0.00
Z[0] = 1.00
Z[1] = 1.00
Y_IN 3.16
T[0] = 1 Y[0] = 0.92
Y_IN 0.00
T[1] = 0 Y[1] = 0.00
Z[0] = 1.00
Z[1] = 1.00
Y_IN 3.17
T[0] = 1 Y[0] = 0.92
Y_IN -0.00
T[1] = 0 Y[1] = -0.00
Z[0] = 1.00
Z[1] = 0.99
Y_IN 3.15
T[0] = 1 Y[0] = 0.92
Y_IN 0.02
T[1] = 0 Y[1] = 0.01
Z[0] = 1.00
Z[1] = 1.00
Y_IN 3.16
T[0] = 1 Y[0] = 0.92
Y_IN -0.00
T[1] = 0 Y[1] = -0.00
Z[0] = 1.00
Z[1] = 1.00
Y_IN 3.17
T[0] = 1 Y[0] = 0.92
Y_IN -0.00
T[1] = 0 Y[1] = -0.00
Z[0] = 1.00
Z[1] = 1.00
Y_IN 3.16
T[0] = 1 Y[0] = 0.92
Y_IN -0.00
T[1] = 0 Y[1] = -0.00
Z[0] = 1.00
Z[1] = 1.00
Y_IN 3.16
T[0] = 1 Y[0] = 0.92
Y_IN 0.01
T[1] = 0 Y[1] = 0.00
Z[0] = 1.00
Z[1] = -0.95
Y_IN -0.00
T[0] = 0 Y[0] = -0.00
Y_IN 4.50
T[1] = 1 Y[1] = 0.98
Z[0] = 1.00
Z[1] = 1.00
Y_IN 3.17
T[0] = 1 Y[0] = 0.92
Y_IN -0.00
T[1] = 0 Y[1] = -0.00
Z[0] = 1.00
Z[1] = 0.97
Y_IN 3.12
T[0] = 1 Y[0] = 0.92
Y_IN 0.06
T[1] = 0 Y[1] = 0.03
Z[0] = 1.00
Z[1] = 1.00
Y_IN 3.17
T[0] = 1 Y[0] = 0.92
Y_IN -0.00
T[1] = 0 Y[1] = -0.00
Z[0] = 1.00
Z[1] = 1.00
Y_IN 3.17
T[0] = 1 Y[0] = 0.92
Y_IN -0.00
T[1] = 0 Y[1] = -0.00
Z[0] = 1.00
Z[1] = 0.99
Y_IN 3.16
T[0] = 1 Y[0] = 0.92
Y_IN 0.01
T[1] = 0 Y[1] = 0.00
Z[0] = 1.00
Z[1] = -1.00
Y_IN -0.08
T[0] = 0 Y[0] = -0.04
Y_IN 4.61
T[1] = 1 Y[1] = 0.98
Z[0] = 1.00
Z[1] = -0.97
Y_IN -0.03
T[0] = 0 Y[0] = -0.01
Y_IN 4.53
T[1] = 1 Y[1] = 0.98
Z[0] = 1.00
Z[1] = 0.99
Y_IN 3.16
T[0] = 1 Y[0] = 0.92
Y_IN 0.01
T[1] = 0 Y[1] = 0.00
Z[0] = 1.00
Z[1] = 1.00
Y_IN 3.17
T[0] = 1 Y[0] = 0.92
Y_IN -0.00
T[1] = 0 Y[1] = -0.00
Z[0] = 1.00
Z[1] = 0.99
Y_IN 3.15
T[0] = 1 Y[0] = 0.92
Y_IN 0.02
T[1] = 0 Y[1] = 0.01
Z[0] = 1.00
Z[1] = -1.00
Y_IN -0.08
T[0] = 0 Y[0] = -0.04
Y_IN 4.61
T[1] = 1 Y[1] = 0.98
Z[0] = 1.00
Z[1] = -1.00
Y_IN -0.08
T[0] = 0 Y[0] = -0.04
Y_IN 4.61
T[1] = 1 Y[1] = 0.98
Z[0] = 1.00
Z[1] = -1.00
Y_IN -0.08
T[0] = 0 Y[0] = -0.04
Y_IN 4.61
T[1] = 1 Y[1] = 0.98
Z[0] = 1.00
Z[1] = 0.93
Y_IN 3.06
T[0] = 1 Y[0] = 0.91
Y_IN 0.15
T[1] = 0 Y[1] = 0.07
Z[0] = 1.00
Z[1] = 1.00
Y_IN 3.16
T[0] = 1 Y[0] = 0.92
Y_IN 0.00
T[1] = 0 Y[1] = 0.00
Z[0] = 1.00
Z[1] = -0.96
Y_IN -0.02
T[0] = 0 Y[0] = -0.01
Y_IN 4.53
T[1] = 1 Y[1] = 0.98
Z[0] = 1.00
Z[1] = 1.00
Y_IN 3.17
T[0] = 1 Y[0] = 0.92
Y_IN -0.00
T[1] = 0 Y[1] = -0.00
Z[0] = 1.00
Z[1] = 1.00
Y_IN 3.16
T[0] = 1 Y[0] = 0.92
Y_IN 0.00
T[1] = 0 Y[1] = 0.00
Z[0] = 1.00
Z[1] = -1.00
Y_IN -0.08
T[0] = 0 Y[0] = -0.04
Y_IN 4.61
T[1] = 1 Y[1] = 0.98
Z[0] = 1.00
Z[1] = -0.96
Y_IN -0.01
T[0] = 0 Y[0] = -0.01
Y_IN 4.51
T[1] = 1 Y[1] = 0.98
Z[0] = 1.00
Z[1] = 1.00
Y_IN 3.16
T[0] = 1 Y[0] = 0.92
Y_IN -0.00
T[1] = 0 Y[1] = -0.00
Z[0] = 1.00
Z[1] = 0.96
Y_IN 3.10
T[0] = 1 Y[0] = 0.91
Y_IN 0.09
T[1] = 0 Y[1] = 0.04
Z[0] = 1.00
Z[1] = 1.00
Y_IN 3.17
T[0] = 1 Y[0] = 0.92
Y_IN -0.00
T[1] = 0 Y[1] = -0.00
Z[0] = 1.00
Z[1] = 1.00
Y_IN 3.17
T[0] = 1 Y[0] = 0.92
Y_IN -0.00
T[1] = 0 Y[1] = -0.00
Z[0] = 1.00
Z[1] = 1.00
Y_IN 3.16
T[0] = 1 Y[0] = 0.92
Y_IN 0.00
T[1] = 0 Y[1] = 0.00
Z[0] = 1.00
Z[1] = -1.00
Y_IN -0.08
T[0] = 0 Y[0] = -0.04
Y_IN 4.61
T[1] = 1 Y[1] = 0.98
Z[0] = 1.00
Z[1] = -1.00
Y_IN -0.08
T[0] = 0 Y[0] = -0.04
Y_IN 4.61
T[1] = 1 Y[1] = 0.98
Z[0] = 1.00
Z[1] = 1.00
Y_IN 3.17
T[0] = 1 Y[0] = 0.92
Y_IN -0.00
T[1] = 0 Y[1] = -0.00
Z[0] = 1.00
Z[1] = -0.28
Y_IN 1.08
T[0] = 0 Y[0] = 0.49
Y_IN 2.96
T[1] = 1 Y[1] = 0.90
Z[0] = 1.00
Z[1] = 1.00
Y_IN 3.17
T[0] = 1 Y[0] = 0.92
Y_IN -0.00
T[1] = 0 Y[1] = -0.00
Z[0] = 1.00
Z[1] = 1.00
Y_IN 3.16
T[0] = 1 Y[0] = 0.92
Y_IN 0.01
T[1] = 0 Y[1] = 0.00
Z[0] = 1.00
Z[1] = 1.00
Y_IN 3.17
T[0] = 1 Y[0] = 0.92
Y_IN -0.00
T[1] = 0 Y[1] = -0.00
Z[0] = 1.00
Z[1] = 1.00
Y_IN 3.17
T[0] = 1 Y[0] = 0.92
Y_IN -0.00
T[1] = 0 Y[1] = -0.00
Z[0] = 1.00
Z[1] = 1.00
Y_IN 3.16
T[0] = 1 Y[0] = 0.92
Y_IN 0.01
T[1] = 0 Y[1] = 0.00
Z[0] = 1.00
Z[1] = 0.99
Y_IN 3.15
T[0] = 1 Y[0] = 0.92
Y_IN 0.01
T[1] = 0 Y[1] = 0.01
Z[0] = 1.00
Z[1] = 0.99
Y_IN 3.16
T[0] = 1 Y[0] = 0.92
Y_IN 0.01
T[1] = 0 Y[1] = 0.00
Z[0] = 1.00
Z[1] = 1.00
Y_IN 3.17
T[0] = 1 Y[0] = 0.92
Y_IN -0.00
T[1] = 0 Y[1] = -0.00
Z[0] = 1.00
Z[1] = 1.00
Y_IN 3.17
T[0] = 1 Y[0] = 0.92
Y_IN -0.00
T[1] = 0 Y[1] = -0.00
Z[0] = 1.00
Z[1] = 0.99
Y_IN 3.16
T[0] = 1 Y[0] = 0.92
Y_IN 0.01
T[1] = 0 Y[1] = 0.00
Z[0] = 1.00
Z[1] = 1.00
Y_IN 3.17
T[0] = 1 Y[0] = 0.92
Y_IN -0.00
T[1] = 0 Y[1] = -0.00
Z[0] = 1.00
Z[1] = 0.96
Y_IN 3.11
T[0] = 1 Y[0] = 0.91
Y_IN 0.08
T[1] = 0 Y[1] = 0.04
Z[0] = 1.00
Z[1] = 0.98
Y_IN 3.14
T[0] = 1 Y[0] = 0.92
Y_IN 0.04
T[1] = 0 Y[1] = 0.02
Z[0] = 1.00
Z[1] = -0.91
Y_IN 0.06
T[0] = 0 Y[0] = 0.03
Y_IN 4.41
T[1] = 1 Y[1] = 0.98
Z[0] = 1.00
Z[1] = -1.00
Y_IN -0.08
T[0] = 0 Y[0] = -0.04
Y_IN 4.61
T[1] = 1 Y[1] = 0.98
Z[0] = 1.00
Z[1] = 0.70
Y_IN 2.68
T[0] = 0 Y[0] = 0.87
Y_IN 0.69
T[1] = 1 Y[1] = 0.33
Z[0] = 1.00
Z[1] = -0.81
Y_IN 0.22
T[0] = 1 Y[0] = 0.11
Y_IN 4.18
T[1] = 0 Y[1] = 0.97
Z[0] = 1.00
Z[1] = 1.00
Y_IN 3.16
T[0] = 1 Y[0] = 0.92
Y_IN 0.00
T[1] = 0 Y[1] = 0.00
Z[0] = 1.00
Z[1] = -0.99
Y_IN -0.06
T[0] = 0 Y[0] = -0.03
Y_IN 4.58
T[1] = 1 Y[1] = 0.98
Z[0] = 1.00
Z[1] = 1.00
Y_IN 3.16
T[0] = 1 Y[0] = 0.92
Y_IN -0.00
T[1] = 0 Y[1] = -0.00
Z[0] = 1.00
Z[1] = 1.00
Y_IN 3.17
T[0] = 1 Y[0] = 0.92
Y_IN -0.00
T[1] = 0 Y[1] = -0.00
Z[0] = 1.00
Z[1] = 0.99
Y_IN 3.15
T[0] = 1 Y[0] = 0.92
Y_IN 0.02
T[1] = 0 Y[1] = 0.01
Z[0] = 1.00
Z[1] = 1.00
Y_IN 3.16
T[0] = 1 Y[0] = 0.92
Y_IN -0.00
T[1] = 0 Y[1] = -0.00
Z[0] = 1.00
Z[1] = -0.41
Y_IN 0.87
T[0] = 0 Y[0] = 0.41
Y_IN 3.25
T[1] = 1 Y[1] = 0.93
Z[0] = 1.00
Z[1] = 1.00
Y_IN 3.16
T[0] = 1 Y[0] = 0.92
Y_IN 0.00
T[1] = 0 Y[1] = 0.00
Z[0] = 1.00
Z[1] = -1.00
Y_IN -0.08
T[0] = 0 Y[0] = -0.04
Y_IN 4.61
T[1] = 1 Y[1] = 0.98
Z[0] = 1.00
Z[1] = -1.00
Y_IN -0.08
T[0] = 0 Y[0] = -0.04
Y_IN 4.61
T[1] = 1 Y[1] = 0.98
Z[0] = 1.00
Z[1] = 0.97
Y_IN 3.12
T[0] = 1 Y[0] = 0.92
Y_IN 0.07
T[1] = 0 Y[1] = 0.03
Z[0] = 1.00
Z[1] = 0.96
Y_IN 3.11
T[0] = 1 Y[0] = 0.91
Y_IN 0.08
T[1] = 0 Y[1] = 0.04
Z[0] = 1.00
Z[1] = 1.00
Y_IN 3.16
T[0] = 1 Y[0] = 0.92
Y_IN -0.00
T[1] = 0 Y[1] = -0.00
Z[0] = 1.00
Z[1] = 1.00
Y_IN 3.16
T[0] = 1 Y[0] = 0.92
Y_IN 0.00
T[1] = 0 Y[1] = 0.00
Z[0] = 1.00
Z[1] = 0.97
Y_IN 3.12
T[0] = 1 Y[0] = 0.92
Y_IN 0.06
T[1] = 0 Y[1] = 0.03
Z[0] = 1.00
Z[1] = 1.00
Y_IN 3.16
T[0] = 1 Y[0] = 0.92
Y_IN -0.00
T[1] = 0 Y[1] = -0.00
Z[0] = 1.00
Z[1] = 1.00
Y_IN 3.17
T[0] = 1 Y[0] = 0.92
Y_IN -0.00
T[1] = 0 Y[1] = -0.00
Z[0] = 1.00
Z[1] = -1.00
Y_IN -0.08
T[0] = 0 Y[0] = -0.04
Y_IN 4.61
T[1] = 1 Y[1] = 0.98
Z[0] = 1.00
Z[1] = 1.00
Y_IN 3.16
T[0] = 1 Y[0] = 0.92
Y_IN 0.00
T[1] = 0 Y[1] = 0.00
Z[0] = 1.00
Z[1] = -1.00
Y_IN -0.08
T[0] = 0 Y[0] = -0.04
Y_IN 4.61
T[1] = 1 Y[1] = 0.98
Z[0] = 1.00
Z[1] = -1.00
Y_IN -0.08
T[0] = 0 Y[0] = -0.04
Y_IN 4.61
T[1] = 1 Y[1] = 0.98
Z[0] = 1.00
Z[1] = 1.00
Y_IN 3.17
T[0] = 1 Y[0] = 0.92
Y_IN -0.00
T[1] = 0 Y[1] = -0.00
Z[0] = 1.00
Z[1] = 1.00
Y_IN 3.17
T[0] = 1 Y[0] = 0.92
Y_IN -0.00
T[1] = 0 Y[1] = -0.00
Z[0] = 1.00
Z[1] = 1.00
Y_IN 3.16
T[0] = 1 Y[0] = 0.92
Y_IN 0.00
T[1] = 0 Y[1] = 0.00
Z[0] = 1.00
Z[1] = -1.00
Y_IN -0.08
T[0] = 0 Y[0] = -0.04
Y_IN 4.61
T[1] = 1 Y[1] = 0.98
Z[0] = 1.00
Z[1] = 1.00
Y_IN 3.16
T[0] = 1 Y[0] = 0.92
Y_IN 0.01
T[1] = 0 Y[1] = 0.00
Z[0] = 1.00
Z[1] = 1.00
Y_IN 3.16
T[0] = 1 Y[0] = 0.92
Y_IN 0.00
T[1] = 0 Y[1] = 0.00
Z[0] = 1.00
Z[1] = 1.00
Y_IN 3.16
T[0] = 1 Y[0] = 0.92
Y_IN -0.00
T[1] = 0 Y[1] = -0.00
Z[0] = 1.00
Z[1] = -1.00
Y_IN -0.07
T[0] = 0 Y[0] = -0.04
Y_IN 4.60
T[1] = 1 Y[1] = 0.98
Z[0] = 1.00
Z[1] = -0.97
Y_IN -0.03
T[0] = 0 Y[0] = -0.02
Y_IN 4.54
T[1] = 1 Y[1] = 0.98
Z[0] = 1.00
Z[1] = -1.00
Y_IN -0.08
T[0] = 0 Y[0] = -0.04
Y_IN 4.61
T[1] = 1 Y[1] = 0.98
Z[0] = 1.00
Z[1] = 0.48
Y_IN 2.32
T[0] = 0 Y[0] = 0.82
Y_IN 1.20
T[1] = 1 Y[1] = 0.54
Z[0] = 1.00
Z[1] = 0.99
Y_IN 3.15
T[0] = 1 Y[0] = 0.92
Y_IN 0.02
T[1] = 0 Y[1] = 0.01
Z[0] = 1.00
Z[1] = 1.00
Y_IN 3.17
T[0] = 1 Y[0] = 0.92
Y_IN -0.00
T[1] = 0 Y[1] = -0.00
Z[0] = 1.00
Z[1] = 0.99
Y_IN 3.15
T[0] = 1 Y[0] = 0.92
Y_IN 0.01
T[1] = 0 Y[1] = 0.01
Z[0] = 1.00
Z[1] = -0.97
Y_IN -0.03
T[0] = 0 Y[0] = -0.01
Y_IN 4.53
T[1] = 1 Y[1] = 0.98
Z[0] = 1.00
Z[1] = 1.00
Y_IN 3.17
T[0] = 1 Y[0] = 0.92
Y_IN -0.00
T[1] = 0 Y[1] = -0.00
Z[0] = 1.00
Z[1] = 1.00
Y_IN 3.16
T[0] = 1 Y[0] = 0.92
Y_IN 0.01
T[1] = 0 Y[1] = 0.00
Z[0] = 1.00
Z[1] = 1.00
Y_IN 3.17
T[0] = 1 Y[0] = 0.92
Y_IN -0.00
T[1] = 0 Y[1] = -0.00
Z[0] = 1.00
Z[1] = 0.99
Y_IN 3.15
T[0] = 1 Y[0] = 0.92
Y_IN 0.02
T[1] = 0 Y[1] = 0.01
Z[0] = 1.00
Z[1] = -1.00
Y_IN -0.08
T[0] = 0 Y[0] = -0.04
Y_IN 4.61
T[1] = 1 Y[1] = 0.98
Z[0] = 1.00
Z[1] = -1.00
Y_IN -0.08
T[0] = 0 Y[0] = -0.04
Y_IN 4.61
T[1] = 1 Y[1] = 0.98
Z[0] = 1.00
Z[1] = 1.00
Y_IN 3.16
T[0] = 1 Y[0] = 0.92
Y_IN 0.00
T[1] = 0 Y[1] = 0.00
Z[0] = 1.00
Z[1] = 1.00
Y_IN 3.16
T[0] = 1 Y[0] = 0.92
Y_IN 0.00
T[1] = 0 Y[1] = 0.00
Z[0] = 1.00
Z[1] = 1.00
Y_IN 3.17
T[0] = 1 Y[0] = 0.92
Y_IN -0.00
T[1] = 0 Y[1] = -0.00
Z[0] = 1.00
Z[1] = 1.00
Y_IN 3.16
T[0] = 1 Y[0] = 0.92
Y_IN 0.01
T[1] = 0 Y[1] = 0.00
Z[0] = 1.00
Z[1] = -0.74
Y_IN 0.35
T[0] = 0 Y[0] = 0.17
Y_IN 4.00
T[1] = 1 Y[1] = 0.96
Z[0] = 1.00
Z[1] = 0.98
Y_IN 3.14
T[0] = 1 Y[0] = 0.92
Y_IN 0.03
T[1] = 0 Y[1] = 0.02
Z[0] = 1.00
Z[1] = 1.00
Y_IN 3.16
T[0] = 1 Y[0] = 0.92
Y_IN 0.00
T[1] = 0 Y[1] = 0.00
Z[0] = 1.00
Z[1] = 1.00
Y_IN 3.17
T[0] = 1 Y[0] = 0.92
Y_IN -0.00
T[1] = 0 Y[1] = -0.00
Z[0] = 1.00
Z[1] = 0.99
Y_IN 3.16
T[0] = 1 Y[0] = 0.92
Y_IN 0.01
T[1] = 0 Y[1] = 0.00
Z[0] = 1.00
Z[1] = 1.00
Y_IN 3.16
T[0] = 1 Y[0] = 0.92
Y_IN 0.00
T[1] = 0 Y[1] = 0.00
Z[0] = 1.00
Z[1] = 0.99
Y_IN 3.15
T[0] = 1 Y[0] = 0.92
Y_IN 0.02
T[1] = 0 Y[1] = 0.01
Z[0] = 1.00
Z[1] = 1.00
Y_IN 3.17
T[0] = 1 Y[0] = 0.92
Y_IN -0.00
T[1] = 0 Y[1] = -0.00
Z[0] = 1.00
Z[1] = 1.00
Y_IN 3.17
T[0] = 1 Y[0] = 0.92
Y_IN -0.00
T[1] = 0 Y[1] = -0.00
Z[0] = 1.00
Z[1] = -1.00
Y_IN -0.08
T[0] = 0 Y[0] = -0.04
Y_IN 4.61
T[1] = 1 Y[1] = 0.98
Z[0] = 1.00
Z[1] = 0.99
Y_IN 3.16
T[0] = 1 Y[0] = 0.92
Y_IN 0.01
T[1] = 0 Y[1] = 0.00
Z[0] = 1.00
Z[1] = 1.00
Y_IN 3.16
T[0] = 1 Y[0] = 0.92
Y_IN 0.01
T[1] = 0 Y[1] = 0.00
Z[0] = 1.00
Z[1] = 1.00
Y_IN 3.17
T[0] = 1 Y[0] = 0.92
Y_IN -0.00
T[1] = 0 Y[1] = -0.00
Z[0] = 1.00
Z[1] = 1.00
Y_IN 3.17
T[0] = 1 Y[0] = 0.92
Y_IN -0.00
T[1] = 0 Y[1] = -0.00
Z[0] = 1.00
Z[1] = 1.00
Y_IN 3.16
T[0] = 1 Y[0] = 0.92
Y_IN 0.00
T[1] = 0 Y[1] = 0.00
Z[0] = 1.00
Z[1] = -1.00
Y_IN -0.08
T[0] = 0 Y[0] = -0.04
Y_IN 4.61
T[1] = 1 Y[1] = 0.98
Z[0] = 1.00
Z[1] = 0.99
Y_IN 3.15
T[0] = 1 Y[0] = 0.92
Y_IN 0.02
T[1] = 0 Y[1] = 0.01
Z[0] = 1.00
Z[1] = -0.85
Y_IN 0.16
T[0] = 0 Y[0] = 0.08
Y_IN 4.27
T[1] = 1 Y[1] = 0.97
Z[0] = 1.00
Z[1] = 1.00
Y_IN 3.17
T[0] = 1 Y[0] = 0.92
Y_IN -0.00
T[1] = 0 Y[1] = -0.00
Z[0] = 1.00
Z[1] = -0.98
Y_IN -0.04
T[0] = 0 Y[0] = -0.02
Y_IN 4.56
T[1] = 1 Y[1] = 0.98
Z[0] = 1.00
Z[1] = 0.99
Y_IN 3.15
T[0] = 1 Y[0] = 0.92
Y_IN 0.02
T[1] = 0 Y[1] = 0.01
Z[0] = 1.00
Z[1] = -1.00
Y_IN -0.08
T[0] = 0 Y[0] = -0.04
Y_IN 4.61
T[1] = 1 Y[1] = 0.98
Z[0] = 1.00
Z[1] = 1.00
Y_IN 3.16
T[0] = 1 Y[0] = 0.92
Y_IN 0.00
T[1] = 0 Y[1] = 0.00
Z[0] = 1.00
Z[1] = -0.88
Y_IN 0.12
T[0] = 0 Y[0] = 0.06
Y_IN 4.33
T[1] = 1 Y[1] = 0.97
Z[0] = 1.00
Z[1] = -0.95
Y_IN 0.01
T[0] = 0 Y[0] = 0.00
Y_IN 4.49
T[1] = 1 Y[1] = 0.98
Z[0] = 1.00
Z[1] = 1.00
Y_IN 3.16
T[0] = 1 Y[0] = 0.92
Y_IN -0.00
T[1] = 0 Y[1] = -0.00
Z[0] = 1.00
Z[1] = -1.00
Y_IN -0.08
T[0] = 0 Y[0] = -0.04
Y_IN 4.61
T[1] = 1 Y[1] = 0.98
Z[0] = 1.00
Z[1] = 0.99
Y_IN 3.15
T[0] = 1 Y[0] = 0.92
Y_IN 0.02
T[1] = 0 Y[1] = 0.01
Z[0] = 1.00
Z[1] = 1.00
Y_IN 3.17
T[0] = 1 Y[0] = 0.92
Y_IN -0.00
T[1] = 0 Y[1] = -0.00
Z[0] = 1.00
Z[1] = 1.00
Y_IN 3.17
T[0] = 1 Y[0] = 0.92
Y_IN -0.00
T[1] = 0 Y[1] = -0.00
Z[0] = 1.00
Z[1] = -0.93
Y_IN 0.03
T[0] = 0 Y[0] = 0.01
Y_IN 4.46
T[1] = 1 Y[1] = 0.98
Z[0] = 1.00
Z[1] = -1.00
Y_IN -0.08
T[0] = 0 Y[0] = -0.04
Y_IN 4.61
T[1] = 1 Y[1] = 0.98
Z[0] = 1.00
Z[1] = 0.91
Y_IN 3.02
T[0] = 1 Y[0] = 0.91
Y_IN 0.21
T[1] = 0 Y[1] = 0.10
Z[0] = 1.00
Z[1] = 1.00
Y_IN 3.16
T[0] = 1 Y[0] = 0.92
Y_IN 0.01
T[1] = 0 Y[1] = 0.00
Z[0] = 1.00
Z[1] = 0.98
Y_IN 3.14
T[0] = 1 Y[0] = 0.92
Y_IN 0.04
T[1] = 0 Y[1] = 0.02
Z[0] = 1.00
Z[1] = 1.00
Y_IN 3.16
T[0] = 1 Y[0] = 0.92
Y_IN 0.01
T[1] = 0 Y[1] = 0.00
Z[0] = 1.00
Z[1] = 1.00
Y_IN 3.17
T[0] = 1 Y[0] = 0.92
Y_IN -0.00
T[1] = 0 Y[1] = -0.00
Z[0] = 1.00
Z[1] = 1.00
Y_IN 3.16
T[0] = 1 Y[0] = 0.92
Y_IN 0.00
T[1] = 0 Y[1] = 0.00
Z[0] = 1.00
Z[1] = -0.80
Y_IN 0.24
T[0] = 0 Y[0] = 0.12
Y_IN 4.16
T[1] = 1 Y[1] = 0.97
Z[0] = 1.00
Z[1] = 1.00
Y_IN 3.16
T[0] = 1 Y[0] = 0.92
Y_IN 0.01
T[1] = 0 Y[1] = 0.00
Z[0] = 1.00
Z[1] = -0.98
Y_IN -0.05
T[0] = 0 Y[0] = -0.03
Y_IN 4.57
T[1] = 1 Y[1] = 0.98
Z[0] = 1.00
Z[1] = -1.00
Y_IN -0.08
T[0] = 0 Y[0] = -0.04
Y_IN 4.61
T[1] = 1 Y[1] = 0.98
Z[0] = 1.00
Z[1] = -0.85
Y_IN 0.16
T[0] = 1 Y[0] = 0.08
Y_IN 4.26
T[1] = 0 Y[1] = 0.97
Z[0] = 1.00
Z[1] = -0.98
Y_IN -0.05
T[0] = 1 Y[0] = -0.02
Y_IN 4.56
T[1] = 0 Y[1] = 0.98
Z[0] = 1.00
Z[1] = 1.00
Y_IN 3.17
T[0] = 1 Y[0] = 0.92
Y_IN -0.00
T[1] = 0 Y[1] = -0.00
Z[0] = 1.00
Z[1] = -0.97
Y_IN -0.03
T[0] = 0 Y[0] = -0.01
Y_IN 4.54
T[1] = 1 Y[1] = 0.98
Z[0] = 1.00
Z[1] = 0.99
Y_IN 3.15
T[0] = 1 Y[0] = 0.92
Y_IN 0.02
T[1] = 0 Y[1] = 0.01
Z[0] = 1.00
Z[1] = 0.98
Y_IN 3.14
T[0] = 1 Y[0] = 0.92
Y_IN 0.03
T[1] = 0 Y[1] = 0.02
Z[0] = 1.00
Z[1] = 1.00
Y_IN 3.17
T[0] = 1 Y[0] = 0.92
Y_IN -0.00
T[1] = 0 Y[1] = -0.00
Z[0] = 1.00
Z[1] = 1.00
Y_IN 3.16
T[0] = 1 Y[0] = 0.92
Y_IN 0.00
T[1] = 0 Y[1] = 0.00
Z[0] = 1.00
Z[1] = 0.99
Y_IN 3.16
T[0] = 1 Y[0] = 0.92
Y_IN 0.01
T[1] = 0 Y[1] = 0.00
Z[0] = 1.00
Z[1] = -0.97
Y_IN -0.03
T[0] = 0 Y[0] = -0.02
Y_IN 4.54
T[1] = 1 Y[1] = 0.98
Z[0] = 1.00
Z[1] = 1.00
Y_IN 3.17
T[0] = 1 Y[0] = 0.92
Y_IN -0.00
T[1] = 0 Y[1] = -0.00
Z[0] = 1.00
Z[1] = 1.00
Y_IN 3.17
T[0] = 1 Y[0] = 0.92
Y_IN -0.00
T[1] = 0 Y[1] = -0.00
Z[0] = 1.00
Z[1] = 0.99
Y_IN 3.15
T[0] = 1 Y[0] = 0.92
Y_IN 0.02
T[1] = 0 Y[1] = 0.01
Z[0] = 1.00
Z[1] = 0.99
Y_IN 3.15
T[0] = 1 Y[0] = 0.92
Y_IN 0.02
T[1] = 0 Y[1] = 0.01
Z[0] = 1.00
Z[1] = -1.00
Y_IN -0.08
T[0] = 0 Y[0] = -0.04
Y_IN 4.61
T[1] = 1 Y[1] = 0.98
Z[0] = 1.00
Z[1] = -1.00
Y_IN -0.08
T[0] = 0 Y[0] = -0.04
Y_IN 4.61
T[1] = 1 Y[1] = 0.98
Z[0] = 1.00
Z[1] = 0.99
Y_IN 3.15
T[0] = 1 Y[0] = 0.92
Y_IN 0.02
T[1] = 0 Y[1] = 0.01
Z[0] = 1.00
Z[1] = 1.00
Y_IN 3.16
T[0] = 1 Y[0] = 0.92
Y_IN 0.01
T[1] = 0 Y[1] = 0.00
Z[0] = 1.00
Z[1] = 0.90
Y_IN 3.01
T[0] = 1 Y[0] = 0.91
Y_IN 0.22
T[1] = 0 Y[1] = 0.11
Z[0] = 1.00
Z[1] = 1.00
Y_IN 3.17
T[0] = 1 Y[0] = 0.92
Y_IN -0.00
T[1] = 0 Y[1] = -0.00
Z[0] = 1.00
Z[1] = 1.00
Y_IN 3.17
T[0] = 1 Y[0] = 0.92
Y_IN -0.00
T[1] = 0 Y[1] = -0.00
Z[0] = 1.00
Z[1] = 0.99
Y_IN 3.15
T[0] = 1 Y[0] = 0.92
Y_IN 0.02
T[1] = 0 Y[1] = 0.01
Z[0] = 1.00
Z[1] = 0.93
Y_IN 3.05
T[0] = 1 Y[0] = 0.91
Y_IN 0.16
T[1] = 0 Y[1] = 0.08
Z[0] = 1.00
Z[1] = 0.98
Y_IN 3.14
T[0] = 1 Y[0] = 0.92
Y_IN 0.03
T[1] = 0 Y[1] = 0.02
Z[0] = 1.00
Z[1] = 1.00
Y_IN 3.17
T[0] = 1 Y[0] = 0.92
Y_IN -0.00
T[1] = 0 Y[1] = -0.00
Z[0] = 1.00
Z[1] = -0.98
Y_IN -0.05
T[0] = 0 Y[0] = -0.03
Y_IN 4.57
T[1] = 1 Y[1] = 0.98
Z[0] = 1.00
Z[1] = -1.00
Y_IN -0.08
T[0] = 0 Y[0] = -0.04
Y_IN 4.61
T[1] = 1 Y[1] = 0.98
Z[0] = 1.00
Z[1] = 0.99
Y_IN 3.14
T[0] = 1 Y[0] = 0.92
Y_IN 0.03
T[1] = 0 Y[1] = 0.01
Z[0] = 1.00
Z[1] = -1.00
Y_IN -0.08
T[0] = 0 Y[0] = -0.04
Y_IN 4.61
T[1] = 1 Y[1] = 0.98
Z[0] = 1.00
Z[1] = -1.00
Y_IN -0.08
T[0] = 0 Y[0] = -0.04
Y_IN 4.61
T[1] = 1 Y[1] = 0.98
Z[0] = 1.00
Z[1] = -1.00
Y_IN -0.08
T[0] = 0 Y[0] = -0.04
Y_IN 4.61
T[1] = 1 Y[1] = 0.98
Z[0] = 1.00
Z[1] = -1.00
Y_IN -0.08
T[0] = 0 Y[0] = -0.04
Y_IN 4.61
T[1] = 1 Y[1] = 0.98
Z[0] = 1.00
Z[1] = 1.00
Y_IN 3.16
T[0] = 1 Y[0] = 0.92
Y_IN -0.00
T[1] = 0 Y[1] = -0.00
Z[0] = 1.00
Z[1] = -1.00
Y_IN -0.08
T[0] = 0 Y[0] = -0.04
Y_IN 4.61
T[1] = 1 Y[1] = 0.98
Z[0] = 1.00
Z[1] = 1.00
Y_IN 3.17
T[0] = 1 Y[0] = 0.92
Y_IN -0.00
T[1] = 0 Y[1] = -0.00
Z[0] = 1.00
Z[1] = 1.00
Y_IN 3.17
T[0] = 1 Y[0] = 0.92
Y_IN -0.00
T[1] = 0 Y[1] = -0.00
Z[0] = 1.00
Z[1] = 0.99
Y_IN 3.16
T[0] = 1 Y[0] = 0.92
Y_IN 0.01
T[1] = 0 Y[1] = 0.01
Z[0] = 1.00
Z[1] = 1.00
Y_IN 3.16
T[0] = 1 Y[0] = 0.92
Y_IN 0.00
T[1] = 0 Y[1] = 0.00
Z[0] = 1.00
Z[1] = 1.00
Y_IN 3.17
T[0] = 1 Y[0] = 0.92
Y_IN -0.00
T[1] = 0 Y[1] = -0.00
Z[0] = 1.00
Z[1] = 1.00
Y_IN 3.16
T[0] = 1 Y[0] = 0.92
Y_IN -0.00
T[1] = 0 Y[1] = -0.00
Z[0] = 1.00
Z[1] = -0.67
Y_IN 0.45
T[0] = 0 Y[0] = 0.22
Y_IN 3.85
T[1] = 1 Y[1] = 0.96
Z[0] = 1.00
Z[1] = -1.00
Y_IN -0.08
T[0] = 0 Y[0] = -0.04
Y_IN 4.61
T[1] = 1 Y[1] = 0.98
Z[0] = 1.00
Z[1] = 0.99
Y_IN 3.15
T[0] = 1 Y[0] = 0.92
Y_IN 0.01
T[1] = 0 Y[1] = 0.01
Z[0] = 1.00
Z[1] = 1.00
Y_IN 3.16
T[0] = 1 Y[0] = 0.92
Y_IN 0.00
T[1] = 0 Y[1] = 0.00
Z[0] = 1.00
Z[1] = -0.91
Y_IN 0.07
T[0] = 0 Y[0] = 0.03
Y_IN 4.40
T[1] = 1 Y[1] = 0.98
Z[0] = 1.00
Z[1] = -0.43
Y_IN 0.84
T[0] = 0 Y[0] = 0.40
Y_IN 3.30
T[1] = 1 Y[1] = 0.93
Z[0] = 1.00
Z[1] = 1.00
Y_IN 3.16
T[0] = 1 Y[0] = 0.92
Y_IN 0.01
T[1] = 0 Y[1] = 0.00
Z[0] = 1.00
Z[1] = 1.00
Y_IN 3.17
T[0] = 1 Y[0] = 0.92
Y_IN -0.00
T[1] = 0 Y[1] = -0.00
Z[0] = 1.00
Z[1] = -1.00
Y_IN -0.08
T[0] = 0 Y[0] = -0.04
Y_IN 4.61
T[1] = 1 Y[1] = 0.98
Z[0] = 1.00
Z[1] = 0.99
Y_IN 3.16
T[0] = 1 Y[0] = 0.92
Y_IN 0.01
T[1] = 0 Y[1] = 0.00
Z[0] = 1.00
Z[1] = -1.00
Y_IN -0.08
T[0] = 0 Y[0] = -0.04
Y_IN 4.61
T[1] = 1 Y[1] = 0.98
Z[0] = 1.00
Z[1] = 1.00
Y_IN 3.17
T[0] = 1 Y[0] = 0.92
Y_IN -0.00
T[1] = 0 Y[1] = -0.00
Z[0] = 1.00
Z[1] = 1.00
Y_IN 3.16
T[0] = 1 Y[0] = 0.92
Y_IN 0.00
T[1] = 0 Y[1] = 0.00
Z[0] = 1.00
Z[1] = 0.89
Y_IN 2.99
T[0] = 1 Y[0] = 0.90
Y_IN 0.25
T[1] = 0 Y[1] = 0.12
Z[0] = 1.00
Z[1] = 1.00
Y_IN 3.16
T[0] = 1 Y[0] = 0.92
Y_IN 0.01
T[1] = 0 Y[1] = 0.00
Z[0] = 1.00
Z[1] = 1.00
Y_IN 3.17
T[0] = 1 Y[0] = 0.92
Y_IN -0.00
T[1] = 0 Y[1] = -0.00
Z[0] = 1.00
Z[1] = 1.00
Y_IN 3.17
T[0] = 1 Y[0] = 0.92
Y_IN -0.00
T[1] = 0 Y[1] = -0.00
Z[0] = 1.00
Z[1] = 1.00
Y_IN 3.16
T[0] = 1 Y[0] = 0.92
Y_IN 0.00
T[1] = 0 Y[1] = 0.00
Z[0] = 1.00
Z[1] = 0.98
Y_IN 3.14
T[0] = 1 Y[0] = 0.92
Y_IN 0.04
T[1] = 0 Y[1] = 0.02
Z[0] = 1.00
Z[1] = 0.98
Y_IN 3.14
T[0] = 1 Y[0] = 0.92
Y_IN 0.03
T[1] = 0 Y[1] = 0.02
Z[0] = 1.00
Z[1] = 0.99
Y_IN 3.16
T[0] = 1 Y[0] = 0.92
Y_IN 0.01
T[1] = 0 Y[1] = 0.00
Z[0] = 1.00
Z[1] = -0.98
Y_IN -0.05
T[0] = 0 Y[0] = -0.02
Y_IN 4.56
T[1] = 1 Y[1] = 0.98
Z[0] = 1.00
Z[1] = 0.19
Y_IN 1.85
T[0] = 0 Y[0] = 0.73
Y_IN 1.87
T[1] = 1 Y[1] = 0.73
Z[0] = 1.00
Z[1] = 0.99
Y_IN 3.14
T[0] = 1 Y[0] = 0.92
Y_IN 0.03
T[1] = 0 Y[1] = 0.01
Z[0] = 1.00
Z[1] = -0.97
Y_IN -0.04
T[0] = 0 Y[0] = -0.02
Y_IN 4.55
T[1] = 1 Y[1] = 0.98
Z[0] = 1.00
Z[1] = -1.00
Y_IN -0.08
T[0] = 0 Y[0] = -0.04
Y_IN 4.61
T[1] = 1 Y[1] = 0.98
Z[0] = 1.00
Z[1] = 1.00
Y_IN 3.17
T[0] = 1 Y[0] = 0.92
Y_IN -0.00
T[1] = 0 Y[1] = -0.00
Z[0] = 1.00
Z[1] = 1.00
Y_IN 3.17
T[0] = 1 Y[0] = 0.92
Y_IN -0.00
T[1] = 0 Y[1] = -0.00
Z[0] = 1.00
Z[1] = 1.00
Y_IN 3.17
T[0] = 1 Y[0] = 0.92
Y_IN -0.00
T[1] = 0 Y[1] = -0.00
Z[0] = 1.00
Z[1] = 1.00
Y_IN 3.16
T[0] = 1 Y[0] = 0.92
Y_IN 0.00
T[1] = 0 Y[1] = 0.00
Z[0] = 1.00
Z[1] = 0.64
Y_IN 2.59
T[0] = 0 Y[0] = 0.86
Y_IN 0.82
T[1] = 1 Y[1] = 0.39
Z[0] = 1.00
Z[1] = 1.00
Y_IN 3.16
T[0] = 1 Y[0] = 0.92
Y_IN -0.00
T[1] = 0 Y[1] = -0.00
Z[0] = 1.00
Z[1] = 0.98
Y_IN 3.14
T[0] = 1 Y[0] = 0.92
Y_IN 0.03
T[1] = 0 Y[1] = 0.02
Z[0] = 1.00
Z[1] = 0.99
Y_IN 3.15
T[0] = 1 Y[0] = 0.92
Y_IN 0.02
T[1] = 0 Y[1] = 0.01
Z[0] = 1.00
Z[1] = -1.00
Y_IN -0.08
T[0] = 0 Y[0] = -0.04
Y_IN 4.60
T[1] = 1 Y[1] = 0.98
Z[0] = 1.00
Z[1] = -1.00
Y_IN -0.08
T[0] = 0 Y[0] = -0.04
Y_IN 4.61
T[1] = 1 Y[1] = 0.98
Z[0] = 1.00
Z[1] = 1.00
Y_IN 3.17
T[0] = 1 Y[0] = 0.92
Y_IN -0.00
T[1] = 0 Y[1] = -0.00
Z[0] = 1.00
Z[1] = -1.00
Y_IN -0.08
T[0] = 0 Y[0] = -0.04
Y_IN 4.61
T[1] = 1 Y[1] = 0.98
Z[0] = 1.00
Z[1] = 1.00
Y_IN 3.16
T[0] = 1 Y[0] = 0.92
Y_IN -0.00
T[1] = 0 Y[1] = -0.00
Z[0] = 1.00
Z[1] = -1.00
Y_IN -0.08
T[0] = 0 Y[0] = -0.04
Y_IN 4.61
T[1] = 1 Y[1] = 0.98
Z[0] = 1.00
Z[1] = 0.99
Y_IN 3.14
T[0] = 1 Y[0] = 0.92
Y_IN 0.03
T[1] = 0 Y[1] = 0.01
Z[0] = 1.00
Z[1] = -0.98
Y_IN -0.05
T[0] = 0 Y[0] = -0.03
Y_IN 4.57
T[1] = 1 Y[1] = 0.98
Z[0] = 1.00
Z[1] = 1.00
Y_IN 3.16
T[0] = 1 Y[0] = 0.92
Y_IN -0.00
T[1] = 0 Y[1] = -0.00
Z[0] = 1.00
Z[1] = -1.00
Y_IN -0.08
T[0] = 0 Y[0] = -0.04
Y_IN 4.61
T[1] = 1 Y[1] = 0.98
Z[0] = 1.00
Z[1] = -0.53
Y_IN 0.68
T[0] = 0 Y[0] = 0.33
Y_IN 3.53
T[1] = 1 Y[1] = 0.94
Z[0] = 1.00
Z[1] = -1.00
Y_IN -0.08
T[0] = 0 Y[0] = -0.04
Y_IN 4.61
T[1] = 1 Y[1] = 0.98
Z[0] = 1.00
Z[1] = 1.00
Y_IN 3.16
T[0] = 1 Y[0] = 0.92
Y_IN 0.00
T[1] = 0 Y[1] = 0.00
Z[0] = 1.00
Z[1] = 1.00
Y_IN 3.16
T[0] = 1 Y[0] = 0.92
Y_IN 0.01
T[1] = 0 Y[1] = 0.00
Z[0] = 1.00
Z[1] = 1.00
Y_IN 3.16
T[0] = 1 Y[0] = 0.92
Y_IN -0.00
T[1] = 0 Y[1] = -0.00
Z[0] = 1.00
Z[1] = 1.00
Y_IN 3.16
T[0] = 1 Y[0] = 0.92
Y_IN 0.01
T[1] = 0 Y[1] = 0.00
Z[0] = 1.00
Z[1] = -1.00
Y_IN -0.08
T[0] = 0 Y[0] = -0.04
Y_IN 4.61
T[1] = 1 Y[1] = 0.98
