0.46 -0.22 
0.30 0.29 
-0.49 -0.12 
0.48 0.07 
0.32 0.07 -0.36 0.33 

##################LEARN##################
0.87252
0.72389
0.62432
0.55729
0.51111
0.47826
0.45426
0.43662
0.42388
0.41500
0.40903
0.40511
0.40255
0.40084
0.39962
0.39868
0.39791
0.39722
0.39656
0.39592
0.39527
0.39460
0.39390
0.39315
0.39234
0.39147
0.39052
0.38948
0.38835
0.38711
0.38576
0.38431
0.38276
0.38115
0.37954
0.37802
0.37674
0.37585
0.37550
0.37574
0.37647
0.37742
0.37828
0.37879
0.37884
0.37845
0.37772
0.37675
0.37565
0.37449
0.37335
0.37224
0.37122
0.37028
0.36943
0.36865
0.36794
0.36725
0.36655
0.36582
0.36503
0.36417
0.36325
0.36226
0.36122
0.36015
0.35904
0.35792
0.35679
0.35565
0.35450
0.35334
0.35216
0.35096
0.34973
0.34848
0.34720
0.34591
0.34459
0.34325
0.34190
0.34054
0.33917
0.33779
0.33639
0.33499
0.33357
0.33215
0.33072
0.32928
0.32783
0.32638
0.32493
0.32347
0.32202
0.32056
0.31910
0.31765
0.31619
0.31474
0.31329
0.31185
0.31040
0.30897
0.30753
0.30610
0.30468
0.30327
0.30186
0.30046
0.29906
0.29767
0.29629
0.29491
0.29354
0.29218
0.29083
0.28948
0.28814
0.28681
0.28548
0.28416
0.28285
0.28154
0.28025
0.27896
0.27767
0.27639
0.27512
0.27386
0.27261
0.27136
0.27012
0.26888
0.26766
0.26644
0.26523
0.26403
0.26283
0.26162
0.26040
0.25915
0.25783
0.25640
0.25495
0.25391
0.25448
0.25723
0.25956
0.25886
0.25569
0.25139
0.24649
0.24119
0.23580
0.23073
0.22625
0.22257
0.21978
0.21788
0.21672
0.21607
0.21572
0.21546
0.21518
0.21477
0.21418
0.21342
0.21252
0.21149
0.21034
0.20906
0.20765
0.20615
0.20456
0.20292
0.20125
0.19957
0.19791
0.19625
0.19458
0.19288
0.19112
0.18929
0.18740
0.18546
0.18348
0.18150
0.17951
0.17751
0.17548
0.17342
0.17132
0.16920
0.16708
0.16498
0.16291
0.16088
0.15887
0.15688
0.15490
0.15295
0.15103
0.14915
0.14733
0.14555
0.14381
0.14209
0.14041
0.13875
0.13713
0.13556
0.13403
0.13254
0.13108
0.12964
0.12824
0.12687
0.12553
0.12423
0.12296
0.12173
0.12052
0.11934
0.11819
0.11706
0.11596
0.11489
0.11384
0.11282
0.11182
0.11084
0.10988
0.10894
0.10803
0.10713
0.10624
0.10538
0.10453
0.10369
0.10287
0.10206
0.10126
0.10048
0.09971
0.09895
0.09820
0.09746
0.09674
0.09602
0.09531
0.09462
0.09393
0.09325
0.09258
0.09192
0.09127
0.09063
0.08999
0.08937
0.08875
0.08814
0.08754
0.08695
0.08636
0.08578
0.08521
0.08465
0.08410
0.08355
0.08301
0.08248
0.08196
0.08144
0.08093
0.08043
0.07993
0.07944
0.07896
0.07849
0.07802
0.07756
0.07711
0.07666
0.07622
0.07578
0.07535
0.07493
0.07451
0.07410
0.07370
0.07330
0.07291
0.07252
0.07214
0.07177
0.07140
0.07104
0.07068
0.07033
0.06998
0.06964
0.06930
0.06897
0.06864
0.06832
0.06801
0.06769
0.06739
0.06708
0.06679
0.06649
0.06621
0.06592
0.06564
0.06537
0.06510
0.06483
0.06457
0.06431
0.06405
0.06380
0.06356
0.06331
0.06307
0.06284
0.06261
0.06238
0.06215
0.06193
0.06171
0.06150
0.06129
0.06108
0.06087
0.06067
0.06047
0.06028
0.06008
0.05989
0.05971
0.05952
0.05934
0.05916
0.05899
0.05881
0.05864
0.05847
0.05831
0.05814
0.05798
0.05782
0.05766
0.05751
0.05735
0.05720
0.05706
0.05691
0.05676
0.05662
0.05648
0.05634
0.05620
0.05607
0.05593
0.05580
0.05567
0.05554
0.05541
0.05529
0.05516
0.05504
0.05492
0.05480
0.05468
0.05456
0.05445
0.05433
0.05422
0.05411
0.05400
0.05389
0.05378
0.05367
0.05356
0.05346
0.05335
0.05325
0.05315
0.05305
0.05295
0.05285
0.05275
0.05265
0.05255
0.05246
0.05236
0.05227
0.05218
0.05208
0.05199
0.05190
0.05181
0.05172
0.05163
0.05155
0.05146
0.05137
0.05129
0.05120
0.05112
0.05103
0.05095
0.05087
0.05079
0.05071
0.05062
0.05055
0.05047
0.05039
0.05031
0.05023
0.05015
0.05008
0.05000
0.04993
0.04985
0.04978
0.04971
0.04963
0.04956
0.04949
0.04942
0.04934
0.04927
0.04920
0.04913
0.04907
0.04900
0.04893
0.04886
0.04879
0.04873
0.04866
0.04860
0.04853
0.04846
0.04840
0.04834
0.04827
0.04821
0.04815
0.04808
0.04802
0.04796
0.04790
0.04784
0.04778
0.04772
0.04766
0.04760
0.04754
0.04748
0.04742
0.04736
0.04731
0.04725
0.04719
0.04714
0.04708
0.04702
0.04697
0.04691
0.04686
0.04680
0.04675
0.04669
0.04664
0.04659
0.04653
0.04648
0.04643
0.04637
0.04632
0.04627
0.04622
0.04617
0.04612
0.04606
0.04601
0.04596
0.04591
0.04586
0.04581
0.04576
0.04571
0.04567
0.04562
0.04557
0.04552
0.04547
0.04542
0.04538
0.04533
0.04528
0.04523
0.04519
0.04514
0.04509
0.04505
0.04500
0.04495
0.04491
0.04486
0.04482
0.04477
0.04473
0.04468
0.04464
0.04459
0.04455
0.04450
0.04446
0.04441
0.04437
0.04433
0.04428
0.04424
0.04420
0.04415
0.04411
0.04407
0.04402
0.04398
0.04394
0.04390
0.04386
0.04381
0.04377
0.04373
0.04369
0.04365
0.04361
0.04356
0.04352
0.04348
0.04344
0.04340
0.04336
0.04332
0.04328
0.04324
0.04320
0.04316
0.04312
0.04308
0.04304
0.04300
0.04296
0.04292
0.04288
0.04284
0.04280
0.04276
0.04273
0.04269
0.04265
0.04261
0.04257
0.04253
0.04250
0.04246
0.04242
0.04238
0.04234
0.04231
0.04227
0.04223
0.04219
0.04216
0.04212
0.04208
0.04204
0.04201
0.04197
0.04193
0.04190
0.04186
0.04182
0.04179
0.04175
0.04172
0.04168
0.04164
0.04161
0.04157
0.04153
0.04150
0.04146
0.04143
0.04139
0.04136
0.04132
0.04129
0.04125
0.04122
0.04118
0.04114
0.04111
0.04107
0.04104
0.04101
0.04097
0.04094
0.04090
0.04087
0.04083
0.04080
0.04076
0.04073
0.04069
0.04066
0.04063
0.04059
0.04056
0.04052
0.04049
0.04046
0.04042
0.04039
0.04036
0.04032
0.04029
0.04026
0.04022
0.04019
0.04016
0.04012
0.04009
0.04006
0.04002
0.03999
0.03996
0.03992
0.03989
0.03986
0.03983
0.03979
0.03976
0.03973
0.03969
0.03966
0.03963
0.03960
0.03956
0.03953
0.03950
0.03947
0.03944
0.03940
0.03937
0.03934
0.03931
0.03928
0.03924
0.03921
0.03918
0.03915
0.03912
0.03908
0.03905
0.03902
0.03899
0.03896
0.03893
0.03889
0.03886
0.03883
0.03880
0.03877
0.03874
0.03871
0.03868
0.03864
0.03861
0.03858
0.03855
0.03852
0.03849
0.03846
0.03843
0.03840
0.03837
0.03833
0.03830
0.03827
0.03824
0.03821
0.03818
0.03815
0.03812
0.03809
0.03806
0.03803
0.03800
0.03797
0.03794
0.03791
0.03788
0.03784
0.03781
0.03778
0.03775
0.03772
0.03769
0.03766
0.03763
0.03760
0.03757
0.03754
0.03751
0.03748
0.03745
0.03742
0.03739
0.03736
0.03733
0.03730
0.03727
0.03724
0.03721
0.03718
0.03715
0.03712
0.03709
0.03706
0.03703
0.03700
0.03697
0.03695
0.03692
0.03689
0.03686
0.03683
0.03680
0.03677
0.03674
0.03671
0.03668
0.03665
0.03662
0.03659
0.03656
0.03653
0.03650
0.03647
0.03644
0.03641
0.03639
0.03636
0.03633
0.03630
0.03627
0.03624
0.03621
0.03618
0.03615
0.03612
0.03609
0.03606
0.03603
0.03601
0.03598
0.03595
0.03592
0.03589
0.03586
0.03583
0.03580
0.03577
0.03574
0.03571
0.03569
0.03566
0.03563
0.03560
0.03557
0.03554
0.03551
0.03548
0.03545
0.03542
0.03540
0.03537
0.03534
0.03531
0.03528
0.03525
0.03522
0.03519
0.03516
0.03514
0.03511
0.03508
0.03505
0.03502
0.03499
0.03496
0.03493
0.03491
0.03488
0.03485
0.03482
0.03479
0.03476
0.03473
0.03470
0.03468
0.03465
0.03462
0.03459
0.03456
0.03453
0.03450
0.03447
0.03445
0.03442
0.03439
0.03436
0.03433
0.03430
0.03427
0.03424
0.03422
0.03419
0.03416
0.03413
0.03410
0.03407
0.03404
0.03401
0.03399
0.03396
0.03393
0.03390
0.03387
0.03384
0.03381
0.03378
0.03376
0.03373
0.03370
0.03367
0.03364
0.03361
0.03358
0.03356
0.03353
0.03350
0.03347
0.03344
0.03341
0.03338
0.03335
0.03333
0.03330
0.03327
0.03324
0.03321
0.03318
0.03315
0.03312
0.03310
0.03307
0.03304
0.03301
0.03298
0.03295
0.03292
0.03289
0.03287
0.03284
0.03281
0.03278
0.03275
0.03272
0.03269
0.03266
0.03263
0.03261
0.03258
0.03255
0.03252
0.03249
0.03246
0.03243
0.03240
0.03238
0.03235
0.03232
0.03229
0.03226
0.03223
0.03220
0.03217
0.03214
0.03211
0.03209
0.03206
0.03203
0.03200
0.03197
0.03194
0.03191
0.03188
0.03185
0.03183
0.03180
0.03177
0.03174
0.03171
0.03168
0.03165
0.03162
0.03159
0.03156
0.03153
0.03151
0.03148
0.03145
0.03142
0.03139
0.03136
0.03133
0.03130
0.03127
0.03124
0.03121
0.03118
0.03116
0.03113
0.03110
0.03107
0.03104
0.03101
0.03098
0.03095
0.03092
0.03089
0.03086
0.03083
0.03080
0.03077
0.03075
0.03072
0.03069
0.03066
0.03063
0.03060
0.03057
0.03054
0.03051
0.03048
0.03045
0.03042
0.03039
0.03036
0.03033
0.03030
0.03027
0.03024
0.03021
0.03019
0.03016
0.03013
0.03010
0.03007
0.03004
0.03001
0.02998
0.02995
0.02992
0.02989
0.02986
0.02983
0.02980
0.02977
0.02974
0.02971
0.02968
0.02965
0.02962
0.02959
0.02956
0.02953
0.02950
0.02947
0.02944
0.02941
0.02938

##################TEST##################
Z[0] = 0.46
Z[1] = -0.96
Y_IN -0.38
T[0] = 0 Y[0] = -0.19
Y_IN 5.76
T[1] = 1 Y[1] = 0.99
Z[0] = 0.29
Z[1] = -0.52
Y_IN 0.32
T[0] = 0 Y[0] = 0.16
Y_IN 4.01
T[1] = 1 Y[1] = 0.96
Z[0] = 0.15
Z[1] = 0.51
Y_IN 2.18
T[0] = 1 Y[0] = 0.80
Y_IN -0.00
T[1] = 0 Y[1] = -0.00
Z[0] = 0.33
Z[1] = -0.63
Y_IN 0.16
T[0] = 0 Y[0] = 0.08
Y_IN 4.42
T[1] = 1 Y[1] = 0.98
