0.00 -0.36 
-0.14 0.39 
-0.09 0.41 
0.04 -0.48 
-0.31 0.40 -0.21 0.48 

##################LEARN##################
0.80389
0.47330
0.40987
0.40176
0.40339
0.40587
0.40734
0.40745
0.40613
0.40332
0.39890
0.39276
0.38496
0.37653
0.37095
0.37368
0.38036
0.37737
0.36620
0.35430
0.34355
0.33308
0.32245
0.31293
0.30625
0.29983
0.29138
0.28652
0.28627
0.28733
0.28618
0.28520
0.28614
0.28673
0.28567
0.28441
0.28358
0.28203
0.27948
0.27679
0.27420
0.27128
0.26819
0.26559
0.26359
0.26166
0.25944
0.25690
0.25392
0.25080
0.24834
0.24671
0.24535
0.24355
0.24085
0.23696
0.23174
0.22523
0.21769
0.20947
0.20102
0.19280
0.18527
0.17882
0.17376
0.17027
0.16841
0.16802
0.16872
0.16996
0.17131
0.17271
0.17448
0.17698
0.18029
0.18421
0.18845
0.19278
0.19704
0.20107
0.20475
0.20801
0.21076
0.21291
0.21441
0.21519
0.21518
0.21429
0.21247
0.20966
0.20583
0.20100
0.19527
0.18882
0.18197
0.17504
0.16832
0.16195
0.15603
0.15059
0.14553
0.14053
0.13529
0.12968
0.12372
0.11752
0.11121
0.10497
0.09894
0.09324
0.08793
0.08305
0.07859
0.07454
0.07091
0.06765
0.06475
0.06220
0.05999
0.05811
0.05658
0.05541
0.05466
0.05438
0.05466
0.05561
0.05731
0.05980
0.06300
0.06660
0.07015
0.07331
0.07620
0.07936
0.08312
0.08725
0.09121
0.09466
0.09748
0.09976
0.10159
0.10306
0.10425
0.10522
0.10600
0.10660
0.10703
0.10731
0.10741
0.10735
0.10711
0.10668
0.10605
0.10523
0.10420
0.10296
0.10152
0.09990
0.09810
0.09614
0.09405
0.09187
0.08961
0.08732
0.08502
0.08272
0.08042
0.07810
0.07575
0.07334
0.07091
0.06851
0.06620
0.06405
0.06206
0.06021
0.05846
0.05678
0.05515
0.05358
0.05206
0.05061
0.04924
0.04795
0.04675
0.04563
0.04461
0.04369
0.04287
0.04217
0.04160
0.04118
0.04095
0.04093
0.04119
0.04179
0.04279
0.04424
0.04611
0.04830
0.05075
0.05346
0.05649
0.05970
0.06277
0.06538
0.06737
0.06874
0.06951
0.06975
0.06952
0.06888
0.06788
0.06656
0.06495
0.06311
0.06107
0.05888
0.05663
0.05438
0.05224
0.05028
0.04857
0.04714
0.04598
0.04505
0.04431
0.04373
0.04327
0.04292
0.04266
0.04248
0.04235
0.04224
0.04214
0.04202
0.04188
0.04171
0.04151
0.04127
0.04102
0.04076
0.04049
0.04023
0.03996
0.03971
0.03946
0.03921
0.03897
0.03873
0.03849
0.03826
0.03803
0.03780
0.03757
0.03734
0.03711
0.03689
0.03667
0.03645
0.03623
0.03601
0.03580
0.03558
0.03537
0.03515
0.03494
0.03473
0.03452
0.03431
0.03410
0.03389
0.03368
0.03348
0.03327
0.03306
0.03286
0.03265
0.03244
0.03224
0.03203
0.03183
0.03162
0.03142
0.03121
0.03101
0.03080
0.03060
0.03040
0.03019
0.02999
0.02979
0.02958
0.02938
0.02918
0.02898
0.02878
0.02858
0.02838
0.02818
0.02798
0.02778
0.02758
0.02738
0.02719
0.02699
0.02679
0.02660
0.02640
0.02621
0.02602
0.02583
0.02564
0.02545
0.02526
0.02507
0.02488
0.02470
0.02451
0.02433
0.02415
0.02397
0.02379
0.02361
0.02343
0.02325
0.02308
0.02290
0.02273
0.02256
0.02239
0.02222
0.02206
0.02189
0.02173
0.02156
0.02140
0.02124
0.02108
0.02093
0.02077
0.02062
0.02046
0.02031
0.02016
0.02001
0.01986
0.01972
0.01957
0.01943
0.01929
0.01915
0.01901
0.01887
0.01873
0.01860
0.01846
0.01833
0.01820
0.01807
0.01794
0.01781
0.01769
0.01756
0.01744
0.01732
0.01720
0.01708
0.01696
0.01684
0.01672
0.01661
0.01649
0.01638
0.01627
0.01616
0.01605
0.01594
0.01583
0.01572
0.01562
0.01551
0.01541
0.01531
0.01520
0.01510
0.01500
0.01490
0.01481
0.01471
0.01461
0.01452
0.01443
0.01433
0.01424
0.01415
0.01406
0.01397
0.01388
0.01379
0.01370
0.01362
0.01353
0.01345
0.01336
0.01328
0.01320
0.01311
0.01303
0.01295
0.01287
0.01279
0.01272
0.01264
0.01256
0.01248
0.01241
0.01233
0.01226
0.01219
0.01211
0.01204
0.01197
0.01190
0.01183
0.01176
0.01169
0.01162
0.01155
0.01149
0.01142
0.01135
0.01129
0.01122
0.01116
0.01109
0.01103
0.01097
0.01090
0.01084
0.01078
0.01072
0.01066
0.01060
0.01054
0.01048
0.01042
0.01036
0.01031
0.01025
0.01019
0.01014
0.01008
0.01003
0.00997
0.00992
0.00986
0.00981
0.00976
0.00970
0.00965
0.00960
0.00955
0.00950
0.00945
0.00940
0.00935
0.00930
0.00925
0.00920
0.00915
0.00910
0.00906
0.00901
0.00896
0.00892
0.00887
0.00882
0.00878
0.00873
0.00869
0.00864
0.00860
0.00856
0.00851
0.00847
0.00843
0.00838
0.00834
0.00830
0.00826
0.00822
0.00818
0.00814
0.00810
0.00806
0.00802
0.00798
0.00794
0.00790
0.00786
0.00782
0.00778
0.00774
0.00771
0.00767
0.00763
0.00760
0.00756
0.00752
0.00749
0.00745
0.00742
0.00738
0.00735
0.00731
0.00728
0.00724
0.00721
0.00718
0.00714
0.00711
0.00708
0.00704
0.00701
0.00698
0.00695
0.00691
0.00688
0.00685
0.00682
0.00679
0.00676
0.00673
0.00670
0.00667
0.00664
0.00661
0.00658
0.00655
0.00652
0.00649
0.00646
0.00643
0.00640
0.00637
0.00635
0.00632
0.00629
0.00626
0.00623
0.00621
0.00618
0.00615
0.00613
0.00610
0.00607
0.00605
0.00602
0.00600
0.00597
0.00594
0.00592
0.00589
0.00587
0.00584
0.00582
0.00579
0.00577
0.00575
0.00572
0.00570
0.00567
0.00565
0.00563
0.00560
0.00558
0.00556
0.00553
0.00551
0.00549
0.00547
0.00544
0.00542
0.00540
0.00538
0.00536
0.00533
0.00531
0.00529
0.00527
0.00525
0.00523
0.00521
0.00519
0.00516
0.00514
0.00512
0.00510
0.00508
0.00506
0.00504
0.00502
0.00500
0.00498
0.00496
0.00494
0.00493
0.00491
0.00489
0.00487
0.00485
0.00483
0.00481
0.00479
0.00478
0.00476
0.00474
0.00472
0.00470
0.00469
0.00467
0.00465
0.00463
0.00461
0.00460
0.00458
0.00456
0.00455
0.00453
0.00451
0.00450
0.00448
0.00446
0.00445
0.00443
0.00441
0.00440
0.00438
0.00436
0.00435
0.00433
0.00432
0.00430
0.00429
0.00427
0.00425
0.00424
0.00422
0.00421
0.00419
0.00418
0.00416
0.00415
0.00413
0.00412
0.00410
0.00409
0.00408
0.00406
0.00405
0.00403
0.00402
0.00400
0.00399
0.00398
0.00396
0.00395
0.00394
0.00392
0.00391
0.00389
0.00388
0.00387
0.00385
0.00384
0.00383
0.00382
0.00380
0.00379
0.00378
0.00376
0.00375
0.00374
0.00373
0.00371
0.00370
0.00369
0.00368
0.00366
0.00365
0.00364
0.00363
0.00362
0.00360
0.00359
0.00358
0.00357
0.00356
0.00354
0.00353
0.00352
0.00351
0.00350
0.00349
0.00348
0.00346
0.00345
0.00344
0.00343
0.00342
0.00341
0.00340
0.00339
0.00338
0.00337
0.00335
0.00334
0.00333
0.00332
0.00331
0.00330
0.00329
0.00328
0.00327
0.00326
0.00325
0.00324
0.00323
0.00322
0.00321
0.00320
0.00319
0.00318
0.00317
0.00316
0.00315
0.00314
0.00313
0.00312
0.00311
0.00310
0.00309
0.00308
0.00307
0.00307
0.00306
0.00305
0.00304
0.00303
0.00302
0.00301
0.00300
0.00299
0.00298
0.00297
0.00297
0.00296
0.00295
0.00294
0.00293
0.00292
0.00291
0.00290
0.00290
0.00289
0.00288
0.00287
0.00286
0.00285
0.00285
0.00284
0.00283
0.00282
0.00281
0.00280
0.00280
0.00279
0.00278
0.00277
0.00276
0.00276
0.00275
0.00274
0.00273
0.00273
0.00272
0.00271
0.00270
0.00269
0.00269
0.00268
0.00267
0.00266
0.00266
0.00265
0.00264
0.00264
0.00263
0.00262
0.00261
0.00261
0.00260
0.00259
0.00258
0.00258
0.00257
0.00256
0.00256
0.00255
0.00254
0.00254
0.00253
0.00252
0.00251
0.00251
0.00250
0.00249
0.00249
0.00248
0.00247
0.00247
0.00246
0.00245
0.00245
0.00244
0.00243
0.00243
0.00242
0.00242
0.00241
0.00240
0.00240
0.00239
0.00238
0.00238
0.00237
0.00237
0.00236
0.00235
0.00235
0.00234
0.00233
0.00233
0.00232
0.00232
0.00231
0.00230
0.00230
0.00229
0.00229
0.00228
0.00228
0.00227
0.00226
0.00226
0.00225
0.00225
0.00224
0.00223
0.00223
0.00222
0.00222
0.00221
0.00221
0.00220
0.00220
0.00219
0.00218
0.00218
0.00217
0.00217
0.00216
0.00216
0.00215
0.00215
0.00214
0.00214
0.00213
0.00213
0.00212
0.00212
0.00211
0.00211
0.00210
0.00210
0.00209
0.00208
0.00208
0.00207
0.00207
0.00206
0.00206
0.00205
0.00205
0.00204
0.00204
0.00204
0.00203
0.00203
0.00202
0.00202
0.00201
0.00201
0.00200
0.00200
0.00199
0.00199
0.00198
0.00198
0.00197
0.00197
0.00196
0.00196
0.00195
0.00195
0.00195
0.00194
0.00194
0.00193
0.00193
0.00192
0.00192
0.00191
0.00191
0.00191
0.00190
0.00190
0.00189
0.00189
0.00188
0.00188
0.00188
0.00187
0.00187
0.00186
0.00186
0.00185
0.00185
0.00185
0.00184
0.00184
0.00183
0.00183
0.00182
0.00182
0.00182
0.00181
0.00181
0.00180
0.00180
0.00180
0.00179
0.00179
0.00178
0.00178
0.00178
0.00177
0.00177
0.00177
0.00176
0.00176
0.00175
0.00175
0.00175
0.00174
0.00174
0.00173
0.00173
0.00173
0.00172
0.00172
0.00172
0.00171
0.00171
0.00170
0.00170
0.00170
0.00169
0.00169
0.00169
0.00168
0.00168
0.00168
0.00167
0.00167
0.00167
0.00166
0.00166
0.00165
0.00165
0.00165
0.00164
0.00164
0.00164
0.00163
0.00163
0.00163
0.00162
0.00162

##################TEST##################
Z[0] = -0.82
Z[1] = 0.89
Y_IN 6.92
T[0] = 1 Y[0] = 1.00
Y_IN 0.01
T[1] = 0 Y[1] = 0.00
Z[0] = -0.07
Z[1] = -0.40
Y_IN -0.00
T[0] = 0 Y[0] = -0.00
Y_IN 3.36
T[1] = 1 Y[1] = 0.93
Z[0] = -0.95
Z[1] = 0.99
Y_IN 7.59
T[0] = 1 Y[0] = 1.00
Y_IN -0.06
T[1] = 0 Y[1] = -0.03
Z[0] = -0.63
Z[1] = 0.75
Y_IN 5.96
T[0] = 1 Y[0] = 0.99
Y_IN 0.04
T[1] = 0 Y[1] = 0.02
