0.46 -0.22 
0.30 0.29 
-0.49 -0.12 
0.48 0.07 
0.32 0.07 -0.36 0.33 

##################LEARN##################
0.84017
0.61620
0.51612
0.46881
0.44448
0.43131
0.42411
0.42004
0.41740
0.41527
0.41320
0.41100
0.40865
0.40629
0.40418
0.40278
0.40254
0.40358
0.40547
0.40742
0.40885
0.40955
0.40958
0.40906
0.40810
0.40682
0.40531
0.40363
0.40184
0.39998
0.39807
0.39609
0.39400
0.39177
0.38930
0.38649
0.38320
0.37925
0.37465
0.37011
0.36768
0.36692
0.36261
0.35551
0.34836
0.34107
0.33434
0.33001
0.32864
0.32885
0.32914
0.32884
0.32792
0.32661
0.32514
0.32347
0.32132
0.31842
0.31479
0.31067
0.30629
0.30180
0.29724
0.29263
0.28809
0.28386
0.28017
0.27701
0.27416
0.27137
0.26854
0.26563
0.26259
0.25947
0.25643
0.25370
0.25138
0.24940
0.24757
0.24568
0.24357
0.24118
0.23854
0.23569
0.23272
0.22967
0.22657
0.22345
0.22032
0.21717
0.21402
0.21088
0.20776
0.20468
0.20163
0.19862
0.19565
0.19272
0.18983
0.18694
0.18406
0.18117
0.17826
0.17533
0.17237
0.16939
0.16640
0.16340
0.16040
0.15742
0.15445
0.15152
0.14862
0.14577
0.14297
0.14023
0.13755
0.13492
0.13237
0.12987
0.12744
0.12508
0.12278
0.12054
0.11837
0.11626
0.11420
0.11221
0.11028
0.10841
0.10659
0.10483
0.10313
0.10148
0.09988
0.09834
0.09685
0.09540
0.09401
0.09266
0.09135
0.09009
0.08887
0.08769
0.08655
0.08545
0.08438
0.08335
0.08235
0.08138
0.08045
0.07954
0.07867
0.07782
0.07699
0.07620
0.07542
0.07467
0.07395
0.07324
0.07256
0.07190
0.07125
0.07063
0.07003
0.06944
0.06887
0.06832
0.06778
0.06726
0.06675
0.06626
0.06579
0.06532
0.06487
0.06444
0.06401
0.06360
0.06320
0.06281
0.06243
0.06206
0.06171
0.06136
0.06102
0.06069
0.06037
0.06006
0.05976
0.05947
0.05918
0.05890
0.05863
0.05837
0.05811
0.05786
0.05762
0.05738
0.05715
0.05692
0.05670
0.05649
0.05628
0.05607
0.05587
0.05568
0.05549
0.05530
0.05512
0.05494
0.05477
0.05460
0.05444
0.05427
0.05411
0.05396
0.05380
0.05365
0.05351
0.05336
0.05322
0.05308
0.05295
0.05281
0.05268
0.05255
0.05243
0.05230
0.05218
0.05206
0.05194
0.05182
0.05170
0.05159
0.05148
0.05137
0.05126
0.05115
0.05104
0.05094
0.05083
0.05073
0.05063
0.05053
0.05043
0.05033
0.05024
0.05014
0.05005
0.04995
0.04986
0.04977
0.04967
0.04958
0.04949
0.04941
0.04932
0.04923
0.04914
0.04906
0.04897
0.04889
0.04880
0.04872
0.04864
0.04855
0.04847
0.04839
0.04831
0.04823
0.04815
0.04807
0.04799
0.04791
0.04784
0.04776
0.04768
0.04761
0.04753
0.04745
0.04738
0.04730
0.04723
0.04715
0.04708
0.04701
0.04693
0.04686
0.04679
0.04671
0.04664
0.04657
0.04650
0.04643
0.04636
0.04628
0.04621
0.04614
0.04607
0.04600
0.04593
0.04587
0.04580
0.04573
0.04566
0.04559
0.04552
0.04545
0.04539
0.04532
0.04525
0.04518
0.04512
0.04505
0.04498
0.04492
0.04485
0.04478
0.04472
0.04465
0.04459
0.04452
0.04446
0.04439
0.04433
0.04426
0.04420
0.04413
0.04407
0.04400
0.04394
0.04388
0.04381
0.04375
0.04368
0.04362
0.04356
0.04349
0.04343
0.04337
0.04331
0.04324
0.04318
0.04312
0.04306
0.04299
0.04293
0.04287
0.04281
0.04274
0.04268
0.04262
0.04256
0.04250
0.04244
0.04238
0.04231
0.04225
0.04219
0.04213
0.04207
0.04201
0.04195
0.04189
0.04183
0.04177
0.04171
0.04165
0.04159
0.04153
0.04147
0.04141
0.04135
0.04129
0.04123
0.04117
0.04111
0.04105
0.04099
0.04093
0.04087
0.04081
0.04075
0.04069
0.04063
0.04057
0.04052
0.04046
0.04040
0.04034
0.04028
0.04022
0.04016
0.04010
0.04005
0.03999
0.03993
0.03987
0.03981
0.03975
0.03970
0.03964
0.03958
0.03952
0.03946
0.03941
0.03935
0.03929
0.03923
0.03917
0.03912
0.03906
0.03900
0.03894
0.03889
0.03883
0.03877
0.03871
0.03866
0.03860
0.03854
0.03848
0.03843
0.03837
0.03831
0.03825
0.03820
0.03814
0.03808
0.03803
0.03797
0.03791
0.03786
0.03780
0.03774
0.03768
0.03763
0.03757
0.03751
0.03746
0.03740
0.03734
0.03729
0.03723
0.03717
0.03712
0.03706
0.03700
0.03695
0.03689
0.03683
0.03678
0.03672
0.03667
0.03661
0.03655
0.03650
0.03644
0.03638
0.03633
0.03627
0.03621
0.03616
0.03610
0.03605
0.03599
0.03593
0.03588
0.03582
0.03577
0.03571
0.03565
0.03560
0.03554
0.03549
0.03543
0.03537
0.03532
0.03526
0.03521
0.03515
0.03509
0.03504
0.03498
0.03493
0.03487
0.03482
0.03476
0.03470
0.03465
0.03459
0.03454
0.03448
0.03443
0.03437
0.03431
0.03426
0.03420
0.03415
0.03409
0.03404
0.03398
0.03393
0.03387
0.03382
0.03376
0.03370
0.03365
0.03359
0.03354
0.03348
0.03343
0.03337
0.03332
0.03326
0.03321
0.03315
0.03310
0.03304
0.03299
0.03293
0.03288
0.03282
0.03277
0.03271
0.03266
0.03260
0.03255
0.03249
0.03244
0.03238
0.03233
0.03227
0.03222
0.03216
0.03211
0.03205
0.03200
0.03194
0.03189
0.03183
0.03178
0.03173
0.03167
0.03162
0.03156
0.03151
0.03145
0.03140
0.03134
0.03129
0.03124
0.03118
0.03113
0.03107
0.03102
0.03096
0.03091
0.03086
0.03080
0.03075
0.03069
0.03064
0.03059
0.03053
0.03048
0.03042
0.03037
0.03032
0.03026
0.03021
0.03015
0.03010
0.03005
0.02999
0.02994
0.02989
0.02983
0.02978
0.02973
0.02967
0.02962
0.02957
0.02951
0.02946
0.02941
0.02935
0.02930
0.02925
0.02919
0.02914
0.02909
0.02903
0.02898
0.02893
0.02888
0.02882
0.02877
0.02872
0.02867
0.02861
0.02856
0.02851
0.02846
0.02840
0.02835
0.02830
0.02825
0.02819
0.02814
0.02809
0.02804
0.02798
0.02793
0.02788
0.02783
0.02778
0.02773
0.02767
0.02762
0.02757
0.02752
0.02747
0.02742
0.02736
0.02731
0.02726
0.02721
0.02716
0.02711
0.02706
0.02701
0.02695
0.02690
0.02685
0.02680
0.02675
0.02670
0.02665
0.02660
0.02655
0.02650
0.02645
0.02640
0.02635
0.02630
0.02625
0.02620
0.02615
0.02610
0.02605
0.02600
0.02595
0.02590
0.02585
0.02580
0.02575
0.02570
0.02565
0.02560
0.02555
0.02550
0.02545
0.02540
0.02535
0.02530
0.02526
0.02521
0.02516
0.02511
0.02506
0.02501
0.02496
0.02492
0.02487
0.02482
0.02477
0.02472
0.02467
0.02463
0.02458
0.02453
0.02448
0.02443
0.02439
0.02434
0.02429
0.02424
0.02420
0.02415
0.02410
0.02406
0.02401
0.02396
0.02391
0.02387
0.02382
0.02377
0.02373
0.02368
0.02363
0.02359
0.02354
0.02350
0.02345
0.02340
0.02336
0.02331
0.02327
0.02322
0.02317
0.02313
0.02308
0.02304
0.02299
0.02295
0.02290
0.02286
0.02281
0.02277
0.02272
0.02268
0.02263
0.02259
0.02254
0.02250
0.02245
0.02241
0.02237
0.02232
0.02228
0.02223
0.02219
0.02215
0.02210
0.02206
0.02201
0.02197
0.02193
0.02188
0.02184
0.02180
0.02175
0.02171
0.02167
0.02163
0.02158
0.02154
0.02150
0.02145
0.02141
0.02137
0.02133
0.02129
0.02124
0.02120
0.02116
0.02112
0.02108
0.02103
0.02099
0.02095
0.02091
0.02087
0.02083
0.02079
0.02074
0.02070
0.02066
0.02062
0.02058
0.02054
0.02050
0.02046
0.02042
0.02038
0.02034
0.02030
0.02026
0.02022
0.02018
0.02014
0.02010
0.02006
0.02002
0.01998
0.01994
0.01990
0.01986
0.01982
0.01978
0.01974
0.01970
0.01967
0.01963
0.01959
0.01955
0.01951
0.01947
0.01943
0.01940
0.01936
0.01932
0.01928
0.01924
0.01921
0.01917
0.01913
0.01909
0.01906
0.01902
0.01898
0.01894
0.01891
0.01887
0.01883
0.01880
0.01876
0.01872
0.01869
0.01865
0.01861
0.01858
0.01854
0.01850
0.01847
0.01843
0.01840
0.01836
0.01832
0.01829
0.01825
0.01822
0.01818
0.01815
0.01811
0.01808
0.01804
0.01800
0.01797
0.01793
0.01790
0.01787
0.01783
0.01780
0.01776
0.01773
0.01769
0.01766
0.01762
0.01759
0.01756
0.01752
0.01749
0.01745
0.01742
0.01739
0.01735
0.01732
0.01729
0.01725
0.01722
0.01719
0.01715
0.01712
0.01709
0.01705
0.01702
0.01699
0.01696
0.01692
0.01689
0.01686
0.01683
0.01679
0.01676
0.01673
0.01670
0.01667
0.01663
0.01660
0.01657
0.01654
0.01651
0.01648
0.01644
0.01641
0.01638
0.01635
0.01632
0.01629
0.01626
0.01623
0.01620
0.01617
0.01614
0.01610
0.01607
0.01604
0.01601
0.01598
0.01595
0.01592
0.01589
0.01586
0.01583
0.01580
0.01577
0.01574
0.01571
0.01568
0.01565
0.01563
0.01560
0.01557
0.01554
0.01551
0.01548
0.01545
0.01542
0.01539
0.01536
0.01533
0.01531
0.01528
0.01525
0.01522
0.01519
0.01516
0.01514
0.01511
0.01508
0.01505
0.01502
0.01500
0.01497
0.01494
0.01491
0.01488
0.01486
0.01483
0.01480
0.01477
0.01475
0.01472
0.01469
0.01467
0.01464
0.01461
0.01459
0.01456
0.01453
0.01451
0.01448
0.01445
0.01443
0.01440
0.01437
0.01435
0.01432
0.01429
0.01427
0.01424
0.01422
0.01419
0.01416
0.01414
0.01411
0.01409
0.01406
0.01404
0.01401
0.01398
0.01396
0.01393
0.01391
0.01388
0.01386
0.01383
0.01381
0.01378
0.01376
0.01373
0.01371
0.01368
0.01366
0.01364
0.01361
0.01359
0.01356
0.01354
0.01351
0.01349
0.01347
0.01344
0.01342
0.01339
0.01337
0.01335
0.01332

##################TEST##################
Z[0] = 0.82
Z[1] = -0.97
Y_IN -0.24
T[0] = 0 Y[0] = -0.12
Y_IN 6.68
T[1] = 1 Y[1] = 1.00
Z[0] = 0.56
Z[1] = -0.66
Y_IN 0.20
T[0] = 0 Y[0] = 0.10
Y_IN 5.23
T[1] = 1 Y[1] = 0.99
Z[0] = -0.10
Z[1] = 0.57
Y_IN 2.55
T[0] = 1 Y[0] = 0.85
Y_IN -0.01
T[1] = 0 Y[1] = -0.00
Z[0] = 0.40
Z[1] = -0.61
Y_IN 0.05
T[0] = 0 Y[0] = 0.02
Y_IN 4.86
T[1] = 1 Y[1] = 0.98
