0.40 -0.00 -0.19 -0.26 0.14 0.15 -0.14 -0.26 0.44 
-0.14 -0.48 0.34 0.12 0.32 0.21 0.33 0.40 -0.28 
-0.44 0.33 
0.18 0.10 
0.04 -0.18 -0.39 -0.04 

##################LEARN##################
Epoca 1, RMS = 0.47278
Epoca 2, RMS = 0.46329
Epoca 3, RMS = 0.41083
Epoca 4, RMS = 0.12956
Epoca 5, RMS = 0.08460
Epoca 6, RMS = 0.07987
Epoca 7, RMS = 0.07714
Epoca 8, RMS = 0.07550
Epoca 9, RMS = 0.07460
Epoca 10, RMS = 0.07412
Epoca 11, RMS = 0.07386
Epoca 12, RMS = 0.07370
Epoca 13, RMS = 0.07359
Epoca 14, RMS = 0.07350
Epoca 15, RMS = 0.07342
Epoca 16, RMS = 0.07334
Epoca 17, RMS = 0.07325
Epoca 18, RMS = 0.07315
Epoca 19, RMS = 0.07305
Epoca 20, RMS = 0.07295
Epoca 21, RMS = 0.07284
Epoca 22, RMS = 0.07273
Epoca 23, RMS = 0.07262
Epoca 24, RMS = 0.07251
Epoca 25, RMS = 0.07239
Epoca 26, RMS = 0.07228
Epoca 27, RMS = 0.07217
Epoca 28, RMS = 0.07206
Epoca 29, RMS = 0.07194
Epoca 30, RMS = 0.07183
Epoca 31, RMS = 0.07172
Epoca 32, RMS = 0.07161
Epoca 33, RMS = 0.07149
Epoca 34, RMS = 0.07138
Epoca 35, RMS = 0.07126
Epoca 36, RMS = 0.07115
Epoca 37, RMS = 0.07103
Epoca 38, RMS = 0.07090
Epoca 39, RMS = 0.07078
Epoca 40, RMS = 0.07065
Epoca 41, RMS = 0.07051
Epoca 42, RMS = 0.07037
Epoca 43, RMS = 0.07022
Epoca 44, RMS = 0.07006
Epoca 45, RMS = 0.06990
Epoca 46, RMS = 0.06972
Epoca 47, RMS = 0.06952
Epoca 48, RMS = 0.06931
Epoca 49, RMS = 0.06908
Epoca 50, RMS = 0.06882
Epoca 51, RMS = 0.06853
Epoca 52, RMS = 0.06820
Epoca 53, RMS = 0.06782
Epoca 54, RMS = 0.06740
Epoca 55, RMS = 0.06691
Epoca 56, RMS = 0.06638
Epoca 57, RMS = 0.06582
Epoca 58, RMS = 0.06525
Epoca 59, RMS = 0.06470
Epoca 60, RMS = 0.06420
Epoca 61, RMS = 0.06373
Epoca 62, RMS = 0.06331
Epoca 63, RMS = 0.06293
Epoca 64, RMS = 0.06258
Epoca 65, RMS = 0.06226
Epoca 66, RMS = 0.06196
Epoca 67, RMS = 0.06169
Epoca 68, RMS = 0.06144
Epoca 69, RMS = 0.06121
Epoca 70, RMS = 0.06100
Epoca 71, RMS = 0.06080
Epoca 72, RMS = 0.06062
Epoca 73, RMS = 0.06046
Epoca 74, RMS = 0.06032
Epoca 75, RMS = 0.06019
Epoca 76, RMS = 0.06007
Epoca 77, RMS = 0.05996
Epoca 78, RMS = 0.05986
Epoca 79, RMS = 0.05976
Epoca 80, RMS = 0.05967
Epoca 81, RMS = 0.05958
Epoca 82, RMS = 0.05949
Epoca 83, RMS = 0.05940
Epoca 84, RMS = 0.05931
Epoca 85, RMS = 0.05922
Epoca 86, RMS = 0.05913
Epoca 87, RMS = 0.05904
Epoca 88, RMS = 0.05895
Epoca 89, RMS = 0.05886
Epoca 90, RMS = 0.05877
Epoca 91, RMS = 0.05868
Epoca 92, RMS = 0.05860
Epoca 93, RMS = 0.05852
Epoca 94, RMS = 0.05844
Epoca 95, RMS = 0.05837
Epoca 96, RMS = 0.05830
Epoca 97, RMS = 0.05823
Epoca 98, RMS = 0.05817
Epoca 99, RMS = 0.05811
Epoca 100, RMS = 0.05806
Epoca 101, RMS = 0.05801
Epoca 102, RMS = 0.05797
Epoca 103, RMS = 0.05792
Epoca 104, RMS = 0.05789
Epoca 105, RMS = 0.05786
Epoca 106, RMS = 0.05783
Epoca 107, RMS = 0.05780
Epoca 108, RMS = 0.05778
Epoca 109, RMS = 0.05777
Epoca 110, RMS = 0.05775
Epoca 111, RMS = 0.05774
Epoca 112, RMS = 0.05774
Epoca 113, RMS = 0.05773
Epoca 114, RMS = 0.05773
Epoca 115, RMS = 0.05773
Epoca 116, RMS = 0.05774
Epoca 117, RMS = 0.05775
Epoca 118, RMS = 0.05776
Epoca 119, RMS = 0.05777
Epoca 120, RMS = 0.05778
Epoca 121, RMS = 0.05780
Epoca 122, RMS = 0.05781
Epoca 123, RMS = 0.05783
Epoca 124, RMS = 0.05785
Epoca 125, RMS = 0.05787
Epoca 126, RMS = 0.05789
Epoca 127, RMS = 0.05792
Epoca 128, RMS = 0.05794
Epoca 129, RMS = 0.05797
Epoca 130, RMS = 0.05799
Epoca 131, RMS = 0.05802
Epoca 132, RMS = 0.05804
Epoca 133, RMS = 0.05807
Epoca 134, RMS = 0.05810
Epoca 135, RMS = 0.05813
Epoca 136, RMS = 0.05816
Epoca 137, RMS = 0.05818
Epoca 138, RMS = 0.05821
Epoca 139, RMS = 0.05824
Epoca 140, RMS = 0.05827
Epoca 141, RMS = 0.05830
Epoca 142, RMS = 0.05833
Epoca 143, RMS = 0.05836
Epoca 144, RMS = 0.05839
Epoca 145, RMS = 0.05841
Epoca 146, RMS = 0.05844
Epoca 147, RMS = 0.05847
Epoca 148, RMS = 0.05850
Epoca 149, RMS = 0.05852
Epoca 150, RMS = 0.05855
Epoca 151, RMS = 0.05858
Epoca 152, RMS = 0.05860
Epoca 153, RMS = 0.05863
Epoca 154, RMS = 0.05866
Epoca 155, RMS = 0.05868
Epoca 156, RMS = 0.05871
Epoca 157, RMS = 0.05873
Epoca 158, RMS = 0.05876
Epoca 159, RMS = 0.05878
Epoca 160, RMS = 0.05880
Epoca 161, RMS = 0.05883
Epoca 162, RMS = 0.05885
Epoca 163, RMS = 0.05887
Epoca 164, RMS = 0.05889
Epoca 165, RMS = 0.05891
Epoca 166, RMS = 0.05894
Epoca 167, RMS = 0.05896
Epoca 168, RMS = 0.05898
Epoca 169, RMS = 0.05900
Epoca 170, RMS = 0.05902
Epoca 171, RMS = 0.05904
Epoca 172, RMS = 0.05905
Epoca 173, RMS = 0.05907
Epoca 174, RMS = 0.05909
Epoca 175, RMS = 0.05911
Epoca 176, RMS = 0.05913
Epoca 177, RMS = 0.05914
Epoca 178, RMS = 0.05916
Epoca 179, RMS = 0.05918
Epoca 180, RMS = 0.05919
Epoca 181, RMS = 0.05921
Epoca 182, RMS = 0.05923
Epoca 183, RMS = 0.05924
Epoca 184, RMS = 0.05926
Epoca 185, RMS = 0.05927
Epoca 186, RMS = 0.05929
Epoca 187, RMS = 0.05930
Epoca 188, RMS = 0.05932
Epoca 189, RMS = 0.05933
Epoca 190, RMS = 0.05934
Epoca 191, RMS = 0.05936
Epoca 192, RMS = 0.05937
Epoca 193, RMS = 0.05938
Epoca 194, RMS = 0.05940
Epoca 195, RMS = 0.05941
Epoca 196, RMS = 0.05942
Epoca 197, RMS = 0.05944
Epoca 198, RMS = 0.05945
Epoca 199, RMS = 0.05946
Epoca 200, RMS = 0.05947
Epoca 201, RMS = 0.05948
Epoca 202, RMS = 0.05950
Epoca 203, RMS = 0.05951
Epoca 204, RMS = 0.05952
Epoca 205, RMS = 0.05953
Epoca 206, RMS = 0.05954
Epoca 207, RMS = 0.05955
Epoca 208, RMS = 0.05956
Epoca 209, RMS = 0.05957
Epoca 210, RMS = 0.05959
Epoca 211, RMS = 0.05960
Epoca 212, RMS = 0.05961
Epoca 213, RMS = 0.05962
Epoca 214, RMS = 0.05963
Epoca 215, RMS = 0.05964
Epoca 216, RMS = 0.05965
Epoca 217, RMS = 0.05966
Epoca 218, RMS = 0.05967
Epoca 219, RMS = 0.05968
Epoca 220, RMS = 0.05969
Epoca 221, RMS = 0.05970
Epoca 222, RMS = 0.05971
Epoca 223, RMS = 0.05972
Epoca 224, RMS = 0.05973
Epoca 225, RMS = 0.05974
Epoca 226, RMS = 0.05974
Epoca 227, RMS = 0.05975
Epoca 228, RMS = 0.05976
Epoca 229, RMS = 0.05977
Epoca 230, RMS = 0.05978
Epoca 231, RMS = 0.05979
Epoca 232, RMS = 0.05980
Epoca 233, RMS = 0.05981
Epoca 234, RMS = 0.05982
Epoca 235, RMS = 0.05983
Epoca 236, RMS = 0.05984
Epoca 237, RMS = 0.05985
Epoca 238, RMS = 0.05986
Epoca 239, RMS = 0.05987
Epoca 240, RMS = 0.05987
Epoca 241, RMS = 0.05988
Epoca 242, RMS = 0.05989
Epoca 243, RMS = 0.05990
Epoca 244, RMS = 0.05991
Epoca 245, RMS = 0.05992
Epoca 246, RMS = 0.05993
Epoca 247, RMS = 0.05994
Epoca 248, RMS = 0.05995
Epoca 249, RMS = 0.05996
Epoca 250, RMS = 0.05996
Epoca 251, RMS = 0.05997
Epoca 252, RMS = 0.05998
Epoca 253, RMS = 0.05999
Epoca 254, RMS = 0.06000
Epoca 255, RMS = 0.06001
Epoca 256, RMS = 0.06002
Epoca 257, RMS = 0.06003
Epoca 258, RMS = 0.06004
Epoca 259, RMS = 0.06004
Epoca 260, RMS = 0.06005
Epoca 261, RMS = 0.06006
Epoca 262, RMS = 0.06007
Epoca 263, RMS = 0.06008
Epoca 264, RMS = 0.06009
Epoca 265, RMS = 0.06010
Epoca 266, RMS = 0.06011
Epoca 267, RMS = 0.06012
Epoca 268, RMS = 0.06012
Epoca 269, RMS = 0.06013
Epoca 270, RMS = 0.06014
Epoca 271, RMS = 0.06015
Epoca 272, RMS = 0.06016
Epoca 273, RMS = 0.06017
Epoca 274, RMS = 0.06018
Epoca 275, RMS = 0.06019
Epoca 276, RMS = 0.06020
Epoca 277, RMS = 0.06020
Epoca 278, RMS = 0.06021
Epoca 279, RMS = 0.06022
Epoca 280, RMS = 0.06023
Epoca 281, RMS = 0.06024
Epoca 282, RMS = 0.06025
Epoca 283, RMS = 0.06026
Epoca 284, RMS = 0.06027
Epoca 285, RMS = 0.06028
Epoca 286, RMS = 0.06029
Epoca 287, RMS = 0.06030
Epoca 288, RMS = 0.06030
Epoca 289, RMS = 0.06031
Epoca 290, RMS = 0.06032
Epoca 291, RMS = 0.06033
Epoca 292, RMS = 0.06034
Epoca 293, RMS = 0.06035
Epoca 294, RMS = 0.06036
Epoca 295, RMS = 0.06037
Epoca 296, RMS = 0.06038
Epoca 297, RMS = 0.06039
Epoca 298, RMS = 0.06039
Epoca 299, RMS = 0.06040
Epoca 300, RMS = 0.06041
Epoca 301, RMS = 0.06042
Epoca 302, RMS = 0.06043
Epoca 303, RMS = 0.06044
Epoca 304, RMS = 0.06045
Epoca 305, RMS = 0.06046
Epoca 306, RMS = 0.06047
Epoca 307, RMS = 0.06048
Epoca 308, RMS = 0.06048
Epoca 309, RMS = 0.06049
Epoca 310, RMS = 0.06050
Epoca 311, RMS = 0.06051
Epoca 312, RMS = 0.06052
Epoca 313, RMS = 0.06053
Epoca 314, RMS = 0.06054
Epoca 315, RMS = 0.06055
Epoca 316, RMS = 0.06056
Epoca 317, RMS = 0.06056
Epoca 318, RMS = 0.06057
Epoca 319, RMS = 0.06058
Epoca 320, RMS = 0.06059
Epoca 321, RMS = 0.06060
Epoca 322, RMS = 0.06061
Epoca 323, RMS = 0.06062
Epoca 324, RMS = 0.06063
Epoca 325, RMS = 0.06063
Epoca 326, RMS = 0.06064
Epoca 327, RMS = 0.06065
Epoca 328, RMS = 0.06066
Epoca 329, RMS = 0.06067
Epoca 330, RMS = 0.06068
Epoca 331, RMS = 0.06069
Epoca 332, RMS = 0.06070
Epoca 333, RMS = 0.06070
Epoca 334, RMS = 0.06071
Epoca 335, RMS = 0.06072
Epoca 336, RMS = 0.06073
Epoca 337, RMS = 0.06074
Epoca 338, RMS = 0.06075
Epoca 339, RMS = 0.06076
Epoca 340, RMS = 0.06076
Epoca 341, RMS = 0.06077
Epoca 342, RMS = 0.06078
Epoca 343, RMS = 0.06079
Epoca 344, RMS = 0.06080
Epoca 345, RMS = 0.06081
Epoca 346, RMS = 0.06082
Epoca 347, RMS = 0.06082
Epoca 348, RMS = 0.06083
Epoca 349, RMS = 0.06084
Epoca 350, RMS = 0.06085
Epoca 351, RMS = 0.06086
Epoca 352, RMS = 0.06087
Epoca 353, RMS = 0.06087
Epoca 354, RMS = 0.06088
Epoca 355, RMS = 0.06089
Epoca 356, RMS = 0.06090
Epoca 357, RMS = 0.06091
Epoca 358, RMS = 0.06091
Epoca 359, RMS = 0.06092
Epoca 360, RMS = 0.06093
Epoca 361, RMS = 0.06094
Epoca 362, RMS = 0.06095
Epoca 363, RMS = 0.06095
Epoca 364, RMS = 0.06096
Epoca 365, RMS = 0.06097
Epoca 366, RMS = 0.06098
Epoca 367, RMS = 0.06098
Epoca 368, RMS = 0.06099
Epoca 369, RMS = 0.06100
Epoca 370, RMS = 0.06101
Epoca 371, RMS = 0.06101
Epoca 372, RMS = 0.06102
Epoca 373, RMS = 0.06103
Epoca 374, RMS = 0.06104
Epoca 375, RMS = 0.06105
Epoca 376, RMS = 0.06105
Epoca 377, RMS = 0.06106
Epoca 378, RMS = 0.06107
Epoca 379, RMS = 0.06108
Epoca 380, RMS = 0.06108
Epoca 381, RMS = 0.06109
Epoca 382, RMS = 0.06110
Epoca 383, RMS = 0.06111
Epoca 384, RMS = 0.06111
Epoca 385, RMS = 0.06112
Epoca 386, RMS = 0.06113
Epoca 387, RMS = 0.06113
Epoca 388, RMS = 0.06114
Epoca 389, RMS = 0.06115
Epoca 390, RMS = 0.06115
Epoca 391, RMS = 0.06116
Epoca 392, RMS = 0.06117
Epoca 393, RMS = 0.06118
Epoca 394, RMS = 0.06118
Epoca 395, RMS = 0.06119
Epoca 396, RMS = 0.06120
Epoca 397, RMS = 0.06120
Epoca 398, RMS = 0.06121
Epoca 399, RMS = 0.06122
Epoca 400, RMS = 0.06122
Epoca 401, RMS = 0.06123
Epoca 402, RMS = 0.06124
Epoca 403, RMS = 0.06124
Epoca 404, RMS = 0.06125
Epoca 405, RMS = 0.06126
Epoca 406, RMS = 0.06126
Epoca 407, RMS = 0.06127
Epoca 408, RMS = 0.06127
Epoca 409, RMS = 0.06128
Epoca 410, RMS = 0.06129
Epoca 411, RMS = 0.06129
Epoca 412, RMS = 0.06130
Epoca 413, RMS = 0.06131
Epoca 414, RMS = 0.06131
Epoca 415, RMS = 0.06132
Epoca 416, RMS = 0.06132
Epoca 417, RMS = 0.06133
Epoca 418, RMS = 0.06134
Epoca 419, RMS = 0.06134
Epoca 420, RMS = 0.06135
Epoca 421, RMS = 0.06135
Epoca 422, RMS = 0.06136
Epoca 423, RMS = 0.06137
Epoca 424, RMS = 0.06137
Epoca 425, RMS = 0.06138
Epoca 426, RMS = 0.06138
Epoca 427, RMS = 0.06139
Epoca 428, RMS = 0.06139
Epoca 429, RMS = 0.06140
Epoca 430, RMS = 0.06140
Epoca 431, RMS = 0.06141
Epoca 432, RMS = 0.06142
Epoca 433, RMS = 0.06142
Epoca 434, RMS = 0.06143
Epoca 435, RMS = 0.06143
Epoca 436, RMS = 0.06144
Epoca 437, RMS = 0.06144
Epoca 438, RMS = 0.06145
Epoca 439, RMS = 0.06145
Epoca 440, RMS = 0.06146
Epoca 441, RMS = 0.06146
Epoca 442, RMS = 0.06147
Epoca 443, RMS = 0.06147
Epoca 444, RMS = 0.06148
Epoca 445, RMS = 0.06148
Epoca 446, RMS = 0.06149
Epoca 447, RMS = 0.06149
Epoca 448, RMS = 0.06150
Epoca 449, RMS = 0.06150
Epoca 450, RMS = 0.06151
Epoca 451, RMS = 0.06151
Epoca 452, RMS = 0.06152
Epoca 453, RMS = 0.06152
Epoca 454, RMS = 0.06153
Epoca 455, RMS = 0.06153
Epoca 456, RMS = 0.06154
Epoca 457, RMS = 0.06154
Epoca 458, RMS = 0.06154
Epoca 459, RMS = 0.06155
Epoca 460, RMS = 0.06155
Epoca 461, RMS = 0.06156
Epoca 462, RMS = 0.06156
Epoca 463, RMS = 0.06157
Epoca 464, RMS = 0.06157
Epoca 465, RMS = 0.06157
Epoca 466, RMS = 0.06158
Epoca 467, RMS = 0.06158
Epoca 468, RMS = 0.06159
Epoca 469, RMS = 0.06159
Epoca 470, RMS = 0.06159
Epoca 471, RMS = 0.06160
Epoca 472, RMS = 0.06160
Epoca 473, RMS = 0.06161
Epoca 474, RMS = 0.06161
Epoca 475, RMS = 0.06161
Epoca 476, RMS = 0.06162
Epoca 477, RMS = 0.06162
Epoca 478, RMS = 0.06162
Epoca 479, RMS = 0.06163
Epoca 480, RMS = 0.06163
Epoca 481, RMS = 0.06164
Epoca 482, RMS = 0.06164
Epoca 483, RMS = 0.06164
Epoca 484, RMS = 0.06165
Epoca 485, RMS = 0.06165
Epoca 486, RMS = 0.06165
Epoca 487, RMS = 0.06166
Epoca 488, RMS = 0.06166
Epoca 489, RMS = 0.06166
Epoca 490, RMS = 0.06167
Epoca 491, RMS = 0.06167
Epoca 492, RMS = 0.06167
Epoca 493, RMS = 0.06168
Epoca 494, RMS = 0.06168
Epoca 495, RMS = 0.06168
Epoca 496, RMS = 0.06169
Epoca 497, RMS = 0.06169
Epoca 498, RMS = 0.06169
Epoca 499, RMS = 0.06170
Epoca 500, RMS = 0.06170
Epoca 501, RMS = 0.06170
Epoca 502, RMS = 0.06170
Epoca 503, RMS = 0.06171
Epoca 504, RMS = 0.06171
Epoca 505, RMS = 0.06171
Epoca 506, RMS = 0.06171
Epoca 507, RMS = 0.06172
Epoca 508, RMS = 0.06172
Epoca 509, RMS = 0.06172
Epoca 510, RMS = 0.06173
Epoca 511, RMS = 0.06173
Epoca 512, RMS = 0.06173
Epoca 513, RMS = 0.06173
Epoca 514, RMS = 0.06174
Epoca 515, RMS = 0.06174
Epoca 516, RMS = 0.06174
Epoca 517, RMS = 0.06174
Epoca 518, RMS = 0.06175
Epoca 519, RMS = 0.06175
Epoca 520, RMS = 0.06175
Epoca 521, RMS = 0.06175
Epoca 522, RMS = 0.06176
Epoca 523, RMS = 0.06176
Epoca 524, RMS = 0.06176
Epoca 525, RMS = 0.06177
Epoca 526, RMS = 0.06177
Epoca 527, RMS = 0.06177
Epoca 528, RMS = 0.06177
Epoca 529, RMS = 0.06178
Epoca 530, RMS = 0.06178
Epoca 531, RMS = 0.06178
Epoca 532, RMS = 0.06178
Epoca 533, RMS = 0.06179
Epoca 534, RMS = 0.06179
Epoca 535, RMS = 0.06179
Epoca 536, RMS = 0.06179
Epoca 537, RMS = 0.06180
Epoca 538, RMS = 0.06180
Epoca 539, RMS = 0.06180
Epoca 540, RMS = 0.06180
Epoca 541, RMS = 0.06180
Epoca 542, RMS = 0.06181
Epoca 543, RMS = 0.06181
Epoca 544, RMS = 0.06181
Epoca 545, RMS = 0.06181
Epoca 546, RMS = 0.06181
Epoca 547, RMS = 0.06182
Epoca 548, RMS = 0.06182
Epoca 549, RMS = 0.06182
Epoca 550, RMS = 0.06182
Epoca 551, RMS = 0.06182
Epoca 552, RMS = 0.06183
Epoca 553, RMS = 0.06183
Epoca 554, RMS = 0.06183
Epoca 555, RMS = 0.06183
Epoca 556, RMS = 0.06183
Epoca 557, RMS = 0.06183
Epoca 558, RMS = 0.06184
Epoca 559, RMS = 0.06184
Epoca 560, RMS = 0.06184
Epoca 561, RMS = 0.06184
Epoca 562, RMS = 0.06184
Epoca 563, RMS = 0.06184
Epoca 564, RMS = 0.06184
Epoca 565, RMS = 0.06185
Epoca 566, RMS = 0.06185
Epoca 567, RMS = 0.06185
Epoca 568, RMS = 0.06185
Epoca 569, RMS = 0.06185
Epoca 570, RMS = 0.06185
Epoca 571, RMS = 0.06185
Epoca 572, RMS = 0.06186
Epoca 573, RMS = 0.06186
Epoca 574, RMS = 0.06186
Epoca 575, RMS = 0.06186
Epoca 576, RMS = 0.06186
Epoca 577, RMS = 0.06186
Epoca 578, RMS = 0.06186
Epoca 579, RMS = 0.06186
Epoca 580, RMS = 0.06187
Epoca 581, RMS = 0.06187
Epoca 582, RMS = 0.06187
Epoca 583, RMS = 0.06187
Epoca 584, RMS = 0.06187
Epoca 585, RMS = 0.06187
Epoca 586, RMS = 0.06187
Epoca 587, RMS = 0.06187
Epoca 588, RMS = 0.06188
Epoca 589, RMS = 0.06188
Epoca 590, RMS = 0.06188
Epoca 591, RMS = 0.06188
Epoca 592, RMS = 0.06188
Epoca 593, RMS = 0.06188
Epoca 594, RMS = 0.06188
Epoca 595, RMS = 0.06188
Epoca 596, RMS = 0.06188
Epoca 597, RMS = 0.06188
Epoca 598, RMS = 0.06189
Epoca 599, RMS = 0.06189
Epoca 600, RMS = 0.06189
Epoca 601, RMS = 0.06189
Epoca 602, RMS = 0.06189
Epoca 603, RMS = 0.06189
Epoca 604, RMS = 0.06189
Epoca 605, RMS = 0.06189
Epoca 606, RMS = 0.06189
Epoca 607, RMS = 0.06189
Epoca 608, RMS = 0.06190
Epoca 609, RMS = 0.06190
Epoca 610, RMS = 0.06190
Epoca 611, RMS = 0.06190
Epoca 612, RMS = 0.06190
Epoca 613, RMS = 0.06190
Epoca 614, RMS = 0.06190
Epoca 615, RMS = 0.06190
Epoca 616, RMS = 0.06190
Epoca 617, RMS = 0.06190
Epoca 618, RMS = 0.06190
Epoca 619, RMS = 0.06190
Epoca 620, RMS = 0.06191
Epoca 621, RMS = 0.06191
Epoca 622, RMS = 0.06191
Epoca 623, RMS = 0.06191
Epoca 624, RMS = 0.06191
Epoca 625, RMS = 0.06191
Epoca 626, RMS = 0.06191
Epoca 627, RMS = 0.06191
Epoca 628, RMS = 0.06191
Epoca 629, RMS = 0.06191
Epoca 630, RMS = 0.06191
Epoca 631, RMS = 0.06191
Epoca 632, RMS = 0.06191
Epoca 633, RMS = 0.06191
Epoca 634, RMS = 0.06191
Epoca 635, RMS = 0.06192
Epoca 636, RMS = 0.06192
Epoca 637, RMS = 0.06192
Epoca 638, RMS = 0.06192
Epoca 639, RMS = 0.06192
Epoca 640, RMS = 0.06192
Epoca 641, RMS = 0.06192
Epoca 642, RMS = 0.06192
Epoca 643, RMS = 0.06192
Epoca 644, RMS = 0.06192
Epoca 645, RMS = 0.06192
Epoca 646, RMS = 0.06192
Epoca 647, RMS = 0.06192
Epoca 648, RMS = 0.06192
Epoca 649, RMS = 0.06192
Epoca 650, RMS = 0.06192
Epoca 651, RMS = 0.06192
Epoca 652, RMS = 0.06192
Epoca 653, RMS = 0.06193
Epoca 654, RMS = 0.06193
Epoca 655, RMS = 0.06193
Epoca 656, RMS = 0.06193
Epoca 657, RMS = 0.06193
Epoca 658, RMS = 0.06193
Epoca 659, RMS = 0.06193
Epoca 660, RMS = 0.06193
Epoca 661, RMS = 0.06193
Epoca 662, RMS = 0.06193
Epoca 663, RMS = 0.06193
Epoca 664, RMS = 0.06193
Epoca 665, RMS = 0.06193
Epoca 666, RMS = 0.06193
Epoca 667, RMS = 0.06193
Epoca 668, RMS = 0.06193
Epoca 669, RMS = 0.06193
Epoca 670, RMS = 0.06193
Epoca 671, RMS = 0.06193
Epoca 672, RMS = 0.06193
Epoca 673, RMS = 0.06193
Epoca 674, RMS = 0.06193
Epoca 675, RMS = 0.06193
Epoca 676, RMS = 0.06193
Epoca 677, RMS = 0.06193
Epoca 678, RMS = 0.06193
Epoca 679, RMS = 0.06193
Epoca 680, RMS = 0.06193
Epoca 681, RMS = 0.06193
Epoca 682, RMS = 0.06193
Epoca 683, RMS = 0.06193
Epoca 684, RMS = 0.06194
Epoca 685, RMS = 0.06194
Epoca 686, RMS = 0.06194
Epoca 687, RMS = 0.06194
Epoca 688, RMS = 0.06194
Epoca 689, RMS = 0.06194
Epoca 690, RMS = 0.06194
Epoca 691, RMS = 0.06194
Epoca 692, RMS = 0.06194
Epoca 693, RMS = 0.06194
Epoca 694, RMS = 0.06194
Epoca 695, RMS = 0.06194
Epoca 696, RMS = 0.06194
Epoca 697, RMS = 0.06194
Epoca 698, RMS = 0.06194
Epoca 699, RMS = 0.06194
Epoca 700, RMS = 0.06194
Epoca 701, RMS = 0.06194
Epoca 702, RMS = 0.06194
Epoca 703, RMS = 0.06194
Epoca 704, RMS = 0.06194
Epoca 705, RMS = 0.06194
Epoca 706, RMS = 0.06194
Epoca 707, RMS = 0.06194
Epoca 708, RMS = 0.06194
Epoca 709, RMS = 0.06194
Epoca 710, RMS = 0.06194
Epoca 711, RMS = 0.06194
Epoca 712, RMS = 0.06194
Epoca 713, RMS = 0.06194
Epoca 714, RMS = 0.06194
Epoca 715, RMS = 0.06194
Epoca 716, RMS = 0.06194
Epoca 717, RMS = 0.06194
Epoca 718, RMS = 0.06194
Epoca 719, RMS = 0.06194
Epoca 720, RMS = 0.06194
Epoca 721, RMS = 0.06194
Epoca 722, RMS = 0.06194
Epoca 723, RMS = 0.06194
Epoca 724, RMS = 0.06194
Epoca 725, RMS = 0.06194
Epoca 726, RMS = 0.06194
Epoca 727, RMS = 0.06194
Epoca 728, RMS = 0.06194
Epoca 729, RMS = 0.06194
Epoca 730, RMS = 0.06194
Epoca 731, RMS = 0.06194
Epoca 732, RMS = 0.06194
Epoca 733, RMS = 0.06194
Epoca 734, RMS = 0.06194
Epoca 735, RMS = 0.06194
Epoca 736, RMS = 0.06194
Epoca 737, RMS = 0.06194
Epoca 738, RMS = 0.06194
Epoca 739, RMS = 0.06194
Epoca 740, RMS = 0.06194
Epoca 741, RMS = 0.06194
Epoca 742, RMS = 0.06194
Epoca 743, RMS = 0.06194
Epoca 744, RMS = 0.06194
Epoca 745, RMS = 0.06194
Epoca 746, RMS = 0.06194
Epoca 747, RMS = 0.06194
Epoca 748, RMS = 0.06194
Epoca 749, RMS = 0.06194
Epoca 750, RMS = 0.06194
Epoca 751, RMS = 0.06194
Epoca 752, RMS = 0.06194
Epoca 753, RMS = 0.06194
Epoca 754, RMS = 0.06194
Epoca 755, RMS = 0.06194
Epoca 756, RMS = 0.06194
Epoca 757, RMS = 0.06194
Epoca 758, RMS = 0.06194
Epoca 759, RMS = 0.06194
Epoca 760, RMS = 0.06194
Epoca 761, RMS = 0.06194
Epoca 762, RMS = 0.06194
Epoca 763, RMS = 0.06194
Epoca 764, RMS = 0.06194
Epoca 765, RMS = 0.06194
Epoca 766, RMS = 0.06194
Epoca 767, RMS = 0.06194
Epoca 768, RMS = 0.06194
Epoca 769, RMS = 0.06194
Epoca 770, RMS = 0.06194
Epoca 771, RMS = 0.06194
Epoca 772, RMS = 0.06194
Epoca 773, RMS = 0.06194
Epoca 774, RMS = 0.06194
Epoca 775, RMS = 0.06194
Epoca 776, RMS = 0.06194
Epoca 777, RMS = 0.06194
Epoca 778, RMS = 0.06194
Epoca 779, RMS = 0.06194
Epoca 780, RMS = 0.06193
Epoca 781, RMS = 0.06193
Epoca 782, RMS = 0.06193
Epoca 783, RMS = 0.06193
Epoca 784, RMS = 0.06193
Epoca 785, RMS = 0.06193
Epoca 786, RMS = 0.06193
Epoca 787, RMS = 0.06193
Epoca 788, RMS = 0.06193
Epoca 789, RMS = 0.06193
Epoca 790, RMS = 0.06193
Epoca 791, RMS = 0.06193
Epoca 792, RMS = 0.06193
Epoca 793, RMS = 0.06193
Epoca 794, RMS = 0.06193
Epoca 795, RMS = 0.06193
Epoca 796, RMS = 0.06193
Epoca 797, RMS = 0.06193
Epoca 798, RMS = 0.06193
Epoca 799, RMS = 0.06193
Epoca 800, RMS = 0.06193
Epoca 801, RMS = 0.06193
Epoca 802, RMS = 0.06193
Epoca 803, RMS = 0.06193
Epoca 804, RMS = 0.06193
Epoca 805, RMS = 0.06193
Epoca 806, RMS = 0.06193
Epoca 807, RMS = 0.06193
Epoca 808, RMS = 0.06193
Epoca 809, RMS = 0.06193
Epoca 810, RMS = 0.06193
Epoca 811, RMS = 0.06193
Epoca 812, RMS = 0.06193
Epoca 813, RMS = 0.06193
Epoca 814, RMS = 0.06193
Epoca 815, RMS = 0.06193
Epoca 816, RMS = 0.06193
Epoca 817, RMS = 0.06193
Epoca 818, RMS = 0.06193
Epoca 819, RMS = 0.06193
Epoca 820, RMS = 0.06193
Epoca 821, RMS = 0.06193
Epoca 822, RMS = 0.06193
Epoca 823, RMS = 0.06193
Epoca 824, RMS = 0.06193
Epoca 825, RMS = 0.06193
Epoca 826, RMS = 0.06193
Epoca 827, RMS = 0.06192
Epoca 828, RMS = 0.06192
Epoca 829, RMS = 0.06192
Epoca 830, RMS = 0.06192
Epoca 831, RMS = 0.06192
Epoca 832, RMS = 0.06192
Epoca 833, RMS = 0.06192
Epoca 834, RMS = 0.06192
Epoca 835, RMS = 0.06192
Epoca 836, RMS = 0.06192
Epoca 837, RMS = 0.06192
Epoca 838, RMS = 0.06192
Epoca 839, RMS = 0.06192
Epoca 840, RMS = 0.06192
Epoca 841, RMS = 0.06192
Epoca 842, RMS = 0.06192
Epoca 843, RMS = 0.06192
Epoca 844, RMS = 0.06192
Epoca 845, RMS = 0.06192
Epoca 846, RMS = 0.06192
Epoca 847, RMS = 0.06192
Epoca 848, RMS = 0.06192
Epoca 849, RMS = 0.06192
Epoca 850, RMS = 0.06192
Epoca 851, RMS = 0.06192
Epoca 852, RMS = 0.06192
Epoca 853, RMS = 0.06192
Epoca 854, RMS = 0.06192
Epoca 855, RMS = 0.06192
Epoca 856, RMS = 0.06192
Epoca 857, RMS = 0.06192
Epoca 858, RMS = 0.06192
Epoca 859, RMS = 0.06192
Epoca 860, RMS = 0.06192
Epoca 861, RMS = 0.06192
Epoca 862, RMS = 0.06192
Epoca 863, RMS = 0.06191
Epoca 864, RMS = 0.06191
Epoca 865, RMS = 0.06191
Epoca 866, RMS = 0.06191
Epoca 867, RMS = 0.06191
Epoca 868, RMS = 0.06191
Epoca 869, RMS = 0.06191
Epoca 870, RMS = 0.06191
Epoca 871, RMS = 0.06191
Epoca 872, RMS = 0.06191
Epoca 873, RMS = 0.06191
Epoca 874, RMS = 0.06191
Epoca 875, RMS = 0.06191
Epoca 876, RMS = 0.06191
Epoca 877, RMS = 0.06191
Epoca 878, RMS = 0.06191
Epoca 879, RMS = 0.06191
Epoca 880, RMS = 0.06191
Epoca 881, RMS = 0.06191
Epoca 882, RMS = 0.06191
Epoca 883, RMS = 0.06191
Epoca 884, RMS = 0.06191
Epoca 885, RMS = 0.06191
Epoca 886, RMS = 0.06191
Epoca 887, RMS = 0.06191
Epoca 888, RMS = 0.06191
Epoca 889, RMS = 0.06191
Epoca 890, RMS = 0.06191
Epoca 891, RMS = 0.06191
Epoca 892, RMS = 0.06191
Epoca 893, RMS = 0.06190
Epoca 894, RMS = 0.06190
Epoca 895, RMS = 0.06190
Epoca 896, RMS = 0.06190
Epoca 897, RMS = 0.06190
Epoca 898, RMS = 0.06190
Epoca 899, RMS = 0.06190
Epoca 900, RMS = 0.06190
Epoca 901, RMS = 0.06190
Epoca 902, RMS = 0.06190
Epoca 903, RMS = 0.06190
Epoca 904, RMS = 0.06190
Epoca 905, RMS = 0.06190
Epoca 906, RMS = 0.06190
Epoca 907, RMS = 0.06190
Epoca 908, RMS = 0.06190
Epoca 909, RMS = 0.06190
Epoca 910, RMS = 0.06190
Epoca 911, RMS = 0.06190
Epoca 912, RMS = 0.06190
Epoca 913, RMS = 0.06190
Epoca 914, RMS = 0.06190
Epoca 915, RMS = 0.06190
Epoca 916, RMS = 0.06190
Epoca 917, RMS = 0.06190
Epoca 918, RMS = 0.06190
Epoca 919, RMS = 0.06190
Epoca 920, RMS = 0.06190
Epoca 921, RMS = 0.06189
Epoca 922, RMS = 0.06189
Epoca 923, RMS = 0.06189
Epoca 924, RMS = 0.06189
Epoca 925, RMS = 0.06189
Epoca 926, RMS = 0.06189
Epoca 927, RMS = 0.06189
Epoca 928, RMS = 0.06189
Epoca 929, RMS = 0.06189
Epoca 930, RMS = 0.06189
Epoca 931, RMS = 0.06189
Epoca 932, RMS = 0.06189
Epoca 933, RMS = 0.06189
Epoca 934, RMS = 0.06189
Epoca 935, RMS = 0.06189
Epoca 936, RMS = 0.06189
Epoca 937, RMS = 0.06189
Epoca 938, RMS = 0.06189
Epoca 939, RMS = 0.06189
Epoca 940, RMS = 0.06189
Epoca 941, RMS = 0.06189
Epoca 942, RMS = 0.06189
Epoca 943, RMS = 0.06189
Epoca 944, RMS = 0.06189
Epoca 945, RMS = 0.06189
Epoca 946, RMS = 0.06189
Epoca 947, RMS = 0.06189
Epoca 948, RMS = 0.06188
Epoca 949, RMS = 0.06188
Epoca 950, RMS = 0.06188
Epoca 951, RMS = 0.06188
Epoca 952, RMS = 0.06188
Epoca 953, RMS = 0.06188
Epoca 954, RMS = 0.06188
Epoca 955, RMS = 0.06188
Epoca 956, RMS = 0.06188
Epoca 957, RMS = 0.06188
Epoca 958, RMS = 0.06188
Epoca 959, RMS = 0.06188
Epoca 960, RMS = 0.06188
Epoca 961, RMS = 0.06188
Epoca 962, RMS = 0.06188
Epoca 963, RMS = 0.06188
Epoca 964, RMS = 0.06188
Epoca 965, RMS = 0.06188
Epoca 966, RMS = 0.06188
Epoca 967, RMS = 0.06188
Epoca 968, RMS = 0.06188
Epoca 969, RMS = 0.06188
Epoca 970, RMS = 0.06188
Epoca 971, RMS = 0.06187
Epoca 972, RMS = 0.06187
Epoca 973, RMS = 0.06187
Epoca 974, RMS = 0.06187
Epoca 975, RMS = 0.06187
Epoca 976, RMS = 0.06187
Epoca 977, RMS = 0.06187
Epoca 978, RMS = 0.06187
Epoca 979, RMS = 0.06187
Epoca 980, RMS = 0.06187
Epoca 981, RMS = 0.06187
Epoca 982, RMS = 0.06187
Epoca 983, RMS = 0.06187
Epoca 984, RMS = 0.06187
Epoca 985, RMS = 0.06187
Epoca 986, RMS = 0.06187
Epoca 987, RMS = 0.06187
Epoca 988, RMS = 0.06187
Epoca 989, RMS = 0.06187
Epoca 990, RMS = 0.06187
Epoca 991, RMS = 0.06187
Epoca 992, RMS = 0.06187
Epoca 993, RMS = 0.06187
Epoca 994, RMS = 0.06186
Epoca 995, RMS = 0.06186
Epoca 996, RMS = 0.06186
Epoca 997, RMS = 0.06186
Epoca 998, RMS = 0.06186
Epoca 999, RMS = 0.06186
Epoca 1000, RMS = 0.06186

##################TEST##################
Z[0] = -1.00
Z[1] = -1.00
Y_IN 3.53
T[0] = 1 Y[0] = 0.94
Y_IN -0.02
T[1] = 0 Y[1] = -0.01
Z[0] = -1.00
Z[1] = -1.00
Y_IN 3.53
T[0] = 1 Y[0] = 0.94
Y_IN -0.03
T[1] = 0 Y[1] = -0.01
Z[0] = -1.00
Z[1] = -1.00
Y_IN 3.53
T[0] = 1 Y[0] = 0.94
Y_IN -0.03
T[1] = 0 Y[1] = -0.01
Z[0] = -1.00
Z[1] = -1.00
Y_IN 3.53
T[0] = 1 Y[0] = 0.94
Y_IN -0.03
T[1] = 0 Y[1] = -0.01
Z[0] = -1.00
Z[1] = 0.98
Y_IN 0.01
T[0] = 0 Y[0] = 0.01
Y_IN 10.20
T[1] = 1 Y[1] = 1.00
Z[0] = -1.00
Z[1] = -1.00
Y_IN 3.53
T[0] = 1 Y[0] = 0.94
Y_IN -0.01
T[1] = 0 Y[1] = -0.00
Z[0] = -1.00
Z[1] = 0.96
Y_IN 0.05
T[0] = 0 Y[0] = 0.03
Y_IN 10.09
T[1] = 1 Y[1] = 1.00
Z[0] = -1.00
Z[1] = 1.00
Y_IN -0.02
T[0] = 0 Y[0] = -0.01
Y_IN 10.29
T[1] = 1 Y[1] = 1.00
Z[0] = -1.00
Z[1] = -0.99
Y_IN 3.52
T[0] = 1 Y[0] = 0.94
Y_IN 0.02
T[1] = 0 Y[1] = 0.01
Z[0] = -1.00
Z[1] = -1.00
Y_IN 3.53
T[0] = 1 Y[0] = 0.94
Y_IN -0.03
T[1] = 0 Y[1] = -0.01
Z[0] = -1.00
Z[1] = 1.00
Y_IN -0.02
T[0] = 0 Y[0] = -0.01
Y_IN 10.29
T[1] = 1 Y[1] = 1.00
Z[0] = -1.00
Z[1] = 0.98
Y_IN 0.01
T[0] = 0 Y[0] = 0.01
Y_IN 10.21
T[1] = 1 Y[1] = 1.00
Z[0] = -1.00
Z[1] = -1.00
Y_IN 3.53
T[0] = 1 Y[0] = 0.94
Y_IN -0.02
T[1] = 0 Y[1] = -0.01
Z[0] = -1.00
Z[1] = -1.00
Y_IN 3.53
T[0] = 1 Y[0] = 0.94
Y_IN -0.03
T[1] = 0 Y[1] = -0.01
Z[0] = -1.00
Z[1] = 1.00
Y_IN -0.02
T[0] = 0 Y[0] = -0.01
Y_IN 10.29
T[1] = 1 Y[1] = 1.00
Z[0] = -1.00
Z[1] = 0.90
Y_IN 0.15
T[0] = 0 Y[0] = 0.08
Y_IN 9.80
T[1] = 1 Y[1] = 1.00
Z[0] = -1.00
Z[1] = -1.00
Y_IN 3.53
T[0] = 1 Y[0] = 0.94
Y_IN -0.02
T[1] = 0 Y[1] = -0.01
Z[0] = -1.00
Z[1] = 1.00
Y_IN -0.01
T[0] = 0 Y[0] = -0.01
Y_IN 10.29
T[1] = 1 Y[1] = 1.00
Z[0] = -1.00
Z[1] = -1.00
Y_IN 3.53
T[0] = 1 Y[0] = 0.94
Y_IN -0.00
T[1] = 0 Y[1] = -0.00
Z[0] = -1.00
Z[1] = 1.00
Y_IN -0.01
T[0] = 0 Y[0] = -0.01
Y_IN 10.29
T[1] = 1 Y[1] = 1.00
Z[0] = -1.00
Z[1] = -0.70
Y_IN 3.00
T[0] = 1 Y[0] = 0.90
Y_IN 1.54
T[1] = 0 Y[1] = 0.65
Z[0] = -1.00
Z[1] = 1.00
Y_IN -0.02
T[0] = 0 Y[0] = -0.01
Y_IN 10.29
T[1] = 1 Y[1] = 1.00
Z[0] = -1.00
Z[1] = 1.00
Y_IN -0.02
T[0] = 0 Y[0] = -0.01
Y_IN 10.29
T[1] = 1 Y[1] = 1.00
Z[0] = -1.00
Z[1] = -0.72
Y_IN 3.04
T[0] = 0 Y[0] = 0.91
Y_IN 1.41
T[1] = 1 Y[1] = 0.61
Z[0] = -1.00
Z[1] = -1.00
Y_IN 3.53
T[0] = 1 Y[0] = 0.94
Y_IN -0.03
T[1] = 0 Y[1] = -0.01
Z[0] = -1.00
Z[1] = -1.00
Y_IN 3.53
T[0] = 1 Y[0] = 0.94
Y_IN -0.01
T[1] = 0 Y[1] = -0.01
Z[0] = -1.00
Z[1] = -1.00
Y_IN 3.53
T[0] = 1 Y[0] = 0.94
Y_IN -0.03
T[1] = 0 Y[1] = -0.01
Z[0] = -1.00
Z[1] = -0.97
Y_IN 3.49
T[0] = 1 Y[0] = 0.94
Y_IN 0.11
T[1] = 0 Y[1] = 0.05
Z[0] = -1.00
Z[1] = -1.00
Y_IN 3.53
T[0] = 1 Y[0] = 0.94
Y_IN -0.03
T[1] = 0 Y[1] = -0.01
Z[0] = -1.00
Z[1] = -1.00
Y_IN 3.53
T[0] = 1 Y[0] = 0.94
Y_IN -0.02
T[1] = 0 Y[1] = -0.01
Z[0] = -1.00
Z[1] = 0.58
Y_IN 0.72
T[0] = 0 Y[0] = 0.35
Y_IN 8.15
T[1] = 1 Y[1] = 1.00
Z[0] = -1.00
Z[1] = -0.08
Y_IN 1.90
T[0] = 1 Y[0] = 0.74
Y_IN 4.71
T[1] = 0 Y[1] = 0.98
Z[0] = -1.00
Z[1] = 0.92
Y_IN 0.12
T[0] = 0 Y[0] = 0.06
Y_IN 9.89
T[1] = 1 Y[1] = 1.00
Z[0] = -1.00
Z[1] = -1.00
Y_IN 3.53
T[0] = 1 Y[0] = 0.94
Y_IN -0.03
T[1] = 0 Y[1] = -0.01
Z[0] = -1.00
Z[1] = 0.99
Y_IN 0.01
T[0] = 0 Y[0] = 0.00
Y_IN 10.23
T[1] = 1 Y[1] = 1.00
Z[0] = -1.00
Z[1] = -1.00
Y_IN 3.53
T[0] = 1 Y[0] = 0.94
Y_IN -0.03
T[1] = 0 Y[1] = -0.01
Z[0] = -1.00
Z[1] = 0.89
Y_IN 0.19
T[0] = 0 Y[0] = 0.09
Y_IN 9.71
T[1] = 1 Y[1] = 1.00
Z[0] = -1.00
Z[1] = 1.00
Y_IN -0.02
T[0] = 0 Y[0] = -0.01
Y_IN 10.29
T[1] = 1 Y[1] = 1.00
Z[0] = -1.00
Z[1] = -1.00
Y_IN 3.53
T[0] = 1 Y[0] = 0.94
Y_IN -0.02
T[1] = 0 Y[1] = -0.01
Z[0] = -1.00
Z[1] = -1.00
Y_IN 3.53
T[0] = 1 Y[0] = 0.94
Y_IN -0.02
T[1] = 0 Y[1] = -0.01
Z[0] = -1.00
Z[1] = -1.00
Y_IN 3.53
T[0] = 1 Y[0] = 0.94
Y_IN -0.03
T[1] = 0 Y[1] = -0.01
Z[0] = -1.00
Z[1] = -1.00
Y_IN 3.53
T[0] = 1 Y[0] = 0.94
Y_IN -0.03
T[1] = 0 Y[1] = -0.01
Z[0] = -1.00
Z[1] = 1.00
Y_IN -0.01
T[0] = 0 Y[0] = -0.01
Y_IN 10.29
T[1] = 1 Y[1] = 1.00
Z[0] = -1.00
Z[1] = -1.00
Y_IN 3.53
T[0] = 1 Y[0] = 0.94
Y_IN -0.01
T[1] = 0 Y[1] = -0.01
Z[0] = -1.00
Z[1] = -1.00
Y_IN 3.53
T[0] = 1 Y[0] = 0.94
Y_IN -0.01
T[1] = 0 Y[1] = -0.00
Z[0] = -1.00
Z[1] = -1.00
Y_IN 3.53
T[0] = 1 Y[0] = 0.94
Y_IN -0.00
T[1] = 0 Y[1] = -0.00
Z[0] = -1.00
Z[1] = -1.00
Y_IN 3.53
T[0] = 1 Y[0] = 0.94
Y_IN -0.02
T[1] = 0 Y[1] = -0.01
Z[0] = -1.00
Z[1] = -1.00
Y_IN 3.53
T[0] = 1 Y[0] = 0.94
Y_IN -0.03
T[1] = 0 Y[1] = -0.01
Z[0] = -1.00
Z[1] = 1.00
Y_IN -0.02
T[0] = 0 Y[0] = -0.01
Y_IN 10.29
T[1] = 1 Y[1] = 1.00
Z[0] = -1.00
Z[1] = -1.00
Y_IN 3.53
T[0] = 1 Y[0] = 0.94
Y_IN -0.03
T[1] = 0 Y[1] = -0.01
Z[0] = -1.00
Z[1] = -1.00
Y_IN 3.53
T[0] = 1 Y[0] = 0.94
Y_IN -0.02
T[1] = 0 Y[1] = -0.01
Z[0] = -1.00
Z[1] = -1.00
Y_IN 3.53
T[0] = 1 Y[0] = 0.94
Y_IN -0.02
T[1] = 0 Y[1] = -0.01
Z[0] = -1.00
Z[1] = -1.00
Y_IN 3.53
T[0] = 1 Y[0] = 0.94
Y_IN -0.02
T[1] = 0 Y[1] = -0.01
Z[0] = -1.00
Z[1] = -0.97
Y_IN 3.49
T[0] = 0 Y[0] = 0.94
Y_IN 0.10
T[1] = 1 Y[1] = 0.05
Z[0] = -1.00
Z[1] = -1.00
Y_IN 3.53
T[0] = 1 Y[0] = 0.94
Y_IN -0.03
T[1] = 0 Y[1] = -0.01
Z[0] = -1.00
Z[1] = 0.97
Y_IN 0.03
T[0] = 1 Y[0] = 0.01
Y_IN 10.16
T[1] = 0 Y[1] = 1.00
Z[0] = -1.00
Z[1] = -1.00
Y_IN 3.53
T[0] = 1 Y[0] = 0.94
Y_IN -0.03
T[1] = 0 Y[1] = -0.01
Z[0] = -1.00
Z[1] = -1.00
Y_IN 3.53
T[0] = 1 Y[0] = 0.94
Y_IN -0.02
T[1] = 0 Y[1] = -0.01
Z[0] = -1.00
Z[1] = -1.00
Y_IN 3.53
T[0] = 1 Y[0] = 0.94
Y_IN -0.02
T[1] = 0 Y[1] = -0.01
Z[0] = -1.00
Z[1] = -1.00
Y_IN 3.53
T[0] = 1 Y[0] = 0.94
Y_IN -0.02
T[1] = 0 Y[1] = -0.01
Z[0] = -1.00
Z[1] = 1.00
Y_IN -0.02
T[0] = 0 Y[0] = -0.01
Y_IN 10.29
T[1] = 1 Y[1] = 1.00
Z[0] = -1.00
Z[1] = 1.00
Y_IN -0.02
T[0] = 0 Y[0] = -0.01
Y_IN 10.29
T[1] = 1 Y[1] = 1.00
Z[0] = -1.00
Z[1] = 0.66
Y_IN 0.59
T[0] = 0 Y[0] = 0.29
Y_IN 8.52
T[1] = 1 Y[1] = 1.00
Z[0] = -1.00
Z[1] = 1.00
Y_IN -0.01
T[0] = 0 Y[0] = -0.01
Y_IN 10.29
T[1] = 1 Y[1] = 1.00
Z[0] = -1.00
Z[1] = -1.00
Y_IN 3.53
T[0] = 1 Y[0] = 0.94
Y_IN -0.00
T[1] = 0 Y[1] = -0.00
Z[0] = -1.00
Z[1] = 1.00
Y_IN -0.01
T[0] = 0 Y[0] = -0.01
Y_IN 10.28
T[1] = 1 Y[1] = 1.00
Z[0] = -1.00
Z[1] = -1.00
Y_IN 3.53
T[0] = 1 Y[0] = 0.94
Y_IN -0.02
T[1] = 0 Y[1] = -0.01
Z[0] = -1.00
Z[1] = 1.00
Y_IN -0.02
T[0] = 0 Y[0] = -0.01
Y_IN 10.29
T[1] = 1 Y[1] = 1.00
Z[0] = -1.00
Z[1] = 1.00
Y_IN -0.02
T[0] = 0 Y[0] = -0.01
Y_IN 10.29
T[1] = 1 Y[1] = 1.00
Z[0] = -1.00
Z[1] = -1.00
Y_IN 3.53
T[0] = 1 Y[0] = 0.94
Y_IN -0.03
T[1] = 0 Y[1] = -0.01
Z[0] = -1.00
Z[1] = -1.00
Y_IN 3.53
T[0] = 1 Y[0] = 0.94
Y_IN -0.03
T[1] = 0 Y[1] = -0.01
Z[0] = -1.00
Z[1] = -1.00
Y_IN 3.53
T[0] = 1 Y[0] = 0.94
Y_IN -0.03
T[1] = 0 Y[1] = -0.01
Z[0] = -1.00
Z[1] = -0.99
Y_IN 3.52
T[0] = 1 Y[0] = 0.94
Y_IN 0.01
T[1] = 0 Y[1] = 0.00
Z[0] = -1.00
Z[1] = -1.00
Y_IN 3.53
T[0] = 1 Y[0] = 0.94
Y_IN -0.02
T[1] = 0 Y[1] = -0.01
Z[0] = -1.00
Z[1] = 1.00
Y_IN -0.02
T[0] = 0 Y[0] = -0.01
Y_IN 10.29
T[1] = 1 Y[1] = 1.00
Z[0] = -1.00
Z[1] = -1.00
Y_IN 3.53
T[0] = 1 Y[0] = 0.94
Y_IN -0.02
T[1] = 0 Y[1] = -0.01
Z[0] = -1.00
Z[1] = 1.00
Y_IN -0.02
T[0] = 0 Y[0] = -0.01
Y_IN 10.29
T[1] = 1 Y[1] = 1.00
Z[0] = -1.00
Z[1] = -1.00
Y_IN 3.53
T[0] = 1 Y[0] = 0.94
Y_IN -0.03
T[1] = 0 Y[1] = -0.01
Z[0] = -1.00
Z[1] = 1.00
Y_IN -0.02
T[0] = 0 Y[0] = -0.01
Y_IN 10.29
T[1] = 1 Y[1] = 1.00
Z[0] = -1.00
Z[1] = -1.00
Y_IN 3.53
T[0] = 1 Y[0] = 0.94
Y_IN -0.03
T[1] = 0 Y[1] = -0.01
Z[0] = -1.00
Z[1] = -1.00
Y_IN 3.53
T[0] = 1 Y[0] = 0.94
Y_IN -0.03
T[1] = 0 Y[1] = -0.01
Z[0] = -1.00
Z[1] = -1.00
Y_IN 3.53
T[0] = 1 Y[0] = 0.94
Y_IN -0.00
T[1] = 0 Y[1] = -0.00
Z[0] = -1.00
Z[1] = -1.00
Y_IN 3.53
T[0] = 1 Y[0] = 0.94
Y_IN -0.01
T[1] = 0 Y[1] = -0.01
Z[0] = -1.00
Z[1] = -1.00
Y_IN 3.53
T[0] = 1 Y[0] = 0.94
Y_IN -0.02
T[1] = 0 Y[1] = -0.01
Z[0] = -1.00
Z[1] = -1.00
Y_IN 3.53
T[0] = 1 Y[0] = 0.94
Y_IN -0.02
T[1] = 0 Y[1] = -0.01
Z[0] = -1.00
Z[1] = -1.00
Y_IN 3.53
T[0] = 1 Y[0] = 0.94
Y_IN -0.02
T[1] = 0 Y[1] = -0.01
Z[0] = -1.00
Z[1] = -1.00
Y_IN 3.53
T[0] = 1 Y[0] = 0.94
Y_IN -0.03
T[1] = 0 Y[1] = -0.01
Z[0] = -1.00
Z[1] = -1.00
Y_IN 3.53
T[0] = 1 Y[0] = 0.94
Y_IN -0.02
T[1] = 0 Y[1] = -0.01
Z[0] = -1.00
Z[1] = -1.00
Y_IN 3.53
T[0] = 1 Y[0] = 0.94
Y_IN -0.03
T[1] = 0 Y[1] = -0.01
Z[0] = -1.00
Z[1] = -0.99
Y_IN 3.52
T[0] = 1 Y[0] = 0.94
Y_IN 0.02
T[1] = 0 Y[1] = 0.01
Z[0] = -1.00
Z[1] = 1.00
Y_IN -0.02
T[0] = 0 Y[0] = -0.01
Y_IN 10.29
T[1] = 1 Y[1] = 1.00
Z[0] = -1.00
Z[1] = -1.00
Y_IN 3.53
T[0] = 1 Y[0] = 0.94
Y_IN -0.03
T[1] = 0 Y[1] = -0.01
Z[0] = -1.00
Z[1] = -1.00
Y_IN 3.53
T[0] = 1 Y[0] = 0.94
Y_IN -0.02
T[1] = 0 Y[1] = -0.01
Z[0] = -1.00
Z[1] = -1.00
Y_IN 3.53
T[0] = 1 Y[0] = 0.94
Y_IN -0.02
T[1] = 0 Y[1] = -0.01
Z[0] = -1.00
Z[1] = -0.81
Y_IN 3.19
T[0] = 0 Y[0] = 0.92
Y_IN 0.98
T[1] = 1 Y[1] = 0.45
Z[0] = -1.00
Z[1] = -1.00
Y_IN 3.53
T[0] = 1 Y[0] = 0.94
Y_IN -0.02
T[1] = 0 Y[1] = -0.01
Z[0] = -1.00
Z[1] = -1.00
Y_IN 3.53
T[0] = 1 Y[0] = 0.94
Y_IN -0.02
T[1] = 0 Y[1] = -0.01
Z[0] = -1.00
Z[1] = -1.00
Y_IN 3.53
T[0] = 1 Y[0] = 0.94
Y_IN -0.02
T[1] = 0 Y[1] = -0.01
Z[0] = -1.00
Z[1] = -1.00
Y_IN 3.53
T[0] = 1 Y[0] = 0.94
Y_IN -0.02
T[1] = 0 Y[1] = -0.01
Z[0] = -1.00
Z[1] = -1.00
Y_IN 3.53
T[0] = 1 Y[0] = 0.94
Y_IN -0.02
T[1] = 0 Y[1] = -0.01
Z[0] = -1.00
Z[1] = 1.00
Y_IN -0.02
T[0] = 0 Y[0] = -0.01
Y_IN 10.29
T[1] = 1 Y[1] = 1.00
Z[0] = -1.00
Z[1] = 0.96
Y_IN 0.05
T[0] = 0 Y[0] = 0.02
Y_IN 10.11
T[1] = 1 Y[1] = 1.00
Z[0] = -1.00
Z[1] = 1.00
Y_IN -0.02
T[0] = 0 Y[0] = -0.01
Y_IN 10.29
T[1] = 1 Y[1] = 1.00
Z[0] = -1.00
Z[1] = -1.00
Y_IN 3.53
T[0] = 1 Y[0] = 0.94
Y_IN -0.03
T[1] = 0 Y[1] = -0.01
Z[0] = -1.00
Z[1] = 1.00
Y_IN -0.02
T[0] = 0 Y[0] = -0.01
Y_IN 10.29
T[1] = 1 Y[1] = 1.00
Z[0] = -1.00
Z[1] = 1.00
Y_IN -0.02
T[0] = 0 Y[0] = -0.01
Y_IN 10.29
T[1] = 1 Y[1] = 1.00
Z[0] = -1.00
Z[1] = -1.00
Y_IN 3.53
T[0] = 1 Y[0] = 0.94
Y_IN -0.03
T[1] = 0 Y[1] = -0.01
Z[0] = -1.00
Z[1] = -1.00
Y_IN 3.53
T[0] = 1 Y[0] = 0.94
Y_IN -0.02
T[1] = 0 Y[1] = -0.01
Z[0] = -1.00
Z[1] = -1.00
Y_IN 3.53
T[0] = 1 Y[0] = 0.94
Y_IN -0.01
T[1] = 0 Y[1] = -0.01
Z[0] = -1.00
Z[1] = -1.00
Y_IN 3.53
T[0] = 1 Y[0] = 0.94
Y_IN -0.03
T[1] = 0 Y[1] = -0.01
Z[0] = -1.00
Z[1] = -1.00
Y_IN 3.53
T[0] = 1 Y[0] = 0.94
Y_IN -0.03
T[1] = 0 Y[1] = -0.01
Z[0] = -1.00
Z[1] = -1.00
Y_IN 3.53
T[0] = 1 Y[0] = 0.94
Y_IN -0.02
T[1] = 0 Y[1] = -0.01
Z[0] = -1.00
Z[1] = -1.00
Y_IN 3.53
T[0] = 1 Y[0] = 0.94
Y_IN -0.02
T[1] = 0 Y[1] = -0.01
Z[0] = -1.00
Z[1] = -1.00
Y_IN 3.53
T[0] = 1 Y[0] = 0.94
Y_IN -0.03
T[1] = 0 Y[1] = -0.01
Z[0] = -1.00
Z[1] = -1.00
Y_IN 3.53
T[0] = 1 Y[0] = 0.94
Y_IN -0.03
T[1] = 0 Y[1] = -0.01
Z[0] = -1.00
Z[1] = 0.99
Y_IN 0.01
T[0] = 0 Y[0] = 0.00
Y_IN 10.23
T[1] = 1 Y[1] = 1.00
Z[0] = -1.00
Z[1] = -1.00
Y_IN 3.53
T[0] = 1 Y[0] = 0.94
Y_IN -0.02
T[1] = 0 Y[1] = -0.01
Z[0] = -1.00
Z[1] = -1.00
Y_IN 3.53
T[0] = 1 Y[0] = 0.94
Y_IN -0.02
T[1] = 0 Y[1] = -0.01
Z[0] = -1.00
Z[1] = -1.00
Y_IN 3.53
T[0] = 1 Y[0] = 0.94
Y_IN -0.02
T[1] = 0 Y[1] = -0.01
Z[0] = -1.00
Z[1] = 1.00
Y_IN -0.02
T[0] = 0 Y[0] = -0.01
Y_IN 10.29
T[1] = 1 Y[1] = 1.00
Z[0] = -1.00
Z[1] = -1.00
Y_IN 3.53
T[0] = 1 Y[0] = 0.94
Y_IN -0.03
T[1] = 0 Y[1] = -0.01
Z[0] = -1.00
Z[1] = -1.00
Y_IN 3.53
T[0] = 1 Y[0] = 0.94
Y_IN -0.02
T[1] = 0 Y[1] = -0.01
Z[0] = -1.00
Z[1] = -1.00
Y_IN 3.53
T[0] = 1 Y[0] = 0.94
Y_IN -0.03
T[1] = 0 Y[1] = -0.01
Z[0] = -1.00
Z[1] = -1.00
Y_IN 3.53
T[0] = 1 Y[0] = 0.94
Y_IN -0.02
T[1] = 0 Y[1] = -0.01
Z[0] = -1.00
Z[1] = 1.00
Y_IN -0.01
T[0] = 0 Y[0] = -0.01
Y_IN 10.28
T[1] = 1 Y[1] = 1.00
Z[0] = -1.00
Z[1] = -1.00
Y_IN 3.53
T[0] = 1 Y[0] = 0.94
Y_IN -0.03
T[1] = 0 Y[1] = -0.01
Z[0] = -1.00
Z[1] = -1.00
Y_IN 3.53
T[0] = 1 Y[0] = 0.94
Y_IN -0.03
T[1] = 0 Y[1] = -0.01
Z[0] = -1.00
Z[1] = -1.00
Y_IN 3.53
T[0] = 1 Y[0] = 0.94
Y_IN -0.01
T[1] = 0 Y[1] = -0.00
Z[0] = -1.00
Z[1] = -0.98
Y_IN 3.50
T[0] = 1 Y[0] = 0.94
Y_IN 0.06
T[1] = 0 Y[1] = 0.03
Z[0] = -1.00
Z[1] = -1.00
Y_IN 3.53
T[0] = 1 Y[0] = 0.94
Y_IN -0.03
T[1] = 0 Y[1] = -0.01
Z[0] = -1.00
Z[1] = -1.00
Y_IN 3.53
T[0] = 1 Y[0] = 0.94
Y_IN -0.02
T[1] = 0 Y[1] = -0.01
Z[0] = -1.00
Z[1] = -1.00
Y_IN 3.53
T[0] = 1 Y[0] = 0.94
Y_IN -0.03
T[1] = 0 Y[1] = -0.01
Z[0] = -1.00
Z[1] = 1.00
Y_IN -0.02
T[0] = 0 Y[0] = -0.01
Y_IN 10.29
T[1] = 1 Y[1] = 1.00
Z[0] = -1.00
Z[1] = -0.99
Y_IN 3.52
T[0] = 1 Y[0] = 0.94
Y_IN 0.00
T[1] = 0 Y[1] = 0.00
Z[0] = -1.00
Z[1] = -1.00
Y_IN 3.53
T[0] = 1 Y[0] = 0.94
Y_IN -0.03
T[1] = 0 Y[1] = -0.01
Z[0] = -1.00
Z[1] = 1.00
Y_IN -0.02
T[0] = 0 Y[0] = -0.01
Y_IN 10.29
T[1] = 1 Y[1] = 1.00
Z[0] = -1.00
Z[1] = 1.00
Y_IN -0.02
T[0] = 0 Y[0] = -0.01
Y_IN 10.29
T[1] = 1 Y[1] = 1.00
Z[0] = -1.00
Z[1] = -1.00
Y_IN 3.53
T[0] = 1 Y[0] = 0.94
Y_IN -0.02
T[1] = 0 Y[1] = -0.01
Z[0] = -1.00
Z[1] = 1.00
Y_IN -0.01
T[0] = 0 Y[0] = -0.01
Y_IN 10.27
T[1] = 1 Y[1] = 1.00
Z[0] = -1.00
Z[1] = -0.97
Y_IN 3.48
T[0] = 1 Y[0] = 0.94
Y_IN 0.12
T[1] = 0 Y[1] = 0.06
Z[0] = -1.00
Z[1] = 1.00
Y_IN -0.02
T[0] = 0 Y[0] = -0.01
Y_IN 10.29
T[1] = 1 Y[1] = 1.00
Z[0] = -1.00
Z[1] = -1.00
Y_IN 3.53
T[0] = 1 Y[0] = 0.94
Y_IN -0.01
T[1] = 0 Y[1] = -0.01
Z[0] = -1.00
Z[1] = 0.93
Y_IN 0.12
T[0] = 1 Y[0] = 0.06
Y_IN 9.91
T[1] = 0 Y[1] = 1.00
Z[0] = -1.00
Z[1] = -1.00
Y_IN 3.53
T[0] = 1 Y[0] = 0.94
Y_IN -0.01
T[1] = 0 Y[1] = -0.01
Z[0] = -1.00
Z[1] = 1.00
Y_IN -0.02
T[0] = 0 Y[0] = -0.01
Y_IN 10.29
T[1] = 1 Y[1] = 1.00
Z[0] = -1.00
Z[1] = -1.00
Y_IN 3.53
T[0] = 1 Y[0] = 0.94
Y_IN -0.02
T[1] = 0 Y[1] = -0.01
Z[0] = -1.00
Z[1] = 1.00
Y_IN -0.02
T[0] = 0 Y[0] = -0.01
Y_IN 10.29
T[1] = 1 Y[1] = 1.00
Z[0] = -1.00
Z[1] = -1.00
Y_IN 3.53
T[0] = 1 Y[0] = 0.94
Y_IN -0.03
T[1] = 0 Y[1] = -0.01
Z[0] = -1.00
Z[1] = -1.00
Y_IN 3.53
T[0] = 1 Y[0] = 0.94
Y_IN -0.03
T[1] = 0 Y[1] = -0.01
Z[0] = -1.00
Z[1] = 1.00
Y_IN -0.02
T[0] = 0 Y[0] = -0.01
Y_IN 10.29
T[1] = 1 Y[1] = 1.00
Z[0] = -1.00
Z[1] = 0.69
Y_IN 0.54
T[0] = 0 Y[0] = 0.26
Y_IN 8.69
T[1] = 1 Y[1] = 1.00
Z[0] = -1.00
Z[1] = -1.00
Y_IN 3.53
T[0] = 1 Y[0] = 0.94
Y_IN -0.02
T[1] = 0 Y[1] = -0.01
Z[0] = -1.00
Z[1] = 1.00
Y_IN -0.02
T[0] = 0 Y[0] = -0.01
Y_IN 10.29
T[1] = 1 Y[1] = 1.00
Z[0] = -1.00
Z[1] = -1.00
Y_IN 3.53
T[0] = 1 Y[0] = 0.94
Y_IN -0.03
T[1] = 0 Y[1] = -0.01
Z[0] = -1.00
Z[1] = 1.00
Y_IN -0.02
T[0] = 0 Y[0] = -0.01
Y_IN 10.29
T[1] = 1 Y[1] = 1.00
Z[0] = -1.00
Z[1] = -1.00
Y_IN 3.53
T[0] = 1 Y[0] = 0.94
Y_IN -0.03
T[1] = 0 Y[1] = -0.01
Z[0] = -1.00
Z[1] = -1.00
Y_IN 3.53
T[0] = 1 Y[0] = 0.94
Y_IN -0.03
T[1] = 0 Y[1] = -0.01
Z[0] = -1.00
Z[1] = 1.00
Y_IN -0.02
T[0] = 0 Y[0] = -0.01
Y_IN 10.29
T[1] = 1 Y[1] = 1.00
Z[0] = -1.00
Z[1] = -1.00
Y_IN 3.53
T[0] = 1 Y[0] = 0.94
Y_IN -0.02
T[1] = 0 Y[1] = -0.01
Z[0] = -1.00
Z[1] = 1.00
Y_IN -0.01
T[0] = 0 Y[0] = -0.01
Y_IN 10.29
T[1] = 1 Y[1] = 1.00
Z[0] = -1.00
Z[1] = -1.00
Y_IN 3.53
T[0] = 1 Y[0] = 0.94
Y_IN -0.02
T[1] = 0 Y[1] = -0.01
Z[0] = -1.00
Z[1] = 0.99
Y_IN 0.00
T[0] = 1 Y[0] = 0.00
Y_IN 10.23
T[1] = 0 Y[1] = 1.00
Z[0] = -1.00
Z[1] = -1.00
Y_IN 3.53
T[0] = 1 Y[0] = 0.94
Y_IN -0.03
T[1] = 0 Y[1] = -0.01
Z[0] = -1.00
Z[1] = -1.00
Y_IN 3.53
T[0] = 1 Y[0] = 0.94
Y_IN -0.02
T[1] = 0 Y[1] = -0.01
Z[0] = -1.00
Z[1] = -1.00
Y_IN 3.53
T[0] = 1 Y[0] = 0.94
Y_IN -0.02
T[1] = 0 Y[1] = -0.01
Z[0] = -1.00
Z[1] = -1.00
Y_IN 3.53
T[0] = 1 Y[0] = 0.94
Y_IN -0.02
T[1] = 0 Y[1] = -0.01
Z[0] = -1.00
Z[1] = 1.00
Y_IN -0.02
T[0] = 0 Y[0] = -0.01
Y_IN 10.29
T[1] = 1 Y[1] = 1.00
Z[0] = -1.00
Z[1] = -0.99
Y_IN 3.52
T[0] = 1 Y[0] = 0.94
Y_IN 0.00
T[1] = 0 Y[1] = 0.00
Z[0] = -1.00
Z[1] = -1.00
Y_IN 3.53
T[0] = 1 Y[0] = 0.94
Y_IN -0.02
T[1] = 0 Y[1] = -0.01
Z[0] = -1.00
Z[1] = -1.00
Y_IN 3.53
T[0] = 1 Y[0] = 0.94
Y_IN -0.01
T[1] = 0 Y[1] = -0.01
Z[0] = -1.00
Z[1] = 0.66
Y_IN 0.59
T[0] = 0 Y[0] = 0.29
Y_IN 8.54
T[1] = 1 Y[1] = 1.00
Z[0] = -1.00
Z[1] = 1.00
Y_IN -0.02
T[0] = 0 Y[0] = -0.01
Y_IN 10.29
T[1] = 1 Y[1] = 1.00
Z[0] = -1.00
Z[1] = -1.00
Y_IN 3.53
T[0] = 1 Y[0] = 0.94
Y_IN -0.03
T[1] = 0 Y[1] = -0.01
Z[0] = -1.00
Z[1] = -1.00
Y_IN 3.53
T[0] = 1 Y[0] = 0.94
Y_IN -0.03
T[1] = 0 Y[1] = -0.01
Z[0] = -1.00
Z[1] = -1.00
Y_IN 3.53
T[0] = 1 Y[0] = 0.94
Y_IN -0.03
T[1] = 0 Y[1] = -0.01
Z[0] = -1.00
Z[1] = 1.00
Y_IN -0.02
T[0] = 0 Y[0] = -0.01
Y_IN 10.29
T[1] = 1 Y[1] = 1.00
Z[0] = -1.00
Z[1] = -1.00
Y_IN 3.53
T[0] = 1 Y[0] = 0.94
Y_IN -0.02
T[1] = 0 Y[1] = -0.01
Z[0] = -1.00
Z[1] = -1.00
Y_IN 3.53
T[0] = 1 Y[0] = 0.94
Y_IN -0.03
T[1] = 0 Y[1] = -0.01
Z[0] = -1.00
Z[1] = -0.99
Y_IN 3.52
T[0] = 1 Y[0] = 0.94
Y_IN 0.00
T[1] = 0 Y[1] = 0.00
Z[0] = -1.00
Z[1] = -0.81
Y_IN 3.19
T[0] = 0 Y[0] = 0.92
Y_IN 0.97
T[1] = 1 Y[1] = 0.45
Z[0] = -1.00
Z[1] = -1.00
Y_IN 3.53
T[0] = 1 Y[0] = 0.94
Y_IN -0.03
T[1] = 0 Y[1] = -0.01
Z[0] = -1.00
Z[1] = 0.98
Y_IN 0.01
T[0] = 0 Y[0] = 0.01
Y_IN 10.22
T[1] = 1 Y[1] = 1.00
Z[0] = -1.00
Z[1] = 1.00
Y_IN -0.02
T[0] = 0 Y[0] = -0.01
Y_IN 10.29
T[1] = 1 Y[1] = 1.00
Z[0] = -1.00
Z[1] = -1.00
Y_IN 3.53
T[0] = 1 Y[0] = 0.94
Y_IN -0.02
T[1] = 0 Y[1] = -0.01
Z[0] = -1.00
Z[1] = -1.00
Y_IN 3.53
T[0] = 1 Y[0] = 0.94
Y_IN -0.02
T[1] = 0 Y[1] = -0.01
Z[0] = -1.00
Z[1] = -1.00
Y_IN 3.53
T[0] = 1 Y[0] = 0.94
Y_IN -0.03
T[1] = 0 Y[1] = -0.01
Z[0] = -1.00
Z[1] = -1.00
Y_IN 3.53
T[0] = 1 Y[0] = 0.94
Y_IN -0.02
T[1] = 0 Y[1] = -0.01
Z[0] = -1.00
Z[1] = -1.00
Y_IN 3.53
T[0] = 1 Y[0] = 0.94
Y_IN -0.03
T[1] = 0 Y[1] = -0.01
Z[0] = -1.00
Z[1] = -1.00
Y_IN 3.53
T[0] = 1 Y[0] = 0.94
Y_IN -0.03
T[1] = 0 Y[1] = -0.01
Z[0] = -1.00
Z[1] = -1.00
Y_IN 3.53
T[0] = 1 Y[0] = 0.94
Y_IN -0.03
T[1] = 0 Y[1] = -0.01
Z[0] = -1.00
Z[1] = 1.00
Y_IN -0.02
T[0] = 0 Y[0] = -0.01
Y_IN 10.29
T[1] = 1 Y[1] = 1.00
Z[0] = -1.00
Z[1] = -1.00
Y_IN 3.53
T[0] = 1 Y[0] = 0.94
Y_IN -0.03
T[1] = 0 Y[1] = -0.01
Z[0] = -1.00
Z[1] = -0.97
Y_IN 3.48
T[0] = 1 Y[0] = 0.94
Y_IN 0.12
T[1] = 0 Y[1] = 0.06
Z[0] = -1.00
Z[1] = 0.85
Y_IN 0.25
T[0] = 0 Y[0] = 0.12
Y_IN 9.52
T[1] = 1 Y[1] = 1.00
Z[0] = -1.00
Z[1] = 1.00
Y_IN -0.02
T[0] = 0 Y[0] = -0.01
Y_IN 10.29
T[1] = 1 Y[1] = 1.00
Z[0] = -1.00
Z[1] = 0.69
Y_IN 0.53
T[0] = 0 Y[0] = 0.26
Y_IN 8.72
T[1] = 1 Y[1] = 1.00
Z[0] = -1.00
Z[1] = -0.99
Y_IN 3.52
T[0] = 1 Y[0] = 0.94
Y_IN 0.00
T[1] = 0 Y[1] = 0.00
Z[0] = -1.00
Z[1] = -0.96
Y_IN 3.46
T[0] = 1 Y[0] = 0.94
Y_IN 0.19
T[1] = 0 Y[1] = 0.10
Z[0] = -1.00
Z[1] = 1.00
Y_IN -0.02
T[0] = 0 Y[0] = -0.01
Y_IN 10.29
T[1] = 1 Y[1] = 1.00
Z[0] = -1.00
Z[1] = -1.00
Y_IN 3.53
T[0] = 1 Y[0] = 0.94
Y_IN -0.03
T[1] = 0 Y[1] = -0.01
Z[0] = -1.00
Z[1] = -1.00
Y_IN 3.53
T[0] = 1 Y[0] = 0.94
Y_IN -0.00
T[1] = 0 Y[1] = -0.00
Z[0] = -1.00
Z[1] = -0.74
Y_IN 3.06
T[0] = 1 Y[0] = 0.91
Y_IN 1.34
T[1] = 0 Y[1] = 0.58
Z[0] = -1.00
Z[1] = -0.71
Y_IN 3.03
T[0] = 0 Y[0] = 0.91
Y_IN 1.44
T[1] = 1 Y[1] = 0.62
Z[0] = -1.00
Z[1] = -0.99
Y_IN 3.52
T[0] = 1 Y[0] = 0.94
Y_IN 0.02
T[1] = 0 Y[1] = 0.01
Z[0] = -1.00
Z[1] = -1.00
Y_IN 3.53
T[0] = 1 Y[0] = 0.94
Y_IN -0.02
T[1] = 0 Y[1] = -0.01
Z[0] = -1.00
Z[1] = -1.00
Y_IN 3.53
T[0] = 1 Y[0] = 0.94
Y_IN -0.03
T[1] = 0 Y[1] = -0.01
Z[0] = -1.00
Z[1] = 0.99
Y_IN -0.01
T[0] = 0 Y[0] = -0.00
Y_IN 10.27
T[1] = 1 Y[1] = 1.00
Z[0] = -1.00
Z[1] = -1.00
Y_IN 3.53
T[0] = 1 Y[0] = 0.94
Y_IN -0.03
T[1] = 0 Y[1] = -0.01
Z[0] = -1.00
Z[1] = -1.00
Y_IN 3.53
T[0] = 1 Y[0] = 0.94
Y_IN -0.03
T[1] = 0 Y[1] = -0.01
Z[0] = -1.00
Z[1] = 1.00
Y_IN -0.02
T[0] = 0 Y[0] = -0.01
Y_IN 10.29
T[1] = 1 Y[1] = 1.00
Z[0] = -1.00
Z[1] = 0.99
Y_IN -0.00
T[0] = 0 Y[0] = -0.00
Y_IN 10.25
T[1] = 1 Y[1] = 1.00
Z[0] = -1.00
Z[1] = 0.94
Y_IN 0.08
T[0] = 0 Y[0] = 0.04
Y_IN 10.00
T[1] = 1 Y[1] = 1.00
Z[0] = -1.00
Z[1] = -1.00
Y_IN 3.53
T[0] = 1 Y[0] = 0.94
Y_IN -0.02
T[1] = 0 Y[1] = -0.01
Z[0] = -1.00
Z[1] = 0.58
Y_IN 0.73
T[0] = 1 Y[0] = 0.35
Y_IN 8.14
T[1] = 0 Y[1] = 1.00
Z[0] = -1.00
Z[1] = 1.00
Y_IN -0.01
T[0] = 0 Y[0] = -0.00
Y_IN 10.27
T[1] = 1 Y[1] = 1.00
Z[0] = -1.00
Z[1] = -0.85
Y_IN 3.26
T[0] = 1 Y[0] = 0.93
Y_IN 0.75
T[1] = 0 Y[1] = 0.36
Z[0] = -1.00
Z[1] = -1.00
Y_IN 3.53
T[0] = 1 Y[0] = 0.94
Y_IN -0.01
T[1] = 0 Y[1] = -0.00
Z[0] = -1.00
Z[1] = -1.00
Y_IN 3.53
T[0] = 1 Y[0] = 0.94
Y_IN -0.03
T[1] = 0 Y[1] = -0.01
Z[0] = -1.00
Z[1] = 1.00
Y_IN -0.02
T[0] = 0 Y[0] = -0.01
Y_IN 10.29
T[1] = 1 Y[1] = 1.00
Z[0] = -1.00
Z[1] = 1.00
Y_IN -0.02
T[0] = 0 Y[0] = -0.01
Y_IN 10.29
T[1] = 1 Y[1] = 1.00
Z[0] = -1.00
Z[1] = -1.00
Y_IN 3.53
T[0] = 1 Y[0] = 0.94
Y_IN -0.02
T[1] = 0 Y[1] = -0.01
Z[0] = -1.00
Z[1] = -1.00
Y_IN 3.53
T[0] = 1 Y[0] = 0.94
Y_IN -0.01
T[1] = 0 Y[1] = -0.01
Z[0] = -1.00
Z[1] = -1.00
Y_IN 3.53
T[0] = 1 Y[0] = 0.94
Y_IN -0.03
T[1] = 0 Y[1] = -0.01
Z[0] = -1.00
Z[1] = -0.09
Y_IN 1.91
T[0] = 0 Y[0] = 0.74
Y_IN 4.68
T[1] = 1 Y[1] = 0.98
Z[0] = -1.00
Z[1] = -0.58
Y_IN 2.79
T[0] = 0 Y[0] = 0.88
Y_IN 2.13
T[1] = 1 Y[1] = 0.79
Z[0] = -1.00
Z[1] = 1.00
Y_IN -0.02
T[0] = 0 Y[0] = -0.01
Y_IN 10.29
T[1] = 1 Y[1] = 1.00
Z[0] = -1.00
Z[1] = -1.00
Y_IN 3.53
T[0] = 1 Y[0] = 0.94
Y_IN -0.03
T[1] = 0 Y[1] = -0.01
Z[0] = -1.00
Z[1] = -1.00
Y_IN 3.53
T[0] = 1 Y[0] = 0.94
Y_IN -0.03
T[1] = 0 Y[1] = -0.01
Z[0] = -1.00
Z[1] = 0.93
Y_IN 0.10
T[0] = 0 Y[0] = 0.05
Y_IN 9.95
T[1] = 1 Y[1] = 1.00
Z[0] = -1.00
Z[1] = 1.00
Y_IN -0.02
T[0] = 0 Y[0] = -0.01
Y_IN 10.29
T[1] = 1 Y[1] = 1.00
Z[0] = -1.00
Z[1] = -1.00
Y_IN 3.53
T[0] = 1 Y[0] = 0.94
Y_IN -0.03
T[1] = 0 Y[1] = -0.01
Z[0] = -1.00
Z[1] = -1.00
Y_IN 3.53
T[0] = 1 Y[0] = 0.94
Y_IN -0.02
T[1] = 0 Y[1] = -0.01
Z[0] = -1.00
Z[1] = 0.87
Y_IN 0.21
T[0] = 0 Y[0] = 0.11
Y_IN 9.62
T[1] = 1 Y[1] = 1.00
Z[0] = -1.00
Z[1] = -1.00
Y_IN 3.53
T[0] = 1 Y[0] = 0.94
Y_IN -0.02
T[1] = 0 Y[1] = -0.01
Z[0] = -1.00
Z[1] = -1.00
Y_IN 3.53
T[0] = 1 Y[0] = 0.94
Y_IN -0.02
T[1] = 0 Y[1] = -0.01
Z[0] = -1.00
Z[1] = -1.00
Y_IN 3.53
T[0] = 1 Y[0] = 0.94
Y_IN -0.01
T[1] = 0 Y[1] = -0.00
Z[0] = -1.00
Z[1] = 1.00
Y_IN -0.02
T[0] = 0 Y[0] = -0.01
Y_IN 10.29
T[1] = 1 Y[1] = 1.00
Z[0] = -1.00
Z[1] = -1.00
Y_IN 3.53
T[0] = 1 Y[0] = 0.94
Y_IN -0.03
T[1] = 0 Y[1] = -0.01
Z[0] = -1.00
Z[1] = -1.00
Y_IN 3.53
T[0] = 1 Y[0] = 0.94
Y_IN -0.03
T[1] = 0 Y[1] = -0.01
Z[0] = -1.00
Z[1] = 1.00
Y_IN -0.02
T[0] = 0 Y[0] = -0.01
Y_IN 10.29
T[1] = 1 Y[1] = 1.00
Z[0] = -1.00
Z[1] = -0.96
Y_IN 3.47
T[0] = 1 Y[0] = 0.94
Y_IN 0.16
T[1] = 0 Y[1] = 0.08
Z[0] = -1.00
Z[1] = -1.00
Y_IN 3.53
T[0] = 1 Y[0] = 0.94
Y_IN -0.03
T[1] = 0 Y[1] = -0.01
Z[0] = -1.00
Z[1] = -1.00
Y_IN 3.53
T[0] = 1 Y[0] = 0.94
Y_IN -0.02
T[1] = 0 Y[1] = -0.01
Z[0] = -1.00
Z[1] = 0.99
Y_IN -0.01
T[0] = 0 Y[0] = -0.00
Y_IN 10.26
T[1] = 1 Y[1] = 1.00
Z[0] = -1.00
Z[1] = -0.90
Y_IN 3.36
T[0] = 1 Y[0] = 0.93
Y_IN 0.49
T[1] = 0 Y[1] = 0.24
Z[0] = -1.00
Z[1] = -1.00
Y_IN 3.53
T[0] = 1 Y[0] = 0.94
Y_IN -0.02
T[1] = 0 Y[1] = -0.01
Z[0] = -1.00
Z[1] = -1.00
Y_IN 3.53
T[0] = 1 Y[0] = 0.94
Y_IN -0.03
T[1] = 0 Y[1] = -0.01
Z[0] = -1.00
Z[1] = -0.97
Y_IN 3.49
T[0] = 1 Y[0] = 0.94
Y_IN 0.11
T[1] = 0 Y[1] = 0.05
Z[0] = -1.00
Z[1] = -1.00
Y_IN 3.53
T[0] = 1 Y[0] = 0.94
Y_IN -0.02
T[1] = 0 Y[1] = -0.01
Z[0] = -1.00
Z[1] = -1.00
Y_IN 3.53
T[0] = 1 Y[0] = 0.94
Y_IN -0.03
T[1] = 0 Y[1] = -0.01
Z[0] = -1.00
Z[1] = 1.00
Y_IN -0.02
T[0] = 0 Y[0] = -0.01
Y_IN 10.29
T[1] = 1 Y[1] = 1.00
Z[0] = -1.00
Z[1] = -1.00
Y_IN 3.53
T[0] = 1 Y[0] = 0.94
Y_IN -0.02
T[1] = 0 Y[1] = -0.01
Z[0] = -1.00
Z[1] = 0.89
Y_IN 0.18
T[0] = 0 Y[0] = 0.09
Y_IN 9.71
T[1] = 1 Y[1] = 1.00
Z[0] = -1.00
Z[1] = 0.03
Y_IN 1.70
T[0] = 0 Y[0] = 0.69
Y_IN 5.31
T[1] = 1 Y[1] = 0.99
Z[0] = -1.00
Z[1] = -1.00
Y_IN 3.53
T[0] = 1 Y[0] = 0.94
Y_IN -0.03
T[1] = 0 Y[1] = -0.01
Z[0] = -1.00
Z[1] = 1.00
Y_IN -0.02
T[0] = 0 Y[0] = -0.01
Y_IN 10.29
T[1] = 1 Y[1] = 1.00
Z[0] = -1.00
Z[1] = -1.00
Y_IN 3.53
T[0] = 1 Y[0] = 0.94
Y_IN -0.02
T[1] = 0 Y[1] = -0.01
Z[0] = -1.00
Z[1] = -1.00
Y_IN 3.53
T[0] = 1 Y[0] = 0.94
Y_IN -0.03
T[1] = 0 Y[1] = -0.01
Z[0] = -1.00
Z[1] = -1.00
Y_IN 3.53
T[0] = 1 Y[0] = 0.94
Y_IN -0.03
T[1] = 0 Y[1] = -0.01
Z[0] = -1.00
Z[1] = -1.00
Y_IN 3.53
T[0] = 1 Y[0] = 0.94
Y_IN -0.02
T[1] = 0 Y[1] = -0.01
Z[0] = -1.00
Z[1] = 1.00
Y_IN -0.02
T[0] = 0 Y[0] = -0.01
Y_IN 10.29
T[1] = 1 Y[1] = 1.00
Z[0] = -1.00
Z[1] = -1.00
Y_IN 3.53
T[0] = 1 Y[0] = 0.94
Y_IN -0.02
T[1] = 0 Y[1] = -0.01
Z[0] = -1.00
Z[1] = -1.00
Y_IN 3.53
T[0] = 1 Y[0] = 0.94
Y_IN -0.02
T[1] = 0 Y[1] = -0.01
Z[0] = -1.00
Z[1] = -0.94
Y_IN 3.44
T[0] = 1 Y[0] = 0.94
Y_IN 0.26
T[1] = 0 Y[1] = 0.13
Z[0] = -1.00
Z[1] = -1.00
Y_IN 3.53
T[0] = 1 Y[0] = 0.94
Y_IN -0.03
T[1] = 0 Y[1] = -0.01
Z[0] = -1.00
Z[1] = -0.70
Y_IN 3.00
T[0] = 0 Y[0] = 0.90
Y_IN 1.54
T[1] = 1 Y[1] = 0.65
Z[0] = -1.00
Z[1] = -1.00
Y_IN 3.53
T[0] = 1 Y[0] = 0.94
Y_IN -0.03
T[1] = 0 Y[1] = -0.01
Z[0] = -1.00
Z[1] = 1.00
Y_IN -0.02
T[0] = 0 Y[0] = -0.01
Y_IN 10.29
T[1] = 1 Y[1] = 1.00
Z[0] = -1.00
Z[1] = -1.00
Y_IN 3.53
T[0] = 1 Y[0] = 0.94
Y_IN -0.02
T[1] = 0 Y[1] = -0.01
Z[0] = -1.00
Z[1] = 1.00
Y_IN -0.02
T[0] = 0 Y[0] = -0.01
Y_IN 10.29
T[1] = 1 Y[1] = 1.00
Z[0] = -1.00
Z[1] = 1.00
Y_IN -0.01
T[0] = 0 Y[0] = -0.01
Y_IN 10.29
T[1] = 1 Y[1] = 1.00
Z[0] = -1.00
Z[1] = -1.00
Y_IN 3.53
T[0] = 1 Y[0] = 0.94
Y_IN -0.03
T[1] = 0 Y[1] = -0.01
Z[0] = -1.00
Z[1] = 0.99
Y_IN 0.01
T[0] = 0 Y[0] = 0.00
Y_IN 10.22
T[1] = 1 Y[1] = 1.00
Z[0] = -1.00
Z[1] = 1.00
Y_IN -0.02
T[0] = 0 Y[0] = -0.01
Y_IN 10.29
T[1] = 1 Y[1] = 1.00
Z[0] = -1.00
Z[1] = 0.99
Y_IN -0.01
T[0] = 0 Y[0] = -0.00
Y_IN 10.27
T[1] = 1 Y[1] = 1.00
Z[0] = -1.00
Z[1] = 0.63
Y_IN 0.65
T[0] = 0 Y[0] = 0.31
Y_IN 8.37
T[1] = 1 Y[1] = 1.00
Z[0] = -1.00
Z[1] = -1.00
Y_IN 3.53
T[0] = 1 Y[0] = 0.94
Y_IN -0.00
T[1] = 0 Y[1] = -0.00
Z[0] = -1.00
Z[1] = -1.00
Y_IN 3.53
T[0] = 1 Y[0] = 0.94
Y_IN -0.03
T[1] = 0 Y[1] = -0.01
Z[0] = -1.00
Z[1] = -1.00
Y_IN 3.53
T[0] = 1 Y[0] = 0.94
Y_IN -0.01
T[1] = 0 Y[1] = -0.01
Z[0] = -1.00
Z[1] = 1.00
Y_IN -0.02
T[0] = 0 Y[0] = -0.01
Y_IN 10.29
T[1] = 1 Y[1] = 1.00
Z[0] = -1.00
Z[1] = -1.00
Y_IN 3.53
T[0] = 1 Y[0] = 0.94
Y_IN -0.02
T[1] = 0 Y[1] = -0.01
Z[0] = -1.00
Z[1] = -1.00
Y_IN 3.53
T[0] = 1 Y[0] = 0.94
Y_IN -0.03
T[1] = 0 Y[1] = -0.01
Z[0] = -1.00
Z[1] = -1.00
Y_IN 3.53
T[0] = 1 Y[0] = 0.94
Y_IN -0.03
T[1] = 0 Y[1] = -0.01
Z[0] = -1.00
Z[1] = 0.99
Y_IN -0.00
T[0] = 0 Y[0] = -0.00
Y_IN 10.25
T[1] = 1 Y[1] = 1.00
Z[0] = -1.00
Z[1] = -0.99
Y_IN 3.52
T[0] = 1 Y[0] = 0.94
Y_IN 0.01
T[1] = 0 Y[1] = 0.00
Z[0] = -1.00
Z[1] = 1.00
Y_IN -0.02
T[0] = 0 Y[0] = -0.01
Y_IN 10.29
T[1] = 1 Y[1] = 1.00
Z[0] = -1.00
Z[1] = -1.00
Y_IN 3.53
T[0] = 1 Y[0] = 0.94
Y_IN -0.03
T[1] = 0 Y[1] = -0.01
Z[0] = -1.00
Z[1] = 1.00
Y_IN -0.02
T[0] = 0 Y[0] = -0.01
Y_IN 10.29
T[1] = 1 Y[1] = 1.00
Z[0] = -1.00
Z[1] = 0.97
Y_IN 0.03
T[0] = 0 Y[0] = 0.02
Y_IN 10.15
T[1] = 1 Y[1] = 1.00
Z[0] = -1.00
Z[1] = -1.00
Y_IN 3.53
T[0] = 1 Y[0] = 0.94
Y_IN -0.03
T[1] = 0 Y[1] = -0.01
Z[0] = -1.00
Z[1] = 1.00
Y_IN -0.02
T[0] = 0 Y[0] = -0.01
Y_IN 10.29
T[1] = 1 Y[1] = 1.00
Z[0] = -1.00
Z[1] = 1.00
Y_IN -0.02
T[0] = 0 Y[0] = -0.01
Y_IN 10.29
T[1] = 1 Y[1] = 1.00
Z[0] = -1.00
Z[1] = -1.00
Y_IN 3.53
T[0] = 1 Y[0] = 0.94
Y_IN -0.03
T[1] = 0 Y[1] = -0.01
Z[0] = -1.00
Z[1] = -1.00
Y_IN 3.53
T[0] = 1 Y[0] = 0.94
Y_IN -0.01
T[1] = 0 Y[1] = -0.01
Z[0] = -1.00
Z[1] = -1.00
Y_IN 3.53
T[0] = 1 Y[0] = 0.94
Y_IN -0.03
T[1] = 0 Y[1] = -0.01
Z[0] = -1.00
Z[1] = 1.00
Y_IN -0.02
T[0] = 0 Y[0] = -0.01
Y_IN 10.29
T[1] = 1 Y[1] = 1.00
Z[0] = -1.00
Z[1] = -1.00
Y_IN 3.53
T[0] = 1 Y[0] = 0.94
Y_IN -0.03
T[1] = 0 Y[1] = -0.01
Z[0] = -1.00
Z[1] = -1.00
Y_IN 3.53
T[0] = 1 Y[0] = 0.94
Y_IN -0.03
T[1] = 0 Y[1] = -0.01
Z[0] = -1.00
Z[1] = 1.00
Y_IN -0.02
T[0] = 0 Y[0] = -0.01
Y_IN 10.29
T[1] = 1 Y[1] = 1.00
Z[0] = -1.00
Z[1] = 0.89
Y_IN 0.17
T[0] = 0 Y[0] = 0.09
Y_IN 9.75
T[1] = 1 Y[1] = 1.00
Z[0] = -1.00
Z[1] = -0.97
Y_IN 3.47
T[0] = 1 Y[0] = 0.94
Y_IN 0.15
T[1] = 0 Y[1] = 0.08
Z[0] = -1.00
Z[1] = -1.00
Y_IN 3.53
T[0] = 1 Y[0] = 0.94
Y_IN -0.02
T[1] = 0 Y[1] = -0.01
Z[0] = -1.00
Z[1] = 1.00
Y_IN -0.02
T[0] = 0 Y[0] = -0.01
Y_IN 10.29
T[1] = 1 Y[1] = 1.00
Z[0] = -1.00
Z[1] = 1.00
Y_IN -0.01
T[0] = 0 Y[0] = -0.01
Y_IN 10.28
T[1] = 1 Y[1] = 1.00
Z[0] = -1.00
Z[1] = 1.00
Y_IN -0.02
T[0] = 0 Y[0] = -0.01
Y_IN 10.29
T[1] = 1 Y[1] = 1.00
Z[0] = -1.00
Z[1] = -1.00
Y_IN 3.53
T[0] = 1 Y[0] = 0.94
Y_IN -0.03
T[1] = 0 Y[1] = -0.01
Z[0] = -1.00
Z[1] = -1.00
Y_IN 3.53
T[0] = 1 Y[0] = 0.94
Y_IN -0.03
T[1] = 0 Y[1] = -0.01
Z[0] = -1.00
Z[1] = 1.00
Y_IN -0.02
T[0] = 0 Y[0] = -0.01
Y_IN 10.29
T[1] = 1 Y[1] = 1.00
Z[0] = -1.00
Z[1] = -1.00
Y_IN 3.53
T[0] = 1 Y[0] = 0.94
Y_IN -0.02
T[1] = 0 Y[1] = -0.01
Z[0] = -1.00
Z[1] = 1.00
Y_IN -0.02
T[0] = 0 Y[0] = -0.01
Y_IN 10.29
T[1] = 1 Y[1] = 1.00
Z[0] = -1.00
Z[1] = 1.00
Y_IN -0.02
T[0] = 0 Y[0] = -0.01
Y_IN 10.29
T[1] = 1 Y[1] = 1.00
Z[0] = -1.00
Z[1] = -1.00
Y_IN 3.53
T[0] = 1 Y[0] = 0.94
Y_IN -0.01
T[1] = 0 Y[1] = -0.00
Z[0] = -1.00
Z[1] = 1.00
Y_IN -0.02
T[0] = 0 Y[0] = -0.01
Y_IN 10.29
T[1] = 1 Y[1] = 1.00
Z[0] = -1.00
Z[1] = -1.00
Y_IN 3.53
T[0] = 1 Y[0] = 0.94
Y_IN -0.02
T[1] = 0 Y[1] = -0.01
Z[0] = -1.00
Z[1] = -1.00
Y_IN 3.53
T[0] = 1 Y[0] = 0.94
Y_IN -0.01
T[1] = 0 Y[1] = -0.00
Z[0] = -1.00
Z[1] = 1.00
Y_IN -0.02
T[0] = 0 Y[0] = -0.01
Y_IN 10.29
T[1] = 1 Y[1] = 1.00
Z[0] = -1.00
Z[1] = 1.00
Y_IN -0.02
T[0] = 0 Y[0] = -0.01
Y_IN 10.29
T[1] = 1 Y[1] = 1.00
Z[0] = -1.00
Z[1] = -1.00
Y_IN 3.53
T[0] = 1 Y[0] = 0.94
Y_IN -0.03
T[1] = 0 Y[1] = -0.01
Z[0] = -1.00
Z[1] = -0.81
Y_IN 3.20
T[0] = 1 Y[0] = 0.92
Y_IN 0.93
T[1] = 0 Y[1] = 0.44
Z[0] = -1.00
Z[1] = -1.00
Y_IN 3.53
T[0] = 1 Y[0] = 0.94
Y_IN -0.02
T[1] = 0 Y[1] = -0.01
Z[0] = -1.00
Z[1] = 0.74
Y_IN 0.44
T[0] = 1 Y[0] = 0.22
Y_IN 8.96
T[1] = 0 Y[1] = 1.00
Z[0] = -1.00
Z[1] = -1.00
Y_IN 3.53
T[0] = 1 Y[0] = 0.94
Y_IN -0.02
T[1] = 0 Y[1] = -0.01
Z[0] = -1.00
Z[1] = -1.00
Y_IN 3.53
T[0] = 1 Y[0] = 0.94
Y_IN -0.03
T[1] = 0 Y[1] = -0.01
Z[0] = -1.00
Z[1] = -1.00
Y_IN 3.53
T[0] = 1 Y[0] = 0.94
Y_IN -0.03
T[1] = 0 Y[1] = -0.01
Z[0] = -1.00
Z[1] = -1.00
Y_IN 3.53
T[0] = 1 Y[0] = 0.94
Y_IN -0.02
T[1] = 0 Y[1] = -0.01
Z[0] = -1.00
Z[1] = -1.00
Y_IN 3.53
T[0] = 1 Y[0] = 0.94
Y_IN -0.02
T[1] = 0 Y[1] = -0.01
Z[0] = -1.00
Z[1] = 0.99
Y_IN -0.00
T[0] = 0 Y[0] = -0.00
Y_IN 10.26
T[1] = 1 Y[1] = 1.00
Z[0] = -1.00
Z[1] = 1.00
Y_IN -0.02
T[0] = 0 Y[0] = -0.01
Y_IN 10.29
T[1] = 1 Y[1] = 1.00
Z[0] = -1.00
Z[1] = 1.00
Y_IN -0.02
T[0] = 0 Y[0] = -0.01
Y_IN 10.29
T[1] = 1 Y[1] = 1.00
Z[0] = -1.00
Z[1] = -0.65
Y_IN 2.91
T[0] = 0 Y[0] = 0.90
Y_IN 1.79
T[1] = 1 Y[1] = 0.71
Z[0] = -1.00
Z[1] = -1.00
Y_IN 3.53
T[0] = 1 Y[0] = 0.94
Y_IN -0.02
T[1] = 0 Y[1] = -0.01
Z[0] = -1.00
Z[1] = -1.00
Y_IN 3.53
T[0] = 1 Y[0] = 0.94
Y_IN -0.02
T[1] = 0 Y[1] = -0.01
Z[0] = -1.00
Z[1] = 1.00
Y_IN -0.02
T[0] = 0 Y[0] = -0.01
Y_IN 10.29
T[1] = 1 Y[1] = 1.00
Z[0] = -1.00
Z[1] = -1.00
Y_IN 3.53
T[0] = 1 Y[0] = 0.94
Y_IN -0.02
T[1] = 0 Y[1] = -0.01
Z[0] = -1.00
Z[1] = -1.00
Y_IN 3.53
T[0] = 1 Y[0] = 0.94
Y_IN -0.03
T[1] = 0 Y[1] = -0.01
Z[0] = -1.00
Z[1] = 1.00
Y_IN -0.02
T[0] = 0 Y[0] = -0.01
Y_IN 10.29
T[1] = 1 Y[1] = 1.00
Z[0] = -1.00
Z[1] = -1.00
Y_IN 3.53
T[0] = 1 Y[0] = 0.94
Y_IN -0.03
T[1] = 0 Y[1] = -0.01
Z[0] = -1.00
Z[1] = -1.00
Y_IN 3.53
T[0] = 1 Y[0] = 0.94
Y_IN -0.02
T[1] = 0 Y[1] = -0.01
Z[0] = -1.00
Z[1] = 0.74
Y_IN 0.44
T[0] = 0 Y[0] = 0.22
Y_IN 8.97
T[1] = 1 Y[1] = 1.00
Z[0] = -1.00
Z[1] = 1.00
Y_IN -0.02
T[0] = 0 Y[0] = -0.01
Y_IN 10.29
T[1] = 1 Y[1] = 1.00
Z[0] = -1.00
Z[1] = -0.98
Y_IN 3.50
T[0] = 1 Y[0] = 0.94
Y_IN 0.06
T[1] = 0 Y[1] = 0.03
Z[0] = -1.00
Z[1] = -1.00
Y_IN 3.53
T[0] = 1 Y[0] = 0.94
Y_IN -0.02
T[1] = 0 Y[1] = -0.01
Z[0] = -1.00
Z[1] = -1.00
Y_IN 3.53
T[0] = 1 Y[0] = 0.94
Y_IN -0.03
T[1] = 0 Y[1] = -0.01
Z[0] = -1.00
Z[1] = 1.00
Y_IN -0.01
T[0] = 0 Y[0] = -0.01
Y_IN 10.28
T[1] = 1 Y[1] = 1.00
Z[0] = -1.00
Z[1] = 0.86
Y_IN 0.23
T[0] = 0 Y[0] = 0.11
Y_IN 9.58
T[1] = 1 Y[1] = 1.00
Z[0] = -1.00
Z[1] = -1.00
Y_IN 3.53
T[0] = 1 Y[0] = 0.94
Y_IN -0.03
T[1] = 0 Y[1] = -0.01
Z[0] = -1.00
Z[1] = -1.00
Y_IN 3.53
T[0] = 1 Y[0] = 0.94
Y_IN -0.03
T[1] = 0 Y[1] = -0.01
Z[0] = -1.00
Z[1] = -1.00
Y_IN 3.53
T[0] = 1 Y[0] = 0.94
Y_IN -0.03
T[1] = 0 Y[1] = -0.01
Z[0] = -1.00
Z[1] = -1.00
Y_IN 3.53
T[0] = 1 Y[0] = 0.94
Y_IN -0.02
T[1] = 0 Y[1] = -0.01
Z[0] = -1.00
Z[1] = -1.00
Y_IN 3.53
T[0] = 1 Y[0] = 0.94
Y_IN -0.02
T[1] = 0 Y[1] = -0.01
Z[0] = -1.00
Z[1] = 0.99
Y_IN -0.01
T[0] = 0 Y[0] = -0.00
Y_IN 10.27
T[1] = 1 Y[1] = 1.00
Z[0] = -1.00
Z[1] = -1.00
Y_IN 3.53
T[0] = 1 Y[0] = 0.94
Y_IN -0.03
T[1] = 0 Y[1] = -0.01
Z[0] = -1.00
Z[1] = 0.99
Y_IN -0.01
T[0] = 0 Y[0] = -0.00
Y_IN 10.27
T[1] = 1 Y[1] = 1.00
Z[0] = -1.00
Z[1] = -0.97
Y_IN 3.49
T[0] = 1 Y[0] = 0.94
Y_IN 0.11
T[1] = 0 Y[1] = 0.05
Z[0] = -1.00
Z[1] = -1.00
Y_IN 3.53
T[0] = 1 Y[0] = 0.94
Y_IN -0.02
T[1] = 0 Y[1] = -0.01
Z[0] = -1.00
Z[1] = 0.94
Y_IN 0.10
T[0] = 0 Y[0] = 0.05
Y_IN 9.96
T[1] = 1 Y[1] = 1.00
Z[0] = -1.00
Z[1] = 1.00
Y_IN -0.02
T[0] = 0 Y[0] = -0.01
Y_IN 10.29
T[1] = 1 Y[1] = 1.00
Z[0] = -1.00
Z[1] = -1.00
Y_IN 3.53
T[0] = 1 Y[0] = 0.94
Y_IN -0.03
T[1] = 0 Y[1] = -0.01
Z[0] = -1.00
Z[1] = -1.00
Y_IN 3.53
T[0] = 1 Y[0] = 0.94
Y_IN -0.03
T[1] = 0 Y[1] = -0.01
Z[0] = -1.00
Z[1] = -1.00
Y_IN 3.53
T[0] = 1 Y[0] = 0.94
Y_IN -0.02
T[1] = 0 Y[1] = -0.01
Z[0] = -1.00
Z[1] = 1.00
Y_IN -0.02
T[0] = 0 Y[0] = -0.01
Y_IN 10.29
T[1] = 1 Y[1] = 1.00
Z[0] = -1.00
Z[1] = -1.00
Y_IN 3.53
T[0] = 1 Y[0] = 0.94
Y_IN -0.02
T[1] = 0 Y[1] = -0.01
Z[0] = -1.00
Z[1] = -1.00
Y_IN 3.53
T[0] = 1 Y[0] = 0.94
Y_IN -0.03
T[1] = 0 Y[1] = -0.01
Z[0] = -1.00
Z[1] = -0.96
Y_IN 3.46
T[0] = 1 Y[0] = 0.94
Y_IN 0.18
T[1] = 0 Y[1] = 0.09
Z[0] = -1.00
Z[1] = -1.00
Y_IN 3.53
T[0] = 1 Y[0] = 0.94
Y_IN -0.03
T[1] = 0 Y[1] = -0.01
Z[0] = -1.00
Z[1] = -1.00
Y_IN 3.53
T[0] = 1 Y[0] = 0.94
Y_IN -0.02
T[1] = 0 Y[1] = -0.01
Z[0] = -1.00
Z[1] = 0.97
Y_IN 0.04
T[0] = 1 Y[0] = 0.02
Y_IN 10.12
T[1] = 0 Y[1] = 1.00
Z[0] = -1.00
Z[1] = -0.29
Y_IN 2.27
T[0] = 0 Y[0] = 0.81
Y_IN 3.65
T[1] = 1 Y[1] = 0.95
Z[0] = -1.00
Z[1] = -1.00
Y_IN 3.53
T[0] = 1 Y[0] = 0.94
Y_IN -0.02
T[1] = 0 Y[1] = -0.01
Z[0] = -1.00
Z[1] = 1.00
Y_IN -0.02
T[0] = 0 Y[0] = -0.01
Y_IN 10.29
T[1] = 1 Y[1] = 1.00
Z[0] = -1.00
Z[1] = -1.00
Y_IN 3.53
T[0] = 1 Y[0] = 0.94
Y_IN -0.02
T[1] = 0 Y[1] = -0.01
Z[0] = -1.00
Z[1] = -1.00
Y_IN 3.53
T[0] = 1 Y[0] = 0.94
Y_IN -0.02
T[1] = 0 Y[1] = -0.01
Z[0] = -1.00
Z[1] = 1.00
Y_IN -0.01
T[0] = 0 Y[0] = -0.01
Y_IN 10.28
T[1] = 1 Y[1] = 1.00
Z[0] = -1.00
Z[1] = -1.00
Y_IN 3.53
T[0] = 1 Y[0] = 0.94
Y_IN -0.03
T[1] = 0 Y[1] = -0.01
Z[0] = -1.00
Z[1] = 0.99
Y_IN -0.00
T[0] = 0 Y[0] = -0.00
Y_IN 10.25
T[1] = 1 Y[1] = 1.00
Z[0] = -1.00
Z[1] = -0.81
Y_IN 3.20
T[0] = 0 Y[0] = 0.92
Y_IN 0.94
T[1] = 1 Y[1] = 0.44
Z[0] = -1.00
Z[1] = -1.00
Y_IN 3.53
T[0] = 1 Y[0] = 0.94
Y_IN -0.03
T[1] = 0 Y[1] = -0.01
Z[0] = -1.00
Z[1] = -1.00
Y_IN 3.53
T[0] = 1 Y[0] = 0.94
Y_IN -0.01
T[1] = 0 Y[1] = -0.01
Z[0] = -1.00
Z[1] = 0.98
Y_IN 0.01
T[0] = 0 Y[0] = 0.01
Y_IN 10.22
T[1] = 1 Y[1] = 1.00
Z[0] = -1.00
Z[1] = -1.00
Y_IN 3.53
T[0] = 1 Y[0] = 0.94
Y_IN -0.03
T[1] = 0 Y[1] = -0.01
Z[0] = -1.00
Z[1] = 1.00
Y_IN -0.02
T[0] = 0 Y[0] = -0.01
Y_IN 10.29
T[1] = 1 Y[1] = 1.00
Z[0] = -1.00
Z[1] = -1.00
Y_IN 3.53
T[0] = 1 Y[0] = 0.94
Y_IN -0.02
T[1] = 0 Y[1] = -0.01
Z[0] = -1.00
Z[1] = -1.00
Y_IN 3.53
T[0] = 1 Y[0] = 0.94
Y_IN -0.03
T[1] = 0 Y[1] = -0.01
Z[0] = -1.00
Z[1] = -1.00
Y_IN 3.53
T[0] = 1 Y[0] = 0.94
Y_IN -0.03
T[1] = 0 Y[1] = -0.01
Z[0] = -1.00
Z[1] = -1.00
Y_IN 3.53
T[0] = 1 Y[0] = 0.94
Y_IN -0.03
T[1] = 0 Y[1] = -0.01
Z[0] = -1.00
Z[1] = 1.00
Y_IN -0.02
T[0] = 0 Y[0] = -0.01
Y_IN 10.29
T[1] = 1 Y[1] = 1.00
Z[0] = -1.00
Z[1] = -1.00
Y_IN 3.53
T[0] = 1 Y[0] = 0.94
Y_IN -0.03
T[1] = 0 Y[1] = -0.01
Z[0] = -1.00
Z[1] = -0.99
Y_IN 3.52
T[0] = 1 Y[0] = 0.94
Y_IN 0.00
T[1] = 0 Y[1] = 0.00
Z[0] = -1.00
Z[1] = 1.00
Y_IN -0.02
T[0] = 0 Y[0] = -0.01
Y_IN 10.29
T[1] = 1 Y[1] = 1.00
Z[0] = -1.00
Z[1] = -0.99
Y_IN 3.52
T[0] = 1 Y[0] = 0.94
Y_IN 0.02
T[1] = 0 Y[1] = 0.01
Z[0] = -1.00
Z[1] = 1.00
Y_IN -0.02
T[0] = 0 Y[0] = -0.01
Y_IN 10.29
T[1] = 1 Y[1] = 1.00
Z[0] = -1.00
Z[1] = 1.00
Y_IN -0.01
T[0] = 0 Y[0] = -0.01
Y_IN 10.28
T[1] = 1 Y[1] = 1.00
Z[0] = -1.00
Z[1] = 1.00
Y_IN -0.02
T[0] = 0 Y[0] = -0.01
Y_IN 10.29
T[1] = 1 Y[1] = 1.00
Z[0] = -1.00
Z[1] = -1.00
Y_IN 3.53
T[0] = 1 Y[0] = 0.94
Y_IN -0.02
T[1] = 0 Y[1] = -0.01
Z[0] = -1.00
Z[1] = -0.80
Y_IN 3.18
T[0] = 1 Y[0] = 0.92
Y_IN 1.01
T[1] = 0 Y[1] = 0.46
Z[0] = -1.00
Z[1] = -1.00
Y_IN 3.53
T[0] = 1 Y[0] = 0.94
Y_IN -0.03
T[1] = 0 Y[1] = -0.01
Z[0] = -1.00
Z[1] = -1.00
Y_IN 3.53
T[0] = 1 Y[0] = 0.94
Y_IN -0.02
T[1] = 0 Y[1] = -0.01
Z[0] = -1.00
Z[1] = -1.00
Y_IN 3.53
T[0] = 1 Y[0] = 0.94
Y_IN -0.03
T[1] = 0 Y[1] = -0.01
Z[0] = -1.00
Z[1] = -1.00
Y_IN 3.53
T[0] = 1 Y[0] = 0.94
Y_IN -0.03
T[1] = 0 Y[1] = -0.01
Z[0] = -1.00
Z[1] = -1.00
Y_IN 3.53
T[0] = 1 Y[0] = 0.94
Y_IN -0.03
T[1] = 0 Y[1] = -0.01
Z[0] = -1.00
Z[1] = -1.00
Y_IN 3.53
T[0] = 1 Y[0] = 0.94
Y_IN -0.03
T[1] = 0 Y[1] = -0.01
Z[0] = -1.00
Z[1] = 1.00
Y_IN -0.02
T[0] = 0 Y[0] = -0.01
Y_IN 10.29
T[1] = 1 Y[1] = 1.00
Z[0] = -1.00
Z[1] = 1.00
Y_IN -0.02
T[0] = 0 Y[0] = -0.01
Y_IN 10.29
T[1] = 1 Y[1] = 1.00
Z[0] = -1.00
Z[1] = -1.00
Y_IN 3.53
T[0] = 1 Y[0] = 0.94
Y_IN -0.02
T[1] = 0 Y[1] = -0.01
Z[0] = -1.00
Z[1] = -1.00
Y_IN 3.53
T[0] = 1 Y[0] = 0.94
Y_IN -0.02
T[1] = 0 Y[1] = -0.01
Z[0] = -1.00
Z[1] = -1.00
Y_IN 3.53
T[0] = 1 Y[0] = 0.94
Y_IN -0.02
T[1] = 0 Y[1] = -0.01
Z[0] = -1.00
Z[1] = -1.00
Y_IN 3.53
T[0] = 1 Y[0] = 0.94
Y_IN -0.02
T[1] = 0 Y[1] = -0.01
Z[0] = -1.00
Z[1] = -1.00
Y_IN 3.53
T[0] = 1 Y[0] = 0.94
Y_IN -0.03
T[1] = 0 Y[1] = -0.01
Z[0] = -1.00
Z[1] = -1.00
Y_IN 3.53
T[0] = 1 Y[0] = 0.94
Y_IN -0.01
T[1] = 0 Y[1] = -0.01
Z[0] = -1.00
Z[1] = -1.00
Y_IN 3.53
T[0] = 1 Y[0] = 0.94
Y_IN -0.02
T[1] = 0 Y[1] = -0.01
Z[0] = -1.00
Z[1] = -0.96
Y_IN 3.47
T[0] = 1 Y[0] = 0.94
Y_IN 0.16
T[1] = 0 Y[1] = 0.08
Z[0] = -1.00
Z[1] = 1.00
Y_IN -0.02
T[0] = 0 Y[0] = -0.01
Y_IN 10.29
T[1] = 1 Y[1] = 1.00
Z[0] = -1.00
Z[1] = -0.59
Y_IN 2.80
T[0] = 0 Y[0] = 0.89
Y_IN 2.10
T[1] = 1 Y[1] = 0.78
Z[0] = -1.00
Z[1] = -0.70
Y_IN 3.01
T[0] = 1 Y[0] = 0.91
Y_IN 1.50
T[1] = 0 Y[1] = 0.64
Z[0] = -1.00
Z[1] = -1.00
Y_IN 3.53
T[0] = 1 Y[0] = 0.94
Y_IN -0.03
T[1] = 0 Y[1] = -0.01
Z[0] = -1.00
Z[1] = -1.00
Y_IN 3.53
T[0] = 1 Y[0] = 0.94
Y_IN -0.03
T[1] = 0 Y[1] = -0.01
Z[0] = -1.00
Z[1] = -1.00
Y_IN 3.53
T[0] = 1 Y[0] = 0.94
Y_IN -0.03
T[1] = 0 Y[1] = -0.01
Z[0] = -1.00
Z[1] = 1.00
Y_IN -0.01
T[0] = 0 Y[0] = -0.01
Y_IN 10.29
T[1] = 1 Y[1] = 1.00
Z[0] = -1.00
Z[1] = -1.00
Y_IN 3.53
T[0] = 1 Y[0] = 0.94
Y_IN -0.02
T[1] = 0 Y[1] = -0.01
Z[0] = -1.00
Z[1] = 1.00
Y_IN -0.02
T[0] = 0 Y[0] = -0.01
Y_IN 10.29
T[1] = 1 Y[1] = 1.00
Z[0] = -1.00
Z[1] = -0.99
Y_IN 3.52
T[0] = 1 Y[0] = 0.94
Y_IN 0.00
T[1] = 0 Y[1] = 0.00
Z[0] = -1.00
Z[1] = 1.00
Y_IN -0.02
T[0] = 0 Y[0] = -0.01
Y_IN 10.29
T[1] = 1 Y[1] = 1.00
Z[0] = -1.00
Z[1] = -1.00
Y_IN 3.53
T[0] = 1 Y[0] = 0.94
Y_IN -0.02
T[1] = 0 Y[1] = -0.01
Z[0] = -1.00
Z[1] = -1.00
Y_IN 3.53
T[0] = 1 Y[0] = 0.94
Y_IN -0.03
T[1] = 0 Y[1] = -0.01
Z[0] = -1.00
Z[1] = -1.00
Y_IN 3.53
T[0] = 1 Y[0] = 0.94
Y_IN -0.02
T[1] = 0 Y[1] = -0.01
Z[0] = -1.00
Z[1] = -1.00
Y_IN 3.53
T[0] = 1 Y[0] = 0.94
Y_IN -0.02
T[1] = 0 Y[1] = -0.01
Z[0] = -1.00
Z[1] = 0.96
Y_IN 0.05
T[0] = 0 Y[0] = 0.03
Y_IN 10.09
T[1] = 1 Y[1] = 1.00
Z[0] = -1.00
Z[1] = -0.70
Y_IN 3.01
T[0] = 0 Y[0] = 0.91
Y_IN 1.50
T[1] = 1 Y[1] = 0.64
Z[0] = -1.00
Z[1] = -1.00
Y_IN 3.53
T[0] = 1 Y[0] = 0.94
Y_IN -0.02
T[1] = 0 Y[1] = -0.01
Z[0] = -1.00
Z[1] = -1.00
Y_IN 3.53
T[0] = 1 Y[0] = 0.94
Y_IN -0.02
T[1] = 0 Y[1] = -0.01
Z[0] = -1.00
Z[1] = -1.00
Y_IN 3.53
T[0] = 1 Y[0] = 0.94
Y_IN -0.02
T[1] = 0 Y[1] = -0.01
Z[0] = -1.00
Z[1] = 1.00
Y_IN -0.02
T[0] = 0 Y[0] = -0.01
Y_IN 10.29
T[1] = 1 Y[1] = 1.00
Z[0] = -1.00
Z[1] = -1.00
Y_IN 3.53
T[0] = 1 Y[0] = 0.94
Y_IN -0.03
T[1] = 0 Y[1] = -0.01
Z[0] = -1.00
Z[1] = -1.00
Y_IN 3.53
T[0] = 1 Y[0] = 0.94
Y_IN -0.03
T[1] = 0 Y[1] = -0.01
Z[0] = -1.00
Z[1] = -1.00
Y_IN 3.53
T[0] = 1 Y[0] = 0.94
Y_IN -0.03
T[1] = 0 Y[1] = -0.01
Z[0] = -1.00
Z[1] = 0.99
Y_IN 0.01
T[0] = 0 Y[0] = 0.00
Y_IN 10.22
T[1] = 1 Y[1] = 1.00
Z[0] = -1.00
Z[1] = -1.00
Y_IN 3.53
T[0] = 1 Y[0] = 0.94
Y_IN -0.02
T[1] = 0 Y[1] = -0.01
Z[0] = -1.00
Z[1] = 1.00
Y_IN -0.02
T[0] = 0 Y[0] = -0.01
Y_IN 10.29
T[1] = 1 Y[1] = 1.00
Z[0] = -1.00
Z[1] = 1.00
Y_IN -0.02
T[0] = 0 Y[0] = -0.01
Y_IN 10.29
T[1] = 1 Y[1] = 1.00
Z[0] = -1.00
Z[1] = -1.00
Y_IN 3.53
T[0] = 1 Y[0] = 0.94
Y_IN -0.03
T[1] = 0 Y[1] = -0.01
Z[0] = -1.00
Z[1] = -1.00
Y_IN 3.53
T[0] = 1 Y[0] = 0.94
Y_IN -0.03
T[1] = 0 Y[1] = -0.01
Z[0] = -1.00
Z[1] = -1.00
Y_IN 3.53
T[0] = 1 Y[0] = 0.94
Y_IN -0.02
T[1] = 0 Y[1] = -0.01
Z[0] = -1.00
Z[1] = 1.00
Y_IN -0.02
T[0] = 0 Y[0] = -0.01
Y_IN 10.29
T[1] = 1 Y[1] = 1.00
Z[0] = -1.00
Z[1] = 1.00
Y_IN -0.02
T[0] = 0 Y[0] = -0.01
Y_IN 10.29
T[1] = 1 Y[1] = 1.00
Z[0] = -1.00
Z[1] = -0.92
Y_IN 3.40
T[0] = 1 Y[0] = 0.94
Y_IN 0.37
T[1] = 0 Y[1] = 0.18
Z[0] = -1.00
Z[1] = -0.99
Y_IN 3.52
T[0] = 1 Y[0] = 0.94
Y_IN -0.00
T[1] = 0 Y[1] = -0.00
Z[0] = -1.00
Z[1] = -1.00
Y_IN 3.53
T[0] = 1 Y[0] = 0.94
Y_IN -0.02
T[1] = 0 Y[1] = -0.01
Z[0] = -1.00
Z[1] = -1.00
Y_IN 3.53
T[0] = 1 Y[0] = 0.94
Y_IN -0.03
T[1] = 0 Y[1] = -0.01
Z[0] = -1.00
Z[1] = -1.00
Y_IN 3.53
T[0] = 1 Y[0] = 0.94
Y_IN -0.02
T[1] = 0 Y[1] = -0.01
Z[0] = -1.00
Z[1] = 0.99
Y_IN -0.01
T[0] = 0 Y[0] = -0.00
Y_IN 10.26
T[1] = 1 Y[1] = 1.00
Z[0] = -1.00
Z[1] = 1.00
Y_IN -0.01
T[0] = 0 Y[0] = -0.01
Y_IN 10.29
T[1] = 1 Y[1] = 1.00
Z[0] = -1.00
Z[1] = -1.00
Y_IN 3.53
T[0] = 1 Y[0] = 0.94
Y_IN -0.02
T[1] = 0 Y[1] = -0.01
Z[0] = -1.00
Z[1] = -1.00
Y_IN 3.53
T[0] = 1 Y[0] = 0.94
Y_IN -0.02
T[1] = 0 Y[1] = -0.01
Z[0] = -1.00
Z[1] = -1.00
Y_IN 3.53
T[0] = 1 Y[0] = 0.94
Y_IN -0.02
T[1] = 0 Y[1] = -0.01
Z[0] = -1.00
Z[1] = -1.00
Y_IN 3.53
T[0] = 1 Y[0] = 0.94
Y_IN -0.02
T[1] = 0 Y[1] = -0.01
Z[0] = -1.00
Z[1] = -1.00
Y_IN 3.53
T[0] = 1 Y[0] = 0.94
Y_IN -0.02
T[1] = 0 Y[1] = -0.01
Z[0] = -1.00
Z[1] = 1.00
Y_IN -0.02
T[0] = 0 Y[0] = -0.01
Y_IN 10.29
T[1] = 1 Y[1] = 1.00
Z[0] = -1.00
Z[1] = -1.00
Y_IN 3.53
T[0] = 1 Y[0] = 0.94
Y_IN -0.02
T[1] = 0 Y[1] = -0.01
Z[0] = -1.00
Z[1] = 0.72
Y_IN 0.48
T[0] = 0 Y[0] = 0.23
Y_IN 8.86
T[1] = 1 Y[1] = 1.00
Z[0] = -1.00
Z[1] = -1.00
Y_IN 3.53
T[0] = 1 Y[0] = 0.94
Y_IN -0.03
T[1] = 0 Y[1] = -0.01
Z[0] = -1.00
Z[1] = -1.00
Y_IN 3.53
T[0] = 1 Y[0] = 0.94
Y_IN -0.03
T[1] = 0 Y[1] = -0.01
Z[0] = -1.00
Z[1] = -1.00
Y_IN 3.53
T[0] = 1 Y[0] = 0.94
Y_IN -0.03
T[1] = 0 Y[1] = -0.01
Z[0] = -1.00
Z[1] = -1.00
Y_IN 3.53
T[0] = 1 Y[0] = 0.94
Y_IN -0.03
T[1] = 0 Y[1] = -0.01
Z[0] = -1.00
Z[1] = -1.00
Y_IN 3.53
T[0] = 1 Y[0] = 0.94
Y_IN -0.02
T[1] = 0 Y[1] = -0.01
Z[0] = -1.00
Z[1] = -1.00
Y_IN 3.53
T[0] = 1 Y[0] = 0.94
Y_IN -0.02
T[1] = 0 Y[1] = -0.01
Z[0] = -1.00
Z[1] = -1.00
Y_IN 3.53
T[0] = 1 Y[0] = 0.94
Y_IN -0.02
T[1] = 0 Y[1] = -0.01
Z[0] = -1.00
Z[1] = -1.00
Y_IN 3.53
T[0] = 1 Y[0] = 0.94
Y_IN -0.03
T[1] = 0 Y[1] = -0.01
Z[0] = -1.00
Z[1] = 1.00
Y_IN -0.02
T[0] = 0 Y[0] = -0.01
Y_IN 10.29
T[1] = 1 Y[1] = 1.00
Z[0] = -1.00
Z[1] = 1.00
Y_IN -0.02
T[0] = 0 Y[0] = -0.01
Y_IN 10.29
T[1] = 1 Y[1] = 1.00
Z[0] = -1.00
Z[1] = 1.00
Y_IN -0.02
T[0] = 0 Y[0] = -0.01
Y_IN 10.29
T[1] = 1 Y[1] = 1.00
Z[0] = -1.00
Z[1] = -1.00
Y_IN 3.53
T[0] = 1 Y[0] = 0.94
Y_IN -0.02
T[1] = 0 Y[1] = -0.01
Z[0] = -1.00
Z[1] = -1.00
Y_IN 3.53
T[0] = 1 Y[0] = 0.94
Y_IN -0.02
T[1] = 0 Y[1] = -0.01
Z[0] = -1.00
Z[1] = 0.99
Y_IN -0.01
T[0] = 0 Y[0] = -0.00
Y_IN 10.27
T[1] = 1 Y[1] = 1.00
Z[0] = -1.00
Z[1] = 1.00
Y_IN -0.02
T[0] = 0 Y[0] = -0.01
Y_IN 10.29
T[1] = 1 Y[1] = 1.00
Z[0] = -1.00
Z[1] = -1.00
Y_IN 3.53
T[0] = 1 Y[0] = 0.94
Y_IN -0.02
T[1] = 0 Y[1] = -0.01
Z[0] = -1.00
Z[1] = -1.00
Y_IN 3.53
T[0] = 1 Y[0] = 0.94
Y_IN -0.03
T[1] = 0 Y[1] = -0.01
Z[0] = -1.00
Z[1] = -1.00
Y_IN 3.53
T[0] = 1 Y[0] = 0.94
Y_IN -0.02
T[1] = 0 Y[1] = -0.01
Z[0] = -1.00
Z[1] = -1.00
Y_IN 3.53
T[0] = 1 Y[0] = 0.94
Y_IN -0.02
T[1] = 0 Y[1] = -0.01
Z[0] = -1.00
Z[1] = -1.00
Y_IN 3.53
T[0] = 1 Y[0] = 0.94
Y_IN -0.03
T[1] = 0 Y[1] = -0.01
Z[0] = -1.00
Z[1] = -1.00
Y_IN 3.53
T[0] = 1 Y[0] = 0.94
Y_IN -0.02
T[1] = 0 Y[1] = -0.01
Z[0] = -1.00
Z[1] = -1.00
Y_IN 3.53
T[0] = 1 Y[0] = 0.94
Y_IN -0.02
T[1] = 0 Y[1] = -0.01
Z[0] = -1.00
Z[1] = -1.00
Y_IN 3.53
T[0] = 1 Y[0] = 0.94
Y_IN -0.02
T[1] = 0 Y[1] = -0.01
Z[0] = -1.00
Z[1] = 1.00
Y_IN -0.02
T[0] = 0 Y[0] = -0.01
Y_IN 10.29
T[1] = 1 Y[1] = 1.00
Z[0] = -1.00
Z[1] = -1.00
Y_IN 3.53
T[0] = 1 Y[0] = 0.94
Y_IN -0.03
T[1] = 0 Y[1] = -0.01
Z[0] = -1.00
Z[1] = -0.97
Y_IN 3.48
T[0] = 1 Y[0] = 0.94
Y_IN 0.13
T[1] = 0 Y[1] = 0.07
Z[0] = -1.00
Z[1] = -1.00
Y_IN 3.53
T[0] = 1 Y[0] = 0.94
Y_IN -0.02
T[1] = 0 Y[1] = -0.01
Z[0] = -1.00
Z[1] = -1.00
Y_IN 3.53
T[0] = 1 Y[0] = 0.94
Y_IN -0.03
T[1] = 0 Y[1] = -0.01
Z[0] = -1.00
Z[1] = -0.98
Y_IN 3.49
T[0] = 1 Y[0] = 0.94
Y_IN 0.10
T[1] = 0 Y[1] = 0.05
Z[0] = -1.00
Z[1] = -1.00
Y_IN 3.53
T[0] = 1 Y[0] = 0.94
Y_IN -0.02
T[1] = 0 Y[1] = -0.01
Z[0] = -1.00
Z[1] = -1.00
Y_IN 3.53
T[0] = 1 Y[0] = 0.94
Y_IN -0.03
T[1] = 0 Y[1] = -0.01
Z[0] = -1.00
Z[1] = -1.00
Y_IN 3.53
T[0] = 1 Y[0] = 0.94
Y_IN -0.03
T[1] = 0 Y[1] = -0.01
Z[0] = -1.00
Z[1] = -1.00
Y_IN 3.53
T[0] = 1 Y[0] = 0.94
Y_IN -0.03
T[1] = 0 Y[1] = -0.01
Z[0] = -1.00
Z[1] = -1.00
Y_IN 3.53
T[0] = 1 Y[0] = 0.94
Y_IN -0.03
T[1] = 0 Y[1] = -0.01
Z[0] = -1.00
Z[1] = -1.00
Y_IN 3.53
T[0] = 1 Y[0] = 0.94
Y_IN -0.02
T[1] = 0 Y[1] = -0.01
Z[0] = -1.00
Z[1] = -1.00
Y_IN 3.53
T[0] = 1 Y[0] = 0.94
Y_IN -0.02
T[1] = 0 Y[1] = -0.01
Z[0] = -1.00
Z[1] = -1.00
Y_IN 3.53
T[0] = 1 Y[0] = 0.94
Y_IN -0.02
T[1] = 0 Y[1] = -0.01
Z[0] = -1.00
Z[1] = 1.00
Y_IN -0.02
T[0] = 0 Y[0] = -0.01
Y_IN 10.29
T[1] = 1 Y[1] = 1.00
Z[0] = -1.00
Z[1] = -1.00
Y_IN 3.53
T[0] = 1 Y[0] = 0.94
Y_IN -0.03
T[1] = 0 Y[1] = -0.01
Z[0] = -1.00
Z[1] = -1.00
Y_IN 3.53
T[0] = 1 Y[0] = 0.94
Y_IN -0.03
T[1] = 0 Y[1] = -0.01
Z[0] = -1.00
Z[1] = -1.00
Y_IN 3.53
T[0] = 1 Y[0] = 0.94
Y_IN -0.02
T[1] = 0 Y[1] = -0.01
Z[0] = -1.00
Z[1] = 1.00
Y_IN -0.02
T[0] = 0 Y[0] = -0.01
Y_IN 10.29
T[1] = 1 Y[1] = 1.00
Z[0] = -1.00
Z[1] = 1.00
Y_IN -0.02
T[0] = 0 Y[0] = -0.01
Y_IN 10.29
T[1] = 1 Y[1] = 1.00
Z[0] = -1.00
Z[1] = -1.00
Y_IN 3.53
T[0] = 1 Y[0] = 0.94
Y_IN -0.02
T[1] = 0 Y[1] = -0.01
Z[0] = -1.00
Z[1] = -1.00
Y_IN 3.53
T[0] = 1 Y[0] = 0.94
Y_IN -0.02
T[1] = 0 Y[1] = -0.01
Z[0] = -1.00
Z[1] = 1.00
Y_IN -0.02
T[0] = 0 Y[0] = -0.01
Y_IN 10.29
T[1] = 1 Y[1] = 1.00
Z[0] = -1.00
Z[1] = -1.00
Y_IN 3.53
T[0] = 1 Y[0] = 0.94
Y_IN -0.02
T[1] = 0 Y[1] = -0.01
Z[0] = -1.00
Z[1] = -1.00
Y_IN 3.53
T[0] = 1 Y[0] = 0.94
Y_IN -0.03
T[1] = 0 Y[1] = -0.01
Z[0] = -1.00
Z[1] = -1.00
Y_IN 3.53
T[0] = 1 Y[0] = 0.94
Y_IN -0.03
T[1] = 0 Y[1] = -0.01
Z[0] = -1.00
Z[1] = 1.00
Y_IN -0.02
T[0] = 0 Y[0] = -0.01
Y_IN 10.29
T[1] = 1 Y[1] = 1.00
Z[0] = -1.00
Z[1] = -1.00
Y_IN 3.53
T[0] = 1 Y[0] = 0.94
Y_IN -0.02
T[1] = 0 Y[1] = -0.01
Z[0] = -1.00
Z[1] = 1.00
Y_IN -0.02
T[0] = 0 Y[0] = -0.01
Y_IN 10.29
T[1] = 1 Y[1] = 1.00
Z[0] = -1.00
Z[1] = -0.99
Y_IN 3.52
T[0] = 1 Y[0] = 0.94
Y_IN 0.02
T[1] = 0 Y[1] = 0.01
Z[0] = -1.00
Z[1] = 1.00
Y_IN -0.02
T[0] = 0 Y[0] = -0.01
Y_IN 10.29
T[1] = 1 Y[1] = 1.00
Z[0] = -1.00
Z[1] = -0.62
Y_IN 2.86
T[0] = 0 Y[0] = 0.89
Y_IN 1.92
T[1] = 1 Y[1] = 0.74
Z[0] = -1.00
Z[1] = -1.00
Y_IN 3.53
T[0] = 1 Y[0] = 0.94
Y_IN -0.03
T[1] = 0 Y[1] = -0.01
Z[0] = -1.00
Z[1] = 1.00
Y_IN -0.02
T[0] = 0 Y[0] = -0.01
Y_IN 10.29
T[1] = 1 Y[1] = 1.00
Z[0] = -1.00
Z[1] = 1.00
Y_IN -0.02
T[0] = 0 Y[0] = -0.01
Y_IN 10.29
T[1] = 1 Y[1] = 1.00
Z[0] = -1.00
Z[1] = -0.97
Y_IN 3.48
T[0] = 1 Y[0] = 0.94
Y_IN 0.14
T[1] = 0 Y[1] = 0.07
Z[0] = -1.00
Z[1] = 1.00
Y_IN -0.02
T[0] = 0 Y[0] = -0.01
Y_IN 10.29
T[1] = 1 Y[1] = 1.00
Z[0] = -1.00
Z[1] = 0.82
Y_IN 0.30
T[0] = 0 Y[0] = 0.15
Y_IN 9.38
T[1] = 1 Y[1] = 1.00
Z[0] = -1.00
Z[1] = 1.00
Y_IN -0.02
T[0] = 0 Y[0] = -0.01
Y_IN 10.29
T[1] = 1 Y[1] = 1.00
Z[0] = -1.00
Z[1] = 0.99
Y_IN -0.00
T[0] = 1 Y[0] = -0.00
Y_IN 10.25
T[1] = 0 Y[1] = 1.00
Z[0] = -1.00
Z[1] = -1.00
Y_IN 3.53
T[0] = 1 Y[0] = 0.94
Y_IN -0.01
T[1] = 0 Y[1] = -0.01
Z[0] = -1.00
Z[1] = -1.00
Y_IN 3.53
T[0] = 1 Y[0] = 0.94
Y_IN -0.02
T[1] = 0 Y[1] = -0.01
Z[0] = -1.00
Z[1] = -1.00
Y_IN 3.53
T[0] = 1 Y[0] = 0.94
Y_IN -0.02
T[1] = 0 Y[1] = -0.01
Z[0] = -1.00
Z[1] = 1.00
Y_IN -0.02
T[0] = 0 Y[0] = -0.01
Y_IN 10.29
T[1] = 1 Y[1] = 1.00
Z[0] = -1.00
Z[1] = 1.00
Y_IN -0.02
T[0] = 0 Y[0] = -0.01
Y_IN 10.29
T[1] = 1 Y[1] = 1.00
Z[0] = -1.00
Z[1] = 0.96
Y_IN 0.06
T[0] = 0 Y[0] = 0.03
Y_IN 10.07
T[1] = 1 Y[1] = 1.00
Z[0] = -1.00
Z[1] = 1.00
Y_IN -0.02
T[0] = 0 Y[0] = -0.01
Y_IN 10.29
T[1] = 1 Y[1] = 1.00
Z[0] = -1.00
Z[1] = -0.99
Y_IN 3.52
T[0] = 1 Y[0] = 0.94
Y_IN 0.00
T[1] = 0 Y[1] = 0.00
Z[0] = -1.00
Z[1] = -1.00
Y_IN 3.53
T[0] = 1 Y[0] = 0.94
Y_IN -0.03
T[1] = 0 Y[1] = -0.01
Z[0] = -1.00
Z[1] = -1.00
Y_IN 3.53
T[0] = 1 Y[0] = 0.94
Y_IN -0.03
T[1] = 0 Y[1] = -0.01
Z[0] = -1.00
Z[1] = -1.00
Y_IN 3.53
T[0] = 1 Y[0] = 0.94
Y_IN -0.03
T[1] = 0 Y[1] = -0.01
Z[0] = -1.00
Z[1] = -1.00
Y_IN 3.53
T[0] = 1 Y[0] = 0.94
Y_IN -0.02
T[1] = 0 Y[1] = -0.01
Z[0] = -1.00
Z[1] = -1.00
Y_IN 3.53
T[0] = 1 Y[0] = 0.94
Y_IN -0.01
T[1] = 0 Y[1] = -0.01
Z[0] = -1.00
Z[1] = -1.00
Y_IN 3.53
T[0] = 1 Y[0] = 0.94
Y_IN -0.02
T[1] = 0 Y[1] = -0.01
Z[0] = -1.00
Z[1] = 1.00
Y_IN -0.02
T[0] = 0 Y[0] = -0.01
Y_IN 10.29
T[1] = 1 Y[1] = 1.00
Z[0] = -1.00
Z[1] = -1.00
Y_IN 3.53
T[0] = 1 Y[0] = 0.94
Y_IN -0.02
T[1] = 0 Y[1] = -0.01
Z[0] = -1.00
Z[1] = -1.00
Y_IN 3.53
T[0] = 1 Y[0] = 0.94
Y_IN -0.03
T[1] = 0 Y[1] = -0.01
Z[0] = -1.00
Z[1] = -1.00
Y_IN 3.53
T[0] = 1 Y[0] = 0.94
Y_IN -0.02
T[1] = 0 Y[1] = -0.01
Z[0] = -1.00
Z[1] = -1.00
Y_IN 3.53
T[0] = 1 Y[0] = 0.94
Y_IN -0.02
T[1] = 0 Y[1] = -0.01
Z[0] = -1.00
Z[1] = -1.00
Y_IN 3.53
T[0] = 1 Y[0] = 0.94
Y_IN -0.03
T[1] = 0 Y[1] = -0.01
Z[0] = -1.00
Z[1] = 1.00
Y_IN -0.02
T[0] = 0 Y[0] = -0.01
Y_IN 10.29
T[1] = 1 Y[1] = 1.00
Z[0] = -1.00
Z[1] = 1.00
Y_IN -0.02
T[0] = 0 Y[0] = -0.01
Y_IN 10.29
T[1] = 1 Y[1] = 1.00
Z[0] = -1.00
Z[1] = -1.00
Y_IN 3.53
T[0] = 1 Y[0] = 0.94
Y_IN -0.02
T[1] = 0 Y[1] = -0.01
Z[0] = -1.00
Z[1] = 1.00
Y_IN -0.02
T[0] = 0 Y[0] = -0.01
Y_IN 10.29
T[1] = 1 Y[1] = 1.00
Z[0] = -1.00
Z[1] = -1.00
Y_IN 3.53
T[0] = 1 Y[0] = 0.94
Y_IN -0.02
T[1] = 0 Y[1] = -0.01
Z[0] = -1.00
Z[1] = -1.00
Y_IN 3.53
T[0] = 1 Y[0] = 0.94
Y_IN -0.02
T[1] = 0 Y[1] = -0.01
Z[0] = -1.00
Z[1] = 1.00
Y_IN -0.02
T[0] = 0 Y[0] = -0.01
Y_IN 10.29
T[1] = 1 Y[1] = 1.00
Z[0] = -1.00
Z[1] = 0.89
Y_IN 0.18
T[0] = 0 Y[0] = 0.09
Y_IN 9.72
T[1] = 1 Y[1] = 1.00
Z[0] = -1.00
Z[1] = -1.00
Y_IN 3.53
T[0] = 1 Y[0] = 0.94
Y_IN -0.03
T[1] = 0 Y[1] = -0.01
Z[0] = -1.00
Z[1] = -1.00
Y_IN 3.53
T[0] = 1 Y[0] = 0.94
Y_IN -0.00
T[1] = 0 Y[1] = -0.00
Z[0] = -1.00
Z[1] = -1.00
Y_IN 3.53
T[0] = 1 Y[0] = 0.94
Y_IN -0.03
T[1] = 0 Y[1] = -0.01
Z[0] = -1.00
Z[1] = 1.00
Y_IN -0.02
T[0] = 0 Y[0] = -0.01
Y_IN 10.29
T[1] = 1 Y[1] = 1.00
Z[0] = -1.00
Z[1] = -1.00
Y_IN 3.53
T[0] = 1 Y[0] = 0.94
Y_IN -0.03
T[1] = 0 Y[1] = -0.01
Z[0] = -1.00
Z[1] = 1.00
Y_IN -0.02
T[0] = 0 Y[0] = -0.01
Y_IN 10.29
T[1] = 1 Y[1] = 1.00
Z[0] = -1.00
Z[1] = -1.00
Y_IN 3.53
T[0] = 1 Y[0] = 0.94
Y_IN -0.01
T[1] = 0 Y[1] = -0.01
Z[0] = -1.00
Z[1] = 0.86
Y_IN 0.23
T[0] = 0 Y[0] = 0.11
Y_IN 9.58
T[1] = 1 Y[1] = 1.00
Z[0] = -1.00
Z[1] = 1.00
Y_IN -0.02
T[0] = 0 Y[0] = -0.01
Y_IN 10.29
T[1] = 1 Y[1] = 1.00
Z[0] = -1.00
Z[1] = -1.00
Y_IN 3.53
T[0] = 1 Y[0] = 0.94
Y_IN -0.03
T[1] = 0 Y[1] = -0.01
Z[0] = -1.00
Z[1] = -1.00
Y_IN 3.53
T[0] = 1 Y[0] = 0.94
Y_IN -0.02
T[1] = 0 Y[1] = -0.01
Z[0] = -1.00
Z[1] = -1.00
Y_IN 3.53
T[0] = 1 Y[0] = 0.94
Y_IN -0.03
T[1] = 0 Y[1] = -0.01
Z[0] = -1.00
Z[1] = -1.00
Y_IN 3.53
T[0] = 1 Y[0] = 0.94
Y_IN -0.02
T[1] = 0 Y[1] = -0.01
Z[0] = -1.00
Z[1] = 1.00
Y_IN -0.02
T[0] = 1 Y[0] = -0.01
Y_IN 10.29
T[1] = 0 Y[1] = 1.00
Z[0] = -1.00
Z[1] = 1.00
Y_IN -0.02
T[0] = 0 Y[0] = -0.01
Y_IN 10.29
T[1] = 1 Y[1] = 1.00
Z[0] = -1.00
Z[1] = -1.00
Y_IN 3.53
T[0] = 1 Y[0] = 0.94
Y_IN -0.03
T[1] = 0 Y[1] = -0.01
Z[0] = -1.00
Z[1] = -1.00
Y_IN 3.53
T[0] = 1 Y[0] = 0.94
Y_IN -0.02
T[1] = 0 Y[1] = -0.01
Z[0] = -1.00
Z[1] = -1.00
Y_IN 3.53
T[0] = 1 Y[0] = 0.94
Y_IN -0.03
T[1] = 0 Y[1] = -0.01
Z[0] = -1.00
Z[1] = 1.00
Y_IN -0.02
T[0] = 0 Y[0] = -0.01
Y_IN 10.29
T[1] = 1 Y[1] = 1.00
Z[0] = -1.00
Z[1] = 0.89
Y_IN 0.18
T[0] = 0 Y[0] = 0.09
Y_IN 9.73
T[1] = 1 Y[1] = 1.00
Z[0] = -1.00
Z[1] = 0.99
Y_IN -0.01
T[0] = 0 Y[0] = -0.00
Y_IN 10.26
T[1] = 1 Y[1] = 1.00
Z[0] = -1.00
Z[1] = 0.99
Y_IN -0.00
T[0] = 1 Y[0] = -0.00
Y_IN 10.26
T[1] = 0 Y[1] = 1.00
Z[0] = -1.00
Z[1] = -1.00
Y_IN 3.53
T[0] = 1 Y[0] = 0.94
Y_IN -0.03
T[1] = 0 Y[1] = -0.01
Z[0] = -1.00
Z[1] = 1.00
Y_IN -0.02
T[0] = 0 Y[0] = -0.01
Y_IN 10.29
T[1] = 1 Y[1] = 1.00
Z[0] = -1.00
Z[1] = 1.00
Y_IN -0.02
T[0] = 0 Y[0] = -0.01
Y_IN 10.29
T[1] = 1 Y[1] = 1.00
Z[0] = -1.00
Z[1] = -1.00
Y_IN 3.53
T[0] = 1 Y[0] = 0.94
Y_IN -0.03
T[1] = 0 Y[1] = -0.01
Z[0] = -1.00
Z[1] = -1.00
Y_IN 3.53
T[0] = 1 Y[0] = 0.94
Y_IN -0.03
T[1] = 0 Y[1] = -0.01
Z[0] = -1.00
Z[1] = -1.00
Y_IN 3.53
T[0] = 1 Y[0] = 0.94
Y_IN -0.03
T[1] = 0 Y[1] = -0.01
Z[0] = -1.00
Z[1] = -0.99
Y_IN 3.52
T[0] = 1 Y[0] = 0.94
Y_IN 0.03
T[1] = 0 Y[1] = 0.01
Z[0] = -1.00
Z[1] = -1.00
Y_IN 3.53
T[0] = 1 Y[0] = 0.94
Y_IN -0.02
T[1] = 0 Y[1] = -0.01
Z[0] = -1.00
Z[1] = 1.00
Y_IN -0.02
T[0] = 0 Y[0] = -0.01
Y_IN 10.29
T[1] = 1 Y[1] = 1.00
Z[0] = -1.00
Z[1] = -0.95
Y_IN 3.45
T[0] = 0 Y[0] = 0.94
Y_IN 0.22
T[1] = 1 Y[1] = 0.11
Z[0] = -1.00
Z[1] = -1.00
Y_IN 3.53
T[0] = 1 Y[0] = 0.94
Y_IN -0.03
T[1] = 0 Y[1] = -0.01
Z[0] = -1.00
Z[1] = 1.00
Y_IN -0.02
T[0] = 0 Y[0] = -0.01
Y_IN 10.29
T[1] = 1 Y[1] = 1.00
Z[0] = -1.00
Z[1] = -1.00
Y_IN 3.53
T[0] = 1 Y[0] = 0.94
Y_IN -0.03
T[1] = 0 Y[1] = -0.01
Z[0] = -1.00
Z[1] = -1.00
Y_IN 3.53
T[0] = 1 Y[0] = 0.94
Y_IN -0.03
T[1] = 0 Y[1] = -0.01
Z[0] = -1.00
Z[1] = 1.00
Y_IN -0.02
T[0] = 0 Y[0] = -0.01
Y_IN 10.29
T[1] = 1 Y[1] = 1.00
Z[0] = -1.00
Z[1] = -1.00
Y_IN 3.53
T[0] = 1 Y[0] = 0.94
Y_IN -0.02
T[1] = 0 Y[1] = -0.01
Z[0] = -1.00
Z[1] = -1.00
Y_IN 3.53
T[0] = 1 Y[0] = 0.94
Y_IN -0.03
T[1] = 0 Y[1] = -0.01
Z[0] = -1.00
Z[1] = 0.99
Y_IN -0.00
T[0] = 0 Y[0] = -0.00
Y_IN 10.25
T[1] = 1 Y[1] = 1.00
Z[0] = -1.00
Z[1] = -1.00
Y_IN 3.53
T[0] = 1 Y[0] = 0.94
Y_IN -0.03
T[1] = 0 Y[1] = -0.01
Z[0] = -1.00
Z[1] = -1.00
Y_IN 3.53
T[0] = 1 Y[0] = 0.94
Y_IN -0.03
T[1] = 0 Y[1] = -0.01
Z[0] = -1.00
Z[1] = -0.99
Y_IN 3.52
T[0] = 1 Y[0] = 0.94
Y_IN -0.00
T[1] = 0 Y[1] = -0.00
Z[0] = -1.00
Z[1] = 1.00
Y_IN -0.02
T[0] = 0 Y[0] = -0.01
Y_IN 10.29
T[1] = 1 Y[1] = 1.00
Z[0] = -1.00
Z[1] = -1.00
Y_IN 3.53
T[0] = 1 Y[0] = 0.94
Y_IN -0.03
T[1] = 0 Y[1] = -0.01
Z[0] = -1.00
Z[1] = -1.00
Y_IN 3.53
T[0] = 1 Y[0] = 0.94
Y_IN -0.02
T[1] = 0 Y[1] = -0.01
Z[0] = -1.00
Z[1] = -0.98
Y_IN 3.50
T[0] = 1 Y[0] = 0.94
Y_IN 0.08
T[1] = 0 Y[1] = 0.04
Z[0] = -1.00
Z[1] = -1.00
Y_IN 3.53
T[0] = 1 Y[0] = 0.94
Y_IN -0.03
T[1] = 0 Y[1] = -0.01
Z[0] = -1.00
Z[1] = 1.00
Y_IN -0.01
T[0] = 0 Y[0] = -0.01
Y_IN 10.28
T[1] = 1 Y[1] = 1.00
Z[0] = -1.00
Z[1] = -1.00
Y_IN 3.53
T[0] = 1 Y[0] = 0.94
Y_IN -0.02
T[1] = 0 Y[1] = -0.01
Z[0] = -1.00
Z[1] = 1.00
Y_IN -0.01
T[0] = 0 Y[0] = -0.01
Y_IN 10.28
T[1] = 1 Y[1] = 1.00
Z[0] = -1.00
Z[1] = 1.00
Y_IN -0.02
T[0] = 0 Y[0] = -0.01
Y_IN 10.29
T[1] = 1 Y[1] = 1.00
Z[0] = -1.00
Z[1] = -0.79
Y_IN 3.16
T[0] = 0 Y[0] = 0.92
Y_IN 1.06
T[1] = 1 Y[1] = 0.49
Z[0] = -1.00
Z[1] = 1.00
Y_IN -0.02
T[0] = 0 Y[0] = -0.01
Y_IN 10.29
T[1] = 1 Y[1] = 1.00
Z[0] = -1.00
Z[1] = -1.00
Y_IN 3.53
T[0] = 1 Y[0] = 0.94
Y_IN -0.02
T[1] = 0 Y[1] = -0.01
Z[0] = -1.00
Z[1] = -1.00
Y_IN 3.53
T[0] = 1 Y[0] = 0.94
Y_IN -0.02
T[1] = 0 Y[1] = -0.01
Z[0] = -1.00
Z[1] = 1.00
Y_IN -0.02
T[0] = 0 Y[0] = -0.01
Y_IN 10.29
T[1] = 1 Y[1] = 1.00
Z[0] = -1.00
Z[1] = -1.00
Y_IN 3.53
T[0] = 1 Y[0] = 0.94
Y_IN -0.03
T[1] = 0 Y[1] = -0.01
Z[0] = -1.00
Z[1] = -0.97
Y_IN 3.49
T[0] = 1 Y[0] = 0.94
Y_IN 0.11
T[1] = 0 Y[1] = 0.06
Z[0] = -1.00
Z[1] = -1.00
Y_IN 3.53
T[0] = 1 Y[0] = 0.94
Y_IN -0.03
T[1] = 0 Y[1] = -0.01
Z[0] = -1.00
Z[1] = -1.00
Y_IN 3.53
T[0] = 1 Y[0] = 0.94
Y_IN -0.03
T[1] = 0 Y[1] = -0.01
Z[0] = -1.00
Z[1] = -1.00
Y_IN 3.53
T[0] = 1 Y[0] = 0.94
Y_IN -0.01
T[1] = 0 Y[1] = -0.01
Z[0] = -1.00
Z[1] = -1.00
Y_IN 3.53
T[0] = 1 Y[0] = 0.94
Y_IN -0.01
T[1] = 0 Y[1] = -0.01
Z[0] = -1.00
Z[1] = -1.00
Y_IN 3.53
T[0] = 1 Y[0] = 0.94
Y_IN -0.02
T[1] = 0 Y[1] = -0.01
Z[0] = -1.00
Z[1] = -1.00
Y_IN 3.53
T[0] = 1 Y[0] = 0.94
Y_IN -0.03
T[1] = 0 Y[1] = -0.01
Z[0] = -1.00
Z[1] = -1.00
Y_IN 3.53
T[0] = 1 Y[0] = 0.94
Y_IN -0.03
T[1] = 0 Y[1] = -0.01
Z[0] = -1.00
Z[1] = 1.00
Y_IN -0.02
T[0] = 0 Y[0] = -0.01
Y_IN 10.29
T[1] = 1 Y[1] = 1.00
Z[0] = -1.00
Z[1] = -1.00
Y_IN 3.53
T[0] = 1 Y[0] = 0.94
Y_IN -0.03
T[1] = 0 Y[1] = -0.01
Z[0] = -1.00
Z[1] = -0.88
Y_IN 3.32
T[0] = 1 Y[0] = 0.93
Y_IN 0.60
T[1] = 0 Y[1] = 0.29
Z[0] = -1.00
Z[1] = -1.00
Y_IN 3.53
T[0] = 1 Y[0] = 0.94
Y_IN -0.02
T[1] = 0 Y[1] = -0.01
Z[0] = -1.00
Z[1] = 1.00
Y_IN -0.02
T[0] = 0 Y[0] = -0.01
Y_IN 10.29
T[1] = 1 Y[1] = 1.00
Z[0] = -1.00
Z[1] = -1.00
Y_IN 3.53
T[0] = 1 Y[0] = 0.94
Y_IN -0.03
T[1] = 0 Y[1] = -0.01
Z[0] = -1.00
Z[1] = -1.00
Y_IN 3.53
T[0] = 1 Y[0] = 0.94
Y_IN -0.02
T[1] = 0 Y[1] = -0.01
Z[0] = -1.00
Z[1] = -1.00
Y_IN 3.53
T[0] = 1 Y[0] = 0.94
Y_IN -0.03
T[1] = 0 Y[1] = -0.01
Z[0] = -1.00
Z[1] = 1.00
Y_IN -0.02
T[0] = 0 Y[0] = -0.01
Y_IN 10.29
T[1] = 1 Y[1] = 1.00
Z[0] = -1.00
Z[1] = 1.00
Y_IN -0.02
T[0] = 0 Y[0] = -0.01
Y_IN 10.29
T[1] = 1 Y[1] = 1.00
Z[0] = -1.00
Z[1] = -1.00
Y_IN 3.53
T[0] = 1 Y[0] = 0.94
Y_IN -0.02
T[1] = 0 Y[1] = -0.01
Z[0] = -1.00
Z[1] = 1.00
Y_IN -0.02
T[0] = 0 Y[0] = -0.01
Y_IN 10.29
T[1] = 1 Y[1] = 1.00
Z[0] = -1.00
Z[1] = 1.00
Y_IN -0.02
T[0] = 0 Y[0] = -0.01
Y_IN 10.29
T[1] = 1 Y[1] = 1.00
Z[0] = -1.00
Z[1] = -1.00
Y_IN 3.53
T[0] = 1 Y[0] = 0.94
Y_IN -0.01
T[1] = 0 Y[1] = -0.01
Z[0] = -1.00
Z[1] = -1.00
Y_IN 3.53
T[0] = 1 Y[0] = 0.94
Y_IN -0.03
T[1] = 0 Y[1] = -0.01
Z[0] = -1.00
Z[1] = 1.00
Y_IN -0.01
T[0] = 0 Y[0] = -0.01
Y_IN 10.28
T[1] = 1 Y[1] = 1.00
Z[0] = -1.00
Z[1] = 1.00
Y_IN -0.02
T[0] = 0 Y[0] = -0.01
Y_IN 10.29
T[1] = 1 Y[1] = 1.00
Z[0] = -1.00
Z[1] = -0.99
Y_IN 3.52
T[0] = 1 Y[0] = 0.94
Y_IN 0.02
T[1] = 0 Y[1] = 0.01
Z[0] = -1.00
Z[1] = 1.00
Y_IN -0.02
T[0] = 0 Y[0] = -0.01
Y_IN 10.29
T[1] = 1 Y[1] = 1.00
Z[0] = -1.00
Z[1] = -0.41
Y_IN 2.48
T[0] = 0 Y[0] = 0.85
Y_IN 3.03
T[1] = 1 Y[1] = 0.91
Z[0] = -1.00
Z[1] = -1.00
Y_IN 3.53
T[0] = 1 Y[0] = 0.94
Y_IN -0.03
T[1] = 0 Y[1] = -0.01
Z[0] = -1.00
Z[1] = -0.19
Y_IN 2.10
T[0] = 1 Y[0] = 0.78
Y_IN 4.14
T[1] = 0 Y[1] = 0.97
Z[0] = -1.00
Z[1] = -0.89
Y_IN 3.34
T[0] = 1 Y[0] = 0.93
Y_IN 0.54
T[1] = 0 Y[1] = 0.26
Z[0] = -1.00
Z[1] = -1.00
Y_IN 3.53
T[0] = 1 Y[0] = 0.94
Y_IN -0.01
T[1] = 0 Y[1] = -0.01
Z[0] = -1.00
Z[1] = -1.00
Y_IN 3.53
T[0] = 1 Y[0] = 0.94
Y_IN -0.03
T[1] = 0 Y[1] = -0.01
Z[0] = -1.00
Z[1] = -1.00
Y_IN 3.53
T[0] = 1 Y[0] = 0.94
Y_IN -0.00
T[1] = 0 Y[1] = -0.00
Z[0] = -1.00
Z[1] = -1.00
Y_IN 3.53
T[0] = 1 Y[0] = 0.94
Y_IN -0.03
T[1] = 0 Y[1] = -0.01
Z[0] = -1.00
Z[1] = -1.00
Y_IN 3.53
T[0] = 1 Y[0] = 0.94
Y_IN -0.02
T[1] = 0 Y[1] = -0.01
Z[0] = -1.00
Z[1] = 1.00
Y_IN -0.02
T[0] = 0 Y[0] = -0.01
Y_IN 10.29
T[1] = 1 Y[1] = 1.00
Z[0] = -1.00
Z[1] = -0.24
Y_IN 2.19
T[0] = 0 Y[0] = 0.80
Y_IN 3.89
T[1] = 1 Y[1] = 0.96
Z[0] = -1.00
Z[1] = -1.00
Y_IN 3.53
T[0] = 1 Y[0] = 0.94
Y_IN -0.02
T[1] = 0 Y[1] = -0.01
Z[0] = -1.00
Z[1] = -1.00
Y_IN 3.53
T[0] = 1 Y[0] = 0.94
Y_IN -0.03
T[1] = 0 Y[1] = -0.01
Z[0] = -1.00
Z[1] = -1.00
Y_IN 3.53
T[0] = 1 Y[0] = 0.94
Y_IN -0.03
T[1] = 0 Y[1] = -0.01
Z[0] = -1.00
Z[1] = 1.00
Y_IN -0.02
T[0] = 0 Y[0] = -0.01
Y_IN 10.29
T[1] = 1 Y[1] = 1.00
Z[0] = -1.00
Z[1] = -1.00
Y_IN 3.53
T[0] = 1 Y[0] = 0.94
Y_IN -0.03
T[1] = 0 Y[1] = -0.01
Z[0] = -1.00
Z[1] = 1.00
Y_IN -0.02
T[0] = 0 Y[0] = -0.01
Y_IN 10.29
T[1] = 1 Y[1] = 1.00
Z[0] = -1.00
Z[1] = 0.71
Y_IN 0.50
T[0] = 0 Y[0] = 0.25
Y_IN 8.78
T[1] = 1 Y[1] = 1.00
Z[0] = -1.00
Z[1] = -1.00
Y_IN 3.53
T[0] = 1 Y[0] = 0.94
Y_IN -0.03
T[1] = 0 Y[1] = -0.01
Z[0] = -1.00
Z[1] = -1.00
Y_IN 3.53
T[0] = 1 Y[0] = 0.94
Y_IN -0.02
T[1] = 0 Y[1] = -0.01
Z[0] = -1.00
Z[1] = -1.00
Y_IN 3.53
T[0] = 1 Y[0] = 0.94
Y_IN -0.03
T[1] = 0 Y[1] = -0.01
Z[0] = -1.00
Z[1] = -1.00
Y_IN 3.53
T[0] = 1 Y[0] = 0.94
Y_IN -0.02
T[1] = 0 Y[1] = -0.01
Z[0] = -1.00
Z[1] = -1.00
Y_IN 3.53
T[0] = 1 Y[0] = 0.94
Y_IN -0.03
T[1] = 0 Y[1] = -0.01
Z[0] = -1.00
Z[1] = 1.00
Y_IN -0.02
T[0] = 0 Y[0] = -0.01
Y_IN 10.29
T[1] = 1 Y[1] = 1.00
Z[0] = -1.00
Z[1] = -1.00
Y_IN 3.53
T[0] = 1 Y[0] = 0.94
Y_IN -0.03
T[1] = 0 Y[1] = -0.01
Z[0] = -1.00
Z[1] = -1.00
Y_IN 3.53
T[0] = 1 Y[0] = 0.94
Y_IN -0.02
T[1] = 0 Y[1] = -0.01
Z[0] = -1.00
Z[1] = 1.00
Y_IN -0.02
T[0] = 0 Y[0] = -0.01
Y_IN 10.29
T[1] = 1 Y[1] = 1.00
Z[0] = -1.00
Z[1] = 1.00
Y_IN -0.01
T[0] = 0 Y[0] = -0.01
Y_IN 10.28
T[1] = 1 Y[1] = 1.00
Z[0] = -1.00
Z[1] = -1.00
Y_IN 3.53
T[0] = 1 Y[0] = 0.94
Y_IN -0.02
T[1] = 0 Y[1] = -0.01
Z[0] = -1.00
Z[1] = -1.00
Y_IN 3.53
T[0] = 1 Y[0] = 0.94
Y_IN -0.02
T[1] = 0 Y[1] = -0.01
Z[0] = -1.00
Z[1] = -1.00
Y_IN 3.53
T[0] = 1 Y[0] = 0.94
Y_IN -0.02
T[1] = 0 Y[1] = -0.01
Z[0] = -1.00
Z[1] = -1.00
Y_IN 3.53
T[0] = 1 Y[0] = 0.94
Y_IN -0.03
T[1] = 0 Y[1] = -0.01
Z[0] = -1.00
Z[1] = -1.00
Y_IN 3.53
T[0] = 1 Y[0] = 0.94
Y_IN -0.02
T[1] = 0 Y[1] = -0.01
Z[0] = -1.00
Z[1] = -1.00
Y_IN 3.53
T[0] = 1 Y[0] = 0.94
Y_IN -0.02
T[1] = 0 Y[1] = -0.01
Z[0] = -1.00
Z[1] = -0.99
Y_IN 3.51
T[0] = 1 Y[0] = 0.94
Y_IN 0.04
T[1] = 0 Y[1] = 0.02
Z[0] = -1.00
Z[1] = -1.00
Y_IN 3.53
T[0] = 1 Y[0] = 0.94
Y_IN -0.03
T[1] = 0 Y[1] = -0.01
Z[0] = -1.00
Z[1] = 1.00
Y_IN -0.02
T[0] = 0 Y[0] = -0.01
Y_IN 10.29
T[1] = 1 Y[1] = 1.00
Z[0] = -1.00
Z[1] = 0.69
Y_IN 0.53
T[0] = 0 Y[0] = 0.26
Y_IN 8.70
T[1] = 1 Y[1] = 1.00
Z[0] = -1.00
Z[1] = 1.00
Y_IN -0.02
T[0] = 0 Y[0] = -0.01
Y_IN 10.29
T[1] = 1 Y[1] = 1.00
Z[0] = -1.00
Z[1] = 1.00
Y_IN -0.01
T[0] = 0 Y[0] = -0.01
Y_IN 10.28
T[1] = 1 Y[1] = 1.00
Z[0] = -1.00
Z[1] = -1.00
Y_IN 3.53
T[0] = 1 Y[0] = 0.94
Y_IN -0.03
T[1] = 0 Y[1] = -0.01
Z[0] = -1.00
Z[1] = -1.00
Y_IN 3.53
T[0] = 1 Y[0] = 0.94
Y_IN -0.02
T[1] = 0 Y[1] = -0.01
Z[0] = -1.00
Z[1] = -1.00
Y_IN 3.53
T[0] = 1 Y[0] = 0.94
Y_IN -0.02
T[1] = 0 Y[1] = -0.01
Z[0] = -1.00
Z[1] = -1.00
Y_IN 3.53
T[0] = 1 Y[0] = 0.94
Y_IN -0.01
T[1] = 0 Y[1] = -0.01
Z[0] = -1.00
Z[1] = -1.00
Y_IN 3.53
T[0] = 1 Y[0] = 0.94
Y_IN -0.03
T[1] = 0 Y[1] = -0.01
Z[0] = -1.00
Z[1] = -1.00
Y_IN 3.53
T[0] = 1 Y[0] = 0.94
Y_IN -0.03
T[1] = 0 Y[1] = -0.01
Z[0] = -1.00
Z[1] = 1.00
Y_IN -0.01
T[0] = 0 Y[0] = -0.01
Y_IN 10.29
T[1] = 1 Y[1] = 1.00
Z[0] = -1.00
Z[1] = 0.99
Y_IN -0.01
T[0] = 0 Y[0] = -0.00
Y_IN 10.27
T[1] = 1 Y[1] = 1.00
Z[0] = -1.00
Z[1] = 1.00
Y_IN -0.01
T[0] = 0 Y[0] = -0.01
Y_IN 10.29
T[1] = 1 Y[1] = 1.00
Z[0] = -1.00
Z[1] = -1.00
Y_IN 3.53
T[0] = 1 Y[0] = 0.94
Y_IN -0.00
T[1] = 0 Y[1] = -0.00
Z[0] = -1.00
Z[1] = -1.00
Y_IN 3.53
T[0] = 1 Y[0] = 0.94
Y_IN -0.03
T[1] = 0 Y[1] = -0.01
Z[0] = -1.00
Z[1] = -1.00
Y_IN 3.53
T[0] = 1 Y[0] = 0.94
Y_IN -0.03
T[1] = 0 Y[1] = -0.01
Z[0] = -1.00
Z[1] = 1.00
Y_IN -0.01
T[0] = 0 Y[0] = -0.01
Y_IN 10.27
T[1] = 1 Y[1] = 1.00
Z[0] = -1.00
Z[1] = -0.52
Y_IN 2.68
T[0] = 1 Y[0] = 0.87
Y_IN 2.44
T[1] = 0 Y[1] = 0.84
Z[0] = -1.00
Z[1] = 1.00
Y_IN -0.02
T[0] = 0 Y[0] = -0.01
Y_IN 10.29
T[1] = 1 Y[1] = 1.00
Z[0] = -1.00
Z[1] = 1.00
Y_IN -0.02
T[0] = 0 Y[0] = -0.01
Y_IN 10.29
T[1] = 1 Y[1] = 1.00
Z[0] = -1.00
Z[1] = 1.00
Y_IN -0.02
T[0] = 0 Y[0] = -0.01
Y_IN 10.29
T[1] = 1 Y[1] = 1.00
Z[0] = -1.00
Z[1] = -1.00
Y_IN 3.53
T[0] = 1 Y[0] = 0.94
Y_IN -0.02
T[1] = 0 Y[1] = -0.01
Z[0] = -1.00
Z[1] = -1.00
Y_IN 3.53
T[0] = 1 Y[0] = 0.94
Y_IN -0.02
T[1] = 0 Y[1] = -0.01
Z[0] = -1.00
Z[1] = 1.00
Y_IN -0.02
T[0] = 0 Y[0] = -0.01
Y_IN 10.29
T[1] = 1 Y[1] = 1.00
Z[0] = -1.00
Z[1] = -1.00
Y_IN 3.53
T[0] = 1 Y[0] = 0.94
Y_IN -0.03
T[1] = 0 Y[1] = -0.01
Z[0] = -1.00
Z[1] = -1.00
Y_IN 3.53
T[0] = 1 Y[0] = 0.94
Y_IN -0.02
T[1] = 0 Y[1] = -0.01
Z[0] = -1.00
Z[1] = -1.00
Y_IN 3.53
T[0] = 1 Y[0] = 0.94
Y_IN -0.02
T[1] = 0 Y[1] = -0.01
Z[0] = -1.00
Z[1] = -1.00
Y_IN 3.53
T[0] = 1 Y[0] = 0.94
Y_IN -0.03
T[1] = 0 Y[1] = -0.01
