0.00 -0.36 
-0.14 0.39 
-0.09 0.41 
0.04 -0.48 
-0.31 0.40 -0.21 0.48 

##################LEARN##################
0.69280
0.49664
0.47187
0.46542
0.46155
0.45509
0.44598
0.43807
0.43385
0.43304
0.43226
0.42675
0.41643
0.40299
0.39100
0.38683
0.38672
0.38320
0.37758
0.37041
0.36150
0.35141
0.34085
0.33115
0.32423
0.32016
0.31673
0.31206
0.30586
0.29878
0.29170
0.28535
0.28008
0.27573
0.27169
0.26733
0.26221
0.25630
0.24980
0.24300
0.23599
0.22871
0.22110
0.21319
0.20504
0.19666
0.18816
0.17967
0.17131
0.16319
0.15538
0.14798
0.14104
0.13461
0.12871
0.12333
0.11846
0.11407
0.11011
0.10654
0.10331
0.10038
0.09771
0.09526
0.09299
0.09089
0.08893
0.08708
0.08534
0.08368
0.08210
0.08060
0.07915
0.07776
0.07642
0.07513
0.07388
0.07266
0.07147
0.07032
0.06919
0.06808
0.06699
0.06593
0.06487
0.06384
0.06282
0.06181
0.06082
0.05983
0.05886
0.05790
0.05694
0.05600
0.05506
0.05413
0.05321
0.05230
0.05139
0.05050
0.04961
0.04872
0.04785
0.04698
0.04613
0.04527
0.04443
0.04360
0.04277
0.04196
0.04115
0.04036
0.03957
0.03879
0.03803
0.03727
0.03653
0.03580
0.03508
0.03437
0.03367
0.03299
0.03232
0.03166
0.03101
0.03038
0.02976
0.02915
0.02855
0.02797
0.02740
0.02684
0.02630
0.02576
0.02524
0.02473
0.02424
0.02375
0.02328
0.02282
0.02237
0.02193
0.02150
0.02109
0.02068
0.02028
0.01989
0.01952
0.01915
0.01879
0.01844
0.01810
0.01776
0.01744
0.01712
0.01681
0.01651
0.01621
0.01592
0.01564
0.01537
0.01510
0.01484
0.01458
0.01433
0.01409
0.01385
0.01362
0.01339
0.01317
0.01295
0.01274
0.01253
0.01233
0.01213
0.01194
0.01175
0.01157
0.01138
0.01121
0.01103
0.01087
0.01070
0.01054
0.01038
0.01023
0.01007
0.00993
0.00978
0.00964
0.00950
0.00937
0.00923
0.00910
0.00898
0.00885
0.00873
0.00861
0.00850
0.00839
0.00828
0.00817
0.00806
0.00796
0.00786
0.00776
0.00766
0.00757
0.00747
0.00738
0.00729
0.00721
0.00712
0.00704
0.00696
0.00688
0.00681
0.00673
0.00666
0.00658
0.00651
0.00645
0.00638
0.00631
0.00625
0.00619
0.00613
0.00607
0.00601
0.00595
0.00590
0.00584
0.00579
0.00574
0.00569
0.00564
0.00559
0.00555
0.00550
0.00546
0.00542
0.00537
0.00533
0.00529
0.00526
0.00522
0.00518
0.00515
0.00511
0.00508
0.00505
0.00501
0.00498
0.00495
0.00493
0.00490
0.00487
0.00485
0.00482
0.00480
0.00477
0.00475
0.00473
0.00471
0.00469
0.00467
0.00465
0.00463
0.00462
0.00460
0.00459
0.00457
0.00456
0.00455
0.00453
0.00452
0.00451
0.00450
0.00449
0.00449
0.00448
0.00447
0.00447
0.00446
0.00446
0.00446
0.00445
0.00445
0.00445
0.00445
0.00445
0.00445
0.00445
0.00446
0.00446
0.00447
0.00447
0.00448
0.00449
0.00450
0.00450
0.00451
0.00453
0.00454
0.00455
0.00457
0.00458
0.00460
0.00461
0.00463
0.00465
0.00467
0.00469
0.00471
0.00474
0.00476
0.00479
0.00481
0.00484
0.00487
0.00490
0.00493
0.00497
0.00500
0.00504
0.00508
0.00511
0.00516
0.00520
0.00524
0.00529
0.00533
0.00538
0.00543
0.00549
0.00554
0.00560
0.00565
0.00571
0.00578
0.00584
0.00591
0.00598
0.00605
0.00612
0.00620
0.00627
0.00636
0.00644
0.00653
0.00661
0.00671
0.00680
0.00690
0.00700
0.00711
0.00721
0.00732
0.00744
0.00756
0.00768
0.00780
0.00793
0.00807
0.00820
0.00835
0.00849
0.00864
0.00880
0.00895
0.00912
0.00929
0.00946
0.00964
0.00982
0.01001
0.01020
0.01040
0.01060
0.01081
0.01102
0.01124
0.01146
0.01169
0.01192
0.01216
0.01241
0.01266
0.01291
0.01317
0.01344
0.01371
0.01399
0.01427
0.01455
0.01484
0.01514
0.01544
0.01574
0.01605
0.01636
0.01667
0.01699
0.01731
0.01763
0.01796
0.01829
0.01861
0.01895
0.01928
0.01961
0.01995
0.02028
0.02061
0.02095
0.02128
0.02161
0.02194
0.02227
0.02260
0.02292
0.02324
0.02356
0.02388
0.02419
0.02449
0.02480
0.02510
0.02539
0.02568
0.02596
0.02624
0.02651
0.02678
0.02704
0.02730
0.02755
0.02780
0.02803
0.02827
0.02849
0.02871
0.02893
0.02914
0.02934
0.02954
0.02973
0.02991
0.03009
0.03027
0.03043
0.03060
0.03076
0.03091
0.03106
0.03120
0.03134
0.03148
0.03161
0.03173
0.03186
0.03198
0.03209
0.03221
0.03232
0.03243
0.03253
0.03263
0.03274
0.03284
0.03293
0.03303
0.03312
0.03322
0.03331
0.03340
0.03350
0.03359
0.03368
0.03377
0.03387
0.03396
0.03405
0.03415
0.03424
0.03434
0.03444
0.03454
0.03464
0.03474
0.03485
0.03496
0.03506
0.03518
0.03529
0.03540
0.03552
0.03564
0.03576
0.03589
0.03601
0.03614
0.03627
0.03641
0.03654
0.03668
0.03682
0.03696
0.03711
0.03725
0.03740
0.03755
0.03770
0.03785
0.03801
0.03817
0.03832
0.03848
0.03864
0.03880
0.03897
0.03913
0.03930
0.03947
0.03964
0.03981
0.03998
0.04016
0.04033
0.04051
0.04069
0.04087
0.04106
0.04124
0.04143
0.04162
0.04181
0.04201
0.04220
0.04240
0.04259
0.04279
0.04299
0.04319
0.04339
0.04358
0.04378
0.04397
0.04416
0.04435
0.04453
0.04471
0.04488
0.04504
0.04520
0.04534
0.04548
0.04560
0.04571
0.04581
0.04589
0.04595
0.04600
0.04602
0.04603
0.04601
0.04598
0.04592
0.04584
0.04573
0.04560
0.04545
0.04527
0.04507
0.04484
0.04460
0.04433
0.04404
0.04372
0.04339
0.04305
0.04268
0.04230
0.04191
0.04151
0.04110
0.04068
0.04026
0.03983
0.03941
0.03898
0.03855
0.03813
0.03771
0.03729
0.03689
0.03649
0.03610
0.03572
0.03536
0.03501
0.03467
0.03434
0.03403
0.03373
0.03344
0.03317
0.03292
0.03268
0.03246
0.03225
0.03206
0.03189
0.03173
0.03158
0.03145
0.03134
0.03124
0.03116
0.03109
0.03103
0.03099
0.03096
0.03095
0.03095
0.03097
0.03100
0.03104
0.03109
0.03116
0.03123
0.03133
0.03143
0.03154
0.03167
0.03180
0.03195
0.03210
0.03227
0.03244
0.03262
0.03282
0.03301
0.03322
0.03343
0.03365
0.03387
0.03410
0.03433
0.03456
0.03480
0.03504
0.03527
0.03550
0.03574
0.03596
0.03619
0.03641
0.03662
0.03682
0.03701
0.03719
0.03736
0.03751
0.03765
0.03777
0.03788
0.03797
0.03804
0.03809
0.03812
0.03813
0.03812
0.03809
0.03804
0.03796
0.03787
0.03776
0.03763
0.03748
0.03732
0.03714
0.03694
0.03674
0.03652
0.03629
0.03606
0.03582
0.03558
0.03533
0.03508
0.03483
0.03459
0.03434
0.03410
0.03387
0.03364
0.03342
0.03321
0.03300
0.03280
0.03261
0.03243
0.03226
0.03210
0.03195
0.03180
0.03167
0.03154
0.03142
0.03130
0.03119
0.03108
0.03098
0.03089
0.03079
0.03070
0.03061
0.03052
0.03043
0.03034
0.03025
0.03015
0.03005
0.02995
0.02985
0.02974
0.02963
0.02952
0.02940
0.02927
0.02915
0.02901
0.02888
0.02874
0.02860
0.02846
0.02831
0.02816
0.02801
0.02786
0.02770
0.02755
0.02740
0.02724
0.02708
0.02693
0.02678
0.02662
0.02647
0.02632
0.02617
0.02602
0.02587
0.02572
0.02557
0.02543
0.02529
0.02514
0.02500
0.02486
0.02472
0.02459
0.02445
0.02431
0.02418
0.02405
0.02391
0.02378
0.02365
0.02352
0.02340
0.02327
0.02314
0.02302
0.02290
0.02277
0.02265
0.02253
0.02242
0.02230
0.02218
0.02207
0.02195
0.02184
0.02173
0.02162
0.02151
0.02140
0.02130
0.02119
0.02109
0.02099
0.02088
0.02078
0.02069
0.02059
0.02049
0.02040
0.02030
0.02021
0.02012
0.02003
0.01994
0.01985
0.01977
0.01968
0.01960
0.01951
0.01943
0.01935
0.01927
0.01919
0.01912
0.01904
0.01897
0.01889
0.01882
0.01875
0.01868
0.01861
0.01854
0.01848
0.01841
0.01835
0.01828
0.01822
0.01816
0.01810
0.01804
0.01799
0.01793
0.01787
0.01782
0.01777
0.01772
0.01767
0.01762
0.01757
0.01752
0.01748
0.01743
0.01739
0.01734
0.01730
0.01726
0.01722
0.01719
0.01715
0.01711
0.01708
0.01705
0.01701
0.01698
0.01695
0.01693
0.01690
0.01687
0.01685
0.01682
0.01680
0.01678
0.01676
0.01674
0.01672
0.01671
0.01669
0.01668
0.01667
0.01666
0.01665
0.01664
0.01663
0.01662
0.01662
0.01662
0.01661
0.01661
0.01661
0.01662
0.01662
0.01662
0.01663
0.01664
0.01665
0.01666
0.01667
0.01668
0.01670
0.01672
0.01673
0.01675
0.01677
0.01680
0.01682
0.01685
0.01687
0.01690
0.01693
0.01696
0.01700
0.01703
0.01707
0.01711
0.01715
0.01719
0.01723
0.01728
0.01733
0.01737
0.01743
0.01748
0.01753
0.01759
0.01764
0.01770
0.01777
0.01783
0.01789
0.01796
0.01803
0.01810
0.01817
0.01825
0.01832
0.01840
0.01848
0.01857
0.01865
0.01874
0.01883
0.01892
0.01901
0.01910
0.01920
0.01930
0.01940
0.01951
0.01961
0.01972
0.01983
0.01994
0.02006
0.02017
0.02029
0.02041
0.02054
0.02066
0.02079
0.02092
0.02105
0.02119
0.02133
0.02147
0.02161
0.02175
0.02190
0.02205
0.02220
0.02235
0.02251
0.02267
0.02283
0.02299
0.02316
0.02332
0.02349
0.02367
0.02384
0.02402
0.02420
0.02438
0.02456
0.02475
0.02493
0.02512
0.02531
0.02551
0.02570
0.02590
0.02610
0.02630
0.02651
0.02671
0.02692
0.02712
0.02733
0.02755
0.02776
0.02797
0.02819
0.02841
0.02862
0.02884
0.02906
0.02928
0.02951
0.02973
0.02995
0.03018

##################TEST##################
Z[0] = 0.71
Z[1] = -0.04
Y_IN 0.02
T[0] = 0 Y[0] = 0.01
Y_IN 4.93
T[1] = 1 Y[1] = 0.99
Z[0] = 1.00
Z[1] = -0.08
Y_IN -0.36
T[0] = 0 Y[0] = -0.18
Y_IN 5.86
T[1] = 1 Y[1] = 0.99
Z[0] = -0.98
Z[1] = -0.05
Y_IN 2.40
T[0] = 1 Y[0] = 0.83
Y_IN 0.04
T[1] = 0 Y[1] = 0.02
Z[0] = 0.51
Z[1] = -0.08
Y_IN 0.33
T[0] = 0 Y[0] = 0.16
Y_IN 4.46
T[1] = 1 Y[1] = 0.98
