0.00 -0.36 
-0.14 0.39 
-0.09 0.41 
0.04 -0.48 
-0.31 0.40 -0.21 0.48 

##################LEARN##################
0.78882
0.46132
0.41333
0.40994
0.41226
0.41373
0.41316
0.41029
0.40498
0.39717
0.38737
0.37825
0.37601
0.38088
0.37817
0.36493
0.35037
0.33789
0.32652
0.31716
0.31161
0.30548
0.29835
0.29626
0.29732
0.29682
0.29527
0.29555
0.29552
0.29374
0.29183
0.29020
0.28773
0.28468
0.28211
0.27996
0.27772
0.27545
0.27296
0.26937
0.26494
0.26096
0.25772
0.25463
0.25100
0.24620
0.23989
0.23212
0.22329
0.21397
0.20481
0.19647
0.18954
0.18444
0.18140
0.18040
0.18103
0.18259
0.18443
0.18649
0.18920
0.19285
0.19727
0.20203
0.20675
0.21119
0.21513
0.21843
0.22096
0.22264
0.22335
0.22300
0.22150
0.21874
0.21466
0.20923
0.20253
0.19478
0.18630
0.17739
0.16829
0.15932
0.15085
0.14292
0.13510
0.12703
0.11885
0.11087
0.10329
0.09623
0.08978
0.08399
0.07885
0.07430
0.07030
0.06679
0.06373
0.06108
0.05882
0.05691
0.05537
0.05420
0.05345
0.05319
0.05352
0.05458
0.05653
0.05946
0.06326
0.06752
0.07171
0.07570
0.07991
0.08457
0.08926
0.09339
0.09670
0.09925
0.10118
0.10262
0.10366
0.10439
0.10484
0.10505
0.10503
0.10477
0.10428
0.10356
0.10259
0.10137
0.09990
0.09818
0.09622
0.09402
0.09162
0.08903
0.08628
0.08339
0.08040
0.07734
0.07425
0.07118
0.06821
0.06546
0.06297
0.06076
0.05877
0.05695
0.05524
0.05363
0.05212
0.05071
0.04942
0.04825
0.04721
0.04631
0.04556
0.04498
0.04458
0.04441
0.04450
0.04490
0.04565
0.04678
0.04833
0.05026
0.05252
0.05488
0.05706
0.05879
0.05991
0.06040
0.06027
0.05959
0.05845
0.05693
0.05516
0.05327
0.05139
0.04963
0.04810
0.04682
0.04581
0.04502
0.04442
0.04396
0.04362
0.04335
0.04312
0.04291
0.04269
0.04246
0.04221
0.04195
0.04168
0.04140
0.04112
0.04084
0.04056
0.04029
0.04002
0.03975
0.03948
0.03921
0.03895
0.03868
0.03841
0.03815
0.03788
0.03762
0.03736
0.03709
0.03683
0.03657
0.03630
0.03604
0.03578
0.03551
0.03525
0.03499
0.03472
0.03446
0.03419
0.03393
0.03367
0.03340
0.03314
0.03287
0.03261
0.03234
0.03208
0.03181
0.03155
0.03128
0.03102
0.03075
0.03049
0.03023
0.02997
0.02970
0.02944
0.02918
0.02892
0.02867
0.02841
0.02815
0.02790
0.02764
0.02739
0.02714
0.02689
0.02665
0.02640
0.02616
0.02592
0.02567
0.02544
0.02520
0.02497
0.02473
0.02450
0.02428
0.02405
0.02383
0.02361
0.02339
0.02317
0.02296
0.02274
0.02253
0.02233
0.02212
0.02192
0.02172
0.02152
0.02132
0.02113
0.02094
0.02075
0.02056
0.02038
0.02020
0.02002
0.01984
0.01966
0.01949
0.01932
0.01915
0.01898
0.01882
0.01865
0.01849
0.01833
0.01817
0.01802
0.01787
0.01771
0.01756
0.01742
0.01727
0.01713
0.01698
0.01684
0.01670
0.01657
0.01643
0.01630
0.01616
0.01603
0.01590
0.01578
0.01565
0.01552
0.01540
0.01528
0.01516
0.01504
0.01492
0.01481
0.01469
0.01458
0.01446
0.01435
0.01424
0.01413
0.01403
0.01392
0.01382
0.01371
0.01361
0.01351
0.01341
0.01331
0.01321
0.01311
0.01301
0.01292
0.01283
0.01273
0.01264
0.01255
0.01246
0.01237
0.01228
0.01219
0.01211
0.01202
0.01194
0.01185
0.01177
0.01169
0.01161
0.01153
0.01145
0.01137
0.01129
0.01121
0.01114
0.01106
0.01098
0.01091
0.01084
0.01076
0.01069
0.01062
0.01055
0.01048
0.01041
0.01034
0.01027
0.01021
0.01014
0.01007
0.01001
0.00994
0.00988
0.00982
0.00975
0.00969
0.00963
0.00957
0.00951
0.00945
0.00939
0.00933
0.00927
0.00921
0.00915
0.00910
0.00904
0.00899
0.00893
0.00888
0.00882
0.00877
0.00871
0.00866
0.00861
0.00856
0.00850
0.00845
0.00840
0.00835
0.00830
0.00825
0.00821
0.00816
0.00811
0.00806
0.00801
0.00797
0.00792
0.00787
0.00783
0.00778
0.00774
0.00769
0.00765
0.00761
0.00756
0.00752
0.00748
0.00744
0.00739
0.00735
0.00731
0.00727
0.00723
0.00719
0.00715
0.00711
0.00707
0.00703
0.00699
0.00695
0.00692
0.00688
0.00684
0.00680
0.00677
0.00673
0.00669
0.00666
0.00662
0.00659
0.00655
0.00652
0.00648
0.00645
0.00642
0.00638
0.00635
0.00631
0.00628
0.00625
0.00622
0.00618
0.00615
0.00612
0.00609
0.00606
0.00603
0.00600
0.00597
0.00594
0.00591
0.00588
0.00585
0.00582
0.00579
0.00576
0.00573
0.00570
0.00567
0.00565
0.00562
0.00559
0.00556
0.00553
0.00551
0.00548
0.00545
0.00543
0.00540
0.00538
0.00535
0.00532
0.00530
0.00527
0.00525
0.00522
0.00520
0.00517
0.00515
0.00512
0.00510
0.00508
0.00505
0.00503
0.00501
0.00498
0.00496
0.00494
0.00491
0.00489
0.00487
0.00485
0.00482
0.00480
0.00478
0.00476
0.00474
0.00471
0.00469
0.00467
0.00465
0.00463
0.00461
0.00459
0.00457
0.00455
0.00453
0.00451
0.00449
0.00447
0.00445
0.00443
0.00441
0.00439
0.00437
0.00435
0.00433
0.00431
0.00430
0.00428
0.00426
0.00424
0.00422
0.00421
0.00419
0.00417
0.00415
0.00413
0.00412
0.00410
0.00408
0.00406
0.00405
0.00403
0.00401
0.00400
0.00398
0.00396
0.00395
0.00393
0.00392
0.00390
0.00388
0.00387
0.00385
0.00384
0.00382
0.00381
0.00379
0.00377
0.00376
0.00374
0.00373
0.00371
0.00370
0.00368
0.00367
0.00366
0.00364
0.00363
0.00361
0.00360
0.00358
0.00357
0.00356
0.00354
0.00353
0.00351
0.00350
0.00349
0.00347
0.00346
0.00345
0.00343
0.00342
0.00341
0.00340
0.00338
0.00337
0.00336
0.00334
0.00333
0.00332
0.00331
0.00329
0.00328
0.00327
0.00326
0.00325
0.00323
0.00322
0.00321
0.00320
0.00319
0.00317
0.00316
0.00315
0.00314
0.00313
0.00312
0.00311
0.00309
0.00308
0.00307
0.00306
0.00305
0.00304
0.00303
0.00302
0.00301
0.00300
0.00298
0.00297
0.00296
0.00295
0.00294
0.00293
0.00292
0.00291
0.00290
0.00289
0.00288
0.00287
0.00286
0.00285
0.00284
0.00283
0.00282
0.00281
0.00280
0.00279
0.00278
0.00277
0.00276
0.00276
0.00275
0.00274
0.00273
0.00272
0.00271
0.00270
0.00269
0.00268
0.00267
0.00266
0.00266
0.00265
0.00264
0.00263
0.00262
0.00261
0.00260
0.00259
0.00259
0.00258
0.00257
0.00256
0.00255
0.00254
0.00254
0.00253
0.00252
0.00251
0.00250
0.00250
0.00249
0.00248
0.00247
0.00246
0.00246
0.00245
0.00244
0.00243
0.00242
0.00242
0.00241
0.00240
0.00239
0.00239
0.00238
0.00237
0.00236
0.00236
0.00235
0.00234
0.00234
0.00233
0.00232
0.00231
0.00231
0.00230
0.00229
0.00229
0.00228
0.00227
0.00227
0.00226
0.00225
0.00224
0.00224
0.00223
0.00222
0.00222
0.00221
0.00220
0.00220
0.00219
0.00218
0.00218
0.00217
0.00217
0.00216
0.00215
0.00215
0.00214
0.00213
0.00213
0.00212
0.00212
0.00211
0.00210
0.00210
0.00209
0.00208
0.00208
0.00207
0.00207
0.00206
0.00206
0.00205
0.00204
0.00204
0.00203
0.00203
0.00202
0.00201
0.00201
0.00200
0.00200
0.00199
0.00199
0.00198
0.00198
0.00197
0.00196
0.00196
0.00195
0.00195
0.00194
0.00194
0.00193
0.00193
0.00192
0.00192
0.00191
0.00191
0.00190
0.00189
0.00189
0.00188
0.00188
0.00187
0.00187
0.00186
0.00186
0.00185
0.00185
0.00184
0.00184
0.00183
0.00183
0.00182
0.00182
0.00181
0.00181
0.00181
0.00180
0.00180
0.00179
0.00179
0.00178
0.00178
0.00177
0.00177
0.00176
0.00176
0.00175
0.00175
0.00174
0.00174
0.00174
0.00173
0.00173
0.00172
0.00172
0.00171
0.00171
0.00170
0.00170
0.00170
0.00169
0.00169
0.00168
0.00168
0.00167
0.00167
0.00167
0.00166
0.00166
0.00165
0.00165
0.00165
0.00164
0.00164
0.00163
0.00163
0.00163
0.00162
0.00162
0.00161
0.00161
0.00161
0.00160
0.00160
0.00159
0.00159
0.00159
0.00158
0.00158
0.00157
0.00157
0.00157
0.00156
0.00156
0.00155
0.00155
0.00155
0.00154
0.00154
0.00154
0.00153
0.00153
0.00153
0.00152
0.00152
0.00151
0.00151
0.00151
0.00150
0.00150
0.00150
0.00149
0.00149
0.00149
0.00148
0.00148
0.00148
0.00147
0.00147
0.00147
0.00146
0.00146
0.00146
0.00145
0.00145
0.00145
0.00144
0.00144
0.00144
0.00143
0.00143
0.00143
0.00142
0.00142
0.00142
0.00141
0.00141
0.00141
0.00140
0.00140
0.00140
0.00139
0.00139
0.00139
0.00138
0.00138
0.00138
0.00137
0.00137
0.00137
0.00137
0.00136
0.00136
0.00136
0.00135
0.00135
0.00135
0.00134
0.00134
0.00134
0.00134
0.00133
0.00133
0.00133
0.00132
0.00132
0.00132
0.00132
0.00131
0.00131
0.00131
0.00130
0.00130
0.00130
0.00130
0.00129
0.00129
0.00129
0.00128
0.00128
0.00128
0.00128
0.00127
0.00127
0.00127
0.00127
0.00126
0.00126
0.00126
0.00125
0.00125
0.00125
0.00125
0.00124
0.00124
0.00124
0.00124
0.00123
0.00123
0.00123
0.00123
0.00122
0.00122
0.00122
0.00122
0.00121
0.00121
0.00121
0.00121
0.00120
0.00120
0.00120
0.00120
0.00119
0.00119
0.00119
0.00119
0.00118
0.00118
0.00118
0.00118
0.00117
0.00117
0.00117
0.00117
0.00117
0.00116
0.00116
0.00116
0.00116
0.00115
0.00115
0.00115
0.00115
0.00114
0.00114
0.00114
0.00114
0.00114
0.00113
0.00113
0.00113
0.00113
0.00112
0.00112

##################TEST##################
Z[0] = -0.83
Z[1] = 0.89
Y_IN 6.81
T[0] = 1 Y[0] = 1.00
Y_IN 0.00
T[1] = 0 Y[1] = 0.00
Z[0] = -0.07
Z[1] = -0.42
Y_IN -0.00
T[0] = 0 Y[0] = -0.00
Y_IN 3.53
T[1] = 1 Y[1] = 0.94
Z[0] = -0.96
Z[1] = 0.99
Y_IN 7.43
T[0] = 1 Y[0] = 1.00
Y_IN -0.04
T[1] = 0 Y[1] = -0.02
Z[0] = -0.65
Z[1] = 0.76
Y_IN 5.97
T[0] = 1 Y[0] = 0.99
Y_IN 0.03
T[1] = 0 Y[1] = 0.02
