0.00 -0.36 
-0.14 0.39 
-0.09 0.41 
0.04 -0.48 
-0.31 0.40 -0.21 0.48 

##################LEARN##################
0.69543
0.49986
0.46473
0.45434
0.45104
0.44910
0.44541
0.43925
0.43213
0.42736
0.42523
0.42169
0.41739
0.41341
0.40817
0.40162
0.39405
0.38592
0.37801
0.37158
0.36709
0.36273
0.35781
0.35330
0.34900
0.34413
0.33825
0.33125
0.32341
0.31538
0.30812
0.30247
0.29840
0.29499
0.29131
0.28692
0.28185
0.27634
0.27075
0.26546
0.26077
0.25671
0.25306
0.24944
0.24554
0.24117
0.23631
0.23104
0.22549
0.21974
0.21385
0.20785
0.20175
0.19561
0.18943
0.18325
0.17709
0.17100
0.16500
0.15913
0.15340
0.14784
0.14248
0.13734
0.13244
0.12779
0.12340
0.11928
0.11541
0.11180
0.10843
0.10528
0.10234
0.09959
0.09700
0.09457
0.09228
0.09011
0.08805
0.08610
0.08423
0.08245
0.08074
0.07911
0.07753
0.07601
0.07454
0.07312
0.07175
0.07041
0.06911
0.06784
0.06660
0.06539
0.06421
0.06305
0.06192
0.06081
0.05972
0.05865
0.05760
0.05657
0.05556
0.05457
0.05359
0.05263
0.05169
0.05076
0.04985
0.04896
0.04808
0.04721
0.04636
0.04553
0.04471
0.04391
0.04313
0.04235
0.04160
0.04086
0.04013
0.03942
0.03872
0.03804
0.03737
0.03672
0.03608
0.03546
0.03485
0.03425
0.03367
0.03310
0.03255
0.03201
0.03148
0.03097
0.03046
0.02997
0.02950
0.02903
0.02858
0.02813
0.02770
0.02728
0.02687
0.02647
0.02608
0.02570
0.02533
0.02497
0.02462
0.02427
0.02394
0.02361
0.02330
0.02299
0.02268
0.02239
0.02210
0.02182
0.02155
0.02128
0.02102
0.02077
0.02052
0.02028
0.02005
0.01982
0.01959
0.01937
0.01916
0.01895
0.01875
0.01855
0.01836
0.01817
0.01799
0.01781
0.01763
0.01746
0.01730
0.01713
0.01698
0.01682
0.01667
0.01652
0.01638
0.01624
0.01611
0.01598
0.01585
0.01572
0.01560
0.01548
0.01537
0.01525
0.01515
0.01504
0.01494
0.01484
0.01474
0.01465
0.01456
0.01447
0.01439
0.01431
0.01423
0.01415
0.01408
0.01401
0.01394
0.01388
0.01381
0.01376
0.01370
0.01364
0.01359
0.01355
0.01350
0.01346
0.01342
0.01338
0.01334
0.01331
0.01328
0.01325
0.01323
0.01320
0.01318
0.01317
0.01315
0.01314
0.01313
0.01312
0.01312
0.01311
0.01311
0.01312
0.01312
0.01313
0.01314
0.01316
0.01317
0.01319
0.01321
0.01323
0.01326
0.01329
0.01332
0.01335
0.01339
0.01343
0.01347
0.01351
0.01356
0.01361
0.01366
0.01372
0.01377
0.01383
0.01390
0.01396
0.01403
0.01410
0.01417
0.01425
0.01433
0.01441
0.01449
0.01458
0.01467
0.01476
0.01485
0.01495
0.01505
0.01515
0.01526
0.01536
0.01547
0.01558
0.01570
0.01581
0.01593
0.01605
0.01618
0.01630
0.01643
0.01656
0.01669
0.01683
0.01697
0.01710
0.01724
0.01739
0.01753
0.01768
0.01782
0.01797
0.01812
0.01828
0.01843
0.01859
0.01874
0.01890
0.01906
0.01922
0.01938
0.01954
0.01970
0.01986
0.02003
0.02019
0.02035
0.02052
0.02068
0.02084
0.02101
0.02117
0.02133
0.02150
0.02166
0.02182
0.02198
0.02214
0.02230
0.02246
0.02261
0.02277
0.02292
0.02308
0.02323
0.02338
0.02352
0.02367
0.02381
0.02395
0.02409
0.02423
0.02437
0.02450
0.02463
0.02476
0.02488
0.02500
0.02513
0.02524
0.02536
0.02547
0.02558
0.02568
0.02579
0.02589
0.02599
0.02608
0.02617
0.02626
0.02635
0.02643
0.02651
0.02659
0.02666
0.02673
0.02680
0.02686
0.02693
0.02699
0.02704
0.02710
0.02715
0.02719
0.02724
0.02728
0.02732
0.02736
0.02739
0.02743
0.02746
0.02749
0.02751
0.02753
0.02756
0.02757
0.02759
0.02761
0.02762
0.02763
0.02764
0.02765
0.02766
0.02766
0.02767
0.02767
0.02767
0.02767
0.02767
0.02767
0.02767
0.02766
0.02766
0.02765
0.02765
0.02764
0.02764
0.02763
0.02763
0.02762
0.02762
0.02761
0.02761
0.02761
0.02760
0.02760
0.02760
0.02760
0.02760
0.02760
0.02761
0.02761
0.02762
0.02763
0.02764
0.02765
0.02767
0.02768
0.02770
0.02773
0.02775
0.02778
0.02781
0.02785
0.02789
0.02793
0.02798
0.02803
0.02808
0.02814
0.02820
0.02827
0.02834
0.02842
0.02850
0.02859
0.02868
0.02878
0.02888
0.02899
0.02910
0.02922
0.02935
0.02948
0.02962
0.02976
0.02991
0.03007
0.03023
0.03040
0.03058
0.03076
0.03094
0.03114
0.03133
0.03154
0.03175
0.03196
0.03218
0.03240
0.03263
0.03286
0.03310
0.03334
0.03358
0.03383
0.03407
0.03432
0.03457
0.03482
0.03507
0.03531
0.03556
0.03580
0.03604
0.03628
0.03651
0.03673
0.03695
0.03716
0.03736
0.03755
0.03774
0.03791
0.03806
0.03821
0.03834
0.03846
0.03856
0.03864
0.03870
0.03875
0.03878
0.03879
0.03878
0.03875
0.03870
0.03863
0.03854
0.03843
0.03830
0.03815
0.03797
0.03778
0.03757
0.03735
0.03710
0.03684
0.03656
0.03627
0.03596
0.03565
0.03532
0.03497
0.03462
0.03427
0.03390
0.03353
0.03315
0.03277
0.03239
0.03200
0.03162
0.03123
0.03085
0.03046
0.03008
0.02971
0.02934
0.02897
0.02860
0.02825
0.02790
0.02755
0.02721
0.02688
0.02656
0.02625
0.02594
0.02564
0.02535
0.02506
0.02479
0.02452
0.02426
0.02401
0.02377
0.02354
0.02331
0.02310
0.02289
0.02269
0.02249
0.02231
0.02213
0.02196
0.02180
0.02164
0.02150
0.02135
0.02122
0.02109
0.02098
0.02086
0.02076
0.02066
0.02056
0.02048
0.02040
0.02032
0.02026
0.02020
0.02014
0.02009
0.02005
0.02001
0.01998
0.01995
0.01993
0.01992
0.01991
0.01991
0.01991
0.01992
0.01993
0.01995
0.01998
0.02001
0.02005
0.02009
0.02014
0.02019
0.02025
0.02032
0.02039
0.02047
0.02055
0.02064
0.02073
0.02084
0.02094
0.02106
0.02118
0.02130
0.02144
0.02158
0.02172
0.02188
0.02204
0.02221
0.02238
0.02256
0.02275
0.02295
0.02315
0.02337
0.02359
0.02381
0.02405
0.02430
0.02455
0.02481
0.02508
0.02536
0.02565
0.02594
0.02625
0.02656
0.02688
0.02721
0.02755
0.02790
0.02826
0.02863
0.02900
0.02938
0.02977
0.03017
0.03057
0.03098
0.03139
0.03180
0.03222
0.03265
0.03307
0.03349
0.03391
0.03432
0.03473
0.03513
0.03552
0.03589
0.03625
0.03659
0.03691
0.03720
0.03746
0.03770
0.03789
0.03805
0.03817
0.03824
0.03827
0.03824
0.03816
0.03803
0.03785
0.03760
0.03731
0.03695
0.03655
0.03609
0.03559
0.03504
0.03445
0.03382
0.03316
0.03247
0.03177
0.03105
0.03032
0.02958
0.02885
0.02812
0.02740
0.02669
0.02600
0.02533
0.02468
0.02405
0.02345
0.02288
0.02233
0.02181
0.02131
0.02085
0.02041
0.01999
0.01960
0.01924
0.01890
0.01858
0.01828
0.01800
0.01775
0.01751
0.01730
0.01710
0.01691
0.01675
0.01660
0.01646
0.01635
0.01624
0.01615
0.01607
0.01601
0.01596
0.01592
0.01589
0.01587
0.01587
0.01587
0.01589
0.01591
0.01595
0.01599
0.01604
0.01610
0.01616
0.01623
0.01630
0.01638
0.01646
0.01654
0.01661
0.01669
0.01677
0.01684
0.01690
0.01696
0.01702
0.01706
0.01710
0.01713
0.01714
0.01715
0.01715
0.01714
0.01712
0.01708
0.01704
0.01699
0.01693
0.01686
0.01679
0.01670
0.01661
0.01652
0.01642
0.01632
0.01621
0.01611
0.01600
0.01588
0.01577
0.01566
0.01555
0.01544
0.01533
0.01522
0.01511
0.01501
0.01491
0.01481
0.01471
0.01461
0.01452
0.01443
0.01434
0.01425
0.01416
0.01408
0.01400
0.01392
0.01384
0.01376
0.01369
0.01362
0.01354
0.01347
0.01340
0.01333
0.01326
0.01319
0.01312
0.01306
0.01299
0.01292
0.01285
0.01279
0.01272
0.01266
0.01259
0.01252
0.01246
0.01239
0.01233
0.01226
0.01220
0.01213
0.01207
0.01200
0.01194
0.01188
0.01182
0.01175
0.01169
0.01163
0.01157
0.01151
0.01145
0.01139
0.01133
0.01127
0.01121
0.01116
0.01110
0.01104
0.01099
0.01093
0.01088
0.01082
0.01077
0.01072
0.01067
0.01061
0.01056
0.01051
0.01046
0.01041
0.01036
0.01031
0.01026
0.01022
0.01017
0.01012
0.01008
0.01003
0.00998
0.00994
0.00989
0.00985
0.00981
0.00976
0.00972
0.00968
0.00964
0.00959
0.00955
0.00951
0.00947
0.00943
0.00939
0.00935
0.00932
0.00928
0.00924
0.00920
0.00917
0.00913
0.00910
0.00906
0.00902
0.00899
0.00896
0.00892
0.00889
0.00886
0.00882
0.00879
0.00876
0.00873
0.00870
0.00867
0.00864
0.00861
0.00858
0.00855
0.00852
0.00849
0.00846
0.00844
0.00841
0.00838
0.00836
0.00833
0.00831
0.00828
0.00826
0.00823
0.00821
0.00818
0.00816
0.00814
0.00811
0.00809
0.00807
0.00805
0.00802
0.00800
0.00798
0.00796
0.00794
0.00792
0.00790
0.00788
0.00786
0.00785
0.00783
0.00781
0.00779
0.00777
0.00776
0.00774
0.00772
0.00771
0.00769
0.00768
0.00766
0.00765
0.00763
0.00762
0.00760
0.00759
0.00757
0.00756
0.00755
0.00753
0.00752
0.00751
0.00750
0.00749
0.00747
0.00746
0.00745
0.00744
0.00743
0.00742
0.00741
0.00740
0.00739
0.00738
0.00737
0.00736
0.00736
0.00735
0.00734
0.00733
0.00732
0.00732
0.00731
0.00730
0.00730
0.00729
0.00728
0.00728
0.00727
0.00727
0.00726
0.00726
0.00725
0.00725
0.00724
0.00724
0.00723
0.00723
0.00723
0.00722
0.00722
0.00722
0.00721
0.00721
0.00721
0.00721
0.00721
0.00720
0.00720
0.00720
0.00720
0.00720
0.00720
0.00720
0.00720

##################TEST##################
Z[0] = 0.85
Z[1] = -0.23
Y_IN 0.01
T[0] = 0 Y[0] = 0.00
Y_IN 5.57
T[1] = 1 Y[1] = 0.99
Z[0] = 1.00
Z[1] = -0.32
Y_IN -0.19
T[0] = 0 Y[0] = -0.10
Y_IN 6.21
T[1] = 1 Y[1] = 1.00
Z[0] = -0.92
Z[1] = -0.12
Y_IN 3.13
T[0] = 1 Y[0] = 0.92
Y_IN 0.01
T[1] = 0 Y[1] = 0.00
Z[0] = 0.77
Z[1] = -0.21
Y_IN 0.14
T[0] = 0 Y[0] = 0.07
Y_IN 5.29
T[1] = 1 Y[1] = 0.99
