0.46 -0.22 
0.30 0.29 
-0.49 -0.12 
0.48 0.07 
0.32 0.07 -0.36 0.33 

##################LEARN##################
1.07964
0.54610
0.42498
0.40221
0.39591
0.39439
0.39435
0.39457
0.39463
0.39440
0.39386
0.39307
0.39211
0.39105
0.39000
0.38902
0.38817
0.38744
0.38675
0.38597
0.38495
0.38355
0.38164
0.37914
0.37600
0.37221
0.36773
0.36254
0.35657
0.34969
0.34164
0.33209
0.32064
0.30724
0.29395
0.28749
0.28096
0.25305
0.24058
0.24795
0.25652
0.26140
0.26249
0.26355
0.26515
0.26617
0.26600
0.26452
0.26202
0.25877
0.25489
0.25031
0.24496
0.23880
0.23187
0.22422
0.21592
0.20707
0.19788
0.18863
0.17972
0.17156
0.16445
0.15847
0.15334
0.14850
0.14326
0.13713
0.13009
0.12270
0.11583
0.11017
0.10604
0.10337
0.10185
0.10111
0.10085
0.10086
0.10104
0.10134
0.10170
0.10206
0.10234
0.10248
0.10244
0.10216
0.10161
0.10076
0.09961
0.09816
0.09642
0.09443
0.09222
0.08983
0.08729
0.08467
0.08200
0.07933
0.07667
0.07406
0.07150
0.06898
0.06649
0.06401
0.06156
0.05918
0.05698
0.05513
0.05386
0.05336
0.05372
0.05490
0.05672
0.05891
0.06117
0.06330
0.06512
0.06659
0.06771
0.06850
0.06904
0.06937
0.06954
0.06959
0.06954
0.06940
0.06919
0.06891
0.06857
0.06816
0.06769
0.06716
0.06656
0.06589
0.06516
0.06435
0.06346
0.06251
0.06148
0.06039
0.05923
0.05800
0.05672
0.05539
0.05402
0.05263
0.05123
0.04985
0.04853
0.04730
0.04623
0.04536
0.04475
0.04443
0.04446
0.04484
0.04555
0.04657
0.04784
0.04927
0.05078
0.05230
0.05375
0.05508
0.05625
0.05726
0.05810
0.05878
0.05931
0.05971
0.05999
0.06018
0.06028
0.06031
0.06027
0.06016
0.06000
0.05979
0.05952
0.05920
0.05883
0.05840
0.05792
0.05737
0.05677
0.05611
0.05539
0.05460
0.05375
0.05284
0.05187
0.05085
0.04978
0.04866
0.04752
0.04637
0.04524
0.04414
0.04313
0.04222
0.04148
0.04094
0.04065
0.04062
0.04088
0.04143
0.04226
0.04332
0.04456
0.04593
0.04735
0.04876
0.05010
0.05132
0.05241
0.05334
0.05412
0.05474
0.05521
0.05557
0.05580
0.05595
0.05600
0.05599
0.05591
0.05578
0.05561
0.05539
0.05514
0.05486
0.05454
0.05419
0.05382
0.05342
0.05299
0.05253
0.05205
0.05153
0.05099
0.05042
0.04983
0.04921
0.04856
0.04789
0.04720
0.04649
0.04577
0.04504
0.04432
0.04360
0.04290
0.04223
0.04161
0.04103
0.04053
0.04011
0.03979
0.03957
0.03947
0.03949
0.03964
0.03992
0.04032
0.04083
0.04143
0.04212
0.04286
0.04364
0.04444
0.04522
0.04598
0.04670
0.04736
0.04796
0.04849
0.04895
0.04935
0.04967
0.04994
0.05015
0.05030
0.05040
0.05046
0.05047
0.05045
0.05040
0.05031
0.05020
0.05006
0.04989
0.04970
0.04948
0.04925
0.04898
0.04870
0.04840
0.04807
0.04772
0.04735
0.04695
0.04654
0.04610
0.04564
0.04516
0.04467
0.04415
0.04363
0.04309
0.04255
0.04201
0.04147
0.04094
0.04043
0.03994
0.03949
0.03909
0.03873
0.03844
0.03821
0.03807
0.03801
0.03803
0.03815
0.03836
0.03865
0.03902
0.03946
0.03996
0.04051
0.04109
0.04169
0.04229
0.04287
0.04344
0.04397
0.04445
0.04489
0.04528
0.04562
0.04591
0.04614
0.04633
0.04647
0.04657
0.04662
0.04665
0.04664
0.04661
0.04655
0.04647
0.04636
0.04624
0.04611
0.04596
0.04580
0.04563
0.04545
0.04526
0.04506
0.04485
0.04463
0.04441
0.04418
0.04395
0.04371
0.04346
0.04321
0.04295
0.04269
0.04243
0.04216
0.04189
0.04161
0.04134
0.04106
0.04079
0.04051
0.04024
0.03998
0.03972
0.03946
0.03922
0.03898
0.03876
0.03855
0.03836
0.03818
0.03803
0.03789
0.03778
0.03769
0.03763
0.03759
0.03758
0.03759
0.03764
0.03770
0.03780
0.03792
0.03806
0.03822
0.03841
0.03861
0.03882
0.03904
0.03928
0.03951
0.03975
0.03999
0.04023
0.04046
0.04069
0.04090
0.04111
0.04130
0.04148
0.04164
0.04180
0.04193
0.04205
0.04216
0.04225
0.04233
0.04239
0.04244
0.04247
0.04249
0.04250
0.04250
0.04248
0.04245
0.04241
0.04235
0.04229
0.04221
0.04212
0.04202
0.04191
0.04179
0.04166
0.04152
0.04136
0.04120
0.04102
0.04083
0.04064
0.04043
0.04021
0.03999
0.03975
0.03951
0.03926
0.03900
0.03874
0.03847
0.03820
0.03794
0.03767
0.03741
0.03715
0.03690
0.03666
0.03644
0.03623
0.03604
0.03588
0.03574
0.03563
0.03555
0.03551
0.03549
0.03551
0.03557
0.03565
0.03578
0.03593
0.03610
0.03630
0.03653
0.03676
0.03701
0.03726
0.03752
0.03777
0.03802
0.03825
0.03848
0.03868
0.03887
0.03903
0.03918
0.03930
0.03940
0.03949
0.03955
0.03959
0.03962
0.03963
0.03962
0.03960
0.03957
0.03953
0.03948
0.03942
0.03935
0.03928
0.03920
0.03912
0.03904
0.03895
0.03887
0.03878
0.03869
0.03860
0.03851
0.03843
0.03834
0.03825
0.03817
0.03809
0.03800
0.03792
0.03784
0.03777
0.03769
0.03762
0.03755
0.03748
0.03741
0.03734
0.03727
0.03721
0.03715
0.03709
0.03703
0.03697
0.03692
0.03686
0.03681
0.03676
0.03670
0.03666
0.03661
0.03656
0.03651
0.03647
0.03642
0.03638
0.03634
0.03630
0.03626
0.03622
0.03618
0.03615
0.03611
0.03607
0.03604
0.03600
0.03597
0.03594
0.03591
0.03587
0.03584
0.03581
0.03578
0.03575
0.03572
0.03570
0.03567
0.03564
0.03561
0.03559
0.03556
0.03554
0.03551
0.03549
0.03546
0.03544
0.03541
0.03539
0.03537
0.03534
0.03532
0.03530
0.03527
0.03525
0.03523
0.03521
0.03519
0.03516
0.03514
0.03512
0.03510
0.03507
0.03505
0.03503
0.03501
0.03499
0.03496
0.03494
0.03492
0.03490
0.03487
0.03485
0.03483
0.03481
0.03478
0.03476
0.03474
0.03471
0.03469
0.03467
0.03464
0.03462
0.03459
0.03457
0.03454
0.03452
0.03449
0.03447
0.03444
0.03442
0.03439
0.03436
0.03434
0.03431
0.03429
0.03426
0.03423
0.03421
0.03418
0.03415
0.03413
0.03410
0.03407
0.03405
0.03402
0.03399
0.03397
0.03394
0.03392
0.03389
0.03386
0.03384
0.03381
0.03379
0.03377
0.03374
0.03372
0.03369
0.03367
0.03365
0.03363
0.03360
0.03358
0.03356
0.03354
0.03352
0.03350
0.03348
0.03346
0.03344
0.03342
0.03340
0.03339
0.03337
0.03335
0.03333
0.03332
0.03330
0.03328
0.03327
0.03325
0.03324
0.03322
0.03321
0.03319
0.03317
0.03316
0.03314
0.03313
0.03311
0.03309
0.03308
0.03306
0.03304
0.03303
0.03301
0.03299
0.03298
0.03296
0.03294
0.03292
0.03290
0.03288
0.03286
0.03284
0.03282
0.03280
0.03278
0.03276
0.03273
0.03271
0.03269
0.03266
0.03264
0.03262
0.03259
0.03257
0.03254
0.03252
0.03249
0.03247
0.03244
0.03242
0.03239
0.03236
0.03234
0.03231
0.03228
0.03226
0.03223
0.03220
0.03218
0.03215
0.03212
0.03210
0.03207
0.03204
0.03201
0.03199
0.03196
0.03193
0.03191
0.03188
0.03185
0.03182
0.03180
0.03177
0.03174
0.03172
0.03169
0.03166
0.03163
0.03161
0.03158
0.03155
0.03153
0.03150
0.03147
0.03144
0.03142
0.03139
0.03136
0.03133
0.03131
0.03128
0.03125
0.03122
0.03120
0.03117
0.03114
0.03111
0.03108
0.03106
0.03103
0.03100
0.03097
0.03094
0.03091
0.03088
0.03085
0.03082
0.03079
0.03076
0.03073
0.03071
0.03068
0.03065
0.03061
0.03058
0.03055
0.03052
0.03049
0.03046
0.03043
0.03040
0.03037
0.03034
0.03031
0.03028
0.03024
0.03021
0.03018
0.03015
0.03012
0.03008
0.03005
0.03002
0.02999
0.02996
0.02992
0.02989
0.02986
0.02982
0.02979
0.02976
0.02973
0.02969
0.02966
0.02963
0.02959
0.02956
0.02952
0.02949
0.02946
0.02942
0.02939
0.02935
0.02932
0.02929
0.02925
0.02922
0.02918
0.02915
0.02911
0.02908
0.02904
0.02900
0.02897
0.02893
0.02890
0.02886
0.02883
0.02879
0.02875
0.02872
0.02868
0.02864
0.02861
0.02857
0.02853
0.02850
0.02846
0.02842
0.02839
0.02835
0.02831
0.02827
0.02824
0.02820
0.02816
0.02812
0.02808
0.02804
0.02801
0.02797
0.02793
0.02789
0.02785
0.02781
0.02777
0.02773
0.02769
0.02766
0.02762
0.02758
0.02754
0.02750
0.02746
0.02742
0.02738
0.02734
0.02730
0.02725
0.02721
0.02717
0.02713
0.02709
0.02705
0.02701
0.02697
0.02693
0.02689
0.02684
0.02680
0.02676
0.02672
0.02668
0.02663
0.02659
0.02655
0.02651
0.02646
0.02642
0.02638
0.02634
0.02629
0.02625
0.02621
0.02616
0.02612
0.02608
0.02603
0.02599
0.02595
0.02590
0.02586
0.02581
0.02577
0.02572
0.02568
0.02564
0.02559
0.02555
0.02550
0.02546
0.02541
0.02537
0.02532
0.02528
0.02523
0.02518
0.02514
0.02509
0.02505
0.02500
0.02496
0.02491
0.02486
0.02482
0.02477
0.02472
0.02468
0.02463
0.02458
0.02454
0.02449
0.02444
0.02440
0.02435
0.02430
0.02426
0.02421
0.02416
0.02411
0.02407
0.02402
0.02397
0.02392
0.02387
0.02383
0.02378
0.02373
0.02368
0.02363
0.02358
0.02354
0.02349
0.02344
0.02339
0.02334
0.02329
0.02324
0.02319
0.02315
0.02310
0.02305
0.02300
0.02295
0.02290
0.02285
0.02280
0.02275
0.02270
0.02265
0.02260
0.02255
0.02250
0.02245
0.02240
0.02235
0.02230
0.02225
0.02220
0.02215
0.02210
0.02205
0.02200
0.02195
0.02190
0.02185
0.02180
0.02175
0.02170
0.02165
0.02160
0.02154
0.02149
0.02144

##################TEST##################
Z[0] = 0.55
Z[1] = -0.43
Y_IN -0.00
T[0] = 0 Y[0] = -0.00
Y_IN 2.37
T[1] = 1 Y[1] = 0.83
Z[0] = -0.73
Z[1] = 0.66
Y_IN 5.67
T[0] = 1 Y[0] = 0.99
Y_IN 0.11
T[1] = 0 Y[1] = 0.06
Z[0] = -0.98
Z[1] = 0.94
Y_IN 6.95
T[0] = 1 Y[0] = 1.00
Y_IN -0.30
T[1] = 0 Y[1] = -0.15
Z[0] = -0.63
Z[1] = 0.48
Y_IN 5.02
T[0] = 1 Y[0] = 0.99
Y_IN 0.25
T[1] = 0 Y[1] = 0.13
