0.46 -0.22 
0.30 0.29 
-0.49 -0.12 
0.48 0.07 
0.32 0.07 -0.36 0.33 

##################LEARN##################
1.13076
0.61592
0.44883
0.40873
0.39601
0.39146
0.39004
0.38980
0.38991
0.39003
0.38999
0.38978
0.38938
0.38881
0.38811
0.38733
0.38650
0.38569
0.38492
0.38425
0.38369
0.38325
0.38288
0.38254
0.38215
0.38163
0.38091
0.37994
0.37869
0.37713
0.37528
0.37316
0.37079
0.36823
0.36549
0.36261
0.35961
0.35648
0.35322
0.34983
0.34627
0.34252
0.33854
0.33430
0.32975
0.32483
0.31943
0.31342
0.30663
0.29880
0.28964
0.27904
0.26784
0.26034
0.26204
0.25273
0.22589
0.22226
0.23500
0.24782
0.25723
0.26347
0.26853
0.27325
0.27731
0.28036
0.28232
0.28324
0.28322
0.28233
0.28062
0.27811
0.27479
0.27062
0.26554
0.25951
0.25246
0.24438
0.23526
0.22517
0.21426
0.20277
0.19108
0.17963
0.16885
0.15914
0.15072
0.14373
0.13817
0.13399
0.13111
0.12931
0.12822
0.12727
0.12589
0.12369
0.12051
0.11645
0.11197
0.10776
0.10440
0.10209
0.10069
0.09995
0.09966
0.09965
0.09982
0.10007
0.10035
0.10064
0.10096
0.10130
0.10167
0.10203
0.10237
0.10266
0.10290
0.10308
0.10317
0.10317
0.10304
0.10279
0.10240
0.10186
0.10116
0.10031
0.09929
0.09810
0.09673
0.09520
0.09350
0.09164
0.08962
0.08744
0.08513
0.08269
0.08013
0.07748
0.07475
0.07197
0.06916
0.06635
0.06358
0.06088
0.05831
0.05594
0.05385
0.05213
0.05088
0.05018
0.05005
0.05050
0.05141
0.05265
0.05401
0.05530
0.05638
0.05716
0.05763
0.05781
0.05776
0.05755
0.05724
0.05687
0.05645
0.05603
0.05559
0.05514
0.05470
0.05425
0.05380
0.05334
0.05287
0.05239
0.05191
0.05141
0.05090
0.05039
0.04986
0.04933
0.04879
0.04825
0.04771
0.04717
0.04663
0.04611
0.04560
0.04511
0.04463
0.04418
0.04375
0.04335
0.04296
0.04259
0.04223
0.04187
0.04149
0.04109
0.04063
0.04012
0.03956
0.03896
0.03836
0.03781
0.03737
0.03713
0.03714
0.03744
0.03805
0.03895
0.04012
0.04150
0.04301
0.04460
0.04620
0.04776
0.04924
0.05060
0.05184
0.05294
0.05390
0.05472
0.05542
0.05599
0.05646
0.05682
0.05710
0.05731
0.05744
0.05751
0.05753
0.05750
0.05742
0.05731
0.05716
0.05697
0.05676
0.05651
0.05624
0.05594
0.05561
0.05526
0.05489
0.05449
0.05406
0.05361
0.05314
0.05265
0.05213
0.05159
0.05103
0.05045
0.04985
0.04923
0.04860
0.04795
0.04729
0.04662
0.04595
0.04527
0.04459
0.04391
0.04324
0.04258
0.04193
0.04131
0.04071
0.04014
0.03960
0.03910
0.03865
0.03824
0.03788
0.03758
0.03733
0.03714
0.03702
0.03695
0.03695
0.03700
0.03710
0.03725
0.03745
0.03768
0.03793
0.03820
0.03848
0.03875
0.03901
0.03924
0.03945
0.03961
0.03974
0.03981
0.03983
0.03981
0.03973
0.03961
0.03945
0.03926
0.03905
0.03882
0.03859
0.03836
0.03814
0.03792
0.03772
0.03753
0.03734
0.03714
0.03694
0.03672
0.03647
0.03619
0.03588
0.03552
0.03513
0.03469
0.03422
0.03371
0.03318
0.03262
0.03205
0.03146
0.03088
0.03031
0.02975
0.02923
0.02875
0.02833
0.02799
0.02776
0.02765
0.02771
0.02797
0.02844
0.02914
0.03006
0.03111
0.03216
0.03302
0.03348
0.03344
0.03300
0.03249
0.03241
0.03319
0.03501
0.03781
0.04133
0.04521
0.04911
0.05273
0.05591
0.05857
0.06073
0.06242
0.06369
0.06457
0.06512
0.06539
0.06545
0.06535
0.06513
0.06480
0.06439
0.06391
0.06338
0.06282
0.06224
0.06164
0.06103
0.06040
0.05977
0.05913
0.05848
0.05783
0.05717
0.05650
0.05582
0.05513
0.05442
0.05370
0.05297
0.05221
0.05144
0.05065
0.04984
0.04901
0.04816
0.04729
0.04641
0.04551
0.04461
0.04369
0.04277
0.04185
0.04093
0.04003
0.03914
0.03827
0.03742
0.03662
0.03585
0.03513
0.03448
0.03388
0.03336
0.03291
0.03255
0.03229
0.03211
0.03203
0.03205
0.03217
0.03237
0.03266
0.03302
0.03343
0.03388
0.03434
0.03479
0.03520
0.03556
0.03583
0.03600
0.03607
0.03602
0.03586
0.03560
0.03525
0.03484
0.03438
0.03392
0.03346
0.03304
0.03267
0.03235
0.03209
0.03187
0.03168
0.03151
0.03133
0.03113
0.03091
0.03065
0.03036
0.03003
0.02966
0.02927
0.02885
0.02841
0.02795
0.02747
0.02699
0.02651
0.02602
0.02554
0.02505
0.02457
0.02410
0.02364
0.02318
0.02274
0.02230
0.02188
0.02146
0.02106
0.02067
0.02029
0.01993
0.01957
0.01923
0.01890
0.01858
0.01827
0.01798
0.01770
0.01743
0.01718
0.01695
0.01674
0.01655
0.01638
0.01624
0.01614
0.01608
0.01607
0.01612
0.01626
0.01650
0.01687
0.01741
0.01816
0.01918
0.02051
0.02222
0.02434
0.02684
0.02964
0.03255
0.03524
0.03732
0.03845
0.03843
0.03743
0.03595
0.03469
0.03427
0.03502
0.03694
0.03979
0.04321
0.04686
0.05042
0.05369
0.05659
0.05911
0.06129
0.06312
0.06461
0.06576
0.06661
0.06723
0.06768
0.06801
0.06823
0.06837
0.06842
0.06842
0.06839
0.06835
0.06833
0.06832
0.06833
0.06836
0.06841
0.06849
0.06860
0.06875
0.06892
0.06912
0.06934
0.06957
0.06982
0.07007
0.07032
0.07058
0.07082
0.07104
0.07125
0.07143
0.07157
0.07168
0.07174
0.07176
0.07173
0.07164
0.07148
0.07126
0.07097
0.07061
0.07017
0.06964
0.06903
0.06832
0.06751
0.06660
0.06558
0.06445
0.06320
0.06183
0.06034
0.05871
0.05696
0.05507
0.05306
0.05093
0.04869
0.04636
0.04398
0.04157
0.03918
0.03688
0.03474
0.03286
0.03133
0.03028
0.02986
0.03020
0.03140
0.03348
0.03625
0.03931
0.04212
0.04415
0.04514
0.04511
0.04433
0.04313
0.04180
0.04053
0.03941
0.03842
0.03756
0.03679
0.03608
0.03542
0.03481
0.03422
0.03367
0.03313
0.03261
0.03211
0.03163
0.03117
0.03072
0.03029
0.02987
0.02947
0.02908
0.02871
0.02835
0.02801
0.02768
0.02737
0.02707
0.02678
0.02650
0.02624
0.02599
0.02576
0.02553
0.02531
0.02510
0.02490
0.02469
0.02449
0.02428
0.02407
0.02384
0.02360
0.02334
0.02306
0.02276
0.02245
0.02214
0.02183
0.02153
0.02128
0.02107
0.02093
0.02086
0.02087
0.02098
0.02117
0.02145
0.02181
0.02224
0.02274
0.02329
0.02388
0.02449
0.02513
0.02576
0.02639
0.02700
0.02758
0.02813
0.02863
0.02909
0.02950
0.02986
0.03017
0.03042
0.03062
0.03077
0.03087
0.03093
0.03094
0.03091
0.03084
0.03074
0.03060
0.03044
0.03025
0.03003
0.02980
0.02955
0.02928
0.02900
0.02871
0.02841
0.02811
0.02780
0.02748
0.02717
0.02685
0.02654
0.02622
0.02591
0.02561
0.02531
0.02501
0.02472
0.02444
0.02416
0.02389
0.02363
0.02337
0.02312
0.02288
0.02265
0.02242
0.02220
0.02199
0.02178
0.02159
0.02139
0.02121
0.02103
0.02086
0.02069
0.02053
0.02038
0.02023
0.02008
0.01994
0.01981
0.01968
0.01955
0.01943
0.01931
0.01920
0.01909
0.01899
0.01889
0.01879
0.01870
0.01861
0.01852
0.01844
0.01836
0.01829
0.01821
0.01815
0.01808
0.01802
0.01796
0.01791
0.01786
0.01781
0.01777
0.01773
0.01769
0.01765
0.01761
0.01758
0.01755
0.01752
0.01749
0.01746
0.01743
0.01740
0.01738
0.01735
0.01732
0.01729
0.01726
0.01723
0.01720
0.01716
0.01713
0.01709
0.01705
0.01701
0.01697
0.01692
0.01688
0.01683
0.01678
0.01673
0.01667
0.01662
0.01656
0.01650
0.01644
0.01638
0.01632
0.01625
0.01619
0.01612
0.01606
0.01599
0.01593
0.01586
0.01580
0.01573
0.01567
0.01560
0.01554
0.01547
0.01541
0.01535
0.01529
0.01523
0.01517
0.01511
0.01505
0.01499
0.01493
0.01487
0.01482
0.01476
0.01471
0.01465
0.01460
0.01454
0.01449
0.01444
0.01439
0.01433
0.01428
0.01423
0.01418
0.01413
0.01408
0.01403
0.01398
0.01393
0.01388
0.01383
0.01378
0.01374
0.01369
0.01364
0.01359
0.01354
0.01349
0.01344
0.01340
0.01335
0.01330
0.01325
0.01321
0.01316
0.01311
0.01306
0.01302
0.01297
0.01292
0.01288
0.01283
0.01278
0.01274
0.01269
0.01265
0.01260
0.01256
0.01251
0.01247
0.01242
0.01238
0.01233
0.01229
0.01224
0.01220
0.01216
0.01211
0.01207
0.01203
0.01198
0.01194
0.01190
0.01185
0.01181
0.01177
0.01173
0.01169
0.01164
0.01160
0.01156
0.01152
0.01148
0.01144
0.01140
0.01136
0.01132
0.01128
0.01124
0.01120
0.01116
0.01112
0.01108
0.01104
0.01100
0.01096
0.01092
0.01088
0.01084
0.01080
0.01077
0.01073
0.01069
0.01065
0.01061
0.01058
0.01054
0.01050
0.01047
0.01043
0.01039
0.01036
0.01032
0.01028
0.01025
0.01021
0.01018
0.01014
0.01010
0.01007
0.01003
0.01000
0.00996
0.00993
0.00989
0.00986
0.00983
0.00979
0.00976
0.00972
0.00969
0.00966
0.00962
0.00959
0.00956
0.00952
0.00949
0.00946
0.00942
0.00939
0.00936
0.00933
0.00929
0.00926
0.00923
0.00920
0.00917
0.00914
0.00910
0.00907
0.00904
0.00901
0.00898
0.00895
0.00892
0.00889
0.00886
0.00883
0.00880
0.00877
0.00874
0.00871
0.00868
0.00865
0.00862
0.00859
0.00856
0.00853
0.00850
0.00847
0.00845
0.00842
0.00839
0.00836
0.00833
0.00830
0.00828
0.00825
0.00822
0.00819
0.00817
0.00814
0.00811
0.00808
0.00806
0.00803
0.00800
0.00798
0.00795
0.00792
0.00790
0.00787
0.00785
0.00782
0.00779
0.00777
0.00774
0.00772
0.00769

##################TEST##################
Z[0] = 0.12
Z[1] = -0.51
Y_IN -0.00
T[0] = 0 Y[0] = -0.00
Y_IN 2.80
T[1] = 1 Y[1] = 0.88
Z[0] = -0.64
Z[1] = 0.82
Y_IN 6.07
T[0] = 1 Y[0] = 1.00
Y_IN 0.05
T[1] = 0 Y[1] = 0.03
Z[0] = -0.90
Z[1] = 0.99
Y_IN 7.11
T[0] = 1 Y[0] = 1.00
Y_IN -0.17
T[1] = 0 Y[1] = -0.09
Z[0] = -0.54
Z[1] = 0.76
Y_IN 5.65
T[0] = 1 Y[0] = 0.99
Y_IN 0.14
T[1] = 0 Y[1] = 0.07
