0.00 -0.36 
-0.14 0.39 
-0.09 0.41 
0.04 -0.48 
-0.31 0.40 -0.21 0.48 

##################LEARN##################
0.76327
0.45596
0.43538
0.43558
0.43279
0.42419
0.41055
0.39751
0.39594
0.39790
0.37945
0.35940
0.34649
0.34160
0.33827
0.33180
0.33117
0.33039
0.32675
0.32472
0.32229
0.31856
0.31597
0.31371
0.30918
0.30276
0.29527
0.28748
0.28023
0.27228
0.26267
0.25197
0.24151
0.23269
0.22670
0.22431
0.22523
0.22811
0.23164
0.23580
0.24102
0.24657
0.25130
0.25470
0.25645
0.25624
0.25399
0.24947
0.24242
0.23265
0.21961
0.20305
0.18457
0.16700
0.15071
0.13435
0.11909
0.10641
0.09606
0.08769
0.08107
0.07583
0.07168
0.06847
0.06607
0.06446
0.06369
0.06392
0.06545
0.06862
0.07356
0.07985
0.08688
0.09402
0.10024
0.10482
0.10787
0.10983
0.11087
0.11116
0.11083
0.10988
0.10834
0.10621
0.10348
0.10016
0.09625
0.09178
0.08685
0.08161
0.07638
0.07160
0.06764
0.06458
0.06213
0.06003
0.05818
0.05656
0.05517
0.05402
0.05310
0.05243
0.05204
0.05200
0.05238
0.05322
0.05436
0.05548
0.05627
0.05652
0.05622
0.05545
0.05437
0.05316
0.05197
0.05091
0.05001
0.04926
0.04865
0.04813
0.04767
0.04725
0.04683
0.04641
0.04598
0.04556
0.04513
0.04469
0.04426
0.04382
0.04338
0.04294
0.04250
0.04205
0.04160
0.04114
0.04069
0.04023
0.03976
0.03930
0.03883
0.03836
0.03788
0.03741
0.03693
0.03646
0.03598
0.03550
0.03502
0.03455
0.03407
0.03360
0.03313
0.03266
0.03220
0.03173
0.03128
0.03082
0.03038
0.02993
0.02950
0.02906
0.02864
0.02822
0.02781
0.02740
0.02700
0.02660
0.02622
0.02583
0.02546
0.02509
0.02473
0.02438
0.02403
0.02369
0.02335
0.02303
0.02270
0.02239
0.02208
0.02177
0.02148
0.02118
0.02090
0.02062
0.02034
0.02007
0.01980
0.01954
0.01929
0.01904
0.01879
0.01855
0.01831
0.01808
0.01785
0.01763
0.01741
0.01719
0.01698
0.01677
0.01657
0.01637
0.01617
0.01598
0.01579
0.01560
0.01541
0.01523
0.01506
0.01488
0.01471
0.01454
0.01437
0.01421
0.01405
0.01389
0.01373
0.01358
0.01343
0.01328
0.01314
0.01299
0.01285
0.01271
0.01257
0.01244
0.01231
0.01218
0.01205
0.01192
0.01179
0.01167
0.01155
0.01143
0.01131
0.01120
0.01108
0.01097
0.01086
0.01075
0.01064
0.01054
0.01043
0.01033
0.01023
0.01013
0.01003
0.00993
0.00983
0.00974
0.00965
0.00955
0.00946
0.00937
0.00928
0.00920
0.00911
0.00903
0.00894
0.00886
0.00878
0.00870
0.00862
0.00854
0.00846
0.00839
0.00831
0.00824
0.00816
0.00809
0.00802
0.00795
0.00788
0.00781
0.00774
0.00767
0.00761
0.00754
0.00748
0.00741
0.00735
0.00729
0.00723
0.00717
0.00711
0.00705
0.00699
0.00693
0.00687
0.00682
0.00676
0.00671
0.00665
0.00660
0.00654
0.00649
0.00644
0.00639
0.00634
0.00629
0.00624
0.00619
0.00614
0.00609
0.00604
0.00600
0.00595
0.00591
0.00586
0.00582
0.00577
0.00573
0.00568
0.00564
0.00560
0.00556
0.00552
0.00548
0.00544
0.00540
0.00536
0.00532
0.00528
0.00524
0.00520
0.00516
0.00513
0.00509
0.00505
0.00502
0.00498
0.00495
0.00491
0.00488
0.00484
0.00481
0.00478
0.00474
0.00471
0.00468
0.00465
0.00462
0.00458
0.00455
0.00452
0.00449
0.00446
0.00443
0.00440
0.00437
0.00434
0.00432
0.00429
0.00426
0.00423
0.00420
0.00418
0.00415
0.00412
0.00410
0.00407
0.00404
0.00402
0.00399
0.00397
0.00394
0.00392
0.00389
0.00387
0.00384
0.00382
0.00380
0.00377
0.00375
0.00373
0.00371
0.00368
0.00366
0.00364
0.00362
0.00359
0.00357
0.00355
0.00353
0.00351
0.00349
0.00347
0.00345
0.00343
0.00341
0.00339
0.00337
0.00335
0.00333
0.00331
0.00329
0.00327
0.00325
0.00324
0.00322
0.00320
0.00318
0.00316
0.00315
0.00313
0.00311
0.00309
0.00308
0.00306
0.00304
0.00303
0.00301
0.00299
0.00298
0.00296
0.00294
0.00293
0.00291
0.00290
0.00288
0.00287
0.00285
0.00284
0.00282
0.00281
0.00279
0.00278
0.00276
0.00275
0.00273
0.00272
0.00271
0.00269
0.00268
0.00267
0.00265
0.00264
0.00263
0.00261
0.00260
0.00259
0.00257
0.00256
0.00255
0.00253
0.00252
0.00251
0.00250
0.00248
0.00247
0.00246
0.00245
0.00244
0.00243
0.00241
0.00240
0.00239
0.00238
0.00237
0.00236
0.00235
0.00233
0.00232
0.00231
0.00230
0.00229
0.00228
0.00227
0.00226
0.00225
0.00224
0.00223
0.00222
0.00221
0.00220
0.00219
0.00218
0.00217
0.00216
0.00215
0.00214
0.00213
0.00212
0.00211
0.00210
0.00209
0.00208
0.00207
0.00206
0.00205
0.00205
0.00204
0.00203
0.00202
0.00201
0.00200
0.00199
0.00198
0.00198
0.00197
0.00196
0.00195
0.00194
0.00193
0.00193
0.00192
0.00191
0.00190
0.00189
0.00189
0.00188
0.00187
0.00186
0.00185
0.00185
0.00184
0.00183
0.00182
0.00182
0.00181
0.00180
0.00179
0.00179
0.00178
0.00177
0.00177
0.00176
0.00175
0.00175
0.00174
0.00173
0.00172
0.00172
0.00171
0.00170
0.00170
0.00169
0.00168
0.00168
0.00167
0.00166
0.00166
0.00165
0.00165
0.00164
0.00163
0.00163
0.00162
0.00161
0.00161
0.00160
0.00160
0.00159
0.00158
0.00158
0.00157
0.00157
0.00156
0.00156
0.00155
0.00154
0.00154
0.00153
0.00153
0.00152
0.00152
0.00151
0.00150
0.00150
0.00149
0.00149
0.00148
0.00148
0.00147
0.00147
0.00146
0.00146
0.00145
0.00145
0.00144
0.00144
0.00143
0.00143
0.00142
0.00142
0.00141
0.00141
0.00140
0.00140
0.00139
0.00139
0.00138
0.00138
0.00137
0.00137
0.00136
0.00136
0.00135
0.00135
0.00135
0.00134
0.00134
0.00133
0.00133
0.00132
0.00132
0.00131
0.00131
0.00131
0.00130
0.00130
0.00129
0.00129
0.00128
0.00128
0.00128
0.00127
0.00127
0.00126
0.00126
0.00126
0.00125
0.00125
0.00124
0.00124
0.00124
0.00123
0.00123
0.00122
0.00122
0.00122
0.00121
0.00121
0.00120
0.00120
0.00120
0.00119
0.00119
0.00119
0.00118
0.00118
0.00117
0.00117
0.00117
0.00116
0.00116
0.00116
0.00115
0.00115
0.00115
0.00114
0.00114
0.00114
0.00113
0.00113
0.00113
0.00112
0.00112
0.00112
0.00111
0.00111
0.00111
0.00110
0.00110
0.00110
0.00109
0.00109
0.00109
0.00108
0.00108
0.00108
0.00107
0.00107
0.00107
0.00106
0.00106
0.00106
0.00105
0.00105
0.00105
0.00105
0.00104
0.00104
0.00104
0.00103
0.00103
0.00103
0.00103
0.00102
0.00102
0.00102
0.00101
0.00101
0.00101
0.00101
0.00100
0.00100
0.00100
0.00099
0.00099
0.00099
0.00099
0.00098
0.00098
0.00098
0.00098
0.00097
0.00097
0.00097
0.00096
0.00096
0.00096
0.00096
0.00095
0.00095
0.00095
0.00095
0.00094
0.00094
0.00094
0.00094
0.00093
0.00093
0.00093
0.00093
0.00092
0.00092
0.00092
0.00092
0.00091
0.00091
0.00091
0.00091
0.00091
0.00090
0.00090
0.00090
0.00090
0.00089
0.00089
0.00089
0.00089
0.00088
0.00088
0.00088
0.00088
0.00088
0.00087
0.00087
0.00087
0.00087
0.00086
0.00086
0.00086
0.00086
0.00086
0.00085
0.00085
0.00085
0.00085
0.00085
0.00084
0.00084
0.00084
0.00084
0.00084
0.00083
0.00083
0.00083
0.00083
0.00083
0.00082
0.00082
0.00082
0.00082
0.00082
0.00081
0.00081
0.00081
0.00081
0.00081
0.00080
0.00080
0.00080
0.00080
0.00080
0.00079
0.00079
0.00079
0.00079
0.00079
0.00078
0.00078
0.00078
0.00078
0.00078
0.00078
0.00077
0.00077
0.00077
0.00077
0.00077
0.00076
0.00076
0.00076
0.00076
0.00076
0.00076
0.00075
0.00075
0.00075
0.00075
0.00075
0.00075
0.00074
0.00074
0.00074
0.00074
0.00074
0.00074
0.00073
0.00073
0.00073
0.00073
0.00073
0.00073
0.00072
0.00072
0.00072
0.00072
0.00072
0.00072
0.00071
0.00071
0.00071
0.00071
0.00071
0.00071
0.00071
0.00070
0.00070
0.00070
0.00070
0.00070
0.00070
0.00070
0.00069
0.00069
0.00069
0.00069
0.00069
0.00069
0.00068
0.00068
0.00068
0.00068
0.00068
0.00068
0.00068
0.00067
0.00067
0.00067
0.00067
0.00067
0.00067
0.00067
0.00066
0.00066
0.00066
0.00066
0.00066
0.00066
0.00066
0.00066
0.00065
0.00065
0.00065
0.00065
0.00065
0.00065
0.00065
0.00064
0.00064
0.00064
0.00064
0.00064
0.00064
0.00064
0.00064
0.00063
0.00063
0.00063
0.00063
0.00063
0.00063
0.00063
0.00063
0.00062
0.00062
0.00062
0.00062
0.00062
0.00062
0.00062
0.00062
0.00061
0.00061
0.00061
0.00061
0.00061
0.00061
0.00061
0.00061
0.00060
0.00060
0.00060
0.00060
0.00060
0.00060
0.00060
0.00060
0.00060
0.00059
0.00059
0.00059
0.00059
0.00059
0.00059
0.00059
0.00059
0.00059
0.00058
0.00058
0.00058
0.00058
0.00058
0.00058
0.00058
0.00058
0.00058
0.00057
0.00057
0.00057
0.00057
0.00057
0.00057
0.00057
0.00057
0.00057
0.00056
0.00056
0.00056
0.00056
0.00056
0.00056
0.00056
0.00056
0.00056
0.00056
0.00055
0.00055
0.00055
0.00055
0.00055
0.00055
0.00055
0.00055
0.00055
0.00055
0.00054
0.00054
0.00054
0.00054
0.00054
0.00054
0.00054
0.00054
0.00054
0.00054
0.00054
0.00053
0.00053
0.00053
0.00053
0.00053
0.00053
0.00053
0.00053
0.00053
0.00053
0.00052
0.00052
0.00052
0.00052
0.00052
0.00052
0.00052
0.00052

##################TEST##################
Z[0] = -0.83
Z[1] = 0.89
Y_IN 6.64
T[0] = 1 Y[0] = 1.00
Y_IN 0.00
T[1] = 0 Y[1] = 0.00
Z[0] = -0.03
Z[1] = -0.50
Y_IN -0.00
T[0] = 0 Y[0] = -0.00
Y_IN 3.88
T[1] = 1 Y[1] = 0.96
Z[0] = -0.96
Z[1] = 1.00
Y_IN 7.21
T[0] = 1 Y[0] = 1.00
Y_IN -0.02
T[1] = 0 Y[1] = -0.01
Z[0] = -0.67
Z[1] = 0.77
Y_IN 5.97
T[0] = 1 Y[0] = 0.99
Y_IN 0.01
T[1] = 0 Y[1] = 0.01
