0.00 -0.36 
-0.14 0.39 
-0.09 0.41 
0.04 -0.48 
-0.31 0.40 -0.21 0.48 

##################LEARN##################
0.69845
0.50519
0.46372
0.44998
0.44518
0.44386
0.44250
0.43947
0.43445
0.42820
0.42316
0.42175
0.42097
0.41655
0.41025
0.40484
0.39989
0.39470
0.38935
0.38389
0.37831
0.37217
0.36524
0.35845
0.35283
0.34829
0.34443
0.34102
0.33764
0.33381
0.32922
0.32381
0.31771
0.31116
0.30449
0.29821
0.29289
0.28871
0.28530
0.28200
0.27835
0.27417
0.26952
0.26460
0.25970
0.25511
0.25105
0.24754
0.24440
0.24134
0.23810
0.23449
0.23045
0.22603
0.22131
0.21639
0.21135
0.20623
0.20106
0.19588
0.19070
0.18553
0.18038
0.17527
0.17020
0.16518
0.16022
0.15532
0.15050
0.14576
0.14114
0.13664
0.13230
0.12811
0.12410
0.12027
0.11662
0.11315
0.10986
0.10674
0.10378
0.10097
0.09830
0.09576
0.09334
0.09104
0.08885
0.08675
0.08475
0.08283
0.08099
0.07923
0.07753
0.07590
0.07432
0.07280
0.07134
0.06992
0.06854
0.06720
0.06591
0.06465
0.06342
0.06223
0.06107
0.05994
0.05884
0.05777
0.05672
0.05570
0.05471
0.05374
0.05279
0.05186
0.05096
0.05007
0.04921
0.04837
0.04755
0.04675
0.04597
0.04520
0.04446
0.04373
0.04302
0.04233
0.04166
0.04100
0.04036
0.03974
0.03913
0.03854
0.03796
0.03740
0.03685
0.03632
0.03580
0.03530
0.03481
0.03433
0.03387
0.03341
0.03297
0.03255
0.03213
0.03173
0.03133
0.03095
0.03058
0.03022
0.02986
0.02952
0.02919
0.02887
0.02855
0.02825
0.02795
0.02766
0.02738
0.02711
0.02684
0.02658
0.02633
0.02609
0.02586
0.02563
0.02540
0.02519
0.02498
0.02477
0.02457
0.02438
0.02419
0.02401
0.02384
0.02367
0.02350
0.02334
0.02318
0.02303
0.02289
0.02275
0.02261
0.02248
0.02235
0.02223
0.02211
0.02200
0.02189
0.02178
0.02168
0.02158
0.02148
0.02139
0.02131
0.02122
0.02115
0.02107
0.02100
0.02093
0.02087
0.02080
0.02075
0.02069
0.02064
0.02060
0.02055
0.02051
0.02047
0.02044
0.02041
0.02038
0.02036
0.02034
0.02032
0.02030
0.02029
0.02028
0.02028
0.02028
0.02028
0.02028
0.02029
0.02030
0.02031
0.02032
0.02034
0.02036
0.02039
0.02041
0.02044
0.02047
0.02051
0.02055
0.02059
0.02063
0.02067
0.02072
0.02077
0.02082
0.02088
0.02093
0.02099
0.02105
0.02112
0.02118
0.02125
0.02132
0.02139
0.02147
0.02154
0.02162
0.02170
0.02178
0.02187
0.02195
0.02204
0.02212
0.02221
0.02230
0.02240
0.02249
0.02258
0.02268
0.02277
0.02287
0.02297
0.02307
0.02317
0.02327
0.02337
0.02347
0.02357
0.02367
0.02378
0.02388
0.02398
0.02408
0.02419
0.02429
0.02439
0.02449
0.02459
0.02470
0.02480
0.02490
0.02500
0.02509
0.02519
0.02529
0.02538
0.02548
0.02557
0.02566
0.02575
0.02584
0.02593
0.02602
0.02610
0.02619
0.02627
0.02635
0.02643
0.02651
0.02658
0.02665
0.02672
0.02679
0.02686
0.02693
0.02699
0.02705
0.02711
0.02716
0.02722
0.02727
0.02732
0.02737
0.02741
0.02746
0.02750
0.02753
0.02757
0.02760
0.02763
0.02766
0.02769
0.02771
0.02774
0.02776
0.02777
0.02779
0.02780
0.02781
0.02782
0.02783
0.02783
0.02783
0.02784
0.02783
0.02783
0.02782
0.02782
0.02781
0.02779
0.02778
0.02777
0.02775
0.02773
0.02771
0.02769
0.02767
0.02764
0.02762
0.02759
0.02756
0.02753
0.02750
0.02747
0.02743
0.02740
0.02737
0.02733
0.02729
0.02726
0.02722
0.02718
0.02714
0.02710
0.02706
0.02702
0.02699
0.02695
0.02691
0.02687
0.02683
0.02679
0.02675
0.02671
0.02667
0.02664
0.02660
0.02657
0.02653
0.02650
0.02647
0.02644
0.02641
0.02638
0.02635
0.02633
0.02631
0.02629
0.02627
0.02626
0.02624
0.02623
0.02622
0.02622
0.02622
0.02622
0.02622
0.02623
0.02624
0.02625
0.02627
0.02630
0.02632
0.02635
0.02639
0.02643
0.02647
0.02652
0.02658
0.02663
0.02670
0.02677
0.02684
0.02692
0.02701
0.02710
0.02720
0.02730
0.02741
0.02752
0.02764
0.02777
0.02790
0.02804
0.02819
0.02833
0.02849
0.02865
0.02882
0.02899
0.02916
0.02934
0.02953
0.02972
0.02991
0.03011
0.03031
0.03051
0.03071
0.03092
0.03112
0.03133
0.03154
0.03174
0.03195
0.03215
0.03235
0.03255
0.03274
0.03293
0.03311
0.03328
0.03345
0.03360
0.03375
0.03389
0.03401
0.03413
0.03423
0.03432
0.03439
0.03445
0.03449
0.03452
0.03453
0.03452
0.03450
0.03446
0.03440
0.03432
0.03423
0.03411
0.03399
0.03384
0.03367
0.03350
0.03330
0.03309
0.03286
0.03263
0.03237
0.03211
0.03184
0.03155
0.03126
0.03096
0.03065
0.03033
0.03001
0.02968
0.02935
0.02902
0.02869
0.02835
0.02801
0.02768
0.02734
0.02701
0.02667
0.02634
0.02601
0.02569
0.02537
0.02505
0.02473
0.02442
0.02412
0.02382
0.02352
0.02323
0.02295
0.02267
0.02239
0.02213
0.02186
0.02160
0.02135
0.02110
0.02086
0.02062
0.02039
0.02017
0.01995
0.01973
0.01952
0.01931
0.01911
0.01892
0.01872
0.01854
0.01835
0.01818
0.01800
0.01783
0.01767
0.01751
0.01735
0.01720
0.01705
0.01691
0.01677
0.01663
0.01650
0.01637
0.01624
0.01612
0.01600
0.01588
0.01577
0.01566
0.01556
0.01546
0.01536
0.01526
0.01517
0.01508
0.01499
0.01491
0.01482
0.01475
0.01467
0.01460
0.01453
0.01446
0.01440
0.01433
0.01427
0.01422
0.01416
0.01411
0.01406
0.01402
0.01397
0.01393
0.01389
0.01385
0.01382
0.01379
0.01376
0.01373
0.01371
0.01368
0.01366
0.01364
0.01363
0.01362
0.01360
0.01360
0.01359
0.01358
0.01358
0.01358
0.01359
0.01359
0.01360
0.01361
0.01362
0.01363
0.01365
0.01367
0.01369
0.01371
0.01374
0.01376
0.01379
0.01383
0.01386
0.01390
0.01394
0.01398
0.01403
0.01408
0.01413
0.01418
0.01424
0.01430
0.01436
0.01442
0.01449
0.01456
0.01463
0.01471
0.01479
0.01487
0.01496
0.01505
0.01515
0.01524
0.01534
0.01545
0.01556
0.01567
0.01579
0.01591
0.01603
0.01616
0.01630
0.01644
0.01658
0.01673
0.01689
0.01705
0.01722
0.01739
0.01757
0.01776
0.01795
0.01815
0.01836
0.01857
0.01879
0.01902
0.01926
0.01951
0.01977
0.02004
0.02032
0.02061
0.02091
0.02122
0.02155
0.02188
0.02224
0.02260
0.02299
0.02338
0.02380
0.02423
0.02469
0.02516
0.02565
0.02617
0.02670
0.02727
0.02786
0.02847
0.02912
0.02979
0.03050
0.03124
0.03201
0.03282
0.03367
0.03456
0.03549
0.03646
0.03748
0.03853
0.03964
0.04078
0.04197
0.04319
0.04446
0.04575
0.04707
0.04841
0.04975
0.05108
0.05239
0.05365
0.05485
0.05596
0.05694
0.05778
0.05843
0.05887
0.05906
0.05897
0.05857
0.05786
0.05680
0.05541
0.05368
0.05164
0.04931
0.04674
0.04399
0.04110
0.03816
0.03524
0.03239
0.02968
0.02716
0.02485
0.02277
0.02094
0.01934
0.01797
0.01682
0.01586
0.01509
0.01448
0.01401
0.01367
0.01345
0.01333
0.01328
0.01330
0.01336
0.01345
0.01355
0.01366
0.01375
0.01384
0.01390
0.01394
0.01396
0.01395
0.01393
0.01388
0.01381
0.01373
0.01363
0.01352
0.01340
0.01327
0.01313
0.01298
0.01283
0.01267
0.01251
0.01235
0.01218
0.01202
0.01185
0.01168
0.01151
0.01134
0.01116
0.01098
0.01081
0.01062
0.01043
0.01024
0.01004
0.00983
0.00962
0.00940
0.00918
0.00897
0.00878
0.00861
0.00850
0.00846
0.00852
0.00870
0.00903
0.00953
0.01023
0.01115
0.01230
0.01368
0.01528
0.01707
0.01897
0.02092
0.02280
0.02450
0.02594
0.02703
0.02775
0.02809
0.02808
0.02778
0.02724
0.02652
0.02568
0.02476
0.02382
0.02286
0.02193
0.02102
0.02016
0.01935
0.01859
0.01787
0.01721
0.01660
0.01603
0.01551
0.01502
0.01458
0.01417
0.01379
0.01344
0.01312
0.01283
0.01256
0.01231
0.01208
0.01188
0.01169
0.01151
0.01136
0.01121
0.01108
0.01097
0.01086
0.01077
0.01068
0.01061
0.01054
0.01049
0.01044
0.01039
0.01036
0.01033
0.01031
0.01029
0.01027
0.01026
0.01025
0.01024
0.01024
0.01023
0.01023
0.01022
0.01022
0.01021
0.01020
0.01019
0.01018
0.01017
0.01015
0.01013
0.01011
0.01008
0.01005
0.01002
0.00999
0.00995
0.00991
0.00987
0.00983
0.00978
0.00974
0.00969
0.00964
0.00959
0.00954
0.00949
0.00943
0.00938
0.00933
0.00928
0.00923
0.00918
0.00912
0.00907
0.00902
0.00898
0.00893
0.00888
0.00883
0.00879
0.00874
0.00870
0.00866
0.00862
0.00857
0.00853
0.00849
0.00845
0.00842
0.00838
0.00834
0.00830
0.00827
0.00823
0.00820
0.00816
0.00813
0.00809
0.00806
0.00803
0.00799
0.00796
0.00793
0.00789
0.00786
0.00783
0.00780
0.00777
0.00774
0.00771
0.00768
0.00765
0.00762
0.00759
0.00756
0.00753
0.00750
0.00747
0.00744
0.00741
0.00739
0.00736
0.00733
0.00730
0.00728
0.00725
0.00722
0.00720
0.00717
0.00714
0.00712
0.00709
0.00707
0.00704
0.00702
0.00700
0.00697
0.00695
0.00692
0.00690
0.00688
0.00685
0.00683
0.00681
0.00679
0.00677
0.00674
0.00672
0.00670
0.00668
0.00666
0.00664
0.00662
0.00660
0.00658
0.00656
0.00654
0.00652
0.00650
0.00648
0.00646
0.00644
0.00643
0.00641
0.00639
0.00637
0.00635
0.00634
0.00632
0.00630
0.00629
0.00627
0.00625
0.00624
0.00622
0.00620
0.00619
0.00617
0.00616
0.00614

##################TEST##################
Z[0] = 0.87
Z[1] = -0.34
Y_IN 0.03
T[0] = 0 Y[0] = 0.02
Y_IN 5.83
T[1] = 1 Y[1] = 0.99
Z[0] = 1.00
Z[1] = -0.37
Y_IN -0.18
T[0] = 0 Y[0] = -0.09
Y_IN 6.28
T[1] = 1 Y[1] = 1.00
Z[0] = -0.88
Z[1] = -0.20
Y_IN 3.18
T[0] = 1 Y[0] = 0.92
Y_IN 0.00
T[1] = 0 Y[1] = 0.00
Z[0] = 0.80
Z[1] = -0.24
Y_IN 0.13
T[0] = 0 Y[0] = 0.06
Y_IN 5.44
T[1] = 1 Y[1] = 0.99
