0.19 -0.16 0.22 -0.04 -0.38 0.42 0.14 -0.16 -0.42 
0.45 0.01 -0.12 0.14 0.28 -0.37 0.41 -0.35 0.39 
-0.07 0.16 
0.12 -0.05 
-0.17 -0.39 0.07 0.16 

##################LEARN##################
Epoca 1, RMS = 0.24460
Epoca 2, RMS = 0.08401
Epoca 3, RMS = 0.08163
Epoca 4, RMS = 0.07233
Epoca 5, RMS = 0.07402
Epoca 6, RMS = 0.06783
Epoca 7, RMS = 0.06579
Epoca 8, RMS = 0.06987
Epoca 9, RMS = 0.07021
Epoca 10, RMS = 0.06734
Epoca 11, RMS = 0.07005
Epoca 12, RMS = 0.07195
Epoca 13, RMS = 0.06796
Epoca 14, RMS = 0.06790
Epoca 15, RMS = 0.07009
Epoca 16, RMS = 0.06676
Epoca 17, RMS = 0.06988
Epoca 18, RMS = 0.06703
Epoca 19, RMS = 0.07049
Epoca 20, RMS = 0.06733
Epoca 21, RMS = 0.06950
Epoca 22, RMS = 0.06660
Epoca 23, RMS = 0.07239
Epoca 24, RMS = 0.06981
Epoca 25, RMS = 0.06675
Epoca 26, RMS = 0.07285
Epoca 27, RMS = 0.07001
Epoca 28, RMS = 0.06692
Epoca 29, RMS = 0.07289
Epoca 30, RMS = 0.07098
Epoca 31, RMS = 0.06723
Epoca 32, RMS = 0.07111
Epoca 33, RMS = 0.06792
Epoca 34, RMS = 0.06787
Epoca 35, RMS = 0.06845
Epoca 36, RMS = 0.06662
Epoca 37, RMS = 0.06860
Epoca 38, RMS = 0.06648
Epoca 39, RMS = 0.06682
Epoca 40, RMS = 0.06810
Epoca 41, RMS = 0.06609
Epoca 42, RMS = 0.06591
Epoca 43, RMS = 0.06874
Epoca 44, RMS = 0.06728
Epoca 45, RMS = 0.06547
Epoca 46, RMS = 0.06656
Epoca 47, RMS = 0.06847
Epoca 48, RMS = 0.06786
Epoca 49, RMS = 0.06660
Epoca 50, RMS = 0.06625
Epoca 51, RMS = 0.06748
Epoca 52, RMS = 0.06844
Epoca 53, RMS = 0.06882
Epoca 54, RMS = 0.06897
Epoca 55, RMS = 0.06902
Epoca 56, RMS = 0.06941
Epoca 57, RMS = 0.07027
Epoca 58, RMS = 0.07174
Epoca 59, RMS = 0.07373
Epoca 60, RMS = 0.07554
Epoca 61, RMS = 0.07689
Epoca 62, RMS = 0.07798
Epoca 63, RMS = 0.07884
Epoca 64, RMS = 0.07942
Epoca 65, RMS = 0.07959
Epoca 66, RMS = 0.07905
Epoca 67, RMS = 0.07712
Epoca 68, RMS = 0.07304
Epoca 69, RMS = 0.06904
Epoca 70, RMS = 0.06877
Epoca 71, RMS = 0.07011
Epoca 72, RMS = 0.06954
Epoca 73, RMS = 0.06665
Epoca 74, RMS = 0.06665
Epoca 75, RMS = 0.06741
Epoca 76, RMS = 0.06628
Epoca 77, RMS = 0.06455
Epoca 78, RMS = 0.06635
Epoca 79, RMS = 0.06835
Epoca 80, RMS = 0.06603
Epoca 81, RMS = 0.06654
Epoca 82, RMS = 0.06867
Epoca 83, RMS = 0.07060
Epoca 84, RMS = 0.06576
Epoca 85, RMS = 0.06515
Epoca 86, RMS = 0.06548
Epoca 87, RMS = 0.06648
Epoca 88, RMS = 0.06412
Epoca 89, RMS = 0.06689
Epoca 90, RMS = 0.06780
Epoca 91, RMS = 0.06413
Epoca 92, RMS = 0.06455
Epoca 93, RMS = 0.06528
Epoca 94, RMS = 0.06360
Epoca 95, RMS = 0.06364
Epoca 96, RMS = 0.06520
Epoca 97, RMS = 0.06598
Epoca 98, RMS = 0.06737
Epoca 99, RMS = 0.06915
Epoca 100, RMS = 0.06649
Epoca 101, RMS = 0.06638
Epoca 102, RMS = 0.06834
Epoca 103, RMS = 0.06521
Epoca 104, RMS = 0.06607
Epoca 105, RMS = 0.06642
Epoca 106, RMS = 0.06679
Epoca 107, RMS = 0.06830
Epoca 108, RMS = 0.06617
Epoca 109, RMS = 0.06677
Epoca 110, RMS = 0.06682
Epoca 111, RMS = 0.06945
Epoca 112, RMS = 0.06949
Epoca 113, RMS = 0.06757
Epoca 114, RMS = 0.06762
Epoca 115, RMS = 0.06783
Epoca 116, RMS = 0.06813
Epoca 117, RMS = 0.06732
Epoca 118, RMS = 0.06601
Epoca 119, RMS = 0.06658
Epoca 120, RMS = 0.06539
Epoca 121, RMS = 0.06722
Epoca 122, RMS = 0.06795
Epoca 123, RMS = 0.06675
Epoca 124, RMS = 0.06566
Epoca 125, RMS = 0.06622
Epoca 126, RMS = 0.06768
Epoca 127, RMS = 0.06967
Epoca 128, RMS = 0.06672
Epoca 129, RMS = 0.06851
Epoca 130, RMS = 0.06851
Epoca 131, RMS = 0.07258
Epoca 132, RMS = 0.06847
Epoca 133, RMS = 0.06813
Epoca 134, RMS = 0.07085
Epoca 135, RMS = 0.07337
Epoca 136, RMS = 0.06882
Epoca 137, RMS = 0.07040
Epoca 138, RMS = 0.06971
Epoca 139, RMS = 0.06762
Epoca 140, RMS = 0.06709
Epoca 141, RMS = 0.06580
Epoca 142, RMS = 0.06670
Epoca 143, RMS = 0.07044
Epoca 144, RMS = 0.07184
Epoca 145, RMS = 0.06801
Epoca 146, RMS = 0.07023
Epoca 147, RMS = 0.06984
Epoca 148, RMS = 0.07444
Epoca 149, RMS = 0.06948
Epoca 150, RMS = 0.06943
Epoca 151, RMS = 0.07176
Epoca 152, RMS = 0.07446
Epoca 153, RMS = 0.06932
Epoca 154, RMS = 0.07093
Epoca 155, RMS = 0.07075
Epoca 156, RMS = 0.07300
Epoca 157, RMS = 0.06894
Epoca 158, RMS = 0.06946
Epoca 159, RMS = 0.07023
Epoca 160, RMS = 0.07302
Epoca 161, RMS = 0.06815
Epoca 162, RMS = 0.06982
Epoca 163, RMS = 0.06776
Epoca 164, RMS = 0.07301
Epoca 165, RMS = 0.07593
Epoca 166, RMS = 0.07140
Epoca 167, RMS = 0.07272
Epoca 168, RMS = 0.07200
Epoca 169, RMS = 0.06734
Epoca 170, RMS = 0.06931
Epoca 171, RMS = 0.06727
Epoca 172, RMS = 0.07175
Epoca 173, RMS = 0.06818
Epoca 174, RMS = 0.06966
Epoca 175, RMS = 0.06850
Epoca 176, RMS = 0.07365
Epoca 177, RMS = 0.07362
Epoca 178, RMS = 0.06993
Epoca 179, RMS = 0.07184
Epoca 180, RMS = 0.06749
Epoca 181, RMS = 0.07193
Epoca 182, RMS = 0.07573
Epoca 183, RMS = 0.06990
Epoca 184, RMS = 0.07176
Epoca 185, RMS = 0.06871
Epoca 186, RMS = 0.07380
Epoca 187, RMS = 0.07772
Epoca 188, RMS = 0.07288
Epoca 189, RMS = 0.07394
Epoca 190, RMS = 0.07296
Epoca 191, RMS = 0.06802
Epoca 192, RMS = 0.06967
Epoca 193, RMS = 0.06890
Epoca 194, RMS = 0.07426
Epoca 195, RMS = 0.06935
Epoca 196, RMS = 0.07077
Epoca 197, RMS = 0.06589
Epoca 198, RMS = 0.06756
Epoca 199, RMS = 0.06899
Epoca 200, RMS = 0.07339
Epoca 201, RMS = 0.07391
Epoca 202, RMS = 0.07042
Epoca 203, RMS = 0.07203
Epoca 204, RMS = 0.06666
Epoca 205, RMS = 0.06902
Epoca 206, RMS = 0.07003
Epoca 207, RMS = 0.07146
Epoca 208, RMS = 0.07090
Epoca 209, RMS = 0.06995
Epoca 210, RMS = 0.07068
Epoca 211, RMS = 0.06612
Epoca 212, RMS = 0.06931
Epoca 213, RMS = 0.07079
Epoca 214, RMS = 0.06775
Epoca 215, RMS = 0.06907
Epoca 216, RMS = 0.06693
Epoca 217, RMS = 0.07295
Epoca 218, RMS = 0.06827
Epoca 219, RMS = 0.06932
Epoca 220, RMS = 0.06527
Epoca 221, RMS = 0.06949
Epoca 222, RMS = 0.07341
Epoca 223, RMS = 0.06910
Epoca 224, RMS = 0.06993
Epoca 225, RMS = 0.06662
Epoca 226, RMS = 0.07091
Epoca 227, RMS = 0.07527
Epoca 228, RMS = 0.06969
Epoca 229, RMS = 0.07139
Epoca 230, RMS = 0.06660
Epoca 231, RMS = 0.07056
Epoca 232, RMS = 0.07359
Epoca 233, RMS = 0.06898
Epoca 234, RMS = 0.07035
Epoca 235, RMS = 0.06505
Epoca 236, RMS = 0.06837
Epoca 237, RMS = 0.06809
Epoca 238, RMS = 0.07141
Epoca 239, RMS = 0.07811
Epoca 240, RMS = 0.07091
Epoca 241, RMS = 0.07289
Epoca 242, RMS = 0.07172
Epoca 243, RMS = 0.06910
Epoca 244, RMS = 0.08168
Epoca 245, RMS = 0.07339
Epoca 246, RMS = 0.07533
Epoca 247, RMS = 0.07583
Epoca 248, RMS = 0.06975
Epoca 249, RMS = 0.07124
Epoca 250, RMS = 0.06609
Epoca 251, RMS = 0.06928
Epoca 252, RMS = 0.06642
Epoca 253, RMS = 0.07094
Epoca 254, RMS = 0.07372
Epoca 255, RMS = 0.06922
Epoca 256, RMS = 0.06987
Epoca 257, RMS = 0.06474
Epoca 258, RMS = 0.06926
Epoca 259, RMS = 0.06899
Epoca 260, RMS = 0.07535
Epoca 261, RMS = 0.07078
Epoca 262, RMS = 0.07118
Epoca 263, RMS = 0.06764
Epoca 264, RMS = 0.07134
Epoca 265, RMS = 0.07302
Epoca 266, RMS = 0.07025
Epoca 267, RMS = 0.06970
Epoca 268, RMS = 0.06522
Epoca 269, RMS = 0.06870
Epoca 270, RMS = 0.06963
Epoca 271, RMS = 0.06864
Epoca 272, RMS = 0.07999
Epoca 273, RMS = 0.07185
Epoca 274, RMS = 0.07268
Epoca 275, RMS = 0.06995
Epoca 276, RMS = 0.07158
Epoca 277, RMS = 0.07582
Epoca 278, RMS = 0.07022
Epoca 279, RMS = 0.07170
Epoca 280, RMS = 0.06702
Epoca 281, RMS = 0.07013
Epoca 282, RMS = 0.07116
Epoca 283, RMS = 0.06972
Epoca 284, RMS = 0.06964
Epoca 285, RMS = 0.06547
Epoca 286, RMS = 0.06840
Epoca 287, RMS = 0.06788
Epoca 288, RMS = 0.07074
Epoca 289, RMS = 0.07524
Epoca 290, RMS = 0.07034
Epoca 291, RMS = 0.07116
Epoca 292, RMS = 0.06674
Epoca 293, RMS = 0.06927
Epoca 294, RMS = 0.06974
Epoca 295, RMS = 0.06864
Epoca 296, RMS = 0.07918
Epoca 297, RMS = 0.07216
Epoca 298, RMS = 0.07275
Epoca 299, RMS = 0.07028
Epoca 300, RMS = 0.07118
Epoca 301, RMS = 0.07488
Epoca 302, RMS = 0.07028
Epoca 303, RMS = 0.07113
Epoca 304, RMS = 0.06691
Epoca 305, RMS = 0.06918
Epoca 306, RMS = 0.07125
Epoca 307, RMS = 0.07021
Epoca 308, RMS = 0.07029
Epoca 309, RMS = 0.06727
Epoca 310, RMS = 0.06895
Epoca 311, RMS = 0.07004
Epoca 312, RMS = 0.07060
Epoca 313, RMS = 0.07232
Epoca 314, RMS = 0.06763
Epoca 315, RMS = 0.06879
Epoca 316, RMS = 0.06788
Epoca 317, RMS = 0.07107
Epoca 318, RMS = 0.07995
Epoca 319, RMS = 0.06899
Epoca 320, RMS = 0.07083
Epoca 321, RMS = 0.06812
Epoca 322, RMS = 0.07028
Epoca 323, RMS = 0.07001
Epoca 324, RMS = 0.06974
Epoca 325, RMS = 0.06937
Epoca 326, RMS = 0.06676
Epoca 327, RMS = 0.06881
Epoca 328, RMS = 0.06723
Epoca 329, RMS = 0.07142
Epoca 330, RMS = 0.07889
Epoca 331, RMS = 0.06873
Epoca 332, RMS = 0.07179
Epoca 333, RMS = 0.07039
Epoca 334, RMS = 0.07096
Epoca 335, RMS = 0.07334
Epoca 336, RMS = 0.06955
Epoca 337, RMS = 0.07142
Epoca 338, RMS = 0.07082
Epoca 339, RMS = 0.07124
Epoca 340, RMS = 0.07379
Epoca 341, RMS = 0.06963
Epoca 342, RMS = 0.07252
Epoca 343, RMS = 0.07183
Epoca 344, RMS = 0.07177
Epoca 345, RMS = 0.07383
Epoca 346, RMS = 0.06953
Epoca 347, RMS = 0.07452
Epoca 348, RMS = 0.07325
Epoca 349, RMS = 0.06997
Epoca 350, RMS = 0.07396
Epoca 351, RMS = 0.06889
Epoca 352, RMS = 0.07555
Epoca 353, RMS = 0.07465
Epoca 354, RMS = 0.06799
Epoca 355, RMS = 0.07783
Epoca 356, RMS = 0.06510
Epoca 357, RMS = 0.07240
Epoca 358, RMS = 0.06671
Epoca 359, RMS = 0.06707
Epoca 360, RMS = 0.06738
Epoca 361, RMS = 0.07510
Epoca 362, RMS = 0.08199
Epoca 363, RMS = 0.06310
Epoca 364, RMS = 0.06469
Epoca 365, RMS = 0.06716
Epoca 366, RMS = 0.07179
Epoca 367, RMS = 0.06986
Epoca 368, RMS = 0.06784
Epoca 369, RMS = 0.07932
Epoca 370, RMS = 0.06503
Epoca 371, RMS = 0.06583
Epoca 372, RMS = 0.06531
Epoca 373, RMS = 0.07415
Epoca 374, RMS = 0.07263
Epoca 375, RMS = 0.06692
Epoca 376, RMS = 0.08161
Epoca 377, RMS = 0.07116
Epoca 378, RMS = 0.05988
Epoca 379, RMS = 0.10093
Epoca 380, RMS = 0.07007
Epoca 381, RMS = 0.07835
Epoca 382, RMS = 0.06837
Epoca 383, RMS = 0.07439
Epoca 384, RMS = 0.06245
Epoca 385, RMS = 0.06113
Epoca 386, RMS = 0.06352
Epoca 387, RMS = 0.06091
Epoca 388, RMS = 0.05973
Epoca 389, RMS = 0.06245
Epoca 390, RMS = 0.06429
Epoca 391, RMS = 0.05864
Epoca 392, RMS = 0.05996
Epoca 393, RMS = 0.07450
Epoca 394, RMS = 0.06620
Epoca 395, RMS = 0.06113
Epoca 396, RMS = 0.05940
Epoca 397, RMS = 0.06796
Epoca 398, RMS = 0.06381
Epoca 399, RMS = 0.05992
Epoca 400, RMS = 0.05961
Epoca 401, RMS = 0.06711
Epoca 402, RMS = 0.06426
Epoca 403, RMS = 0.05924
Epoca 404, RMS = 0.06102
Epoca 405, RMS = 0.06354
Epoca 406, RMS = 0.06300
Epoca 407, RMS = 0.05793
Epoca 408, RMS = 0.06506
Epoca 409, RMS = 0.07124
Epoca 410, RMS = 0.05957
Epoca 411, RMS = 0.06344
Epoca 412, RMS = 0.06643
Epoca 413, RMS = 0.05918
Epoca 414, RMS = 0.06119
Epoca 415, RMS = 0.06460
Epoca 416, RMS = 0.06475
Epoca 417, RMS = 0.05833
Epoca 418, RMS = 0.06060
Epoca 419, RMS = 0.06781
Epoca 420, RMS = 0.06454
Epoca 421, RMS = 0.06231
Epoca 422, RMS = 0.06000
Epoca 423, RMS = 0.07497
Epoca 424, RMS = 0.06886
Epoca 425, RMS = 0.05886
Epoca 426, RMS = 0.06110
Epoca 427, RMS = 0.06944
Epoca 428, RMS = 0.06697
Epoca 429, RMS = 0.05750
Epoca 430, RMS = 0.06832
Epoca 431, RMS = 0.07202
Epoca 432, RMS = 0.06611
Epoca 433, RMS = 0.05776
Epoca 434, RMS = 0.05748
Epoca 435, RMS = 0.10449
Epoca 436, RMS = 0.05767
Epoca 437, RMS = 0.06345
Epoca 438, RMS = 0.06673
Epoca 439, RMS = 0.05743
Epoca 440, RMS = 0.07219
Epoca 441, RMS = 0.05712
Epoca 442, RMS = 0.06528
Epoca 443, RMS = 0.07553
Epoca 444, RMS = 0.06403
Epoca 445, RMS = 0.08617
Epoca 446, RMS = 0.05748
Epoca 447, RMS = 0.08780
Epoca 448, RMS = 0.06029
Epoca 449, RMS = 0.06783
Epoca 450, RMS = 0.06652
Epoca 451, RMS = 0.05725
Epoca 452, RMS = 0.06137
Epoca 453, RMS = 0.06814
Epoca 454, RMS = 0.05813
Epoca 455, RMS = 0.06440
Epoca 456, RMS = 0.05900
Epoca 457, RMS = 0.06576
Epoca 458, RMS = 0.07524
Epoca 459, RMS = 0.06251
Epoca 460, RMS = 0.07593
Epoca 461, RMS = 0.05913
Epoca 462, RMS = 0.07383
Epoca 463, RMS = 0.06074
Epoca 464, RMS = 0.06876
Epoca 465, RMS = 0.06021
Epoca 466, RMS = 0.06626
Epoca 467, RMS = 0.06083
Epoca 468, RMS = 0.06595
Epoca 469, RMS = 0.06063
Epoca 470, RMS = 0.06390
Epoca 471, RMS = 0.06092
Epoca 472, RMS = 0.06392
Epoca 473, RMS = 0.06107
Epoca 474, RMS = 0.06353
Epoca 475, RMS = 0.06129
Epoca 476, RMS = 0.06270
Epoca 477, RMS = 0.06117
Epoca 478, RMS = 0.06340
Epoca 479, RMS = 0.06394
Epoca 480, RMS = 0.06408
Epoca 481, RMS = 0.06323
Epoca 482, RMS = 0.06499
Epoca 483, RMS = 0.06373
Epoca 484, RMS = 0.06698
Epoca 485, RMS = 0.06403
Epoca 486, RMS = 0.06865
Epoca 487, RMS = 0.06452
Epoca 488, RMS = 0.06652
Epoca 489, RMS = 0.06573
Epoca 490, RMS = 0.06376
Epoca 491, RMS = 0.06791
Epoca 492, RMS = 0.06257
Epoca 493, RMS = 0.06715
Epoca 494, RMS = 0.06202
Epoca 495, RMS = 0.06612
Epoca 496, RMS = 0.06210
Epoca 497, RMS = 0.06531
Epoca 498, RMS = 0.06286
Epoca 499, RMS = 0.06481
Epoca 500, RMS = 0.06310
Epoca 501, RMS = 0.06395
Epoca 502, RMS = 0.06392
Epoca 503, RMS = 0.06668
Epoca 504, RMS = 0.06436
Epoca 505, RMS = 0.06788
Epoca 506, RMS = 0.06498
Epoca 507, RMS = 0.06410
Epoca 508, RMS = 0.06608
Epoca 509, RMS = 0.06426
Epoca 510, RMS = 0.06505
Epoca 511, RMS = 0.06513
Epoca 512, RMS = 0.06852
Epoca 513, RMS = 0.06477
Epoca 514, RMS = 0.06677
Epoca 515, RMS = 0.06599
Epoca 516, RMS = 0.06430
Epoca 517, RMS = 0.06556
Epoca 518, RMS = 0.06434
Epoca 519, RMS = 0.06476
Epoca 520, RMS = 0.06515
Epoca 521, RMS = 0.06891
Epoca 522, RMS = 0.06483
Epoca 523, RMS = 0.06584
Epoca 524, RMS = 0.06552
Epoca 525, RMS = 0.06465
Epoca 526, RMS = 0.06486
Epoca 527, RMS = 0.06483
Epoca 528, RMS = 0.06874
Epoca 529, RMS = 0.06455
Epoca 530, RMS = 0.06496
Epoca 531, RMS = 0.06464
Epoca 532, RMS = 0.06453
Epoca 533, RMS = 0.06877
Epoca 534, RMS = 0.06463
Epoca 535, RMS = 0.06421
Epoca 536, RMS = 0.06609
Epoca 537, RMS = 0.06466
Epoca 538, RMS = 0.06530
Epoca 539, RMS = 0.06412
Epoca 540, RMS = 0.06863
Epoca 541, RMS = 0.06524
Epoca 542, RMS = 0.06312
Epoca 543, RMS = 0.06747
Epoca 544, RMS = 0.06505
Epoca 545, RMS = 0.06396
Epoca 546, RMS = 0.06426
Epoca 547, RMS = 0.06845
Epoca 548, RMS = 0.06407
Epoca 549, RMS = 0.06379
Epoca 550, RMS = 0.06651
Epoca 551, RMS = 0.06506
Epoca 552, RMS = 0.06527
Epoca 553, RMS = 0.06516
Epoca 554, RMS = 0.06627
Epoca 555, RMS = 0.06687
Epoca 556, RMS = 0.06471
Epoca 557, RMS = 0.06678
Epoca 558, RMS = 0.06471
Epoca 559, RMS = 0.06418
Epoca 560, RMS = 0.06460
Epoca 561, RMS = 0.06781
Epoca 562, RMS = 0.06575
Epoca 563, RMS = 0.06436
Epoca 564, RMS = 0.06778
Epoca 565, RMS = 0.06456
Epoca 566, RMS = 0.06354
Epoca 567, RMS = 0.06469
Epoca 568, RMS = 0.06799
Epoca 569, RMS = 0.06526
Epoca 570, RMS = 0.06466
Epoca 571, RMS = 0.06713
Epoca 572, RMS = 0.06438
Epoca 573, RMS = 0.06393
Epoca 574, RMS = 0.06539
Epoca 575, RMS = 0.06383
Epoca 576, RMS = 0.06528
Epoca 577, RMS = 0.06386
Epoca 578, RMS = 0.06774
Epoca 579, RMS = 0.06522
Epoca 580, RMS = 0.05982
Epoca 581, RMS = 0.06472
Epoca 582, RMS = 0.06479
Epoca 583, RMS = 0.06861
Epoca 584, RMS = 0.06409
Epoca 585, RMS = 0.06477
Epoca 586, RMS = 0.06512
Epoca 587, RMS = 0.06425
Epoca 588, RMS = 0.06851
Epoca 589, RMS = 0.06442
Epoca 590, RMS = 0.06152
Epoca 591, RMS = 0.06482
Epoca 592, RMS = 0.06541
Epoca 593, RMS = 0.06845
Epoca 594, RMS = 0.06514
Epoca 595, RMS = 0.06534
Epoca 596, RMS = 0.06556
Epoca 597, RMS = 0.06383
Epoca 598, RMS = 0.06799
Epoca 599, RMS = 0.06499
Epoca 600, RMS = 0.06098
Epoca 601, RMS = 0.06503
Epoca 602, RMS = 0.06539
Epoca 603, RMS = 0.06882
Epoca 604, RMS = 0.06403
Epoca 605, RMS = 0.06505
Epoca 606, RMS = 0.06452
Epoca 607, RMS = 0.06483
Epoca 608, RMS = 0.06829
Epoca 609, RMS = 0.06340
Epoca 610, RMS = 0.06362
Epoca 611, RMS = 0.06681
Epoca 612, RMS = 0.06693
Epoca 613, RMS = 0.06009
Epoca 614, RMS = 0.06498
Epoca 615, RMS = 0.06450
Epoca 616, RMS = 0.06813
Epoca 617, RMS = 0.06359
Epoca 618, RMS = 0.06362
Epoca 619, RMS = 0.06736
Epoca 620, RMS = 0.06665
Epoca 621, RMS = 0.05995
Epoca 622, RMS = 0.06540
Epoca 623, RMS = 0.06427
Epoca 624, RMS = 0.06806
Epoca 625, RMS = 0.06377
Epoca 626, RMS = 0.06351
Epoca 627, RMS = 0.06753
Epoca 628, RMS = 0.06646
Epoca 629, RMS = 0.05998
Epoca 630, RMS = 0.06557
Epoca 631, RMS = 0.06426
Epoca 632, RMS = 0.06790
Epoca 633, RMS = 0.06385
Epoca 634, RMS = 0.06372
Epoca 635, RMS = 0.06795
Epoca 636, RMS = 0.06632
Epoca 637, RMS = 0.05993
Epoca 638, RMS = 0.06592
Epoca 639, RMS = 0.06416
Epoca 640, RMS = 0.06794
Epoca 641, RMS = 0.06397
Epoca 642, RMS = 0.06361
Epoca 643, RMS = 0.06800
Epoca 644, RMS = 0.06605
Epoca 645, RMS = 0.06011
Epoca 646, RMS = 0.06606
Epoca 647, RMS = 0.06406
Epoca 648, RMS = 0.06780
Epoca 649, RMS = 0.06405
Epoca 650, RMS = 0.06367
Epoca 651, RMS = 0.06821
Epoca 652, RMS = 0.06590
Epoca 653, RMS = 0.06016
Epoca 654, RMS = 0.06623
Epoca 655, RMS = 0.06401
Epoca 656, RMS = 0.06774
Epoca 657, RMS = 0.06415
Epoca 658, RMS = 0.06374
Epoca 659, RMS = 0.06837
Epoca 660, RMS = 0.06575
Epoca 661, RMS = 0.06033
Epoca 662, RMS = 0.06630
Epoca 663, RMS = 0.06406
Epoca 664, RMS = 0.06780
Epoca 665, RMS = 0.06425
Epoca 666, RMS = 0.06388
Epoca 667, RMS = 0.06856
Epoca 668, RMS = 0.06588
Epoca 669, RMS = 0.06046
Epoca 670, RMS = 0.06648
Epoca 671, RMS = 0.06419
Epoca 672, RMS = 0.06801
Epoca 673, RMS = 0.06427
Epoca 674, RMS = 0.06400
Epoca 675, RMS = 0.06870
Epoca 676, RMS = 0.06586
Epoca 677, RMS = 0.06098
Epoca 678, RMS = 0.06659
Epoca 679, RMS = 0.06448
Epoca 680, RMS = 0.06853
Epoca 681, RMS = 0.06425
Epoca 682, RMS = 0.06423
Epoca 683, RMS = 0.06863
Epoca 684, RMS = 0.06633
Epoca 685, RMS = 0.06153
Epoca 686, RMS = 0.06693
Epoca 687, RMS = 0.06452
Epoca 688, RMS = 0.06856
Epoca 689, RMS = 0.06416
Epoca 690, RMS = 0.06412
Epoca 691, RMS = 0.06863
Epoca 692, RMS = 0.06533
Epoca 693, RMS = 0.06174
Epoca 694, RMS = 0.06649
Epoca 695, RMS = 0.06495
Epoca 696, RMS = 0.06754
Epoca 697, RMS = 0.06687
Epoca 698, RMS = 0.06197
Epoca 699, RMS = 0.06877
Epoca 700, RMS = 0.06568
Epoca 701, RMS = 0.06383
Epoca 702, RMS = 0.06760
Epoca 703, RMS = 0.06542
Epoca 704, RMS = 0.06919
Epoca 705, RMS = 0.06567
Epoca 706, RMS = 0.06236
Epoca 707, RMS = 0.06736
Epoca 708, RMS = 0.06643
Epoca 709, RMS = 0.06241
Epoca 710, RMS = 0.06759
Epoca 711, RMS = 0.06430
Epoca 712, RMS = 0.06889
Epoca 713, RMS = 0.06360
Epoca 714, RMS = 0.06433
Epoca 715, RMS = 0.06886
Epoca 716, RMS = 0.06481
Epoca 717, RMS = 0.06304
Epoca 718, RMS = 0.06723
Epoca 719, RMS = 0.06571
Epoca 720, RMS = 0.06249
Epoca 721, RMS = 0.06751
Epoca 722, RMS = 0.06478
Epoca 723, RMS = 0.06856
Epoca 724, RMS = 0.06554
Epoca 725, RMS = 0.06225
Epoca 726, RMS = 0.06932
Epoca 727, RMS = 0.06362
Epoca 728, RMS = 0.06381
Epoca 729, RMS = 0.06953
Epoca 730, RMS = 0.06527
Epoca 731, RMS = 0.06406
Epoca 732, RMS = 0.06824
Epoca 733, RMS = 0.06567
Epoca 734, RMS = 0.06613
Epoca 735, RMS = 0.06796
Epoca 736, RMS = 0.06444
Epoca 737, RMS = 0.07005
Epoca 738, RMS = 0.06383
Epoca 739, RMS = 0.06311
Epoca 740, RMS = 0.06978
Epoca 741, RMS = 0.06400
Epoca 742, RMS = 0.06588
Epoca 743, RMS = 0.06974
Epoca 744, RMS = 0.06514
Epoca 745, RMS = 0.06623
Epoca 746, RMS = 0.06969
Epoca 747, RMS = 0.06546
Epoca 748, RMS = 0.06606
Epoca 749, RMS = 0.06990
Epoca 750, RMS = 0.06566
Epoca 751, RMS = 0.06560
Epoca 752, RMS = 0.07020
Epoca 753, RMS = 0.06610
Epoca 754, RMS = 0.06646
Epoca 755, RMS = 0.06890
Epoca 756, RMS = 0.06651
Epoca 757, RMS = 0.06979
Epoca 758, RMS = 0.06735
Epoca 759, RMS = 0.06356
Epoca 760, RMS = 0.07099
Epoca 761, RMS = 0.06457
Epoca 762, RMS = 0.06615
Epoca 763, RMS = 0.07158
Epoca 764, RMS = 0.06602
Epoca 765, RMS = 0.06630
Epoca 766, RMS = 0.07193
Epoca 767, RMS = 0.06675
Epoca 768, RMS = 0.06513
Epoca 769, RMS = 0.07078
Epoca 770, RMS = 0.06790
Epoca 771, RMS = 0.06909
Epoca 772, RMS = 0.07154
Epoca 773, RMS = 0.06551
Epoca 774, RMS = 0.07164
Epoca 775, RMS = 0.06471
Epoca 776, RMS = 0.06485
Epoca 777, RMS = 0.07121
Epoca 778, RMS = 0.06600
Epoca 779, RMS = 0.06748
Epoca 780, RMS = 0.07133
Epoca 781, RMS = 0.06758
Epoca 782, RMS = 0.06830
Epoca 783, RMS = 0.07122
Epoca 784, RMS = 0.06802
Epoca 785, RMS = 0.06839
Epoca 786, RMS = 0.07090
Epoca 787, RMS = 0.06799
Epoca 788, RMS = 0.06804
Epoca 789, RMS = 0.07094
Epoca 790, RMS = 0.06808
Epoca 791, RMS = 0.06735
Epoca 792, RMS = 0.07174
Epoca 793, RMS = 0.06857
Epoca 794, RMS = 0.06476
Epoca 795, RMS = 0.07078
Epoca 796, RMS = 0.06938
Epoca 797, RMS = 0.07186
Epoca 798, RMS = 0.06916
Epoca 799, RMS = 0.06443
Epoca 800, RMS = 0.07298
Epoca 801, RMS = 0.06585
Epoca 802, RMS = 0.06780
Epoca 803, RMS = 0.07312
Epoca 804, RMS = 0.06716
Epoca 805, RMS = 0.06635
Epoca 806, RMS = 0.07348
Epoca 807, RMS = 0.06793
Epoca 808, RMS = 0.06029
Epoca 809, RMS = 0.07307
Epoca 810, RMS = 0.07168
Epoca 811, RMS = 0.06922
Epoca 812, RMS = 0.07791
Epoca 813, RMS = 0.06299
Epoca 814, RMS = 0.07335
Epoca 815, RMS = 0.07002
Epoca 816, RMS = 0.06931
Epoca 817, RMS = 0.07974
Epoca 818, RMS = 0.06018
Epoca 819, RMS = 0.07398
Epoca 820, RMS = 0.07269
Epoca 821, RMS = 0.05673
Epoca 822, RMS = 0.07372
Epoca 823, RMS = 0.08610
Epoca 824, RMS = 0.05678
Epoca 825, RMS = 0.06646
Epoca 826, RMS = 0.09919
Epoca 827, RMS = 0.07307
Epoca 828, RMS = 0.05756
Epoca 829, RMS = 0.06555
Epoca 830, RMS = 0.08496
Epoca 831, RMS = 0.07597
Epoca 832, RMS = 0.05599
Epoca 833, RMS = 0.06858
Epoca 834, RMS = 0.06729
Epoca 835, RMS = 0.08814
Epoca 836, RMS = 0.06014
Epoca 837, RMS = 0.06472
Epoca 838, RMS = 0.06524
Epoca 839, RMS = 0.07765
Epoca 840, RMS = 0.07497
Epoca 841, RMS = 0.05790
Epoca 842, RMS = 0.06678
Epoca 843, RMS = 0.06535
Epoca 844, RMS = 0.07599
Epoca 845, RMS = 0.07228
Epoca 846, RMS = 0.06110
Epoca 847, RMS = 0.06502
Epoca 848, RMS = 0.06561
Epoca 849, RMS = 0.07206
Epoca 850, RMS = 0.07108
Epoca 851, RMS = 0.06251
Epoca 852, RMS = 0.06344
Epoca 853, RMS = 0.06647
Epoca 854, RMS = 0.07212
Epoca 855, RMS = 0.07757
Epoca 856, RMS = 0.07299
Epoca 857, RMS = 0.06001
Epoca 858, RMS = 0.06525
Epoca 859, RMS = 0.06551
Epoca 860, RMS = 0.07806
Epoca 861, RMS = 0.07133
Epoca 862, RMS = 0.06386
Epoca 863, RMS = 0.06438
Epoca 864, RMS = 0.06735
Epoca 865, RMS = 0.07267
Epoca 866, RMS = 0.07727
Epoca 867, RMS = 0.07092
Epoca 868, RMS = 0.06009
Epoca 869, RMS = 0.06310
Epoca 870, RMS = 0.08171
Epoca 871, RMS = 0.08803
Epoca 872, RMS = 0.05933
Epoca 873, RMS = 0.06751
Epoca 874, RMS = 0.06634
Epoca 875, RMS = 0.07256
Epoca 876, RMS = 0.07728
Epoca 877, RMS = 0.06300
Epoca 878, RMS = 0.06016
Epoca 879, RMS = 0.06534
Epoca 880, RMS = 0.06746
Epoca 881, RMS = 0.09462
Epoca 882, RMS = 0.06168
Epoca 883, RMS = 0.06540
Epoca 884, RMS = 0.06659
Epoca 885, RMS = 0.08844
Epoca 886, RMS = 0.06278
Epoca 887, RMS = 0.06466
Epoca 888, RMS = 0.06768
Epoca 889, RMS = 0.07709
Epoca 890, RMS = 0.06683
Epoca 891, RMS = 0.06588
Epoca 892, RMS = 0.06981
Epoca 893, RMS = 0.06018
Epoca 894, RMS = 0.06674
Epoca 895, RMS = 0.06951
Epoca 896, RMS = 0.06099
Epoca 897, RMS = 0.07032
Epoca 898, RMS = 0.06537
Epoca 899, RMS = 0.06649
Epoca 900, RMS = 0.06895
Epoca 901, RMS = 0.06256
Epoca 902, RMS = 0.06604
Epoca 903, RMS = 0.07127
Epoca 904, RMS = 0.06461
Epoca 905, RMS = 0.06454
Epoca 906, RMS = 0.07138
Epoca 907, RMS = 0.06426
Epoca 908, RMS = 0.06505
Epoca 909, RMS = 0.07100
Epoca 910, RMS = 0.06336
Epoca 911, RMS = 0.06559
Epoca 912, RMS = 0.07066
Epoca 913, RMS = 0.06239
Epoca 914, RMS = 0.06655
Epoca 915, RMS = 0.06978
Epoca 916, RMS = 0.06149
Epoca 917, RMS = 0.06778
Epoca 918, RMS = 0.06877
Epoca 919, RMS = 0.06103
Epoca 920, RMS = 0.06868
Epoca 921, RMS = 0.06815
Epoca 922, RMS = 0.06088
Epoca 923, RMS = 0.06944
Epoca 924, RMS = 0.06749
Epoca 925, RMS = 0.06088
Epoca 926, RMS = 0.07012
Epoca 927, RMS = 0.06665
Epoca 928, RMS = 0.06109
Epoca 929, RMS = 0.07073
Epoca 930, RMS = 0.06549
Epoca 931, RMS = 0.06171
Epoca 932, RMS = 0.07139
Epoca 933, RMS = 0.06356
Epoca 934, RMS = 0.06325
Epoca 935, RMS = 0.07233
Epoca 936, RMS = 0.06139
Epoca 937, RMS = 0.06627
Epoca 938, RMS = 0.07242
Epoca 939, RMS = 0.06083
Epoca 940, RMS = 0.06785
Epoca 941, RMS = 0.07179
Epoca 942, RMS = 0.06099
Epoca 943, RMS = 0.07309
Epoca 944, RMS = 0.07283
Epoca 945, RMS = 0.05764
Epoca 946, RMS = 0.07748
Epoca 947, RMS = 0.07262
Epoca 948, RMS = 0.05818
Epoca 949, RMS = 0.07512
Epoca 950, RMS = 0.07317
Epoca 951, RMS = 0.05825
Epoca 952, RMS = 0.07551
Epoca 953, RMS = 0.07293
Epoca 954, RMS = 0.05827
Epoca 955, RMS = 0.07536
Epoca 956, RMS = 0.07324
Epoca 957, RMS = 0.05848
Epoca 958, RMS = 0.07551
Epoca 959, RMS = 0.07332
Epoca 960, RMS = 0.05863
Epoca 961, RMS = 0.07570
Epoca 962, RMS = 0.07351
Epoca 963, RMS = 0.05895
Epoca 964, RMS = 0.07578
Epoca 965, RMS = 0.07368
Epoca 966, RMS = 0.05931
Epoca 967, RMS = 0.07591
Epoca 968, RMS = 0.07389
Epoca 969, RMS = 0.05981
Epoca 970, RMS = 0.07599
Epoca 971, RMS = 0.07411
Epoca 972, RMS = 0.06042
Epoca 973, RMS = 0.07617
Epoca 974, RMS = 0.07432
Epoca 975, RMS = 0.06126
Epoca 976, RMS = 0.07653
Epoca 977, RMS = 0.07413
Epoca 978, RMS = 0.06295
Epoca 979, RMS = 0.07712
Epoca 980, RMS = 0.06581
Epoca 981, RMS = 0.07242
Epoca 982, RMS = 0.06351
Epoca 983, RMS = 0.06560
Epoca 984, RMS = 0.07278
Epoca 985, RMS = 0.06369
Epoca 986, RMS = 0.07744
Epoca 987, RMS = 0.06061
Epoca 988, RMS = 0.07334
Epoca 989, RMS = 0.06152
Epoca 990, RMS = 0.06624
Epoca 991, RMS = 0.07183
Epoca 992, RMS = 0.06277
Epoca 993, RMS = 0.07481
Epoca 994, RMS = 0.06717
Epoca 995, RMS = 0.07454
Epoca 996, RMS = 0.07061
Epoca 997, RMS = 0.06284
Epoca 998, RMS = 0.07382
Epoca 999, RMS = 0.06877
Epoca 1000, RMS = 0.06010

##################TEST##################
Z[0] = -1.00
Z[1] = -1.00
Y_IN 3.39
T[0] = 1 Y[0] = 0.93
Y_IN 0.00
T[1] = 0 Y[1] = 0.00
Z[0] = 1.00
Z[1] = 1.00
Y_IN -0.04
T[0] = 0 Y[0] = -0.02
Y_IN 4.63
T[1] = 1 Y[1] = 0.98
Z[0] = 1.00
Z[1] = 1.00
Y_IN -0.04
T[0] = 0 Y[0] = -0.02
Y_IN 4.62
T[1] = 1 Y[1] = 0.98
Z[0] = 1.00
Z[1] = 1.00
Y_IN -0.04
T[0] = 0 Y[0] = -0.02
Y_IN 4.63
T[1] = 1 Y[1] = 0.98
Z[0] = 0.99
Z[1] = 1.00
Y_IN -0.04
T[0] = 0 Y[0] = -0.02
Y_IN 4.61
T[1] = 1 Y[1] = 0.98
Z[0] = 1.00
Z[1] = 1.00
Y_IN -0.04
T[0] = 0 Y[0] = -0.02
Y_IN 4.62
T[1] = 1 Y[1] = 0.98
Z[0] = -1.00
Z[1] = -1.00
Y_IN 3.39
T[0] = 1 Y[0] = 0.93
Y_IN 0.00
T[1] = 0 Y[1] = 0.00
Z[0] = -1.00
Z[1] = -1.00
Y_IN 3.39
T[0] = 1 Y[0] = 0.94
Y_IN -0.00
T[1] = 0 Y[1] = -0.00
Z[0] = 1.00
Z[1] = 1.00
Y_IN -0.04
T[0] = 0 Y[0] = -0.02
Y_IN 4.63
T[1] = 1 Y[1] = 0.98
Z[0] = -1.00
Z[1] = -1.00
Y_IN 3.39
T[0] = 1 Y[0] = 0.93
Y_IN -0.00
T[1] = 0 Y[1] = -0.00
Z[0] = 0.99
Z[1] = 1.00
Y_IN -0.04
T[0] = 0 Y[0] = -0.02
Y_IN 4.61
T[1] = 1 Y[1] = 0.98
Z[0] = -1.00
Z[1] = -1.00
Y_IN 3.39
T[0] = 1 Y[0] = 0.94
Y_IN -0.00
T[1] = 0 Y[1] = -0.00
Z[0] = -1.00
Z[1] = -1.00
Y_IN 3.39
T[0] = 1 Y[0] = 0.94
Y_IN -0.00
T[1] = 0 Y[1] = -0.00
Z[0] = -1.00
Z[1] = -1.00
Y_IN 3.39
T[0] = 1 Y[0] = 0.93
Y_IN 0.00
T[1] = 0 Y[1] = 0.00
Z[0] = -1.00
Z[1] = -1.00
Y_IN 3.39
T[0] = 1 Y[0] = 0.94
Y_IN -0.00
T[1] = 0 Y[1] = -0.00
Z[0] = 1.00
Z[1] = 0.97
Y_IN 0.01
T[0] = 0 Y[0] = 0.01
Y_IN 4.59
T[1] = 1 Y[1] = 0.98
Z[0] = 1.00
Z[1] = 1.00
Y_IN -0.04
T[0] = 0 Y[0] = -0.02
Y_IN 4.63
T[1] = 1 Y[1] = 0.98
Z[0] = -1.00
Z[1] = -1.00
Y_IN 3.39
T[0] = 1 Y[0] = 0.93
Y_IN 0.00
T[1] = 0 Y[1] = 0.00
Z[0] = -1.00
Z[1] = -1.00
Y_IN 3.39
T[0] = 1 Y[0] = 0.93
Y_IN 0.00
T[1] = 0 Y[1] = 0.00
Z[0] = 0.99
Z[1] = 0.83
Y_IN 0.27
T[0] = 0 Y[0] = 0.13
Y_IN 4.37
T[1] = 1 Y[1] = 0.97
Z[0] = 1.00
Z[1] = 1.00
Y_IN -0.04
T[0] = 0 Y[0] = -0.02
Y_IN 4.63
T[1] = 1 Y[1] = 0.98
Z[0] = -1.00
Z[1] = -1.00
Y_IN 3.39
T[0] = 1 Y[0] = 0.94
Y_IN -0.00
T[1] = 0 Y[1] = -0.00
Z[0] = 1.00
Z[1] = 1.00
Y_IN -0.04
T[0] = 0 Y[0] = -0.02
Y_IN 4.63
T[1] = 1 Y[1] = 0.98
Z[0] = 1.00
Z[1] = 1.00
Y_IN -0.04
T[0] = 0 Y[0] = -0.02
Y_IN 4.63
T[1] = 1 Y[1] = 0.98
Z[0] = -1.00
Z[1] = -1.00
Y_IN 3.39
T[0] = 1 Y[0] = 0.94
Y_IN -0.00
T[1] = 0 Y[1] = -0.00
Z[0] = -1.00
Z[1] = -1.00
Y_IN 3.39
T[0] = 1 Y[0] = 0.93
Y_IN 0.00
T[1] = 0 Y[1] = 0.00
Z[0] = -1.00
Z[1] = -1.00
Y_IN 3.39
T[0] = 1 Y[0] = 0.94
Y_IN -0.00
T[1] = 0 Y[1] = -0.00
Z[0] = -1.00
Z[1] = -1.00
Y_IN 3.39
T[0] = 1 Y[0] = 0.94
Y_IN -0.00
T[1] = 0 Y[1] = -0.00
Z[0] = -1.00
Z[1] = -1.00
Y_IN 3.39
T[0] = 1 Y[0] = 0.94
Y_IN -0.00
T[1] = 0 Y[1] = -0.00
Z[0] = -0.96
Z[1] = -0.99
Y_IN 3.38
T[0] = 1 Y[0] = 0.93
Y_IN 0.05
T[1] = 0 Y[1] = 0.02
Z[0] = -1.00
Z[1] = -1.00
Y_IN 3.39
T[0] = 1 Y[0] = 0.94
Y_IN -0.00
T[1] = 0 Y[1] = -0.00
Z[0] = -1.00
Z[1] = -1.00
Y_IN 3.39
T[0] = 1 Y[0] = 0.93
Y_IN 0.00
T[1] = 0 Y[1] = 0.00
Z[0] = 1.00
Z[1] = 0.99
Y_IN -0.02
T[0] = 0 Y[0] = -0.01
Y_IN 4.61
T[1] = 1 Y[1] = 0.98
Z[0] = -1.00
Z[1] = -1.00
Y_IN 3.39
T[0] = 1 Y[0] = 0.94
Y_IN -0.00
T[1] = 0 Y[1] = -0.00
Z[0] = 1.00
Z[1] = 1.00
Y_IN -0.04
T[0] = 0 Y[0] = -0.02
Y_IN 4.62
T[1] = 1 Y[1] = 0.98
Z[0] = -1.00
Z[1] = -1.00
Y_IN 3.39
T[0] = 1 Y[0] = 0.94
Y_IN -0.00
T[1] = 0 Y[1] = -0.00
Z[0] = -1.00
Z[1] = -1.00
Y_IN 3.39
T[0] = 1 Y[0] = 0.94
Y_IN -0.00
T[1] = 0 Y[1] = -0.00
Z[0] = -1.00
Z[1] = -1.00
Y_IN 3.39
T[0] = 1 Y[0] = 0.93
Y_IN -0.00
T[1] = 0 Y[1] = -0.00
Z[0] = -1.00
Z[1] = -1.00
Y_IN 3.39
T[0] = 1 Y[0] = 0.94
Y_IN -0.00
T[1] = 0 Y[1] = -0.00
Z[0] = 1.00
Z[1] = 1.00
Y_IN -0.04
T[0] = 0 Y[0] = -0.02
Y_IN 4.63
T[1] = 1 Y[1] = 0.98
Z[0] = 0.93
Z[1] = 0.71
Y_IN 0.49
T[0] = 0 Y[0] = 0.24
Y_IN 4.14
T[1] = 1 Y[1] = 0.97
Z[0] = 1.00
Z[1] = 1.00
Y_IN -0.04
T[0] = 0 Y[0] = -0.02
Y_IN 4.63
T[1] = 1 Y[1] = 0.98
Z[0] = -1.00
Z[1] = -1.00
Y_IN 3.39
T[0] = 1 Y[0] = 0.93
Y_IN 0.00
T[1] = 0 Y[1] = 0.00
Z[0] = -1.00
Z[1] = -1.00
Y_IN 3.39
T[0] = 1 Y[0] = 0.94
Y_IN -0.00
T[1] = 0 Y[1] = -0.00
Z[0] = 1.00
Z[1] = 1.00
Y_IN -0.04
T[0] = 0 Y[0] = -0.02
Y_IN 4.63
T[1] = 1 Y[1] = 0.98
Z[0] = -1.00
Z[1] = -0.99
Y_IN 3.38
T[0] = 1 Y[0] = 0.93
Y_IN 0.01
T[1] = 0 Y[1] = 0.00
Z[0] = -1.00
Z[1] = -1.00
Y_IN 3.39
T[0] = 1 Y[0] = 0.94
Y_IN -0.00
T[1] = 0 Y[1] = -0.00
Z[0] = -1.00
Z[1] = -1.00
Y_IN 3.39
T[0] = 1 Y[0] = 0.93
Y_IN 0.00
T[1] = 0 Y[1] = 0.00
Z[0] = -1.00
Z[1] = -1.00
Y_IN 3.39
T[0] = 1 Y[0] = 0.94
Y_IN -0.00
T[1] = 0 Y[1] = -0.00
Z[0] = -1.00
Z[1] = -1.00
Y_IN 3.39
T[0] = 1 Y[0] = 0.94
Y_IN -0.00
T[1] = 0 Y[1] = -0.00
Z[0] = -1.00
Z[1] = -1.00
Y_IN 3.39
T[0] = 1 Y[0] = 0.93
Y_IN -0.00
T[1] = 0 Y[1] = -0.00
Z[0] = 1.00
Z[1] = 0.99
Y_IN -0.03
T[0] = 0 Y[0] = -0.01
Y_IN 4.62
T[1] = 1 Y[1] = 0.98
Z[0] = -1.00
Z[1] = -1.00
Y_IN 3.39
T[0] = 1 Y[0] = 0.94
Y_IN -0.00
T[1] = 0 Y[1] = -0.00
Z[0] = -1.00
Z[1] = -1.00
Y_IN 3.39
T[0] = 1 Y[0] = 0.93
Y_IN 0.00
T[1] = 0 Y[1] = 0.00
Z[0] = 1.00
Z[1] = 0.98
Y_IN -0.00
T[0] = 0 Y[0] = -0.00
Y_IN 4.60
T[1] = 1 Y[1] = 0.98
Z[0] = -1.00
Z[1] = -1.00
Y_IN 3.39
T[0] = 1 Y[0] = 0.93
Y_IN 0.00
T[1] = 0 Y[1] = 0.00
Z[0] = -1.00
Z[1] = -1.00
Y_IN 3.39
T[0] = 1 Y[0] = 0.93
Y_IN 0.00
T[1] = 0 Y[1] = 0.00
Z[0] = -1.00
Z[1] = -1.00
Y_IN 3.39
T[0] = 1 Y[0] = 0.93
Y_IN -0.00
T[1] = 0 Y[1] = -0.00
Z[0] = 1.00
Z[1] = 1.00
Y_IN -0.04
T[0] = 0 Y[0] = -0.02
Y_IN 4.63
T[1] = 1 Y[1] = 0.98
Z[0] = -1.00
Z[1] = -1.00
Y_IN 3.39
T[0] = 1 Y[0] = 0.94
Y_IN -0.00
T[1] = 0 Y[1] = -0.00
Z[0] = 1.00
Z[1] = 0.99
Y_IN -0.02
T[0] = 0 Y[0] = -0.01
Y_IN 4.61
T[1] = 1 Y[1] = 0.98
Z[0] = -0.88
Z[1] = -0.81
Y_IN 3.06
T[0] = 0 Y[0] = 0.91
Y_IN 0.38
T[1] = 1 Y[1] = 0.19
Z[0] = -1.00
Z[1] = -1.00
Y_IN 3.39
T[0] = 1 Y[0] = 0.93
Y_IN -0.00
T[1] = 0 Y[1] = -0.00
Z[0] = 0.48
Z[1] = -0.26
Y_IN 2.23
T[0] = 0 Y[0] = 0.81
Y_IN 2.34
T[1] = 1 Y[1] = 0.82
Z[0] = -1.00
Z[1] = -1.00
Y_IN 3.39
T[0] = 1 Y[0] = 0.94
Y_IN -0.00
T[1] = 0 Y[1] = -0.00
Z[0] = 1.00
Z[1] = 1.00
Y_IN -0.04
T[0] = 0 Y[0] = -0.02
Y_IN 4.63
T[1] = 1 Y[1] = 0.98
Z[0] = -1.00
Z[1] = -1.00
Y_IN 3.39
T[0] = 1 Y[0] = 0.93
Y_IN -0.00
T[1] = 0 Y[1] = -0.00
Z[0] = -0.83
Z[1] = -0.89
Y_IN 3.21
T[0] = 0 Y[0] = 0.92
Y_IN 0.31
T[1] = 1 Y[1] = 0.15
Z[0] = -1.00
Z[1] = -1.00
Y_IN 3.39
T[0] = 1 Y[0] = 0.94
Y_IN -0.00
T[1] = 0 Y[1] = -0.00
Z[0] = -1.00
Z[1] = -1.00
Y_IN 3.39
T[0] = 1 Y[0] = 0.93
Y_IN 0.00
T[1] = 0 Y[1] = 0.00
Z[0] = -1.00
Z[1] = -1.00
Y_IN 3.39
T[0] = 1 Y[0] = 0.93
Y_IN 0.00
T[1] = 0 Y[1] = 0.00
Z[0] = -1.00
Z[1] = -1.00
Y_IN 3.39
T[0] = 1 Y[0] = 0.94
Y_IN -0.00
T[1] = 0 Y[1] = -0.00
Z[0] = -1.00
Z[1] = -1.00
Y_IN 3.39
T[0] = 1 Y[0] = 0.93
Y_IN -0.00
T[1] = 0 Y[1] = -0.00
Z[0] = -1.00
Z[1] = -1.00
Y_IN 3.39
T[0] = 1 Y[0] = 0.94
Y_IN -0.00
T[1] = 0 Y[1] = -0.00
Z[0] = -1.00
Z[1] = -1.00
Y_IN 3.39
T[0] = 1 Y[0] = 0.94
Y_IN -0.00
T[1] = 0 Y[1] = -0.00
Z[0] = -1.00
Z[1] = -1.00
Y_IN 3.39
T[0] = 1 Y[0] = 0.93
Y_IN -0.00
T[1] = 0 Y[1] = -0.00
Z[0] = 1.00
Z[1] = 1.00
Y_IN -0.04
T[0] = 0 Y[0] = -0.02
Y_IN 4.63
T[1] = 1 Y[1] = 0.98
Z[0] = -1.00
Z[1] = -1.00
Y_IN 3.39
T[0] = 1 Y[0] = 0.94
Y_IN -0.00
T[1] = 0 Y[1] = -0.00
Z[0] = 1.00
Z[1] = 1.00
Y_IN -0.04
T[0] = 0 Y[0] = -0.02
Y_IN 4.63
T[1] = 1 Y[1] = 0.98
Z[0] = -1.00
Z[1] = -1.00
Y_IN 3.39
T[0] = 1 Y[0] = 0.94
Y_IN -0.00
T[1] = 0 Y[1] = -0.00
Z[0] = -1.00
Z[1] = -1.00
Y_IN 3.39
T[0] = 1 Y[0] = 0.94
Y_IN -0.00
T[1] = 0 Y[1] = -0.00
Z[0] = -1.00
Z[1] = -1.00
Y_IN 3.39
T[0] = 1 Y[0] = 0.94
Y_IN -0.00
T[1] = 0 Y[1] = -0.00
Z[0] = -1.00
Z[1] = -1.00
Y_IN 3.39
T[0] = 1 Y[0] = 0.93
Y_IN -0.00
T[1] = 0 Y[1] = -0.00
Z[0] = -0.86
Z[1] = -0.93
Y_IN 3.29
T[0] = 0 Y[0] = 0.93
Y_IN 0.22
T[1] = 1 Y[1] = 0.11
Z[0] = 0.95
Z[1] = 0.95
Y_IN 0.04
T[0] = 0 Y[0] = 0.02
Y_IN 4.51
T[1] = 1 Y[1] = 0.98
Z[0] = 1.00
Z[1] = 0.99
Y_IN -0.03
T[0] = 0 Y[0] = -0.01
Y_IN 4.62
T[1] = 1 Y[1] = 0.98
Z[0] = -1.00
Z[1] = -1.00
Y_IN 3.39
T[0] = 1 Y[0] = 0.94
Y_IN -0.00
T[1] = 0 Y[1] = -0.00
Z[0] = -1.00
Z[1] = -1.00
Y_IN 3.39
T[0] = 1 Y[0] = 0.94
Y_IN -0.00
T[1] = 0 Y[1] = -0.00
Z[0] = 1.00
Z[1] = 0.99
Y_IN -0.01
T[0] = 0 Y[0] = -0.01
Y_IN 4.60
T[1] = 1 Y[1] = 0.98
Z[0] = -1.00
Z[1] = -0.99
Y_IN 3.38
T[0] = 1 Y[0] = 0.93
Y_IN 0.01
T[1] = 0 Y[1] = 0.00
Z[0] = -1.00
Z[1] = -1.00
Y_IN 3.39
T[0] = 1 Y[0] = 0.94
Y_IN -0.00
T[1] = 0 Y[1] = -0.00
Z[0] = -1.00
Z[1] = -1.00
Y_IN 3.39
T[0] = 1 Y[0] = 0.93
Y_IN -0.00
T[1] = 0 Y[1] = -0.00
Z[0] = -1.00
Z[1] = -1.00
Y_IN 3.39
T[0] = 1 Y[0] = 0.93
Y_IN -0.00
T[1] = 0 Y[1] = -0.00
Z[0] = -1.00
Z[1] = -1.00
Y_IN 3.39
T[0] = 1 Y[0] = 0.94
Y_IN -0.00
T[1] = 0 Y[1] = -0.00
Z[0] = -1.00
Z[1] = -1.00
Y_IN 3.39
T[0] = 1 Y[0] = 0.93
Y_IN 0.00
T[1] = 0 Y[1] = 0.00
Z[0] = 1.00
Z[1] = 1.00
Y_IN -0.04
T[0] = 0 Y[0] = -0.02
Y_IN 4.62
T[1] = 1 Y[1] = 0.98
Z[0] = -0.79
Z[1] = -0.25
Y_IN 2.04
T[0] = 1 Y[0] = 0.77
Y_IN 1.26
T[1] = 0 Y[1] = 0.56
Z[0] = -1.00
Z[1] = -1.00
Y_IN 3.39
T[0] = 1 Y[0] = 0.94
Y_IN -0.00
T[1] = 0 Y[1] = -0.00
Z[0] = 1.00
Z[1] = 1.00
Y_IN -0.04
T[0] = 0 Y[0] = -0.02
Y_IN 4.63
T[1] = 1 Y[1] = 0.98
Z[0] = -0.82
Z[1] = -0.99
Y_IN 3.40
T[0] = 1 Y[0] = 0.94
Y_IN 0.17
T[1] = 0 Y[1] = 0.09
Z[0] = 1.00
Z[1] = 0.98
Y_IN -0.00
T[0] = 0 Y[0] = -0.00
Y_IN 4.60
T[1] = 1 Y[1] = 0.98
Z[0] = -1.00
Z[1] = -1.00
Y_IN 3.39
T[0] = 1 Y[0] = 0.93
Y_IN 0.00
T[1] = 0 Y[1] = 0.00
Z[0] = -1.00
Z[1] = -1.00
Y_IN 3.39
T[0] = 1 Y[0] = 0.94
Y_IN -0.00
T[1] = 0 Y[1] = -0.00
Z[0] = 0.17
Z[1] = 0.14
Y_IN 1.45
T[0] = 1 Y[0] = 0.62
Y_IN 2.66
T[1] = 0 Y[1] = 0.87
Z[0] = -1.00
Z[1] = -1.00
Y_IN 3.39
T[0] = 1 Y[0] = 0.93
Y_IN 0.00
T[1] = 0 Y[1] = 0.00
Z[0] = -1.00
Z[1] = -1.00
Y_IN 3.39
T[0] = 1 Y[0] = 0.93
Y_IN -0.00
T[1] = 0 Y[1] = -0.00
Z[0] = 1.00
Z[1] = 1.00
Y_IN -0.04
T[0] = 0 Y[0] = -0.02
Y_IN 4.63
T[1] = 1 Y[1] = 0.98
Z[0] = 1.00
Z[1] = 1.00
Y_IN -0.04
T[0] = 0 Y[0] = -0.02
Y_IN 4.63
T[1] = 1 Y[1] = 0.98
Z[0] = -0.71
Z[1] = -0.83
Y_IN 3.11
T[0] = 0 Y[0] = 0.91
Y_IN 0.50
T[1] = 1 Y[1] = 0.25
Z[0] = -1.00
Z[1] = -1.00
Y_IN 3.39
T[0] = 1 Y[0] = 0.94
Y_IN -0.00
T[1] = 0 Y[1] = -0.00
Z[0] = 1.00
Z[1] = 1.00
Y_IN -0.04
T[0] = 0 Y[0] = -0.02
Y_IN 4.62
T[1] = 1 Y[1] = 0.98
Z[0] = -0.29
Z[1] = 0.83
Y_IN 0.10
T[0] = 0 Y[0] = 0.05
Y_IN 3.27
T[1] = 1 Y[1] = 0.93
Z[0] = -1.00
Z[1] = -1.00
Y_IN 3.39
T[0] = 1 Y[0] = 0.94
Y_IN -0.00
T[1] = 0 Y[1] = -0.00
Z[0] = 1.00
Z[1] = 1.00
Y_IN -0.04
T[0] = 0 Y[0] = -0.02
Y_IN 4.63
T[1] = 1 Y[1] = 0.98
Z[0] = 1.00
Z[1] = 0.99
Y_IN -0.03
T[0] = 0 Y[0] = -0.01
Y_IN 4.61
T[1] = 1 Y[1] = 0.98
Z[0] = 1.00
Z[1] = 0.99
Y_IN -0.03
T[0] = 0 Y[0] = -0.01
Y_IN 4.61
T[1] = 1 Y[1] = 0.98
Z[0] = -1.00
Z[1] = -1.00
Y_IN 3.39
T[0] = 1 Y[0] = 0.94
Y_IN -0.00
T[1] = 0 Y[1] = -0.00
Z[0] = 1.00
Z[1] = 1.00
Y_IN -0.04
T[0] = 0 Y[0] = -0.02
Y_IN 4.62
T[1] = 1 Y[1] = 0.98
Z[0] = 1.00
Z[1] = 0.99
Y_IN -0.02
T[0] = 0 Y[0] = -0.01
Y_IN 4.61
T[1] = 1 Y[1] = 0.98
Z[0] = 1.00
Z[1] = 0.99
Y_IN -0.01
T[0] = 0 Y[0] = -0.01
Y_IN 4.60
T[1] = 1 Y[1] = 0.98
Z[0] = -1.00
Z[1] = -1.00
Y_IN 3.39
T[0] = 1 Y[0] = 0.94
Y_IN -0.00
T[1] = 0 Y[1] = -0.00
Z[0] = 1.00
Z[1] = 0.96
Y_IN 0.03
T[0] = 0 Y[0] = 0.01
Y_IN 4.57
T[1] = 1 Y[1] = 0.98
Z[0] = -1.00
Z[1] = -1.00
Y_IN 3.39
T[0] = 1 Y[0] = 0.94
Y_IN -0.00
T[1] = 0 Y[1] = -0.00
Z[0] = -0.98
Z[1] = -1.00
Y_IN 3.39
T[0] = 1 Y[0] = 0.93
Y_IN 0.02
T[1] = 0 Y[1] = 0.01
Z[0] = -1.00
Z[1] = -1.00
Y_IN 3.39
T[0] = 1 Y[0] = 0.94
Y_IN -0.00
T[1] = 0 Y[1] = -0.00
Z[0] = -1.00
Z[1] = -0.99
Y_IN 3.38
T[0] = 1 Y[0] = 0.93
Y_IN 0.01
T[1] = 0 Y[1] = 0.00
Z[0] = 1.00
Z[1] = 1.00
Y_IN -0.03
T[0] = 1 Y[0] = -0.02
Y_IN 4.62
T[1] = 0 Y[1] = 0.98
Z[0] = -1.00
Z[1] = -1.00
Y_IN 3.39
T[0] = 1 Y[0] = 0.94
Y_IN -0.00
T[1] = 0 Y[1] = -0.00
Z[0] = 1.00
Z[1] = 1.00
Y_IN -0.04
T[0] = 0 Y[0] = -0.02
Y_IN 4.63
T[1] = 1 Y[1] = 0.98
Z[0] = 1.00
Z[1] = 0.99
Y_IN -0.02
T[0] = 0 Y[0] = -0.01
Y_IN 4.61
T[1] = 1 Y[1] = 0.98
Z[0] = 0.43
Z[1] = -0.35
Y_IN 2.39
T[0] = 1 Y[0] = 0.83
Y_IN 2.17
T[1] = 0 Y[1] = 0.79
Z[0] = -1.00
Z[1] = -1.00
Y_IN 3.39
T[0] = 1 Y[0] = 0.94
Y_IN -0.00
T[1] = 0 Y[1] = -0.00
Z[0] = -1.00
Z[1] = -1.00
Y_IN 3.39
T[0] = 1 Y[0] = 0.94
Y_IN -0.00
T[1] = 0 Y[1] = -0.00
Z[0] = 1.00
Z[1] = -0.02
Y_IN 1.85
T[0] = 0 Y[0] = 0.73
Y_IN 3.14
T[1] = 1 Y[1] = 0.92
Z[0] = -1.00
Z[1] = -1.00
Y_IN 3.39
T[0] = 1 Y[0] = 0.94
Y_IN -0.00
T[1] = 0 Y[1] = -0.00
Z[0] = -0.34
Z[1] = 0.95
Y_IN -0.13
T[0] = 0 Y[0] = -0.07
Y_IN 3.40
T[1] = 1 Y[1] = 0.94
Z[0] = -1.00
Z[1] = -1.00
Y_IN 3.39
T[0] = 1 Y[0] = 0.93
Y_IN -0.00
T[1] = 0 Y[1] = -0.00
Z[0] = -1.00
Z[1] = -1.00
Y_IN 3.39
T[0] = 1 Y[0] = 0.94
Y_IN -0.00
T[1] = 0 Y[1] = -0.00
Z[0] = 1.00
Z[1] = 1.00
Y_IN -0.04
T[0] = 0 Y[0] = -0.02
Y_IN 4.63
T[1] = 1 Y[1] = 0.98
Z[0] = -1.00
Z[1] = -1.00
Y_IN 3.39
T[0] = 1 Y[0] = 0.94
Y_IN -0.00
T[1] = 0 Y[1] = -0.00
Z[0] = -1.00
Z[1] = -1.00
Y_IN 3.39
T[0] = 1 Y[0] = 0.94
Y_IN -0.00
T[1] = 0 Y[1] = -0.00
Z[0] = -1.00
Z[1] = -1.00
Y_IN 3.39
T[0] = 1 Y[0] = 0.93
Y_IN 0.00
T[1] = 0 Y[1] = 0.00
Z[0] = -1.00
Z[1] = -1.00
Y_IN 3.39
T[0] = 1 Y[0] = 0.93
Y_IN -0.00
T[1] = 0 Y[1] = -0.00
Z[0] = 1.00
Z[1] = 0.95
Y_IN 0.05
T[0] = 0 Y[0] = 0.03
Y_IN 4.55
T[1] = 1 Y[1] = 0.98
Z[0] = -1.00
Z[1] = -1.00
Y_IN 3.39
T[0] = 1 Y[0] = 0.94
Y_IN -0.00
T[1] = 0 Y[1] = -0.00
Z[0] = -0.30
Z[1] = 0.62
Y_IN 0.49
T[0] = 0 Y[0] = 0.24
Y_IN 2.95
T[1] = 1 Y[1] = 0.90
Z[0] = -1.00
Z[1] = -0.98
Y_IN 3.36
T[0] = 1 Y[0] = 0.93
Y_IN 0.02
T[1] = 0 Y[1] = 0.01
Z[0] = -1.00
Z[1] = -1.00
Y_IN 3.39
T[0] = 1 Y[0] = 0.93
Y_IN -0.00
T[1] = 0 Y[1] = -0.00
Z[0] = -1.00
Z[1] = -1.00
Y_IN 3.39
T[0] = 1 Y[0] = 0.93
Y_IN -0.00
T[1] = 0 Y[1] = -0.00
Z[0] = -1.00
Z[1] = -1.00
Y_IN 3.39
T[0] = 1 Y[0] = 0.94
Y_IN -0.00
T[1] = 0 Y[1] = -0.00
Z[0] = -1.00
Z[1] = -1.00
Y_IN 3.39
T[0] = 1 Y[0] = 0.94
Y_IN -0.00
T[1] = 0 Y[1] = -0.00
Z[0] = 1.00
Z[1] = 1.00
Y_IN -0.04
T[0] = 0 Y[0] = -0.02
Y_IN 4.63
T[1] = 1 Y[1] = 0.98
Z[0] = 0.92
Z[1] = 0.66
Y_IN 0.59
T[0] = 1 Y[0] = 0.29
Y_IN 4.05
T[1] = 0 Y[1] = 0.97
Z[0] = -1.00
Z[1] = -1.00
Y_IN 3.39
T[0] = 1 Y[0] = 0.94
Y_IN -0.00
T[1] = 0 Y[1] = -0.00
Z[0] = -1.00
Z[1] = -1.00
Y_IN 3.39
T[0] = 1 Y[0] = 0.93
Y_IN 0.00
T[1] = 0 Y[1] = 0.00
Z[0] = -1.00
Z[1] = -1.00
Y_IN 3.39
T[0] = 1 Y[0] = 0.94
Y_IN -0.00
T[1] = 0 Y[1] = -0.00
Z[0] = -0.77
Z[1] = -0.83
Y_IN 3.10
T[0] = 0 Y[0] = 0.91
Y_IN 0.45
T[1] = 1 Y[1] = 0.22
Z[0] = 1.00
Z[1] = 1.00
Y_IN -0.04
T[0] = 0 Y[0] = -0.02
Y_IN 4.63
T[1] = 1 Y[1] = 0.98
Z[0] = 1.00
Z[1] = 0.99
Y_IN -0.03
T[0] = 0 Y[0] = -0.01
Y_IN 4.62
T[1] = 1 Y[1] = 0.98
Z[0] = -1.00
Z[1] = -1.00
Y_IN 3.39
T[0] = 1 Y[0] = 0.94
Y_IN -0.00
T[1] = 0 Y[1] = -0.00
Z[0] = -1.00
Z[1] = -1.00
Y_IN 3.39
T[0] = 1 Y[0] = 0.93
Y_IN -0.00
T[1] = 0 Y[1] = -0.00
Z[0] = 1.00
Z[1] = 1.00
Y_IN -0.04
T[0] = 0 Y[0] = -0.02
Y_IN 4.63
T[1] = 1 Y[1] = 0.98
Z[0] = -1.00
Z[1] = -1.00
Y_IN 3.39
T[0] = 1 Y[0] = 0.93
Y_IN -0.00
T[1] = 0 Y[1] = -0.00
Z[0] = -1.00
Z[1] = -1.00
Y_IN 3.39
T[0] = 1 Y[0] = 0.94
Y_IN -0.00
T[1] = 0 Y[1] = -0.00
Z[0] = 1.00
Z[1] = 1.00
Y_IN -0.04
T[0] = 0 Y[0] = -0.02
Y_IN 4.63
T[1] = 1 Y[1] = 0.98
Z[0] = 1.00
Z[1] = 0.99
Y_IN -0.02
T[0] = 0 Y[0] = -0.01
Y_IN 4.61
T[1] = 1 Y[1] = 0.98
Z[0] = 1.00
Z[1] = 1.00
Y_IN -0.03
T[0] = 0 Y[0] = -0.02
Y_IN 4.62
T[1] = 1 Y[1] = 0.98
Z[0] = -1.00
Z[1] = -1.00
Y_IN 3.39
T[0] = 1 Y[0] = 0.94
Y_IN -0.00
T[1] = 0 Y[1] = -0.00
Z[0] = -1.00
Z[1] = -1.00
Y_IN 3.39
T[0] = 1 Y[0] = 0.93
Y_IN -0.00
T[1] = 0 Y[1] = -0.00
Z[0] = 1.00
Z[1] = 1.00
Y_IN -0.04
T[0] = 0 Y[0] = -0.02
Y_IN 4.63
T[1] = 1 Y[1] = 0.98
Z[0] = -1.00
Z[1] = -1.00
Y_IN 3.39
T[0] = 1 Y[0] = 0.93
Y_IN -0.00
T[1] = 0 Y[1] = -0.00
Z[0] = -1.00
Z[1] = -1.00
Y_IN 3.39
T[0] = 1 Y[0] = 0.93
Y_IN 0.00
T[1] = 0 Y[1] = 0.00
Z[0] = 1.00
Z[1] = 1.00
Y_IN -0.03
T[0] = 0 Y[0] = -0.02
Y_IN 4.62
T[1] = 1 Y[1] = 0.98
Z[0] = 0.96
Z[1] = 0.24
Y_IN 1.36
T[0] = 0 Y[0] = 0.59
Y_IN 3.49
T[1] = 1 Y[1] = 0.94
Z[0] = -1.00
Z[1] = -1.00
Y_IN 3.39
T[0] = 1 Y[0] = 0.94
Y_IN -0.00
T[1] = 0 Y[1] = -0.00
Z[0] = 0.44
Z[1] = 0.98
Y_IN -0.07
T[0] = 0 Y[0] = -0.04
Y_IN 4.11
T[1] = 1 Y[1] = 0.97
Z[0] = -1.00
Z[1] = -1.00
Y_IN 3.39
T[0] = 1 Y[0] = 0.93
Y_IN 0.01
T[1] = 0 Y[1] = 0.00
Z[0] = -1.00
Z[1] = -1.00
Y_IN 3.39
T[0] = 1 Y[0] = 0.94
Y_IN -0.00
T[1] = 0 Y[1] = -0.00
Z[0] = 1.00
Z[1] = 1.00
Y_IN -0.04
T[0] = 0 Y[0] = -0.02
Y_IN 4.62
T[1] = 1 Y[1] = 0.98
Z[0] = -0.98
Z[1] = -1.00
Y_IN 3.39
T[0] = 1 Y[0] = 0.93
Y_IN 0.02
T[1] = 0 Y[1] = 0.01
Z[0] = 1.00
Z[1] = 1.00
Y_IN -0.03
T[0] = 0 Y[0] = -0.02
Y_IN 4.62
T[1] = 1 Y[1] = 0.98
Z[0] = -1.00
Z[1] = -1.00
Y_IN 3.39
T[0] = 1 Y[0] = 0.94
Y_IN -0.00
T[1] = 0 Y[1] = -0.00
Z[0] = 0.99
Z[1] = 0.90
Y_IN 0.14
T[0] = 0 Y[0] = 0.07
Y_IN 4.47
T[1] = 1 Y[1] = 0.98
Z[0] = -1.00
Z[1] = -1.00
Y_IN 3.39
T[0] = 1 Y[0] = 0.94
Y_IN -0.00
T[1] = 0 Y[1] = -0.00
Z[0] = -1.00
Z[1] = -1.00
Y_IN 3.39
T[0] = 1 Y[0] = 0.93
Y_IN 0.00
T[1] = 0 Y[1] = 0.00
Z[0] = -1.00
Z[1] = -1.00
Y_IN 3.39
T[0] = 1 Y[0] = 0.93
Y_IN 0.00
T[1] = 0 Y[1] = 0.00
Z[0] = 1.00
Z[1] = 0.84
Y_IN 0.26
T[0] = 1 Y[0] = 0.13
Y_IN 4.39
T[1] = 0 Y[1] = 0.98
Z[0] = 0.97
Z[1] = 1.00
Y_IN -0.04
T[0] = 0 Y[0] = -0.02
Y_IN 4.59
T[1] = 1 Y[1] = 0.98
Z[0] = 0.86
Z[1] = 0.82
Y_IN 0.27
T[0] = 0 Y[0] = 0.13
Y_IN 4.25
T[1] = 1 Y[1] = 0.97
Z[0] = -1.00
Z[1] = -1.00
Y_IN 3.39
T[0] = 1 Y[0] = 0.94
Y_IN -0.00
T[1] = 0 Y[1] = -0.00
Z[0] = -1.00
Z[1] = -1.00
Y_IN 3.39
T[0] = 1 Y[0] = 0.94
Y_IN -0.00
T[1] = 0 Y[1] = -0.00
Z[0] = -1.00
Z[1] = -1.00
Y_IN 3.39
T[0] = 1 Y[0] = 0.94
Y_IN -0.00
T[1] = 0 Y[1] = -0.00
Z[0] = 1.00
Z[1] = 1.00
Y_IN -0.04
T[0] = 0 Y[0] = -0.02
Y_IN 4.62
T[1] = 1 Y[1] = 0.98
Z[0] = -0.99
Z[1] = -0.99
Y_IN 3.38
T[0] = 1 Y[0] = 0.93
Y_IN 0.02
T[1] = 0 Y[1] = 0.01
Z[0] = -1.00
Z[1] = -1.00
Y_IN 3.39
T[0] = 1 Y[0] = 0.93
Y_IN -0.00
T[1] = 0 Y[1] = -0.00
Z[0] = -1.00
Z[1] = -1.00
Y_IN 3.39
T[0] = 1 Y[0] = 0.94
Y_IN -0.00
T[1] = 0 Y[1] = -0.00
Z[0] = 1.00
Z[1] = 0.99
Y_IN -0.02
T[0] = 0 Y[0] = -0.01
Y_IN 4.61
T[1] = 1 Y[1] = 0.98
Z[0] = -1.00
Z[1] = -1.00
Y_IN 3.39
T[0] = 1 Y[0] = 0.94
Y_IN -0.00
T[1] = 0 Y[1] = -0.00
Z[0] = -1.00
Z[1] = -1.00
Y_IN 3.39
T[0] = 1 Y[0] = 0.93
Y_IN -0.00
T[1] = 0 Y[1] = -0.00
Z[0] = -1.00
Z[1] = -1.00
Y_IN 3.39
T[0] = 1 Y[0] = 0.93
Y_IN -0.00
T[1] = 0 Y[1] = -0.00
Z[0] = -1.00
Z[1] = -1.00
Y_IN 3.39
T[0] = 1 Y[0] = 0.94
Y_IN -0.00
T[1] = 0 Y[1] = -0.00
Z[0] = -1.00
Z[1] = -1.00
Y_IN 3.39
T[0] = 1 Y[0] = 0.93
Y_IN 0.01
T[1] = 0 Y[1] = 0.00
Z[0] = -1.00
Z[1] = -1.00
Y_IN 3.39
T[0] = 1 Y[0] = 0.94
Y_IN -0.00
T[1] = 0 Y[1] = -0.00
Z[0] = -1.00
Z[1] = -1.00
Y_IN 3.39
T[0] = 1 Y[0] = 0.93
Y_IN 0.00
T[1] = 0 Y[1] = 0.00
Z[0] = -1.00
Z[1] = -1.00
Y_IN 3.39
T[0] = 1 Y[0] = 0.93
Y_IN 0.00
T[1] = 0 Y[1] = 0.00
Z[0] = -1.00
Z[1] = -1.00
Y_IN 3.39
T[0] = 1 Y[0] = 0.93
Y_IN 0.00
T[1] = 0 Y[1] = 0.00
Z[0] = 1.00
Z[1] = 1.00
Y_IN -0.04
T[0] = 0 Y[0] = -0.02
Y_IN 4.63
T[1] = 1 Y[1] = 0.98
Z[0] = -1.00
Z[1] = -1.00
Y_IN 3.39
T[0] = 1 Y[0] = 0.94
Y_IN -0.00
T[1] = 0 Y[1] = -0.00
Z[0] = -1.00
Z[1] = -1.00
Y_IN 3.39
T[0] = 1 Y[0] = 0.94
Y_IN -0.00
T[1] = 0 Y[1] = -0.00
Z[0] = -1.00
Z[1] = -1.00
Y_IN 3.39
T[0] = 1 Y[0] = 0.94
Y_IN -0.00
T[1] = 0 Y[1] = -0.00
Z[0] = 1.00
Z[1] = 1.00
Y_IN -0.04
T[0] = 0 Y[0] = -0.02
Y_IN 4.62
T[1] = 1 Y[1] = 0.98
Z[0] = -1.00
Z[1] = -1.00
Y_IN 3.39
T[0] = 1 Y[0] = 0.93
Y_IN -0.00
T[1] = 0 Y[1] = -0.00
Z[0] = -1.00
Z[1] = -1.00
Y_IN 3.39
T[0] = 1 Y[0] = 0.93
Y_IN 0.00
T[1] = 0 Y[1] = 0.00
Z[0] = 0.72
Z[1] = -0.27
Y_IN 2.28
T[0] = 0 Y[0] = 0.81
Y_IN 2.54
T[1] = 1 Y[1] = 0.85
Z[0] = 1.00
Z[1] = 1.00
Y_IN -0.04
T[0] = 0 Y[0] = -0.02
Y_IN 4.63
T[1] = 1 Y[1] = 0.98
Z[0] = -1.00
Z[1] = -1.00
Y_IN 3.39
T[0] = 1 Y[0] = 0.94
Y_IN -0.00
T[1] = 0 Y[1] = -0.00
Z[0] = -1.00
Z[1] = -0.99
Y_IN 3.38
T[0] = 1 Y[0] = 0.93
Y_IN 0.01
T[1] = 0 Y[1] = 0.00
Z[0] = -1.00
Z[1] = -1.00
Y_IN 3.39
T[0] = 1 Y[0] = 0.94
Y_IN -0.00
T[1] = 0 Y[1] = -0.00
Z[0] = 1.00
Z[1] = 1.00
Y_IN -0.04
T[0] = 0 Y[0] = -0.02
Y_IN 4.63
T[1] = 1 Y[1] = 0.98
Z[0] = -1.00
Z[1] = -1.00
Y_IN 3.39
T[0] = 1 Y[0] = 0.93
Y_IN 0.00
T[1] = 0 Y[1] = 0.00
Z[0] = 0.99
Z[1] = 0.45
Y_IN 0.98
T[0] = 0 Y[0] = 0.45
Y_IN 3.82
T[1] = 1 Y[1] = 0.96
Z[0] = -0.40
Z[1] = -0.57
Y_IN 2.68
T[0] = 0 Y[0] = 0.87
Y_IN 1.14
T[1] = 1 Y[1] = 0.52
Z[0] = -1.00
Z[1] = -1.00
Y_IN 3.39
T[0] = 1 Y[0] = 0.93
Y_IN 0.00
T[1] = 0 Y[1] = 0.00
Z[0] = -1.00
Z[1] = -1.00
Y_IN 3.39
T[0] = 1 Y[0] = 0.94
Y_IN -0.00
T[1] = 0 Y[1] = -0.00
Z[0] = -1.00
Z[1] = -1.00
Y_IN 3.39
T[0] = 1 Y[0] = 0.93
Y_IN 0.00
T[1] = 0 Y[1] = 0.00
Z[0] = 1.00
Z[1] = 1.00
Y_IN -0.04
T[0] = 0 Y[0] = -0.02
Y_IN 4.62
T[1] = 1 Y[1] = 0.98
Z[0] = 1.00
Z[1] = 1.00
Y_IN -0.04
T[0] = 0 Y[0] = -0.02
Y_IN 4.63
T[1] = 1 Y[1] = 0.98
Z[0] = 1.00
Z[1] = 0.96
Y_IN 0.04
T[0] = 0 Y[0] = 0.02
Y_IN 4.56
T[1] = 1 Y[1] = 0.98
Z[0] = 0.99
Z[1] = 1.00
Y_IN -0.04
T[0] = 0 Y[0] = -0.02
Y_IN 4.62
T[1] = 1 Y[1] = 0.98
Z[0] = -1.00
Z[1] = -0.99
Y_IN 3.37
T[0] = 1 Y[0] = 0.93
Y_IN 0.02
T[1] = 0 Y[1] = 0.01
Z[0] = 1.00
Z[1] = 0.99
Y_IN -0.02
T[0] = 0 Y[0] = -0.01
Y_IN 4.61
T[1] = 1 Y[1] = 0.98
Z[0] = -1.00
Z[1] = -1.00
Y_IN 3.39
T[0] = 1 Y[0] = 0.93
Y_IN 0.00
T[1] = 0 Y[1] = 0.00
Z[0] = -1.00
Z[1] = -0.99
Y_IN 3.38
T[0] = 1 Y[0] = 0.93
Y_IN 0.01
T[1] = 0 Y[1] = 0.00
Z[0] = -1.00
Z[1] = -1.00
Y_IN 3.39
T[0] = 1 Y[0] = 0.93
Y_IN 0.00
T[1] = 0 Y[1] = 0.00
Z[0] = 0.48
Z[1] = 0.52
Y_IN 0.77
T[0] = 1 Y[0] = 0.37
Y_IN 3.49
T[1] = 0 Y[1] = 0.94
Z[0] = -1.00
Z[1] = -1.00
Y_IN 3.39
T[0] = 1 Y[0] = 0.94
Y_IN -0.00
T[1] = 0 Y[1] = -0.00
Z[0] = -0.99
Z[1] = -0.99
Y_IN 3.37
T[0] = 1 Y[0] = 0.93
Y_IN 0.03
T[1] = 0 Y[1] = 0.01
Z[0] = -1.00
Z[1] = -1.00
Y_IN 3.39
T[0] = 1 Y[0] = 0.93
Y_IN -0.00
T[1] = 0 Y[1] = -0.00
Z[0] = -1.00
Z[1] = -1.00
Y_IN 3.39
T[0] = 1 Y[0] = 0.93
Y_IN 0.00
T[1] = 0 Y[1] = 0.00
Z[0] = -1.00
Z[1] = -1.00
Y_IN 3.39
T[0] = 1 Y[0] = 0.94
Y_IN -0.00
T[1] = 0 Y[1] = -0.00
Z[0] = -1.00
Z[1] = -1.00
Y_IN 3.39
T[0] = 1 Y[0] = 0.94
Y_IN -0.00
T[1] = 0 Y[1] = -0.00
Z[0] = -1.00
Z[1] = -1.00
Y_IN 3.39
T[0] = 1 Y[0] = 0.93
Y_IN 0.00
T[1] = 0 Y[1] = 0.00
Z[0] = -1.00
Z[1] = -1.00
Y_IN 3.39
T[0] = 1 Y[0] = 0.94
Y_IN -0.00
T[1] = 0 Y[1] = -0.00
Z[0] = 1.00
Z[1] = 1.00
Y_IN -0.04
T[0] = 0 Y[0] = -0.02
Y_IN 4.62
T[1] = 1 Y[1] = 0.98
Z[0] = -1.00
Z[1] = -1.00
Y_IN 3.39
T[0] = 1 Y[0] = 0.93
Y_IN 0.00
T[1] = 0 Y[1] = 0.00
Z[0] = 1.00
Z[1] = 1.00
Y_IN -0.04
T[0] = 0 Y[0] = -0.02
Y_IN 4.63
T[1] = 1 Y[1] = 0.98
Z[0] = -0.98
Z[1] = -0.99
Y_IN 3.38
T[0] = 1 Y[0] = 0.93
Y_IN 0.03
T[1] = 0 Y[1] = 0.02
Z[0] = -1.00
Z[1] = -1.00
Y_IN 3.39
T[0] = 1 Y[0] = 0.93
Y_IN -0.00
T[1] = 0 Y[1] = -0.00
Z[0] = -1.00
Z[1] = -1.00
Y_IN 3.39
T[0] = 1 Y[0] = 0.94
Y_IN -0.00
T[1] = 0 Y[1] = -0.00
Z[0] = -1.00
Z[1] = -0.99
Y_IN 3.38
T[0] = 1 Y[0] = 0.93
Y_IN 0.01
T[1] = 0 Y[1] = 0.00
Z[0] = -1.00
Z[1] = -1.00
Y_IN 3.39
T[0] = 1 Y[0] = 0.94
Y_IN -0.00
T[1] = 0 Y[1] = -0.00
Z[0] = -1.00
Z[1] = -1.00
Y_IN 3.39
T[0] = 1 Y[0] = 0.94
Y_IN -0.00
T[1] = 0 Y[1] = -0.00
Z[0] = -1.00
Z[1] = -1.00
Y_IN 3.39
T[0] = 1 Y[0] = 0.93
Y_IN 0.00
T[1] = 0 Y[1] = 0.00
Z[0] = -1.00
Z[1] = -0.93
Y_IN 3.26
T[0] = 1 Y[0] = 0.93
Y_IN 0.10
T[1] = 0 Y[1] = 0.05
Z[0] = -1.00
Z[1] = -1.00
Y_IN 3.39
T[0] = 1 Y[0] = 0.94
Y_IN -0.00
T[1] = 0 Y[1] = -0.00
Z[0] = -1.00
Z[1] = -1.00
Y_IN 3.39
T[0] = 1 Y[0] = 0.93
Y_IN 0.00
T[1] = 0 Y[1] = 0.00
Z[0] = -1.00
Z[1] = -1.00
Y_IN 3.39
T[0] = 1 Y[0] = 0.94
Y_IN -0.00
T[1] = 0 Y[1] = -0.00
Z[0] = 1.00
Z[1] = 0.02
Y_IN 1.78
T[0] = 0 Y[0] = 0.71
Y_IN 3.19
T[1] = 1 Y[1] = 0.92
Z[0] = 1.00
Z[1] = 0.35
Y_IN 1.16
T[0] = 0 Y[0] = 0.52
Y_IN 3.68
T[1] = 1 Y[1] = 0.95
Z[0] = -1.00
Z[1] = -1.00
Y_IN 3.39
T[0] = 1 Y[0] = 0.94
Y_IN -0.00
T[1] = 0 Y[1] = -0.00
Z[0] = -1.00
Z[1] = -1.00
Y_IN 3.39
T[0] = 1 Y[0] = 0.94
Y_IN -0.00
T[1] = 0 Y[1] = -0.00
Z[0] = 1.00
Z[1] = 0.99
Y_IN -0.03
T[0] = 0 Y[0] = -0.01
Y_IN 4.62
T[1] = 1 Y[1] = 0.98
Z[0] = -1.00
Z[1] = -1.00
Y_IN 3.39
T[0] = 1 Y[0] = 0.94
Y_IN -0.00
T[1] = 0 Y[1] = -0.00
Z[0] = -1.00
Z[1] = -1.00
Y_IN 3.39
T[0] = 1 Y[0] = 0.94
Y_IN -0.00
T[1] = 0 Y[1] = -0.00
Z[0] = -1.00
Z[1] = -1.00
Y_IN 3.39
T[0] = 1 Y[0] = 0.94
Y_IN -0.00
T[1] = 0 Y[1] = -0.00
Z[0] = -1.00
Z[1] = -1.00
Y_IN 3.39
T[0] = 1 Y[0] = 0.94
Y_IN -0.00
T[1] = 0 Y[1] = -0.00
Z[0] = 1.00
Z[1] = 1.00
Y_IN -0.04
T[0] = 0 Y[0] = -0.02
Y_IN 4.63
T[1] = 1 Y[1] = 0.98
Z[0] = -0.99
Z[1] = -0.99
Y_IN 3.37
T[0] = 1 Y[0] = 0.93
Y_IN 0.02
T[1] = 0 Y[1] = 0.01
Z[0] = -1.00
Z[1] = -1.00
Y_IN 3.39
T[0] = 1 Y[0] = 0.94
Y_IN -0.00
T[1] = 0 Y[1] = -0.00
Z[0] = -1.00
Z[1] = -1.00
Y_IN 3.39
T[0] = 1 Y[0] = 0.93
Y_IN 0.00
T[1] = 0 Y[1] = 0.00
Z[0] = -1.00
Z[1] = -1.00
Y_IN 3.39
T[0] = 1 Y[0] = 0.93
Y_IN 0.00
T[1] = 0 Y[1] = 0.00
Z[0] = -1.00
Z[1] = -1.00
Y_IN 3.39
T[0] = 1 Y[0] = 0.94
Y_IN -0.00
T[1] = 0 Y[1] = -0.00
Z[0] = -1.00
Z[1] = -1.00
Y_IN 3.39
T[0] = 1 Y[0] = 0.93
Y_IN -0.00
T[1] = 0 Y[1] = -0.00
Z[0] = 1.00
Z[1] = 1.00
Y_IN -0.04
T[0] = 0 Y[0] = -0.02
Y_IN 4.63
T[1] = 1 Y[1] = 0.98
Z[0] = -1.00
Z[1] = -1.00
Y_IN 3.39
T[0] = 1 Y[0] = 0.94
Y_IN -0.00
T[1] = 0 Y[1] = -0.00
Z[0] = -0.84
Z[1] = -0.90
Y_IN 3.24
T[0] = 0 Y[0] = 0.92
Y_IN 0.28
T[1] = 1 Y[1] = 0.14
Z[0] = -1.00
Z[1] = -1.00
Y_IN 3.39
T[0] = 1 Y[0] = 0.94
Y_IN -0.00
T[1] = 0 Y[1] = -0.00
Z[0] = 1.00
Z[1] = 1.00
Y_IN -0.04
T[0] = 0 Y[0] = -0.02
Y_IN 4.63
T[1] = 1 Y[1] = 0.98
Z[0] = -1.00
Z[1] = -1.00
Y_IN 3.39
T[0] = 1 Y[0] = 0.93
Y_IN -0.00
T[1] = 0 Y[1] = -0.00
Z[0] = -1.00
Z[1] = -1.00
Y_IN 3.39
T[0] = 1 Y[0] = 0.94
Y_IN -0.00
T[1] = 0 Y[1] = -0.00
Z[0] = 1.00
Z[1] = 1.00
Y_IN -0.04
T[0] = 0 Y[0] = -0.02
Y_IN 4.63
T[1] = 1 Y[1] = 0.98
Z[0] = -1.00
Z[1] = -1.00
Y_IN 3.39
T[0] = 1 Y[0] = 0.93
Y_IN -0.00
T[1] = 0 Y[1] = -0.00
Z[0] = -1.00
Z[1] = -1.00
Y_IN 3.39
T[0] = 1 Y[0] = 0.94
Y_IN -0.00
T[1] = 0 Y[1] = -0.00
Z[0] = -1.00
Z[1] = -1.00
Y_IN 3.39
T[0] = 1 Y[0] = 0.93
Y_IN -0.00
T[1] = 0 Y[1] = -0.00
Z[0] = 1.00
Z[1] = 1.00
Y_IN -0.04
T[0] = 0 Y[0] = -0.02
Y_IN 4.63
T[1] = 1 Y[1] = 0.98
Z[0] = 1.00
Z[1] = 1.00
Y_IN -0.04
T[0] = 0 Y[0] = -0.02
Y_IN 4.63
T[1] = 1 Y[1] = 0.98
Z[0] = 1.00
Z[1] = 1.00
Y_IN -0.04
T[0] = 0 Y[0] = -0.02
Y_IN 4.63
T[1] = 1 Y[1] = 0.98
Z[0] = -1.00
Z[1] = -1.00
Y_IN 3.39
T[0] = 1 Y[0] = 0.94
Y_IN -0.00
T[1] = 0 Y[1] = -0.00
Z[0] = 1.00
Z[1] = 1.00
Y_IN -0.04
T[0] = 0 Y[0] = -0.02
Y_IN 4.63
T[1] = 1 Y[1] = 0.98
Z[0] = -1.00
Z[1] = -1.00
Y_IN 3.39
T[0] = 0 Y[0] = 0.93
Y_IN 0.00
T[1] = 1 Y[1] = 0.00
Z[0] = -1.00
Z[1] = -1.00
Y_IN 3.39
T[0] = 1 Y[0] = 0.93
Y_IN 0.00
T[1] = 0 Y[1] = 0.00
Z[0] = -1.00
Z[1] = -1.00
Y_IN 3.39
T[0] = 1 Y[0] = 0.93
Y_IN -0.00
T[1] = 0 Y[1] = -0.00
Z[0] = -1.00
Z[1] = -1.00
Y_IN 3.39
T[0] = 1 Y[0] = 0.94
Y_IN -0.00
T[1] = 0 Y[1] = -0.00
Z[0] = 0.96
Z[1] = 0.65
Y_IN 0.60
T[0] = 0 Y[0] = 0.29
Y_IN 4.09
T[1] = 1 Y[1] = 0.97
Z[0] = 1.00
Z[1] = 0.98
Y_IN 0.00
T[0] = 0 Y[0] = 0.00
Y_IN 4.59
T[1] = 1 Y[1] = 0.98
Z[0] = -1.00
Z[1] = -0.99
Y_IN 3.38
T[0] = 1 Y[0] = 0.93
Y_IN 0.01
T[1] = 0 Y[1] = 0.00
Z[0] = -1.00
Z[1] = -1.00
Y_IN 3.39
T[0] = 1 Y[0] = 0.93
Y_IN 0.00
T[1] = 0 Y[1] = 0.00
Z[0] = 1.00
Z[1] = 1.00
Y_IN -0.03
T[0] = 0 Y[0] = -0.02
Y_IN 4.62
T[1] = 1 Y[1] = 0.98
Z[0] = -1.00
Z[1] = -1.00
Y_IN 3.39
T[0] = 1 Y[0] = 0.94
Y_IN -0.00
T[1] = 0 Y[1] = -0.00
Z[0] = 0.81
Z[1] = -0.05
Y_IN 1.87
T[0] = 0 Y[0] = 0.73
Y_IN 2.94
T[1] = 1 Y[1] = 0.90
Z[0] = -1.00
Z[1] = -1.00
Y_IN 3.39
T[0] = 1 Y[0] = 0.93
Y_IN -0.00
T[1] = 0 Y[1] = -0.00
Z[0] = -1.00
Z[1] = -1.00
Y_IN 3.39
T[0] = 1 Y[0] = 0.94
Y_IN -0.00
T[1] = 0 Y[1] = -0.00
Z[0] = -1.00
Z[1] = -1.00
Y_IN 3.39
T[0] = 1 Y[0] = 0.94
Y_IN -0.00
T[1] = 0 Y[1] = -0.00
Z[0] = -1.00
Z[1] = -1.00
Y_IN 3.39
T[0] = 1 Y[0] = 0.93
Y_IN -0.00
T[1] = 0 Y[1] = -0.00
Z[0] = -1.00
Z[1] = -1.00
Y_IN 3.39
T[0] = 1 Y[0] = 0.94
Y_IN -0.00
T[1] = 0 Y[1] = -0.00
Z[0] = -1.00
Z[1] = -1.00
Y_IN 3.39
T[0] = 1 Y[0] = 0.93
Y_IN 0.00
T[1] = 0 Y[1] = 0.00
Z[0] = -1.00
Z[1] = -1.00
Y_IN 3.39
T[0] = 1 Y[0] = 0.93
Y_IN 0.00
T[1] = 0 Y[1] = 0.00
Z[0] = -1.00
Z[1] = -1.00
Y_IN 3.39
T[0] = 1 Y[0] = 0.94
Y_IN -0.00
T[1] = 0 Y[1] = -0.00
Z[0] = 1.00
Z[1] = 1.00
Y_IN -0.03
T[0] = 0 Y[0] = -0.02
Y_IN 4.62
T[1] = 1 Y[1] = 0.98
Z[0] = 0.98
Z[1] = 0.99
Y_IN -0.03
T[0] = 0 Y[0] = -0.01
Y_IN 4.60
T[1] = 1 Y[1] = 0.98
Z[0] = 1.00
Z[1] = 0.99
Y_IN -0.02
T[0] = 0 Y[0] = -0.01
Y_IN 4.61
T[1] = 1 Y[1] = 0.98
Z[0] = 1.00
Z[1] = 0.83
Y_IN 0.27
T[0] = 0 Y[0] = 0.14
Y_IN 4.38
T[1] = 1 Y[1] = 0.98
Z[0] = 0.83
Z[1] = 0.57
Y_IN 0.74
T[0] = 0 Y[0] = 0.35
Y_IN 3.85
T[1] = 1 Y[1] = 0.96
Z[0] = -1.00
Z[1] = -1.00
Y_IN 3.39
T[0] = 1 Y[0] = 0.93
Y_IN -0.00
T[1] = 0 Y[1] = -0.00
Z[0] = 0.86
Z[1] = 0.96
Y_IN 0.02
T[0] = 0 Y[0] = 0.01
Y_IN 4.45
T[1] = 1 Y[1] = 0.98
Z[0] = 1.00
Z[1] = 1.00
Y_IN -0.03
T[0] = 1 Y[0] = -0.02
Y_IN 4.62
T[1] = 0 Y[1] = 0.98
Z[0] = -1.00
Z[1] = -1.00
Y_IN 3.39
T[0] = 1 Y[0] = 0.93
Y_IN -0.00
T[1] = 0 Y[1] = -0.00
Z[0] = -0.04
Z[1] = -0.82
Y_IN 3.19
T[0] = 0 Y[0] = 0.92
Y_IN 1.09
T[1] = 1 Y[1] = 0.50
Z[0] = -1.00
Z[1] = -1.00
Y_IN 3.39
T[0] = 1 Y[0] = 0.94
Y_IN -0.00
T[1] = 0 Y[1] = -0.00
Z[0] = 1.00
Z[1] = 1.00
Y_IN -0.04
T[0] = 0 Y[0] = -0.02
Y_IN 4.63
T[1] = 1 Y[1] = 0.98
Z[0] = -1.00
Z[1] = -1.00
Y_IN 3.39
T[0] = 1 Y[0] = 0.93
Y_IN 0.00
T[1] = 0 Y[1] = 0.00
Z[0] = 0.68
Z[1] = 0.86
Y_IN 0.17
T[0] = 0 Y[0] = 0.09
Y_IN 4.16
T[1] = 1 Y[1] = 0.97
Z[0] = -1.00
Z[1] = -1.00
Y_IN 3.39
T[0] = 1 Y[0] = 0.94
Y_IN -0.00
T[1] = 0 Y[1] = -0.00
Z[0] = 0.76
Z[1] = 0.92
Y_IN 0.08
T[0] = 0 Y[0] = 0.04
Y_IN 4.30
T[1] = 1 Y[1] = 0.97
Z[0] = -1.00
Z[1] = -1.00
Y_IN 3.39
T[0] = 1 Y[0] = 0.94
Y_IN -0.00
T[1] = 0 Y[1] = -0.00
Z[0] = -1.00
Z[1] = -1.00
Y_IN 3.39
T[0] = 1 Y[0] = 0.94
Y_IN -0.00
T[1] = 0 Y[1] = -0.00
Z[0] = -0.93
Z[1] = -0.99
Y_IN 3.39
T[0] = 0 Y[0] = 0.93
Y_IN 0.06
T[1] = 1 Y[1] = 0.03
Z[0] = 1.00
Z[1] = 0.89
Y_IN 0.16
T[0] = 0 Y[0] = 0.08
Y_IN 4.47
T[1] = 1 Y[1] = 0.98
Z[0] = -1.00
Z[1] = -1.00
Y_IN 3.39
T[0] = 1 Y[0] = 0.94
Y_IN -0.00
T[1] = 0 Y[1] = -0.00
Z[0] = -1.00
Z[1] = -1.00
Y_IN 3.39
T[0] = 1 Y[0] = 0.94
Y_IN -0.00
T[1] = 0 Y[1] = -0.00
Z[0] = 1.00
Z[1] = 1.00
Y_IN -0.04
T[0] = 0 Y[0] = -0.02
Y_IN 4.63
T[1] = 1 Y[1] = 0.98
Z[0] = -1.00
Z[1] = -1.00
Y_IN 3.39
T[0] = 1 Y[0] = 0.93
Y_IN 0.00
T[1] = 0 Y[1] = 0.00
Z[0] = 1.00
Z[1] = 1.00
Y_IN -0.04
T[0] = 0 Y[0] = -0.02
Y_IN 4.63
T[1] = 1 Y[1] = 0.98
Z[0] = -1.00
Z[1] = -1.00
Y_IN 3.39
T[0] = 1 Y[0] = 0.94
Y_IN -0.00
T[1] = 0 Y[1] = -0.00
Z[0] = -1.00
Z[1] = -1.00
Y_IN 3.39
T[0] = 1 Y[0] = 0.94
Y_IN -0.00
T[1] = 0 Y[1] = -0.00
Z[0] = -1.00
Z[1] = -1.00
Y_IN 3.39
T[0] = 1 Y[0] = 0.94
Y_IN -0.00
T[1] = 0 Y[1] = -0.00
Z[0] = -1.00
Z[1] = -1.00
Y_IN 3.39
T[0] = 1 Y[0] = 0.94
Y_IN -0.00
T[1] = 0 Y[1] = -0.00
Z[0] = -1.00
Z[1] = -1.00
Y_IN 3.39
T[0] = 1 Y[0] = 0.93
Y_IN 0.01
T[1] = 0 Y[1] = 0.00
Z[0] = -1.00
Z[1] = -1.00
Y_IN 3.39
T[0] = 1 Y[0] = 0.94
Y_IN -0.00
T[1] = 0 Y[1] = -0.00
Z[0] = 1.00
Z[1] = 0.98
Y_IN -0.01
T[0] = 0 Y[0] = -0.00
Y_IN 4.60
T[1] = 1 Y[1] = 0.98
Z[0] = -1.00
Z[1] = -1.00
Y_IN 3.39
T[0] = 1 Y[0] = 0.93
Y_IN -0.00
T[1] = 0 Y[1] = -0.00
Z[0] = -1.00
Z[1] = -1.00
Y_IN 3.39
T[0] = 1 Y[0] = 0.93
Y_IN -0.00
T[1] = 0 Y[1] = -0.00
Z[0] = 1.00
Z[1] = 1.00
Y_IN -0.04
T[0] = 0 Y[0] = -0.02
Y_IN 4.63
T[1] = 1 Y[1] = 0.98
Z[0] = -1.00
Z[1] = -1.00
Y_IN 3.39
T[0] = 1 Y[0] = 0.94
Y_IN -0.00
T[1] = 0 Y[1] = -0.00
Z[0] = -1.00
Z[1] = -1.00
Y_IN 3.39
T[0] = 1 Y[0] = 0.93
Y_IN 0.00
T[1] = 0 Y[1] = 0.00
Z[0] = -1.00
Z[1] = -1.00
Y_IN 3.39
T[0] = 1 Y[0] = 0.94
Y_IN -0.00
T[1] = 0 Y[1] = -0.00
Z[0] = 0.78
Z[1] = -0.57
Y_IN 2.84
T[0] = 0 Y[0] = 0.89
Y_IN 2.15
T[1] = 1 Y[1] = 0.79
Z[0] = -1.00
Z[1] = -1.00
Y_IN 3.39
T[0] = 1 Y[0] = 0.93
Y_IN -0.00
T[1] = 0 Y[1] = -0.00
Z[0] = -1.00
Z[1] = -1.00
Y_IN 3.39
T[0] = 1 Y[0] = 0.93
Y_IN -0.00
T[1] = 0 Y[1] = -0.00
Z[0] = -1.00
Z[1] = -1.00
Y_IN 3.39
T[0] = 1 Y[0] = 0.93
Y_IN -0.00
T[1] = 0 Y[1] = -0.00
Z[0] = -1.00
Z[1] = -1.00
Y_IN 3.39
T[0] = 1 Y[0] = 0.94
Y_IN -0.00
T[1] = 0 Y[1] = -0.00
Z[0] = 1.00
Z[1] = 1.00
Y_IN -0.03
T[0] = 0 Y[0] = -0.02
Y_IN 4.62
T[1] = 1 Y[1] = 0.98
Z[0] = -1.00
Z[1] = -1.00
Y_IN 3.39
T[0] = 1 Y[0] = 0.93
Y_IN -0.00
T[1] = 0 Y[1] = -0.00
Z[0] = -0.99
Z[1] = -0.97
Y_IN 3.35
T[0] = 1 Y[0] = 0.93
Y_IN 0.04
T[1] = 0 Y[1] = 0.02
Z[0] = -1.00
Z[1] = -1.00
Y_IN 3.39
T[0] = 1 Y[0] = 0.93
Y_IN 0.01
T[1] = 0 Y[1] = 0.00
Z[0] = -1.00
Z[1] = -1.00
Y_IN 3.39
T[0] = 1 Y[0] = 0.93
Y_IN 0.00
T[1] = 0 Y[1] = 0.00
Z[0] = 0.91
Z[1] = 0.62
Y_IN 0.64
T[0] = 0 Y[0] = 0.31
Y_IN 4.00
T[1] = 1 Y[1] = 0.96
Z[0] = 1.00
Z[1] = 1.00
Y_IN -0.04
T[0] = 0 Y[0] = -0.02
Y_IN 4.63
T[1] = 1 Y[1] = 0.98
Z[0] = -1.00
Z[1] = -1.00
Y_IN 3.39
T[0] = 1 Y[0] = 0.94
Y_IN -0.00
T[1] = 0 Y[1] = -0.00
Z[0] = 1.00
Z[1] = 1.00
Y_IN -0.04
T[0] = 0 Y[0] = -0.02
Y_IN 4.63
T[1] = 1 Y[1] = 0.98
Z[0] = -1.00
Z[1] = -1.00
Y_IN 3.39
T[0] = 1 Y[0] = 0.94
Y_IN -0.00
T[1] = 0 Y[1] = -0.00
Z[0] = 1.00
Z[1] = 0.99
Y_IN -0.02
T[0] = 0 Y[0] = -0.01
Y_IN 4.61
T[1] = 1 Y[1] = 0.98
Z[0] = 1.00
Z[1] = 1.00
Y_IN -0.04
T[0] = 0 Y[0] = -0.02
Y_IN 4.63
T[1] = 1 Y[1] = 0.98
Z[0] = -1.00
Z[1] = -1.00
Y_IN 3.39
T[0] = 1 Y[0] = 0.93
Y_IN -0.00
T[1] = 0 Y[1] = -0.00
Z[0] = -0.98
Z[1] = -0.99
Y_IN 3.39
T[0] = 1 Y[0] = 0.93
Y_IN 0.03
T[1] = 0 Y[1] = 0.01
Z[0] = -1.00
Z[1] = -1.00
Y_IN 3.39
T[0] = 1 Y[0] = 0.94
Y_IN -0.00
T[1] = 0 Y[1] = -0.00
Z[0] = -1.00
Z[1] = -1.00
Y_IN 3.39
T[0] = 1 Y[0] = 0.94
Y_IN -0.00
T[1] = 0 Y[1] = -0.00
Z[0] = -1.00
Z[1] = -1.00
Y_IN 3.39
T[0] = 1 Y[0] = 0.94
Y_IN -0.00
T[1] = 0 Y[1] = -0.00
Z[0] = -1.00
Z[1] = -1.00
Y_IN 3.39
T[0] = 1 Y[0] = 0.93
Y_IN 0.00
T[1] = 0 Y[1] = 0.00
Z[0] = -1.00
Z[1] = -1.00
Y_IN 3.39
T[0] = 1 Y[0] = 0.93
Y_IN 0.00
T[1] = 0 Y[1] = 0.00
Z[0] = -1.00
Z[1] = -1.00
Y_IN 3.39
T[0] = 1 Y[0] = 0.93
Y_IN -0.00
T[1] = 0 Y[1] = -0.00
Z[0] = -1.00
Z[1] = -1.00
Y_IN 3.39
T[0] = 1 Y[0] = 0.94
Y_IN -0.00
T[1] = 0 Y[1] = -0.00
Z[0] = -1.00
Z[1] = -1.00
Y_IN 3.39
T[0] = 1 Y[0] = 0.94
Y_IN -0.00
T[1] = 0 Y[1] = -0.00
Z[0] = -1.00
Z[1] = -1.00
Y_IN 3.39
T[0] = 1 Y[0] = 0.93
Y_IN 0.00
T[1] = 0 Y[1] = 0.00
Z[0] = -1.00
Z[1] = -1.00
Y_IN 3.39
T[0] = 1 Y[0] = 0.93
Y_IN -0.00
T[1] = 0 Y[1] = -0.00
Z[0] = 1.00
Z[1] = 1.00
Y_IN -0.04
T[0] = 0 Y[0] = -0.02
Y_IN 4.63
T[1] = 1 Y[1] = 0.98
Z[0] = -1.00
Z[1] = -1.00
Y_IN 3.39
T[0] = 1 Y[0] = 0.93
Y_IN 0.00
T[1] = 0 Y[1] = 0.00
Z[0] = -1.00
Z[1] = -1.00
Y_IN 3.39
T[0] = 1 Y[0] = 0.94
Y_IN -0.00
T[1] = 0 Y[1] = -0.00
Z[0] = -1.00
Z[1] = -0.98
Y_IN 3.36
T[0] = 1 Y[0] = 0.93
Y_IN 0.03
T[1] = 0 Y[1] = 0.01
Z[0] = -1.00
Z[1] = -1.00
Y_IN 3.39
T[0] = 1 Y[0] = 0.94
Y_IN -0.00
T[1] = 0 Y[1] = -0.00
Z[0] = 1.00
Z[1] = 1.00
Y_IN -0.04
T[0] = 0 Y[0] = -0.02
Y_IN 4.63
T[1] = 1 Y[1] = 0.98
Z[0] = 0.08
Z[1] = -0.89
Y_IN 3.33
T[0] = 0 Y[0] = 0.93
Y_IN 1.09
T[1] = 1 Y[1] = 0.49
Z[0] = -0.72
Z[1] = -0.83
Y_IN 3.11
T[0] = 1 Y[0] = 0.91
Y_IN 0.49
T[1] = 0 Y[1] = 0.24
Z[0] = -1.00
Z[1] = -1.00
Y_IN 3.39
T[0] = 1 Y[0] = 0.93
Y_IN -0.00
T[1] = 0 Y[1] = -0.00
Z[0] = -1.00
Z[1] = -1.00
Y_IN 3.39
T[0] = 1 Y[0] = 0.93
Y_IN 0.00
T[1] = 0 Y[1] = 0.00
Z[0] = 0.99
Z[1] = 0.98
Y_IN -0.01
T[0] = 0 Y[0] = -0.01
Y_IN 4.59
T[1] = 1 Y[1] = 0.98
Z[0] = -1.00
Z[1] = -1.00
Y_IN 3.39
T[0] = 1 Y[0] = 0.94
Y_IN -0.00
T[1] = 0 Y[1] = -0.00
Z[0] = -1.00
Z[1] = -1.00
Y_IN 3.39
T[0] = 1 Y[0] = 0.94
Y_IN -0.00
T[1] = 0 Y[1] = -0.00
Z[0] = -1.00
Z[1] = -1.00
Y_IN 3.39
T[0] = 1 Y[0] = 0.94
Y_IN -0.00
T[1] = 0 Y[1] = -0.00
Z[0] = 1.00
Z[1] = 1.00
Y_IN -0.04
T[0] = 0 Y[0] = -0.02
Y_IN 4.63
T[1] = 1 Y[1] = 0.98
Z[0] = -1.00
Z[1] = -1.00
Y_IN 3.39
T[0] = 1 Y[0] = 0.94
Y_IN -0.00
T[1] = 0 Y[1] = -0.00
Z[0] = -1.00
Z[1] = -1.00
Y_IN 3.39
T[0] = 1 Y[0] = 0.93
Y_IN -0.00
T[1] = 0 Y[1] = -0.00
Z[0] = 1.00
Z[1] = 0.93
Y_IN 0.08
T[0] = 0 Y[0] = 0.04
Y_IN 4.53
T[1] = 1 Y[1] = 0.98
Z[0] = 0.72
Z[1] = -0.77
Y_IN 3.21
T[0] = 1 Y[0] = 0.92
Y_IN 1.81
T[1] = 0 Y[1] = 0.72
Z[0] = -1.00
Z[1] = -1.00
Y_IN 3.39
T[0] = 1 Y[0] = 0.94
Y_IN -0.00
T[1] = 0 Y[1] = -0.00
Z[0] = -1.00
Z[1] = -1.00
Y_IN 3.39
T[0] = 1 Y[0] = 0.94
Y_IN -0.00
T[1] = 0 Y[1] = -0.00
Z[0] = -1.00
Z[1] = -1.00
Y_IN 3.39
T[0] = 1 Y[0] = 0.93
Y_IN 0.00
T[1] = 0 Y[1] = 0.00
Z[0] = -1.00
Z[1] = -1.00
Y_IN 3.39
T[0] = 1 Y[0] = 0.94
Y_IN -0.00
T[1] = 0 Y[1] = -0.00
Z[0] = 1.00
Z[1] = 1.00
Y_IN -0.04
T[0] = 0 Y[0] = -0.02
Y_IN 4.63
T[1] = 1 Y[1] = 0.98
Z[0] = -1.00
Z[1] = -1.00
Y_IN 3.39
T[0] = 1 Y[0] = 0.94
Y_IN -0.00
T[1] = 0 Y[1] = -0.00
Z[0] = 0.96
Z[1] = 1.00
Y_IN -0.04
T[0] = 0 Y[0] = -0.02
Y_IN 4.59
T[1] = 1 Y[1] = 0.98
Z[0] = 1.00
Z[1] = 0.99
Y_IN -0.03
T[0] = 0 Y[0] = -0.01
Y_IN 4.62
T[1] = 1 Y[1] = 0.98
Z[0] = -1.00
Z[1] = -1.00
Y_IN 3.39
T[0] = 1 Y[0] = 0.93
Y_IN 0.00
T[1] = 0 Y[1] = 0.00
Z[0] = -1.00
Z[1] = -1.00
Y_IN 3.39
T[0] = 1 Y[0] = 0.93
Y_IN -0.00
T[1] = 0 Y[1] = -0.00
Z[0] = -1.00
Z[1] = -1.00
Y_IN 3.39
T[0] = 1 Y[0] = 0.94
Y_IN -0.00
T[1] = 0 Y[1] = -0.00
Z[0] = -1.00
Z[1] = -1.00
Y_IN 3.39
T[0] = 1 Y[0] = 0.94
Y_IN -0.00
T[1] = 0 Y[1] = -0.00
Z[0] = -1.00
Z[1] = -1.00
Y_IN 3.39
T[0] = 1 Y[0] = 0.93
Y_IN -0.00
T[1] = 0 Y[1] = -0.00
Z[0] = -1.00
Z[1] = -1.00
Y_IN 3.39
T[0] = 1 Y[0] = 0.94
Y_IN -0.00
T[1] = 0 Y[1] = -0.00
Z[0] = 1.00
Z[1] = 1.00
Y_IN -0.04
T[0] = 0 Y[0] = -0.02
Y_IN 4.63
T[1] = 1 Y[1] = 0.98
Z[0] = 1.00
Z[1] = 1.00
Y_IN -0.04
T[0] = 0 Y[0] = -0.02
Y_IN 4.62
T[1] = 1 Y[1] = 0.98
Z[0] = -1.00
Z[1] = -1.00
Y_IN 3.39
T[0] = 1 Y[0] = 0.93
Y_IN -0.00
T[1] = 0 Y[1] = -0.00
Z[0] = 0.76
Z[1] = 1.00
Y_IN -0.07
T[0] = 0 Y[0] = -0.03
Y_IN 4.41
T[1] = 1 Y[1] = 0.98
Z[0] = -1.00
Z[1] = -1.00
Y_IN 3.39
T[0] = 1 Y[0] = 0.94
Y_IN -0.00
T[1] = 0 Y[1] = -0.00
Z[0] = -1.00
Z[1] = -1.00
Y_IN 3.39
T[0] = 1 Y[0] = 0.94
Y_IN -0.00
T[1] = 0 Y[1] = -0.00
Z[0] = -1.00
Z[1] = -1.00
Y_IN 3.39
T[0] = 1 Y[0] = 0.93
Y_IN -0.00
T[1] = 0 Y[1] = -0.00
Z[0] = 1.00
Z[1] = 1.00
Y_IN -0.03
T[0] = 0 Y[0] = -0.02
Y_IN 4.62
T[1] = 1 Y[1] = 0.98
Z[0] = -1.00
Z[1] = -1.00
Y_IN 3.39
T[0] = 1 Y[0] = 0.94
Y_IN -0.00
T[1] = 0 Y[1] = -0.00
Z[0] = -1.00
Z[1] = -1.00
Y_IN 3.39
T[0] = 1 Y[0] = 0.93
Y_IN 0.01
T[1] = 0 Y[1] = 0.00
Z[0] = -1.00
Z[1] = -1.00
Y_IN 3.39
T[0] = 1 Y[0] = 0.93
Y_IN -0.00
T[1] = 0 Y[1] = -0.00
Z[0] = 1.00
Z[1] = 0.96
Y_IN 0.03
T[0] = 0 Y[0] = 0.02
Y_IN 4.57
T[1] = 1 Y[1] = 0.98
Z[0] = -1.00
Z[1] = -1.00
Y_IN 3.39
T[0] = 1 Y[0] = 0.94
Y_IN -0.00
T[1] = 0 Y[1] = -0.00
Z[0] = -1.00
Z[1] = -1.00
Y_IN 3.39
T[0] = 1 Y[0] = 0.94
Y_IN -0.00
T[1] = 0 Y[1] = -0.00
Z[0] = 1.00
Z[1] = 1.00
Y_IN -0.04
T[0] = 0 Y[0] = -0.02
Y_IN 4.63
T[1] = 1 Y[1] = 0.98
Z[0] = -0.92
Z[1] = -0.99
Y_IN 3.39
T[0] = 1 Y[0] = 0.94
Y_IN 0.08
T[1] = 0 Y[1] = 0.04
Z[0] = 1.00
Z[1] = 1.00
Y_IN -0.04
T[0] = 0 Y[0] = -0.02
Y_IN 4.63
T[1] = 1 Y[1] = 0.98
Z[0] = -1.00
Z[1] = -1.00
Y_IN 3.39
T[0] = 1 Y[0] = 0.93
Y_IN 0.00
T[1] = 0 Y[1] = 0.00
Z[0] = -1.00
Z[1] = -1.00
Y_IN 3.39
T[0] = 1 Y[0] = 0.94
Y_IN -0.00
T[1] = 0 Y[1] = -0.00
Z[0] = -1.00
Z[1] = -1.00
Y_IN 3.39
T[0] = 1 Y[0] = 0.93
Y_IN -0.00
T[1] = 0 Y[1] = -0.00
Z[0] = -1.00
Z[1] = -1.00
Y_IN 3.39
T[0] = 1 Y[0] = 0.93
Y_IN 0.01
T[1] = 0 Y[1] = 0.00
Z[0] = -0.89
Z[1] = -0.94
Y_IN 3.30
T[0] = 0 Y[0] = 0.93
Y_IN 0.18
T[1] = 1 Y[1] = 0.09
Z[0] = -1.00
Z[1] = -1.00
Y_IN 3.39
T[0] = 1 Y[0] = 0.93
Y_IN -0.00
T[1] = 0 Y[1] = -0.00
Z[0] = -0.62
Z[1] = -0.69
Y_IN 2.87
T[0] = 0 Y[0] = 0.89
Y_IN 0.78
T[1] = 1 Y[1] = 0.37
Z[0] = -1.00
Z[1] = -1.00
Y_IN 3.39
T[0] = 1 Y[0] = 0.93
Y_IN 0.00
T[1] = 0 Y[1] = 0.00
Z[0] = 1.00
Z[1] = 1.00
Y_IN -0.04
T[0] = 0 Y[0] = -0.02
Y_IN 4.62
T[1] = 1 Y[1] = 0.98
Z[0] = -1.00
Z[1] = -1.00
Y_IN 3.39
T[0] = 1 Y[0] = 0.93
Y_IN -0.00
T[1] = 0 Y[1] = -0.00
Z[0] = 0.99
Z[1] = 0.91
Y_IN 0.12
T[0] = 0 Y[0] = 0.06
Y_IN 4.50
T[1] = 1 Y[1] = 0.98
Z[0] = -1.00
Z[1] = -1.00
Y_IN 3.39
T[0] = 1 Y[0] = 0.93
Y_IN -0.00
T[1] = 0 Y[1] = -0.00
Z[0] = 1.00
Z[1] = 1.00
Y_IN -0.04
T[0] = 0 Y[0] = -0.02
Y_IN 4.63
T[1] = 1 Y[1] = 0.98
Z[0] = -1.00
Z[1] = -1.00
Y_IN 3.39
T[0] = 1 Y[0] = 0.93
Y_IN -0.00
T[1] = 0 Y[1] = -0.00
Z[0] = 1.00
Z[1] = 1.00
Y_IN -0.04
T[0] = 0 Y[0] = -0.02
Y_IN 4.63
T[1] = 1 Y[1] = 0.98
Z[0] = -1.00
Z[1] = -1.00
Y_IN 3.39
T[0] = 1 Y[0] = 0.94
Y_IN -0.00
T[1] = 0 Y[1] = -0.00
Z[0] = -1.00
Z[1] = -1.00
Y_IN 3.39
T[0] = 1 Y[0] = 0.94
Y_IN -0.00
T[1] = 0 Y[1] = -0.00
Z[0] = -1.00
Z[1] = -1.00
Y_IN 3.39
T[0] = 1 Y[0] = 0.93
Y_IN 0.00
T[1] = 0 Y[1] = 0.00
Z[0] = -1.00
Z[1] = -1.00
Y_IN 3.39
T[0] = 1 Y[0] = 0.94
Y_IN -0.00
T[1] = 0 Y[1] = -0.00
Z[0] = -1.00
Z[1] = -1.00
Y_IN 3.39
T[0] = 1 Y[0] = 0.94
Y_IN -0.00
T[1] = 0 Y[1] = -0.00
Z[0] = -1.00
Z[1] = -1.00
Y_IN 3.39
T[0] = 1 Y[0] = 0.93
Y_IN 0.00
T[1] = 0 Y[1] = 0.00
Z[0] = 1.00
Z[1] = 0.92
Y_IN 0.12
T[0] = 0 Y[0] = 0.06
Y_IN 4.50
T[1] = 1 Y[1] = 0.98
Z[0] = -1.00
Z[1] = -1.00
Y_IN 3.39
T[0] = 1 Y[0] = 0.94
Y_IN -0.00
T[1] = 0 Y[1] = -0.00
Z[0] = -1.00
Z[1] = -1.00
Y_IN 3.39
T[0] = 1 Y[0] = 0.94
Y_IN -0.00
T[1] = 0 Y[1] = -0.00
Z[0] = -1.00
Z[1] = -1.00
Y_IN 3.39
T[0] = 1 Y[0] = 0.93
Y_IN 0.00
T[1] = 0 Y[1] = 0.00
Z[0] = -1.00
Z[1] = -1.00
Y_IN 3.39
T[0] = 1 Y[0] = 0.93
Y_IN -0.00
T[1] = 0 Y[1] = -0.00
Z[0] = -1.00
Z[1] = -1.00
Y_IN 3.39
T[0] = 1 Y[0] = 0.94
Y_IN -0.00
T[1] = 0 Y[1] = -0.00
Z[0] = -1.00
Z[1] = -1.00
Y_IN 3.39
T[0] = 1 Y[0] = 0.93
Y_IN -0.00
T[1] = 0 Y[1] = -0.00
Z[0] = -1.00
Z[1] = -1.00
Y_IN 3.39
T[0] = 1 Y[0] = 0.93
Y_IN -0.00
T[1] = 0 Y[1] = -0.00
Z[0] = -1.00
Z[1] = -1.00
Y_IN 3.39
T[0] = 1 Y[0] = 0.93
Y_IN 0.00
T[1] = 0 Y[1] = 0.00
Z[0] = -1.00
Z[1] = -1.00
Y_IN 3.39
T[0] = 1 Y[0] = 0.93
Y_IN -0.00
T[1] = 0 Y[1] = -0.00
Z[0] = -1.00
Z[1] = -1.00
Y_IN 3.39
T[0] = 1 Y[0] = 0.94
Y_IN -0.00
T[1] = 0 Y[1] = -0.00
Z[0] = -1.00
Z[1] = -1.00
Y_IN 3.39
T[0] = 1 Y[0] = 0.94
Y_IN -0.00
T[1] = 0 Y[1] = -0.00
Z[0] = 1.00
Z[1] = 0.99
Y_IN -0.03
T[0] = 0 Y[0] = -0.01
Y_IN 4.62
T[1] = 1 Y[1] = 0.98
Z[0] = 1.00
Z[1] = 1.00
Y_IN -0.04
T[0] = 0 Y[0] = -0.02
Y_IN 4.63
T[1] = 1 Y[1] = 0.98
Z[0] = -1.00
Z[1] = -1.00
Y_IN 3.39
T[0] = 1 Y[0] = 0.94
Y_IN -0.00
T[1] = 0 Y[1] = -0.00
Z[0] = 0.05
Z[1] = 0.17
Y_IN 1.37
T[0] = 0 Y[0] = 0.59
Y_IN 2.60
T[1] = 1 Y[1] = 0.86
Z[0] = 1.00
Z[1] = 1.00
Y_IN -0.04
T[0] = 0 Y[0] = -0.02
Y_IN 4.62
T[1] = 1 Y[1] = 0.98
Z[0] = -1.00
Z[1] = -1.00
Y_IN 3.39
T[0] = 1 Y[0] = 0.94
Y_IN -0.00
T[1] = 0 Y[1] = -0.00
Z[0] = 1.00
Z[1] = 0.97
Y_IN 0.02
T[0] = 0 Y[0] = 0.01
Y_IN 4.58
T[1] = 1 Y[1] = 0.98
Z[0] = 0.70
Z[1] = 0.97
Y_IN -0.03
T[0] = 0 Y[0] = -0.01
Y_IN 4.32
T[1] = 1 Y[1] = 0.97
Z[0] = -1.00
Z[1] = -1.00
Y_IN 3.39
T[0] = 1 Y[0] = 0.94
Y_IN -0.00
T[1] = 0 Y[1] = -0.00
Z[0] = 0.95
Z[1] = 0.95
Y_IN 0.05
T[0] = 0 Y[0] = 0.03
Y_IN 4.51
T[1] = 1 Y[1] = 0.98
Z[0] = 1.00
Z[1] = 1.00
Y_IN -0.04
T[0] = 0 Y[0] = -0.02
Y_IN 4.63
T[1] = 1 Y[1] = 0.98
Z[0] = -1.00
Z[1] = -1.00
Y_IN 3.39
T[0] = 1 Y[0] = 0.94
Y_IN -0.00
T[1] = 0 Y[1] = -0.00
Z[0] = 0.37
Z[1] = -0.40
Y_IN 2.46
T[0] = 1 Y[0] = 0.84
Y_IN 2.06
T[1] = 0 Y[1] = 0.77
Z[0] = -1.00
Z[1] = -1.00
Y_IN 3.39
T[0] = 1 Y[0] = 0.94
Y_IN -0.00
T[1] = 0 Y[1] = -0.00
Z[0] = -1.00
Z[1] = -1.00
Y_IN 3.39
T[0] = 1 Y[0] = 0.94
Y_IN -0.00
T[1] = 0 Y[1] = -0.00
Z[0] = -1.00
Z[1] = -1.00
Y_IN 3.39
T[0] = 1 Y[0] = 0.94
Y_IN -0.00
T[1] = 0 Y[1] = -0.00
Z[0] = -1.00
Z[1] = -1.00
Y_IN 3.39
T[0] = 1 Y[0] = 0.93
Y_IN 0.00
T[1] = 0 Y[1] = 0.00
Z[0] = 1.00
Z[1] = 1.00
Y_IN -0.04
T[0] = 0 Y[0] = -0.02
Y_IN 4.63
T[1] = 1 Y[1] = 0.98
Z[0] = -1.00
Z[1] = -1.00
Y_IN 3.39
T[0] = 1 Y[0] = 0.94
Y_IN -0.00
T[1] = 0 Y[1] = -0.00
Z[0] = -1.00
Z[1] = -1.00
Y_IN 3.39
T[0] = 1 Y[0] = 0.94
Y_IN -0.00
T[1] = 0 Y[1] = -0.00
Z[0] = -1.00
Z[1] = -1.00
Y_IN 3.39
T[0] = 1 Y[0] = 0.93
Y_IN 0.00
T[1] = 0 Y[1] = 0.00
Z[0] = 1.00
Z[1] = 0.99
Y_IN -0.03
T[0] = 0 Y[0] = -0.01
Y_IN 4.61
T[1] = 1 Y[1] = 0.98
Z[0] = -1.00
Z[1] = -1.00
Y_IN 3.39
T[0] = 1 Y[0] = 0.94
Y_IN -0.00
T[1] = 0 Y[1] = -0.00
Z[0] = -1.00
Z[1] = -1.00
Y_IN 3.39
T[0] = 1 Y[0] = 0.94
Y_IN -0.00
T[1] = 0 Y[1] = -0.00
Z[0] = -1.00
Z[1] = -1.00
Y_IN 3.39
T[0] = 1 Y[0] = 0.94
Y_IN -0.00
T[1] = 0 Y[1] = -0.00
Z[0] = 1.00
Z[1] = 1.00
Y_IN -0.04
T[0] = 0 Y[0] = -0.02
Y_IN 4.63
T[1] = 1 Y[1] = 0.98
Z[0] = -1.00
Z[1] = -1.00
Y_IN 3.39
T[0] = 1 Y[0] = 0.93
Y_IN 0.00
T[1] = 0 Y[1] = 0.00
Z[0] = -1.00
Z[1] = -1.00
Y_IN 3.39
T[0] = 1 Y[0] = 0.93
Y_IN 0.00
T[1] = 0 Y[1] = 0.00
Z[0] = -1.00
Z[1] = -1.00
Y_IN 3.39
T[0] = 1 Y[0] = 0.93
Y_IN -0.00
T[1] = 0 Y[1] = -0.00
Z[0] = -1.00
Z[1] = -1.00
Y_IN 3.39
T[0] = 1 Y[0] = 0.93
Y_IN 0.00
T[1] = 0 Y[1] = 0.00
Z[0] = 1.00
Z[1] = 1.00
Y_IN -0.04
T[0] = 0 Y[0] = -0.02
Y_IN 4.63
T[1] = 1 Y[1] = 0.98
Z[0] = -1.00
Z[1] = -1.00
Y_IN 3.39
T[0] = 1 Y[0] = 0.94
Y_IN -0.00
T[1] = 0 Y[1] = -0.00
Z[0] = -1.00
Z[1] = -1.00
Y_IN 3.39
T[0] = 1 Y[0] = 0.93
Y_IN -0.00
T[1] = 0 Y[1] = -0.00
Z[0] = 1.00
Z[1] = 0.92
Y_IN 0.11
T[0] = 0 Y[0] = 0.05
Y_IN 4.51
T[1] = 1 Y[1] = 0.98
Z[0] = -1.00
Z[1] = -1.00
Y_IN 3.39
T[0] = 1 Y[0] = 0.93
Y_IN 0.00
T[1] = 0 Y[1] = 0.00
Z[0] = -0.98
Z[1] = -0.99
Y_IN 3.37
T[0] = 1 Y[0] = 0.93
Y_IN 0.04
T[1] = 0 Y[1] = 0.02
Z[0] = -1.00
Z[1] = -1.00
Y_IN 3.39
T[0] = 1 Y[0] = 0.94
Y_IN -0.00
T[1] = 0 Y[1] = -0.00
Z[0] = -1.00
Z[1] = -1.00
Y_IN 3.39
T[0] = 1 Y[0] = 0.93
Y_IN 0.00
T[1] = 0 Y[1] = 0.00
Z[0] = -1.00
Z[1] = -1.00
Y_IN 3.39
T[0] = 1 Y[0] = 0.93
Y_IN -0.00
T[1] = 0 Y[1] = -0.00
Z[0] = -1.00
Z[1] = -1.00
Y_IN 3.39
T[0] = 1 Y[0] = 0.94
Y_IN -0.00
T[1] = 0 Y[1] = -0.00
Z[0] = -1.00
Z[1] = -1.00
Y_IN 3.39
T[0] = 1 Y[0] = 0.94
Y_IN -0.00
T[1] = 0 Y[1] = -0.00
Z[0] = 1.00
Z[1] = 1.00
Y_IN -0.04
T[0] = 0 Y[0] = -0.02
Y_IN 4.63
T[1] = 1 Y[1] = 0.98
Z[0] = -1.00
Z[1] = -1.00
Y_IN 3.39
T[0] = 1 Y[0] = 0.94
Y_IN -0.00
T[1] = 0 Y[1] = -0.00
Z[0] = 1.00
Z[1] = 0.97
Y_IN 0.02
T[0] = 0 Y[0] = 0.01
Y_IN 4.58
T[1] = 1 Y[1] = 0.98
Z[0] = 1.00
Z[1] = 1.00
Y_IN -0.04
T[0] = 0 Y[0] = -0.02
Y_IN 4.63
T[1] = 1 Y[1] = 0.98
Z[0] = -1.00
Z[1] = -1.00
Y_IN 3.39
T[0] = 1 Y[0] = 0.93
Y_IN -0.00
T[1] = 0 Y[1] = -0.00
Z[0] = -1.00
Z[1] = -1.00
Y_IN 3.39
T[0] = 1 Y[0] = 0.93
Y_IN -0.00
T[1] = 0 Y[1] = -0.00
Z[0] = -0.99
Z[1] = -1.00
Y_IN 3.39
T[0] = 1 Y[0] = 0.93
Y_IN 0.01
T[1] = 0 Y[1] = 0.00
Z[0] = 1.00
Z[1] = 1.00
Y_IN -0.04
T[0] = 0 Y[0] = -0.02
Y_IN 4.63
T[1] = 1 Y[1] = 0.98
Z[0] = -1.00
Z[1] = -1.00
Y_IN 3.39
T[0] = 1 Y[0] = 0.93
Y_IN -0.00
T[1] = 0 Y[1] = -0.00
Z[0] = -1.00
Z[1] = -1.00
Y_IN 3.39
T[0] = 1 Y[0] = 0.94
Y_IN -0.00
T[1] = 0 Y[1] = -0.00
Z[0] = -1.00
Z[1] = -1.00
Y_IN 3.39
T[0] = 1 Y[0] = 0.94
Y_IN -0.00
T[1] = 0 Y[1] = -0.00
Z[0] = 1.00
Z[1] = 0.99
Y_IN -0.02
T[0] = 0 Y[0] = -0.01
Y_IN 4.61
T[1] = 1 Y[1] = 0.98
Z[0] = -0.99
Z[1] = -0.97
Y_IN 3.35
T[0] = 1 Y[0] = 0.93
Y_IN 0.05
T[1] = 0 Y[1] = 0.02
Z[0] = -0.16
Z[1] = 0.67
Y_IN 0.42
T[0] = 0 Y[0] = 0.21
Y_IN 3.15
T[1] = 1 Y[1] = 0.92
Z[0] = -1.00
Z[1] = -1.00
Y_IN 3.39
T[0] = 1 Y[0] = 0.93
Y_IN -0.00
T[1] = 0 Y[1] = -0.00
Z[0] = 1.00
Z[1] = 1.00
Y_IN -0.04
T[0] = 0 Y[0] = -0.02
Y_IN 4.63
T[1] = 1 Y[1] = 0.98
Z[0] = 0.96
Z[1] = 0.96
Y_IN 0.02
T[0] = 0 Y[0] = 0.01
Y_IN 4.54
T[1] = 1 Y[1] = 0.98
Z[0] = -1.00
Z[1] = -1.00
Y_IN 3.39
T[0] = 1 Y[0] = 0.94
Y_IN -0.00
T[1] = 0 Y[1] = -0.00
Z[0] = -1.00
Z[1] = -1.00
Y_IN 3.39
T[0] = 1 Y[0] = 0.93
Y_IN 0.00
T[1] = 0 Y[1] = 0.00
Z[0] = -1.00
Z[1] = -1.00
Y_IN 3.39
T[0] = 1 Y[0] = 0.94
Y_IN -0.00
T[1] = 0 Y[1] = -0.00
Z[0] = -1.00
Z[1] = -1.00
Y_IN 3.39
T[0] = 1 Y[0] = 0.94
Y_IN -0.00
T[1] = 0 Y[1] = -0.00
Z[0] = 1.00
Z[1] = 1.00
Y_IN -0.04
T[0] = 0 Y[0] = -0.02
Y_IN 4.62
T[1] = 1 Y[1] = 0.98
Z[0] = -1.00
Z[1] = -1.00
Y_IN 3.39
T[0] = 1 Y[0] = 0.93
Y_IN 0.00
T[1] = 0 Y[1] = 0.00
Z[0] = -0.75
Z[1] = -0.40
Y_IN 2.31
T[0] = 0 Y[0] = 0.82
Y_IN 1.09
T[1] = 1 Y[1] = 0.50
Z[0] = -1.00
Z[1] = -1.00
Y_IN 3.39
T[0] = 1 Y[0] = 0.93
Y_IN 0.00
T[1] = 0 Y[1] = 0.00
Z[0] = -1.00
Z[1] = -1.00
Y_IN 3.39
T[0] = 1 Y[0] = 0.94
Y_IN -0.00
T[1] = 0 Y[1] = -0.00
Z[0] = 0.45
Z[1] = -0.43
Y_IN 2.54
T[0] = 0 Y[0] = 0.85
Y_IN 2.07
T[1] = 1 Y[1] = 0.78
Z[0] = -1.00
Z[1] = -1.00
Y_IN 3.39
T[0] = 1 Y[0] = 0.94
Y_IN -0.00
T[1] = 0 Y[1] = -0.00
Z[0] = 1.00
Z[1] = 1.00
Y_IN -0.04
T[0] = 0 Y[0] = -0.02
Y_IN 4.63
T[1] = 1 Y[1] = 0.98
Z[0] = 1.00
Z[1] = 1.00
Y_IN -0.04
T[0] = 0 Y[0] = -0.02
Y_IN 4.63
T[1] = 1 Y[1] = 0.98
Z[0] = -1.00
Z[1] = -1.00
Y_IN 3.39
T[0] = 1 Y[0] = 0.93
Y_IN 0.00
T[1] = 0 Y[1] = 0.00
Z[0] = -1.00
Z[1] = -1.00
Y_IN 3.39
T[0] = 1 Y[0] = 0.93
Y_IN 0.01
T[1] = 0 Y[1] = 0.00
Z[0] = -1.00
Z[1] = -1.00
Y_IN 3.39
T[0] = 1 Y[0] = 0.94
Y_IN -0.00
T[1] = 0 Y[1] = -0.00
Z[0] = 1.00
Z[1] = 1.00
Y_IN -0.04
T[0] = 0 Y[0] = -0.02
Y_IN 4.63
T[1] = 1 Y[1] = 0.98
Z[0] = 0.51
Z[1] = -0.76
Y_IN 3.15
T[0] = 1 Y[0] = 0.92
Y_IN 1.66
T[1] = 0 Y[1] = 0.68
Z[0] = -1.00
Z[1] = -1.00
Y_IN 3.39
T[0] = 1 Y[0] = 0.93
Y_IN -0.00
T[1] = 0 Y[1] = -0.00
Z[0] = -1.00
Z[1] = -1.00
Y_IN 3.39
T[0] = 1 Y[0] = 0.94
Y_IN -0.00
T[1] = 0 Y[1] = -0.00
Z[0] = -1.00
Z[1] = -1.00
Y_IN 3.39
T[0] = 1 Y[0] = 0.94
Y_IN -0.00
T[1] = 0 Y[1] = -0.00
Z[0] = -1.00
Z[1] = -1.00
Y_IN 3.39
T[0] = 1 Y[0] = 0.93
Y_IN 0.00
T[1] = 0 Y[1] = 0.00
Z[0] = -1.00
Z[1] = -1.00
Y_IN 3.39
T[0] = 1 Y[0] = 0.94
Y_IN -0.00
T[1] = 0 Y[1] = -0.00
Z[0] = 1.00
Z[1] = 1.00
Y_IN -0.04
T[0] = 0 Y[0] = -0.02
Y_IN 4.63
T[1] = 1 Y[1] = 0.98
Z[0] = -0.48
Z[1] = 0.75
Y_IN 0.23
T[0] = 0 Y[0] = 0.11
Y_IN 2.99
T[1] = 1 Y[1] = 0.90
Z[0] = -1.00
Z[1] = -1.00
Y_IN 3.39
T[0] = 1 Y[0] = 0.93
Y_IN -0.00
T[1] = 0 Y[1] = -0.00
Z[0] = -1.00
Z[1] = -1.00
Y_IN 3.39
T[0] = 1 Y[0] = 0.93
Y_IN 0.00
T[1] = 0 Y[1] = 0.00
Z[0] = -1.00
Z[1] = -1.00
Y_IN 3.39
T[0] = 1 Y[0] = 0.93
Y_IN 0.00
T[1] = 0 Y[1] = 0.00
Z[0] = -1.00
Z[1] = -1.00
Y_IN 3.39
T[0] = 1 Y[0] = 0.94
Y_IN -0.00
T[1] = 0 Y[1] = -0.00
Z[0] = -1.00
Z[1] = -1.00
Y_IN 3.39
T[0] = 1 Y[0] = 0.94
Y_IN -0.00
T[1] = 0 Y[1] = -0.00
Z[0] = -1.00
Z[1] = -1.00
Y_IN 3.39
T[0] = 1 Y[0] = 0.93
Y_IN 0.00
T[1] = 0 Y[1] = 0.00
Z[0] = -1.00
Z[1] = -1.00
Y_IN 3.39
T[0] = 1 Y[0] = 0.93
Y_IN 0.00
T[1] = 0 Y[1] = 0.00
Z[0] = 1.00
Z[1] = 1.00
Y_IN -0.04
T[0] = 0 Y[0] = -0.02
Y_IN 4.63
T[1] = 1 Y[1] = 0.98
Z[0] = -1.00
Z[1] = -1.00
Y_IN 3.39
T[0] = 1 Y[0] = 0.94
Y_IN -0.00
T[1] = 0 Y[1] = -0.00
Z[0] = 1.00
Z[1] = 1.00
Y_IN -0.04
T[0] = 0 Y[0] = -0.02
Y_IN 4.63
T[1] = 1 Y[1] = 0.98
Z[0] = -0.95
Z[1] = -0.94
Y_IN 3.29
T[0] = 0 Y[0] = 0.93
Y_IN 0.13
T[1] = 1 Y[1] = 0.07
Z[0] = -1.00
Z[1] = -1.00
Y_IN 3.39
T[0] = 1 Y[0] = 0.94
Y_IN -0.00
T[1] = 0 Y[1] = -0.00
Z[0] = 1.00
Z[1] = 0.98
Y_IN 0.00
T[0] = 0 Y[0] = 0.00
Y_IN 4.59
T[1] = 1 Y[1] = 0.98
Z[0] = 1.00
Z[1] = 1.00
Y_IN -0.04
T[0] = 0 Y[0] = -0.02
Y_IN 4.63
T[1] = 1 Y[1] = 0.98
Z[0] = -1.00
Z[1] = -1.00
Y_IN 3.39
T[0] = 1 Y[0] = 0.94
Y_IN -0.00
T[1] = 0 Y[1] = -0.00
Z[0] = 1.00
Z[1] = 0.99
Y_IN -0.03
T[0] = 0 Y[0] = -0.01
Y_IN 4.61
T[1] = 1 Y[1] = 0.98
Z[0] = -1.00
Z[1] = -1.00
Y_IN 3.39
T[0] = 1 Y[0] = 0.93
Y_IN -0.00
T[1] = 0 Y[1] = -0.00
Z[0] = 1.00
Z[1] = 1.00
Y_IN -0.03
T[0] = 0 Y[0] = -0.02
Y_IN 4.62
T[1] = 1 Y[1] = 0.98
Z[0] = -1.00
Z[1] = -1.00
Y_IN 3.39
T[0] = 1 Y[0] = 0.94
Y_IN -0.00
T[1] = 0 Y[1] = -0.00
Z[0] = -1.00
Z[1] = -1.00
Y_IN 3.39
T[0] = 1 Y[0] = 0.93
Y_IN -0.00
T[1] = 0 Y[1] = -0.00
Z[0] = -1.00
Z[1] = -1.00
Y_IN 3.39
T[0] = 1 Y[0] = 0.94
Y_IN -0.00
T[1] = 0 Y[1] = -0.00
Z[0] = -1.00
Z[1] = -1.00
Y_IN 3.39
T[0] = 1 Y[0] = 0.93
Y_IN 0.00
T[1] = 0 Y[1] = 0.00
Z[0] = -1.00
Z[1] = -1.00
Y_IN 3.39
T[0] = 1 Y[0] = 0.94
Y_IN -0.00
T[1] = 0 Y[1] = -0.00
Z[0] = -1.00
Z[1] = -1.00
Y_IN 3.39
T[0] = 1 Y[0] = 0.93
Y_IN -0.00
T[1] = 0 Y[1] = -0.00
Z[0] = 0.96
Z[1] = 0.27
Y_IN 1.30
T[0] = 0 Y[0] = 0.57
Y_IN 3.53
T[1] = 1 Y[1] = 0.94
Z[0] = -1.00
Z[1] = -1.00
Y_IN 3.39
T[0] = 1 Y[0] = 0.93
Y_IN 0.00
T[1] = 0 Y[1] = 0.00
Z[0] = -1.00
Z[1] = -1.00
Y_IN 3.39
T[0] = 1 Y[0] = 0.94
Y_IN -0.00
T[1] = 0 Y[1] = -0.00
Z[0] = 0.78
Z[1] = 0.81
Y_IN 0.28
T[0] = 0 Y[0] = 0.14
Y_IN 4.16
T[1] = 1 Y[1] = 0.97
Z[0] = -1.00
Z[1] = -1.00
Y_IN 3.39
T[0] = 1 Y[0] = 0.93
Y_IN 0.00
T[1] = 0 Y[1] = 0.00
Z[0] = 1.00
Z[1] = 1.00
Y_IN -0.04
T[0] = 0 Y[0] = -0.02
Y_IN 4.63
T[1] = 1 Y[1] = 0.98
Z[0] = -1.00
Z[1] = -1.00
Y_IN 3.39
T[0] = 1 Y[0] = 0.93
Y_IN 0.00
T[1] = 0 Y[1] = 0.00
Z[0] = -1.00
Z[1] = -1.00
Y_IN 3.39
T[0] = 1 Y[0] = 0.93
Y_IN -0.00
T[1] = 0 Y[1] = -0.00
Z[0] = -1.00
Z[1] = -1.00
Y_IN 3.39
T[0] = 1 Y[0] = 0.93
Y_IN 0.01
T[1] = 0 Y[1] = 0.00
Z[0] = -1.00
Z[1] = -1.00
Y_IN 3.39
T[0] = 1 Y[0] = 0.93
Y_IN -0.00
T[1] = 0 Y[1] = -0.00
Z[0] = -1.00
Z[1] = -0.99
Y_IN 3.38
T[0] = 1 Y[0] = 0.93
Y_IN 0.01
T[1] = 0 Y[1] = 0.00
Z[0] = -1.00
Z[1] = -1.00
Y_IN 3.39
T[0] = 1 Y[0] = 0.94
Y_IN -0.00
T[1] = 0 Y[1] = -0.00
Z[0] = -1.00
Z[1] = -1.00
Y_IN 3.39
T[0] = 1 Y[0] = 0.94
Y_IN -0.00
T[1] = 0 Y[1] = -0.00
Z[0] = 0.85
Z[1] = 0.23
Y_IN 1.37
T[0] = 0 Y[0] = 0.60
Y_IN 3.37
T[1] = 1 Y[1] = 0.93
Z[0] = -1.00
Z[1] = -1.00
Y_IN 3.39
T[0] = 1 Y[0] = 0.93
Y_IN 0.00
T[1] = 0 Y[1] = 0.00
Z[0] = 0.94
Z[1] = 0.77
Y_IN 0.38
T[0] = 0 Y[0] = 0.19
Y_IN 4.24
T[1] = 1 Y[1] = 0.97
Z[0] = 0.98
Z[1] = 0.98
Y_IN 0.00
T[0] = 0 Y[0] = 0.00
Y_IN 4.57
T[1] = 1 Y[1] = 0.98
Z[0] = 1.00
Z[1] = 0.40
Y_IN 1.07
T[0] = 1 Y[0] = 0.49
Y_IN 3.75
T[1] = 0 Y[1] = 0.95
Z[0] = -1.00
Z[1] = -1.00
Y_IN 3.39
T[0] = 1 Y[0] = 0.93
Y_IN 0.00
T[1] = 0 Y[1] = 0.00
Z[0] = -1.00
Z[1] = -1.00
Y_IN 3.39
T[0] = 1 Y[0] = 0.93
Y_IN -0.00
T[1] = 0 Y[1] = -0.00
Z[0] = 0.94
Z[1] = -0.01
Y_IN 1.83
T[0] = 0 Y[0] = 0.72
Y_IN 3.10
T[1] = 1 Y[1] = 0.91
Z[0] = 1.00
Z[1] = 1.00
Y_IN -0.04
T[0] = 0 Y[0] = -0.02
Y_IN 4.63
T[1] = 1 Y[1] = 0.98
Z[0] = 1.00
Z[1] = 1.00
Y_IN -0.04
T[0] = 0 Y[0] = -0.02
Y_IN 4.63
T[1] = 1 Y[1] = 0.98
Z[0] = -1.00
Z[1] = -1.00
Y_IN 3.39
T[0] = 1 Y[0] = 0.94
Y_IN -0.00
T[1] = 0 Y[1] = -0.00
Z[0] = -1.00
Z[1] = -1.00
Y_IN 3.39
T[0] = 1 Y[0] = 0.94
Y_IN -0.00
T[1] = 0 Y[1] = -0.00
Z[0] = 1.00
Z[1] = 1.00
Y_IN -0.04
T[0] = 0 Y[0] = -0.02
Y_IN 4.63
T[1] = 1 Y[1] = 0.98
Z[0] = 1.00
Z[1] = 1.00
Y_IN -0.04
T[0] = 0 Y[0] = -0.02
Y_IN 4.63
T[1] = 1 Y[1] = 0.98
Z[0] = 1.00
Z[1] = 1.00
Y_IN -0.04
T[0] = 0 Y[0] = -0.02
Y_IN 4.63
T[1] = 1 Y[1] = 0.98
Z[0] = 1.00
Z[1] = 1.00
Y_IN -0.04
T[0] = 0 Y[0] = -0.02
Y_IN 4.63
T[1] = 1 Y[1] = 0.98
Z[0] = -1.00
Z[1] = -1.00
Y_IN 3.39
T[0] = 1 Y[0] = 0.94
Y_IN -0.00
T[1] = 0 Y[1] = -0.00
Z[0] = 0.03
Z[1] = 0.34
Y_IN 1.05
T[0] = 0 Y[0] = 0.48
Y_IN 2.83
T[1] = 1 Y[1] = 0.89
Z[0] = -1.00
Z[1] = -1.00
Y_IN 3.39
T[0] = 1 Y[0] = 0.94
Y_IN -0.00
T[1] = 0 Y[1] = -0.00
Z[0] = -1.00
Z[1] = -1.00
Y_IN 3.39
T[0] = 1 Y[0] = 0.94
Y_IN -0.00
T[1] = 0 Y[1] = -0.00
Z[0] = -0.85
Z[1] = -0.99
Y_IN 3.40
T[0] = 1 Y[0] = 0.94
Y_IN 0.14
T[1] = 0 Y[1] = 0.07
Z[0] = -1.00
Z[1] = -1.00
Y_IN 3.39
T[0] = 1 Y[0] = 0.94
Y_IN -0.00
T[1] = 0 Y[1] = -0.00
Z[0] = 0.99
Z[1] = 0.96
Y_IN 0.04
T[0] = 0 Y[0] = 0.02
Y_IN 4.55
T[1] = 1 Y[1] = 0.98
Z[0] = -1.00
Z[1] = -1.00
Y_IN 3.39
T[0] = 1 Y[0] = 0.94
Y_IN -0.00
T[1] = 0 Y[1] = -0.00
Z[0] = 1.00
Z[1] = 1.00
Y_IN -0.04
T[0] = 0 Y[0] = -0.02
Y_IN 4.62
T[1] = 1 Y[1] = 0.98
Z[0] = -1.00
Z[1] = -1.00
Y_IN 3.39
T[0] = 1 Y[0] = 0.93
Y_IN -0.00
T[1] = 0 Y[1] = -0.00
Z[0] = 1.00
Z[1] = 1.00
Y_IN -0.03
T[0] = 0 Y[0] = -0.02
Y_IN 4.62
T[1] = 1 Y[1] = 0.98
Z[0] = 1.00
Z[1] = 1.00
Y_IN -0.04
T[0] = 0 Y[0] = -0.02
Y_IN 4.63
T[1] = 1 Y[1] = 0.98
Z[0] = 0.99
Z[1] = 1.00
Y_IN -0.04
T[0] = 0 Y[0] = -0.02
Y_IN 4.62
T[1] = 1 Y[1] = 0.98
Z[0] = 1.00
Z[1] = 1.00
Y_IN -0.04
T[0] = 0 Y[0] = -0.02
Y_IN 4.63
T[1] = 1 Y[1] = 0.98
Z[0] = 0.99
Z[1] = 1.00
Y_IN -0.04
T[0] = 0 Y[0] = -0.02
Y_IN 4.62
T[1] = 1 Y[1] = 0.98
Z[0] = -0.99
Z[1] = -0.99
Y_IN 3.38
T[0] = 1 Y[0] = 0.93
Y_IN 0.01
T[1] = 0 Y[1] = 0.01
Z[0] = -1.00
Z[1] = -1.00
Y_IN 3.39
T[0] = 1 Y[0] = 0.94
Y_IN -0.00
T[1] = 0 Y[1] = -0.00
Z[0] = -1.00
Z[1] = -1.00
Y_IN 3.39
T[0] = 1 Y[0] = 0.93
Y_IN -0.00
T[1] = 0 Y[1] = -0.00
Z[0] = -1.00
Z[1] = -1.00
Y_IN 3.39
T[0] = 1 Y[0] = 0.94
Y_IN -0.00
T[1] = 0 Y[1] = -0.00
Z[0] = -1.00
Z[1] = -1.00
Y_IN 3.39
T[0] = 1 Y[0] = 0.93
Y_IN 0.00
T[1] = 0 Y[1] = 0.00
Z[0] = 1.00
Z[1] = 0.98
Y_IN -0.01
T[0] = 0 Y[0] = -0.00
Y_IN 4.60
T[1] = 1 Y[1] = 0.98
Z[0] = 1.00
Z[1] = 0.85
Y_IN 0.24
T[0] = 0 Y[0] = 0.12
Y_IN 4.40
T[1] = 1 Y[1] = 0.98
Z[0] = -1.00
Z[1] = -1.00
Y_IN 3.39
T[0] = 1 Y[0] = 0.94
Y_IN -0.00
T[1] = 0 Y[1] = -0.00
Z[0] = 1.00
Z[1] = -0.07
Y_IN 1.94
T[0] = 1 Y[0] = 0.75
Y_IN 3.07
T[1] = 0 Y[1] = 0.91
Z[0] = 1.00
Z[1] = 1.00
Y_IN -0.04
T[0] = 0 Y[0] = -0.02
Y_IN 4.63
T[1] = 1 Y[1] = 0.98
Z[0] = 0.03
Z[1] = 0.34
Y_IN 1.05
T[0] = 0 Y[0] = 0.48
Y_IN 2.83
T[1] = 1 Y[1] = 0.89
Z[0] = -1.00
Z[1] = -1.00
Y_IN 3.39
T[0] = 1 Y[0] = 0.93
Y_IN 0.00
T[1] = 0 Y[1] = 0.00
Z[0] = -0.99
Z[1] = -1.00
Y_IN 3.39
T[0] = 1 Y[0] = 0.93
Y_IN 0.02
T[1] = 0 Y[1] = 0.01
Z[0] = 1.00
Z[1] = 0.95
Y_IN 0.05
T[0] = 0 Y[0] = 0.03
Y_IN 4.55
T[1] = 1 Y[1] = 0.98
Z[0] = -1.00
Z[1] = -1.00
Y_IN 3.39
T[0] = 1 Y[0] = 0.93
Y_IN -0.00
T[1] = 0 Y[1] = -0.00
Z[0] = -1.00
Z[1] = -1.00
Y_IN 3.39
T[0] = 1 Y[0] = 0.94
Y_IN -0.00
T[1] = 0 Y[1] = -0.00
Z[0] = -1.00
Z[1] = -1.00
Y_IN 3.39
T[0] = 1 Y[0] = 0.93
Y_IN -0.00
T[1] = 0 Y[1] = -0.00
Z[0] = 1.00
Z[1] = 1.00
Y_IN -0.04
T[0] = 0 Y[0] = -0.02
Y_IN 4.63
T[1] = 1 Y[1] = 0.98
Z[0] = 1.00
Z[1] = 1.00
Y_IN -0.04
T[0] = 0 Y[0] = -0.02
Y_IN 4.63
T[1] = 1 Y[1] = 0.98
Z[0] = -1.00
Z[1] = -1.00
Y_IN 3.39
T[0] = 1 Y[0] = 0.93
Y_IN -0.00
T[1] = 0 Y[1] = -0.00
Z[0] = -0.99
Z[1] = -0.77
Y_IN 2.98
T[0] = 1 Y[0] = 0.90
Y_IN 0.33
T[1] = 0 Y[1] = 0.17
Z[0] = 1.00
Z[1] = 1.00
Y_IN -0.04
T[0] = 0 Y[0] = -0.02
Y_IN 4.63
T[1] = 1 Y[1] = 0.98
Z[0] = -1.00
Z[1] = -1.00
Y_IN 3.39
T[0] = 1 Y[0] = 0.94
Y_IN -0.00
T[1] = 0 Y[1] = -0.00
Z[0] = -1.00
Z[1] = -1.00
Y_IN 3.39
T[0] = 1 Y[0] = 0.94
Y_IN -0.00
T[1] = 0 Y[1] = -0.00
Z[0] = 1.00
Z[1] = 0.98
Y_IN -0.01
T[0] = 0 Y[0] = -0.00
Y_IN 4.60
T[1] = 1 Y[1] = 0.98
Z[0] = -1.00
Z[1] = -1.00
Y_IN 3.39
T[0] = 1 Y[0] = 0.94
Y_IN -0.00
T[1] = 0 Y[1] = -0.00
Z[0] = -1.00
Z[1] = -1.00
Y_IN 3.39
T[0] = 1 Y[0] = 0.93
Y_IN -0.00
T[1] = 0 Y[1] = -0.00
Z[0] = 1.00
Z[1] = 1.00
Y_IN -0.04
T[0] = 0 Y[0] = -0.02
Y_IN 4.63
T[1] = 1 Y[1] = 0.98
Z[0] = -0.99
Z[1] = -0.95
Y_IN 3.31
T[0] = 1 Y[0] = 0.93
Y_IN 0.08
T[1] = 0 Y[1] = 0.04
Z[0] = -1.00
Z[1] = -1.00
Y_IN 3.39
T[0] = 1 Y[0] = 0.93
Y_IN -0.00
T[1] = 0 Y[1] = -0.00
Z[0] = -1.00
Z[1] = -0.97
Y_IN 3.34
T[0] = 1 Y[0] = 0.93
Y_IN 0.04
T[1] = 0 Y[1] = 0.02
Z[0] = 1.00
Z[1] = 0.97
Y_IN 0.01
T[0] = 0 Y[0] = 0.00
Y_IN 4.59
T[1] = 1 Y[1] = 0.98
Z[0] = -1.00
Z[1] = -1.00
Y_IN 3.39
T[0] = 1 Y[0] = 0.93
Y_IN -0.00
T[1] = 0 Y[1] = -0.00
Z[0] = -1.00
Z[1] = -1.00
Y_IN 3.39
T[0] = 1 Y[0] = 0.94
Y_IN -0.00
T[1] = 0 Y[1] = -0.00
Z[0] = -1.00
Z[1] = -1.00
Y_IN 3.39
T[0] = 1 Y[0] = 0.94
Y_IN -0.00
T[1] = 0 Y[1] = -0.00
Z[0] = -1.00
Z[1] = -1.00
Y_IN 3.39
T[0] = 1 Y[0] = 0.94
Y_IN -0.00
T[1] = 0 Y[1] = -0.00
Z[0] = -1.00
Z[1] = -1.00
Y_IN 3.39
T[0] = 1 Y[0] = 0.94
Y_IN -0.00
T[1] = 0 Y[1] = -0.00
Z[0] = -1.00
Z[1] = -1.00
Y_IN 3.39
T[0] = 1 Y[0] = 0.94
Y_IN -0.00
T[1] = 0 Y[1] = -0.00
Z[0] = 0.29
Z[1] = 0.85
Y_IN 0.14
T[0] = 0 Y[0] = 0.07
Y_IN 3.80
T[1] = 1 Y[1] = 0.96
Z[0] = 1.00
Z[1] = 0.97
Y_IN 0.01
T[0] = 0 Y[0] = 0.01
Y_IN 4.58
T[1] = 1 Y[1] = 0.98
Z[0] = -1.00
Z[1] = -1.00
Y_IN 3.39
T[0] = 1 Y[0] = 0.94
Y_IN -0.00
T[1] = 0 Y[1] = -0.00
Z[0] = -0.99
Z[1] = -0.97
Y_IN 3.35
T[0] = 1 Y[0] = 0.93
Y_IN 0.05
T[1] = 0 Y[1] = 0.02
Z[0] = 1.00
Z[1] = 1.00
Y_IN -0.04
T[0] = 0 Y[0] = -0.02
Y_IN 4.63
T[1] = 1 Y[1] = 0.98
Z[0] = -1.00
Z[1] = -1.00
Y_IN 3.39
T[0] = 1 Y[0] = 0.93
Y_IN -0.00
T[1] = 0 Y[1] = -0.00
Z[0] = -1.00
Z[1] = -1.00
Y_IN 3.39
T[0] = 1 Y[0] = 0.93
Y_IN 0.00
T[1] = 0 Y[1] = 0.00
Z[0] = -1.00
Z[1] = -1.00
Y_IN 3.39
T[0] = 1 Y[0] = 0.94
Y_IN -0.00
T[1] = 0 Y[1] = -0.00
Z[0] = -1.00
Z[1] = -1.00
Y_IN 3.39
T[0] = 1 Y[0] = 0.94
Y_IN -0.00
T[1] = 0 Y[1] = -0.00
Z[0] = 0.99
Z[1] = 0.96
Y_IN 0.03
T[0] = 0 Y[0] = 0.02
Y_IN 4.56
T[1] = 1 Y[1] = 0.98
Z[0] = -1.00
Z[1] = -1.00
Y_IN 3.39
T[0] = 1 Y[0] = 0.94
Y_IN -0.00
T[1] = 0 Y[1] = -0.00
Z[0] = 1.00
Z[1] = 0.99
Y_IN -0.02
T[0] = 0 Y[0] = -0.01
Y_IN 4.61
T[1] = 1 Y[1] = 0.98
Z[0] = -1.00
Z[1] = -1.00
Y_IN 3.39
T[0] = 1 Y[0] = 0.94
Y_IN -0.00
T[1] = 0 Y[1] = -0.00
Z[0] = 0.95
Z[1] = 0.55
Y_IN 0.78
T[0] = 0 Y[0] = 0.37
Y_IN 3.93
T[1] = 1 Y[1] = 0.96
Z[0] = -0.92
Z[1] = -0.97
Y_IN 3.35
T[0] = 1 Y[0] = 0.93
Y_IN 0.11
T[1] = 0 Y[1] = 0.05
Z[0] = -1.00
Z[1] = -1.00
Y_IN 3.39
T[0] = 1 Y[0] = 0.93
Y_IN -0.00
T[1] = 0 Y[1] = -0.00
Z[0] = 1.00
Z[1] = 1.00
Y_IN -0.03
T[0] = 0 Y[0] = -0.02
Y_IN 4.62
T[1] = 1 Y[1] = 0.98
Z[0] = -1.00
Z[1] = -1.00
Y_IN 3.39
T[0] = 1 Y[0] = 0.94
Y_IN -0.00
T[1] = 0 Y[1] = -0.00
Z[0] = 0.99
Z[1] = 0.94
Y_IN 0.08
T[0] = 0 Y[0] = 0.04
Y_IN 4.53
T[1] = 1 Y[1] = 0.98
Z[0] = 1.00
Z[1] = 1.00
Y_IN -0.04
T[0] = 0 Y[0] = -0.02
Y_IN 4.63
T[1] = 1 Y[1] = 0.98
Z[0] = -1.00
Z[1] = -1.00
Y_IN 3.39
T[0] = 1 Y[0] = 0.94
Y_IN -0.00
T[1] = 0 Y[1] = -0.00
Z[0] = 1.00
Z[1] = 1.00
Y_IN -0.04
T[0] = 0 Y[0] = -0.02
Y_IN 4.63
T[1] = 1 Y[1] = 0.98
Z[0] = -1.00
Z[1] = -1.00
Y_IN 3.39
T[0] = 1 Y[0] = 0.94
Y_IN -0.00
T[1] = 0 Y[1] = -0.00
Z[0] = 0.61
Z[1] = -0.67
Y_IN 3.01
T[0] = 0 Y[0] = 0.91
Y_IN 1.85
T[1] = 1 Y[1] = 0.73
Z[0] = 1.00
Z[1] = 1.00
Y_IN -0.04
T[0] = 0 Y[0] = -0.02
Y_IN 4.63
T[1] = 1 Y[1] = 0.98
Z[0] = 1.00
Z[1] = 0.99
Y_IN -0.02
T[0] = 0 Y[0] = -0.01
Y_IN 4.61
T[1] = 1 Y[1] = 0.98
Z[0] = -1.00
Z[1] = -1.00
Y_IN 3.39
T[0] = 1 Y[0] = 0.93
Y_IN -0.00
T[1] = 0 Y[1] = -0.00
Z[0] = -1.00
Z[1] = -1.00
Y_IN 3.39
T[0] = 1 Y[0] = 0.94
Y_IN -0.00
T[1] = 0 Y[1] = -0.00
Z[0] = -1.00
Z[1] = -1.00
Y_IN 3.39
T[0] = 1 Y[0] = 0.93
Y_IN -0.00
T[1] = 0 Y[1] = -0.00
Z[0] = -1.00
Z[1] = -1.00
Y_IN 3.39
T[0] = 1 Y[0] = 0.94
Y_IN -0.00
T[1] = 0 Y[1] = -0.00
Z[0] = 1.00
Z[1] = 1.00
Y_IN -0.04
T[0] = 0 Y[0] = -0.02
Y_IN 4.63
T[1] = 1 Y[1] = 0.98
Z[0] = -1.00
Z[1] = -1.00
Y_IN 3.39
T[0] = 1 Y[0] = 0.93
Y_IN -0.00
T[1] = 0 Y[1] = -0.00
Z[0] = 0.94
Z[1] = 0.28
Y_IN 1.29
T[0] = 0 Y[0] = 0.57
Y_IN 3.53
T[1] = 1 Y[1] = 0.94
Z[0] = -0.99
Z[1] = -1.00
Y_IN 3.39
T[0] = 1 Y[0] = 0.93
Y_IN 0.01
T[1] = 0 Y[1] = 0.00
Z[0] = -1.00
Z[1] = -1.00
Y_IN 3.39
T[0] = 1 Y[0] = 0.94
Y_IN -0.00
T[1] = 0 Y[1] = -0.00
Z[0] = -1.00
Z[1] = -1.00
Y_IN 3.39
T[0] = 1 Y[0] = 0.93
Y_IN -0.00
T[1] = 0 Y[1] = -0.00
Z[0] = 0.98
Z[1] = 0.63
Y_IN 0.65
T[0] = 0 Y[0] = 0.31
Y_IN 4.07
T[1] = 1 Y[1] = 0.97
Z[0] = 1.00
Z[1] = 1.00
Y_IN -0.04
T[0] = 0 Y[0] = -0.02
Y_IN 4.63
T[1] = 1 Y[1] = 0.98
Z[0] = -1.00
Z[1] = -0.99
Y_IN 3.38
T[0] = 1 Y[0] = 0.93
Y_IN 0.01
T[1] = 0 Y[1] = 0.00
Z[0] = 1.00
Z[1] = 0.98
Y_IN -0.01
T[0] = 0 Y[0] = -0.01
Y_IN 4.60
T[1] = 1 Y[1] = 0.98
Z[0] = -1.00
Z[1] = -0.99
Y_IN 3.38
T[0] = 1 Y[0] = 0.93
Y_IN 0.01
T[1] = 0 Y[1] = 0.01
Z[0] = 0.99
Z[1] = 0.13
Y_IN 1.57
T[0] = 1 Y[0] = 0.65
Y_IN 3.36
T[1] = 0 Y[1] = 0.93
Z[0] = -1.00
Z[1] = -1.00
Y_IN 3.39
T[0] = 1 Y[0] = 0.93
Y_IN -0.00
T[1] = 0 Y[1] = -0.00
Z[0] = 0.94
Z[1] = 0.81
Y_IN 0.30
T[0] = 0 Y[0] = 0.15
Y_IN 4.30
T[1] = 1 Y[1] = 0.97
Z[0] = -1.00
Z[1] = -1.00
Y_IN 3.39
T[0] = 1 Y[0] = 0.94
Y_IN -0.00
T[1] = 0 Y[1] = -0.00
Z[0] = 1.00
Z[1] = 1.00
Y_IN -0.04
T[0] = 0 Y[0] = -0.02
Y_IN 4.63
T[1] = 1 Y[1] = 0.98
Z[0] = -1.00
Z[1] = -1.00
Y_IN 3.39
T[0] = 1 Y[0] = 0.93
Y_IN -0.00
T[1] = 0 Y[1] = -0.00
Z[0] = -1.00
Z[1] = -1.00
Y_IN 3.39
T[0] = 1 Y[0] = 0.93
Y_IN 0.00
T[1] = 0 Y[1] = 0.00
Z[0] = 0.99
Z[1] = 1.00
Y_IN -0.04
T[0] = 0 Y[0] = -0.02
Y_IN 4.62
T[1] = 1 Y[1] = 0.98
Z[0] = -1.00
Z[1] = -1.00
Y_IN 3.39
T[0] = 1 Y[0] = 0.93
Y_IN 0.00
T[1] = 0 Y[1] = 0.00
Z[0] = -1.00
Z[1] = -1.00
Y_IN 3.39
T[0] = 1 Y[0] = 0.94
Y_IN -0.00
T[1] = 0 Y[1] = -0.00
Z[0] = 1.00
Z[1] = 1.00
Y_IN -0.04
T[0] = 0 Y[0] = -0.02
Y_IN 4.63
T[1] = 1 Y[1] = 0.98
