0.46 -0.22 
0.30 0.29 
-0.49 -0.12 
0.48 0.07 
0.32 0.07 -0.36 0.33 

##################LEARN##################
1.18602
0.72045
0.50252
0.43107
0.40564
0.39457
0.38957
0.38742
0.38663
0.38647
0.38657
0.38672
0.38685
0.38690
0.38685
0.38668
0.38641
0.38604
0.38558
0.38505
0.38444
0.38380
0.38312
0.38243
0.38174
0.38107
0.38043
0.37984
0.37929
0.37880
0.37834
0.37792
0.37750
0.37705
0.37656
0.37600
0.37533
0.37455
0.37363
0.37258
0.37139
0.37007
0.36864
0.36710
0.36546
0.36376
0.36199
0.36017
0.35830
0.35639
0.35443
0.35244
0.35040
0.34832
0.34620
0.34403
0.34183
0.33959
0.33732
0.33503
0.33272
0.33040
0.32807
0.32573
0.32339
0.32104
0.31871
0.31637
0.31404
0.31173
0.30942
0.30712
0.30483
0.30255
0.30028
0.29801
0.29574
0.29348
0.29120
0.28891
0.28661
0.28427
0.28189
0.27946
0.27696
0.27436
0.27165
0.26879
0.26574
0.26244
0.25882
0.25478
0.25021
0.24494
0.23881
0.23170
0.22392
0.21726
0.21613
0.21596
0.19225
0.16788
0.17552
0.19661
0.21609
0.23128
0.24298
0.25254
0.26075
0.26785
0.27381
0.27858
0.28217
0.28460
0.28594
0.28621
0.28544
0.28364
0.28078
0.27682
0.27169
0.26530
0.25757
0.24839
0.23772
0.22554
0.21199
0.19737
0.18223
0.16735
0.15358
0.14161
0.13178
0.12403
0.11811
0.11358
0.10992
0.10660
0.10326
0.09972
0.09604
0.09233
0.08875
0.08540
0.08233
0.07953
0.07696
0.07457
0.07229
0.07008
0.06795
0.06588
0.06390
0.06201
0.06023
0.05854
0.05694
0.05541
0.05395
0.05255
0.05120
0.04991
0.04867
0.04749
0.04636
0.04528
0.04424
0.04325
0.04230
0.04138
0.04050
0.03965
0.03883
0.03805
0.03729
0.03656
0.03586
0.03519
0.03454
0.03391
0.03330
0.03271
0.03215
0.03160
0.03107
0.03056
0.03006
0.02958
0.02912
0.02867
0.02823
0.02781
0.02739
0.02700
0.02661
0.02623
0.02587
0.02552
0.02517
0.02484
0.02451
0.02420
0.02389
0.02360
0.02331
0.02303
0.02276
0.02250
0.02224
0.02200
0.02176
0.02153
0.02132
0.02111
0.02091
0.02072
0.02055
0.02038
0.02023
0.02009
0.01997
0.01987
0.01978
0.01972
0.01967
0.01965
0.01966
0.01969
0.01976
0.01985
0.01997
0.02012
0.02030
0.02050
0.02072
0.02095
0.02118
0.02142
0.02164
0.02185
0.02204
0.02220
0.02233
0.02242
0.02249
0.02252
0.02252
0.02250
0.02245
0.02239
0.02231
0.02222
0.02212
0.02202
0.02191
0.02180
0.02169
0.02158
0.02147
0.02136
0.02126
0.02116
0.02106
0.02097
0.02088
0.02079
0.02071
0.02063
0.02055
0.02048
0.02041
0.02034
0.02027
0.02021
0.02015
0.02009
0.02003
0.01998
0.01992
0.01987
0.01982
0.01977
0.01972
0.01967
0.01962
0.01958
0.01953
0.01949
0.01944
0.01940
0.01936
0.01932
0.01928
0.01924
0.01921
0.01917
0.01913
0.01910
0.01906
0.01903
0.01900
0.01897
0.01893
0.01890
0.01887
0.01885
0.01882
0.01879
0.01876
0.01874
0.01871
0.01868
0.01866
0.01864
0.01861
0.01859
0.01857
0.01855
0.01853
0.01851
0.01849
0.01847
0.01845
0.01843
0.01842
0.01840
0.01839
0.01837
0.01836
0.01835
0.01833
0.01832
0.01831
0.01830
0.01829
0.01828
0.01827
0.01826
0.01826
0.01825
0.01824
0.01824
0.01823
0.01823
0.01823
0.01823
0.01823
0.01822
0.01823
0.01823
0.01823
0.01823
0.01823
0.01824
0.01824
0.01825
0.01826
0.01827
0.01827
0.01828
0.01829
0.01831
0.01832
0.01833
0.01835
0.01836
0.01838
0.01840
0.01841
0.01843
0.01845
0.01848
0.01850
0.01852
0.01855
0.01857
0.01860
0.01863
0.01866
0.01869
0.01872
0.01876
0.01879
0.01883
0.01886
0.01890
0.01894
0.01898
0.01903
0.01907
0.01912
0.01916
0.01921
0.01926
0.01931
0.01937
0.01942
0.01948
0.01953
0.01959
0.01965
0.01971
0.01978
0.01984
0.01990
0.01997
0.02004
0.02011
0.02018
0.02025
0.02032
0.02040
0.02047
0.02054
0.02062
0.02070
0.02077
0.02085
0.02092
0.02100
0.02108
0.02115
0.02123
0.02130
0.02138
0.02145
0.02152
0.02159
0.02165
0.02172
0.02178
0.02184
0.02190
0.02195
0.02200
0.02205
0.02209
0.02213
0.02216
0.02219
0.02222
0.02224
0.02225
0.02226
0.02226
0.02226
0.02225
0.02224
0.02222
0.02220
0.02216
0.02213
0.02208
0.02203
0.02197
0.02191
0.02184
0.02176
0.02168
0.02159
0.02149
0.02139
0.02128
0.02116
0.02104
0.02092
0.02079
0.02065
0.02051
0.02036
0.02021
0.02005
0.01990
0.01974
0.01957
0.01941
0.01924
0.01907
0.01891
0.01874
0.01857
0.01841
0.01824
0.01809
0.01793
0.01778
0.01763
0.01748
0.01735
0.01721
0.01709
0.01697
0.01685
0.01674
0.01664
0.01654
0.01645
0.01637
0.01629
0.01622
0.01615
0.01609
0.01603
0.01598
0.01593
0.01589
0.01585
0.01581
0.01578
0.01575
0.01573
0.01570
0.01568
0.01566
0.01565
0.01563
0.01562
0.01561
0.01560
0.01559
0.01558
0.01557
0.01556
0.01555
0.01554
0.01553
0.01552
0.01551
0.01550
0.01548
0.01547
0.01545
0.01543
0.01541
0.01539
0.01537
0.01534
0.01532
0.01529
0.01526
0.01523
0.01519
0.01516
0.01512
0.01508
0.01504
0.01500
0.01496
0.01492
0.01488
0.01483
0.01479
0.01475
0.01470
0.01466
0.01461
0.01456
0.01452
0.01447
0.01443
0.01438
0.01434
0.01429
0.01425
0.01420
0.01416
0.01411
0.01407
0.01402
0.01398
0.01393
0.01389
0.01384
0.01380
0.01376
0.01371
0.01367
0.01363
0.01358
0.01354
0.01349
0.01345
0.01341
0.01337
0.01332
0.01328
0.01324
0.01319
0.01315
0.01311
0.01306
0.01302
0.01298
0.01294
0.01289
0.01285
0.01281
0.01277
0.01272
0.01268
0.01264
0.01260
0.01256
0.01251
0.01247
0.01243
0.01239
0.01235
0.01230
0.01226
0.01222
0.01218
0.01214
0.01210
0.01205
0.01201
0.01197
0.01193
0.01189
0.01185
0.01181
0.01177
0.01173
0.01168
0.01164
0.01160
0.01156
0.01152
0.01148
0.01144
0.01140
0.01136
0.01132
0.01128
0.01124
0.01120
0.01116
0.01112
0.01108
0.01104
0.01100
0.01096
0.01092
0.01088
0.01084
0.01080
0.01077
0.01073
0.01069
0.01065
0.01061
0.01057
0.01053
0.01049
0.01046
0.01042
0.01038
0.01034
0.01030
0.01026
0.01023
0.01019
0.01015
0.01011
0.01008
0.01004
0.01000
0.00996
0.00993
0.00989
0.00985
0.00982
0.00978
0.00974
0.00970
0.00967
0.00963
0.00960
0.00956
0.00952
0.00949
0.00945
0.00942
0.00938
0.00934
0.00931
0.00927
0.00924
0.00920
0.00917
0.00913
0.00910
0.00906
0.00903
0.00899
0.00896
0.00892
0.00889
0.00886
0.00882
0.00879
0.00875
0.00872
0.00869
0.00865
0.00862
0.00859
0.00855
0.00852
0.00849
0.00845
0.00842
0.00839
0.00836
0.00832
0.00829
0.00826
0.00823
0.00820
0.00816
0.00813
0.00810
0.00807
0.00804
0.00801
0.00797
0.00794
0.00791
0.00788
0.00785
0.00782
0.00779
0.00776
0.00773
0.00770
0.00767
0.00764
0.00761
0.00758
0.00755
0.00752
0.00749
0.00746
0.00743
0.00740
0.00737
0.00735
0.00732
0.00729
0.00726
0.00723
0.00720
0.00718
0.00715
0.00712
0.00709
0.00706
0.00704
0.00701
0.00698
0.00696
0.00693
0.00690
0.00687
0.00685
0.00682
0.00679
0.00677
0.00674
0.00672
0.00669
0.00666
0.00664
0.00661
0.00659
0.00656
0.00654
0.00651
0.00649
0.00646
0.00644
0.00641
0.00639
0.00636
0.00634
0.00631
0.00629
0.00626
0.00624
0.00622
0.00619
0.00617
0.00615
0.00612
0.00610
0.00608
0.00605
0.00603
0.00601
0.00598
0.00596
0.00594
0.00592
0.00589
0.00587
0.00585
0.00583
0.00581
0.00578
0.00576
0.00574
0.00572
0.00570
0.00568
0.00565
0.00563
0.00561
0.00559
0.00557
0.00555
0.00553
0.00551
0.00549
0.00547
0.00545
0.00543
0.00541
0.00539
0.00537
0.00535
0.00533
0.00531
0.00529
0.00527
0.00525
0.00523
0.00521
0.00519
0.00518
0.00516
0.00514
0.00512
0.00510
0.00508
0.00506
0.00505
0.00503
0.00501
0.00499
0.00497
0.00496
0.00494
0.00492
0.00490
0.00489
0.00487
0.00485
0.00483
0.00482
0.00480
0.00478
0.00477
0.00475
0.00473
0.00472
0.00470
0.00468
0.00467
0.00465
0.00464
0.00462
0.00460
0.00459
0.00457
0.00456
0.00454
0.00453
0.00451
0.00449
0.00448
0.00446
0.00445
0.00443
0.00442
0.00440
0.00439
0.00437
0.00436
0.00434
0.00433
0.00432
0.00430
0.00429
0.00427
0.00426
0.00424
0.00423
0.00422
0.00420
0.00419
0.00417
0.00416
0.00415
0.00413
0.00412
0.00411
0.00409
0.00408
0.00407
0.00405
0.00404
0.00403
0.00402
0.00400
0.00399
0.00398
0.00396
0.00395
0.00394
0.00393
0.00391
0.00390
0.00389
0.00388
0.00386
0.00385
0.00384
0.00383
0.00382
0.00380
0.00379
0.00378
0.00377
0.00376
0.00375
0.00373
0.00372
0.00371
0.00370
0.00369
0.00368
0.00367
0.00366
0.00364
0.00363
0.00362
0.00361
0.00360
0.00359
0.00358
0.00357
0.00356
0.00355
0.00354
0.00353
0.00352
0.00351
0.00350
0.00349
0.00347
0.00346
0.00345
0.00344
0.00343
0.00342
0.00341
0.00340
0.00339
0.00339
0.00338
0.00337
0.00336
0.00335
0.00334
0.00333
0.00332
0.00331
0.00330
0.00329
0.00328
0.00327
0.00326
0.00325
0.00324
0.00323
0.00323
0.00322
0.00321
0.00320
0.00319
0.00318
0.00317
0.00316
0.00315
0.00315
0.00314
0.00313
0.00312
0.00311
0.00310

##################TEST##################
Z[0] = -0.07
Z[1] = -0.48
Y_IN 0.00
T[0] = 0 Y[0] = 0.00
Y_IN 3.09
T[1] = 1 Y[1] = 0.91
Z[0] = -0.52
Z[1] = 0.85
Y_IN 5.19
T[0] = 1 Y[0] = 0.99
Y_IN 0.03
T[1] = 0 Y[1] = 0.02
Z[0] = -0.73
Z[1] = 0.99
Y_IN 5.86
T[0] = 1 Y[0] = 0.99
Y_IN -0.09
T[1] = 0 Y[1] = -0.04
Z[0] = -0.39
Z[1] = 0.77
Y_IN 4.79
T[0] = 1 Y[0] = 0.98
Y_IN 0.08
T[1] = 0 Y[1] = 0.04
