0.46 -0.22 
0.30 0.29 
-0.49 -0.12 
0.48 0.07 
0.32 0.07 -0.36 0.33 

##################LEARN##################
1.24507
0.87352
0.62091
0.49675
0.44332
0.41709
0.40269
0.39445
0.38971
0.38705
0.38561
0.38492
0.38468
0.38471
0.38489
0.38517
0.38549
0.38583
0.38617
0.38650
0.38681
0.38710
0.38736
0.38759
0.38780
0.38797
0.38811
0.38822
0.38830
0.38834
0.38834
0.38831
0.38824
0.38812
0.38796
0.38775
0.38750
0.38719
0.38683
0.38642
0.38595
0.38544
0.38487
0.38426
0.38360
0.38290
0.38216
0.38139
0.38060
0.37979
0.37896
0.37813
0.37729
0.37646
0.37563
0.37483
0.37404
0.37329
0.37257
0.37189
0.37125
0.37065
0.37010
0.36958
0.36910
0.36864
0.36820
0.36776
0.36730
0.36682
0.36629
0.36571
0.36508
0.36438
0.36361
0.36278
0.36188
0.36093
0.35993
0.35889
0.35781
0.35670
0.35557
0.35442
0.35324
0.35206
0.35085
0.34963
0.34839
0.34713
0.34585
0.34454
0.34322
0.34187
0.34050
0.33911
0.33771
0.33629
0.33486
0.33342
0.33197
0.33051
0.32905
0.32758
0.32611
0.32463
0.32315
0.32167
0.32019
0.31871
0.31723
0.31575
0.31428
0.31282
0.31136
0.30991
0.30847
0.30703
0.30560
0.30418
0.30278
0.30138
0.29999
0.29861
0.29724
0.29588
0.29454
0.29320
0.29187
0.29056
0.28925
0.28796
0.28667
0.28540
0.28413
0.28287
0.28162
0.28037
0.27914
0.27791
0.27669
0.27547
0.27426
0.27305
0.27185
0.27066
0.26946
0.26827
0.26709
0.26590
0.26472
0.26354
0.26235
0.26117
0.25999
0.25881
0.25763
0.25644
0.25526
0.25407
0.25288
0.25168
0.25048
0.24928
0.24808
0.24686
0.24565
0.24443
0.24320
0.24197
0.24073
0.23948
0.23823
0.23696
0.23570
0.23442
0.23314
0.23184
0.23054
0.22923
0.22792
0.22659
0.22525
0.22391
0.22255
0.22119
0.21982
0.21843
0.21704
0.21564
0.21423
0.21280
0.21137
0.20993
0.20848
0.20702
0.20554
0.20406
0.20257
0.20107
0.19956
0.19804
0.19651
0.19496
0.19341
0.19185
0.19028
0.18870
0.18711
0.18551
0.18389
0.18227
0.18064
0.17899
0.17733
0.17566
0.17397
0.17228
0.17056
0.16883
0.16708
0.16530
0.16351
0.16169
0.15984
0.15796
0.15604
0.15407
0.15206
0.14998
0.14784
0.14561
0.14328
0.14083
0.13823
0.13545
0.13244
0.12916
0.12553
0.12147
0.11688
0.11166
0.10580
0.09957
0.09412
0.09147
0.08903
0.07989
0.07516
0.08729
0.11086
0.13517
0.15429
0.16701
0.17409
0.17661
0.17553
0.17154
0.16525
0.15717
0.14785
0.13787
0.12787
0.11841
0.10998
0.10285
0.09711
0.09271
0.08950
0.08725
0.08565
0.08439
0.08315
0.08170
0.07991
0.07776
0.07532
0.07273
0.07011
0.06761
0.06531
0.06327
0.06150
0.05997
0.05864
0.05745
0.05634
0.05525
0.05414
0.05300
0.05184
0.05067
0.04952
0.04841
0.04736
0.04639
0.04548
0.04464
0.04385
0.04310
0.04238
0.04167
0.04097
0.04028
0.03959
0.03893
0.03828
0.03766
0.03707
0.03650
0.03596
0.03544
0.03494
0.03445
0.03397
0.03350
0.03304
0.03259
0.03216
0.03173
0.03132
0.03092
0.03054
0.03016
0.02980
0.02944
0.02910
0.02876
0.02843
0.02810
0.02779
0.02748
0.02717
0.02688
0.02659
0.02631
0.02604
0.02577
0.02551
0.02525
0.02500
0.02475
0.02451
0.02427
0.02404
0.02382
0.02359
0.02338
0.02316
0.02295
0.02275
0.02255
0.02235
0.02215
0.02196
0.02177
0.02159
0.02141
0.02123
0.02106
0.02089
0.02072
0.02055
0.02039
0.02023
0.02007
0.01992
0.01977
0.01962
0.01947
0.01932
0.01918
0.01904
0.01890
0.01876
0.01863
0.01850
0.01837
0.01824
0.01811
0.01799
0.01786
0.01774
0.01762
0.01750
0.01739
0.01727
0.01716
0.01705
0.01694
0.01683
0.01672
0.01662
0.01651
0.01641
0.01631
0.01621
0.01611
0.01601
0.01592
0.01582
0.01573
0.01563
0.01554
0.01545
0.01536
0.01527
0.01519
0.01510
0.01502
0.01493
0.01485
0.01477
0.01468
0.01460
0.01452
0.01445
0.01437
0.01429
0.01422
0.01414
0.01407
0.01399
0.01392
0.01385
0.01378
0.01371
0.01364
0.01357
0.01350
0.01343
0.01337
0.01330
0.01324
0.01317
0.01311
0.01304
0.01298
0.01292
0.01286
0.01280
0.01274
0.01268
0.01262
0.01256
0.01250
0.01245
0.01239
0.01233
0.01228
0.01222
0.01217
0.01212
0.01206
0.01201
0.01196
0.01190
0.01185
0.01180
0.01175
0.01170
0.01165
0.01160
0.01155
0.01151
0.01146
0.01141
0.01136
0.01132
0.01127
0.01123
0.01118
0.01114
0.01109
0.01105
0.01100
0.01096
0.01092
0.01088
0.01083
0.01079
0.01075
0.01071
0.01067
0.01063
0.01059
0.01055
0.01051
0.01047
0.01043
0.01039
0.01035
0.01032
0.01028
0.01024
0.01021
0.01017
0.01013
0.01010
0.01006
0.01003
0.00999
0.00996
0.00992
0.00989
0.00985
0.00982
0.00979
0.00975
0.00972
0.00969
0.00965
0.00962
0.00959
0.00956
0.00953
0.00950
0.00946
0.00943
0.00940
0.00937
0.00934
0.00931
0.00928
0.00925
0.00922
0.00920
0.00917
0.00914
0.00911
0.00908
0.00905
0.00903
0.00900
0.00897
0.00894
0.00892
0.00889
0.00886
0.00884
0.00881
0.00879
0.00876
0.00873
0.00871
0.00868
0.00866
0.00863
0.00861
0.00858
0.00856
0.00854
0.00851
0.00849
0.00846
0.00844
0.00842
0.00839
0.00837
0.00835
0.00833
0.00830
0.00828
0.00826
0.00824
0.00821
0.00819
0.00817
0.00815
0.00813
0.00811
0.00809
0.00806
0.00804
0.00802
0.00800
0.00798
0.00796
0.00794
0.00792
0.00790
0.00788
0.00786
0.00784
0.00782
0.00780
0.00778
0.00776
0.00775
0.00773
0.00771
0.00769
0.00767
0.00765
0.00763
0.00762
0.00760
0.00758
0.00756
0.00755
0.00753
0.00751
0.00749
0.00748
0.00746
0.00744
0.00742
0.00741
0.00739
0.00737
0.00736
0.00734
0.00732
0.00731
0.00729
0.00728
0.00726
0.00724
0.00723
0.00721
0.00720
0.00718
0.00717
0.00715
0.00714
0.00712
0.00711
0.00709
0.00708
0.00706
0.00705
0.00703
0.00702
0.00700
0.00699
0.00697
0.00696
0.00695
0.00693
0.00692
0.00690
0.00689
0.00688
0.00686
0.00685
0.00684
0.00682
0.00681
0.00680
0.00678
0.00677
0.00676
0.00674
0.00673
0.00672
0.00670
0.00669
0.00668
0.00667
0.00665
0.00664
0.00663
0.00662
0.00660
0.00659
0.00658
0.00657
0.00656
0.00654
0.00653
0.00652
0.00651
0.00650
0.00649
0.00647
0.00646
0.00645
0.00644
0.00643
0.00642
0.00641
0.00640
0.00638
0.00637
0.00636
0.00635
0.00634
0.00633
0.00632
0.00631
0.00630
0.00629
0.00628
0.00627
0.00626
0.00625
0.00624
0.00623
0.00622
0.00621
0.00619
0.00618
0.00617
0.00617
0.00616
0.00615
0.00614
0.00613
0.00612
0.00611
0.00610
0.00609
0.00608
0.00607
0.00606
0.00605
0.00604
0.00603
0.00602
0.00601
0.00600
0.00599
0.00599
0.00598
0.00597
0.00596
0.00595
0.00594
0.00593
0.00592
0.00591
0.00591
0.00590
0.00589
0.00588
0.00587
0.00586
0.00585
0.00585
0.00584
0.00583
0.00582
0.00581
0.00581
0.00580
0.00579
0.00578
0.00577
0.00576
0.00576
0.00575
0.00574
0.00573
0.00573
0.00572
0.00571
0.00570
0.00569
0.00569
0.00568
0.00567
0.00566
0.00566
0.00565
0.00564
0.00563
0.00563
0.00562
0.00561
0.00560
0.00560
0.00559
0.00558
0.00558
0.00557
0.00556
0.00555
0.00555
0.00554
0.00553
0.00553
0.00552
0.00551
0.00551
0.00550
0.00549
0.00549
0.00548
0.00547
0.00547
0.00546
0.00545
0.00545
0.00544
0.00543
0.00543
0.00542
0.00541
0.00541
0.00540
0.00539
0.00539
0.00538
0.00538
0.00537
0.00536
0.00536
0.00535
0.00534
0.00534
0.00533
0.00533
0.00532
0.00531
0.00531
0.00530
0.00530
0.00529
0.00528
0.00528
0.00527
0.00527
0.00526
0.00526
0.00525
0.00524
0.00524
0.00523
0.00523
0.00522
0.00522
0.00521
0.00520
0.00520
0.00519
0.00519
0.00518
0.00518
0.00517
0.00517
0.00516
0.00516
0.00515
0.00514
0.00514
0.00513
0.00513
0.00512
0.00512
0.00511
0.00511
0.00510
0.00510
0.00509
0.00509
0.00508
0.00508
0.00507
0.00507
0.00506
0.00506
0.00505
0.00505
0.00504
0.00504
0.00503
0.00503
0.00502
0.00502
0.00501
0.00501
0.00500
0.00500
0.00499
0.00499
0.00499
0.00498
0.00498
0.00497
0.00497
0.00496
0.00496
0.00495
0.00495
0.00494
0.00494
0.00493
0.00493
0.00493
0.00492
0.00492
0.00491
0.00491
0.00490
0.00490
0.00489
0.00489
0.00489
0.00488
0.00488
0.00487
0.00487
0.00486
0.00486
0.00486
0.00485
0.00485
0.00484
0.00484
0.00484
0.00483
0.00483
0.00482
0.00482
0.00481
0.00481
0.00481
0.00480
0.00480
0.00479
0.00479
0.00479
0.00478
0.00478
0.00477
0.00477
0.00477
0.00476
0.00476
0.00476
0.00475
0.00475
0.00474
0.00474
0.00474
0.00473
0.00473
0.00472
0.00472
0.00472
0.00471
0.00471
0.00471
0.00470
0.00470
0.00469
0.00469
0.00469
0.00468
0.00468
0.00468
0.00467
0.00467
0.00467
0.00466
0.00466
0.00466
0.00465
0.00465
0.00464
0.00464
0.00464
0.00463
0.00463
0.00463
0.00462
0.00462
0.00462
0.00461
0.00461
0.00461
0.00460
0.00460
0.00460
0.00459
0.00459
0.00459
0.00458
0.00458
0.00458
0.00457
0.00457
0.00457
0.00456
0.00456
0.00456
0.00455
0.00455
0.00455
0.00455
0.00454
0.00454
0.00454
0.00453
0.00453
0.00453
0.00452
0.00452
0.00452
0.00451

##################TEST##################
Z[0] = 1.00
Z[1] = -0.16
Y_IN 0.00
T[0] = 0 Y[0] = 0.00
Y_IN 3.25
T[1] = 1 Y[1] = 0.93
Z[0] = 1.00
Z[1] = 0.92
Y_IN 4.28
T[0] = 1 Y[0] = 0.97
Y_IN 0.08
T[1] = 0 Y[1] = 0.04
Z[0] = 1.00
Z[1] = 1.00
Y_IN 4.58
T[0] = 1 Y[0] = 0.98
Y_IN -0.15
T[1] = 0 Y[1] = -0.08
Z[0] = 1.00
Z[1] = 0.92
Y_IN 4.26
T[0] = 1 Y[0] = 0.97
Y_IN 0.09
T[1] = 0 Y[1] = 0.04
