0.00 -0.36 
-0.14 0.39 
-0.09 0.41 
0.04 -0.48 
-0.31 0.40 -0.21 0.48 

##################LEARN##################
0.76889
0.45424
0.42699
0.42735
0.42739
0.42330
0.41456
0.40202
0.39025
0.38813
0.39059
0.37769
0.35781
0.34337
0.33354
0.33022
0.32457
0.31938
0.31970
0.31922
0.31639
0.31526
0.31351
0.31012
0.30749
0.30550
0.30283
0.29972
0.29565
0.28935
0.28254
0.27661
0.27055
0.26333
0.25460
0.24458
0.23413
0.22445
0.21669
0.21165
0.20965
0.21039
0.21276
0.21565
0.21913
0.22372
0.22905
0.23429
0.23878
0.24218
0.24420
0.24468
0.24348
0.24041
0.23532
0.22810
0.21866
0.20694
0.19302
0.17767
0.16268
0.14891
0.13548
0.12226
0.11037
0.10021
0.09157
0.08434
0.07840
0.07350
0.06946
0.06616
0.06352
0.06147
0.06000
0.05917
0.05907
0.05990
0.06194
0.06539
0.07016
0.07572
0.08169
0.08799
0.09401
0.09891
0.10246
0.10492
0.10654
0.10746
0.10783
0.10773
0.10715
0.10614
0.10469
0.10278
0.10042
0.09761
0.09436
0.09068
0.08663
0.08229
0.07780
0.07339
0.06935
0.06593
0.06314
0.06084
0.05883
0.05704
0.05543
0.05401
0.05279
0.05177
0.05097
0.05040
0.05008
0.05006
0.05042
0.05119
0.05233
0.05364
0.05482
0.05562
0.05590
0.05563
0.05489
0.05383
0.05259
0.05133
0.05017
0.04916
0.04833
0.04765
0.04710
0.04664
0.04624
0.04587
0.04550
0.04514
0.04476
0.04439
0.04401
0.04364
0.04326
0.04288
0.04250
0.04212
0.04174
0.04136
0.04098
0.04060
0.04021
0.03982
0.03943
0.03904
0.03865
0.03826
0.03786
0.03746
0.03706
0.03666
0.03626
0.03586
0.03546
0.03506
0.03465
0.03425
0.03385
0.03344
0.03304
0.03264
0.03224
0.03185
0.03145
0.03106
0.03067
0.03029
0.02990
0.02952
0.02915
0.02877
0.02841
0.02804
0.02768
0.02733
0.02697
0.02663
0.02629
0.02595
0.02562
0.02529
0.02497
0.02465
0.02434
0.02403
0.02373
0.02343
0.02314
0.02285
0.02257
0.02229
0.02201
0.02174
0.02148
0.02122
0.02096
0.02071
0.02046
0.02022
0.01998
0.01975
0.01952
0.01929
0.01907
0.01885
0.01863
0.01842
0.01821
0.01801
0.01780
0.01761
0.01741
0.01722
0.01703
0.01684
0.01666
0.01648
0.01630
0.01613
0.01596
0.01579
0.01562
0.01546
0.01530
0.01514
0.01498
0.01483
0.01467
0.01452
0.01438
0.01423
0.01409
0.01395
0.01381
0.01367
0.01354
0.01340
0.01327
0.01314
0.01301
0.01289
0.01276
0.01264
0.01252
0.01240
0.01229
0.01217
0.01206
0.01194
0.01183
0.01172
0.01162
0.01151
0.01140
0.01130
0.01120
0.01110
0.01100
0.01090
0.01080
0.01070
0.01061
0.01052
0.01042
0.01033
0.01024
0.01015
0.01007
0.00998
0.00989
0.00981
0.00972
0.00964
0.00956
0.00948
0.00940
0.00932
0.00924
0.00917
0.00909
0.00902
0.00894
0.00887
0.00880
0.00873
0.00866
0.00859
0.00852
0.00845
0.00838
0.00832
0.00825
0.00818
0.00812
0.00806
0.00799
0.00793
0.00787
0.00781
0.00775
0.00769
0.00763
0.00757
0.00752
0.00746
0.00740
0.00735
0.00729
0.00724
0.00719
0.00713
0.00708
0.00703
0.00698
0.00692
0.00687
0.00682
0.00678
0.00673
0.00668
0.00663
0.00658
0.00654
0.00649
0.00644
0.00640
0.00635
0.00631
0.00627
0.00622
0.00618
0.00614
0.00609
0.00605
0.00601
0.00597
0.00593
0.00589
0.00585
0.00581
0.00577
0.00573
0.00570
0.00566
0.00562
0.00558
0.00555
0.00551
0.00547
0.00544
0.00540
0.00537
0.00533
0.00530
0.00527
0.00523
0.00520
0.00517
0.00513
0.00510
0.00507
0.00504
0.00500
0.00497
0.00494
0.00491
0.00488
0.00485
0.00482
0.00479
0.00476
0.00473
0.00471
0.00468
0.00465
0.00462
0.00459
0.00457
0.00454
0.00451
0.00449
0.00446
0.00443
0.00441
0.00438
0.00436
0.00433
0.00430
0.00428
0.00426
0.00423
0.00421
0.00418
0.00416
0.00414
0.00411
0.00409
0.00407
0.00404
0.00402
0.00400
0.00398
0.00395
0.00393
0.00391
0.00389
0.00387
0.00385
0.00382
0.00380
0.00378
0.00376
0.00374
0.00372
0.00370
0.00368
0.00366
0.00364
0.00362
0.00361
0.00359
0.00357
0.00355
0.00353
0.00351
0.00349
0.00348
0.00346
0.00344
0.00342
0.00340
0.00339
0.00337
0.00335
0.00334
0.00332
0.00330
0.00329
0.00327
0.00325
0.00324
0.00322
0.00320
0.00319
0.00317
0.00316
0.00314
0.00313
0.00311
0.00310
0.00308
0.00307
0.00305
0.00304
0.00302
0.00301
0.00299
0.00298
0.00296
0.00295
0.00294
0.00292
0.00291
0.00290
0.00288
0.00287
0.00285
0.00284
0.00283
0.00282
0.00280
0.00279
0.00278
0.00276
0.00275
0.00274
0.00273
0.00271
0.00270
0.00269
0.00268
0.00267
0.00265
0.00264
0.00263
0.00262
0.00261
0.00260
0.00258
0.00257
0.00256
0.00255
0.00254
0.00253
0.00252
0.00251
0.00249
0.00248
0.00247
0.00246
0.00245
0.00244
0.00243
0.00242
0.00241
0.00240
0.00239
0.00238
0.00237
0.00236
0.00235
0.00234
0.00233
0.00232
0.00231
0.00230
0.00229
0.00228
0.00227
0.00227
0.00226
0.00225
0.00224
0.00223
0.00222
0.00221
0.00220
0.00219
0.00218
0.00218
0.00217
0.00216
0.00215
0.00214
0.00213
0.00212
0.00212
0.00211
0.00210
0.00209
0.00208
0.00208
0.00207
0.00206
0.00205
0.00204
0.00204
0.00203
0.00202
0.00201
0.00200
0.00200
0.00199
0.00198
0.00197
0.00197
0.00196
0.00195
0.00195
0.00194
0.00193
0.00192
0.00192
0.00191
0.00190
0.00190
0.00189
0.00188
0.00187
0.00187
0.00186
0.00185
0.00185
0.00184
0.00183
0.00183
0.00182
0.00181
0.00181
0.00180
0.00180
0.00179
0.00178
0.00178
0.00177
0.00176
0.00176
0.00175
0.00175
0.00174
0.00173
0.00173
0.00172
0.00172
0.00171
0.00170
0.00170
0.00169
0.00169
0.00168
0.00167
0.00167
0.00166
0.00166
0.00165
0.00165
0.00164
0.00164
0.00163
0.00162
0.00162
0.00161
0.00161
0.00160
0.00160
0.00159
0.00159
0.00158
0.00158
0.00157
0.00157
0.00156
0.00156
0.00155
0.00155
0.00154
0.00154
0.00153
0.00153
0.00152
0.00152
0.00151
0.00151
0.00150
0.00150
0.00149
0.00149
0.00148
0.00148
0.00147
0.00147
0.00146
0.00146
0.00146
0.00145
0.00145
0.00144
0.00144
0.00143
0.00143
0.00142
0.00142
0.00142
0.00141
0.00141
0.00140
0.00140
0.00139
0.00139
0.00139
0.00138
0.00138
0.00137
0.00137
0.00136
0.00136
0.00136
0.00135
0.00135
0.00134
0.00134
0.00134
0.00133
0.00133
0.00132
0.00132
0.00132
0.00131
0.00131
0.00131
0.00130
0.00130
0.00129
0.00129
0.00129
0.00128
0.00128
0.00128
0.00127
0.00127
0.00126
0.00126
0.00126
0.00125
0.00125
0.00125
0.00124
0.00124
0.00124
0.00123
0.00123
0.00123
0.00122
0.00122
0.00122
0.00121
0.00121
0.00121
0.00120
0.00120
0.00120
0.00119
0.00119
0.00119
0.00118
0.00118
0.00118
0.00117
0.00117
0.00117
0.00116
0.00116
0.00116
0.00115
0.00115
0.00115
0.00115
0.00114
0.00114
0.00114
0.00113
0.00113
0.00113
0.00112
0.00112
0.00112
0.00112
0.00111
0.00111
0.00111
0.00110
0.00110
0.00110
0.00110
0.00109
0.00109
0.00109
0.00108
0.00108
0.00108
0.00108
0.00107
0.00107
0.00107
0.00106
0.00106
0.00106
0.00106
0.00105
0.00105
0.00105
0.00105
0.00104
0.00104
0.00104
0.00104
0.00103
0.00103
0.00103
0.00103
0.00102
0.00102
0.00102
0.00102
0.00101
0.00101
0.00101
0.00101
0.00100
0.00100
0.00100
0.00100
0.00099
0.00099
0.00099
0.00099
0.00098
0.00098
0.00098
0.00098
0.00097
0.00097
0.00097
0.00097
0.00096
0.00096
0.00096
0.00096
0.00096
0.00095
0.00095
0.00095
0.00095
0.00094
0.00094
0.00094
0.00094
0.00094
0.00093
0.00093
0.00093
0.00093
0.00092
0.00092
0.00092
0.00092
0.00092
0.00091
0.00091
0.00091
0.00091
0.00091
0.00090
0.00090
0.00090
0.00090
0.00090
0.00089
0.00089
0.00089
0.00089
0.00089
0.00088
0.00088
0.00088
0.00088
0.00088
0.00087
0.00087
0.00087
0.00087
0.00087
0.00086
0.00086
0.00086
0.00086
0.00086
0.00085
0.00085
0.00085
0.00085
0.00085
0.00085
0.00084
0.00084
0.00084
0.00084
0.00084
0.00083
0.00083
0.00083
0.00083
0.00083
0.00083
0.00082
0.00082
0.00082
0.00082
0.00082
0.00082
0.00081
0.00081
0.00081
0.00081
0.00081
0.00081
0.00080
0.00080
0.00080
0.00080
0.00080
0.00080
0.00079
0.00079
0.00079
0.00079
0.00079
0.00079
0.00078
0.00078
0.00078
0.00078
0.00078
0.00078
0.00077
0.00077
0.00077
0.00077
0.00077
0.00077
0.00076
0.00076
0.00076
0.00076
0.00076
0.00076
0.00076
0.00075
0.00075
0.00075
0.00075
0.00075
0.00075
0.00074
0.00074
0.00074
0.00074
0.00074
0.00074
0.00074
0.00073
0.00073
0.00073
0.00073
0.00073
0.00073
0.00073
0.00072
0.00072
0.00072
0.00072
0.00072
0.00072
0.00072
0.00071
0.00071
0.00071
0.00071
0.00071
0.00071
0.00071
0.00071
0.00070
0.00070
0.00070
0.00070
0.00070
0.00070
0.00070
0.00069
0.00069
0.00069
0.00069
0.00069
0.00069
0.00069
0.00069
0.00068
0.00068
0.00068
0.00068
0.00068
0.00068
0.00068
0.00068
0.00067
0.00067
0.00067
0.00067
0.00067
0.00067
0.00067
0.00067
0.00066
0.00066
0.00066
0.00066
0.00066
0.00066
0.00066
0.00066
0.00065
0.00065
0.00065
0.00065
0.00065
0.00065
0.00065
0.00065

##################TEST##################
Z[0] = -0.83
Z[1] = 0.89
Y_IN 6.68
T[0] = 1 Y[0] = 1.00
Y_IN 0.00
T[1] = 0 Y[1] = 0.00
Z[0] = -0.05
Z[1] = -0.47
Y_IN -0.00
T[0] = 0 Y[0] = -0.00
Y_IN 3.78
T[1] = 1 Y[1] = 0.96
Z[0] = -0.96
Z[1] = 0.99
Y_IN 7.26
T[0] = 1 Y[0] = 1.00
Y_IN -0.03
T[1] = 0 Y[1] = -0.01
Z[0] = -0.67
Z[1] = 0.77
Y_IN 5.97
T[0] = 1 Y[0] = 0.99
Y_IN 0.02
T[1] = 0 Y[1] = 0.01
