0.00 -0.36 
-0.14 0.39 
-0.09 0.41 
0.04 -0.48 
-0.31 0.40 -0.21 0.48 

##################LEARN##################
0.85736
0.64163
0.59411
0.58495
0.58394
0.58346
0.58159
0.57790
0.57264
0.56711
0.56367
0.56322
0.56330
0.56204
0.55995
0.55788
0.55626
0.55534
0.55523
0.55575
0.55649
0.55716
0.55763
0.55779
0.55752
0.55682
0.55592
0.55524
0.55510
0.55554
0.55631
0.55706
0.55752
0.55754
0.55717
0.55657
0.55598
0.55557
0.55543
0.55558
0.55597
0.55643
0.55670
0.55658
0.55613
0.55559
0.55533
0.55559
0.55639
0.55748
0.55852
0.55924
0.55949
0.55926
0.55865
0.55776
0.55671
0.55571
0.55503
0.55494
0.55541
0.55606
0.55642
0.55628
0.55576
0.55527
0.55531
0.55619
0.55770
0.55936
0.56078
0.56174
0.56213
0.56190
0.56100
0.55946
0.55738
0.55518
0.55370
0.55376
0.55517
0.55685
0.55780
0.55766
0.55655
0.55511
0.55451
0.55575
0.55843
0.56124
0.56349
0.56506
0.56583
0.56574
0.56470
0.56262
0.55950
0.55572
0.55279
0.55290
0.55607
0.55970
0.56193
0.56236
0.56107
0.55836
0.55514
0.55377
0.55645
0.56113
0.56497
0.56765
0.56932
0.56993
0.56950
0.56795
0.56514
0.56086
0.55548
0.55182
0.55421
0.56058
0.56562
0.56815
0.56864
0.56738
0.56434
0.55952
0.55435
0.55362
0.55930
0.56530
0.56949
0.57218
0.57353
0.57373
0.57292
0.57107
0.56788
0.56281
0.55588
0.55135
0.55672
0.56583
0.57133
0.57383
0.57454
0.57389
0.57182
0.56794
0.56172
0.55439
0.55331
0.56109
0.56838
0.57324
0.57609
0.57746
0.57778
0.57730
0.57603
0.57371
0.56974
0.56308
0.55403
0.55216
0.56386
0.57296
0.57710
0.57892
0.57954
0.57929
0.57816
0.57587
0.57179
0.56487
0.55540
0.55322
0.56316
0.57199
0.57735
0.58020
0.58154
0.58197
0.58182
0.58120
0.58002
0.57797
0.57437
0.56791
0.55723
0.55129
0.56536
0.57631
0.58067
0.58259
0.58349
0.58380
0.58366
0.58305
0.58178
0.57946
0.57532
0.56784
0.55640
0.55447
0.56726
0.57683
0.58171
0.58399
0.58500
0.58539
0.58550
0.58542
0.58513
0.58444
0.58311
0.58069
0.57632
0.56804
0.55452
0.55644
0.57518
0.58216
0.58467
0.58588
0.58661
0.58713
0.58746
0.58753
0.58725
0.58650
0.58509
0.58266
0.57839
0.57028
0.55695
0.55762
0.57299
0.58150
0.58507
0.58669
0.58755
0.58815
0.58863
0.58900
0.58917
0.58910
0.58872
0.58794
0.58665
0.58452
0.58086
0.57381
0.55963
0.55408
0.57673
0.58425
0.58674
0.58811
0.58910
0.58989
0.59048
0.59086
0.59101
0.59093
0.59062
0.59004
0.58912
0.58770
0.58546
0.58166
0.57431
0.56016
0.55827
0.57588
0.58440
0.58768
0.58915
0.58994
0.59049
0.59094
0.59134
0.59164
0.59182
0.59185
0.59172
0.59139
0.59085
0.59003
0.58879
0.58690
0.58373
0.57757
0.56353
0.55422
0.58015
0.58704
0.58910
0.59019
0.59098
0.59166
0.59222
0.59266
0.59296
0.59312
0.59312
0.59299
0.59272
0.59231
0.59176
0.59102
0.58999
0.58845
0.58592
0.58113
0.57032
0.55715
0.57344
0.58556
0.58923
0.59059
0.59128
0.59182
0.59235
0.59285
0.59328
0.59361
0.59381
0.59388
0.59383
0.59367
0.59344
0.59312
0.59272
0.59220
0.59148
0.59044
0.58882
0.58599
0.58018
0.56551
0.55690
0.58557
0.58999
0.59116
0.59191
0.59261
0.59327
0.59386
0.59433
0.59465
0.59482
0.59486
0.59480
0.59470
0.59456
0.59441
0.59424
0.59401
0.59370
0.59326
0.59264
0.59170
0.59024
0.58771
0.58255
0.56960
0.55965
0.58143
0.58960
0.59158
0.59234
0.59292
0.59352
0.59412
0.59464
0.59504
0.59528
0.59539
0.59540
0.59537
0.59533
0.59529
0.59523
0.59516
0.59504
0.59487
0.59461
0.59426
0.59378
0.59310
0.59210
0.59050
0.58763
0.58121
0.56335
0.56691
0.59006
0.59236
0.59295
0.59348
0.59412
0.59478
0.59537
0.59580
0.59603
0.59611
0.59612
0.59611
0.59612
0.59614
0.59616
0.59616
0.59612
0.59604
0.59592
0.59575
0.59554
0.59526
0.59489
0.59437
0.59362
0.59245
0.59046
0.58643
0.57572
0.56131
0.58319
0.59165
0.59313
0.59367
0.59423
0.59489
0.59554
0.59606
0.59638
0.59651
0.59655
0.59657
0.59661
0.59668
0.59674
0.59679
0.59679
0.59677
0.59672
0.59665
0.59657
0.59645
0.59631
0.59611
0.59585
0.59550
0.59502
0.59433
0.59329
0.59159
0.58831
0.57998
0.56070
0.58629
0.59357
0.59424
0.59454
0.59505
0.59571
0.59635
0.59681
0.59705
0.59713
0.59716
0.59720
0.59729
0.59738
0.59746
0.59750
0.59752
0.59751
0.59750
0.59747
0.59744
0.59739
0.59733
0.59723
0.59711
0.59695
0.59674
0.59646
0.59609
0.59557
0.59481
0.59359
0.59141
0.58655
0.57211
0.56591
0.59204
0.59478
0.59498
0.59535
0.59600
0.59674
0.59733
0.59762
0.59769
0.59770
0.59775
0.59785
0.59797
0.59807
0.59813
0.59816
0.59817
0.59818
0.59818
0.59819
0.59818
0.59816
0.59812
0.59807
0.59800
0.59792
0.59781
0.59766
0.59748
0.59723
0.59690
0.59644
0.59577
0.59473
0.59292
0.58906
0.57697
0.55949
0.59450
0.59643
0.59611
0.59610
0.59655
0.59723
0.59786
0.59821
0.59830
0.59830
0.59834
0.59844
0.59857
0.59869
0.59876
0.59880
0.59883
0.59885
0.59887
0.59890
0.59892
0.59892
0.59891
0.59890
0.59887
0.59883
0.59878
0.59872
0.59863
0.59851
0.59836
0.59817
0.59790
0.59754
0.59703
0.59626
0.59498
0.59256
0.58653
0.56932
0.58090
0.59546
0.59664
0.59666
0.59695
0.59756
0.59827
0.59880
0.59906
0.59914
0.59917
0.59925
0.59938
0.59952
0.59964
0.59972
0.59978
0.59982
0.59986
0.59991
0.59995
0.59998
0.60001
0.60002
0.60003
0.60004
0.60003
0.60002
0.59999
0.59996
0.59991
0.59984
0.59974
0.59962
0.59947
0.59926
0.59898
0.59860
0.59806
0.59726
0.59595
0.59353
0.58770
0.57081
0.58909
0.59925
0.59984
0.59940
0.59897
0.59892
0.59921
0.59965
0.60007
0.60036
0.60050
0.60055
0.60059
0.60063
0.60069
0.60075
0.60080
0.60083
0.60083
0.60082
0.60079
0.60075
0.60071
0.60065
0.60058
0.60050
0.60040
0.60029
0.60017
0.60003
0.59987
0.59970
0.59951
0.59929
0.59905
0.59878
0.59848
0.59814
0.59775
0.59729
0.59675
0.59608
0.59522
0.59403
0.59222
0.58895
0.58109
0.56836
0.59417
0.59659
0.59717
0.59708
0.59652
0.59591
0.59541
0.59506
0.59481
0.59463
0.59445
0.59425
0.59401
0.59373
0.59343
0.59311
0.59278
0.59245
0.59211
0.59176
0.59141
0.59106
0.59071
0.59035
0.58999
0.58963
0.58926
0.58890
0.58853
0.58816
0.58779
0.58742
0.58705
0.58667
0.58630
0.58592
0.58554
0.58515
0.58476
0.58436
0.58395
0.58353
0.58309
0.58263
0.58213
0.58158
0.58096
0.58023
0.57933
0.57813
0.57636
0.57321
0.56568
0.55878
0.58152
0.58174
0.58272
0.58362
0.58407
0.58409
0.58380
0.58333
0.58279
0.58225
0.58177
0.58135
0.58101
0.58074
0.58053
0.58037
0.58025
0.58016
0.58009
0.58004
0.58001
0.58000
0.58000
0.58001
0.58003
0.58005
0.58008
0.58012
0.58016
0.58020
0.58024
0.58028
0.58033
0.58037
0.58041
0.58045
0.58049
0.58052
0.58055
0.58058
0.58060
0.58062
0.58062
0.58063
0.58062
0.58060
0.58056
0.58051
0.58044
0.58034
0.58021
0.58003
0.57978
0.57943
0.57894
0.57819
0.57697
0.57467
0.56901
0.55960
0.57411
0.57922
0.58140
0.58315
0.58442
0.58525
0.58570
0.58584
0.58575
0.58550
0.58516
0.58477
0.58437
0.58401
0.58369
0.58343
0.58324
0.58312
0.58308
0.58310
0.58318
0.58332
0.58351
0.58374
0.58399
0.58427
0.58456
0.58486
0.58516
0.58545
0.58574
0.58600
0.58625
0.58648
0.58669
0.58687
0.58703
0.58716
0.58727
0.58736
0.58743
0.58748
0.58751
0.58752
0.58752
0.58750
0.58747
0.58741
0.58734
0.58725
0.58713
0.58697
0.58677
0.58650
0.58613
0.58562
0.58487
0.58368
0.58162
0.57729
0.56747
0.57484
0.59706
0.59565
0.59882
0.60303
0.60696
0.61016
0.61253
0.61408
0.61482
0.61481
0.61407
0.61269
0.61074
0.60832
0.60554
0.60252
0.59938
0.59621
0.59312
0.59019
0.58749
0.58508
0.58300
0.58129
0.57997
0.57906
0.57854
0.57842
0.57868
0.57928
0.58020
0.58139
0.58282
0.58443
0.58618
0.58801
0.58988
0.59172
0.59351
0.59520
0.59674
0.59812
0.59930
0.60027
0.60101
0.60152
0.60179
0.60183
0.60163
0.60120
0.60053
0.59963
0.59847
0.59700
0.59505
0.59221
0.58690
0.57059
0.57602
0.58944
0.59097
0.59248
0.59396
0.59531
0.59651
0.59756
0.59846
0.59921
0.59983
0.60031
0.60066
0.60089
0.60100
0.60099
0.60089
0.60069
0.60042
0.60007
0.59966
0.59920
0.59872
0.59821
0.59770
0.59720
0.59672
0.59627
0.59587
0.59552
0.59524
0.59503
0.59489
0.59482
0.59484
0.59493
0.59509
0.59531
0.59560
0.59594
0.59632
0.59673
0.59717
0.59761
0.59805
0.59847
0.59887
0.59924
0.59955
0.59979
0.59996
0.60003
0.59997
0.59976
0.59934
0.59860
0.59733
0.59499
0.58976
0.57670
0.59242
0.60166
0.60145
0.60279
0.60453
0.60626
0.60784
0.60922
0.61041
0.61138
0.61215
0.61271
0.61307
0.61323
0.61320
0.61297
0.61254
0.61192
0.61110
0.61009
0.60889
0.60752
0.60599
0.60434
0.60261
0.60082
0.59903
0.59728
0.59563
0.59410
0.59275
0.59161
0.59071
0.59006
0.58968
0.58957
0.58972
0.59013
0.59078

##################TEST##################
Z[0] = 0.91
Z[1] = -0.99
Y_IN 0.68
T[0] = 0 Y[0] = 0.33
Y_IN 1.43
T[1] = 1 Y[1] = 0.61
Z[0] = 0.13
Z[1] = -0.98
Y_IN 1.10
T[0] = 1 Y[0] = 0.50
Y_IN 1.40
T[1] = 0 Y[1] = 0.60
Z[0] = -0.86
Z[1] = -1.00
Y_IN 1.63
T[0] = 1 Y[0] = 0.67
Y_IN 1.37
T[1] = 0 Y[1] = 0.59
Z[0] = -0.99
Z[1] = -0.99
Y_IN 1.70
T[0] = 0 Y[0] = 0.69
Y_IN 1.36
T[1] = 1 Y[1] = 0.59
