0.00 -0.36 
-0.14 0.39 
-0.09 0.41 
0.04 -0.48 
-0.31 0.40 -0.21 0.48 

##################LEARN##################
0.85933
0.63881
0.59884
0.59214
0.59062
0.58812
0.58342
0.57714
0.57180
0.57007
0.57032
0.56928
0.56682
0.56417
0.56233
0.56185
0.56255
0.56368
0.56450
0.56475
0.56445
0.56373
0.56289
0.56237
0.56248
0.56307
0.56378
0.56428
0.56444
0.56424
0.56386
0.56351
0.56326
0.56309
0.56303
0.56315
0.56332
0.56331
0.56300
0.56260
0.56251
0.56300
0.56403
0.56525
0.56623
0.56670
0.56657
0.56589
0.56475
0.56335
0.56213
0.56171
0.56227
0.56318
0.56362
0.56327
0.56249
0.56214
0.56298
0.56492
0.56716
0.56897
0.56994
0.56987
0.56870
0.56645
0.56346
0.56083
0.56032
0.56237
0.56504
0.56637
0.56579
0.56375
0.56170
0.56191
0.56503
0.56905
0.57233
0.57434
0.57483
0.57373
0.57097
0.56656
0.56144
0.55908
0.56269
0.56864
0.57235
0.57302
0.57097
0.56663
0.56181
0.56128
0.56686
0.57312
0.57759
0.58003
0.58052
0.57925
0.57621
0.57106
0.56376
0.55863
0.56412
0.57403
0.57966
0.58147
0.58066
0.57740
0.57130
0.56316
0.56040
0.56855
0.57711
0.58262
0.58542
0.58620
0.58556
0.58364
0.57998
0.57337
0.56322
0.55900
0.57196
0.58276
0.58716
0.58859
0.58831
0.58650
0.58263
0.57553
0.56466
0.56020
0.57162
0.58208
0.58808
0.59095
0.59198
0.59191
0.59099
0.58906
0.58542
0.57845
0.56600
0.55868
0.57635
0.58818
0.59235
0.59397
0.59447
0.59422
0.59318
0.59095
0.58661
0.57822
0.56444
0.56336
0.57937
0.58974
0.59438
0.59618
0.59674
0.59678
0.59659
0.59607
0.59486
0.59235
0.58730
0.57684
0.56036
0.57117
0.59033
0.59559
0.59737
0.59823
0.59881
0.59919
0.59921
0.59866
0.59725
0.59453
0.58934
0.57865
0.56278
0.57283
0.58935
0.59604
0.59845
0.59950
0.60021
0.60085
0.60135
0.60155
0.60132
0.60057
0.59912
0.59654
0.59172
0.58135
0.56201
0.57586
0.59453
0.59854
0.60028
0.60155
0.60258
0.60334
0.60377
0.60385
0.60360
0.60300
0.60195
0.60026
0.59750
0.59252
0.58177
0.56460
0.57832
0.59454
0.59984
0.60170
0.60253
0.60312
0.60369
0.60421
0.60461
0.60481
0.60478
0.60449
0.60391
0.60298
0.60156
0.59930
0.59525
0.58626
0.56559
0.57878
0.59855
0.60170
0.60291
0.60382
0.60466
0.60540
0.60596
0.60631
0.60643
0.60633
0.60606
0.60564
0.60509
0.60437
0.60336
0.60180
0.59907
0.59342
0.57892
0.56753
0.59260
0.60140
0.60338
0.60413
0.60480
0.60553
0.60624
0.60682
0.60719
0.60735
0.60732
0.60717
0.60696
0.60670
0.60639
0.60596
0.60533
0.60436
0.60278
0.59993
0.59368
0.57559
0.57009
0.60154
0.60431
0.60492
0.60561
0.60647
0.60731
0.60797
0.60837
0.60850
0.60847
0.60839
0.60831
0.60825
0.60818
0.60805
0.60784
0.60750
0.60701
0.60628
0.60515
0.60324
0.59946
0.58953
0.57019
0.59154
0.60344
0.60522
0.60573
0.60642
0.60729
0.60813
0.60872
0.60900
0.60906
0.60905
0.60906
0.60911
0.60916
0.60917
0.60913
0.60901
0.60884
0.60861
0.60830
0.60786
0.60722
0.60625
0.60467
0.60170
0.59457
0.57386
0.59096
0.60674
0.60702
0.60720
0.60785
0.60873
0.60951
0.60996
0.61010
0.61012
0.61016
0.61025
0.61037
0.61046
0.61049
0.61048
0.61044
0.61038
0.61030
0.61019
0.61003
0.60979
0.60947
0.60900
0.60830
0.60718
0.60518
0.60075
0.58650
0.57227
0.60404
0.60786
0.60780
0.60822
0.60914
0.61013
0.61074
0.61090
0.61088
0.61091
0.61104
0.61122
0.61134
0.61140
0.61142
0.61142
0.61142
0.61141
0.61138
0.61133
0.61124
0.61111
0.61094
0.61071
0.61039
0.60993
0.60925
0.60817
0.60624
0.60204
0.58814
0.56958
0.60994
0.61034
0.60941
0.60951
0.61035
0.61132
0.61186
0.61194
0.61189
0.61195
0.61213
0.61232
0.61245
0.61251
0.61253
0.61257
0.61260
0.61264
0.61265
0.61265
0.61263
0.61258
0.61252
0.61243
0.61231
0.61213
0.61188
0.61153
0.61101
0.61019
0.60880
0.60597
0.59786
0.57734
0.60088
0.60968
0.60992
0.60999
0.61069
0.61170
0.61249
0.61283
0.61289
0.61293
0.61306
0.61324
0.61340
0.61351
0.61356
0.61359
0.61362
0.61364
0.61365
0.61364
0.61361
0.61356
0.61349
0.61340
0.61328
0.61313
0.61295
0.61272
0.61243
0.61207
0.61160
0.61100
0.61018
0.60900
0.60716
0.60379
0.59573
0.58133
0.61345
0.61388
0.61337
0.61183
0.61067
0.61021
0.61020
0.61031
0.61031
0.61010
0.60976
0.60938
0.60900
0.60860
0.60818
0.60771
0.60720
0.60665
0.60606
0.60544
0.60479
0.60411
0.60340
0.60267
0.60190
0.60111
0.60030
0.59947
0.59861
0.59774
0.59684
0.59592
0.59498
0.59401
0.59300
0.59196
0.59085
0.58965
0.58831
0.58671
0.58462
0.58134
0.57415
0.56734
0.58415
0.58550
0.58523
0.58476
0.58419
0.58361
0.58306
0.58257
0.58214
0.58175
0.58138
0.58103
0.58070
0.58038
0.58009
0.57982
0.57958
0.57937
0.57918
0.57901
0.57886
0.57874
0.57863
0.57854
0.57847
0.57841
0.57836
0.57832
0.57830
0.57828
0.57827
0.57827
0.57827
0.57827
0.57827
0.57827
0.57827
0.57827
0.57826
0.57824
0.57820
0.57815
0.57808
0.57799
0.57785
0.57766
0.57741
0.57704
0.57652
0.57572
0.57438
0.57181
0.56520
0.56114
0.58090
0.57848
0.57780
0.57760
0.57752
0.57752
0.57762
0.57782
0.57811
0.57847
0.57888
0.57932
0.57976
0.58020
0.58063
0.58102
0.58139
0.58173
0.58204
0.58231
0.58256
0.58277
0.58297
0.58314
0.58329
0.58342
0.58354
0.58365
0.58375
0.58384
0.58392
0.58400
0.58407
0.58414
0.58421
0.58427
0.58432
0.58437
0.58441
0.58445
0.58448
0.58450
0.58451
0.58451
0.58449
0.58445
0.58439
0.58429
0.58414
0.58393
0.58362
0.58315
0.58242
0.58113
0.57840
0.56981
0.56519
0.58541
0.58727
0.58938
0.59132
0.59260
0.59312
0.59299
0.59236
0.59141
0.59032
0.58922
0.58821
0.58735
0.58668
0.58620
0.58590
0.58578
0.58580
0.58593
0.58616
0.58645
0.58679
0.58714
0.58750
0.58785
0.58817
0.58846
0.58872
0.58894
0.58913
0.58927
0.58939
0.58947
0.58954
0.58958
0.58961
0.58962
0.58963
0.58963
0.58963
0.58963
0.58963
0.58962
0.58961
0.58959
0.58956
0.58952
0.58947
0.58939
0.58927
0.58910
0.58887
0.58853
0.58803
0.58725
0.58592
0.58325
0.57573
0.56854
0.59516
0.59464
0.59744
0.60065
0.60318
0.60469
0.60516
0.60468
0.60345
0.60167
0.59960
0.59744
0.59535
0.59348
0.59189
0.59063
0.58970
0.58910
0.58880
0.58877
0.58895
0.58932
0.58983
0.59042
0.59108
0.59176
0.59242
0.59305
0.59363
0.59413
0.59456
0.59489
0.59515
0.59532
0.59542
0.59546
0.59544
0.59538
0.59530
0.59519
0.59508
0.59496
0.59485
0.59475
0.59466
0.59458
0.59452
0.59446
0.59440
0.59434
0.59427
0.59416
0.59401
0.59379
0.59343
0.59288
0.59193
0.59014
0.58583
0.57323
0.58885
0.59679
0.59938
0.60289
0.60611
0.60855
0.61009
0.61072
0.61052
0.60961
0.60815
0.60630
0.60424
0.60213
0.60009
0.59823
0.59662
0.59531
0.59431
0.59364
0.59327
0.59319
0.59337
0.59377
0.59435
0.59508
0.59591
0.59681
0.59773
0.59864
0.59952
0.60034
0.60107
0.60170
0.60222
0.60263
0.60292
0.60310
0.60318
0.60316
0.60307
0.60291
0.60270
0.60246
0.60220
0.60192
0.60165
0.60139
0.60114
0.60090
0.60067
0.60045
0.60022
0.59995
0.59961
0.59914
0.59840
0.59712
0.59457
0.58791
0.58608
0.61384
0.60904
0.61174
0.61644
0.62101
0.62479
0.62758
0.62933
0.63005
0.62977
0.62856
0.62654
0.62383
0.62061
0.61704
0.61329
0.60952
0.60586
0.60242
0.59929
0.59656
0.59427
0.59246
0.59115
0.59035
0.59005
0.59024
0.59089
0.59197
0.59343
0.59522
0.59727
0.59953
0.60192
0.60438
0.60682
0.60919
0.61143
0.61347
0.61526
0.61679
0.61800
0.61890
0.61946
0.61969
0.61958
0.61916
0.61843
0.61739
0.61606
0.61443
0.61248
0.61013
0.60719
0.60310
0.59583
0.58834
0.60041
0.60352
0.60387
0.60615
0.60897
0.61183
0.61455
0.61702
0.61923
0.62112
0.62270
0.62394
0.62485
0.62544
0.62570
0.62566
0.62532
0.62469
0.62378
0.62260
0.62117
0.61950
0.61764
0.61560
0.61344
0.61122
0.60901
0.60686
0.60487
0.60308
0.60156
0.60036
0.59951
0.59904
0.59896
0.59925
0.59992
0.60092
0.60222
0.60378
0.60555
0.60747
0.60949
0.61154
0.61357
0.61552
0.61735
0.61901
0.62046
0.62166
0.62257
0.62316
0.62336
0.62307
0.62204
0.61960
0.61293
0.60364
0.62467
0.62209
0.62176
0.62174
0.62159
0.62121
0.62060
0.61978
0.61876
0.61758
0.61628
0.61488
0.61344
0.61200
0.61060
0.60929
0.60811
0.60711
0.60631
0.60575
0.60544
0.60538
0.60559
0.60606
0.60676
0.60769
0.60881
0.61010
0.61151
0.61302
0.61458
0.61616
0.61772
0.61924
0.62067
0.62200
0.62321
0.62428
0.62519
0.62595
0.62653
0.62695
0.62719
0.62724
0.62712
0.62680
0.62630
0.62559
0.62468
0.62356
0.62222
0.62068
0.61892
0.61693
0.61468
0.61207
0.60885
0.60427
0.59541
0.59143
0.61305
0.60882
0.60938
0.61189
0.61499
0.61820
0.62132
0.62426
0.62695
0.62936
0.63148
0.63330
0.63483
0.63609
0.63711
0.63790
0.63848
0.63887
0.63905
0.63900
0.63870
0.63809
0.63713
0.63578

##################TEST##################
Z[0] = 0.96
Z[1] = 1.00
Y_IN 1.02
T[0] = 0 Y[0] = 0.47
Y_IN 1.31
T[1] = 1 Y[1] = 0.58
Z[0] = 0.27
Z[1] = 0.98
Y_IN 1.17
T[0] = 1 Y[0] = 0.52
Y_IN 1.37
T[1] = 0 Y[1] = 0.59
Z[0] = -0.85
Z[1] = 1.00
Y_IN 1.40
T[0] = 1 Y[0] = 0.60
Y_IN 1.46
T[1] = 0 Y[1] = 0.62
Z[0] = -0.99
Z[1] = 1.00
Y_IN 1.43
T[0] = 0 Y[0] = 0.61
Y_IN 1.47
T[1] = 1 Y[1] = 0.63
