0.00 -0.36 
-0.14 0.39 
-0.09 0.41 
0.04 -0.48 
-0.31 0.40 -0.21 0.48 

##################LEARN##################
0.77729
0.45561
0.41942
0.41867
0.42043
0.41973
0.41574
0.40825
0.39762
0.38630
0.38113
0.38450
0.38086
0.36479
0.34839
0.33552
0.32547
0.32057
0.31537
0.30871
0.30762
0.30859
0.30692
0.30551
0.30533
0.30353
0.30071
0.29857
0.29624
0.29339
0.29114
0.28923
0.28598
0.28126
0.27606
0.27086
0.26612
0.26140
0.25557
0.24809
0.23914
0.22932
0.21941
0.21031
0.20287
0.19771
0.19510
0.19489
0.19640
0.19862
0.20114
0.20439
0.20869
0.21370
0.21881
0.22352
0.22755
0.23064
0.23264
0.23343
0.23287
0.23083
0.22719
0.22185
0.21478
0.20610
0.19599
0.18470
0.17260
0.16054
0.14933
0.13871
0.12804
0.11755
0.10786
0.09918
0.09149
0.08480
0.07906
0.07415
0.06995
0.06639
0.06338
0.06087
0.05881
0.05719
0.05603
0.05539
0.05534
0.05607
0.05776
0.06061
0.06460
0.06933
0.07426
0.07930
0.08470
0.09012
0.09483
0.09848
0.10115
0.10308
0.10438
0.10519
0.10562
0.10568
0.10540
0.10482
0.10390
0.10265
0.10108
0.09916
0.09691
0.09433
0.09144
0.08825
0.08482
0.08118
0.07742
0.07365
0.07002
0.06672
0.06386
0.06142
0.05931
0.05741
0.05568
0.05410
0.05265
0.05136
0.05024
0.04929
0.04852
0.04796
0.04762
0.04754
0.04777
0.04835
0.04933
0.05071
0.05236
0.05403
0.05542
0.05634
0.05667
0.05642
0.05567
0.05453
0.05314
0.05166
0.05022
0.04893
0.04783
0.04695
0.04624
0.04569
0.04525
0.04489
0.04457
0.04427
0.04397
0.04367
0.04335
0.04303
0.04271
0.04238
0.04206
0.04174
0.04142
0.04110
0.04078
0.04046
0.04014
0.03982
0.03950
0.03918
0.03885
0.03853
0.03821
0.03789
0.03756
0.03724
0.03691
0.03658
0.03626
0.03593
0.03560
0.03527
0.03494
0.03461
0.03427
0.03394
0.03361
0.03328
0.03295
0.03262
0.03229
0.03195
0.03163
0.03130
0.03097
0.03064
0.03032
0.02999
0.02967
0.02935
0.02903
0.02872
0.02840
0.02809
0.02779
0.02748
0.02718
0.02688
0.02658
0.02629
0.02599
0.02571
0.02542
0.02514
0.02486
0.02459
0.02432
0.02405
0.02379
0.02353
0.02327
0.02302
0.02277
0.02252
0.02228
0.02204
0.02180
0.02157
0.02134
0.02111
0.02089
0.02067
0.02045
0.02024
0.02003
0.01982
0.01962
0.01942
0.01922
0.01903
0.01883
0.01864
0.01846
0.01827
0.01809
0.01791
0.01774
0.01756
0.01739
0.01722
0.01706
0.01689
0.01673
0.01657
0.01641
0.01626
0.01611
0.01596
0.01581
0.01566
0.01552
0.01537
0.01523
0.01509
0.01496
0.01482
0.01469
0.01456
0.01443
0.01430
0.01417
0.01405
0.01392
0.01380
0.01368
0.01356
0.01345
0.01333
0.01322
0.01310
0.01299
0.01288
0.01277
0.01267
0.01256
0.01246
0.01235
0.01225
0.01215
0.01205
0.01195
0.01185
0.01176
0.01166
0.01157
0.01148
0.01138
0.01129
0.01120
0.01112
0.01103
0.01094
0.01086
0.01077
0.01069
0.01060
0.01052
0.01044
0.01036
0.01028
0.01020
0.01013
0.01005
0.00998
0.00990
0.00983
0.00975
0.00968
0.00961
0.00954
0.00947
0.00940
0.00933
0.00926
0.00920
0.00913
0.00906
0.00900
0.00893
0.00887
0.00881
0.00874
0.00868
0.00862
0.00856
0.00850
0.00844
0.00838
0.00832
0.00827
0.00821
0.00815
0.00810
0.00804
0.00799
0.00793
0.00788
0.00783
0.00777
0.00772
0.00767
0.00762
0.00757
0.00752
0.00747
0.00742
0.00737
0.00732
0.00728
0.00723
0.00718
0.00714
0.00709
0.00704
0.00700
0.00696
0.00691
0.00687
0.00682
0.00678
0.00674
0.00670
0.00665
0.00661
0.00657
0.00653
0.00649
0.00645
0.00641
0.00637
0.00633
0.00629
0.00626
0.00622
0.00618
0.00614
0.00611
0.00607
0.00603
0.00600
0.00596
0.00593
0.00589
0.00586
0.00582
0.00579
0.00576
0.00572
0.00569
0.00566
0.00562
0.00559
0.00556
0.00553
0.00550
0.00547
0.00543
0.00540
0.00537
0.00534
0.00531
0.00528
0.00525
0.00523
0.00520
0.00517
0.00514
0.00511
0.00508
0.00506
0.00503
0.00500
0.00497
0.00495
0.00492
0.00489
0.00487
0.00484
0.00481
0.00479
0.00476
0.00474
0.00471
0.00469
0.00466
0.00464
0.00462
0.00459
0.00457
0.00454
0.00452
0.00450
0.00447
0.00445
0.00443
0.00441
0.00438
0.00436
0.00434
0.00432
0.00430
0.00427
0.00425
0.00423
0.00421
0.00419
0.00417
0.00415
0.00413
0.00411
0.00409
0.00407
0.00405
0.00403
0.00401
0.00399
0.00397
0.00395
0.00393
0.00391
0.00389
0.00388
0.00386
0.00384
0.00382
0.00380
0.00378
0.00377
0.00375
0.00373
0.00371
0.00370
0.00368
0.00366
0.00365
0.00363
0.00361
0.00360
0.00358
0.00356
0.00355
0.00353
0.00351
0.00350
0.00348
0.00347
0.00345
0.00344
0.00342
0.00341
0.00339
0.00338
0.00336
0.00335
0.00333
0.00332
0.00330
0.00329
0.00327
0.00326
0.00324
0.00323
0.00322
0.00320
0.00319
0.00317
0.00316
0.00315
0.00313
0.00312
0.00311
0.00309
0.00308
0.00307
0.00306
0.00304
0.00303
0.00302
0.00301
0.00299
0.00298
0.00297
0.00296
0.00294
0.00293
0.00292
0.00291
0.00290
0.00288
0.00287
0.00286
0.00285
0.00284
0.00283
0.00281
0.00280
0.00279
0.00278
0.00277
0.00276
0.00275
0.00274
0.00273
0.00272
0.00271
0.00269
0.00268
0.00267
0.00266
0.00265
0.00264
0.00263
0.00262
0.00261
0.00260
0.00259
0.00258
0.00257
0.00256
0.00255
0.00254
0.00253
0.00252
0.00251
0.00251
0.00250
0.00249
0.00248
0.00247
0.00246
0.00245
0.00244
0.00243
0.00242
0.00241
0.00240
0.00240
0.00239
0.00238
0.00237
0.00236
0.00235
0.00234
0.00234
0.00233
0.00232
0.00231
0.00230
0.00229
0.00229
0.00228
0.00227
0.00226
0.00225
0.00225
0.00224
0.00223
0.00222
0.00221
0.00221
0.00220
0.00219
0.00218
0.00218
0.00217
0.00216
0.00215
0.00215
0.00214
0.00213
0.00212
0.00212
0.00211
0.00210
0.00210
0.00209
0.00208
0.00207
0.00207
0.00206
0.00205
0.00205
0.00204
0.00203
0.00203
0.00202
0.00201
0.00201
0.00200
0.00199
0.00199
0.00198
0.00197
0.00197
0.00196
0.00195
0.00195
0.00194
0.00194
0.00193
0.00192
0.00192
0.00191
0.00190
0.00190
0.00189
0.00189
0.00188
0.00187
0.00187
0.00186
0.00186
0.00185
0.00185
0.00184
0.00183
0.00183
0.00182
0.00182
0.00181
0.00181
0.00180
0.00179
0.00179
0.00178
0.00178
0.00177
0.00177
0.00176
0.00176
0.00175
0.00175
0.00174
0.00174
0.00173
0.00172
0.00172
0.00171
0.00171
0.00170
0.00170
0.00169
0.00169
0.00168
0.00168
0.00167
0.00167
0.00166
0.00166
0.00165
0.00165
0.00164
0.00164
0.00164
0.00163
0.00163
0.00162
0.00162
0.00161
0.00161
0.00160
0.00160
0.00159
0.00159
0.00158
0.00158
0.00157
0.00157
0.00157
0.00156
0.00156
0.00155
0.00155
0.00154
0.00154
0.00154
0.00153
0.00153
0.00152
0.00152
0.00151
0.00151
0.00151
0.00150
0.00150
0.00149
0.00149
0.00149
0.00148
0.00148
0.00147
0.00147
0.00147
0.00146
0.00146
0.00145
0.00145
0.00145
0.00144
0.00144
0.00143
0.00143
0.00143
0.00142
0.00142
0.00141
0.00141
0.00141
0.00140
0.00140
0.00140
0.00139
0.00139
0.00139
0.00138
0.00138
0.00137
0.00137
0.00137
0.00136
0.00136
0.00136
0.00135
0.00135
0.00135
0.00134
0.00134
0.00134
0.00133
0.00133
0.00133
0.00132
0.00132
0.00132
0.00131
0.00131
0.00131
0.00130
0.00130
0.00130
0.00129
0.00129
0.00129
0.00128
0.00128
0.00128
0.00127
0.00127
0.00127
0.00126
0.00126
0.00126
0.00125
0.00125
0.00125
0.00125
0.00124
0.00124
0.00124
0.00123
0.00123
0.00123
0.00122
0.00122
0.00122
0.00122
0.00121
0.00121
0.00121
0.00120
0.00120
0.00120
0.00120
0.00119
0.00119
0.00119
0.00118
0.00118
0.00118
0.00118
0.00117
0.00117
0.00117
0.00116
0.00116
0.00116
0.00116
0.00115
0.00115
0.00115
0.00115
0.00114
0.00114
0.00114
0.00114
0.00113
0.00113
0.00113
0.00112
0.00112
0.00112
0.00112
0.00111
0.00111
0.00111
0.00111
0.00110
0.00110
0.00110
0.00110
0.00109
0.00109
0.00109
0.00109
0.00108
0.00108
0.00108
0.00108
0.00107
0.00107
0.00107
0.00107
0.00107
0.00106
0.00106
0.00106
0.00106
0.00105
0.00105
0.00105
0.00105
0.00104
0.00104
0.00104
0.00104
0.00104
0.00103
0.00103
0.00103
0.00103
0.00102
0.00102
0.00102
0.00102
0.00102
0.00101
0.00101
0.00101
0.00101
0.00100
0.00100
0.00100
0.00100
0.00100
0.00099
0.00099
0.00099
0.00099
0.00099
0.00098
0.00098
0.00098
0.00098
0.00098
0.00097
0.00097
0.00097
0.00097
0.00097
0.00096
0.00096
0.00096
0.00096
0.00096
0.00095
0.00095
0.00095
0.00095
0.00095
0.00094
0.00094
0.00094
0.00094
0.00094
0.00093
0.00093
0.00093
0.00093
0.00093
0.00093
0.00092
0.00092
0.00092
0.00092
0.00092
0.00091
0.00091
0.00091
0.00091
0.00091
0.00091
0.00090
0.00090
0.00090
0.00090
0.00090
0.00089
0.00089
0.00089
0.00089
0.00089
0.00089
0.00088
0.00088
0.00088
0.00088
0.00088
0.00088
0.00087
0.00087
0.00087
0.00087
0.00087
0.00087
0.00086
0.00086
0.00086
0.00086
0.00086
0.00086
0.00085
0.00085
0.00085
0.00085
0.00085
0.00085
0.00084
0.00084
0.00084
0.00084
0.00084
0.00084
0.00083
0.00083

##################TEST##################
Z[0] = -0.83
Z[1] = 0.89
Y_IN 6.73
T[0] = 1 Y[0] = 1.00
Y_IN 0.00
T[1] = 0 Y[1] = 0.00
Z[0] = -0.06
Z[1] = -0.45
Y_IN -0.00
T[0] = 0 Y[0] = -0.00
Y_IN 3.66
T[1] = 1 Y[1] = 0.95
Z[0] = -0.96
Z[1] = 0.99
Y_IN 7.33
T[0] = 1 Y[0] = 1.00
Y_IN -0.04
T[1] = 0 Y[1] = -0.02
Z[0] = -0.66
Z[1] = 0.77
Y_IN 5.97
T[0] = 1 Y[0] = 0.99
Y_IN 0.02
T[1] = 0 Y[1] = 0.01
