0.46 -0.22 
0.30 0.29 
-0.49 -0.12 
0.48 0.07 
0.32 0.07 -0.36 0.33 

##################LEARN##################
1.06986
0.87771
0.75264
0.67684
0.62855
0.59562
0.57302
0.55784
0.54785
0.54135
0.53713
0.53440
0.53265
0.53152
0.53081
0.53038
0.53013
0.53001
0.52997
0.52999
0.53004
0.53011
0.53018
0.53026
0.53033
0.53040
0.53045
0.53049
0.53051
0.53052
0.53051
0.53048
0.53044
0.53038
0.53030
0.53021
0.53011
0.52999
0.52986
0.52972
0.52958
0.52943
0.52928
0.52912
0.52898
0.52883
0.52869
0.52855
0.52842
0.52828
0.52813
0.52797
0.52778
0.52756
0.52729
0.52695
0.52652
0.52599
0.52533
0.52453
0.52358
0.52252
0.52149
0.52073
0.52061
0.52149
0.52329
0.52535
0.52676
0.52701
0.52618
0.52468
0.52294
0.52133
0.52004
0.51917
0.51870
0.51852
0.51852
0.51858
0.51860
0.51853
0.51836
0.51810
0.51774
0.51734
0.51690
0.51648
0.51610
0.51580
0.51559
0.51550
0.51551
0.51562
0.51578
0.51597
0.51615
0.51629
0.51639
0.51644
0.51645
0.51645
0.51644
0.51643
0.51643
0.51644
0.51645
0.51646
0.51646
0.51644
0.51641
0.51636
0.51629
0.51621
0.51612
0.51602
0.51592
0.51582
0.51572
0.51564
0.51556
0.51550
0.51545
0.51541
0.51539
0.51538
0.51539
0.51542
0.51546
0.51553
0.51562
0.51572
0.51583
0.51596
0.51610
0.51623
0.51637
0.51649
0.51661
0.51671
0.51680
0.51687
0.51692
0.51694
0.51695
0.51693
0.51689
0.51683
0.51674
0.51664
0.51652
0.51639
0.51624
0.51609
0.51594
0.51579
0.51565
0.51553
0.51542
0.51533
0.51527
0.51522
0.51521
0.51521
0.51523
0.51527
0.51532
0.51537
0.51544
0.51550
0.51557
0.51563
0.51569
0.51575
0.51580
0.51584
0.51587
0.51589
0.51590
0.51591
0.51590
0.51589
0.51586
0.51583
0.51579
0.51574
0.51569
0.51563
0.51557
0.51550
0.51545
0.51539
0.51535
0.51532
0.51531
0.51531
0.51534
0.51538
0.51544
0.51553
0.51563
0.51574
0.51586
0.51599
0.51611
0.51623
0.51635
0.51645
0.51653
0.51659
0.51664
0.51666
0.51667
0.51665
0.51661
0.51655
0.51647
0.51638
0.51628
0.51616
0.51604
0.51591
0.51578
0.51566
0.51555
0.51545
0.51536
0.51529
0.51524
0.51521
0.51520
0.51520
0.51522
0.51525
0.51529
0.51534
0.51540
0.51546
0.51551
0.51557
0.51562
0.51567
0.51571
0.51574
0.51577
0.51578
0.51579
0.51579
0.51579
0.51577
0.51575
0.51572
0.51568
0.51563
0.51559
0.51553
0.51548
0.51543
0.51538
0.51533
0.51529
0.51527
0.51525
0.51525
0.51526
0.51529
0.51534
0.51540
0.51548
0.51556
0.51565
0.51575
0.51584
0.51593
0.51602
0.51610
0.51616
0.51621
0.51625
0.51627
0.51627
0.51626
0.51622
0.51618
0.51611
0.51604
0.51595
0.51586
0.51576
0.51565
0.51555
0.51546
0.51536
0.51528
0.51522
0.51516
0.51512
0.51510
0.51509
0.51510
0.51511
0.51515
0.51518
0.51523
0.51528
0.51533
0.51539
0.51544
0.51548
0.51553
0.51556
0.51559
0.51562
0.51563
0.51564
0.51564
0.51563
0.51561
0.51559
0.51556
0.51552
0.51548
0.51543
0.51538
0.51533
0.51528
0.51523
0.51519
0.51516
0.51513
0.51512
0.51511
0.51512
0.51515
0.51518
0.51523
0.51529
0.51536
0.51543
0.51551
0.51558
0.51566
0.51573
0.51579
0.51584
0.51588
0.51591
0.51592
0.51592
0.51591
0.51588
0.51584
0.51578
0.51572
0.51565
0.51557
0.51549
0.51540
0.51532
0.51524
0.51517
0.51511
0.51505
0.51501
0.51498
0.51497
0.51497
0.51498
0.51500
0.51503
0.51507
0.51511
0.51516
0.51521
0.51526
0.51531
0.51535
0.51539
0.51542
0.51545
0.51547
0.51549
0.51549
0.51549
0.51548
0.51546
0.51544
0.51540
0.51537
0.51532
0.51528
0.51523
0.51518
0.51514
0.51509
0.51506
0.51502
0.51500
0.51499
0.51498
0.51499
0.51501
0.51504
0.51508
0.51513
0.51519
0.51525
0.51531
0.51538
0.51544
0.51549
0.51554
0.51559
0.51562
0.51564
0.51565
0.51565
0.51563
0.51561
0.51557
0.51553
0.51547
0.51541
0.51534
0.51527
0.51520
0.51514
0.51507
0.51501
0.51496
0.51492
0.51489
0.51487
0.51486
0.51486
0.51488
0.51490
0.51493
0.51497
0.51501
0.51506
0.51511
0.51515
0.51520
0.51524
0.51528
0.51531
0.51533
0.51535
0.51536
0.51537
0.51536
0.51535
0.51533
0.51531
0.51528
0.51524
0.51520
0.51516
0.51511
0.51507
0.51502
0.51498
0.51495
0.51492
0.51490
0.51488
0.51488
0.51489
0.51490
0.51493
0.51497
0.51501
0.51506
0.51511
0.51517
0.51522
0.51527
0.51532
0.51536
0.51540
0.51542
0.51544
0.51545
0.51545
0.51543
0.51541
0.51538
0.51534
0.51529
0.51523
0.51518
0.51512
0.51506
0.51500
0.51494
0.51489
0.51485
0.51482
0.51480
0.51478
0.51478
0.51478
0.51480
0.51483
0.51486
0.51490
0.51494
0.51498
0.51503
0.51507
0.51512
0.51515
0.51519
0.51522
0.51524
0.51526
0.51527
0.51527
0.51527
0.51526
0.51524
0.51521
0.51518
0.51514
0.51510
0.51506
0.51502
0.51498
0.51493
0.51489
0.51486
0.51483
0.51481
0.51480
0.51480
0.51480
0.51482
0.51484
0.51487
0.51491
0.51496
0.51500
0.51505
0.51510
0.51515
0.51519
0.51523
0.51526
0.51528
0.51530
0.51530
0.51530
0.51529
0.51527
0.51524
0.51520
0.51516
0.51511
0.51506
0.51500
0.51495
0.51490
0.51485
0.51481
0.51477
0.51474
0.51472
0.51472
0.51471
0.51472
0.51474
0.51477
0.51480
0.51484
0.51488
0.51492
0.51497
0.51501
0.51505
0.51509
0.51512
0.51515
0.51517
0.51519
0.51520
0.51520
0.51520
0.51518
0.51516
0.51514
0.51511
0.51507
0.51503
0.51499
0.51495
0.51491
0.51487
0.51483
0.51480
0.51477
0.51475
0.51474
0.51473
0.51474
0.51475
0.51477
0.51480
0.51484
0.51488
0.51492
0.51496
0.51501
0.51505
0.51509
0.51512
0.51515
0.51518
0.51519
0.51520
0.51519
0.51518
0.51516
0.51513
0.51510
0.51506
0.51502
0.51497
0.51492
0.51487
0.51483
0.51478
0.51474
0.51471
0.51469
0.51467
0.51466
0.51467
0.51468
0.51469
0.51472
0.51475
0.51479
0.51483
0.51487
0.51492
0.51496
0.51500
0.51504
0.51507
0.51510
0.51512
0.51514
0.51515
0.51515
0.51514
0.51513
0.51511
0.51509
0.51506
0.51502
0.51498
0.51494
0.51490
0.51486
0.51482
0.51478
0.51475
0.51472
0.51470
0.51469
0.51468
0.51468
0.51470
0.51471
0.51474
0.51477
0.51481
0.51485
0.51489
0.51493
0.51498
0.51501
0.51505
0.51507
0.51510
0.51511
0.51512
0.51511
0.51510
0.51509
0.51506
0.51503
0.51499
0.51495
0.51491
0.51486
0.51482
0.51477
0.51473
0.51470
0.51467
0.51464
0.51463
0.51462
0.51462
0.51464
0.51465
0.51468
0.51471
0.51475
0.51479
0.51483
0.51488
0.51492
0.51496
0.51500
0.51503
0.51506
0.51508
0.51510
0.51511
0.51511
0.51511
0.51509
0.51508
0.51505
0.51502
0.51499
0.51495
0.51491
0.51487
0.51483
0.51479
0.51475
0.51471
0.51468
0.51466
0.51465
0.51464
0.51464
0.51465
0.51467
0.51469
0.51472
0.51476
0.51480
0.51484
0.51488
0.51492
0.51495
0.51499
0.51502
0.51504
0.51505
0.51506
0.51506
0.51505
0.51504
0.51501
0.51498
0.51495
0.51491
0.51487
0.51483
0.51478
0.51474
0.51470
0.51466
0.51463
0.51461
0.51460
0.51459
0.51459
0.51460
0.51462
0.51465
0.51468
0.51471
0.51475
0.51480
0.51484
0.51488
0.51493
0.51496
0.51500
0.51503
0.51505
0.51507
0.51508
0.51509
0.51508
0.51507
0.51506
0.51503
0.51500
0.51497
0.51493
0.51489
0.51485
0.51481
0.51476
0.51472
0.51469
0.51466
0.51463
0.51462
0.51461
0.51461
0.51461
0.51463
0.51465
0.51468
0.51471
0.51475
0.51479
0.51483
0.51487
0.51491
0.51494
0.51497
0.51499
0.51501
0.51502
0.51502
0.51501
0.51500
0.51498
0.51495
0.51492
0.51488
0.51484
0.51480
0.51476
0.51472
0.51468
0.51464
0.51461
0.51459
0.51457
0.51456
0.51456
0.51457
0.51459
0.51461
0.51465
0.51468
0.51472
0.51477
0.51481
0.51486
0.51490
0.51494
0.51498
0.51501
0.51503
0.51505
0.51507
0.51507
0.51507
0.51506
0.51505
0.51502
0.51500
0.51496
0.51492
0.51488
0.51484
0.51480
0.51475
0.51471
0.51468
0.51464
0.51462
0.51460
0.51458
0.51458
0.51458
0.51460
0.51462
0.51464
0.51467
0.51471
0.51475
0.51479
0.51483
0.51487
0.51490
0.51493
0.51496
0.51498
0.51499
0.51499
0.51499
0.51498
0.51496
0.51494
0.51491
0.51487
0.51483
0.51479
0.51475
0.51471
0.51467
0.51463
0.51460
0.51457
0.51455
0.51454
0.51454
0.51455
0.51456
0.51459
0.51462
0.51465
0.51469
0.51474
0.51478
0.51483
0.51487
0.51492
0.51495
0.51499
0.51502
0.51504
0.51506
0.51506
0.51506
0.51506
0.51504
0.51502
0.51500
0.51496
0.51493
0.51489
0.51484
0.51480
0.51475
0.51471
0.51467
0.51463
0.51460
0.51458
0.51457
0.51456
0.51456
0.51457
0.51458
0.51461
0.51464
0.51468
0.51471
0.51475
0.51480
0.51484
0.51487
0.51491
0.51493
0.51496
0.51497
0.51498
0.51498
0.51497
0.51496
0.51493
0.51490
0.51487
0.51483
0.51479
0.51475
0.51470
0.51466
0.51462
0.51459
0.51456
0.51454
0.51453
0.51452
0.51453
0.51454
0.51456
0.51459
0.51462
0.51466
0.51471
0.51476
0.51480
0.51485
0.51489
0.51494
0.51497
0.51501
0.51503
0.51505
0.51506
0.51507
0.51506
0.51505
0.51503
0.51501

##################TEST##################
Z[0] = -0.06
Z[1] = 0.02
Y_IN 1.11
T[0] = 1 Y[0] = 0.50
Y_IN 1.13
T[1] = 0 Y[1] = 0.51
Z[0] = -0.16
Z[1] = 0.21
Y_IN 1.12
T[0] = 0 Y[0] = 0.51
Y_IN 1.14
T[1] = 1 Y[1] = 0.52
Z[0] = 0.03
Z[1] = 0.31
Y_IN 1.08
T[0] = 1 Y[0] = 0.49
Y_IN 1.13
T[1] = 0 Y[1] = 0.51
Z[0] = 0.13
Z[1] = 0.13
Y_IN 1.07
T[0] = 0 Y[0] = 0.49
Y_IN 1.12
T[1] = 1 Y[1] = 0.51
