0.49 -0.21 
0.27 0.48 
-0.21 -0.48 
-0.02 0.34 
0.41 -0.16 0.44 0.21 

##################LEARN##################
Epoca 1, RMS = 0.75626
Epoca 2, RMS = 0.63846
Epoca 3, RMS = 0.58787
Epoca 4, RMS = 0.56394
Epoca 5, RMS = 0.55170
Epoca 6, RMS = 0.54531
Epoca 7, RMS = 0.54216
Epoca 8, RMS = 0.54086
Epoca 9, RMS = 0.54056
Epoca 10, RMS = 0.54076
Epoca 11, RMS = 0.54114
Epoca 12, RMS = 0.54154
Epoca 13, RMS = 0.54186
Epoca 14, RMS = 0.54206
Epoca 15, RMS = 0.54210
Epoca 16, RMS = 0.54198
Epoca 17, RMS = 0.54167
Epoca 18, RMS = 0.54118
Epoca 19, RMS = 0.54048
Epoca 20, RMS = 0.53957
Epoca 21, RMS = 0.53843
Epoca 22, RMS = 0.53710
Epoca 23, RMS = 0.53566
Epoca 24, RMS = 0.53427
Epoca 25, RMS = 0.53322
Epoca 26, RMS = 0.53279
Epoca 27, RMS = 0.53313
Epoca 28, RMS = 0.53408
Epoca 29, RMS = 0.53529
Epoca 30, RMS = 0.53645
Epoca 31, RMS = 0.53737
Epoca 32, RMS = 0.53799
Epoca 33, RMS = 0.53831
Epoca 34, RMS = 0.53836
Epoca 35, RMS = 0.53816
Epoca 36, RMS = 0.53772
Epoca 37, RMS = 0.53707
Epoca 38, RMS = 0.53621
Epoca 39, RMS = 0.53520
Epoca 40, RMS = 0.53410
Epoca 41, RMS = 0.53302
Epoca 42, RMS = 0.53213
Epoca 43, RMS = 0.53162
Epoca 44, RMS = 0.53164
Epoca 45, RMS = 0.53220
Epoca 46, RMS = 0.53318
Epoca 47, RMS = 0.53438
Epoca 48, RMS = 0.53563
Epoca 49, RMS = 0.53681
Epoca 50, RMS = 0.53783
Epoca 51, RMS = 0.53866
Epoca 52, RMS = 0.53929
Epoca 53, RMS = 0.53970
Epoca 54, RMS = 0.53989
Epoca 55, RMS = 0.53988
Epoca 56, RMS = 0.53966
Epoca 57, RMS = 0.53922
Epoca 58, RMS = 0.53857
Epoca 59, RMS = 0.53771
Epoca 60, RMS = 0.53666
Epoca 61, RMS = 0.53545
Epoca 62, RMS = 0.53418
Epoca 63, RMS = 0.53300
Epoca 64, RMS = 0.53211
Epoca 65, RMS = 0.53170
Epoca 66, RMS = 0.53184
Epoca 67, RMS = 0.53244
Epoca 68, RMS = 0.53328
Epoca 69, RMS = 0.53415
Epoca 70, RMS = 0.53490
Epoca 71, RMS = 0.53546
Epoca 72, RMS = 0.53581
Epoca 73, RMS = 0.53594
Epoca 74, RMS = 0.53587
Epoca 75, RMS = 0.53559
Epoca 76, RMS = 0.53514
Epoca 77, RMS = 0.53454
Epoca 78, RMS = 0.53383
Epoca 79, RMS = 0.53310
Epoca 80, RMS = 0.53248
Epoca 81, RMS = 0.53208
Epoca 82, RMS = 0.53204
Epoca 83, RMS = 0.53239
Epoca 84, RMS = 0.53308
Epoca 85, RMS = 0.53399
Epoca 86, RMS = 0.53497
Epoca 87, RMS = 0.53593
Epoca 88, RMS = 0.53679
Epoca 89, RMS = 0.53751
Epoca 90, RMS = 0.53807
Epoca 91, RMS = 0.53847
Epoca 92, RMS = 0.53869
Epoca 93, RMS = 0.53874
Epoca 94, RMS = 0.53862
Epoca 95, RMS = 0.53833
Epoca 96, RMS = 0.53786
Epoca 97, RMS = 0.53721
Epoca 98, RMS = 0.53638
Epoca 99, RMS = 0.53542
Epoca 100, RMS = 0.53436
Epoca 101, RMS = 0.53331
Epoca 102, RMS = 0.53240
Epoca 103, RMS = 0.53177
Epoca 104, RMS = 0.53154
Epoca 105, RMS = 0.53172
Epoca 106, RMS = 0.53224
Epoca 107, RMS = 0.53294
Epoca 108, RMS = 0.53369
Epoca 109, RMS = 0.53439
Epoca 110, RMS = 0.53496
Epoca 111, RMS = 0.53537
Epoca 112, RMS = 0.53560
Epoca 113, RMS = 0.53564
Epoca 114, RMS = 0.53550
Epoca 115, RMS = 0.53518
Epoca 116, RMS = 0.53474
Epoca 117, RMS = 0.53422
Epoca 118, RMS = 0.53373
Epoca 119, RMS = 0.53336
Epoca 120, RMS = 0.53320
Epoca 121, RMS = 0.53331
Epoca 122, RMS = 0.53367
Epoca 123, RMS = 0.53421
Epoca 124, RMS = 0.53483
Epoca 125, RMS = 0.53546
Epoca 126, RMS = 0.53603
Epoca 127, RMS = 0.53651
Epoca 128, RMS = 0.53689
Epoca 129, RMS = 0.53716
Epoca 130, RMS = 0.53732
Epoca 131, RMS = 0.53736
Epoca 132, RMS = 0.53729
Epoca 133, RMS = 0.53709
Epoca 134, RMS = 0.53676
Epoca 135, RMS = 0.53628
Epoca 136, RMS = 0.53566
Epoca 137, RMS = 0.53490
Epoca 138, RMS = 0.53406
Epoca 139, RMS = 0.53319
Epoca 140, RMS = 0.53239
Epoca 141, RMS = 0.53178
Epoca 142, RMS = 0.53142
Epoca 143, RMS = 0.53136
Epoca 144, RMS = 0.53156
Epoca 145, RMS = 0.53197
Epoca 146, RMS = 0.53249
Epoca 147, RMS = 0.53305
Epoca 148, RMS = 0.53360
Epoca 149, RMS = 0.53409
Epoca 150, RMS = 0.53447
Epoca 151, RMS = 0.53472
Epoca 152, RMS = 0.53483
Epoca 153, RMS = 0.53480
Epoca 154, RMS = 0.53466
Epoca 155, RMS = 0.53445
Epoca 156, RMS = 0.53425
Epoca 157, RMS = 0.53413
Epoca 158, RMS = 0.53413
Epoca 159, RMS = 0.53427
Epoca 160, RMS = 0.53454
Epoca 161, RMS = 0.53488
Epoca 162, RMS = 0.53524
Epoca 163, RMS = 0.53556
Epoca 164, RMS = 0.53581
Epoca 165, RMS = 0.53596
Epoca 166, RMS = 0.53602
Epoca 167, RMS = 0.53598
Epoca 168, RMS = 0.53587
Epoca 169, RMS = 0.53570
Epoca 170, RMS = 0.53550
Epoca 171, RMS = 0.53525
Epoca 172, RMS = 0.53497
Epoca 173, RMS = 0.53465
Epoca 174, RMS = 0.53427
Epoca 175, RMS = 0.53383
Epoca 176, RMS = 0.53336
Epoca 177, RMS = 0.53288
Epoca 178, RMS = 0.53245
Epoca 179, RMS = 0.53209
Epoca 180, RMS = 0.53182
Epoca 181, RMS = 0.53165
Epoca 182, RMS = 0.53156
Epoca 183, RMS = 0.53154
Epoca 184, RMS = 0.53159
Epoca 185, RMS = 0.53169
Epoca 186, RMS = 0.53187
Epoca 187, RMS = 0.53212
Epoca 188, RMS = 0.53242
Epoca 189, RMS = 0.53275
Epoca 190, RMS = 0.53307
Epoca 191, RMS = 0.53338
Epoca 192, RMS = 0.53366
Epoca 193, RMS = 0.53393
Epoca 194, RMS = 0.53422
Epoca 195, RMS = 0.53453
Epoca 196, RMS = 0.53487
Epoca 197, RMS = 0.53523
Epoca 198, RMS = 0.53558
Epoca 199, RMS = 0.53588
Epoca 200, RMS = 0.53611
Epoca 201, RMS = 0.53622
Epoca 202, RMS = 0.53620
Epoca 203, RMS = 0.53604
Epoca 204, RMS = 0.53576
Epoca 205, RMS = 0.53535
Epoca 206, RMS = 0.53486
Epoca 207, RMS = 0.53431
Epoca 208, RMS = 0.53376
Epoca 209, RMS = 0.53325
Epoca 210, RMS = 0.53283
Epoca 211, RMS = 0.53253
Epoca 212, RMS = 0.53236
Epoca 213, RMS = 0.53231
Epoca 214, RMS = 0.53235
Epoca 215, RMS = 0.53245
Epoca 216, RMS = 0.53257
Epoca 217, RMS = 0.53266
Epoca 218, RMS = 0.53269
Epoca 219, RMS = 0.53263
Epoca 220, RMS = 0.53245
Epoca 221, RMS = 0.53215
Epoca 222, RMS = 0.53176
Epoca 223, RMS = 0.53133
Epoca 224, RMS = 0.53092
Epoca 225, RMS = 0.53062
Epoca 226, RMS = 0.53049
Epoca 227, RMS = 0.53059
Epoca 228, RMS = 0.53092
Epoca 229, RMS = 0.53145
Epoca 230, RMS = 0.53213
Epoca 231, RMS = 0.53289
Epoca 232, RMS = 0.53368
Epoca 233, RMS = 0.53444
Epoca 234, RMS = 0.53514
Epoca 235, RMS = 0.53574
Epoca 236, RMS = 0.53622
Epoca 237, RMS = 0.53656
Epoca 238, RMS = 0.53674
Epoca 239, RMS = 0.53676
Epoca 240, RMS = 0.53663
Epoca 241, RMS = 0.53633
Epoca 242, RMS = 0.53589
Epoca 243, RMS = 0.53531
Epoca 244, RMS = 0.53464
Epoca 245, RMS = 0.53390
Epoca 246, RMS = 0.53314
Epoca 247, RMS = 0.53241
Epoca 248, RMS = 0.53178
Epoca 249, RMS = 0.53131
Epoca 250, RMS = 0.53106
Epoca 251, RMS = 0.53105
Epoca 252, RMS = 0.53127
Epoca 253, RMS = 0.53165
Epoca 254, RMS = 0.53212
Epoca 255, RMS = 0.53259
Epoca 256, RMS = 0.53297
Epoca 257, RMS = 0.53322
Epoca 258, RMS = 0.53331
Epoca 259, RMS = 0.53322
Epoca 260, RMS = 0.53297
Epoca 261, RMS = 0.53257
Epoca 262, RMS = 0.53207
Epoca 263, RMS = 0.53152
Epoca 264, RMS = 0.53100
Epoca 265, RMS = 0.53059
Epoca 266, RMS = 0.53038
Epoca 267, RMS = 0.53044
Epoca 268, RMS = 0.53078
Epoca 269, RMS = 0.53139
Epoca 270, RMS = 0.53218
Epoca 271, RMS = 0.53305
Epoca 272, RMS = 0.53391
Epoca 273, RMS = 0.53468
Epoca 274, RMS = 0.53533
Epoca 275, RMS = 0.53581
Epoca 276, RMS = 0.53613
Epoca 277, RMS = 0.53629
Epoca 278, RMS = 0.53629
Epoca 279, RMS = 0.53615
Epoca 280, RMS = 0.53589
Epoca 281, RMS = 0.53553
Epoca 282, RMS = 0.53509
Epoca 283, RMS = 0.53458
Epoca 284, RMS = 0.53403
Epoca 285, RMS = 0.53345
Epoca 286, RMS = 0.53287
Epoca 287, RMS = 0.53231
Epoca 288, RMS = 0.53180
Epoca 289, RMS = 0.53138
Epoca 290, RMS = 0.53109
Epoca 291, RMS = 0.53098
Epoca 292, RMS = 0.53109
Epoca 293, RMS = 0.53140
Epoca 294, RMS = 0.53186
Epoca 295, RMS = 0.53241
Epoca 296, RMS = 0.53297
Epoca 297, RMS = 0.53347
Epoca 298, RMS = 0.53386
Epoca 299, RMS = 0.53412
Epoca 300, RMS = 0.53422
Epoca 301, RMS = 0.53415
Epoca 302, RMS = 0.53392
Epoca 303, RMS = 0.53353
Epoca 304, RMS = 0.53302
Epoca 305, RMS = 0.53244
Epoca 306, RMS = 0.53187
Epoca 307, RMS = 0.53141
Epoca 308, RMS = 0.53117
Epoca 309, RMS = 0.53118
Epoca 310, RMS = 0.53147
Epoca 311, RMS = 0.53197
Epoca 312, RMS = 0.53261
Epoca 313, RMS = 0.53330
Epoca 314, RMS = 0.53395
Epoca 315, RMS = 0.53454
Epoca 316, RMS = 0.53501
Epoca 317, RMS = 0.53537
Epoca 318, RMS = 0.53560
Epoca 319, RMS = 0.53572
Epoca 320, RMS = 0.53571
Epoca 321, RMS = 0.53559
Epoca 322, RMS = 0.53537
Epoca 323, RMS = 0.53505
Epoca 324, RMS = 0.53465
Epoca 325, RMS = 0.53418
Epoca 326, RMS = 0.53368
Epoca 327, RMS = 0.53316
Epoca 328, RMS = 0.53265
Epoca 329, RMS = 0.53219
Epoca 330, RMS = 0.53180
Epoca 331, RMS = 0.53153
Epoca 332, RMS = 0.53143
Epoca 333, RMS = 0.53155
Epoca 334, RMS = 0.53190
Epoca 335, RMS = 0.53247
Epoca 336, RMS = 0.53318
Epoca 337, RMS = 0.53393
Epoca 338, RMS = 0.53463
Epoca 339, RMS = 0.53520
Epoca 340, RMS = 0.53559
Epoca 341, RMS = 0.53577
Epoca 342, RMS = 0.53572
Epoca 343, RMS = 0.53544
Epoca 344, RMS = 0.53495
Epoca 345, RMS = 0.53426
Epoca 346, RMS = 0.53345
Epoca 347, RMS = 0.53259
Epoca 348, RMS = 0.53179
Epoca 349, RMS = 0.53119
Epoca 350, RMS = 0.53089
Epoca 351, RMS = 0.53095
Epoca 352, RMS = 0.53133
Epoca 353, RMS = 0.53196
Epoca 354, RMS = 0.53273
Epoca 355, RMS = 0.53353
Epoca 356, RMS = 0.53428
Epoca 357, RMS = 0.53490
Epoca 358, RMS = 0.53538
Epoca 359, RMS = 0.53570
Epoca 360, RMS = 0.53587
Epoca 361, RMS = 0.53589
Epoca 362, RMS = 0.53578
Epoca 363, RMS = 0.53557
Epoca 364, RMS = 0.53528
Epoca 365, RMS = 0.53493
Epoca 366, RMS = 0.53455
Epoca 367, RMS = 0.53415
Epoca 368, RMS = 0.53376
Epoca 369, RMS = 0.53340
Epoca 370, RMS = 0.53307
Epoca 371, RMS = 0.53279
Epoca 372, RMS = 0.53257
Epoca 373, RMS = 0.53242
Epoca 374, RMS = 0.53238
Epoca 375, RMS = 0.53251
Epoca 376, RMS = 0.53285
Epoca 377, RMS = 0.53336
Epoca 378, RMS = 0.53400
Epoca 379, RMS = 0.53466
Epoca 380, RMS = 0.53524
Epoca 381, RMS = 0.53569
Epoca 382, RMS = 0.53596
Epoca 383, RMS = 0.53601
Epoca 384, RMS = 0.53586
Epoca 385, RMS = 0.53549
Epoca 386, RMS = 0.53494
Epoca 387, RMS = 0.53422
Epoca 388, RMS = 0.53341
Epoca 389, RMS = 0.53257
Epoca 390, RMS = 0.53184
Epoca 391, RMS = 0.53132
Epoca 392, RMS = 0.53110
Epoca 393, RMS = 0.53123
Epoca 394, RMS = 0.53166
Epoca 395, RMS = 0.53231
Epoca 396, RMS = 0.53305
Epoca 397, RMS = 0.53379
Epoca 398, RMS = 0.53446
Epoca 399, RMS = 0.53502
Epoca 400, RMS = 0.53543
Epoca 401, RMS = 0.53570
Epoca 402, RMS = 0.53585
Epoca 403, RMS = 0.53587
Epoca 404, RMS = 0.53580
Epoca 405, RMS = 0.53565
Epoca 406, RMS = 0.53543
Epoca 407, RMS = 0.53516
Epoca 408, RMS = 0.53485
Epoca 409, RMS = 0.53453
Epoca 410, RMS = 0.53420
Epoca 411, RMS = 0.53389
Epoca 412, RMS = 0.53360
Epoca 413, RMS = 0.53334
Epoca 414, RMS = 0.53309
Epoca 415, RMS = 0.53287
Epoca 416, RMS = 0.53270
Epoca 417, RMS = 0.53265
Epoca 418, RMS = 0.53278
Epoca 419, RMS = 0.53310
Epoca 420, RMS = 0.53359
Epoca 421, RMS = 0.53417
Epoca 422, RMS = 0.53475
Epoca 423, RMS = 0.53525
Epoca 424, RMS = 0.53561
Epoca 425, RMS = 0.53579
Epoca 426, RMS = 0.53579
Epoca 427, RMS = 0.53560
Epoca 428, RMS = 0.53522
Epoca 429, RMS = 0.53468
Epoca 430, RMS = 0.53401
Epoca 431, RMS = 0.53328
Epoca 432, RMS = 0.53258
Epoca 433, RMS = 0.53201
Epoca 434, RMS = 0.53167
Epoca 435, RMS = 0.53162
Epoca 436, RMS = 0.53186
Epoca 437, RMS = 0.53234
Epoca 438, RMS = 0.53296
Epoca 439, RMS = 0.53364
Epoca 440, RMS = 0.53429
Epoca 441, RMS = 0.53488
Epoca 442, RMS = 0.53534
Epoca 443, RMS = 0.53569
Epoca 444, RMS = 0.53591
Epoca 445, RMS = 0.53602
Epoca 446, RMS = 0.53603
Epoca 447, RMS = 0.53595
Epoca 448, RMS = 0.53579
Epoca 449, RMS = 0.53558
Epoca 450, RMS = 0.53533
Epoca 451, RMS = 0.53505
Epoca 452, RMS = 0.53476
Epoca 453, RMS = 0.53447
Epoca 454, RMS = 0.53420
Epoca 455, RMS = 0.53395
Epoca 456, RMS = 0.53372
Epoca 457, RMS = 0.53348
Epoca 458, RMS = 0.53325
Epoca 459, RMS = 0.53304
Epoca 460, RMS = 0.53292
Epoca 461, RMS = 0.53294
Epoca 462, RMS = 0.53315
Epoca 463, RMS = 0.53354
Epoca 464, RMS = 0.53405
Epoca 465, RMS = 0.53460
Epoca 466, RMS = 0.53509
Epoca 467, RMS = 0.53548
Epoca 468, RMS = 0.53572
Epoca 469, RMS = 0.53579
Epoca 470, RMS = 0.53568
Epoca 471, RMS = 0.53540
Epoca 472, RMS = 0.53496
Epoca 473, RMS = 0.53439
Epoca 474, RMS = 0.53375
Epoca 475, RMS = 0.53312
Epoca 476, RMS = 0.53257
Epoca 477, RMS = 0.53221
Epoca 478, RMS = 0.53209
Epoca 479, RMS = 0.53224
Epoca 480, RMS = 0.53261
Epoca 481, RMS = 0.53315
Epoca 482, RMS = 0.53376
Epoca 483, RMS = 0.53439
Epoca 484, RMS = 0.53496
Epoca 485, RMS = 0.53544
Epoca 486, RMS = 0.53582
Epoca 487, RMS = 0.53608
Epoca 488, RMS = 0.53624
Epoca 489, RMS = 0.53629
Epoca 490, RMS = 0.53626
Epoca 491, RMS = 0.53615
Epoca 492, RMS = 0.53598
Epoca 493, RMS = 0.53577
Epoca 494, RMS = 0.53553
Epoca 495, RMS = 0.53527
Epoca 496, RMS = 0.53502
Epoca 497, RMS = 0.53478
Epoca 498, RMS = 0.53455
Epoca 499, RMS = 0.53434
Epoca 500, RMS = 0.53413
Epoca 501, RMS = 0.53391
Epoca 502, RMS = 0.53367
Epoca 503, RMS = 0.53343
Epoca 504, RMS = 0.53327
Epoca 505, RMS = 0.53324
Epoca 506, RMS = 0.53339
Epoca 507, RMS = 0.53372
Epoca 508, RMS = 0.53418
Epoca 509, RMS = 0.53468
Epoca 510, RMS = 0.53515
Epoca 511, RMS = 0.53552
Epoca 512, RMS = 0.53576
Epoca 513, RMS = 0.53584
Epoca 514, RMS = 0.53576
Epoca 515, RMS = 0.53552
Epoca 516, RMS = 0.53513
Epoca 517, RMS = 0.53462
Epoca 518, RMS = 0.53405
Epoca 519, RMS = 0.53347
Epoca 520, RMS = 0.53298
Epoca 521, RMS = 0.53265
Epoca 522, RMS = 0.53255
Epoca 523, RMS = 0.53267
Epoca 524, RMS = 0.53301
Epoca 525, RMS = 0.53349
Epoca 526, RMS = 0.53406
Epoca 527, RMS = 0.53465
Epoca 528, RMS = 0.53520
Epoca 529, RMS = 0.53568
Epoca 530, RMS = 0.53606
Epoca 531, RMS = 0.53633
Epoca 532, RMS = 0.53651
Epoca 533, RMS = 0.53658
Epoca 534, RMS = 0.53657
Epoca 535, RMS = 0.53649
Epoca 536, RMS = 0.53635
Epoca 537, RMS = 0.53616
Epoca 538, RMS = 0.53595
Epoca 539, RMS = 0.53572
Epoca 540, RMS = 0.53548
Epoca 541, RMS = 0.53527
Epoca 542, RMS = 0.53507
Epoca 543, RMS = 0.53489
Epoca 544, RMS = 0.53472
Epoca 545, RMS = 0.53452
Epoca 546, RMS = 0.53430
Epoca 547, RMS = 0.53405
Epoca 548, RMS = 0.53380
Epoca 549, RMS = 0.53362
Epoca 550, RMS = 0.53359
Epoca 551, RMS = 0.53374
Epoca 552, RMS = 0.53406
Epoca 553, RMS = 0.53449
Epoca 554, RMS = 0.53496
Epoca 555, RMS = 0.53539
Epoca 556, RMS = 0.53572
Epoca 557, RMS = 0.53593
Epoca 558, RMS = 0.53599
Epoca 559, RMS = 0.53589
Epoca 560, RMS = 0.53564
Epoca 561, RMS = 0.53527
Epoca 562, RMS = 0.53479
Epoca 563, RMS = 0.53425
Epoca 564, RMS = 0.53374
Epoca 565, RMS = 0.53331
Epoca 566, RMS = 0.53306
Epoca 567, RMS = 0.53300
Epoca 568, RMS = 0.53316
Epoca 569, RMS = 0.53349
Epoca 570, RMS = 0.53395
Epoca 571, RMS = 0.53448
Epoca 572, RMS = 0.53502
Epoca 573, RMS = 0.53553
Epoca 574, RMS = 0.53597
Epoca 575, RMS = 0.53633
Epoca 576, RMS = 0.53659
Epoca 577, RMS = 0.53675
Epoca 578, RMS = 0.53683
Epoca 579, RMS = 0.53682
Epoca 580, RMS = 0.53675
Epoca 581, RMS = 0.53661
Epoca 582, RMS = 0.53644
Epoca 583, RMS = 0.53624
Epoca 584, RMS = 0.53604
Epoca 585, RMS = 0.53583
Epoca 586, RMS = 0.53565
Epoca 587, RMS = 0.53549
Epoca 588, RMS = 0.53536
Epoca 589, RMS = 0.53523
Epoca 590, RMS = 0.53508
Epoca 591, RMS = 0.53490
Epoca 592, RMS = 0.53467
Epoca 593, RMS = 0.53440
Epoca 594, RMS = 0.53416
Epoca 595, RMS = 0.53401
Epoca 596, RMS = 0.53401
Epoca 597, RMS = 0.53419
Epoca 598, RMS = 0.53452
Epoca 599, RMS = 0.53493
Epoca 600, RMS = 0.53536
Epoca 601, RMS = 0.53573
Epoca 602, RMS = 0.53600
Epoca 603, RMS = 0.53615
Epoca 604, RMS = 0.53615
Epoca 605, RMS = 0.53601
Epoca 606, RMS = 0.53573
Epoca 607, RMS = 0.53534
Epoca 608, RMS = 0.53487
Epoca 609, RMS = 0.53439
Epoca 610, RMS = 0.53395
Epoca 611, RMS = 0.53362
Epoca 612, RMS = 0.53347
Epoca 613, RMS = 0.53351
Epoca 614, RMS = 0.53372
Epoca 615, RMS = 0.53407
Epoca 616, RMS = 0.53450
Epoca 617, RMS = 0.53498
Epoca 618, RMS = 0.53546
Epoca 619, RMS = 0.53591
Epoca 620, RMS = 0.53630
Epoca 621, RMS = 0.53661
Epoca 622, RMS = 0.53683
Epoca 623, RMS = 0.53696
Epoca 624, RMS = 0.53701
Epoca 625, RMS = 0.53699
Epoca 626, RMS = 0.53691
Epoca 627, RMS = 0.53678
Epoca 628, RMS = 0.53662
Epoca 629, RMS = 0.53644
Epoca 630, RMS = 0.53626
Epoca 631, RMS = 0.53610
Epoca 632, RMS = 0.53596
Epoca 633, RMS = 0.53585
Epoca 634, RMS = 0.53576
Epoca 635, RMS = 0.53569
Epoca 636, RMS = 0.53560
Epoca 637, RMS = 0.53546
Epoca 638, RMS = 0.53526
Epoca 639, RMS = 0.53501
Epoca 640, RMS = 0.53474
Epoca 641, RMS = 0.53453
Epoca 642, RMS = 0.53443
Epoca 643, RMS = 0.53449
Epoca 644, RMS = 0.53471
Epoca 645, RMS = 0.53505
Epoca 646, RMS = 0.53543
Epoca 647, RMS = 0.53580
Epoca 648, RMS = 0.53609
Epoca 649, RMS = 0.53628
Epoca 650, RMS = 0.53634
Epoca 651, RMS = 0.53626
Epoca 652, RMS = 0.53606
Epoca 653, RMS = 0.53574
Epoca 654, RMS = 0.53534
Epoca 655, RMS = 0.53491
Epoca 656, RMS = 0.53449
Epoca 657, RMS = 0.53416
Epoca 658, RMS = 0.53398
Epoca 659, RMS = 0.53396
Epoca 660, RMS = 0.53409
Epoca 661, RMS = 0.53436
Epoca 662, RMS = 0.53471
Epoca 663, RMS = 0.53512
Epoca 664, RMS = 0.53554
Epoca 665, RMS = 0.53596
Epoca 666, RMS = 0.53633
Epoca 667, RMS = 0.53665
Epoca 668, RMS = 0.53689
Epoca 669, RMS = 0.53706
Epoca 670, RMS = 0.53715
Epoca 671, RMS = 0.53717
Epoca 672, RMS = 0.53713
Epoca 673, RMS = 0.53704
Epoca 674, RMS = 0.53691
Epoca 675, RMS = 0.53676
Epoca 676, RMS = 0.53661
Epoca 677, RMS = 0.53646
Epoca 678, RMS = 0.53634
Epoca 679, RMS = 0.53624
Epoca 680, RMS = 0.53618
Epoca 681, RMS = 0.53615
Epoca 682, RMS = 0.53613
Epoca 683, RMS = 0.53608
Epoca 684, RMS = 0.53599
Epoca 685, RMS = 0.53583
Epoca 686, RMS = 0.53560
Epoca 687, RMS = 0.53533
Epoca 688, RMS = 0.53509
Epoca 689, RMS = 0.53494
Epoca 690, RMS = 0.53491
Epoca 691, RMS = 0.53504
Epoca 692, RMS = 0.53529
Epoca 693, RMS = 0.53560
Epoca 694, RMS = 0.53593
Epoca 695, RMS = 0.53621
Epoca 696, RMS = 0.53640
Epoca 697, RMS = 0.53648
Epoca 698, RMS = 0.53645
Epoca 699, RMS = 0.53630
Epoca 700, RMS = 0.53604
Epoca 701, RMS = 0.53570
Epoca 702, RMS = 0.53532
Epoca 703, RMS = 0.53495
Epoca 704, RMS = 0.53465
Epoca 705, RMS = 0.53446
Epoca 706, RMS = 0.53443
Epoca 707, RMS = 0.53454
Epoca 708, RMS = 0.53476
Epoca 709, RMS = 0.53506
Epoca 710, RMS = 0.53540
Epoca 711, RMS = 0.53577
Epoca 712, RMS = 0.53613
Epoca 713, RMS = 0.53647
Epoca 714, RMS = 0.53677
Epoca 715, RMS = 0.53702
Epoca 716, RMS = 0.53720
Epoca 717, RMS = 0.53731
Epoca 718, RMS = 0.53736
Epoca 719, RMS = 0.53734
Epoca 720, RMS = 0.53728
Epoca 721, RMS = 0.53718
Epoca 722, RMS = 0.53706
Epoca 723, RMS = 0.53692
Epoca 724, RMS = 0.53679
Epoca 725, RMS = 0.53668
Epoca 726, RMS = 0.53660
Epoca 727, RMS = 0.53655
Epoca 728, RMS = 0.53654
Epoca 729, RMS = 0.53655
Epoca 730, RMS = 0.53657
Epoca 731, RMS = 0.53656
Epoca 732, RMS = 0.53650
Epoca 733, RMS = 0.53636
Epoca 734, RMS = 0.53616
Epoca 735, RMS = 0.53591
Epoca 736, RMS = 0.53567
Epoca 737, RMS = 0.53548
Epoca 738, RMS = 0.53540
Epoca 739, RMS = 0.53544
Epoca 740, RMS = 0.53561
Epoca 741, RMS = 0.53585
Epoca 742, RMS = 0.53611
Epoca 743, RMS = 0.53635
Epoca 744, RMS = 0.53653
Epoca 745, RMS = 0.53662
Epoca 746, RMS = 0.53660
Epoca 747, RMS = 0.53648
Epoca 748, RMS = 0.53626
Epoca 749, RMS = 0.53597
Epoca 750, RMS = 0.53565
Epoca 751, RMS = 0.53533
Epoca 752, RMS = 0.53507
Epoca 753, RMS = 0.53491
Epoca 754, RMS = 0.53489
Epoca 755, RMS = 0.53499
Epoca 756, RMS = 0.53519
Epoca 757, RMS = 0.53546
Epoca 758, RMS = 0.53577
Epoca 759, RMS = 0.53609
Epoca 760, RMS = 0.53641
Epoca 761, RMS = 0.53671
Epoca 762, RMS = 0.53699
Epoca 763, RMS = 0.53722
Epoca 764, RMS = 0.53740
Epoca 765, RMS = 0.53752
Epoca 766, RMS = 0.53759
Epoca 767, RMS = 0.53759
Epoca 768, RMS = 0.53755
Epoca 769, RMS = 0.53747
Epoca 770, RMS = 0.53737
Epoca 771, RMS = 0.53725
Epoca 772, RMS = 0.53714
Epoca 773, RMS = 0.53703
Epoca 774, RMS = 0.53696
Epoca 775, RMS = 0.53691
Epoca 776, RMS = 0.53690
Epoca 777, RMS = 0.53693
Epoca 778, RMS = 0.53697
Epoca 779, RMS = 0.53702
Epoca 780, RMS = 0.53703
Epoca 781, RMS = 0.53699
Epoca 782, RMS = 0.53688
Epoca 783, RMS = 0.53671
Epoca 784, RMS = 0.53648
Epoca 785, RMS = 0.53623
Epoca 786, RMS = 0.53603
Epoca 787, RMS = 0.53590
Epoca 788, RMS = 0.53588
Epoca 789, RMS = 0.53596
Epoca 790, RMS = 0.53613
Epoca 791, RMS = 0.53632
Epoca 792, RMS = 0.53652
Epoca 793, RMS = 0.53666
Epoca 794, RMS = 0.53674
Epoca 795, RMS = 0.53673
Epoca 796, RMS = 0.53663
Epoca 797, RMS = 0.53645
Epoca 798, RMS = 0.53620
Epoca 799, RMS = 0.53592
Epoca 800, RMS = 0.53565
Epoca 801, RMS = 0.53543
Epoca 802, RMS = 0.53531
Epoca 803, RMS = 0.53530
Epoca 804, RMS = 0.53541
Epoca 805, RMS = 0.53561
Epoca 806, RMS = 0.53588
Epoca 807, RMS = 0.53616
Epoca 808, RMS = 0.53646
Epoca 809, RMS = 0.53675
Epoca 810, RMS = 0.53702
Epoca 811, RMS = 0.53727
Epoca 812, RMS = 0.53748
Epoca 813, RMS = 0.53766
Epoca 814, RMS = 0.53778
Epoca 815, RMS = 0.53786
Epoca 816, RMS = 0.53788
Epoca 817, RMS = 0.53786
Epoca 818, RMS = 0.53780
Epoca 819, RMS = 0.53771
Epoca 820, RMS = 0.53761
Epoca 821, RMS = 0.53750
Epoca 822, RMS = 0.53740
Epoca 823, RMS = 0.53733
Epoca 824, RMS = 0.53728
Epoca 825, RMS = 0.53726
Epoca 826, RMS = 0.53729
Epoca 827, RMS = 0.53734
Epoca 828, RMS = 0.53741
Epoca 829, RMS = 0.53747
Epoca 830, RMS = 0.53750
Epoca 831, RMS = 0.53748
Epoca 832, RMS = 0.53739
Epoca 833, RMS = 0.53723
Epoca 834, RMS = 0.53702
Epoca 835, RMS = 0.53678
Epoca 836, RMS = 0.53657
Epoca 837, RMS = 0.53640
Epoca 838, RMS = 0.53633
Epoca 839, RMS = 0.53634
Epoca 840, RMS = 0.53642
Epoca 841, RMS = 0.53655
Epoca 842, RMS = 0.53669
Epoca 843, RMS = 0.53680
Epoca 844, RMS = 0.53686
Epoca 845, RMS = 0.53685
Epoca 846, RMS = 0.53676
Epoca 847, RMS = 0.53661
Epoca 848, RMS = 0.53640
Epoca 849, RMS = 0.53616
Epoca 850, RMS = 0.53592
Epoca 851, RMS = 0.53574
Epoca 852, RMS = 0.53564
Epoca 853, RMS = 0.53566
Epoca 854, RMS = 0.53578
Epoca 855, RMS = 0.53599
Epoca 856, RMS = 0.53626
Epoca 857, RMS = 0.53654
Epoca 858, RMS = 0.53683
Epoca 859, RMS = 0.53710
Epoca 860, RMS = 0.53735
Epoca 861, RMS = 0.53758
Epoca 862, RMS = 0.53778
Epoca 863, RMS = 0.53795
Epoca 864, RMS = 0.53808
Epoca 865, RMS = 0.53816
Epoca 866, RMS = 0.53820
Epoca 867, RMS = 0.53819
Epoca 868, RMS = 0.53815
Epoca 869, RMS = 0.53808
Epoca 870, RMS = 0.53799
Epoca 871, RMS = 0.53789
Epoca 872, RMS = 0.53780
Epoca 873, RMS = 0.53771
Epoca 874, RMS = 0.53766
Epoca 875, RMS = 0.53763
Epoca 876, RMS = 0.53764
Epoca 877, RMS = 0.53769
Epoca 878, RMS = 0.53776
Epoca 879, RMS = 0.53784
Epoca 880, RMS = 0.53792
Epoca 881, RMS = 0.53796
Epoca 882, RMS = 0.53795
Epoca 883, RMS = 0.53788
Epoca 884, RMS = 0.53774
Epoca 885, RMS = 0.53754
Epoca 886, RMS = 0.53732
Epoca 887, RMS = 0.53709
Epoca 888, RMS = 0.53690
Epoca 889, RMS = 0.53677
Epoca 890, RMS = 0.53672
Epoca 891, RMS = 0.53673
Epoca 892, RMS = 0.53680
Epoca 893, RMS = 0.53688
Epoca 894, RMS = 0.53695
Epoca 895, RMS = 0.53699
Epoca 896, RMS = 0.53697
Epoca 897, RMS = 0.53689
Epoca 898, RMS = 0.53676
Epoca 899, RMS = 0.53657
Epoca 900, RMS = 0.53636
Epoca 901, RMS = 0.53616
Epoca 902, RMS = 0.53600
Epoca 903, RMS = 0.53592
Epoca 904, RMS = 0.53595
Epoca 905, RMS = 0.53608
Epoca 906, RMS = 0.53630
Epoca 907, RMS = 0.53658
Epoca 908, RMS = 0.53687
Epoca 909, RMS = 0.53716
Epoca 910, RMS = 0.53743
Epoca 911, RMS = 0.53768
Epoca 912, RMS = 0.53790
Epoca 913, RMS = 0.53809
Epoca 914, RMS = 0.53826
Epoca 915, RMS = 0.53839
Epoca 916, RMS = 0.53848
Epoca 917, RMS = 0.53853
Epoca 918, RMS = 0.53854
Epoca 919, RMS = 0.53852
Epoca 920, RMS = 0.53846
Epoca 921, RMS = 0.53839
Epoca 922, RMS = 0.53829
Epoca 923, RMS = 0.53820
Epoca 924, RMS = 0.53811
Epoca 925, RMS = 0.53805
Epoca 926, RMS = 0.53801
Epoca 927, RMS = 0.53800
Epoca 928, RMS = 0.53803
Epoca 929, RMS = 0.53809
Epoca 930, RMS = 0.53817
Epoca 931, RMS = 0.53826
Epoca 932, RMS = 0.53835
Epoca 933, RMS = 0.53840
Epoca 934, RMS = 0.53840
Epoca 935, RMS = 0.53835
Epoca 936, RMS = 0.53823
Epoca 937, RMS = 0.53805
Epoca 938, RMS = 0.53784
Epoca 939, RMS = 0.53761
Epoca 940, RMS = 0.53740
Epoca 941, RMS = 0.53723
Epoca 942, RMS = 0.53711
Epoca 943, RMS = 0.53706
Epoca 944, RMS = 0.53706
Epoca 945, RMS = 0.53709
Epoca 946, RMS = 0.53712
Epoca 947, RMS = 0.53713
Epoca 948, RMS = 0.53710
Epoca 949, RMS = 0.53702
Epoca 950, RMS = 0.53690
Epoca 951, RMS = 0.53674
Epoca 952, RMS = 0.53655
Epoca 953, RMS = 0.53637
Epoca 954, RMS = 0.53622
Epoca 955, RMS = 0.53615
Epoca 956, RMS = 0.53618
Epoca 957, RMS = 0.53631
Epoca 958, RMS = 0.53654
Epoca 959, RMS = 0.53683
Epoca 960, RMS = 0.53714
Epoca 961, RMS = 0.53745
Epoca 962, RMS = 0.53773
Epoca 963, RMS = 0.53798
Epoca 964, RMS = 0.53820
Epoca 965, RMS = 0.53840
Epoca 966, RMS = 0.53856
Epoca 967, RMS = 0.53870
Epoca 968, RMS = 0.53880
Epoca 969, RMS = 0.53886
Epoca 970, RMS = 0.53889
Epoca 971, RMS = 0.53889
Epoca 972, RMS = 0.53885
Epoca 973, RMS = 0.53879
Epoca 974, RMS = 0.53870
Epoca 975, RMS = 0.53861
Epoca 976, RMS = 0.53853
Epoca 977, RMS = 0.53845
Epoca 978, RMS = 0.53839
Epoca 979, RMS = 0.53837
Epoca 980, RMS = 0.53837
Epoca 981, RMS = 0.53841
Epoca 982, RMS = 0.53848
Epoca 983, RMS = 0.53857
Epoca 984, RMS = 0.53867
Epoca 985, RMS = 0.53876
Epoca 986, RMS = 0.53883
Epoca 987, RMS = 0.53884
Epoca 988, RMS = 0.53881
Epoca 989, RMS = 0.53871
Epoca 990, RMS = 0.53855
Epoca 991, RMS = 0.53835
Epoca 992, RMS = 0.53812
Epoca 993, RMS = 0.53790
Epoca 994, RMS = 0.53769
Epoca 995, RMS = 0.53753
Epoca 996, RMS = 0.53742
Epoca 997, RMS = 0.53736
Epoca 998, RMS = 0.53733
Epoca 999, RMS = 0.53731
Epoca 1000, RMS = 0.53729

##################TEST##################
Z[0] = 0.01
Z[1] = 0.08
Y_IN 1.08
T[0] = 0 Y[0] = 0.49
Y_IN 1.12
T[1] = 1 Y[1] = 0.51
Z[0] = -0.16
Z[1] = -0.10
Y_IN 1.16
T[0] = 1 Y[0] = 0.52
Y_IN 1.19
T[1] = 0 Y[1] = 0.54
Z[0] = 0.00
Z[1] = -0.76
Y_IN 1.11
T[0] = 1 Y[0] = 0.50
Y_IN 1.10
T[1] = 0 Y[1] = 0.50
Z[0] = -0.16
Z[1] = -0.83
Y_IN 1.18
T[0] = 0 Y[0] = 0.53
Y_IN 1.17
T[1] = 1 Y[1] = 0.53
