0.49 -0.21 
0.27 0.48 
-0.21 -0.48 
-0.02 0.34 
0.41 -0.16 0.44 0.21 

##################LEARN##################
Epoca 1, RMS = 0.80267
Epoca 2, RMS = 0.72826
Epoca 3, RMS = 0.66799
Epoca 4, RMS = 0.61981
Epoca 5, RMS = 0.58080
Epoca 6, RMS = 0.54842
Epoca 7, RMS = 0.52116
Epoca 8, RMS = 0.49829
Epoca 9, RMS = 0.47931
Epoca 10, RMS = 0.46375
Epoca 11, RMS = 0.45110
Epoca 12, RMS = 0.44087
Epoca 13, RMS = 0.43261
Epoca 14, RMS = 0.42593
Epoca 15, RMS = 0.42052
Epoca 16, RMS = 0.41611
Epoca 17, RMS = 0.41250
Epoca 18, RMS = 0.40953
Epoca 19, RMS = 0.40708
Epoca 20, RMS = 0.40504
Epoca 21, RMS = 0.40334
Epoca 22, RMS = 0.40190
Epoca 23, RMS = 0.40069
Epoca 24, RMS = 0.39966
Epoca 25, RMS = 0.39877
Epoca 26, RMS = 0.39800
Epoca 27, RMS = 0.39734
Epoca 28, RMS = 0.39675
Epoca 29, RMS = 0.39623
Epoca 30, RMS = 0.39577
Epoca 31, RMS = 0.39535
Epoca 32, RMS = 0.39496
Epoca 33, RMS = 0.39460
Epoca 34, RMS = 0.39427
Epoca 35, RMS = 0.39396
Epoca 36, RMS = 0.39366
Epoca 37, RMS = 0.39338
Epoca 38, RMS = 0.39310
Epoca 39, RMS = 0.39284
Epoca 40, RMS = 0.39259
Epoca 41, RMS = 0.39234
Epoca 42, RMS = 0.39210
Epoca 43, RMS = 0.39186
Epoca 44, RMS = 0.39163
Epoca 45, RMS = 0.39140
Epoca 46, RMS = 0.39118
Epoca 47, RMS = 0.39096
Epoca 48, RMS = 0.39074
Epoca 49, RMS = 0.39052
Epoca 50, RMS = 0.39031
Epoca 51, RMS = 0.39009
Epoca 52, RMS = 0.38988
Epoca 53, RMS = 0.38967
Epoca 54, RMS = 0.38946
Epoca 55, RMS = 0.38926
Epoca 56, RMS = 0.38905
Epoca 57, RMS = 0.38884
Epoca 58, RMS = 0.38863
Epoca 59, RMS = 0.38842
Epoca 60, RMS = 0.38821
Epoca 61, RMS = 0.38800
Epoca 62, RMS = 0.38778
Epoca 63, RMS = 0.38757
Epoca 64, RMS = 0.38735
Epoca 65, RMS = 0.38713
Epoca 66, RMS = 0.38691
Epoca 67, RMS = 0.38669
Epoca 68, RMS = 0.38646
Epoca 69, RMS = 0.38623
Epoca 70, RMS = 0.38600
Epoca 71, RMS = 0.38576
Epoca 72, RMS = 0.38552
Epoca 73, RMS = 0.38529
Epoca 74, RMS = 0.38505
Epoca 75, RMS = 0.38480
Epoca 76, RMS = 0.38456
Epoca 77, RMS = 0.38433
Epoca 78, RMS = 0.38409
Epoca 79, RMS = 0.38386
Epoca 80, RMS = 0.38364
Epoca 81, RMS = 0.38343
Epoca 82, RMS = 0.38323
Epoca 83, RMS = 0.38305
Epoca 84, RMS = 0.38290
Epoca 85, RMS = 0.38278
Epoca 86, RMS = 0.38269
Epoca 87, RMS = 0.38265
Epoca 88, RMS = 0.38265
Epoca 89, RMS = 0.38272
Epoca 90, RMS = 0.38285
Epoca 91, RMS = 0.38305
Epoca 92, RMS = 0.38332
Epoca 93, RMS = 0.38367
Epoca 94, RMS = 0.38409
Epoca 95, RMS = 0.38458
Epoca 96, RMS = 0.38513
Epoca 97, RMS = 0.38573
Epoca 98, RMS = 0.38636
Epoca 99, RMS = 0.38700
Epoca 100, RMS = 0.38764
Epoca 101, RMS = 0.38826
Epoca 102, RMS = 0.38884
Epoca 103, RMS = 0.38938
Epoca 104, RMS = 0.38987
Epoca 105, RMS = 0.39029
Epoca 106, RMS = 0.39066
Epoca 107, RMS = 0.39097
Epoca 108, RMS = 0.39122
Epoca 109, RMS = 0.39141
Epoca 110, RMS = 0.39156
Epoca 111, RMS = 0.39166
Epoca 112, RMS = 0.39172
Epoca 113, RMS = 0.39175
Epoca 114, RMS = 0.39174
Epoca 115, RMS = 0.39171
Epoca 116, RMS = 0.39165
Epoca 117, RMS = 0.39158
Epoca 118, RMS = 0.39148
Epoca 119, RMS = 0.39137
Epoca 120, RMS = 0.39125
Epoca 121, RMS = 0.39111
Epoca 122, RMS = 0.39096
Epoca 123, RMS = 0.39080
Epoca 124, RMS = 0.39064
Epoca 125, RMS = 0.39046
Epoca 126, RMS = 0.39028
Epoca 127, RMS = 0.39010
Epoca 128, RMS = 0.38991
Epoca 129, RMS = 0.38971
Epoca 130, RMS = 0.38951
Epoca 131, RMS = 0.38930
Epoca 132, RMS = 0.38910
Epoca 133, RMS = 0.38889
Epoca 134, RMS = 0.38867
Epoca 135, RMS = 0.38846
Epoca 136, RMS = 0.38825
Epoca 137, RMS = 0.38803
Epoca 138, RMS = 0.38781
Epoca 139, RMS = 0.38760
Epoca 140, RMS = 0.38738
Epoca 141, RMS = 0.38717
Epoca 142, RMS = 0.38696
Epoca 143, RMS = 0.38675
Epoca 144, RMS = 0.38654
Epoca 145, RMS = 0.38634
Epoca 146, RMS = 0.38614
Epoca 147, RMS = 0.38595
Epoca 148, RMS = 0.38576
Epoca 149, RMS = 0.38558
Epoca 150, RMS = 0.38541
Epoca 151, RMS = 0.38525
Epoca 152, RMS = 0.38510
Epoca 153, RMS = 0.38496
Epoca 154, RMS = 0.38483
Epoca 155, RMS = 0.38472
Epoca 156, RMS = 0.38462
Epoca 157, RMS = 0.38453
Epoca 158, RMS = 0.38446
Epoca 159, RMS = 0.38441
Epoca 160, RMS = 0.38438
Epoca 161, RMS = 0.38437
Epoca 162, RMS = 0.38437
Epoca 163, RMS = 0.38440
Epoca 164, RMS = 0.38444
Epoca 165, RMS = 0.38450
Epoca 166, RMS = 0.38459
Epoca 167, RMS = 0.38468
Epoca 168, RMS = 0.38480
Epoca 169, RMS = 0.38492
Epoca 170, RMS = 0.38506
Epoca 171, RMS = 0.38522
Epoca 172, RMS = 0.38537
Epoca 173, RMS = 0.38554
Epoca 174, RMS = 0.38571
Epoca 175, RMS = 0.38588
Epoca 176, RMS = 0.38605
Epoca 177, RMS = 0.38622
Epoca 178, RMS = 0.38638
Epoca 179, RMS = 0.38654
Epoca 180, RMS = 0.38669
Epoca 181, RMS = 0.38683
Epoca 182, RMS = 0.38696
Epoca 183, RMS = 0.38708
Epoca 184, RMS = 0.38718
Epoca 185, RMS = 0.38728
Epoca 186, RMS = 0.38736
Epoca 187, RMS = 0.38743
Epoca 188, RMS = 0.38749
Epoca 189, RMS = 0.38754
Epoca 190, RMS = 0.38757
Epoca 191, RMS = 0.38760
Epoca 192, RMS = 0.38761
Epoca 193, RMS = 0.38761
Epoca 194, RMS = 0.38760
Epoca 195, RMS = 0.38758
Epoca 196, RMS = 0.38755
Epoca 197, RMS = 0.38752
Epoca 198, RMS = 0.38748
Epoca 199, RMS = 0.38743
Epoca 200, RMS = 0.38737
Epoca 201, RMS = 0.38731
Epoca 202, RMS = 0.38724
Epoca 203, RMS = 0.38717
Epoca 204, RMS = 0.38709
Epoca 205, RMS = 0.38701
Epoca 206, RMS = 0.38692
Epoca 207, RMS = 0.38684
Epoca 208, RMS = 0.38675
Epoca 209, RMS = 0.38666
Epoca 210, RMS = 0.38657
Epoca 211, RMS = 0.38648
Epoca 212, RMS = 0.38639
Epoca 213, RMS = 0.38630
Epoca 214, RMS = 0.38621
Epoca 215, RMS = 0.38613
Epoca 216, RMS = 0.38604
Epoca 217, RMS = 0.38596
Epoca 218, RMS = 0.38589
Epoca 219, RMS = 0.38582
Epoca 220, RMS = 0.38576
Epoca 221, RMS = 0.38570
Epoca 222, RMS = 0.38565
Epoca 223, RMS = 0.38560
Epoca 224, RMS = 0.38557
Epoca 225, RMS = 0.38554
Epoca 226, RMS = 0.38552
Epoca 227, RMS = 0.38551
Epoca 228, RMS = 0.38551
Epoca 229, RMS = 0.38551
Epoca 230, RMS = 0.38553
Epoca 231, RMS = 0.38555
Epoca 232, RMS = 0.38559
Epoca 233, RMS = 0.38563
Epoca 234, RMS = 0.38568
Epoca 235, RMS = 0.38573
Epoca 236, RMS = 0.38579
Epoca 237, RMS = 0.38586
Epoca 238, RMS = 0.38593
Epoca 239, RMS = 0.38600
Epoca 240, RMS = 0.38607
Epoca 241, RMS = 0.38613
Epoca 242, RMS = 0.38620
Epoca 243, RMS = 0.38626
Epoca 244, RMS = 0.38632
Epoca 245, RMS = 0.38637
Epoca 246, RMS = 0.38641
Epoca 247, RMS = 0.38645
Epoca 248, RMS = 0.38647
Epoca 249, RMS = 0.38649
Epoca 250, RMS = 0.38649
Epoca 251, RMS = 0.38649
Epoca 252, RMS = 0.38647
Epoca 253, RMS = 0.38644
Epoca 254, RMS = 0.38640
Epoca 255, RMS = 0.38636
Epoca 256, RMS = 0.38630
Epoca 257, RMS = 0.38623
Epoca 258, RMS = 0.38615
Epoca 259, RMS = 0.38606
Epoca 260, RMS = 0.38596
Epoca 261, RMS = 0.38585
Epoca 262, RMS = 0.38573
Epoca 263, RMS = 0.38561
Epoca 264, RMS = 0.38548
Epoca 265, RMS = 0.38535
Epoca 266, RMS = 0.38520
Epoca 267, RMS = 0.38506
Epoca 268, RMS = 0.38491
Epoca 269, RMS = 0.38475
Epoca 270, RMS = 0.38459
Epoca 271, RMS = 0.38443
Epoca 272, RMS = 0.38427
Epoca 273, RMS = 0.38411
Epoca 274, RMS = 0.38394
Epoca 275, RMS = 0.38378
Epoca 276, RMS = 0.38361
Epoca 277, RMS = 0.38345
Epoca 278, RMS = 0.38329
Epoca 279, RMS = 0.38313
Epoca 280, RMS = 0.38298
Epoca 281, RMS = 0.38283
Epoca 282, RMS = 0.38269
Epoca 283, RMS = 0.38256
Epoca 284, RMS = 0.38243
Epoca 285, RMS = 0.38231
Epoca 286, RMS = 0.38220
Epoca 287, RMS = 0.38210
Epoca 288, RMS = 0.38202
Epoca 289, RMS = 0.38195
Epoca 290, RMS = 0.38189
Epoca 291, RMS = 0.38185
Epoca 292, RMS = 0.38182
Epoca 293, RMS = 0.38182
Epoca 294, RMS = 0.38183
Epoca 295, RMS = 0.38186
Epoca 296, RMS = 0.38191
Epoca 297, RMS = 0.38198
Epoca 298, RMS = 0.38207
Epoca 299, RMS = 0.38217
Epoca 300, RMS = 0.38230
Epoca 301, RMS = 0.38245
Epoca 302, RMS = 0.38261
Epoca 303, RMS = 0.38279
Epoca 304, RMS = 0.38298
Epoca 305, RMS = 0.38318
Epoca 306, RMS = 0.38340
Epoca 307, RMS = 0.38362
Epoca 308, RMS = 0.38385
Epoca 309, RMS = 0.38408
Epoca 310, RMS = 0.38431
Epoca 311, RMS = 0.38455
Epoca 312, RMS = 0.38478
Epoca 313, RMS = 0.38500
Epoca 314, RMS = 0.38522
Epoca 315, RMS = 0.38543
Epoca 316, RMS = 0.38563
Epoca 317, RMS = 0.38582
Epoca 318, RMS = 0.38600
Epoca 319, RMS = 0.38617
Epoca 320, RMS = 0.38633
Epoca 321, RMS = 0.38647
Epoca 322, RMS = 0.38660
Epoca 323, RMS = 0.38672
Epoca 324, RMS = 0.38683
Epoca 325, RMS = 0.38692
Epoca 326, RMS = 0.38700
Epoca 327, RMS = 0.38707
Epoca 328, RMS = 0.38713
Epoca 329, RMS = 0.38718
Epoca 330, RMS = 0.38722
Epoca 331, RMS = 0.38724
Epoca 332, RMS = 0.38726
Epoca 333, RMS = 0.38727
Epoca 334, RMS = 0.38727
Epoca 335, RMS = 0.38726
Epoca 336, RMS = 0.38724
Epoca 337, RMS = 0.38722
Epoca 338, RMS = 0.38719
Epoca 339, RMS = 0.38715
Epoca 340, RMS = 0.38711
Epoca 341, RMS = 0.38706
Epoca 342, RMS = 0.38700
Epoca 343, RMS = 0.38694
Epoca 344, RMS = 0.38688
Epoca 345, RMS = 0.38681
Epoca 346, RMS = 0.38674
Epoca 347, RMS = 0.38666
Epoca 348, RMS = 0.38658
Epoca 349, RMS = 0.38650
Epoca 350, RMS = 0.38641
Epoca 351, RMS = 0.38632
Epoca 352, RMS = 0.38623
Epoca 353, RMS = 0.38613
Epoca 354, RMS = 0.38603
Epoca 355, RMS = 0.38593
Epoca 356, RMS = 0.38583
Epoca 357, RMS = 0.38573
Epoca 358, RMS = 0.38562
Epoca 359, RMS = 0.38551
Epoca 360, RMS = 0.38540
Epoca 361, RMS = 0.38529
Epoca 362, RMS = 0.38518
Epoca 363, RMS = 0.38507
Epoca 364, RMS = 0.38495
Epoca 365, RMS = 0.38484
Epoca 366, RMS = 0.38472
Epoca 367, RMS = 0.38460
Epoca 368, RMS = 0.38448
Epoca 369, RMS = 0.38436
Epoca 370, RMS = 0.38424
Epoca 371, RMS = 0.38412
Epoca 372, RMS = 0.38400
Epoca 373, RMS = 0.38388
Epoca 374, RMS = 0.38376
Epoca 375, RMS = 0.38364
Epoca 376, RMS = 0.38352
Epoca 377, RMS = 0.38340
Epoca 378, RMS = 0.38328
Epoca 379, RMS = 0.38316
Epoca 380, RMS = 0.38304
Epoca 381, RMS = 0.38292
Epoca 382, RMS = 0.38281
Epoca 383, RMS = 0.38269
Epoca 384, RMS = 0.38258
Epoca 385, RMS = 0.38247
Epoca 386, RMS = 0.38236
Epoca 387, RMS = 0.38225
Epoca 388, RMS = 0.38215
Epoca 389, RMS = 0.38205
Epoca 390, RMS = 0.38195
Epoca 391, RMS = 0.38186
Epoca 392, RMS = 0.38177
Epoca 393, RMS = 0.38168
Epoca 394, RMS = 0.38160
Epoca 395, RMS = 0.38152
Epoca 396, RMS = 0.38145
Epoca 397, RMS = 0.38138
Epoca 398, RMS = 0.38131
Epoca 399, RMS = 0.38126
Epoca 400, RMS = 0.38120
Epoca 401, RMS = 0.38115
Epoca 402, RMS = 0.38111
Epoca 403, RMS = 0.38107
Epoca 404, RMS = 0.38104
Epoca 405, RMS = 0.38101
Epoca 406, RMS = 0.38099
Epoca 407, RMS = 0.38097
Epoca 408, RMS = 0.38096
Epoca 409, RMS = 0.38095
Epoca 410, RMS = 0.38095
Epoca 411, RMS = 0.38095
Epoca 412, RMS = 0.38095
Epoca 413, RMS = 0.38096
Epoca 414, RMS = 0.38097
Epoca 415, RMS = 0.38099
Epoca 416, RMS = 0.38100
Epoca 417, RMS = 0.38102
Epoca 418, RMS = 0.38104
Epoca 419, RMS = 0.38107
Epoca 420, RMS = 0.38109
Epoca 421, RMS = 0.38111
Epoca 422, RMS = 0.38114
Epoca 423, RMS = 0.38116
Epoca 424, RMS = 0.38118
Epoca 425, RMS = 0.38120
Epoca 426, RMS = 0.38122
Epoca 427, RMS = 0.38124
Epoca 428, RMS = 0.38126
Epoca 429, RMS = 0.38127
Epoca 430, RMS = 0.38128
Epoca 431, RMS = 0.38129
Epoca 432, RMS = 0.38129
Epoca 433, RMS = 0.38129
Epoca 434, RMS = 0.38129
Epoca 435, RMS = 0.38128
Epoca 436, RMS = 0.38127
Epoca 437, RMS = 0.38125
Epoca 438, RMS = 0.38123
Epoca 439, RMS = 0.38121
Epoca 440, RMS = 0.38119
Epoca 441, RMS = 0.38116
Epoca 442, RMS = 0.38112
Epoca 443, RMS = 0.38108
Epoca 444, RMS = 0.38104
Epoca 445, RMS = 0.38100
Epoca 446, RMS = 0.38095
Epoca 447, RMS = 0.38090
Epoca 448, RMS = 0.38085
Epoca 449, RMS = 0.38079
Epoca 450, RMS = 0.38073
Epoca 451, RMS = 0.38067
Epoca 452, RMS = 0.38060
Epoca 453, RMS = 0.38054
Epoca 454, RMS = 0.38047
Epoca 455, RMS = 0.38040
Epoca 456, RMS = 0.38033
Epoca 457, RMS = 0.38025
Epoca 458, RMS = 0.38018
Epoca 459, RMS = 0.38011
Epoca 460, RMS = 0.38003
Epoca 461, RMS = 0.37995
Epoca 462, RMS = 0.37988
Epoca 463, RMS = 0.37980
Epoca 464, RMS = 0.37972
Epoca 465, RMS = 0.37964
Epoca 466, RMS = 0.37956
Epoca 467, RMS = 0.37948
Epoca 468, RMS = 0.37940
Epoca 469, RMS = 0.37932
Epoca 470, RMS = 0.37925
Epoca 471, RMS = 0.37917
Epoca 472, RMS = 0.37909
Epoca 473, RMS = 0.37901
Epoca 474, RMS = 0.37893
Epoca 475, RMS = 0.37885
Epoca 476, RMS = 0.37877
Epoca 477, RMS = 0.37869
Epoca 478, RMS = 0.37861
Epoca 479, RMS = 0.37853
Epoca 480, RMS = 0.37845
Epoca 481, RMS = 0.37837
Epoca 482, RMS = 0.37829
Epoca 483, RMS = 0.37821
Epoca 484, RMS = 0.37813
Epoca 485, RMS = 0.37805
Epoca 486, RMS = 0.37797
Epoca 487, RMS = 0.37789
Epoca 488, RMS = 0.37781
Epoca 489, RMS = 0.37772
Epoca 490, RMS = 0.37764
Epoca 491, RMS = 0.37755
Epoca 492, RMS = 0.37747
Epoca 493, RMS = 0.37738
Epoca 494, RMS = 0.37730
Epoca 495, RMS = 0.37721
Epoca 496, RMS = 0.37712
Epoca 497, RMS = 0.37703
Epoca 498, RMS = 0.37694
Epoca 499, RMS = 0.37685
Epoca 500, RMS = 0.37675
Epoca 501, RMS = 0.37666
Epoca 502, RMS = 0.37656
Epoca 503, RMS = 0.37647
Epoca 504, RMS = 0.37637
Epoca 505, RMS = 0.37627
Epoca 506, RMS = 0.37617
Epoca 507, RMS = 0.37607
Epoca 508, RMS = 0.37597
Epoca 509, RMS = 0.37587
Epoca 510, RMS = 0.37576
Epoca 511, RMS = 0.37566
Epoca 512, RMS = 0.37555
Epoca 513, RMS = 0.37545
Epoca 514, RMS = 0.37534
Epoca 515, RMS = 0.37523
Epoca 516, RMS = 0.37512
Epoca 517, RMS = 0.37501
Epoca 518, RMS = 0.37490
Epoca 519, RMS = 0.37479
Epoca 520, RMS = 0.37467
Epoca 521, RMS = 0.37456
Epoca 522, RMS = 0.37444
Epoca 523, RMS = 0.37433
Epoca 524, RMS = 0.37421
Epoca 525, RMS = 0.37409
Epoca 526, RMS = 0.37397
Epoca 527, RMS = 0.37385
Epoca 528, RMS = 0.37373
Epoca 529, RMS = 0.37361
Epoca 530, RMS = 0.37348
Epoca 531, RMS = 0.37336
Epoca 532, RMS = 0.37323
Epoca 533, RMS = 0.37310
Epoca 534, RMS = 0.37298
Epoca 535, RMS = 0.37285
Epoca 536, RMS = 0.37272
Epoca 537, RMS = 0.37259
Epoca 538, RMS = 0.37246
Epoca 539, RMS = 0.37232
Epoca 540, RMS = 0.37219
Epoca 541, RMS = 0.37205
Epoca 542, RMS = 0.37192
Epoca 543, RMS = 0.37178
Epoca 544, RMS = 0.37164
Epoca 545, RMS = 0.37150
Epoca 546, RMS = 0.37136
Epoca 547, RMS = 0.37122
Epoca 548, RMS = 0.37107
Epoca 549, RMS = 0.37093
Epoca 550, RMS = 0.37078
Epoca 551, RMS = 0.37064
Epoca 552, RMS = 0.37049
Epoca 553, RMS = 0.37034
Epoca 554, RMS = 0.37019
Epoca 555, RMS = 0.37004
Epoca 556, RMS = 0.36989
Epoca 557, RMS = 0.36973
Epoca 558, RMS = 0.36958
Epoca 559, RMS = 0.36942
Epoca 560, RMS = 0.36926
Epoca 561, RMS = 0.36911
Epoca 562, RMS = 0.36895
Epoca 563, RMS = 0.36879
Epoca 564, RMS = 0.36863
Epoca 565, RMS = 0.36846
Epoca 566, RMS = 0.36830
Epoca 567, RMS = 0.36813
Epoca 568, RMS = 0.36797
Epoca 569, RMS = 0.36780
Epoca 570, RMS = 0.36763
Epoca 571, RMS = 0.36746
Epoca 572, RMS = 0.36729
Epoca 573, RMS = 0.36712
Epoca 574, RMS = 0.36695
Epoca 575, RMS = 0.36677
Epoca 576, RMS = 0.36660
Epoca 577, RMS = 0.36642
Epoca 578, RMS = 0.36624
Epoca 579, RMS = 0.36607
Epoca 580, RMS = 0.36589
Epoca 581, RMS = 0.36571
Epoca 582, RMS = 0.36552
Epoca 583, RMS = 0.36534
Epoca 584, RMS = 0.36516
Epoca 585, RMS = 0.36497
Epoca 586, RMS = 0.36479
Epoca 587, RMS = 0.36460
Epoca 588, RMS = 0.36441
Epoca 589, RMS = 0.36422
Epoca 590, RMS = 0.36403
Epoca 591, RMS = 0.36384
Epoca 592, RMS = 0.36364
Epoca 593, RMS = 0.36345
Epoca 594, RMS = 0.36326
Epoca 595, RMS = 0.36306
Epoca 596, RMS = 0.36286
Epoca 597, RMS = 0.36266
Epoca 598, RMS = 0.36246
Epoca 599, RMS = 0.36226
Epoca 600, RMS = 0.36206
Epoca 601, RMS = 0.36186
Epoca 602, RMS = 0.36166
Epoca 603, RMS = 0.36145
Epoca 604, RMS = 0.36125
Epoca 605, RMS = 0.36104
Epoca 606, RMS = 0.36083
Epoca 607, RMS = 0.36063
Epoca 608, RMS = 0.36042
Epoca 609, RMS = 0.36021
Epoca 610, RMS = 0.36000
Epoca 611, RMS = 0.35978
Epoca 612, RMS = 0.35957
Epoca 613, RMS = 0.35936
Epoca 614, RMS = 0.35914
Epoca 615, RMS = 0.35893
Epoca 616, RMS = 0.35871
Epoca 617, RMS = 0.35849
Epoca 618, RMS = 0.35828
Epoca 619, RMS = 0.35806
Epoca 620, RMS = 0.35784
Epoca 621, RMS = 0.35762
Epoca 622, RMS = 0.35740
Epoca 623, RMS = 0.35717
Epoca 624, RMS = 0.35695
Epoca 625, RMS = 0.35673
Epoca 626, RMS = 0.35650
Epoca 627, RMS = 0.35628
Epoca 628, RMS = 0.35605
Epoca 629, RMS = 0.35583
Epoca 630, RMS = 0.35560
Epoca 631, RMS = 0.35537
Epoca 632, RMS = 0.35514
Epoca 633, RMS = 0.35491
Epoca 634, RMS = 0.35468
Epoca 635, RMS = 0.35445
Epoca 636, RMS = 0.35422
Epoca 637, RMS = 0.35399
Epoca 638, RMS = 0.35376
Epoca 639, RMS = 0.35353
Epoca 640, RMS = 0.35330
Epoca 641, RMS = 0.35306
Epoca 642, RMS = 0.35283
Epoca 643, RMS = 0.35260
Epoca 644, RMS = 0.35236
Epoca 645, RMS = 0.35213
Epoca 646, RMS = 0.35189
Epoca 647, RMS = 0.35166
Epoca 648, RMS = 0.35142
Epoca 649, RMS = 0.35119
Epoca 650, RMS = 0.35095
Epoca 651, RMS = 0.35071
Epoca 652, RMS = 0.35048
Epoca 653, RMS = 0.35024
Epoca 654, RMS = 0.35001
Epoca 655, RMS = 0.34977
Epoca 656, RMS = 0.34953
Epoca 657, RMS = 0.34930
Epoca 658, RMS = 0.34906
Epoca 659, RMS = 0.34883
Epoca 660, RMS = 0.34859
Epoca 661, RMS = 0.34835
Epoca 662, RMS = 0.34812
Epoca 663, RMS = 0.34788
Epoca 664, RMS = 0.34765
Epoca 665, RMS = 0.34742
Epoca 666, RMS = 0.34718
Epoca 667, RMS = 0.34695
Epoca 668, RMS = 0.34672
Epoca 669, RMS = 0.34649
Epoca 670, RMS = 0.34625
Epoca 671, RMS = 0.34602
Epoca 672, RMS = 0.34579
Epoca 673, RMS = 0.34557
Epoca 674, RMS = 0.34534
Epoca 675, RMS = 0.34511
Epoca 676, RMS = 0.34489
Epoca 677, RMS = 0.34466
Epoca 678, RMS = 0.34444
Epoca 679, RMS = 0.34422
Epoca 680, RMS = 0.34400
Epoca 681, RMS = 0.34378
Epoca 682, RMS = 0.34357
Epoca 683, RMS = 0.34336
Epoca 684, RMS = 0.34314
Epoca 685, RMS = 0.34294
Epoca 686, RMS = 0.34273
Epoca 687, RMS = 0.34253
Epoca 688, RMS = 0.34233
Epoca 689, RMS = 0.34213
Epoca 690, RMS = 0.34194
Epoca 691, RMS = 0.34175
Epoca 692, RMS = 0.34157
Epoca 693, RMS = 0.34139
Epoca 694, RMS = 0.34121
Epoca 695, RMS = 0.34104
Epoca 696, RMS = 0.34088
Epoca 697, RMS = 0.34072
Epoca 698, RMS = 0.34057
Epoca 699, RMS = 0.34043
Epoca 700, RMS = 0.34030
Epoca 701, RMS = 0.34018
Epoca 702, RMS = 0.34007
Epoca 703, RMS = 0.33998
Epoca 704, RMS = 0.33989
Epoca 705, RMS = 0.33983
Epoca 706, RMS = 0.33978
Epoca 707, RMS = 0.33976
Epoca 708, RMS = 0.33976
Epoca 709, RMS = 0.33978
Epoca 710, RMS = 0.33985
Epoca 711, RMS = 0.33995
Epoca 712, RMS = 0.34011
Epoca 713, RMS = 0.34032
Epoca 714, RMS = 0.34061
Epoca 715, RMS = 0.34100
Epoca 716, RMS = 0.34151
Epoca 717, RMS = 0.34218
Epoca 718, RMS = 0.34309
Epoca 719, RMS = 0.34432
Epoca 720, RMS = 0.34606
Epoca 721, RMS = 0.34862
Epoca 722, RMS = 0.35269
Epoca 723, RMS = 0.35984
Epoca 724, RMS = 0.37289
Epoca 725, RMS = 0.38845
Epoca 726, RMS = 0.39956
Epoca 727, RMS = 0.40434
Epoca 728, RMS = 0.40636
Epoca 729, RMS = 0.40850
Epoca 730, RMS = 0.41024
Epoca 731, RMS = 0.41062
Epoca 732, RMS = 0.40956
Epoca 733, RMS = 0.40753
Epoca 734, RMS = 0.40510
Epoca 735, RMS = 0.40268
Epoca 736, RMS = 0.40049
Epoca 737, RMS = 0.39862
Epoca 738, RMS = 0.39707
Epoca 739, RMS = 0.39584
Epoca 740, RMS = 0.39489
Epoca 741, RMS = 0.39419
Epoca 742, RMS = 0.39371
Epoca 743, RMS = 0.39341
Epoca 744, RMS = 0.39328
Epoca 745, RMS = 0.39329
Epoca 746, RMS = 0.39341
Epoca 747, RMS = 0.39361
Epoca 748, RMS = 0.39387
Epoca 749, RMS = 0.39417
Epoca 750, RMS = 0.39448
Epoca 751, RMS = 0.39480
Epoca 752, RMS = 0.39512
Epoca 753, RMS = 0.39541
Epoca 754, RMS = 0.39569
Epoca 755, RMS = 0.39595
Epoca 756, RMS = 0.39619
Epoca 757, RMS = 0.39640
Epoca 758, RMS = 0.39660
Epoca 759, RMS = 0.39677
Epoca 760, RMS = 0.39693
Epoca 761, RMS = 0.39707
Epoca 762, RMS = 0.39720
Epoca 763, RMS = 0.39731
Epoca 764, RMS = 0.39741
Epoca 765, RMS = 0.39750
Epoca 766, RMS = 0.39758
Epoca 767, RMS = 0.39765
Epoca 768, RMS = 0.39772
Epoca 769, RMS = 0.39778
Epoca 770, RMS = 0.39783
Epoca 771, RMS = 0.39787
Epoca 772, RMS = 0.39791
Epoca 773, RMS = 0.39794
Epoca 774, RMS = 0.39797
Epoca 775, RMS = 0.39800
Epoca 776, RMS = 0.39802
Epoca 777, RMS = 0.39804
Epoca 778, RMS = 0.39805
Epoca 779, RMS = 0.39806
Epoca 780, RMS = 0.39807
Epoca 781, RMS = 0.39807
Epoca 782, RMS = 0.39808
Epoca 783, RMS = 0.39808
Epoca 784, RMS = 0.39808
Epoca 785, RMS = 0.39807
Epoca 786, RMS = 0.39807
Epoca 787, RMS = 0.39806
Epoca 788, RMS = 0.39805
Epoca 789, RMS = 0.39804
Epoca 790, RMS = 0.39803
Epoca 791, RMS = 0.39801
Epoca 792, RMS = 0.39800
Epoca 793, RMS = 0.39798
Epoca 794, RMS = 0.39797
Epoca 795, RMS = 0.39795
Epoca 796, RMS = 0.39793
Epoca 797, RMS = 0.39791
Epoca 798, RMS = 0.39789
Epoca 799, RMS = 0.39787
Epoca 800, RMS = 0.39784
Epoca 801, RMS = 0.39782
Epoca 802, RMS = 0.39780
Epoca 803, RMS = 0.39777
Epoca 804, RMS = 0.39774
Epoca 805, RMS = 0.39772
Epoca 806, RMS = 0.39769
Epoca 807, RMS = 0.39766
Epoca 808, RMS = 0.39763
Epoca 809, RMS = 0.39761
Epoca 810, RMS = 0.39758
Epoca 811, RMS = 0.39755
Epoca 812, RMS = 0.39752
Epoca 813, RMS = 0.39749
Epoca 814, RMS = 0.39745
Epoca 815, RMS = 0.39742
Epoca 816, RMS = 0.39739
Epoca 817, RMS = 0.39736
Epoca 818, RMS = 0.39732
Epoca 819, RMS = 0.39729
Epoca 820, RMS = 0.39726
Epoca 821, RMS = 0.39722
Epoca 822, RMS = 0.39719
Epoca 823, RMS = 0.39715
Epoca 824, RMS = 0.39712
Epoca 825, RMS = 0.39708
Epoca 826, RMS = 0.39705
Epoca 827, RMS = 0.39701
Epoca 828, RMS = 0.39698
Epoca 829, RMS = 0.39694
Epoca 830, RMS = 0.39690
Epoca 831, RMS = 0.39687
Epoca 832, RMS = 0.39683
Epoca 833, RMS = 0.39679
Epoca 834, RMS = 0.39675
Epoca 835, RMS = 0.39671
Epoca 836, RMS = 0.39667
Epoca 837, RMS = 0.39664
Epoca 838, RMS = 0.39660
Epoca 839, RMS = 0.39656
Epoca 840, RMS = 0.39652
Epoca 841, RMS = 0.39648
Epoca 842, RMS = 0.39644
Epoca 843, RMS = 0.39640
Epoca 844, RMS = 0.39635
Epoca 845, RMS = 0.39631
Epoca 846, RMS = 0.39627
Epoca 847, RMS = 0.39623
Epoca 848, RMS = 0.39619
Epoca 849, RMS = 0.39614
Epoca 850, RMS = 0.39610
Epoca 851, RMS = 0.39606
Epoca 852, RMS = 0.39601
Epoca 853, RMS = 0.39597
Epoca 854, RMS = 0.39592
Epoca 855, RMS = 0.39588
Epoca 856, RMS = 0.39583
Epoca 857, RMS = 0.39579
Epoca 858, RMS = 0.39574
Epoca 859, RMS = 0.39570
Epoca 860, RMS = 0.39565
Epoca 861, RMS = 0.39560
Epoca 862, RMS = 0.39556
Epoca 863, RMS = 0.39551
Epoca 864, RMS = 0.39546
Epoca 865, RMS = 0.39541
Epoca 866, RMS = 0.39536
Epoca 867, RMS = 0.39531
Epoca 868, RMS = 0.39526
Epoca 869, RMS = 0.39521
Epoca 870, RMS = 0.39516
Epoca 871, RMS = 0.39511
Epoca 872, RMS = 0.39506
Epoca 873, RMS = 0.39500
Epoca 874, RMS = 0.39495
Epoca 875, RMS = 0.39490
Epoca 876, RMS = 0.39484
Epoca 877, RMS = 0.39479
Epoca 878, RMS = 0.39473
Epoca 879, RMS = 0.39468
Epoca 880, RMS = 0.39462
Epoca 881, RMS = 0.39456
Epoca 882, RMS = 0.39451
Epoca 883, RMS = 0.39445
Epoca 884, RMS = 0.39439
Epoca 885, RMS = 0.39433
Epoca 886, RMS = 0.39427
Epoca 887, RMS = 0.39421
Epoca 888, RMS = 0.39415
Epoca 889, RMS = 0.39408
Epoca 890, RMS = 0.39402
Epoca 891, RMS = 0.39396
Epoca 892, RMS = 0.39389
Epoca 893, RMS = 0.39383
Epoca 894, RMS = 0.39376
Epoca 895, RMS = 0.39370
Epoca 896, RMS = 0.39363
Epoca 897, RMS = 0.39356
Epoca 898, RMS = 0.39349
Epoca 899, RMS = 0.39342
Epoca 900, RMS = 0.39335
Epoca 901, RMS = 0.39328
Epoca 902, RMS = 0.39321
Epoca 903, RMS = 0.39313
Epoca 904, RMS = 0.39306
Epoca 905, RMS = 0.39299
Epoca 906, RMS = 0.39291
Epoca 907, RMS = 0.39283
Epoca 908, RMS = 0.39275
Epoca 909, RMS = 0.39267
Epoca 910, RMS = 0.39259
Epoca 911, RMS = 0.39251
Epoca 912, RMS = 0.39243
Epoca 913, RMS = 0.39235
Epoca 914, RMS = 0.39226
Epoca 915, RMS = 0.39218
Epoca 916, RMS = 0.39209
Epoca 917, RMS = 0.39200
Epoca 918, RMS = 0.39191
Epoca 919, RMS = 0.39182
Epoca 920, RMS = 0.39173
Epoca 921, RMS = 0.39163
Epoca 922, RMS = 0.39154
Epoca 923, RMS = 0.39144
Epoca 924, RMS = 0.39135
Epoca 925, RMS = 0.39125
Epoca 926, RMS = 0.39115
Epoca 927, RMS = 0.39104
Epoca 928, RMS = 0.39094
Epoca 929, RMS = 0.39083
Epoca 930, RMS = 0.39072
Epoca 931, RMS = 0.39061
Epoca 932, RMS = 0.39050
Epoca 933, RMS = 0.39039
Epoca 934, RMS = 0.39027
Epoca 935, RMS = 0.39016
Epoca 936, RMS = 0.39004
Epoca 937, RMS = 0.38992
Epoca 938, RMS = 0.38979
Epoca 939, RMS = 0.38966
Epoca 940, RMS = 0.38953
Epoca 941, RMS = 0.38940
Epoca 942, RMS = 0.38927
Epoca 943, RMS = 0.38913
Epoca 944, RMS = 0.38899
Epoca 945, RMS = 0.38885
Epoca 946, RMS = 0.38870
Epoca 947, RMS = 0.38855
Epoca 948, RMS = 0.38839
Epoca 949, RMS = 0.38824
Epoca 950, RMS = 0.38807
Epoca 951, RMS = 0.38791
Epoca 952, RMS = 0.38773
Epoca 953, RMS = 0.38756
Epoca 954, RMS = 0.38738
Epoca 955, RMS = 0.38719
Epoca 956, RMS = 0.38699
Epoca 957, RMS = 0.38679
Epoca 958, RMS = 0.38659
Epoca 959, RMS = 0.38637
Epoca 960, RMS = 0.38615
Epoca 961, RMS = 0.38591
Epoca 962, RMS = 0.38567
Epoca 963, RMS = 0.38541
Epoca 964, RMS = 0.38514
Epoca 965, RMS = 0.38486
Epoca 966, RMS = 0.38457
Epoca 967, RMS = 0.38425
Epoca 968, RMS = 0.38392
Epoca 969, RMS = 0.38357
Epoca 970, RMS = 0.38319
Epoca 971, RMS = 0.38278
Epoca 972, RMS = 0.38234
Epoca 973, RMS = 0.38187
Epoca 974, RMS = 0.38135
Epoca 975, RMS = 0.38079
Epoca 976, RMS = 0.38018
Epoca 977, RMS = 0.37951
Epoca 978, RMS = 0.37877
Epoca 979, RMS = 0.37798
Epoca 980, RMS = 0.37714
Epoca 981, RMS = 0.37630
Epoca 982, RMS = 0.37560
Epoca 983, RMS = 0.37534
Epoca 984, RMS = 0.37625
Epoca 985, RMS = 0.37989
Epoca 986, RMS = 0.38841
Epoca 987, RMS = 0.40126
Epoca 988, RMS = 0.41112
Epoca 989, RMS = 0.41172
Epoca 990, RMS = 0.40419
Epoca 991, RMS = 0.39162
Epoca 992, RMS = 0.37592
Epoca 993, RMS = 0.35851
Epoca 994, RMS = 0.34181
Epoca 995, RMS = 0.32910
Epoca 996, RMS = 0.32208
Epoca 997, RMS = 0.31965
Epoca 998, RMS = 0.31945
Epoca 999, RMS = 0.31953
Epoca 1000, RMS = 0.31879

##################TEST##################
Z[0] = -0.10
Z[1] = 0.88
Y_IN 0.55
T[0] = 0 Y[0] = 0.27
Y_IN 1.89
T[1] = 1 Y[1] = 0.74
Z[0] = -0.76
Z[1] = 0.96
Y_IN 0.98
T[0] = 1 Y[0] = 0.45
Y_IN 1.35
T[1] = 0 Y[1] = 0.59
Z[0] = 0.11
Z[1] = 0.69
Y_IN 0.46
T[0] = 0 Y[0] = 0.23
Y_IN 2.00
T[1] = 1 Y[1] = 0.76
Z[0] = -0.66
Z[1] = 0.89
Y_IN 0.93
T[0] = 0 Y[0] = 0.43
Y_IN 1.42
T[1] = 1 Y[1] = 0.61
