0.00 -0.36 
-0.14 0.39 
-0.09 0.41 
0.04 -0.48 
-0.31 0.40 -0.21 0.48 

##################LEARN##################
0.70286
0.51411
0.46559
0.44757
0.43996
0.43773
0.43730
0.43655
0.43463
0.43126
0.42649
0.42100
0.41678
0.41622
0.41763
0.41592
0.41017
0.40272
0.39606
0.39122
0.38712
0.38300
0.37886
0.37476
0.37062
0.36584
0.35976
0.35258
0.34544
0.33967
0.33570
0.33283
0.33023
0.32756
0.32468
0.32144
0.31770
0.31343
0.30867
0.30354
0.29817
0.29271
0.28747
0.28280
0.27890
0.27564
0.27264
0.26954
0.26612
0.26234
0.25827
0.25406
0.24993
0.24609
0.24270
0.23980
0.23726
0.23482
0.23227
0.22944
0.22626
0.22273
0.21891
0.21486
0.21067
0.20640
0.20210
0.19779
0.19349
0.18921
0.18496
0.18074
0.17655
0.17239
0.16824
0.16410
0.15997
0.15585
0.15173
0.14765
0.14361
0.13963
0.13572
0.13191
0.12820
0.12461
0.12113
0.11778
0.11454
0.11143
0.10843
0.10555
0.10278
0.10012
0.09756
0.09511
0.09276
0.09050
0.08834
0.08626
0.08427
0.08236
0.08052
0.07876
0.07706
0.07543
0.07386
0.07234
0.07089
0.06948
0.06812
0.06681
0.06555
0.06432
0.06314
0.06200
0.06090
0.05983
0.05879
0.05779
0.05682
0.05588
0.05497
0.05409
0.05324
0.05241
0.05161
0.05083
0.05008
0.04935
0.04864
0.04796
0.04729
0.04665
0.04602
0.04542
0.04483
0.04426
0.04371
0.04318
0.04266
0.04216
0.04167
0.04120
0.04075
0.04031
0.03988
0.03947
0.03906
0.03868
0.03830
0.03794
0.03759
0.03724
0.03691
0.03660
0.03629
0.03599
0.03570
0.03542
0.03515
0.03489
0.03464
0.03439
0.03416
0.03393
0.03371
0.03350
0.03329
0.03310
0.03291
0.03272
0.03255
0.03237
0.03221
0.03205
0.03190
0.03175
0.03161
0.03148
0.03135
0.03122
0.03110
0.03099
0.03088
0.03078
0.03068
0.03058
0.03049
0.03041
0.03032
0.03025
0.03017
0.03010
0.03004
0.02997
0.02992
0.02986
0.02981
0.02976
0.02972
0.02968
0.02964
0.02961
0.02958
0.02955
0.02952
0.02950
0.02948
0.02947
0.02945
0.02944
0.02943
0.02943
0.02942
0.02942
0.02942
0.02943
0.02943
0.02944
0.02945
0.02946
0.02947
0.02949
0.02950
0.02952
0.02954
0.02956
0.02959
0.02961
0.02964
0.02966
0.02969
0.02972
0.02975
0.02978
0.02981
0.02985
0.02988
0.02991
0.02995
0.02998
0.03002
0.03005
0.03009
0.03012
0.03016
0.03020
0.03023
0.03027
0.03030
0.03034
0.03038
0.03041
0.03045
0.03048
0.03051
0.03055
0.03058
0.03061
0.03064
0.03067
0.03070
0.03073
0.03075
0.03078
0.03081
0.03083
0.03085
0.03087
0.03089
0.03091
0.03093
0.03094
0.03096
0.03097
0.03098
0.03099
0.03100
0.03101
0.03101
0.03102
0.03102
0.03102
0.03102
0.03101
0.03101
0.03100
0.03099
0.03098
0.03097
0.03095
0.03094
0.03092
0.03090
0.03088
0.03085
0.03083
0.03080
0.03077
0.03074
0.03071
0.03068
0.03064
0.03060
0.03056
0.03052
0.03048
0.03044
0.03039
0.03034
0.03029
0.03024
0.03019
0.03014
0.03008
0.03003
0.02997
0.02991
0.02985
0.02979
0.02973
0.02966
0.02960
0.02953
0.02946
0.02939
0.02933
0.02926
0.02918
0.02911
0.02904
0.02897
0.02889
0.02882
0.02874
0.02867
0.02859
0.02851
0.02844
0.02836
0.02828
0.02820
0.02813
0.02805
0.02797
0.02789
0.02782
0.02774
0.02766
0.02758
0.02751
0.02743
0.02736
0.02728
0.02721
0.02713
0.02706
0.02699
0.02692
0.02685
0.02678
0.02671
0.02665
0.02658
0.02652
0.02646
0.02640
0.02634
0.02628
0.02623
0.02617
0.02612
0.02607
0.02603
0.02598
0.02594
0.02590
0.02586
0.02582
0.02579
0.02576
0.02573
0.02570
0.02568
0.02566
0.02564
0.02563
0.02562
0.02561
0.02560
0.02560
0.02560
0.02560
0.02561
0.02562
0.02563
0.02565
0.02566
0.02569
0.02571
0.02574
0.02577
0.02580
0.02584
0.02588
0.02592
0.02597
0.02601
0.02606
0.02612
0.02617
0.02623
0.02629
0.02636
0.02642
0.02649
0.02656
0.02663
0.02671
0.02678
0.02686
0.02694
0.02702
0.02711
0.02719
0.02728
0.02736
0.02745
0.02754
0.02763
0.02772
0.02781
0.02790
0.02799
0.02808
0.02817
0.02826
0.02834
0.02843
0.02852
0.02860
0.02868
0.02876
0.02884
0.02892
0.02899
0.02906
0.02912
0.02918
0.02923
0.02928
0.02932
0.02936
0.02938
0.02940
0.02941
0.02941
0.02940
0.02938
0.02934
0.02929
0.02923
0.02915
0.02905
0.02894
0.02881
0.02865
0.02848
0.02828
0.02806
0.02782
0.02756
0.02727
0.02695
0.02661
0.02625
0.02587
0.02547
0.02504
0.02461
0.02415
0.02369
0.02322
0.02275
0.02227
0.02180
0.02134
0.02088
0.02043
0.01999
0.01958
0.01917
0.01879
0.01842
0.01807
0.01774
0.01743
0.01714
0.01687
0.01661
0.01638
0.01616
0.01596
0.01577
0.01560
0.01544
0.01530
0.01517
0.01505
0.01495
0.01486
0.01478
0.01471
0.01465
0.01460
0.01456
0.01452
0.01450
0.01448
0.01447
0.01447
0.01447
0.01448
0.01450
0.01452
0.01454
0.01457
0.01460
0.01463
0.01467
0.01470
0.01474
0.01478
0.01483
0.01487
0.01491
0.01495
0.01499
0.01503
0.01506
0.01510
0.01513
0.01516
0.01519
0.01521
0.01523
0.01525
0.01526
0.01527
0.01527
0.01527
0.01527
0.01526
0.01525
0.01523
0.01520
0.01517
0.01514
0.01510
0.01505
0.01500
0.01495
0.01489
0.01482
0.01475
0.01468
0.01460
0.01452
0.01443
0.01434
0.01424
0.01414
0.01404
0.01393
0.01382
0.01371
0.01359
0.01347
0.01335
0.01323
0.01311
0.01298
0.01285
0.01273
0.01260
0.01247
0.01234
0.01221
0.01208
0.01196
0.01183
0.01170
0.01158
0.01146
0.01134
0.01122
0.01110
0.01098
0.01087
0.01076
0.01066
0.01055
0.01045
0.01035
0.01026
0.01016
0.01008
0.00999
0.00991
0.00983
0.00975
0.00968
0.00961
0.00954
0.00948
0.00941
0.00936
0.00930
0.00925
0.00920
0.00915
0.00910
0.00906
0.00902
0.00898
0.00895
0.00891
0.00888
0.00885
0.00882
0.00880
0.00877
0.00875
0.00873
0.00871
0.00869
0.00867
0.00865
0.00864
0.00862
0.00861
0.00859
0.00858
0.00857
0.00856
0.00855
0.00854
0.00853
0.00852
0.00852
0.00851
0.00850
0.00850
0.00849
0.00849
0.00848
0.00848
0.00848
0.00847
0.00847
0.00847
0.00846
0.00846
0.00846
0.00846
0.00846
0.00846
0.00846
0.00846
0.00846
0.00847
0.00847
0.00847
0.00847
0.00848
0.00848
0.00849
0.00849
0.00850
0.00850
0.00851
0.00852
0.00853
0.00854
0.00855
0.00856
0.00857
0.00858
0.00860
0.00861
0.00862
0.00864
0.00866
0.00868
0.00869
0.00871
0.00874
0.00876
0.00878
0.00881
0.00883
0.00886
0.00889
0.00892
0.00895
0.00898
0.00902
0.00905
0.00909
0.00913
0.00917
0.00921
0.00926
0.00930
0.00935
0.00940
0.00945
0.00950
0.00956
0.00961
0.00967
0.00973
0.00979
0.00986
0.00993
0.01000
0.01007
0.01014
0.01021
0.01029
0.01037
0.01045
0.01054
0.01063
0.01071
0.01081
0.01090
0.01100
0.01109
0.01120
0.01130
0.01141
0.01151
0.01163
0.01174
0.01186
0.01197
0.01210
0.01222
0.01235
0.01248
0.01261
0.01275
0.01288
0.01303
0.01317
0.01332
0.01347
0.01362
0.01378
0.01393
0.01410
0.01426
0.01443
0.01460
0.01478
0.01496
0.01514
0.01533
0.01552
0.01571
0.01591
0.01611
0.01632
0.01653
0.01674
0.01696
0.01718
0.01741
0.01764
0.01787
0.01811
0.01836
0.01861
0.01886
0.01912
0.01939
0.01966
0.01993
0.02021
0.02049
0.02078
0.02107
0.02137
0.02167
0.02198
0.02229
0.02260
0.02292
0.02324
0.02356
0.02389
0.02422
0.02454
0.02487
0.02520
0.02552
0.02584
0.02616
0.02647
0.02678
0.02708
0.02737
0.02765
0.02791
0.02816
0.02839
0.02860
0.02879
0.02896
0.02910
0.02920
0.02928
0.02932
0.02933
0.02929
0.02922
0.02909
0.02893
0.02871
0.02845
0.02813
0.02776
0.02734
0.02687
0.02636
0.02579
0.02518
0.02453
0.02383
0.02311
0.02236
0.02158
0.02079
0.01999
0.01919
0.01839
0.01761
0.01684
0.01609
0.01537
0.01468
0.01404
0.01342
0.01285
0.01233
0.01184
0.01140
0.01100
0.01064
0.01032
0.01003
0.00978
0.00956
0.00938
0.00922
0.00908
0.00897
0.00887
0.00880
0.00873
0.00869
0.00865
0.00862
0.00860
0.00858
0.00857
0.00856
0.00855
0.00855
0.00854
0.00854
0.00854
0.00853
0.00853
0.00852
0.00852
0.00851
0.00850
0.00849
0.00847
0.00846
0.00844
0.00843
0.00841
0.00839
0.00836
0.00834
0.00831
0.00829
0.00826
0.00823
0.00820
0.00817
0.00814
0.00810
0.00807
0.00803
0.00800
0.00796
0.00792
0.00788
0.00784
0.00780
0.00776
0.00772
0.00768
0.00763
0.00759
0.00755
0.00751
0.00746
0.00742
0.00738
0.00733
0.00729
0.00725
0.00720
0.00716
0.00712
0.00708
0.00704
0.00700
0.00696
0.00692
0.00689
0.00685
0.00682
0.00679
0.00676
0.00673
0.00671
0.00669
0.00667
0.00666
0.00665
0.00665
0.00665
0.00666
0.00667
0.00669
0.00672
0.00675
0.00680
0.00685
0.00691
0.00699
0.00707
0.00717
0.00727
0.00739
0.00752
0.00767
0.00782
0.00799
0.00817
0.00837
0.00857
0.00878
0.00901
0.00924
0.00948
0.00973
0.00997
0.01022
0.01047
0.01072
0.01097
0.01120
0.01143
0.01165
0.01186
0.01205
0.01223
0.01239
0.01253
0.01266
0.01276
0.01285
0.01292
0.01298
0.01301
0.01303
0.01303
0.01302
0.01299
0.01294
0.01289
0.01283

##################TEST##################
Z[0] = 0.80
Z[1] = -0.42
Y_IN 0.03
T[0] = 0 Y[0] = 0.02
Y_IN 5.61
T[1] = 1 Y[1] = 0.99
Z[0] = 1.00
Z[1] = -0.34
Y_IN -0.28
T[0] = 0 Y[0] = -0.14
Y_IN 6.14
T[1] = 1 Y[1] = 1.00
Z[0] = -0.91
Z[1] = -0.38
Y_IN 3.12
T[0] = 1 Y[0] = 0.92
Y_IN -0.00
T[1] = 0 Y[1] = -0.00
Z[0] = 0.72
Z[1] = -0.31
Y_IN 0.23
T[0] = 0 Y[0] = 0.11
Y_IN 5.21
T[1] = 1 Y[1] = 0.99
