0.00 -0.36 
-0.14 0.39 
-0.09 0.41 
0.04 -0.48 
-0.31 0.40 -0.21 0.48 

##################LEARN##################
0.85667
0.64778
0.59135
0.57785
0.57599
0.57642
0.57652
0.57555
0.57330
0.56972
0.56508
0.56026
0.55686
0.55596
0.55620
0.55563
0.55419
0.55263
0.55125
0.55007
0.54909
0.54849
0.54836
0.54867
0.54924
0.54994
0.55064
0.55114
0.55124
0.55083
0.54998
0.54893
0.54804
0.54761
0.54777
0.54838
0.54917
0.54985
0.55022
0.55019
0.54979
0.54915
0.54847
0.54796
0.54775
0.54787
0.54828
0.54885
0.54942
0.54979
0.54983
0.54952
0.54899
0.54845
0.54812
0.54817
0.54862
0.54935
0.55015
0.55084
0.55126
0.55136
0.55116
0.55073
0.55017
0.54956
0.54896
0.54846
0.54814
0.54808
0.54828
0.54859
0.54885
0.54891
0.54875
0.54845
0.54818
0.54815
0.54849
0.54919
0.55010
0.55103
0.55185
0.55249
0.55289
0.55302
0.55285
0.55237
0.55155
0.55045
0.54916
0.54794
0.54710
0.54690
0.54729
0.54796
0.54854
0.54877
0.54858
0.54808
0.54758
0.54753
0.54824
0.54963
0.55127
0.55277
0.55401
0.55495
0.55555
0.55575
0.55550
0.55473
0.55344
0.55165
0.54950
0.54742
0.54606
0.54602
0.54717
0.54875
0.55002
0.55056
0.55028
0.54928
0.54790
0.54687
0.54721
0.54930
0.55213
0.55452
0.55626
0.55750
0.55830
0.55862
0.55839
0.55758
0.55613
0.55396
0.55111
0.54796
0.54562
0.54552
0.54777
0.55077
0.55313
0.55436
0.55443
0.55340
0.55135
0.54866
0.54646
0.54674
0.55010
0.55403
0.55682
0.55872
0.56002
0.56076
0.56093
0.56050
0.55943
0.55761
0.55490
0.55122
0.54715
0.54479
0.54650
0.55095
0.55500
0.55754
0.55868
0.55866
0.55756
0.55531
0.55191
0.54791
0.54557
0.54779
0.55273
0.55672
0.55949
0.56140
0.56258
0.56307
0.56294
0.56218
0.56073
0.55839
0.55489
0.55014
0.54540
0.54476
0.54992
0.55587
0.55974
0.56181
0.56265
0.56254
0.56152
0.55945
0.55608
0.55130
0.54635
0.54544
0.55036
0.55590
0.55997
0.56277
0.56451
0.56541
0.56563
0.56529
0.56438
0.56280
0.56030
0.55645
0.55088
0.54501
0.54498
0.55248
0.55936
0.56325
0.56528
0.56622
0.56641
0.56593
0.56471
0.56252
0.55898
0.55363
0.54717
0.54480
0.55036
0.55717
0.56214
0.56533
0.56721
0.56820
0.56856
0.56845
0.56794
0.56696
0.56537
0.56282
0.55872
0.55235
0.54498
0.54543
0.55537
0.56277
0.56650
0.56842
0.56941
0.56981
0.56977
0.56928
0.56827
0.56652
0.56365
0.55900
0.55192
0.54506
0.54766
0.55631
0.56304
0.56714
0.56946
0.57072
0.57133
0.57152
0.57144
0.57111
0.57049
0.56946
0.56777
0.56503
0.56044
0.55288
0.54428
0.54813
0.56037
0.56686
0.56982
0.57135
0.57219
0.57264
0.57282
0.57276
0.57243
0.57173
0.57052
0.56854
0.56529
0.55982
0.55120
0.54492
0.55212
0.56189
0.56777
0.57087
0.57250
0.57335
0.57380
0.57404
0.57415
0.57413
0.57395
0.57352
0.57274
0.57145
0.56937
0.56594
0.55996
0.54991
0.54402
0.55756
0.56733
0.57111
0.57289
0.57391
0.57459
0.57509
0.57545
0.57564
0.57565
0.57543
0.57493
0.57409
0.57276
0.57069
0.56729
0.56138
0.55150
0.54593
0.55657
0.56627
0.57102
0.57335
0.57461
0.57538
0.57590
0.57630
0.57660
0.57679
0.57685
0.57675
0.57647
0.57597
0.57519
0.57401
0.57221
0.56931
0.56422
0.55463
0.54401
0.55677
0.56869
0.57268
0.57451
0.57562
0.57641
0.57702
0.57749
0.57782
0.57803
0.57809
0.57801
0.57779
0.57740
0.57680
0.57594
0.57468
0.57278
0.56974
0.56434
0.55438
0.54661
0.55831
0.56871
0.57319
0.57531
0.57645
0.57714
0.57762
0.57800
0.57831
0.57855
0.57872
0.57880
0.57879
0.57867
0.57842
0.57804
0.57748
0.57669
0.57555
0.57387
0.57117
0.56634
0.55652
0.54463
0.56058
0.57162
0.57486
0.57635
0.57727
0.57794
0.57848
0.57892
0.57927
0.57953
0.57969
0.57976
0.57974
0.57963
0.57942
0.57911
0.57869
0.57813
0.57737
0.57633
0.57480
0.57236
0.56799
0.55919
0.54809
0.55802
0.57032
0.57485
0.57676
0.57773
0.57833
0.57878
0.57918
0.57953
0.57983
0.58008
0.58026
0.58036
0.58038
0.58032
0.58019
0.57999
0.57971
0.57935
0.57889
0.57827
0.57744
0.57624
0.57437
0.57116
0.56470
0.55093
0.55080
0.57120
0.57580
0.57735
0.57821
0.57885
0.57940
0.57988
0.58030
0.58063
0.58087
0.58103
0.58111
0.58111
0.58105
0.58095
0.58080
0.58062
0.58040
0.58013
0.57979
0.57933
0.57872
0.57784
0.57652
0.57439
0.57051
0.56220
0.54971
0.55976
0.57255
0.57651
0.57804
0.57882
0.57936
0.57983
0.58026
0.58064
0.58097
0.58123
0.58141
0.58151
0.58155
0.58153
0.58148
0.58140
0.58130
0.58119
0.58104
0.58086
0.58062
0.58031
0.57989
0.57931
0.57851
0.57731
0.57541
0.57200
0.56455
0.54920
0.56045
0.57526
0.57787
0.57884
0.57948
0.58003
0.58053
0.58099
0.58139
0.58170
0.58191
0.58204
0.58210
0.58211
0.58209
0.58206
0.58202
0.58198
0.58192
0.58184
0.58174
0.58159
0.58140
0.58115
0.58082
0.58037
0.57977
0.57892
0.57763
0.57549
0.57140
0.56189
0.55035
0.56685
0.57614
0.57852
0.57945
0.58002
0.58051
0.58098
0.58141
0.58179
0.58209
0.58229
0.58240
0.58246
0.58247
0.58248
0.58248
0.58248
0.58248
0.58246
0.58243
0.58237
0.58229
0.58217
0.58202
0.58184
0.58160
0.58130
0.58090
0.58036
0.57961
0.57850
0.57670
0.57338
0.56570
0.54987
0.56661
0.57766
0.57939
0.58005
0.58055
0.58105
0.58154
0.58200
0.58237
0.58264
0.58280
0.58288
0.58291
0.58293
0.58296
0.58298
0.58301
0.58303
0.58304
0.58303
0.58300
0.58295
0.58288
0.58280
0.58269
0.58256
0.58239
0.58219
0.58192
0.58157
0.58110
0.58044
0.57947
0.57791
0.57509
0.56873
0.55479
0.56103
0.57649
0.57942
0.58028
0.58079
0.58129
0.58179
0.58227
0.58267
0.58295
0.58311
0.58319
0.58322
0.58325
0.58329
0.58334
0.58339
0.58343
0.58345
0.58346
0.58345
0.58342
0.58339
0.58334
0.58329
0.58322
0.58314
0.58303
0.58289
0.58272
0.58251
0.58223
0.58188
0.58140
0.58073
0.57973
0.57811
0.57509
0.56784
0.55171
0.56970
0.57932
0.58058
0.58102
0.58143
0.58188
0.58237
0.58282
0.58316
0.58338
0.58349
0.58353
0.58357
0.58361
0.58367
0.58373
0.58379
0.58383
0.58385
0.58386
0.58385
0.58384
0.58382
0.58380
0.58377
0.58373
0.58368
0.58361
0.58353
0.58342
0.58329
0.58314
0.58294
0.58268
0.58235
0.58191
0.58129
0.58036
0.57887
0.57608
0.56946
0.55561
0.56721
0.57907
0.58076
0.58127
0.58170
0.58218
0.58269
0.58315
0.58349
0.58368
0.58376
0.58380
0.58384
0.58390
0.58397
0.58405
0.58411
0.58415
0.58417
0.58418
0.58418
0.58418
0.58418
0.58418
0.58417
0.58415
0.58412
0.58408
0.58403
0.58397
0.58390
0.58382
0.58371
0.58358
0.58342
0.58322
0.58297
0.58264
0.58219
0.58157
0.58063
0.57911
0.57623
0.56904
0.55340
0.57438
0.58100
0.58169
0.58194
0.58226
0.58269
0.58316
0.58357
0.58386
0.58401
0.58407
0.58411
0.58417
0.58424
0.58432
0.58439
0.58445
0.58448
0.58451
0.58452
0.58453
0.58455
0.58455
0.58456
0.58456
0.58455
0.58454
0.58452
0.58449
0.58446
0.58442
0.58437
0.58430
0.58423
0.58414
0.58403
0.58389
0.58372
0.58350
0.58322
0.58285
0.58234
0.58160
0.58043
0.57836
0.57376
0.56112
0.55815
0.58041
0.58222
0.58236
0.58257
0.58297
0.58346
0.58393
0.58427
0.58443
0.58449
0.58452
0.58456
0.58464
0.58473
0.58481
0.58488
0.58492
0.58494
0.58496
0.58498
0.58500
0.58502
0.58504
0.58505
0.58505
0.58505
0.58505
0.58504
0.58503
0.58501
0.58499
0.58496
0.58493
0.58488
0.58483
0.58477
0.58469
0.58459
0.58447
0.58432
0.58414
0.58390
0.58358
0.58314
0.58251
0.58153
0.57983
0.57622
0.56519
0.55118
0.58114
0.58328
0.58329
0.58324
0.58341
0.58377
0.58422
0.58462
0.58488
0.58499
0.58503
0.58506
0.58512
0.58520
0.58530
0.58538
0.58544
0.58548
0.58551
0.58554
0.58557
0.58560
0.58562
0.58565
0.58567
0.58568
0.58569
0.58570
0.58570
0.58570
0.58570
0.58569
0.58568
0.58566
0.58564
0.58561
0.58557
0.58552
0.58546
0.58539
0.58529
0.58518
0.58503
0.58484
0.58458
0.58425
0.58377
0.58308
0.58196
0.57994
0.57529
0.56182
0.56294
0.58216
0.58406
0.58422
0.58424
0.58442
0.58475
0.58516
0.58553
0.58581
0.58596
0.58604
0.58609
0.58615
0.58623
0.58632
0.58640
0.58648
0.58654
0.58660
0.58664
0.58667
0.58671
0.58675
0.58678
0.58681
0.58684
0.58687
0.58689
0.58690
0.58692
0.58693
0.58694
0.58694
0.58694
0.58694
0.58693
0.58692
0.58690
0.58687
0.58683
0.58678
0.58672
0.58665
0.58656
0.58644
0.58629
0.58610
0.58585
0.58552
0.58506
0.58439
0.58333
0.58147
0.57736
0.56465
0.56006
0.58556
0.58650
0.58665
0.58647
0.58623
0.58613
0.58620
0.58637
0.58661
0.58685
0.58706
0.58721
0.58731
0.58737
0.58740
0.58742
0.58744
0.58746
0.58748
0.58750
0.58752
0.58752
0.58752
0.58752
0.58750
0.58748
0.58746
0.58743
0.58739
0.58736
0.58732
0.58727
0.58722
0.58717
0.58711
0.58705
0.58698
0.58690
0.58682
0.58674
0.58664
0.58654
0.58643
0.58631
0.58617
0.58602
0.58586
0.58567

##################TEST##################
Z[0] = 0.30
Z[1] = -0.99
Y_IN 0.87
T[0] = 0 Y[0] = 0.41
Y_IN 1.10
T[1] = 1 Y[1] = 0.50
Z[0] = -0.09
Z[1] = -0.95
Y_IN 1.15
T[0] = 1 Y[0] = 0.52
Y_IN 1.20
T[1] = 0 Y[1] = 0.54
Z[0] = -0.39
Z[1] = -1.00
Y_IN 1.36
T[0] = 1 Y[0] = 0.59
Y_IN 1.28
T[1] = 0 Y[1] = 0.56
Z[0] = -0.67
Z[1] = -0.98
Y_IN 1.56
T[0] = 0 Y[0] = 0.65
Y_IN 1.35
T[1] = 1 Y[1] = 0.59
