0.46 -0.22 
0.30 0.29 
-0.49 -0.12 
0.48 0.07 
0.32 0.07 -0.36 0.33 

##################LEARN##################
1.09566
0.98159
0.88391
0.80599
0.74663
0.70136
0.66545
0.63603
0.61182
0.59209
0.57623
0.56363
0.55371
0.54593
0.53984
0.53509
0.53138
0.52846
0.52618
0.52437
0.52294
0.52181
0.52090
0.52017
0.51958
0.51910
0.51871
0.51839
0.51812
0.51789
0.51770
0.51754
0.51740
0.51728
0.51717
0.51708
0.51699
0.51692
0.51685
0.51679
0.51674
0.51669
0.51664
0.51660
0.51656
0.51652
0.51649
0.51646
0.51643
0.51641
0.51639
0.51637
0.51635
0.51633
0.51631
0.51630
0.51629
0.51627
0.51626
0.51625
0.51624
0.51624
0.51623
0.51622
0.51621
0.51621
0.51620
0.51619
0.51619
0.51618
0.51618
0.51617
0.51616
0.51615
0.51615
0.51614
0.51613
0.51612
0.51611
0.51610
0.51609
0.51608
0.51607
0.51606
0.51605
0.51603
0.51602
0.51601
0.51599
0.51598
0.51596
0.51595
0.51593
0.51592
0.51590
0.51589
0.51587
0.51586
0.51584
0.51583
0.51581
0.51580
0.51579
0.51577
0.51576
0.51575
0.51574
0.51573
0.51571
0.51571
0.51570
0.51569
0.51568
0.51568
0.51567
0.51567
0.51567
0.51566
0.51566
0.51566
0.51566
0.51567
0.51567
0.51567
0.51568
0.51568
0.51568
0.51569
0.51570
0.51570
0.51571
0.51572
0.51573
0.51573
0.51574
0.51575
0.51575
0.51576
0.51577
0.51578
0.51578
0.51579
0.51579
0.51580
0.51580
0.51581
0.51581
0.51581
0.51582
0.51582
0.51582
0.51582
0.51582
0.51582
0.51582
0.51582
0.51582
0.51582
0.51581
0.51581
0.51581
0.51581
0.51580
0.51580
0.51580
0.51580
0.51579
0.51579
0.51579
0.51579
0.51579
0.51578
0.51578
0.51578
0.51578
0.51578
0.51578
0.51579
0.51579
0.51579
0.51580
0.51580
0.51580
0.51581
0.51582
0.51582
0.51583
0.51584
0.51584
0.51585
0.51586
0.51587
0.51588
0.51589
0.51589
0.51590
0.51591
0.51592
0.51593
0.51594
0.51595
0.51596
0.51597
0.51597
0.51598
0.51599
0.51599
0.51600
0.51600
0.51600
0.51601
0.51601
0.51600
0.51600
0.51600
0.51599
0.51598
0.51596
0.51595
0.51592
0.51590
0.51586
0.51582
0.51577
0.51571
0.51564
0.51555
0.51545
0.51532
0.51517
0.51499
0.51477
0.51451
0.51421
0.51385
0.51346
0.51305
0.51268
0.51244
0.51251
0.51315
0.51461
0.51698
0.51998
0.52292
0.52502
0.52573
0.52498
0.52305
0.52040
0.51753
0.51490
0.51282
0.51146
0.51082
0.51078
0.51114
0.51173
0.51239
0.51301
0.51354
0.51394
0.51422
0.51438
0.51445
0.51443
0.51435
0.51422
0.51405
0.51385
0.51364
0.51341
0.51319
0.51296
0.51274
0.51254
0.51234
0.51217
0.51201
0.51189
0.51179
0.51172
0.51168
0.51166
0.51166
0.51168
0.51169
0.51171
0.51170
0.51168
0.51163
0.51156
0.51146
0.51134
0.51121
0.51107
0.51093
0.51079
0.51066
0.51053
0.51042
0.51031
0.51020
0.51010
0.51000
0.50989
0.50978
0.50967
0.50955
0.50942
0.50929
0.50915
0.50900
0.50886
0.50872
0.50858
0.50846
0.50834
0.50824
0.50816
0.50811
0.50807
0.50806
0.50807
0.50810
0.50814
0.50820
0.50828
0.50835
0.50844
0.50853
0.50862
0.50870
0.50879
0.50888
0.50897
0.50905
0.50913
0.50921
0.50928
0.50936
0.50942
0.50949
0.50954
0.50960
0.50964
0.50968
0.50972
0.50975
0.50977
0.50979
0.50980
0.50980
0.50980
0.50980
0.50979
0.50977
0.50975
0.50973
0.50970
0.50967
0.50964
0.50960
0.50956
0.50952
0.50947
0.50943
0.50937
0.50932
0.50926
0.50921
0.50915
0.50908
0.50902
0.50895
0.50888
0.50881
0.50874
0.50866
0.50859
0.50851
0.50843
0.50835
0.50827
0.50819
0.50811
0.50802
0.50794
0.50786
0.50778
0.50770
0.50762
0.50755
0.50748
0.50742
0.50737
0.50734
0.50732
0.50732
0.50733
0.50737
0.50743
0.50751
0.50762
0.50774
0.50789
0.50805
0.50822
0.50840
0.50859
0.50877
0.50895
0.50912
0.50928
0.50943
0.50957
0.50969
0.50980
0.50990
0.50999
0.51007
0.51014
0.51020
0.51025
0.51030
0.51034
0.51038
0.51041
0.51044
0.51046
0.51048
0.51050
0.51052
0.51053
0.51054
0.51055
0.51055
0.51056
0.51056
0.51055
0.51055
0.51054
0.51053
0.51051
0.51049
0.51046
0.51043
0.51039
0.51034
0.51029
0.51023
0.51016
0.51008
0.51000
0.50991
0.50981
0.50971
0.50960
0.50948
0.50936
0.50923
0.50909
0.50895
0.50881
0.50867
0.50853
0.50838
0.50824
0.50811
0.50798
0.50785
0.50774
0.50764
0.50755
0.50747
0.50741
0.50737
0.50733
0.50731
0.50730
0.50730
0.50731
0.50732
0.50734
0.50737
0.50740
0.50743
0.50746
0.50750
0.50754
0.50757
0.50761
0.50765
0.50768
0.50771
0.50774
0.50777
0.50780
0.50783
0.50785
0.50787
0.50789
0.50790
0.50792
0.50793
0.50794
0.50795
0.50795
0.50796
0.50796
0.50796
0.50796
0.50796
0.50795
0.50795
0.50794
0.50793
0.50791
0.50790
0.50788
0.50786
0.50783
0.50781
0.50778
0.50776
0.50773
0.50769
0.50766
0.50763
0.50759
0.50756
0.50752
0.50749
0.50745
0.50742
0.50739
0.50735
0.50732
0.50729
0.50726
0.50723
0.50721
0.50718
0.50716
0.50714
0.50713
0.50712
0.50712
0.50713
0.50715
0.50717
0.50721
0.50727
0.50734
0.50743
0.50753
0.50765
0.50779
0.50794
0.50811
0.50828
0.50846
0.50865
0.50883
0.50902
0.50920
0.50937
0.50953
0.50969
0.50983
0.50996
0.51009
0.51020
0.51030
0.51039
0.51048
0.51055
0.51062
0.51068
0.51073
0.51078
0.51082
0.51086
0.51089
0.51092
0.51094
0.51096
0.51097
0.51098
0.51099
0.51099
0.51098
0.51098
0.51096
0.51095
0.51092
0.51090
0.51086
0.51082
0.51077
0.51072
0.51066
0.51059
0.51052
0.51043
0.51034
0.51025
0.51015
0.51004
0.50992
0.50980
0.50967
0.50954
0.50941
0.50927
0.50913
0.50899
0.50885
0.50871
0.50858
0.50845
0.50833
0.50821
0.50810
0.50801
0.50792
0.50784
0.50777
0.50771
0.50765
0.50761
0.50757
0.50753
0.50750
0.50748
0.50745
0.50743
0.50741
0.50740
0.50739
0.50738
0.50737
0.50736
0.50736
0.50736
0.50736
0.50736
0.50736
0.50736
0.50736
0.50736
0.50736
0.50737
0.50737
0.50738
0.50738
0.50739
0.50739
0.50740
0.50740
0.50741
0.50741
0.50741
0.50742
0.50742
0.50742
0.50741
0.50741
0.50741
0.50740
0.50739
0.50738
0.50737
0.50736
0.50734
0.50733
0.50732
0.50730
0.50729
0.50727
0.50726
0.50725
0.50724
0.50723
0.50722
0.50722
0.50721
0.50721
0.50721
0.50722
0.50722
0.50723
0.50724
0.50726
0.50728
0.50731
0.50734
0.50737
0.50741
0.50746
0.50751
0.50758
0.50765
0.50774
0.50783
0.50794
0.50805
0.50818
0.50831
0.50845
0.50860
0.50875
0.50890
0.50906
0.50921
0.50936
0.50951
0.50965
0.50979
0.50991
0.51003
0.51014
0.51025
0.51034
0.51043
0.51051
0.51058
0.51065
0.51071
0.51076
0.51080
0.51084
0.51087
0.51090
0.51092
0.51093
0.51094
0.51094
0.51094
0.51094
0.51092
0.51091
0.51088
0.51085
0.51082
0.51078
0.51073
0.51068
0.51063
0.51056
0.51050
0.51042
0.51034
0.51026
0.51017
0.51007
0.50997
0.50987
0.50976
0.50964
0.50953
0.50941
0.50929
0.50918
0.50906
0.50894
0.50883
0.50872
0.50861
0.50851
0.50842
0.50832
0.50824
0.50816
0.50809
0.50802
0.50796
0.50790
0.50784
0.50779
0.50774
0.50769
0.50765
0.50761
0.50757
0.50754
0.50751
0.50748
0.50745
0.50743
0.50740
0.50738
0.50737
0.50735
0.50734
0.50733
0.50732
0.50731
0.50730
0.50730
0.50729
0.50729
0.50729
0.50729
0.50729
0.50729
0.50729
0.50730
0.50730
0.50730
0.50730
0.50730
0.50730
0.50731
0.50731
0.50731
0.50730
0.50730
0.50730
0.50730
0.50730
0.50729
0.50729
0.50729
0.50729
0.50729
0.50729
0.50729
0.50730
0.50730
0.50731
0.50732
0.50733
0.50734
0.50736
0.50738
0.50740
0.50742
0.50745
0.50748
0.50751
0.50754
0.50759
0.50763
0.50768
0.50773
0.50779
0.50786
0.50793
0.50801
0.50810
0.50819
0.50828
0.50839
0.50849
0.50860
0.50872
0.50883
0.50895
0.50907
0.50918
0.50930
0.50941
0.50951
0.50961
0.50971
0.50980
0.50989
0.50997
0.51004
0.51011
0.51017
0.51023
0.51028
0.51032
0.51036
0.51039
0.51042
0.51044
0.51046
0.51047
0.51047
0.51047
0.51046
0.51045
0.51043
0.51041
0.51038
0.51035
0.51031
0.51026
0.51022
0.51016
0.51011
0.51005
0.50998
0.50991
0.50984
0.50976
0.50968
0.50959
0.50951
0.50942
0.50933
0.50924
0.50915
0.50906
0.50897
0.50888
0.50880
0.50871
0.50863
0.50855
0.50847
0.50840
0.50833
0.50826
0.50820
0.50814
0.50808
0.50802
0.50797
0.50792
0.50787
0.50782
0.50778
0.50773
0.50769
0.50766
0.50762
0.50759
0.50756
0.50753
0.50751
0.50748
0.50746
0.50744
0.50743
0.50741
0.50740
0.50739
0.50738
0.50737
0.50736
0.50736
0.50736
0.50735
0.50735
0.50735
0.50735
0.50736
0.50736
0.50736
0.50736
0.50736
0.50737
0.50737
0.50737
0.50738
0.50738
0.50738
0.50739
0.50739
0.50739
0.50740
0.50740
0.50741
0.50741
0.50742
0.50743
0.50744
0.50745
0.50746
0.50747
0.50748
0.50750
0.50752
0.50754
0.50756
0.50758
0.50761
0.50763
0.50766
0.50770
0.50773
0.50777
0.50781
0.50786
0.50791
0.50796
0.50802
0.50808
0.50815
0.50821
0.50829
0.50836
0.50844
0.50852
0.50861
0.50869

##################TEST##################
Z[0] = -0.00
Z[1] = -0.24
Y_IN 1.14
T[0] = 1 Y[0] = 0.52
Y_IN 1.09
T[1] = 0 Y[1] = 0.50
Z[0] = -0.14
Z[1] = -0.18
Y_IN 1.20
T[0] = 0 Y[0] = 0.54
Y_IN 1.09
T[1] = 1 Y[1] = 0.50
Z[0] = 0.14
Z[1] = -0.15
Y_IN 1.05
T[0] = 1 Y[0] = 0.48
Y_IN 1.10
T[1] = 0 Y[1] = 0.50
Z[0] = 0.27
Z[1] = -0.21
Y_IN 0.99
T[0] = 0 Y[0] = 0.46
Y_IN 1.10
T[1] = 1 Y[1] = 0.50
