0.00 -0.36 
-0.14 0.39 
-0.09 0.41 
0.04 -0.48 
-0.31 0.40 -0.21 0.48 

##################LEARN##################
0.69361
0.49722
0.46766
0.45969
0.45666
0.45284
0.44614
0.43798
0.43204
0.42868
0.42603
0.42400
0.41969
0.41229
0.40243
0.39139
0.38221
0.37805
0.37590
0.37151
0.36627
0.36078
0.35436
0.34676
0.33801
0.32863
0.31996
0.31348
0.30931
0.30597
0.30196
0.29685
0.29089
0.28458
0.27845
0.27294
0.26824
0.26416
0.26023
0.25599
0.25118
0.24574
0.23982
0.23359
0.22714
0.22049
0.21363
0.20660
0.19944
0.19218
0.18487
0.17759
0.17041
0.16340
0.15659
0.15005
0.14381
0.13791
0.13238
0.12722
0.12244
0.11803
0.11398
0.11026
0.10684
0.10370
0.10081
0.09814
0.09566
0.09335
0.09118
0.08915
0.08723
0.08541
0.08367
0.08202
0.08044
0.07892
0.07746
0.07605
0.07468
0.07336
0.07207
0.07082
0.06960
0.06841
0.06724
0.06610
0.06497
0.06387
0.06278
0.06171
0.06066
0.05962
0.05860
0.05759
0.05660
0.05561
0.05464
0.05368
0.05273
0.05180
0.05087
0.04996
0.04906
0.04817
0.04729
0.04642
0.04557
0.04472
0.04389
0.04307
0.04227
0.04147
0.04069
0.03992
0.03916
0.03842
0.03769
0.03697
0.03626
0.03557
0.03490
0.03423
0.03358
0.03294
0.03232
0.03171
0.03111
0.03053
0.02996
0.02940
0.02885
0.02832
0.02780
0.02729
0.02680
0.02631
0.02584
0.02538
0.02493
0.02449
0.02406
0.02365
0.02324
0.02284
0.02245
0.02208
0.02171
0.02135
0.02100
0.02066
0.02032
0.02000
0.01968
0.01937
0.01907
0.01877
0.01849
0.01820
0.01793
0.01766
0.01740
0.01714
0.01689
0.01665
0.01641
0.01618
0.01595
0.01573
0.01551
0.01530
0.01509
0.01489
0.01469
0.01449
0.01430
0.01412
0.01394
0.01376
0.01359
0.01342
0.01325
0.01309
0.01293
0.01278
0.01262
0.01248
0.01233
0.01219
0.01205
0.01191
0.01178
0.01165
0.01153
0.01140
0.01128
0.01116
0.01105
0.01094
0.01083
0.01072
0.01062
0.01051
0.01041
0.01032
0.01022
0.01013
0.01004
0.00995
0.00986
0.00978
0.00970
0.00962
0.00954
0.00947
0.00940
0.00933
0.00926
0.00919
0.00913
0.00906
0.00900
0.00894
0.00889
0.00883
0.00878
0.00873
0.00868
0.00863
0.00858
0.00854
0.00850
0.00846
0.00842
0.00838
0.00835
0.00831
0.00828
0.00825
0.00822
0.00819
0.00817
0.00815
0.00812
0.00810
0.00808
0.00807
0.00805
0.00804
0.00803
0.00802
0.00801
0.00800
0.00800
0.00799
0.00799
0.00799
0.00799
0.00799
0.00800
0.00801
0.00801
0.00802
0.00804
0.00805
0.00806
0.00808
0.00810
0.00812
0.00814
0.00817
0.00819
0.00822
0.00825
0.00828
0.00832
0.00835
0.00839
0.00843
0.00847
0.00852
0.00856
0.00861
0.00866
0.00872
0.00877
0.00883
0.00889
0.00895
0.00902
0.00908
0.00915
0.00922
0.00930
0.00937
0.00945
0.00954
0.00962
0.00971
0.00980
0.00989
0.00999
0.01008
0.01019
0.01029
0.01040
0.01051
0.01062
0.01074
0.01086
0.01098
0.01110
0.01123
0.01136
0.01150
0.01164
0.01178
0.01192
0.01207
0.01222
0.01238
0.01253
0.01269
0.01286
0.01303
0.01320
0.01337
0.01355
0.01373
0.01391
0.01410
0.01429
0.01448
0.01467
0.01487
0.01507
0.01527
0.01548
0.01569
0.01590
0.01611
0.01633
0.01655
0.01677
0.01699
0.01721
0.01744
0.01767
0.01789
0.01812
0.01836
0.01859
0.01882
0.01905
0.01929
0.01952
0.01975
0.01999
0.02022
0.02045
0.02069
0.02092
0.02115
0.02138
0.02161
0.02184
0.02206
0.02229
0.02251
0.02273
0.02294
0.02316
0.02337
0.02358
0.02379
0.02399
0.02420
0.02439
0.02459
0.02478
0.02497
0.02515
0.02533
0.02551
0.02568
0.02585
0.02602
0.02618
0.02634
0.02649
0.02664
0.02679
0.02693
0.02706
0.02720
0.02733
0.02745
0.02757
0.02769
0.02780
0.02791
0.02802
0.02812
0.02822
0.02831
0.02840
0.02849
0.02858
0.02866
0.02873
0.02881
0.02888
0.02895
0.02901
0.02908
0.02914
0.02919
0.02925
0.02930
0.02935
0.02940
0.02945
0.02949
0.02954
0.02958
0.02962
0.02966
0.02969
0.02973
0.02977
0.02980
0.02984
0.02987
0.02991
0.02994
0.02997
0.03001
0.03004
0.03008
0.03011
0.03015
0.03018
0.03022
0.03026
0.03030
0.03034
0.03038
0.03042
0.03047
0.03052
0.03057
0.03062
0.03068
0.03073
0.03079
0.03085
0.03092
0.03099
0.03106
0.03113
0.03121
0.03129
0.03138
0.03147
0.03156
0.03166
0.03176
0.03187
0.03197
0.03209
0.03221
0.03233
0.03246
0.03259
0.03273
0.03287
0.03301
0.03317
0.03332
0.03348
0.03365
0.03382
0.03400
0.03418
0.03436
0.03455
0.03475
0.03495
0.03516
0.03536
0.03558
0.03580
0.03602
0.03625
0.03648
0.03671
0.03695
0.03719
0.03743
0.03767
0.03792
0.03816
0.03841
0.03866
0.03891
0.03915
0.03940
0.03964
0.03988
0.04011
0.04034
0.04057
0.04079
0.04100
0.04120
0.04139
0.04157
0.04174
0.04189
0.04203
0.04216
0.04227
0.04237
0.04244
0.04250
0.04254
0.04256
0.04255
0.04253
0.04248
0.04241
0.04232
0.04220
0.04206
0.04190
0.04172
0.04151
0.04128
0.04104
0.04077
0.04048
0.04018
0.03986
0.03952
0.03917
0.03881
0.03844
0.03805
0.03766
0.03726
0.03686
0.03645
0.03604
0.03563
0.03522
0.03481
0.03440
0.03399
0.03360
0.03320
0.03282
0.03244
0.03207
0.03171
0.03135
0.03101
0.03068
0.03036
0.03004
0.02974
0.02946
0.02918
0.02891
0.02866
0.02842
0.02819
0.02797
0.02777
0.02757
0.02739
0.02722
0.02706
0.02691
0.02678
0.02665
0.02654
0.02644
0.02634
0.02626
0.02619
0.02613
0.02608
0.02604
0.02601
0.02599
0.02598
0.02598
0.02599
0.02601
0.02604
0.02608
0.02612
0.02618
0.02625
0.02632
0.02641
0.02650
0.02660
0.02671
0.02683
0.02696
0.02710
0.02724
0.02740
0.02756
0.02773
0.02791
0.02810
0.02829
0.02849
0.02870
0.02892
0.02914
0.02937
0.02960
0.02985
0.03009
0.03035
0.03060
0.03086
0.03113
0.03140
0.03167
0.03194
0.03221
0.03249
0.03276
0.03303
0.03330
0.03356
0.03382
0.03407
0.03431
0.03455
0.03478
0.03499
0.03519
0.03538
0.03555
0.03570
0.03584
0.03596
0.03605
0.03613
0.03618
0.03621
0.03621
0.03619
0.03615
0.03608
0.03598
0.03586
0.03572
0.03555
0.03536
0.03515
0.03492
0.03467
0.03440
0.03412
0.03383
0.03352
0.03321
0.03289
0.03256
0.03223
0.03190
0.03156
0.03123
0.03091
0.03059
0.03027
0.02997
0.02967
0.02938
0.02910
0.02884
0.02859
0.02834
0.02812
0.02790
0.02770
0.02751
0.02733
0.02717
0.02701
0.02687
0.02675
0.02663
0.02652
0.02642
0.02634
0.02626
0.02618
0.02612
0.02606
0.02600
0.02595
0.02591
0.02586
0.02582
0.02578
0.02573
0.02569
0.02564
0.02559
0.02554
0.02549
0.02543
0.02536
0.02530
0.02522
0.02514
0.02506
0.02497
0.02488
0.02478
0.02467
0.02456
0.02445
0.02433
0.02421
0.02409
0.02396
0.02383
0.02370
0.02356
0.02343
0.02329
0.02316
0.02302
0.02288
0.02275
0.02261
0.02247
0.02234
0.02220
0.02207
0.02194
0.02181
0.02168
0.02155
0.02142
0.02130
0.02117
0.02105
0.02093
0.02081
0.02068
0.02057
0.02045
0.02033
0.02021
0.02010
0.01998
0.01987
0.01975
0.01964
0.01953
0.01942
0.01931
0.01920
0.01909
0.01898
0.01887
0.01877
0.01866
0.01855
0.01845
0.01835
0.01824
0.01814
0.01804
0.01794
0.01784
0.01774
0.01765
0.01755
0.01745
0.01736
0.01727
0.01717
0.01708
0.01699
0.01690
0.01681
0.01672
0.01664
0.01655
0.01646
0.01638
0.01630
0.01621
0.01613
0.01605
0.01597
0.01589
0.01581
0.01574
0.01566
0.01559
0.01551
0.01544
0.01536
0.01529
0.01522
0.01515
0.01508
0.01501
0.01495
0.01488
0.01481
0.01475
0.01468
0.01462
0.01456
0.01450
0.01443
0.01437
0.01431
0.01426
0.01420
0.01414
0.01408
0.01403
0.01397
0.01392
0.01387
0.01382
0.01376
0.01371
0.01366
0.01361
0.01357
0.01352
0.01347
0.01343
0.01338
0.01334
0.01329
0.01325
0.01321
0.01317
0.01313
0.01309
0.01305
0.01301
0.01297
0.01293
0.01290
0.01286
0.01283
0.01279
0.01276
0.01273
0.01269
0.01266
0.01263
0.01260
0.01257
0.01254
0.01252
0.01249
0.01246
0.01244
0.01241
0.01239
0.01237
0.01234
0.01232
0.01230
0.01228
0.01226
0.01224
0.01222
0.01220
0.01219
0.01217
0.01215
0.01214
0.01213
0.01211
0.01210
0.01209
0.01208
0.01206
0.01205
0.01205
0.01204
0.01203
0.01202
0.01202
0.01201
0.01200
0.01200
0.01200
0.01199
0.01199
0.01199
0.01199
0.01199
0.01199
0.01199
0.01199
0.01200
0.01200
0.01200
0.01201
0.01201
0.01202
0.01203
0.01203
0.01204
0.01205
0.01206
0.01207
0.01209
0.01210
0.01211
0.01212
0.01214
0.01215
0.01217
0.01219
0.01220
0.01222
0.01224
0.01226
0.01228
0.01230
0.01232
0.01235
0.01237
0.01240
0.01242
0.01245
0.01247
0.01250
0.01253
0.01256
0.01259
0.01262
0.01265
0.01268
0.01272
0.01275
0.01278
0.01282
0.01286
0.01289
0.01293
0.01297
0.01301
0.01305
0.01309
0.01314
0.01318
0.01322
0.01327
0.01331
0.01336
0.01341
0.01346
0.01351
0.01356
0.01361
0.01366
0.01371
0.01377
0.01382
0.01388
0.01394
0.01399
0.01405
0.01411
0.01417
0.01423
0.01430
0.01436
0.01442
0.01449
0.01456
0.01462
0.01469
0.01476
0.01483
0.01490
0.01497
0.01505

##################TEST##################
Z[0] = 0.79
Z[1] = -0.15
Y_IN 0.01
T[0] = 0 Y[0] = 0.00
Y_IN 5.30
T[1] = 1 Y[1] = 0.99
Z[0] = 1.00
Z[1] = -0.22
Y_IN -0.27
T[0] = 0 Y[0] = -0.13
Y_IN 6.07
T[1] = 1 Y[1] = 1.00
Z[0] = -0.96
Z[1] = -0.09
Y_IN 2.80
T[0] = 1 Y[0] = 0.89
Y_IN 0.02
T[1] = 0 Y[1] = 0.01
Z[0] = 0.67
Z[1] = -0.16
Y_IN 0.21
T[0] = 0 Y[0] = 0.10
Y_IN 4.97
T[1] = 1 Y[1] = 0.99
