0.00 -0.36 
-0.14 0.39 
-0.09 0.41 
0.04 -0.48 
-0.31 0.40 -0.21 0.48 

##################LEARN##################
0.86607
0.63944
0.61040
0.60443
0.59893
0.59130
0.58490
0.58353
0.58371
0.58141
0.57772
0.57538
0.57590
0.57807
0.57969
0.57961
0.57803
0.57635
0.57621
0.57754
0.57855
0.57830
0.57740
0.57692
0.57739
0.57836
0.57881
0.57832
0.57727
0.57642
0.57637
0.57701
0.57777
0.57832
0.57869
0.57896
0.57918
0.57914
0.57839
0.57702
0.57603
0.57616
0.57674
0.57677
0.57630
0.57645
0.57798
0.58014
0.58179
0.58215
0.58076
0.57771
0.57461
0.57453
0.57750
0.57959
0.57867
0.57587
0.57464
0.57754
0.58245
0.58630
0.58753
0.58555
0.58038
0.57410
0.57338
0.58052
0.58648
0.58706
0.58283
0.57620
0.57446
0.58169
0.59070
0.59634
0.59701
0.59289
0.58450
0.57434
0.57520
0.59050
0.59998
0.60147
0.59712
0.58728
0.57554
0.57889
0.59496
0.60559
0.60841
0.60636
0.60234
0.59683
0.58628
0.57550
0.59244
0.60789
0.61175
0.61162
0.60887
0.60210
0.58839
0.57447
0.58870
0.60488
0.61227
0.61528
0.61623
0.61555
0.61274
0.60608
0.59088
0.57282
0.59858
0.61384
0.61728
0.61846
0.61907
0.61888
0.61700
0.61199
0.60039
0.57951
0.59082
0.61321
0.62017
0.62148
0.62178
0.62243
0.62313
0.62302
0.62134
0.61711
0.60712
0.58251
0.59038
0.61802
0.62158
0.62324
0.62508
0.62657
0.62721
0.62691
0.62574
0.62339
0.61880
0.60881
0.58591
0.59250
0.61737
0.62377
0.62553
0.62657
0.62758
0.62844
0.62893
0.62895
0.62844
0.62732
0.62538
0.62198
0.61465
0.59262
0.58583
0.62294
0.62630
0.62707
0.62817
0.62944
0.63045
0.63100
0.63103
0.63062
0.62993
0.62902
0.62779
0.62578
0.62177
0.61123
0.58701
0.61075
0.62647
0.62805
0.62855
0.62964
0.63094
0.63196
0.63245
0.63246
0.63227
0.63208
0.63190
0.63163
0.63113
0.63024
0.62867
0.62564
0.61809
0.59200
0.61080
0.63057
0.63021
0.63065
0.63199
0.63338
0.63417
0.63430
0.63421
0.63421
0.63433
0.63442
0.63439
0.63421
0.63391
0.63346
0.63276
0.63156
0.62925
0.62372
0.60401
0.59701
0.63226
0.63251
0.63209
0.63334
0.63506
0.63594
0.63594
0.63586
0.63605
0.63636
0.63656
0.63660
0.63657
0.63654
0.63648
0.63634
0.63608
0.63566
0.63498
0.63382
0.63155
0.62579
0.60074
0.61075
0.63653
0.63448
0.63394
0.63545
0.63717
0.63764
0.63744
0.63747
0.63781
0.63812
0.63823
0.63823
0.63825
0.63829
0.63828
0.63820
0.63806
0.63785
0.63756
0.63712
0.63646
0.63541
0.63361
0.62984
0.61808
0.59075
0.63995
0.63885
0.63591
0.63571
0.63681
0.63740
0.63714
0.63677
0.63658
0.63640
0.63606
0.63557
0.63498
0.63432
0.63358
0.63272
0.63174
0.63065
0.62944
0.62811
0.62665
0.62505
0.62330
0.62138
0.61925
0.61683
0.61394
0.61011
0.60361
0.58512
0.59388
0.61020
0.60700
0.60532
0.60427
0.60301
0.60165
0.60034
0.59913
0.59796
0.59681
0.59572
0.59468
0.59372
0.59282
0.59199
0.59122
0.59051
0.58987
0.58929
0.58876
0.58828
0.58785
0.58747
0.58713
0.58682
0.58655
0.58631
0.58609
0.58588
0.58569
0.58550
0.58531
0.58509
0.58483
0.58449
0.58400
0.58325
0.58190
0.57885
0.56797
0.57293
0.58671
0.58191
0.58029
0.57959
0.57982
0.58035
0.58091
0.58149
0.58212
0.58280
0.58353
0.58429
0.58507
0.58583
0.58657
0.58726
0.58789
0.58847
0.58897
0.58941
0.58978
0.59009
0.59034
0.59054
0.59071
0.59083
0.59092
0.59099
0.59102
0.59104
0.59103
0.59099
0.59092
0.59081
0.59064
0.59040
0.59003
0.58945
0.58846
0.58646
0.58076
0.56324
0.58420
0.58722
0.58879
0.58982
0.59046
0.59086
0.59114
0.59139
0.59163
0.59189
0.59216
0.59242
0.59268
0.59291
0.59313
0.59332
0.59349
0.59363
0.59374
0.59384
0.59392
0.59398
0.59403
0.59407
0.59410
0.59412
0.59413
0.59413
0.59413
0.59412
0.59409
0.59406
0.59401
0.59394
0.59385
0.59374
0.59359
0.59340
0.59314
0.59280
0.59231
0.59159
0.59043
0.58827
0.58302
0.58090
0.59891
0.59522
0.59515
0.59585
0.59633
0.59643
0.59622
0.59586
0.59546
0.59509
0.59482
0.59464
0.59457
0.59459
0.59466
0.59479
0.59493
0.59508
0.59522
0.59534
0.59544
0.59551
0.59555
0.59557
0.59557
0.59555
0.59553
0.59549
0.59545
0.59541
0.59536
0.59532
0.59527
0.59521
0.59516
0.59509
0.59502
0.59493
0.59483
0.59471
0.59457
0.59439
0.59417
0.59388
0.59348
0.59291
0.59199
0.59026
0.58553
0.57464
0.59231
0.59069
0.59002
0.58955
0.58930
0.58938
0.58979
0.59048
0.59137
0.59237
0.59338
0.59433
0.59515
0.59579
0.59624
0.59650
0.59659
0.59655
0.59642
0.59624
0.59604
0.59584
0.59567
0.59554
0.59544
0.59537
0.59534
0.59532
0.59532
0.59533
0.59534
0.59534
0.59533
0.59531
0.59527
0.59522
0.59515
0.59507
0.59498
0.59487
0.59475
0.59462
0.59447
0.59430
0.59410
0.59386
0.59357
0.59318
0.59266
0.59190
0.59064
0.58817
0.58131
0.58224
0.60677
0.59752
0.59606
0.59598
0.59607
0.59601
0.59580
0.59547
0.59510
0.59474
0.59443
0.59419
0.59403
0.59395
0.59393
0.59396
0.59403
0.59412
0.59421
0.59429
0.59436
0.59441
0.59443
0.59443
0.59441
0.59438
0.59433
0.59427
0.59420
0.59414
0.59408
0.59402
0.59396
0.59391
0.59386
0.59381
0.59376
0.59371
0.59365
0.59360
0.59354
0.59347
0.59339
0.59331
0.59322
0.59311
0.59299
0.59285
0.59268
0.59246
0.59218
0.59179
0.59120
0.59014
0.58760
0.57504
0.58113
0.58994
0.58821
0.58680
0.58550
0.58466
0.58439
0.58466
0.58543
0.58662
0.58816
0.58993
0.59179
0.59357
0.59507
0.59614
0.59673
0.59685
0.59659
0.59608
0.59545
0.59478
0.59417
0.59365
0.59324
0.59295
0.59278
0.59271
0.59272
0.59280
0.59291
0.59303
0.59315
0.59326
0.59334
0.59338
0.59338
0.59335
0.59330
0.59322
0.59312
0.59301
0.59290
0.59279
0.59268
0.59258
0.59247
0.59236
0.59225
0.59212
0.59198
0.59180
0.59158
0.59129
0.59088
0.59027
0.58923
0.58710
0.58009
0.57664
0.59796
0.59307
0.59206
0.59195
0.59205
0.59217
0.59225
0.59229
0.59229
0.59226
0.59222
0.59218
0.59215
0.59212
0.59210
0.59210
0.59210
0.59211
0.59213
0.59214
0.59216
0.59217
0.59218
0.59218
0.59217
0.59215
0.59214
0.59211
0.59208
0.59205
0.59202
0.59199
0.59195
0.59192
0.59189
0.59186
0.59183
0.59180
0.59177
0.59173
0.59170
0.59166
0.59163
0.59158
0.59154
0.59149
0.59144
0.59138
0.59132
0.59125
0.59117
0.59107
0.59096
0.59083
0.59067
0.59047
0.59019
0.58979
0.58913
0.58785
0.58410
0.56498
0.58442
0.58598
0.58660
0.58626
0.58562
0.58511
0.58486
0.58492
0.58527
0.58590
0.58680
0.58797
0.58933
0.59079
0.59216
0.59327
0.59399
0.59428
0.59419
0.59382
0.59329
0.59270
0.59213
0.59161
0.59119
0.59086
0.59064
0.59052
0.59049
0.59054
0.59064
0.59078
0.59094
0.59110
0.59124
0.59134
0.59141
0.59144
0.59143
0.59138
0.59131
0.59121
0.59111
0.59101
0.59091
0.59082
0.59073
0.59066
0.59059
0.59054
0.59048
0.59042
0.59036
0.59029
0.59020
0.59008
0.58994
0.58975
0.58950
0.58917
0.58870
0.58799
0.58680
0.58435
0.57743
0.57925
0.61164
0.59478
0.59158
0.59049
0.59002
0.58980
0.58972
0.58973
0.58982
0.58996
0.59014
0.59033
0.59052
0.59070
0.59085
0.59096
0.59103
0.59106
0.59105
0.59101
0.59095
0.59088
0.59080
0.59073
0.59067
0.59062
0.59058
0.59055
0.59054
0.59054
0.59054
0.59056
0.59057
0.59058
0.59059
0.59059
0.59059
0.59058
0.59056
0.59054
0.59052
0.59049
0.59045
0.59042
0.59039
0.59035
0.59032
0.59028
0.59025
0.59021
0.59018
0.59014
0.59009
0.59004
0.58998
0.58991
0.58983
0.58972
0.58959
0.58940
0.58914
0.58874
0.58804
0.58647
0.58032
0.56477
0.57906
0.58328
0.58549
0.58613
0.58606
0.58581
0.58561
0.58553
0.58560
0.58585
0.58628
0.58692
0.58777
0.58879
0.58987
0.59086
0.59163
0.59208
0.59223
0.59211
0.59181
0.59140
0.59095
0.59050
0.59010
0.58977
0.58951
0.58933
0.58923
0.58921
0.58926
0.58936
0.58950
0.58966
0.58983
0.58998
0.59011
0.59020
0.59024
0.59024
0.59020
0.59013
0.59004
0.58994
0.58984
0.58973
0.58964
0.58956
0.58949
0.58943
0.58939
0.58936
0.58933
0.58930
0.58927
0.58923
0.58917
0.58909
0.58899
0.58886
0.58869
0.58846
0.58816
0.58776
0.58718
0.58630
0.58476
0.58147
0.57268
0.59336
0.60670
0.59306
0.59043
0.58960
0.58930
0.58921
0.58921
0.58927
0.58935
0.58945
0.58956
0.58966
0.58975
0.58983
0.58989
0.58993
0.58995
0.58995
0.58994
0.58991
0.58988
0.58984
0.58980
0.58977
0.58974
0.58972
0.58971
0.58970
0.58970
0.58971
0.58972
0.58973
0.58973
0.58974
0.58975
0.58975
0.58975
0.58974
0.58973
0.58971
0.58969
0.58967
0.58965
0.58963
0.58961
0.58959
0.58957
0.58955
0.58953
0.58951
0.58949
0.58947
0.58945
0.58942
0.58940
0.58936
0.58933
0.58928
0.58923
0.58916
0.58908
0.58898
0.58884
0.58866
0.58839
0.58796
0.58713
0.58495
0.57259
0.57898
0.58046
0.58438
0.58621
0.58679
0.58677
0.58656
0.58633
0.58617
0.58611
0.58618
0.58639
0.58678
0.58735
0.58808

##################TEST##################
Z[0] = 0.97
Z[1] = -1.00
Y_IN 0.04
T[0] = 0 Y[0] = 0.02
Y_IN 1.29
T[1] = 1 Y[1] = 0.57
Z[0] = 0.10
Z[1] = -0.98
Y_IN 2.61
T[0] = 1 Y[0] = 0.86
Y_IN 1.43
T[1] = 0 Y[1] = 0.61
Z[0] = -0.41
Z[1] = -1.00
Y_IN 4.10
T[0] = 1 Y[0] = 0.97
Y_IN 1.52
T[1] = 0 Y[1] = 0.64
Z[0] = -0.98
Z[1] = -1.00
Y_IN 5.80
T[0] = 0 Y[0] = 0.99
Y_IN 1.62
T[1] = 1 Y[1] = 0.67
