0.00 -0.36 
-0.14 0.39 
-0.09 0.41 
0.04 -0.48 
-0.31 0.40 -0.21 0.48 

##################LEARN##################
0.86231
0.63832
0.60448
0.59876
0.59563
0.59041
0.58341
0.57797
0.57686
0.57699
0.57510
0.57191
0.56927
0.56853
0.56962
0.57123
0.57214
0.57193
0.57089
0.56971
0.56923
0.56976
0.57067
0.57120
0.57118
0.57086
0.57059
0.57061
0.57081
0.57086
0.57061
0.57027
0.56998
0.56974
0.56960
0.56971
0.57021
0.57111
0.57212
0.57289
0.57318
0.57292
0.57205
0.57064
0.56921
0.56868
0.56931
0.57017
0.57024
0.56953
0.56899
0.56976
0.57189
0.57433
0.57608
0.57657
0.57555
0.57299
0.56951
0.56705
0.56789
0.57109
0.57331
0.57298
0.57059
0.56826
0.56904
0.57316
0.57781
0.58108
0.58214
0.58070
0.57674
0.57077
0.56596
0.56827
0.57576
0.58079
0.58143
0.57816
0.57205
0.56746
0.57107
0.57945
0.58628
0.58975
0.58978
0.58688
0.58133
0.57301
0.56594
0.57253
0.58549
0.59170
0.59260
0.58985
0.58346
0.57340
0.56733
0.57693
0.58843
0.59491
0.59712
0.59686
0.59523
0.59197
0.58520
0.57277
0.56707
0.58499
0.59668
0.60042
0.60098
0.59955
0.59593
0.58881
0.57613
0.56713
0.58113
0.59469
0.60146
0.60423
0.60495
0.60444
0.60280
0.59946
0.59264
0.57850
0.56559
0.58799
0.60177
0.60575
0.60714
0.60756
0.60725
0.60596
0.60297
0.59667
0.58335
0.56865
0.58553
0.60154
0.60754
0.60934
0.60982
0.61009
0.61031
0.61012
0.60899
0.60620
0.60022
0.58637
0.56719
0.59381
0.60712
0.60981
0.61110
0.61228
0.61330
0.61382
0.61364
0.61267
0.61069
0.60695
0.59919
0.58153
0.57436
0.59901
0.60894
0.61191
0.61327
0.61430
0.61518
0.61580
0.61604
0.61586
0.61521
0.61394
0.61174
0.60780
0.59935
0.57743
0.57958
0.60852
0.61289
0.61427
0.61531
0.61632
0.61715
0.61769
0.61787
0.61770
0.61718
0.61630
0.61500
0.61304
0.60962
0.60217
0.58259
0.58139
0.60767
0.61416
0.61543
0.61608
0.61693
0.61785
0.61864
0.61913
0.61930
0.61916
0.61882
0.61835
0.61775
0.61691
0.61561
0.61328
0.60838
0.59434
0.57207
0.61068
0.61585
0.61655
0.61737
0.61846
0.61951
0.62026
0.62060
0.62060
0.62044
0.62027
0.62012
0.61995
0.61967
0.61920
0.61844
0.61720
0.61505
0.61063
0.59838
0.58008
0.60866
0.61726
0.61802
0.61854
0.61949
0.62057
0.62137
0.62174
0.62179
0.62177
0.62181
0.62188
0.62193
0.62190
0.62177
0.62155
0.62123
0.62076
0.62005
0.61888
0.61677
0.61210
0.59667
0.57655
0.62050
0.62040
0.61983
0.62051
0.62177
0.62282
0.62322
0.62319
0.62315
0.62326
0.62344
0.62359
0.62363
0.62359
0.62353
0.62345
0.62333
0.62314
0.62284
0.62239
0.62168
0.62052
0.61835
0.61322
0.59489
0.58844
0.61917
0.62124
0.62085
0.62168
0.62313
0.62417
0.62439
0.62428
0.62433
0.62457
0.62482
0.62496
0.62500
0.62502
0.62504
0.62507
0.62506
0.62501
0.62492
0.62478
0.62457
0.62427
0.62382
0.62311
0.62193
0.61969
0.61408
0.59047
0.60167
0.62426
0.62333
0.62252
0.62322
0.62459
0.62549
0.62562
0.62553
0.62563
0.62588
0.62610
0.62621
0.62624
0.62626
0.62628
0.62630
0.62628
0.62622
0.62613
0.62600
0.62583
0.62561
0.62531
0.62491
0.62437
0.62361
0.62248
0.62063
0.61703
0.60710
0.58454
0.62376
0.62632
0.62411
0.62283
0.62271
0.62306
0.62321
0.62295
0.62250
0.62205
0.62160
0.62109
0.62049
0.61980
0.61904
0.61821
0.61733
0.61637
0.61535
0.61427
0.61313
0.61192
0.61067
0.60936
0.60801
0.60661
0.60516
0.60366
0.60211
0.60049
0.59877
0.59691
0.59479
0.59215
0.58826
0.57993
0.56770
0.59319
0.59125
0.59011
0.58934
0.58869
0.58804
0.58739
0.58678
0.58620
0.58564
0.58511
0.58460
0.58414
0.58371
0.58333
0.58298
0.58267
0.58239
0.58214
0.58193
0.58175
0.58159
0.58146
0.58136
0.58128
0.58121
0.58116
0.58113
0.58111
0.58110
0.58110
0.58110
0.58110
0.58110
0.58110
0.58108
0.58105
0.58100
0.58092
0.58079
0.58059
0.58030
0.57984
0.57910
0.57776
0.57485
0.56561
0.56653
0.58280
0.57865
0.57645
0.57524
0.57487
0.57519
0.57592
0.57683
0.57780
0.57879
0.57976
0.58069
0.58158
0.58241
0.58317
0.58386
0.58447
0.58499
0.58544
0.58582
0.58612
0.58637
0.58657
0.58673
0.58685
0.58695
0.58703
0.58709
0.58715
0.58719
0.58722
0.58725
0.58727
0.58729
0.58729
0.58728
0.58726
0.58723
0.58717
0.58708
0.58695
0.58676
0.58650
0.58610
0.58547
0.58438
0.58213
0.57506
0.56310
0.58486
0.58625
0.58785
0.58906
0.58971
0.58985
0.58967
0.58933
0.58895
0.58861
0.58836
0.58822
0.58819
0.58824
0.58837
0.58854
0.58874
0.58896
0.58918
0.58939
0.58958
0.58974
0.58988
0.59000
0.59009
0.59016
0.59021
0.59024
0.59026
0.59028
0.59028
0.59028
0.59027
0.59026
0.59024
0.59021
0.59018
0.59014
0.59008
0.59001
0.58992
0.58981
0.58967
0.58949
0.58926
0.58895
0.58853
0.58792
0.58699
0.58541
0.58212
0.57288
0.57570
0.59623
0.59446
0.59566
0.59724
0.59819
0.59830
0.59768
0.59655
0.59518
0.59378
0.59251
0.59145
0.59064
0.59007
0.58973
0.58959
0.58959
0.58971
0.58990
0.59014
0.59038
0.59062
0.59083
0.59100
0.59113
0.59122
0.59127
0.59128
0.59126
0.59122
0.59116
0.59109
0.59102
0.59094
0.59087
0.59079
0.59072
0.59065
0.59059
0.59052
0.59045
0.59037
0.59029
0.59020
0.59009
0.58997
0.58983
0.58965
0.58943
0.58915
0.58877
0.58823
0.58735
0.58563
0.58041
0.56202
0.57977
0.58046
0.57957
0.57825
0.57721
0.57680
0.57709
0.57802
0.57947
0.58131
0.58339
0.58557
0.58771
0.58968
0.59137
0.59271
0.59365
0.59421
0.59441
0.59432
0.59401
0.59356
0.59304
0.59252
0.59203
0.59160
0.59126
0.59100
0.59083
0.59073
0.59069
0.59070
0.59074
0.59080
0.59086
0.59092
0.59096
0.59099
0.59098
0.59095
0.59090
0.59082
0.59072
0.59060
0.59046
0.59030
0.59013
0.58993
0.58971
0.58946
0.58916
0.58881
0.58836
0.58777
0.58694
0.58565
0.58335
0.57835
0.58286
0.59755
0.59438
0.59492
0.59716
0.59905
0.59994
0.59972
0.59860
0.59690
0.59498
0.59309
0.59141
0.59001
0.58892
0.58812
0.58759
0.58729
0.58717
0.58721
0.58735
0.58756
0.58780
0.58805
0.58829
0.58848
0.58864
0.58874
0.58879
0.58879
0.58876
0.58869
0.58860
0.58850
0.58839
0.58828
0.58817
0.58807
0.58797
0.58789
0.58781
0.58774
0.58767
0.58761
0.58755
0.58749
0.58743
0.58737
0.58730
0.58723
0.58716
0.58707
0.58698
0.58688
0.58677
0.58664
0.58650
0.58633
0.58613
0.58589
0.58556
0.58510
0.58436
0.58292
0.57854
0.56559
0.58634
0.57900
0.57627
0.57389
0.57183
0.57043
0.56981
0.56997
0.57078
0.57218
0.57408
0.57644
0.57919
0.58220
0.58529
0.58821
0.59073
0.59263
0.59381
0.59423
0.59401
0.59331
0.59233
0.59123
0.59013
0.58914
0.58829
0.58760
0.58708
0.58673
0.58651
0.58641
0.58642
0.58649
0.58661
0.58675
0.58690
0.58704
0.58716
0.58724
0.58729
0.58730
0.58727
0.58721
0.58713
0.58702
0.58690
0.58677
0.58663
0.58649
0.58635
0.58621
0.58606
0.58591
0.58574
0.58556
0.58535
0.58510
0.58480
0.58441
0.58388
0.58311
0.58190
0.57972
0.57490
0.58274
0.59421
0.58921
0.58812
0.58879
0.58975
0.59045
0.59069
0.59048
0.58992
0.58914
0.58828
0.58743
0.58666
0.58600
0.58548
0.58508
0.58480
0.58464
0.58457
0.58458
0.58464
0.58476
0.58489
0.58504
0.58518
0.58531
0.58541
0.58549
0.58553
0.58555
0.58554
0.58551
0.58546
0.58540
0.58534
0.58527
0.58520
0.58514
0.58508
0.58503
0.58498
0.58494
0.58491
0.58488
0.58485
0.58482
0.58480
0.58477
0.58475
0.58472
0.58469
0.58465
0.58462
0.58457
0.58453
0.58448
0.58442
0.58436
0.58429
0.58422
0.58413
0.58403
0.58391
0.58377
0.58359
0.58335
0.58300
0.58245
0.58137
0.57830
0.56259
0.58288
0.57869
0.57752
0.57627
0.57474
0.57340
0.57254
0.57223
0.57239
0.57291
0.57367
0.57464
0.57580
0.57718
0.57878
0.58060
0.58258
0.58460
0.58647
0.58798
0.58899
0.58943
0.58936
0.58891
0.58822
0.58742
0.58662
0.58587
0.58522
0.58468
0.58426
0.58394
0.58374
0.58363
0.58360
0.58364
0.58372
0.58384
0.58398
0.58412
0.58426
0.58437
0.58446
0.58451
0.58454
0.58453
0.58450
0.58444
0.58436
0.58427
0.58418
0.58408
0.58397
0.58387
0.58377
0.58367
0.58357
0.58347
0.58337
0.58325
0.58313
0.58298
0.58280
0.58258
0.58229
0.58192
0.58140
0.58064
0.57942
0.57723
0.57247
0.58144
0.60060
0.58882
0.58521
0.58428
0.58410
0.58417
0.58429
0.58440
0.58446
0.58447
0.58443
0.58436
0.58426
0.58416
0.58405
0.58395
0.58386
0.58379
0.58374
0.58370
0.58368
0.58367
0.58368
0.58370
0.58372
0.58374
0.58377
0.58379
0.58381
0.58382
0.58383
0.58383
0.58382
0.58381
0.58380
0.58378
0.58376
0.58373
0.58371
0.58368
0.58366
0.58363
0.58361
0.58359
0.58357
0.58356
0.58354
0.58352
0.58350
0.58349
0.58347
0.58345
0.58343
0.58341
0.58339
0.58337
0.58334
0.58331
0.58328
0.58325
0.58321
0.58317
0.58313
0.58308
0.58302
0.58295
0.58287
0.58278
0.58266
0.58250
0.58229
0.58196
0.58141
0.58021

##################TEST##################
Z[0] = 0.97
Z[1] = 0.91
Y_IN 0.03
T[0] = 0 Y[0] = 0.01
Y_IN 1.31
T[1] = 1 Y[1] = 0.57
Z[0] = 0.11
Z[1] = 0.90
Y_IN 2.76
T[0] = 1 Y[0] = 0.88
Y_IN 1.40
T[1] = 0 Y[1] = 0.60
Z[0] = -0.60
Z[1] = 0.93
Y_IN 5.02
T[0] = 1 Y[0] = 0.99
Y_IN 1.48
T[1] = 0 Y[1] = 0.63
Z[0] = -0.99
Z[1] = 0.93
Y_IN 6.28
T[0] = 0 Y[0] = 1.00
Y_IN 1.52
T[1] = 1 Y[1] = 0.64
