-0.15 0.45 0.15 0.26 -0.11 -0.27 0.27 0.24 -0.25 
-0.17 -0.20 0.15 -0.08 -0.29 0.22 0.09 0.15 -0.14 
0.39 0.19 
-0.43 -0.06 
-0.07 0.02 -0.43 -0.22 

##################LEARN##################
Epoca 1, RMS = 0.30905
Epoca 2, RMS = 0.08607
Epoca 3, RMS = 0.07555
Epoca 4, RMS = 0.07163
Epoca 5, RMS = 0.06907
Epoca 6, RMS = 0.06734
Epoca 7, RMS = 0.06615
Epoca 8, RMS = 0.06534
Epoca 9, RMS = 0.06478
Epoca 10, RMS = 0.06436
Epoca 11, RMS = 0.06403
Epoca 12, RMS = 0.06373
Epoca 13, RMS = 0.06345
Epoca 14, RMS = 0.06320
Epoca 15, RMS = 0.06299
Epoca 16, RMS = 0.06282
Epoca 17, RMS = 0.06269
Epoca 18, RMS = 0.06260
Epoca 19, RMS = 0.06253
Epoca 20, RMS = 0.06248
Epoca 21, RMS = 0.06246
Epoca 22, RMS = 0.06246
Epoca 23, RMS = 0.06247
Epoca 24, RMS = 0.06249
Epoca 25, RMS = 0.06252
Epoca 26, RMS = 0.06255
Epoca 27, RMS = 0.06259
Epoca 28, RMS = 0.06264
Epoca 29, RMS = 0.06268
Epoca 30, RMS = 0.06273
Epoca 31, RMS = 0.06278
Epoca 32, RMS = 0.06284
Epoca 33, RMS = 0.06289
Epoca 34, RMS = 0.06295
Epoca 35, RMS = 0.06300
Epoca 36, RMS = 0.06306
Epoca 37, RMS = 0.06312
Epoca 38, RMS = 0.06318
Epoca 39, RMS = 0.06324
Epoca 40, RMS = 0.06330
Epoca 41, RMS = 0.06337
Epoca 42, RMS = 0.06344
Epoca 43, RMS = 0.06350
Epoca 44, RMS = 0.06357
Epoca 45, RMS = 0.06364
Epoca 46, RMS = 0.06372
Epoca 47, RMS = 0.06379
Epoca 48, RMS = 0.06387
Epoca 49, RMS = 0.06394
Epoca 50, RMS = 0.06402
Epoca 51, RMS = 0.06410
Epoca 52, RMS = 0.06418
Epoca 53, RMS = 0.06425
Epoca 54, RMS = 0.06433
Epoca 55, RMS = 0.06441
Epoca 56, RMS = 0.06449
Epoca 57, RMS = 0.06456
Epoca 58, RMS = 0.06463
Epoca 59, RMS = 0.06471
Epoca 60, RMS = 0.06478
Epoca 61, RMS = 0.06484
Epoca 62, RMS = 0.06491
Epoca 63, RMS = 0.06498
Epoca 64, RMS = 0.06504
Epoca 65, RMS = 0.06510
Epoca 66, RMS = 0.06516
Epoca 67, RMS = 0.06522
Epoca 68, RMS = 0.06528
Epoca 69, RMS = 0.06533
Epoca 70, RMS = 0.06539
Epoca 71, RMS = 0.06544
Epoca 72, RMS = 0.06549
Epoca 73, RMS = 0.06554
Epoca 74, RMS = 0.06559
Epoca 75, RMS = 0.06564
Epoca 76, RMS = 0.06569
Epoca 77, RMS = 0.06573
Epoca 78, RMS = 0.06578
Epoca 79, RMS = 0.06583
Epoca 80, RMS = 0.06587
Epoca 81, RMS = 0.06592
Epoca 82, RMS = 0.06596
Epoca 83, RMS = 0.06601
Epoca 84, RMS = 0.06605
Epoca 85, RMS = 0.06610
Epoca 86, RMS = 0.06614
Epoca 87, RMS = 0.06619
Epoca 88, RMS = 0.06624
Epoca 89, RMS = 0.06628
Epoca 90, RMS = 0.06633
Epoca 91, RMS = 0.06638
Epoca 92, RMS = 0.06642
Epoca 93, RMS = 0.06647
Epoca 94, RMS = 0.06652
Epoca 95, RMS = 0.06657
Epoca 96, RMS = 0.06662
Epoca 97, RMS = 0.06667
Epoca 98, RMS = 0.06672
Epoca 99, RMS = 0.06678
Epoca 100, RMS = 0.06683
Epoca 101, RMS = 0.06689
Epoca 102, RMS = 0.06694
Epoca 103, RMS = 0.06700
Epoca 104, RMS = 0.06706
Epoca 105, RMS = 0.06712
Epoca 106, RMS = 0.06718
Epoca 107, RMS = 0.06724
Epoca 108, RMS = 0.06730
Epoca 109, RMS = 0.06737
Epoca 110, RMS = 0.06744
Epoca 111, RMS = 0.06750
Epoca 112, RMS = 0.06757
Epoca 113, RMS = 0.06764
Epoca 114, RMS = 0.06771
Epoca 115, RMS = 0.06778
Epoca 116, RMS = 0.06786
Epoca 117, RMS = 0.06793
Epoca 118, RMS = 0.06801
Epoca 119, RMS = 0.06809
Epoca 120, RMS = 0.06816
Epoca 121, RMS = 0.06824
Epoca 122, RMS = 0.06832
Epoca 123, RMS = 0.06841
Epoca 124, RMS = 0.06849
Epoca 125, RMS = 0.06857
Epoca 126, RMS = 0.06866
Epoca 127, RMS = 0.06874
Epoca 128, RMS = 0.06883
Epoca 129, RMS = 0.06892
Epoca 130, RMS = 0.06901
Epoca 131, RMS = 0.06909
Epoca 132, RMS = 0.06918
Epoca 133, RMS = 0.06927
Epoca 134, RMS = 0.06936
Epoca 135, RMS = 0.06945
Epoca 136, RMS = 0.06954
Epoca 137, RMS = 0.06963
Epoca 138, RMS = 0.06973
Epoca 139, RMS = 0.06982
Epoca 140, RMS = 0.06991
Epoca 141, RMS = 0.07000
Epoca 142, RMS = 0.07009
Epoca 143, RMS = 0.07019
Epoca 144, RMS = 0.07028
Epoca 145, RMS = 0.07037
Epoca 146, RMS = 0.07046
Epoca 147, RMS = 0.07055
Epoca 148, RMS = 0.07065
Epoca 149, RMS = 0.07074
Epoca 150, RMS = 0.07083
Epoca 151, RMS = 0.07092
Epoca 152, RMS = 0.07101
Epoca 153, RMS = 0.07109
Epoca 154, RMS = 0.07118
Epoca 155, RMS = 0.07127
Epoca 156, RMS = 0.07135
Epoca 157, RMS = 0.07144
Epoca 158, RMS = 0.07152
Epoca 159, RMS = 0.07160
Epoca 160, RMS = 0.07168
Epoca 161, RMS = 0.07176
Epoca 162, RMS = 0.07184
Epoca 163, RMS = 0.07192
Epoca 164, RMS = 0.07199
Epoca 165, RMS = 0.07206
Epoca 166, RMS = 0.07213
Epoca 167, RMS = 0.07220
Epoca 168, RMS = 0.07227
Epoca 169, RMS = 0.07233
Epoca 170, RMS = 0.07240
Epoca 171, RMS = 0.07246
Epoca 172, RMS = 0.07252
Epoca 173, RMS = 0.07257
Epoca 174, RMS = 0.07263
Epoca 175, RMS = 0.07268
Epoca 176, RMS = 0.07273
Epoca 177, RMS = 0.07278
Epoca 178, RMS = 0.07283
Epoca 179, RMS = 0.07288
Epoca 180, RMS = 0.07292
Epoca 181, RMS = 0.07296
Epoca 182, RMS = 0.07300
Epoca 183, RMS = 0.07304
Epoca 184, RMS = 0.07308
Epoca 185, RMS = 0.07312
Epoca 186, RMS = 0.07315
Epoca 187, RMS = 0.07318
Epoca 188, RMS = 0.07321
Epoca 189, RMS = 0.07324
Epoca 190, RMS = 0.07327
Epoca 191, RMS = 0.07329
Epoca 192, RMS = 0.07332
Epoca 193, RMS = 0.07334
Epoca 194, RMS = 0.07336
Epoca 195, RMS = 0.07338
Epoca 196, RMS = 0.07340
Epoca 197, RMS = 0.07341
Epoca 198, RMS = 0.07343
Epoca 199, RMS = 0.07344
Epoca 200, RMS = 0.07346
Epoca 201, RMS = 0.07347
Epoca 202, RMS = 0.07348
Epoca 203, RMS = 0.07349
Epoca 204, RMS = 0.07350
Epoca 205, RMS = 0.07351
Epoca 206, RMS = 0.07351
Epoca 207, RMS = 0.07352
Epoca 208, RMS = 0.07352
Epoca 209, RMS = 0.07353
Epoca 210, RMS = 0.07353
Epoca 211, RMS = 0.07353
Epoca 212, RMS = 0.07353
Epoca 213, RMS = 0.07353
Epoca 214, RMS = 0.07353
Epoca 215, RMS = 0.07353
Epoca 216, RMS = 0.07353
Epoca 217, RMS = 0.07353
Epoca 218, RMS = 0.07352
Epoca 219, RMS = 0.07352
Epoca 220, RMS = 0.07351
Epoca 221, RMS = 0.07351
Epoca 222, RMS = 0.07350
Epoca 223, RMS = 0.07350
Epoca 224, RMS = 0.07349
Epoca 225, RMS = 0.07348
Epoca 226, RMS = 0.07347
Epoca 227, RMS = 0.07347
Epoca 228, RMS = 0.07346
Epoca 229, RMS = 0.07345
Epoca 230, RMS = 0.07344
Epoca 231, RMS = 0.07343
Epoca 232, RMS = 0.07342
Epoca 233, RMS = 0.07341
Epoca 234, RMS = 0.07339
Epoca 235, RMS = 0.07338
Epoca 236, RMS = 0.07337
Epoca 237, RMS = 0.07336
Epoca 238, RMS = 0.07335
Epoca 239, RMS = 0.07333
Epoca 240, RMS = 0.07332
Epoca 241, RMS = 0.07331
Epoca 242, RMS = 0.07330
Epoca 243, RMS = 0.07328
Epoca 244, RMS = 0.07327
Epoca 245, RMS = 0.07325
Epoca 246, RMS = 0.07324
Epoca 247, RMS = 0.07323
Epoca 248, RMS = 0.07321
Epoca 249, RMS = 0.07320
Epoca 250, RMS = 0.07318
Epoca 251, RMS = 0.07317
Epoca 252, RMS = 0.07315
Epoca 253, RMS = 0.07314
Epoca 254, RMS = 0.07312
Epoca 255, RMS = 0.07311
Epoca 256, RMS = 0.07309
Epoca 257, RMS = 0.07308
Epoca 258, RMS = 0.07306
Epoca 259, RMS = 0.07305
Epoca 260, RMS = 0.07303
Epoca 261, RMS = 0.07302
Epoca 262, RMS = 0.07300
Epoca 263, RMS = 0.07299
Epoca 264, RMS = 0.07297
Epoca 265, RMS = 0.07296
Epoca 266, RMS = 0.07294
Epoca 267, RMS = 0.07293
Epoca 268, RMS = 0.07291
Epoca 269, RMS = 0.07290
Epoca 270, RMS = 0.07288
Epoca 271, RMS = 0.07287
Epoca 272, RMS = 0.07285
Epoca 273, RMS = 0.07284
Epoca 274, RMS = 0.07282
Epoca 275, RMS = 0.07281
Epoca 276, RMS = 0.07279
Epoca 277, RMS = 0.07278
Epoca 278, RMS = 0.07276
Epoca 279, RMS = 0.07275
Epoca 280, RMS = 0.07273
Epoca 281, RMS = 0.07272
Epoca 282, RMS = 0.07270
Epoca 283, RMS = 0.07269
Epoca 284, RMS = 0.07267
Epoca 285, RMS = 0.07266
Epoca 286, RMS = 0.07265
Epoca 287, RMS = 0.07263
Epoca 288, RMS = 0.07262
Epoca 289, RMS = 0.07261
Epoca 290, RMS = 0.07259
Epoca 291, RMS = 0.07258
Epoca 292, RMS = 0.07256
Epoca 293, RMS = 0.07255
Epoca 294, RMS = 0.07254
Epoca 295, RMS = 0.07253
Epoca 296, RMS = 0.07251
Epoca 297, RMS = 0.07250
Epoca 298, RMS = 0.07249
Epoca 299, RMS = 0.07247
Epoca 300, RMS = 0.07246
Epoca 301, RMS = 0.07245
Epoca 302, RMS = 0.07244
Epoca 303, RMS = 0.07242
Epoca 304, RMS = 0.07241
Epoca 305, RMS = 0.07240
Epoca 306, RMS = 0.07239
Epoca 307, RMS = 0.07238
Epoca 308, RMS = 0.07236
Epoca 309, RMS = 0.07235
Epoca 310, RMS = 0.07234
Epoca 311, RMS = 0.07233
Epoca 312, RMS = 0.07232
Epoca 313, RMS = 0.07231
Epoca 314, RMS = 0.07230
Epoca 315, RMS = 0.07229
Epoca 316, RMS = 0.07227
Epoca 317, RMS = 0.07226
Epoca 318, RMS = 0.07225
Epoca 319, RMS = 0.07224
Epoca 320, RMS = 0.07223
Epoca 321, RMS = 0.07222
Epoca 322, RMS = 0.07221
Epoca 323, RMS = 0.07220
Epoca 324, RMS = 0.07219
Epoca 325, RMS = 0.07218
Epoca 326, RMS = 0.07217
Epoca 327, RMS = 0.07216
Epoca 328, RMS = 0.07215
Epoca 329, RMS = 0.07214
Epoca 330, RMS = 0.07213
Epoca 331, RMS = 0.07213
Epoca 332, RMS = 0.07212
Epoca 333, RMS = 0.07211
Epoca 334, RMS = 0.07210
Epoca 335, RMS = 0.07209
Epoca 336, RMS = 0.07208
Epoca 337, RMS = 0.07207
Epoca 338, RMS = 0.07206
Epoca 339, RMS = 0.07205
Epoca 340, RMS = 0.07205
Epoca 341, RMS = 0.07204
Epoca 342, RMS = 0.07203
Epoca 343, RMS = 0.07202
Epoca 344, RMS = 0.07201
Epoca 345, RMS = 0.07200
Epoca 346, RMS = 0.07200
Epoca 347, RMS = 0.07199
Epoca 348, RMS = 0.07198
Epoca 349, RMS = 0.07197
Epoca 350, RMS = 0.07197
Epoca 351, RMS = 0.07196
Epoca 352, RMS = 0.07195
Epoca 353, RMS = 0.07194
Epoca 354, RMS = 0.07194
Epoca 355, RMS = 0.07193
Epoca 356, RMS = 0.07192
Epoca 357, RMS = 0.07191
Epoca 358, RMS = 0.07191
Epoca 359, RMS = 0.07190
Epoca 360, RMS = 0.07189
Epoca 361, RMS = 0.07189
Epoca 362, RMS = 0.07188
Epoca 363, RMS = 0.07187
Epoca 364, RMS = 0.07187
Epoca 365, RMS = 0.07186
Epoca 366, RMS = 0.07185
Epoca 367, RMS = 0.07185
Epoca 368, RMS = 0.07184
Epoca 369, RMS = 0.07183
Epoca 370, RMS = 0.07183
Epoca 371, RMS = 0.07182
Epoca 372, RMS = 0.07181
Epoca 373, RMS = 0.07181
Epoca 374, RMS = 0.07180
Epoca 375, RMS = 0.07180
Epoca 376, RMS = 0.07179
Epoca 377, RMS = 0.07178
Epoca 378, RMS = 0.07178
Epoca 379, RMS = 0.07177
Epoca 380, RMS = 0.07177
Epoca 381, RMS = 0.07176
Epoca 382, RMS = 0.07175
Epoca 383, RMS = 0.07175
Epoca 384, RMS = 0.07174
Epoca 385, RMS = 0.07174
Epoca 386, RMS = 0.07173
Epoca 387, RMS = 0.07173
Epoca 388, RMS = 0.07172
Epoca 389, RMS = 0.07171
Epoca 390, RMS = 0.07171
Epoca 391, RMS = 0.07170
Epoca 392, RMS = 0.07170
Epoca 393, RMS = 0.07169
Epoca 394, RMS = 0.07169
Epoca 395, RMS = 0.07168
Epoca 396, RMS = 0.07168
Epoca 397, RMS = 0.07167
Epoca 398, RMS = 0.07167
Epoca 399, RMS = 0.07166
Epoca 400, RMS = 0.07166
Epoca 401, RMS = 0.07165
Epoca 402, RMS = 0.07165
Epoca 403, RMS = 0.07164
Epoca 404, RMS = 0.07164
Epoca 405, RMS = 0.07163
Epoca 406, RMS = 0.07163
Epoca 407, RMS = 0.07162
Epoca 408, RMS = 0.07162
Epoca 409, RMS = 0.07161
Epoca 410, RMS = 0.07161
Epoca 411, RMS = 0.07160
Epoca 412, RMS = 0.07160
Epoca 413, RMS = 0.07159
Epoca 414, RMS = 0.07159
Epoca 415, RMS = 0.07158
Epoca 416, RMS = 0.07158
Epoca 417, RMS = 0.07157
Epoca 418, RMS = 0.07157
Epoca 419, RMS = 0.07156
Epoca 420, RMS = 0.07156
Epoca 421, RMS = 0.07155
Epoca 422, RMS = 0.07155
Epoca 423, RMS = 0.07154
Epoca 424, RMS = 0.07154
Epoca 425, RMS = 0.07153
Epoca 426, RMS = 0.07153
Epoca 427, RMS = 0.07152
Epoca 428, RMS = 0.07152
Epoca 429, RMS = 0.07151
Epoca 430, RMS = 0.07151
Epoca 431, RMS = 0.07150
Epoca 432, RMS = 0.07150
Epoca 433, RMS = 0.07150
Epoca 434, RMS = 0.07149
Epoca 435, RMS = 0.07149
Epoca 436, RMS = 0.07148
Epoca 437, RMS = 0.07148
Epoca 438, RMS = 0.07147
Epoca 439, RMS = 0.07147
Epoca 440, RMS = 0.07146
Epoca 441, RMS = 0.07146
Epoca 442, RMS = 0.07145
Epoca 443, RMS = 0.07145
Epoca 444, RMS = 0.07144
Epoca 445, RMS = 0.07144
Epoca 446, RMS = 0.07143
Epoca 447, RMS = 0.07143
Epoca 448, RMS = 0.07143
Epoca 449, RMS = 0.07142
Epoca 450, RMS = 0.07142
Epoca 451, RMS = 0.07141
Epoca 452, RMS = 0.07141
Epoca 453, RMS = 0.07140
Epoca 454, RMS = 0.07140
Epoca 455, RMS = 0.07139
Epoca 456, RMS = 0.07139
Epoca 457, RMS = 0.07138
Epoca 458, RMS = 0.07138
Epoca 459, RMS = 0.07138
Epoca 460, RMS = 0.07137
Epoca 461, RMS = 0.07137
Epoca 462, RMS = 0.07136
Epoca 463, RMS = 0.07136
Epoca 464, RMS = 0.07135
Epoca 465, RMS = 0.07135
Epoca 466, RMS = 0.07134
Epoca 467, RMS = 0.07134
Epoca 468, RMS = 0.07133
Epoca 469, RMS = 0.07133
Epoca 470, RMS = 0.07133
Epoca 471, RMS = 0.07132
Epoca 472, RMS = 0.07132
Epoca 473, RMS = 0.07131
Epoca 474, RMS = 0.07131
Epoca 475, RMS = 0.07130
Epoca 476, RMS = 0.07130
Epoca 477, RMS = 0.07129
Epoca 478, RMS = 0.07129
Epoca 479, RMS = 0.07128
Epoca 480, RMS = 0.07128
Epoca 481, RMS = 0.07127
Epoca 482, RMS = 0.07127
Epoca 483, RMS = 0.07127
Epoca 484, RMS = 0.07126
Epoca 485, RMS = 0.07126
Epoca 486, RMS = 0.07125
Epoca 487, RMS = 0.07125
Epoca 488, RMS = 0.07124
Epoca 489, RMS = 0.07124
Epoca 490, RMS = 0.07123
Epoca 491, RMS = 0.07123
Epoca 492, RMS = 0.07122
Epoca 493, RMS = 0.07122
Epoca 494, RMS = 0.07121
Epoca 495, RMS = 0.07121
Epoca 496, RMS = 0.07121
Epoca 497, RMS = 0.07120
Epoca 498, RMS = 0.07120
Epoca 499, RMS = 0.07119
Epoca 500, RMS = 0.07119
Epoca 501, RMS = 0.07118
Epoca 502, RMS = 0.07118
Epoca 503, RMS = 0.07117
Epoca 504, RMS = 0.07117
Epoca 505, RMS = 0.07116
Epoca 506, RMS = 0.07116
Epoca 507, RMS = 0.07115
Epoca 508, RMS = 0.07115
Epoca 509, RMS = 0.07114
Epoca 510, RMS = 0.07114
Epoca 511, RMS = 0.07113
Epoca 512, RMS = 0.07113
Epoca 513, RMS = 0.07112
Epoca 514, RMS = 0.07112
Epoca 515, RMS = 0.07111
Epoca 516, RMS = 0.07111
Epoca 517, RMS = 0.07110
Epoca 518, RMS = 0.07110
Epoca 519, RMS = 0.07109
Epoca 520, RMS = 0.07109
Epoca 521, RMS = 0.07109
Epoca 522, RMS = 0.07108
Epoca 523, RMS = 0.07108
Epoca 524, RMS = 0.07107
Epoca 525, RMS = 0.07107
Epoca 526, RMS = 0.07106
Epoca 527, RMS = 0.07106
Epoca 528, RMS = 0.07105
Epoca 529, RMS = 0.07105
Epoca 530, RMS = 0.07104
Epoca 531, RMS = 0.07104
Epoca 532, RMS = 0.07103
Epoca 533, RMS = 0.07103
Epoca 534, RMS = 0.07102
Epoca 535, RMS = 0.07102
Epoca 536, RMS = 0.07101
Epoca 537, RMS = 0.07101
Epoca 538, RMS = 0.07100
Epoca 539, RMS = 0.07100
Epoca 540, RMS = 0.07099
Epoca 541, RMS = 0.07099
Epoca 542, RMS = 0.07098
Epoca 543, RMS = 0.07097
Epoca 544, RMS = 0.07097
Epoca 545, RMS = 0.07096
Epoca 546, RMS = 0.07096
Epoca 547, RMS = 0.07095
Epoca 548, RMS = 0.07095
Epoca 549, RMS = 0.07094
Epoca 550, RMS = 0.07094
Epoca 551, RMS = 0.07093
Epoca 552, RMS = 0.07093
Epoca 553, RMS = 0.07092
Epoca 554, RMS = 0.07092
Epoca 555, RMS = 0.07091
Epoca 556, RMS = 0.07091
Epoca 557, RMS = 0.07090
Epoca 558, RMS = 0.07090
Epoca 559, RMS = 0.07089
Epoca 560, RMS = 0.07089
Epoca 561, RMS = 0.07088
Epoca 562, RMS = 0.07088
Epoca 563, RMS = 0.07087
Epoca 564, RMS = 0.07086
Epoca 565, RMS = 0.07086
Epoca 566, RMS = 0.07085
Epoca 567, RMS = 0.07085
Epoca 568, RMS = 0.07084
Epoca 569, RMS = 0.07084
Epoca 570, RMS = 0.07083
Epoca 571, RMS = 0.07083
Epoca 572, RMS = 0.07082
Epoca 573, RMS = 0.07082
Epoca 574, RMS = 0.07081
Epoca 575, RMS = 0.07080
Epoca 576, RMS = 0.07080
Epoca 577, RMS = 0.07079
Epoca 578, RMS = 0.07079
Epoca 579, RMS = 0.07078
Epoca 580, RMS = 0.07078
Epoca 581, RMS = 0.07077
Epoca 582, RMS = 0.07077
Epoca 583, RMS = 0.07076
Epoca 584, RMS = 0.07075
Epoca 585, RMS = 0.07075
Epoca 586, RMS = 0.07074
Epoca 587, RMS = 0.07074
Epoca 588, RMS = 0.07073
Epoca 589, RMS = 0.07073
Epoca 590, RMS = 0.07072
Epoca 591, RMS = 0.07071
Epoca 592, RMS = 0.07071
Epoca 593, RMS = 0.07070
Epoca 594, RMS = 0.07070
Epoca 595, RMS = 0.07069
Epoca 596, RMS = 0.07069
Epoca 597, RMS = 0.07068
Epoca 598, RMS = 0.07067
Epoca 599, RMS = 0.07067
Epoca 600, RMS = 0.07066
Epoca 601, RMS = 0.07066
Epoca 602, RMS = 0.07065
Epoca 603, RMS = 0.07064
Epoca 604, RMS = 0.07064
Epoca 605, RMS = 0.07063
Epoca 606, RMS = 0.07063
Epoca 607, RMS = 0.07062
Epoca 608, RMS = 0.07061
Epoca 609, RMS = 0.07061
Epoca 610, RMS = 0.07060
Epoca 611, RMS = 0.07060
Epoca 612, RMS = 0.07059
Epoca 613, RMS = 0.07058
Epoca 614, RMS = 0.07058
Epoca 615, RMS = 0.07057
Epoca 616, RMS = 0.07057
Epoca 617, RMS = 0.07056
Epoca 618, RMS = 0.07055
Epoca 619, RMS = 0.07055
Epoca 620, RMS = 0.07054
Epoca 621, RMS = 0.07053
Epoca 622, RMS = 0.07053
Epoca 623, RMS = 0.07052
Epoca 624, RMS = 0.07052
Epoca 625, RMS = 0.07051
Epoca 626, RMS = 0.07050
Epoca 627, RMS = 0.07050
Epoca 628, RMS = 0.07049
Epoca 629, RMS = 0.07048
Epoca 630, RMS = 0.07048
Epoca 631, RMS = 0.07047
Epoca 632, RMS = 0.07046
Epoca 633, RMS = 0.07046
Epoca 634, RMS = 0.07045
Epoca 635, RMS = 0.07045
Epoca 636, RMS = 0.07044
Epoca 637, RMS = 0.07043
Epoca 638, RMS = 0.07043
Epoca 639, RMS = 0.07042
Epoca 640, RMS = 0.07041
Epoca 641, RMS = 0.07041
Epoca 642, RMS = 0.07040
Epoca 643, RMS = 0.07039
Epoca 644, RMS = 0.07039
Epoca 645, RMS = 0.07038
Epoca 646, RMS = 0.07037
Epoca 647, RMS = 0.07037
Epoca 648, RMS = 0.07036
Epoca 649, RMS = 0.07035
Epoca 650, RMS = 0.07035
Epoca 651, RMS = 0.07034
Epoca 652, RMS = 0.07033
Epoca 653, RMS = 0.07033
Epoca 654, RMS = 0.07032
Epoca 655, RMS = 0.07031
Epoca 656, RMS = 0.07031
Epoca 657, RMS = 0.07030
Epoca 658, RMS = 0.07029
Epoca 659, RMS = 0.07029
Epoca 660, RMS = 0.07028
Epoca 661, RMS = 0.07027
Epoca 662, RMS = 0.07027
Epoca 663, RMS = 0.07026
Epoca 664, RMS = 0.07025
Epoca 665, RMS = 0.07024
Epoca 666, RMS = 0.07024
Epoca 667, RMS = 0.07023
Epoca 668, RMS = 0.07022
Epoca 669, RMS = 0.07022
Epoca 670, RMS = 0.07021
Epoca 671, RMS = 0.07020
Epoca 672, RMS = 0.07020
Epoca 673, RMS = 0.07019
Epoca 674, RMS = 0.07018
Epoca 675, RMS = 0.07018
Epoca 676, RMS = 0.07017
Epoca 677, RMS = 0.07016
Epoca 678, RMS = 0.07015
Epoca 679, RMS = 0.07015
Epoca 680, RMS = 0.07014
Epoca 681, RMS = 0.07013
Epoca 682, RMS = 0.07013
Epoca 683, RMS = 0.07012
Epoca 684, RMS = 0.07011
Epoca 685, RMS = 0.07010
Epoca 686, RMS = 0.07010
Epoca 687, RMS = 0.07009
Epoca 688, RMS = 0.07008
Epoca 689, RMS = 0.07008
Epoca 690, RMS = 0.07007
Epoca 691, RMS = 0.07006
Epoca 692, RMS = 0.07005
Epoca 693, RMS = 0.07005
Epoca 694, RMS = 0.07004
Epoca 695, RMS = 0.07003
Epoca 696, RMS = 0.07002
Epoca 697, RMS = 0.07002
Epoca 698, RMS = 0.07001
Epoca 699, RMS = 0.07000
Epoca 700, RMS = 0.07000
Epoca 701, RMS = 0.06999
Epoca 702, RMS = 0.06998
Epoca 703, RMS = 0.06997
Epoca 704, RMS = 0.06997
Epoca 705, RMS = 0.06996
Epoca 706, RMS = 0.06995
Epoca 707, RMS = 0.06994
Epoca 708, RMS = 0.06994
Epoca 709, RMS = 0.06993
Epoca 710, RMS = 0.06992
Epoca 711, RMS = 0.06992
Epoca 712, RMS = 0.06991
Epoca 713, RMS = 0.06990
Epoca 714, RMS = 0.06989
Epoca 715, RMS = 0.06989
Epoca 716, RMS = 0.06988
Epoca 717, RMS = 0.06987
Epoca 718, RMS = 0.06986
Epoca 719, RMS = 0.06986
Epoca 720, RMS = 0.06985
Epoca 721, RMS = 0.06984
Epoca 722, RMS = 0.06983
Epoca 723, RMS = 0.06983
Epoca 724, RMS = 0.06982
Epoca 725, RMS = 0.06981
Epoca 726, RMS = 0.06980
Epoca 727, RMS = 0.06980
Epoca 728, RMS = 0.06979
Epoca 729, RMS = 0.06978
Epoca 730, RMS = 0.06978
Epoca 731, RMS = 0.06977
Epoca 732, RMS = 0.06976
Epoca 733, RMS = 0.06975
Epoca 734, RMS = 0.06975
Epoca 735, RMS = 0.06974
Epoca 736, RMS = 0.06973
Epoca 737, RMS = 0.06972
Epoca 738, RMS = 0.06972
Epoca 739, RMS = 0.06971
Epoca 740, RMS = 0.06970
Epoca 741, RMS = 0.06969
Epoca 742, RMS = 0.06969
Epoca 743, RMS = 0.06968
Epoca 744, RMS = 0.06967
Epoca 745, RMS = 0.06966
Epoca 746, RMS = 0.06966
Epoca 747, RMS = 0.06965
Epoca 748, RMS = 0.06964
Epoca 749, RMS = 0.06963
Epoca 750, RMS = 0.06963
Epoca 751, RMS = 0.06962
Epoca 752, RMS = 0.06961
Epoca 753, RMS = 0.06961
Epoca 754, RMS = 0.06960
Epoca 755, RMS = 0.06959
Epoca 756, RMS = 0.06958
Epoca 757, RMS = 0.06958
Epoca 758, RMS = 0.06957
Epoca 759, RMS = 0.06956
Epoca 760, RMS = 0.06955
Epoca 761, RMS = 0.06955
Epoca 762, RMS = 0.06954
Epoca 763, RMS = 0.06953
Epoca 764, RMS = 0.06952
Epoca 765, RMS = 0.06952
Epoca 766, RMS = 0.06951
Epoca 767, RMS = 0.06950
Epoca 768, RMS = 0.06949
Epoca 769, RMS = 0.06949
Epoca 770, RMS = 0.06948
Epoca 771, RMS = 0.06947
Epoca 772, RMS = 0.06946
Epoca 773, RMS = 0.06945
Epoca 774, RMS = 0.06945
Epoca 775, RMS = 0.06944
Epoca 776, RMS = 0.06943
Epoca 777, RMS = 0.06942
Epoca 778, RMS = 0.06942
Epoca 779, RMS = 0.06941
Epoca 780, RMS = 0.06940
Epoca 781, RMS = 0.06939
Epoca 782, RMS = 0.06939
Epoca 783, RMS = 0.06938
Epoca 784, RMS = 0.06937
Epoca 785, RMS = 0.06936
Epoca 786, RMS = 0.06935
Epoca 787, RMS = 0.06935
Epoca 788, RMS = 0.06934
Epoca 789, RMS = 0.06933
Epoca 790, RMS = 0.06932
Epoca 791, RMS = 0.06931
Epoca 792, RMS = 0.06931
Epoca 793, RMS = 0.06930
Epoca 794, RMS = 0.06929
Epoca 795, RMS = 0.06928
Epoca 796, RMS = 0.06927
Epoca 797, RMS = 0.06926
Epoca 798, RMS = 0.06926
Epoca 799, RMS = 0.06925
Epoca 800, RMS = 0.06924
Epoca 801, RMS = 0.06923
Epoca 802, RMS = 0.06922
Epoca 803, RMS = 0.06921
Epoca 804, RMS = 0.06920
Epoca 805, RMS = 0.06920
Epoca 806, RMS = 0.06919
Epoca 807, RMS = 0.06918
Epoca 808, RMS = 0.06917
Epoca 809, RMS = 0.06916
Epoca 810, RMS = 0.06915
Epoca 811, RMS = 0.06914
Epoca 812, RMS = 0.06913
Epoca 813, RMS = 0.06912
Epoca 814, RMS = 0.06911
Epoca 815, RMS = 0.06911
Epoca 816, RMS = 0.06910
Epoca 817, RMS = 0.06909
Epoca 818, RMS = 0.06908
Epoca 819, RMS = 0.06907
Epoca 820, RMS = 0.06906
Epoca 821, RMS = 0.06905
Epoca 822, RMS = 0.06904
Epoca 823, RMS = 0.06903
Epoca 824, RMS = 0.06902
Epoca 825, RMS = 0.06901
Epoca 826, RMS = 0.06900
Epoca 827, RMS = 0.06899
Epoca 828, RMS = 0.06898
Epoca 829, RMS = 0.06897
Epoca 830, RMS = 0.06896
Epoca 831, RMS = 0.06895
Epoca 832, RMS = 0.06894
Epoca 833, RMS = 0.06893
Epoca 834, RMS = 0.06892
Epoca 835, RMS = 0.06891
Epoca 836, RMS = 0.06890
Epoca 837, RMS = 0.06889
Epoca 838, RMS = 0.06888
Epoca 839, RMS = 0.06887
Epoca 840, RMS = 0.06886
Epoca 841, RMS = 0.06884
Epoca 842, RMS = 0.06883
Epoca 843, RMS = 0.06882
Epoca 844, RMS = 0.06881
Epoca 845, RMS = 0.06880
Epoca 846, RMS = 0.06879
Epoca 847, RMS = 0.06878
Epoca 848, RMS = 0.06877
Epoca 849, RMS = 0.06876
Epoca 850, RMS = 0.06875
Epoca 851, RMS = 0.06873
Epoca 852, RMS = 0.06872
Epoca 853, RMS = 0.06871
Epoca 854, RMS = 0.06870
Epoca 855, RMS = 0.06869
Epoca 856, RMS = 0.06868
Epoca 857, RMS = 0.06867
Epoca 858, RMS = 0.06866
Epoca 859, RMS = 0.06864
Epoca 860, RMS = 0.06863
Epoca 861, RMS = 0.06862
Epoca 862, RMS = 0.06861
Epoca 863, RMS = 0.06860
Epoca 864, RMS = 0.06859
Epoca 865, RMS = 0.06858
Epoca 866, RMS = 0.06856
Epoca 867, RMS = 0.06855
Epoca 868, RMS = 0.06854
Epoca 869, RMS = 0.06853
Epoca 870, RMS = 0.06852
Epoca 871, RMS = 0.06850
Epoca 872, RMS = 0.06849
Epoca 873, RMS = 0.06848
Epoca 874, RMS = 0.06847
Epoca 875, RMS = 0.06846
Epoca 876, RMS = 0.06845
Epoca 877, RMS = 0.06843
Epoca 878, RMS = 0.06842
Epoca 879, RMS = 0.06841
Epoca 880, RMS = 0.06840
Epoca 881, RMS = 0.06839
Epoca 882, RMS = 0.06837
Epoca 883, RMS = 0.06836
Epoca 884, RMS = 0.06835
Epoca 885, RMS = 0.06834
Epoca 886, RMS = 0.06833
Epoca 887, RMS = 0.06831
Epoca 888, RMS = 0.06830
Epoca 889, RMS = 0.06829
Epoca 890, RMS = 0.06828
Epoca 891, RMS = 0.06827
Epoca 892, RMS = 0.06825
Epoca 893, RMS = 0.06824
Epoca 894, RMS = 0.06823
Epoca 895, RMS = 0.06822
Epoca 896, RMS = 0.06820
Epoca 897, RMS = 0.06819
Epoca 898, RMS = 0.06818
Epoca 899, RMS = 0.06817
Epoca 900, RMS = 0.06816
Epoca 901, RMS = 0.06814
Epoca 902, RMS = 0.06813
Epoca 903, RMS = 0.06812
Epoca 904, RMS = 0.06811
Epoca 905, RMS = 0.06809
Epoca 906, RMS = 0.06808
Epoca 907, RMS = 0.06807
Epoca 908, RMS = 0.06806
Epoca 909, RMS = 0.06805
Epoca 910, RMS = 0.06803
Epoca 911, RMS = 0.06802
Epoca 912, RMS = 0.06801
Epoca 913, RMS = 0.06800
Epoca 914, RMS = 0.06798
Epoca 915, RMS = 0.06797
Epoca 916, RMS = 0.06796
Epoca 917, RMS = 0.06795
Epoca 918, RMS = 0.06793
Epoca 919, RMS = 0.06792
Epoca 920, RMS = 0.06791
Epoca 921, RMS = 0.06790
Epoca 922, RMS = 0.06789
Epoca 923, RMS = 0.06787
Epoca 924, RMS = 0.06786
Epoca 925, RMS = 0.06785
Epoca 926, RMS = 0.06784
Epoca 927, RMS = 0.06782
Epoca 928, RMS = 0.06781
Epoca 929, RMS = 0.06780
Epoca 930, RMS = 0.06779
Epoca 931, RMS = 0.06777
Epoca 932, RMS = 0.06776
Epoca 933, RMS = 0.06775
Epoca 934, RMS = 0.06774
Epoca 935, RMS = 0.06772
Epoca 936, RMS = 0.06771
Epoca 937, RMS = 0.06770
Epoca 938, RMS = 0.06768
Epoca 939, RMS = 0.06767
Epoca 940, RMS = 0.06766
Epoca 941, RMS = 0.06765
Epoca 942, RMS = 0.06763
Epoca 943, RMS = 0.06762
Epoca 944, RMS = 0.06761
Epoca 945, RMS = 0.06760
Epoca 946, RMS = 0.06758
Epoca 947, RMS = 0.06757
Epoca 948, RMS = 0.06756
Epoca 949, RMS = 0.06754
Epoca 950, RMS = 0.06753
Epoca 951, RMS = 0.06752
Epoca 952, RMS = 0.06751
Epoca 953, RMS = 0.06749
Epoca 954, RMS = 0.06748
Epoca 955, RMS = 0.06747
Epoca 956, RMS = 0.06745
Epoca 957, RMS = 0.06744
Epoca 958, RMS = 0.06743
Epoca 959, RMS = 0.06741
Epoca 960, RMS = 0.06740
Epoca 961, RMS = 0.06739
Epoca 962, RMS = 0.06738
Epoca 963, RMS = 0.06736
Epoca 964, RMS = 0.06735
Epoca 965, RMS = 0.06734
Epoca 966, RMS = 0.06732
Epoca 967, RMS = 0.06731
Epoca 968, RMS = 0.06730
Epoca 969, RMS = 0.06728
Epoca 970, RMS = 0.06727
Epoca 971, RMS = 0.06726
Epoca 972, RMS = 0.06724
Epoca 973, RMS = 0.06723
Epoca 974, RMS = 0.06722
Epoca 975, RMS = 0.06720
Epoca 976, RMS = 0.06719
Epoca 977, RMS = 0.06718
Epoca 978, RMS = 0.06716
Epoca 979, RMS = 0.06715
Epoca 980, RMS = 0.06714
Epoca 981, RMS = 0.06712
Epoca 982, RMS = 0.06711
Epoca 983, RMS = 0.06709
Epoca 984, RMS = 0.06708
Epoca 985, RMS = 0.06707
Epoca 986, RMS = 0.06705
Epoca 987, RMS = 0.06704
Epoca 988, RMS = 0.06703
Epoca 989, RMS = 0.06701
Epoca 990, RMS = 0.06700
Epoca 991, RMS = 0.06698
Epoca 992, RMS = 0.06697
Epoca 993, RMS = 0.06696
Epoca 994, RMS = 0.06694
Epoca 995, RMS = 0.06693
Epoca 996, RMS = 0.06692
Epoca 997, RMS = 0.06690
Epoca 998, RMS = 0.06689
Epoca 999, RMS = 0.06687
Epoca 1000, RMS = 0.06686

##################TEST##################
Z[0] = 1.00
Z[1] = 0.56
Y_IN 0.64
T[0] = 0 Y[0] = 0.31
Y_IN 3.83
T[1] = 1 Y[1] = 0.96
Z[0] = 1.00
Z[1] = -0.96
Y_IN 3.17
T[0] = 1 Y[0] = 0.92
Y_IN 0.07
T[1] = 0 Y[1] = 0.04
Z[0] = 1.00
Z[1] = -0.99
Y_IN 3.23
T[0] = 1 Y[0] = 0.92
Y_IN -0.00
T[1] = 0 Y[1] = -0.00
Z[0] = 1.00
Z[1] = -0.99
Y_IN 3.23
T[0] = 1 Y[0] = 0.92
Y_IN -0.01
T[1] = 0 Y[1] = -0.01
Z[0] = 1.00
Z[1] = 0.94
Y_IN -0.00
T[0] = 0 Y[0] = -0.00
Y_IN 4.78
T[1] = 1 Y[1] = 0.98
Z[0] = 1.00
Z[1] = -0.72
Y_IN 2.77
T[0] = 0 Y[0] = 0.88
Y_IN 0.67
T[1] = 1 Y[1] = 0.32
Z[0] = 1.00
Z[1] = 0.98
Y_IN -0.07
T[0] = 0 Y[0] = -0.04
Y_IN 4.89
T[1] = 1 Y[1] = 0.99
Z[0] = 1.00
Z[1] = -0.99
Y_IN 3.23
T[0] = 1 Y[0] = 0.92
Y_IN -0.01
T[1] = 0 Y[1] = -0.00
Z[0] = 1.00
Z[1] = -1.00
Y_IN 3.24
T[0] = 1 Y[0] = 0.92
Y_IN -0.03
T[1] = 0 Y[1] = -0.01
Z[0] = 1.00
Z[1] = 0.97
Y_IN -0.05
T[0] = 0 Y[0] = -0.03
Y_IN 4.85
T[1] = 1 Y[1] = 0.98
Z[0] = 1.00
Z[1] = -1.00
Y_IN 3.24
T[0] = 1 Y[0] = 0.92
Y_IN -0.02
T[1] = 0 Y[1] = -0.01
Z[0] = 1.00
Z[1] = -1.00
Y_IN 3.24
T[0] = 1 Y[0] = 0.92
Y_IN -0.03
T[1] = 0 Y[1] = -0.01
Z[0] = 1.00
Z[1] = -0.95
Y_IN 3.15
T[0] = 1 Y[0] = 0.92
Y_IN 0.10
T[1] = 0 Y[1] = 0.05
Z[0] = 1.00
Z[1] = 1.00
Y_IN -0.10
T[0] = 0 Y[0] = -0.05
Y_IN 4.93
T[1] = 1 Y[1] = 0.99
Z[0] = 1.00
Z[1] = -1.00
Y_IN 3.24
T[0] = 1 Y[0] = 0.92
Y_IN -0.02
T[1] = 0 Y[1] = -0.01
Z[0] = 1.00
Z[1] = -0.92
Y_IN 3.11
T[0] = 1 Y[0] = 0.91
Y_IN 0.17
T[1] = 0 Y[1] = 0.08
Z[0] = 1.00
Z[1] = 0.66
Y_IN 0.47
T[0] = 0 Y[0] = 0.23
Y_IN 4.08
T[1] = 1 Y[1] = 0.97
Z[0] = 1.00
Z[1] = -1.00
Y_IN 3.23
T[0] = 1 Y[0] = 0.92
Y_IN -0.02
T[1] = 0 Y[1] = -0.01
Z[0] = 1.00
Z[1] = 1.00
Y_IN -0.10
T[0] = 0 Y[0] = -0.05
Y_IN 4.93
T[1] = 1 Y[1] = 0.99
Z[0] = 1.00
Z[1] = -1.00
Y_IN 3.24
T[0] = 1 Y[0] = 0.92
Y_IN -0.03
T[1] = 0 Y[1] = -0.01
Z[0] = 1.00
Z[1] = -0.99
Y_IN 3.23
T[0] = 1 Y[0] = 0.92
Y_IN -0.01
T[1] = 0 Y[1] = -0.00
Z[0] = 1.00
Z[1] = 1.00
Y_IN -0.10
T[0] = 0 Y[0] = -0.05
Y_IN 4.93
T[1] = 1 Y[1] = 0.99
Z[0] = 1.00
Z[1] = -1.00
Y_IN 3.24
T[0] = 1 Y[0] = 0.92
Y_IN -0.02
T[1] = 0 Y[1] = -0.01
Z[0] = 1.00
Z[1] = -0.96
Y_IN 3.18
T[0] = 1 Y[0] = 0.92
Y_IN 0.06
T[1] = 0 Y[1] = 0.03
Z[0] = 1.00
Z[1] = 1.00
Y_IN -0.10
T[0] = 0 Y[0] = -0.05
Y_IN 4.92
T[1] = 1 Y[1] = 0.99
Z[0] = 1.00
Z[1] = -1.00
Y_IN 3.24
T[0] = 1 Y[0] = 0.92
Y_IN -0.02
T[1] = 0 Y[1] = -0.01
Z[0] = 1.00
Z[1] = 1.00
Y_IN -0.10
T[0] = 0 Y[0] = -0.05
Y_IN 4.93
T[1] = 1 Y[1] = 0.99
Z[0] = 1.00
Z[1] = -0.98
Y_IN 3.20
T[0] = 1 Y[0] = 0.92
Y_IN 0.03
T[1] = 0 Y[1] = 0.02
Z[0] = 1.00
Z[1] = 0.99
Y_IN -0.08
T[0] = 0 Y[0] = -0.04
Y_IN 4.90
T[1] = 1 Y[1] = 0.99
Z[0] = 1.00
Z[1] = 0.97
Y_IN -0.05
T[0] = 0 Y[0] = -0.02
Y_IN 4.85
T[1] = 1 Y[1] = 0.98
Z[0] = 1.00
Z[1] = -1.00
Y_IN 3.24
T[0] = 1 Y[0] = 0.92
Y_IN -0.02
T[1] = 0 Y[1] = -0.01
Z[0] = 1.00
Z[1] = -1.00
Y_IN 3.24
T[0] = 1 Y[0] = 0.92
Y_IN -0.03
T[1] = 0 Y[1] = -0.01
Z[0] = 1.00
Z[1] = 0.99
Y_IN -0.08
T[0] = 0 Y[0] = -0.04
Y_IN 4.90
T[1] = 1 Y[1] = 0.99
Z[0] = 1.00
Z[1] = 1.00
Y_IN -0.10
T[0] = 0 Y[0] = -0.05
Y_IN 4.92
T[1] = 1 Y[1] = 0.99
Z[0] = 1.00
Z[1] = 0.97
Y_IN -0.06
T[0] = 0 Y[0] = -0.03
Y_IN 4.87
T[1] = 1 Y[1] = 0.98
Z[0] = 1.00
Z[1] = 0.98
Y_IN -0.07
T[0] = 0 Y[0] = -0.03
Y_IN 4.88
T[1] = 1 Y[1] = 0.98
Z[0] = 1.00
Z[1] = -0.97
Y_IN 3.19
T[0] = 1 Y[0] = 0.92
Y_IN 0.06
T[1] = 0 Y[1] = 0.03
Z[0] = 1.00
Z[1] = -0.95
Y_IN 3.16
T[0] = 1 Y[0] = 0.92
Y_IN 0.09
T[1] = 0 Y[1] = 0.04
Z[0] = 1.00
Z[1] = 1.00
Y_IN -0.10
T[0] = 0 Y[0] = -0.05
Y_IN 4.93
T[1] = 1 Y[1] = 0.99
Z[0] = 1.00
Z[1] = 0.99
Y_IN -0.09
T[0] = 0 Y[0] = -0.05
Y_IN 4.92
T[1] = 1 Y[1] = 0.99
Z[0] = 1.00
Z[1] = -1.00
Y_IN 3.24
T[0] = 1 Y[0] = 0.92
Y_IN -0.03
T[1] = 0 Y[1] = -0.01
Z[0] = 1.00
Z[1] = -0.74
Y_IN 2.81
T[0] = 1 Y[0] = 0.89
Y_IN 0.62
T[1] = 0 Y[1] = 0.30
Z[0] = 1.00
Z[1] = 1.00
Y_IN -0.10
T[0] = 0 Y[0] = -0.05
Y_IN 4.93
T[1] = 1 Y[1] = 0.99
Z[0] = 1.00
Z[1] = -1.00
Y_IN 3.24
T[0] = 1 Y[0] = 0.92
Y_IN -0.03
T[1] = 0 Y[1] = -0.01
Z[0] = 1.00
Z[1] = -1.00
Y_IN 3.24
T[0] = 1 Y[0] = 0.92
Y_IN -0.03
T[1] = 0 Y[1] = -0.01
Z[0] = 1.00
Z[1] = 0.95
Y_IN -0.02
T[0] = 0 Y[0] = -0.01
Y_IN 4.81
T[1] = 1 Y[1] = 0.98
Z[0] = 1.00
Z[1] = 1.00
Y_IN -0.10
T[0] = 0 Y[0] = -0.05
Y_IN 4.93
T[1] = 1 Y[1] = 0.99
Z[0] = 1.00
Z[1] = 0.89
Y_IN 0.08
T[0] = 0 Y[0] = 0.04
Y_IN 4.66
T[1] = 1 Y[1] = 0.98
Z[0] = 1.00
Z[1] = -1.00
Y_IN 3.24
T[0] = 1 Y[0] = 0.92
Y_IN -0.02
T[1] = 0 Y[1] = -0.01
Z[0] = 1.00
Z[1] = -0.96
Y_IN 3.18
T[0] = 1 Y[0] = 0.92
Y_IN 0.07
T[1] = 0 Y[1] = 0.03
Z[0] = 1.00
Z[1] = 0.33
Y_IN 1.02
T[0] = 0 Y[0] = 0.47
Y_IN 3.26
T[1] = 1 Y[1] = 0.93
Z[0] = 1.00
Z[1] = -1.00
Y_IN 3.24
T[0] = 1 Y[0] = 0.92
Y_IN -0.02
T[1] = 0 Y[1] = -0.01
Z[0] = 1.00
Z[1] = -0.98
Y_IN 3.21
T[0] = 1 Y[0] = 0.92
Y_IN 0.02
T[1] = 0 Y[1] = 0.01
Z[0] = 1.00
Z[1] = 0.56
Y_IN 0.64
T[0] = 0 Y[0] = 0.31
Y_IN 3.83
T[1] = 1 Y[1] = 0.96
Z[0] = 1.00
Z[1] = 1.00
Y_IN -0.10
T[0] = 0 Y[0] = -0.05
Y_IN 4.93
T[1] = 1 Y[1] = 0.99
Z[0] = 1.00
Z[1] = -0.99
Y_IN 3.23
T[0] = 1 Y[0] = 0.92
Y_IN -0.01
T[1] = 0 Y[1] = -0.01
Z[0] = 1.00
Z[1] = -1.00
Y_IN 3.24
T[0] = 1 Y[0] = 0.92
Y_IN -0.02
T[1] = 0 Y[1] = -0.01
Z[0] = 1.00
Z[1] = -1.00
Y_IN 3.24
T[0] = 1 Y[0] = 0.92
Y_IN -0.02
T[1] = 0 Y[1] = -0.01
Z[0] = 1.00
Z[1] = -0.99
Y_IN 3.22
T[0] = 1 Y[0] = 0.92
Y_IN 0.01
T[1] = 0 Y[1] = 0.00
Z[0] = 1.00
Z[1] = -0.99
Y_IN 3.23
T[0] = 1 Y[0] = 0.92
Y_IN -0.02
T[1] = 0 Y[1] = -0.01
Z[0] = 1.00
Z[1] = -1.00
Y_IN 3.24
T[0] = 1 Y[0] = 0.92
Y_IN -0.02
T[1] = 0 Y[1] = -0.01
Z[0] = 1.00
Z[1] = -0.40
Y_IN 2.24
T[0] = 0 Y[0] = 0.81
Y_IN 1.46
T[1] = 1 Y[1] = 0.62
Z[0] = 1.00
Z[1] = -0.19
Y_IN 1.89
T[0] = 0 Y[0] = 0.74
Y_IN 1.98
T[1] = 1 Y[1] = 0.76
Z[0] = 1.00
Z[1] = -1.00
Y_IN 3.24
T[0] = 1 Y[0] = 0.92
Y_IN -0.03
T[1] = 0 Y[1] = -0.01
Z[0] = 1.00
Z[1] = 0.82
Y_IN 0.20
T[0] = 0 Y[0] = 0.10
Y_IN 4.49
T[1] = 1 Y[1] = 0.98
Z[0] = 1.00
Z[1] = -0.98
Y_IN 3.21
T[0] = 1 Y[0] = 0.92
Y_IN 0.02
T[1] = 0 Y[1] = 0.01
Z[0] = 1.00
Z[1] = -0.99
Y_IN 3.23
T[0] = 1 Y[0] = 0.92
Y_IN -0.02
T[1] = 0 Y[1] = -0.01
Z[0] = 1.00
Z[1] = 1.00
Y_IN -0.10
T[0] = 0 Y[0] = -0.05
Y_IN 4.93
T[1] = 1 Y[1] = 0.99
Z[0] = 1.00
Z[1] = -1.00
Y_IN 3.24
T[0] = 1 Y[0] = 0.92
Y_IN -0.02
T[1] = 0 Y[1] = -0.01
Z[0] = 1.00
Z[1] = -0.98
Y_IN 3.20
T[0] = 1 Y[0] = 0.92
Y_IN 0.03
T[1] = 0 Y[1] = 0.02
Z[0] = 1.00
Z[1] = -1.00
Y_IN 3.24
T[0] = 1 Y[0] = 0.92
Y_IN -0.02
T[1] = 0 Y[1] = -0.01
Z[0] = 1.00
Z[1] = -0.98
Y_IN 3.21
T[0] = 1 Y[0] = 0.92
Y_IN 0.01
T[1] = 0 Y[1] = 0.01
Z[0] = 1.00
Z[1] = -0.99
Y_IN 3.23
T[0] = 1 Y[0] = 0.92
Y_IN -0.01
T[1] = 0 Y[1] = -0.00
Z[0] = 1.00
Z[1] = -1.00
Y_IN 3.24
T[0] = 1 Y[0] = 0.92
Y_IN -0.03
T[1] = 0 Y[1] = -0.01
Z[0] = 1.00
Z[1] = 0.10
Y_IN 1.40
T[0] = 0 Y[0] = 0.61
Y_IN 2.70
T[1] = 1 Y[1] = 0.87
Z[0] = 1.00
Z[1] = -0.90
Y_IN 3.07
T[0] = 1 Y[0] = 0.91
Y_IN 0.23
T[1] = 0 Y[1] = 0.11
Z[0] = 1.00
Z[1] = -1.00
Y_IN 3.24
T[0] = 1 Y[0] = 0.92
Y_IN -0.03
T[1] = 0 Y[1] = -0.01
Z[0] = 1.00
Z[1] = -0.98
Y_IN 3.20
T[0] = 1 Y[0] = 0.92
Y_IN 0.03
T[1] = 0 Y[1] = 0.02
Z[0] = 1.00
Z[1] = 1.00
Y_IN -0.10
T[0] = 0 Y[0] = -0.05
Y_IN 4.93
T[1] = 1 Y[1] = 0.99
Z[0] = 1.00
Z[1] = 1.00
Y_IN -0.10
T[0] = 0 Y[0] = -0.05
Y_IN 4.92
T[1] = 1 Y[1] = 0.99
Z[0] = 1.00
Z[1] = -0.92
Y_IN 3.12
T[0] = 1 Y[0] = 0.92
Y_IN 0.16
T[1] = 0 Y[1] = 0.08
Z[0] = 1.00
Z[1] = 0.96
Y_IN -0.03
T[0] = 0 Y[0] = -0.02
Y_IN 4.83
T[1] = 1 Y[1] = 0.98
Z[0] = 1.00
Z[1] = -0.99
Y_IN 3.23
T[0] = 1 Y[0] = 0.92
Y_IN -0.00
T[1] = 0 Y[1] = -0.00
Z[0] = 1.00
Z[1] = -0.99
Y_IN 3.22
T[0] = 1 Y[0] = 0.92
Y_IN 0.00
T[1] = 0 Y[1] = 0.00
Z[0] = 1.00
Z[1] = 1.00
Y_IN -0.10
T[0] = 0 Y[0] = -0.05
Y_IN 4.93
T[1] = 1 Y[1] = 0.99
Z[0] = 1.00
Z[1] = 1.00
Y_IN -0.10
T[0] = 0 Y[0] = -0.05
Y_IN 4.93
T[1] = 1 Y[1] = 0.99
Z[0] = 1.00
Z[1] = -0.99
Y_IN 3.22
T[0] = 1 Y[0] = 0.92
Y_IN -0.00
T[1] = 0 Y[1] = -0.00
Z[0] = 1.00
Z[1] = -1.00
Y_IN 3.24
T[0] = 1 Y[0] = 0.92
Y_IN -0.02
T[1] = 0 Y[1] = -0.01
Z[0] = 1.00
Z[1] = -0.99
Y_IN 3.23
T[0] = 1 Y[0] = 0.92
Y_IN -0.01
T[1] = 0 Y[1] = -0.00
Z[0] = 1.00
Z[1] = 0.25
Y_IN 1.15
T[0] = 0 Y[0] = 0.52
Y_IN 3.07
T[1] = 1 Y[1] = 0.91
Z[0] = 1.00
Z[1] = 1.00
Y_IN -0.10
T[0] = 0 Y[0] = -0.05
Y_IN 4.93
T[1] = 1 Y[1] = 0.99
Z[0] = 1.00
Z[1] = -0.98
Y_IN 3.20
T[0] = 1 Y[0] = 0.92
Y_IN 0.03
T[1] = 0 Y[1] = 0.02
Z[0] = 1.00
Z[1] = 1.00
Y_IN -0.10
T[0] = 0 Y[0] = -0.05
Y_IN 4.93
T[1] = 1 Y[1] = 0.99
Z[0] = 1.00
Z[1] = 0.73
Y_IN 0.34
T[0] = 1 Y[0] = 0.17
Y_IN 4.27
T[1] = 0 Y[1] = 0.97
Z[0] = 1.00
Z[1] = -0.99
Y_IN 3.23
T[0] = 1 Y[0] = 0.92
Y_IN -0.02
T[1] = 0 Y[1] = -0.01
Z[0] = 1.00
Z[1] = -0.98
Y_IN 3.21
T[0] = 1 Y[0] = 0.92
Y_IN 0.02
T[1] = 0 Y[1] = 0.01
Z[0] = 1.00
Z[1] = -1.00
Y_IN 3.24
T[0] = 1 Y[0] = 0.92
Y_IN -0.02
T[1] = 0 Y[1] = -0.01
Z[0] = 1.00
Z[1] = -0.99
Y_IN 3.23
T[0] = 1 Y[0] = 0.92
Y_IN -0.01
T[1] = 0 Y[1] = -0.01
Z[0] = 1.00
Z[1] = -1.00
Y_IN 3.24
T[0] = 1 Y[0] = 0.92
Y_IN -0.02
T[1] = 0 Y[1] = -0.01
Z[0] = 1.00
Z[1] = -1.00
Y_IN 3.23
T[0] = 1 Y[0] = 0.92
Y_IN -0.02
T[1] = 0 Y[1] = -0.01
Z[0] = 1.00
Z[1] = -1.00
Y_IN 3.24
T[0] = 1 Y[0] = 0.92
Y_IN -0.03
T[1] = 0 Y[1] = -0.01
Z[0] = 1.00
Z[1] = -1.00
Y_IN 3.24
T[0] = 1 Y[0] = 0.92
Y_IN -0.03
T[1] = 0 Y[1] = -0.01
Z[0] = 1.00
Z[1] = 0.58
Y_IN 0.59
T[0] = 0 Y[0] = 0.29
Y_IN 3.90
T[1] = 1 Y[1] = 0.96
Z[0] = 1.00
Z[1] = -1.00
Y_IN 3.23
T[0] = 1 Y[0] = 0.92
Y_IN -0.02
T[1] = 0 Y[1] = -0.01
Z[0] = 1.00
Z[1] = -1.00
Y_IN 3.24
T[0] = 1 Y[0] = 0.92
Y_IN -0.03
T[1] = 0 Y[1] = -0.01
Z[0] = 1.00
Z[1] = -1.00
Y_IN 3.24
T[0] = 1 Y[0] = 0.92
Y_IN -0.03
T[1] = 0 Y[1] = -0.01
Z[0] = 1.00
Z[1] = -1.00
Y_IN 3.24
T[0] = 1 Y[0] = 0.92
Y_IN -0.03
T[1] = 0 Y[1] = -0.01
Z[0] = 1.00
Z[1] = -1.00
Y_IN 3.24
T[0] = 1 Y[0] = 0.92
Y_IN -0.03
T[1] = 0 Y[1] = -0.01
Z[0] = 1.00
Z[1] = -1.00
Y_IN 3.24
T[0] = 1 Y[0] = 0.92
Y_IN -0.03
T[1] = 0 Y[1] = -0.01
Z[0] = 1.00
Z[1] = -1.00
Y_IN 3.24
T[0] = 1 Y[0] = 0.92
Y_IN -0.02
T[1] = 0 Y[1] = -0.01
Z[0] = 1.00
Z[1] = 1.00
Y_IN -0.10
T[0] = 0 Y[0] = -0.05
Y_IN 4.93
T[1] = 1 Y[1] = 0.99
Z[0] = 1.00
Z[1] = 1.00
Y_IN -0.10
T[0] = 0 Y[0] = -0.05
Y_IN 4.93
T[1] = 1 Y[1] = 0.99
Z[0] = 1.00
Z[1] = 1.00
Y_IN -0.10
T[0] = 0 Y[0] = -0.05
Y_IN 4.92
T[1] = 1 Y[1] = 0.99
Z[0] = 1.00
Z[1] = -1.00
Y_IN 3.24
T[0] = 1 Y[0] = 0.92
Y_IN -0.03
T[1] = 0 Y[1] = -0.01
Z[0] = 1.00
Z[1] = -1.00
Y_IN 3.24
T[0] = 1 Y[0] = 0.92
Y_IN -0.03
T[1] = 0 Y[1] = -0.01
Z[0] = 1.00
Z[1] = 1.00
Y_IN -0.10
T[0] = 0 Y[0] = -0.05
Y_IN 4.93
T[1] = 1 Y[1] = 0.99
Z[0] = 1.00
Z[1] = -1.00
Y_IN 3.23
T[0] = 1 Y[0] = 0.92
Y_IN -0.02
T[1] = 0 Y[1] = -0.01
Z[0] = 1.00
Z[1] = 0.95
Y_IN -0.02
T[0] = 0 Y[0] = -0.01
Y_IN 4.81
T[1] = 1 Y[1] = 0.98
Z[0] = 1.00
Z[1] = -1.00
Y_IN 3.24
T[0] = 1 Y[0] = 0.92
Y_IN -0.02
T[1] = 0 Y[1] = -0.01
Z[0] = 1.00
Z[1] = -1.00
Y_IN 3.24
T[0] = 1 Y[0] = 0.92
Y_IN -0.03
T[1] = 0 Y[1] = -0.01
Z[0] = 1.00
Z[1] = -0.99
Y_IN 3.23
T[0] = 1 Y[0] = 0.92
Y_IN -0.01
T[1] = 0 Y[1] = -0.00
Z[0] = 1.00
Z[1] = -0.70
Y_IN 2.74
T[0] = 0 Y[0] = 0.88
Y_IN 0.72
T[1] = 1 Y[1] = 0.35
Z[0] = 1.00
Z[1] = -0.99
Y_IN 3.23
T[0] = 1 Y[0] = 0.92
Y_IN -0.00
T[1] = 0 Y[1] = -0.00
Z[0] = 1.00
Z[1] = -1.00
Y_IN 3.23
T[0] = 1 Y[0] = 0.92
Y_IN -0.02
T[1] = 0 Y[1] = -0.01
Z[0] = 1.00
Z[1] = -0.98
Y_IN 3.22
T[0] = 1 Y[0] = 0.92
Y_IN 0.01
T[1] = 0 Y[1] = 0.01
Z[0] = 1.00
Z[1] = -0.97
Y_IN 3.20
T[0] = 1 Y[0] = 0.92
Y_IN 0.04
T[1] = 0 Y[1] = 0.02
Z[0] = 1.00
Z[1] = -0.98
Y_IN 3.20
T[0] = 1 Y[0] = 0.92
Y_IN 0.03
T[1] = 0 Y[1] = 0.01
Z[0] = 1.00
Z[1] = -1.00
Y_IN 3.24
T[0] = 1 Y[0] = 0.92
Y_IN -0.02
T[1] = 0 Y[1] = -0.01
Z[0] = 1.00
Z[1] = 0.99
Y_IN -0.08
T[0] = 0 Y[0] = -0.04
Y_IN 4.89
T[1] = 1 Y[1] = 0.99
Z[0] = 1.00
Z[1] = 1.00
Y_IN -0.10
T[0] = 0 Y[0] = -0.05
Y_IN 4.93
T[1] = 1 Y[1] = 0.99
Z[0] = 1.00
Z[1] = 1.00
Y_IN -0.10
T[0] = 0 Y[0] = -0.05
Y_IN 4.93
T[1] = 1 Y[1] = 0.99
Z[0] = 1.00
Z[1] = 0.85
Y_IN 0.15
T[0] = 0 Y[0] = 0.08
Y_IN 4.55
T[1] = 1 Y[1] = 0.98
Z[0] = 1.00
Z[1] = -0.98
Y_IN 3.21
T[0] = 1 Y[0] = 0.92
Y_IN 0.02
T[1] = 0 Y[1] = 0.01
Z[0] = 1.00
Z[1] = -1.00
Y_IN 3.24
T[0] = 1 Y[0] = 0.92
Y_IN -0.02
T[1] = 0 Y[1] = -0.01
Z[0] = 1.00
Z[1] = -0.99
Y_IN 3.23
T[0] = 1 Y[0] = 0.92
Y_IN -0.01
T[1] = 0 Y[1] = -0.01
Z[0] = 1.00
Z[1] = 1.00
Y_IN -0.10
T[0] = 0 Y[0] = -0.05
Y_IN 4.93
T[1] = 1 Y[1] = 0.99
Z[0] = 1.00
Z[1] = -0.99
Y_IN 3.22
T[0] = 1 Y[0] = 0.92
Y_IN 0.00
T[1] = 0 Y[1] = 0.00
Z[0] = 1.00
Z[1] = -1.00
Y_IN 3.24
T[0] = 1 Y[0] = 0.92
Y_IN -0.02
T[1] = 0 Y[1] = -0.01
Z[0] = 1.00
Z[1] = -1.00
Y_IN 3.24
T[0] = 1 Y[0] = 0.92
Y_IN -0.03
T[1] = 0 Y[1] = -0.01
Z[0] = 1.00
Z[1] = -1.00
Y_IN 3.24
T[0] = 1 Y[0] = 0.92
Y_IN -0.02
T[1] = 0 Y[1] = -0.01
Z[0] = 1.00
Z[1] = -0.83
Y_IN 2.96
T[0] = 1 Y[0] = 0.90
Y_IN 0.39
T[1] = 0 Y[1] = 0.19
Z[0] = 1.00
Z[1] = -1.00
Y_IN 3.24
T[0] = 1 Y[0] = 0.92
Y_IN -0.03
T[1] = 0 Y[1] = -0.01
Z[0] = 1.00
Z[1] = -0.99
Y_IN 3.23
T[0] = 1 Y[0] = 0.92
Y_IN -0.01
T[1] = 0 Y[1] = -0.01
Z[0] = 1.00
Z[1] = -1.00
Y_IN 3.24
T[0] = 1 Y[0] = 0.92
Y_IN -0.02
T[1] = 0 Y[1] = -0.01
Z[0] = 1.00
Z[1] = 0.98
Y_IN -0.07
T[0] = 1 Y[0] = -0.03
Y_IN 4.88
T[1] = 0 Y[1] = 0.98
Z[0] = 1.00
Z[1] = -1.00
Y_IN 3.24
T[0] = 1 Y[0] = 0.92
Y_IN -0.03
T[1] = 0 Y[1] = -0.01
Z[0] = 1.00
Z[1] = -1.00
Y_IN 3.24
T[0] = 1 Y[0] = 0.92
Y_IN -0.02
T[1] = 0 Y[1] = -0.01
Z[0] = 1.00
Z[1] = -0.71
Y_IN 2.76
T[0] = 1 Y[0] = 0.88
Y_IN 0.69
T[1] = 0 Y[1] = 0.33
Z[0] = 1.00
Z[1] = -1.00
Y_IN 3.24
T[0] = 1 Y[0] = 0.92
Y_IN -0.02
T[1] = 0 Y[1] = -0.01
Z[0] = 1.00
Z[1] = 1.00
Y_IN -0.10
T[0] = 0 Y[0] = -0.05
Y_IN 4.93
T[1] = 1 Y[1] = 0.99
Z[0] = 1.00
Z[1] = 1.00
Y_IN -0.10
T[0] = 0 Y[0] = -0.05
Y_IN 4.93
T[1] = 1 Y[1] = 0.99
Z[0] = 1.00
Z[1] = 0.98
Y_IN -0.07
T[0] = 0 Y[0] = -0.04
Y_IN 4.89
T[1] = 1 Y[1] = 0.99
Z[0] = 1.00
Z[1] = -1.00
Y_IN 3.24
T[0] = 1 Y[0] = 0.92
Y_IN -0.03
T[1] = 0 Y[1] = -0.01
Z[0] = 1.00
Z[1] = -1.00
Y_IN 3.23
T[0] = 1 Y[0] = 0.92
Y_IN -0.02
T[1] = 0 Y[1] = -0.01
Z[0] = 1.00
Z[1] = -0.99
Y_IN 3.23
T[0] = 1 Y[0] = 0.92
Y_IN -0.01
T[1] = 0 Y[1] = -0.01
Z[0] = 1.00
Z[1] = -0.48
Y_IN 2.37
T[0] = 0 Y[0] = 0.83
Y_IN 1.26
T[1] = 1 Y[1] = 0.56
Z[0] = 1.00
Z[1] = -1.00
Y_IN 3.24
T[0] = 1 Y[0] = 0.92
Y_IN -0.03
T[1] = 0 Y[1] = -0.01
Z[0] = 1.00
Z[1] = -1.00
Y_IN 3.24
T[0] = 1 Y[0] = 0.92
Y_IN -0.03
T[1] = 0 Y[1] = -0.01
Z[0] = 1.00
Z[1] = -1.00
Y_IN 3.24
T[0] = 1 Y[0] = 0.92
Y_IN -0.03
T[1] = 0 Y[1] = -0.01
Z[0] = 1.00
Z[1] = -0.95
Y_IN 3.16
T[0] = 0 Y[0] = 0.92
Y_IN 0.10
T[1] = 1 Y[1] = 0.05
Z[0] = 1.00
Z[1] = -1.00
Y_IN 3.24
T[0] = 1 Y[0] = 0.92
Y_IN -0.03
T[1] = 0 Y[1] = -0.01
Z[0] = 1.00
Z[1] = 1.00
Y_IN -0.10
T[0] = 0 Y[0] = -0.05
Y_IN 4.93
T[1] = 1 Y[1] = 0.99
Z[0] = 1.00
Z[1] = 1.00
Y_IN -0.10
T[0] = 0 Y[0] = -0.05
Y_IN 4.93
T[1] = 1 Y[1] = 0.99
Z[0] = 1.00
Z[1] = 0.65
Y_IN 0.48
T[0] = 0 Y[0] = 0.23
Y_IN 4.07
T[1] = 1 Y[1] = 0.97
Z[0] = 1.00
Z[1] = -1.00
Y_IN 3.24
T[0] = 1 Y[0] = 0.92
Y_IN -0.02
T[1] = 0 Y[1] = -0.01
Z[0] = 1.00
Z[1] = 1.00
Y_IN -0.10
T[0] = 0 Y[0] = -0.05
Y_IN 4.93
T[1] = 1 Y[1] = 0.99
Z[0] = 1.00
Z[1] = 0.95
Y_IN -0.01
T[0] = 0 Y[0] = -0.01
Y_IN 4.79
T[1] = 1 Y[1] = 0.98
Z[0] = 1.00
Z[1] = -1.00
Y_IN 3.24
T[0] = 1 Y[0] = 0.92
Y_IN -0.02
T[1] = 0 Y[1] = -0.01
Z[0] = 1.00
Z[1] = -1.00
Y_IN 3.24
T[0] = 1 Y[0] = 0.92
Y_IN -0.02
T[1] = 0 Y[1] = -0.01
Z[0] = 1.00
Z[1] = 0.96
Y_IN -0.04
T[0] = 0 Y[0] = -0.02
Y_IN 4.83
T[1] = 1 Y[1] = 0.98
Z[0] = 1.00
Z[1] = -1.00
Y_IN 3.24
T[0] = 1 Y[0] = 0.92
Y_IN -0.02
T[1] = 0 Y[1] = -0.01
Z[0] = 1.00
Z[1] = 0.38
Y_IN 0.93
T[0] = 0 Y[0] = 0.43
Y_IN 3.40
T[1] = 1 Y[1] = 0.94
Z[0] = 1.00
Z[1] = -1.00
Y_IN 3.24
T[0] = 1 Y[0] = 0.92
Y_IN -0.03
T[1] = 0 Y[1] = -0.01
Z[0] = 1.00
Z[1] = -1.00
Y_IN 3.24
T[0] = 1 Y[0] = 0.92
Y_IN -0.03
T[1] = 0 Y[1] = -0.01
Z[0] = 1.00
Z[1] = 1.00
Y_IN -0.10
T[0] = 0 Y[0] = -0.05
Y_IN 4.93
T[1] = 1 Y[1] = 0.99
Z[0] = 1.00
Z[1] = -1.00
Y_IN 3.24
T[0] = 1 Y[0] = 0.92
Y_IN -0.03
T[1] = 0 Y[1] = -0.01
Z[0] = 1.00
Z[1] = 1.00
Y_IN -0.10
T[0] = 0 Y[0] = -0.05
Y_IN 4.93
T[1] = 1 Y[1] = 0.99
Z[0] = 1.00
Z[1] = -0.99
Y_IN 3.23
T[0] = 1 Y[0] = 0.92
Y_IN -0.01
T[1] = 0 Y[1] = -0.01
Z[0] = 1.00
Z[1] = -1.00
Y_IN 3.24
T[0] = 1 Y[0] = 0.92
Y_IN -0.02
T[1] = 0 Y[1] = -0.01
Z[0] = 1.00
Z[1] = -0.98
Y_IN 3.21
T[0] = 1 Y[0] = 0.92
Y_IN 0.02
T[1] = 0 Y[1] = 0.01
Z[0] = 1.00
Z[1] = -0.98
Y_IN 3.21
T[0] = 1 Y[0] = 0.92
Y_IN 0.02
T[1] = 0 Y[1] = 0.01
Z[0] = 1.00
Z[1] = 1.00
Y_IN -0.10
T[0] = 0 Y[0] = -0.05
Y_IN 4.93
T[1] = 1 Y[1] = 0.99
Z[0] = 1.00
Z[1] = -0.99
Y_IN 3.22
T[0] = 1 Y[0] = 0.92
Y_IN 0.00
T[1] = 0 Y[1] = 0.00
Z[0] = 1.00
Z[1] = -1.00
Y_IN 3.24
T[0] = 1 Y[0] = 0.92
Y_IN -0.02
T[1] = 0 Y[1] = -0.01
Z[0] = 1.00
Z[1] = -0.88
Y_IN 3.04
T[0] = 0 Y[0] = 0.91
Y_IN 0.27
T[1] = 1 Y[1] = 0.13
Z[0] = 1.00
Z[1] = -0.78
Y_IN 2.88
T[0] = 1 Y[0] = 0.89
Y_IN 0.51
T[1] = 0 Y[1] = 0.25
Z[0] = 1.00
Z[1] = -0.99
Y_IN 3.23
T[0] = 1 Y[0] = 0.92
Y_IN -0.01
T[1] = 0 Y[1] = -0.00
Z[0] = 1.00
Z[1] = -1.00
Y_IN 3.24
T[0] = 1 Y[0] = 0.92
Y_IN -0.02
T[1] = 0 Y[1] = -0.01
Z[0] = 1.00
Z[1] = -1.00
Y_IN 3.24
T[0] = 1 Y[0] = 0.92
Y_IN -0.03
T[1] = 0 Y[1] = -0.01
Z[0] = 1.00
Z[1] = -1.00
Y_IN 3.24
T[0] = 1 Y[0] = 0.92
Y_IN -0.03
T[1] = 0 Y[1] = -0.01
Z[0] = 1.00
Z[1] = 0.99
Y_IN -0.09
T[0] = 0 Y[0] = -0.04
Y_IN 4.91
T[1] = 1 Y[1] = 0.99
Z[0] = 1.00
Z[1] = -0.95
Y_IN 3.15
T[0] = 1 Y[0] = 0.92
Y_IN 0.10
T[1] = 0 Y[1] = 0.05
Z[0] = 1.00
Z[1] = -1.00
Y_IN 3.24
T[0] = 1 Y[0] = 0.92
Y_IN -0.03
T[1] = 0 Y[1] = -0.01
Z[0] = 1.00
Z[1] = 0.97
Y_IN -0.05
T[0] = 1 Y[0] = -0.03
Y_IN 4.85
T[1] = 0 Y[1] = 0.98
Z[0] = 1.00
Z[1] = -0.99
Y_IN 3.22
T[0] = 1 Y[0] = 0.92
Y_IN 0.01
T[1] = 0 Y[1] = 0.00
Z[0] = 1.00
Z[1] = -1.00
Y_IN 3.24
T[0] = 1 Y[0] = 0.92
Y_IN -0.02
T[1] = 0 Y[1] = -0.01
Z[0] = 1.00
Z[1] = -1.00
Y_IN 3.24
T[0] = 1 Y[0] = 0.92
Y_IN -0.02
T[1] = 0 Y[1] = -0.01
Z[0] = 1.00
Z[1] = -1.00
Y_IN 3.24
T[0] = 1 Y[0] = 0.92
Y_IN -0.03
T[1] = 0 Y[1] = -0.01
Z[0] = 1.00
Z[1] = -1.00
Y_IN 3.24
T[0] = 1 Y[0] = 0.92
Y_IN -0.03
T[1] = 0 Y[1] = -0.01
Z[0] = 1.00
Z[1] = -0.99
Y_IN 3.23
T[0] = 1 Y[0] = 0.92
Y_IN -0.01
T[1] = 0 Y[1] = -0.01
Z[0] = 1.00
Z[1] = -0.99
Y_IN 3.23
T[0] = 1 Y[0] = 0.92
Y_IN -0.02
T[1] = 0 Y[1] = -0.01
Z[0] = 1.00
Z[1] = 1.00
Y_IN -0.10
T[0] = 0 Y[0] = -0.05
Y_IN 4.93
T[1] = 1 Y[1] = 0.99
Z[0] = 1.00
Z[1] = -1.00
Y_IN 3.24
T[0] = 1 Y[0] = 0.92
Y_IN -0.03
T[1] = 0 Y[1] = -0.01
Z[0] = 1.00
Z[1] = 1.00
Y_IN -0.10
T[0] = 0 Y[0] = -0.05
Y_IN 4.93
T[1] = 1 Y[1] = 0.99
Z[0] = 1.00
Z[1] = -0.99
Y_IN 3.23
T[0] = 1 Y[0] = 0.92
Y_IN -0.01
T[1] = 0 Y[1] = -0.00
Z[0] = 1.00
Z[1] = -0.99
Y_IN 3.23
T[0] = 1 Y[0] = 0.92
Y_IN -0.01
T[1] = 0 Y[1] = -0.01
Z[0] = 1.00
Z[1] = -1.00
Y_IN 3.24
T[0] = 1 Y[0] = 0.92
Y_IN -0.03
T[1] = 0 Y[1] = -0.01
Z[0] = 1.00
Z[1] = 0.99
Y_IN -0.08
T[0] = 0 Y[0] = -0.04
Y_IN 4.90
T[1] = 1 Y[1] = 0.99
Z[0] = 1.00
Z[1] = -0.99
Y_IN 3.23
T[0] = 1 Y[0] = 0.92
Y_IN -0.01
T[1] = 0 Y[1] = -0.00
Z[0] = 1.00
Z[1] = 1.00
Y_IN -0.10
T[0] = 0 Y[0] = -0.05
Y_IN 4.93
T[1] = 1 Y[1] = 0.99
Z[0] = 1.00
Z[1] = -0.99
Y_IN 3.23
T[0] = 1 Y[0] = 0.92
Y_IN -0.02
T[1] = 0 Y[1] = -0.01
Z[0] = 1.00
Z[1] = -1.00
Y_IN 3.24
T[0] = 1 Y[0] = 0.92
Y_IN -0.03
T[1] = 0 Y[1] = -0.01
Z[0] = 1.00
Z[1] = -1.00
Y_IN 3.24
T[0] = 1 Y[0] = 0.92
Y_IN -0.03
T[1] = 0 Y[1] = -0.01
Z[0] = 1.00
Z[1] = 1.00
Y_IN -0.10
T[0] = 0 Y[0] = -0.05
Y_IN 4.93
T[1] = 1 Y[1] = 0.99
Z[0] = 1.00
Z[1] = -1.00
Y_IN 3.24
T[0] = 1 Y[0] = 0.92
Y_IN -0.03
T[1] = 0 Y[1] = -0.01
Z[0] = 1.00
Z[1] = -0.99
Y_IN 3.23
T[0] = 1 Y[0] = 0.92
Y_IN -0.00
T[1] = 0 Y[1] = -0.00
Z[0] = 1.00
Z[1] = -0.97
Y_IN 3.20
T[0] = 1 Y[0] = 0.92
Y_IN 0.03
T[1] = 0 Y[1] = 0.02
Z[0] = 1.00
Z[1] = 1.00
Y_IN -0.10
T[0] = 0 Y[0] = -0.05
Y_IN 4.93
T[1] = 1 Y[1] = 0.99
Z[0] = 1.00
Z[1] = 1.00
Y_IN -0.10
T[0] = 0 Y[0] = -0.05
Y_IN 4.93
T[1] = 1 Y[1] = 0.99
Z[0] = 1.00
Z[1] = 0.30
Y_IN 1.06
T[0] = 1 Y[0] = 0.49
Y_IN 3.20
T[1] = 0 Y[1] = 0.92
Z[0] = 1.00
Z[1] = -0.99
Y_IN 3.23
T[0] = 1 Y[0] = 0.92
Y_IN -0.02
T[1] = 0 Y[1] = -0.01
Z[0] = 1.00
Z[1] = 1.00
Y_IN -0.10
T[0] = 0 Y[0] = -0.05
Y_IN 4.93
T[1] = 1 Y[1] = 0.99
Z[0] = 1.00
Z[1] = -1.00
Y_IN 3.24
T[0] = 1 Y[0] = 0.92
Y_IN -0.02
T[1] = 0 Y[1] = -0.01
Z[0] = 1.00
Z[1] = -1.00
Y_IN 3.24
T[0] = 1 Y[0] = 0.92
Y_IN -0.03
T[1] = 0 Y[1] = -0.01
Z[0] = 1.00
Z[1] = -1.00
Y_IN 3.24
T[0] = 1 Y[0] = 0.92
Y_IN -0.02
T[1] = 0 Y[1] = -0.01
Z[0] = 1.00
Z[1] = -0.98
Y_IN 3.21
T[0] = 1 Y[0] = 0.92
Y_IN 0.02
T[1] = 0 Y[1] = 0.01
Z[0] = 1.00
Z[1] = 0.98
Y_IN -0.07
T[0] = 0 Y[0] = -0.04
Y_IN 4.88
T[1] = 1 Y[1] = 0.98
Z[0] = 1.00
Z[1] = -0.99
Y_IN 3.22
T[0] = 1 Y[0] = 0.92
Y_IN -0.00
T[1] = 0 Y[1] = -0.00
Z[0] = 1.00
Z[1] = 0.62
Y_IN 0.52
T[0] = 0 Y[0] = 0.26
Y_IN 4.00
T[1] = 1 Y[1] = 0.96
Z[0] = 1.00
Z[1] = -0.96
Y_IN 3.18
T[0] = 0 Y[0] = 0.92
Y_IN 0.07
T[1] = 1 Y[1] = 0.03
Z[0] = 1.00
Z[1] = -1.00
Y_IN 3.23
T[0] = 1 Y[0] = 0.92
Y_IN -0.02
T[1] = 0 Y[1] = -0.01
Z[0] = 1.00
Z[1] = 0.94
Y_IN 0.00
T[0] = 0 Y[0] = 0.00
Y_IN 4.77
T[1] = 1 Y[1] = 0.98
Z[0] = 1.00
Z[1] = -1.00
Y_IN 3.24
T[0] = 1 Y[0] = 0.92
Y_IN -0.03
T[1] = 0 Y[1] = -0.01
Z[0] = 1.00
Z[1] = 0.46
Y_IN 0.81
T[0] = 0 Y[0] = 0.38
Y_IN 3.58
T[1] = 1 Y[1] = 0.95
Z[0] = 1.00
Z[1] = -1.00
Y_IN 3.24
T[0] = 1 Y[0] = 0.92
Y_IN -0.03
T[1] = 0 Y[1] = -0.01
Z[0] = 1.00
Z[1] = -1.00
Y_IN 3.24
T[0] = 1 Y[0] = 0.92
Y_IN -0.03
T[1] = 0 Y[1] = -0.01
Z[0] = 1.00
Z[1] = -1.00
Y_IN 3.24
T[0] = 1 Y[0] = 0.92
Y_IN -0.03
T[1] = 0 Y[1] = -0.01
Z[0] = 1.00
Z[1] = -0.99
Y_IN 3.22
T[0] = 1 Y[0] = 0.92
Y_IN 0.00
T[1] = 0 Y[1] = 0.00
Z[0] = 1.00
Z[1] = -1.00
Y_IN 3.24
T[0] = 1 Y[0] = 0.92
Y_IN -0.02
T[1] = 0 Y[1] = -0.01
Z[0] = 1.00
Z[1] = -0.98
Y_IN 3.20
T[0] = 1 Y[0] = 0.92
Y_IN 0.03
T[1] = 0 Y[1] = 0.02
Z[0] = 1.00
Z[1] = 1.00
Y_IN -0.10
T[0] = 0 Y[0] = -0.05
Y_IN 4.92
T[1] = 1 Y[1] = 0.99
Z[0] = 1.00
Z[1] = 1.00
Y_IN -0.10
T[0] = 0 Y[0] = -0.05
Y_IN 4.93
T[1] = 1 Y[1] = 0.99
Z[0] = 1.00
Z[1] = 0.77
Y_IN 0.29
T[0] = 0 Y[0] = 0.14
Y_IN 4.35
T[1] = 1 Y[1] = 0.97
Z[0] = 1.00
Z[1] = -0.06
Y_IN 1.67
T[0] = 0 Y[0] = 0.68
Y_IN 2.31
T[1] = 1 Y[1] = 0.82
Z[0] = 1.00
Z[1] = -1.00
Y_IN 3.24
T[0] = 1 Y[0] = 0.92
Y_IN -0.02
T[1] = 0 Y[1] = -0.01
Z[0] = 1.00
Z[1] = 0.97
Y_IN -0.05
T[0] = 0 Y[0] = -0.03
Y_IN 4.85
T[1] = 1 Y[1] = 0.98
Z[0] = 1.00
Z[1] = -1.00
Y_IN 3.24
T[0] = 1 Y[0] = 0.92
Y_IN -0.03
T[1] = 0 Y[1] = -0.01
Z[0] = 1.00
Z[1] = 0.92
Y_IN 0.04
T[0] = 0 Y[0] = 0.02
Y_IN 4.72
T[1] = 1 Y[1] = 0.98
Z[0] = 1.00
Z[1] = -1.00
Y_IN 3.24
T[0] = 1 Y[0] = 0.92
Y_IN -0.03
T[1] = 0 Y[1] = -0.01
Z[0] = 1.00
Z[1] = -0.96
Y_IN 3.18
T[0] = 1 Y[0] = 0.92
Y_IN 0.06
T[1] = 0 Y[1] = 0.03
Z[0] = 1.00
Z[1] = 1.00
Y_IN -0.10
T[0] = 0 Y[0] = -0.05
Y_IN 4.93
T[1] = 1 Y[1] = 0.99
Z[0] = 1.00
Z[1] = -0.27
Y_IN 2.03
T[0] = 0 Y[0] = 0.77
Y_IN 1.77
T[1] = 1 Y[1] = 0.71
Z[0] = 1.00
Z[1] = -0.98
Y_IN 3.22
T[0] = 1 Y[0] = 0.92
Y_IN 0.01
T[1] = 0 Y[1] = 0.01
Z[0] = 1.00
Z[1] = -1.00
Y_IN 3.24
T[0] = 1 Y[0] = 0.92
Y_IN -0.02
T[1] = 0 Y[1] = -0.01
Z[0] = 1.00
Z[1] = -1.00
Y_IN 3.24
T[0] = 1 Y[0] = 0.92
Y_IN -0.02
T[1] = 0 Y[1] = -0.01
Z[0] = 1.00
Z[1] = -1.00
Y_IN 3.24
T[0] = 1 Y[0] = 0.92
Y_IN -0.02
T[1] = 0 Y[1] = -0.01
Z[0] = 1.00
Z[1] = 1.00
Y_IN -0.10
T[0] = 0 Y[0] = -0.05
Y_IN 4.93
T[1] = 1 Y[1] = 0.99
Z[0] = 1.00
Z[1] = -0.99
Y_IN 3.22
T[0] = 1 Y[0] = 0.92
Y_IN -0.00
T[1] = 0 Y[1] = -0.00
Z[0] = 1.00
Z[1] = -0.75
Y_IN 2.82
T[0] = 1 Y[0] = 0.89
Y_IN 0.59
T[1] = 0 Y[1] = 0.29
Z[0] = 1.00
Z[1] = 1.00
Y_IN -0.10
T[0] = 0 Y[0] = -0.05
Y_IN 4.93
T[1] = 1 Y[1] = 0.99
Z[0] = 1.00
Z[1] = 0.53
Y_IN 0.68
T[0] = 0 Y[0] = 0.33
Y_IN 3.77
T[1] = 1 Y[1] = 0.95
Z[0] = 1.00
Z[1] = -1.00
Y_IN 3.24
T[0] = 1 Y[0] = 0.92
Y_IN -0.02
T[1] = 0 Y[1] = -0.01
Z[0] = 1.00
Z[1] = -0.99
Y_IN 3.23
T[0] = 1 Y[0] = 0.92
Y_IN -0.01
T[1] = 0 Y[1] = -0.00
Z[0] = 1.00
Z[1] = -1.00
Y_IN 3.24
T[0] = 1 Y[0] = 0.92
Y_IN -0.03
T[1] = 0 Y[1] = -0.01
Z[0] = 1.00
Z[1] = -1.00
Y_IN 3.24
T[0] = 1 Y[0] = 0.92
Y_IN -0.03
T[1] = 0 Y[1] = -0.01
Z[0] = 1.00
Z[1] = 0.99
Y_IN -0.09
T[0] = 0 Y[0] = -0.05
Y_IN 4.92
T[1] = 1 Y[1] = 0.99
Z[0] = 1.00
Z[1] = -1.00
Y_IN 3.24
T[0] = 1 Y[0] = 0.92
Y_IN -0.03
T[1] = 0 Y[1] = -0.01
Z[0] = 1.00
Z[1] = 1.00
Y_IN -0.10
T[0] = 0 Y[0] = -0.05
Y_IN 4.93
T[1] = 1 Y[1] = 0.99
Z[0] = 1.00
Z[1] = -0.99
Y_IN 3.22
T[0] = 1 Y[0] = 0.92
Y_IN 0.00
T[1] = 0 Y[1] = 0.00
Z[0] = 1.00
Z[1] = 0.99
Y_IN -0.08
T[0] = 0 Y[0] = -0.04
Y_IN 4.90
T[1] = 1 Y[1] = 0.99
Z[0] = 1.00
Z[1] = -0.99
Y_IN 3.23
T[0] = 1 Y[0] = 0.92
Y_IN -0.01
T[1] = 0 Y[1] = -0.01
Z[0] = 1.00
Z[1] = -0.85
Y_IN 2.99
T[0] = 1 Y[0] = 0.90
Y_IN 0.34
T[1] = 0 Y[1] = 0.17
Z[0] = 1.00
Z[1] = 1.00
Y_IN -0.10
T[0] = 0 Y[0] = -0.05
Y_IN 4.93
T[1] = 1 Y[1] = 0.99
Z[0] = 1.00
Z[1] = 1.00
Y_IN -0.10
T[0] = 0 Y[0] = -0.05
Y_IN 4.93
T[1] = 1 Y[1] = 0.99
Z[0] = 1.00
Z[1] = -1.00
Y_IN 3.24
T[0] = 1 Y[0] = 0.92
Y_IN -0.02
T[1] = 0 Y[1] = -0.01
Z[0] = 1.00
Z[1] = -0.99
Y_IN 3.23
T[0] = 1 Y[0] = 0.92
Y_IN -0.02
T[1] = 0 Y[1] = -0.01
Z[0] = 1.00
Z[1] = -0.99
Y_IN 3.23
T[0] = 1 Y[0] = 0.92
Y_IN -0.00
T[1] = 0 Y[1] = -0.00
Z[0] = 1.00
Z[1] = -0.89
Y_IN 3.05
T[0] = 1 Y[0] = 0.91
Y_IN 0.25
T[1] = 0 Y[1] = 0.12
Z[0] = 1.00
Z[1] = -0.99
Y_IN 3.23
T[0] = 1 Y[0] = 0.92
Y_IN -0.01
T[1] = 0 Y[1] = -0.00
Z[0] = 1.00
Z[1] = 1.00
Y_IN -0.10
T[0] = 0 Y[0] = -0.05
Y_IN 4.92
T[1] = 1 Y[1] = 0.99
Z[0] = 1.00
Z[1] = 0.81
Y_IN 0.22
T[0] = 0 Y[0] = 0.11
Y_IN 4.45
T[1] = 1 Y[1] = 0.98
Z[0] = 1.00
Z[1] = -0.99
Y_IN 3.23
T[0] = 1 Y[0] = 0.92
Y_IN -0.01
T[1] = 0 Y[1] = -0.00
Z[0] = 1.00
Z[1] = -1.00
Y_IN 3.24
T[0] = 1 Y[0] = 0.92
Y_IN -0.03
T[1] = 0 Y[1] = -0.01
Z[0] = 1.00
Z[1] = -1.00
Y_IN 3.24
T[0] = 1 Y[0] = 0.92
Y_IN -0.03
T[1] = 0 Y[1] = -0.01
Z[0] = 1.00
Z[1] = -1.00
Y_IN 3.24
T[0] = 1 Y[0] = 0.92
Y_IN -0.02
T[1] = 0 Y[1] = -0.01
Z[0] = 1.00
Z[1] = 1.00
Y_IN -0.10
T[0] = 0 Y[0] = -0.05
Y_IN 4.93
T[1] = 1 Y[1] = 0.99
Z[0] = 1.00
Z[1] = 0.97
Y_IN -0.05
T[0] = 0 Y[0] = -0.02
Y_IN 4.85
T[1] = 1 Y[1] = 0.98
Z[0] = 1.00
Z[1] = -1.00
Y_IN 3.24
T[0] = 1 Y[0] = 0.92
Y_IN -0.03
T[1] = 0 Y[1] = -0.01
Z[0] = 1.00
Z[1] = 0.99
Y_IN -0.08
T[0] = 0 Y[0] = -0.04
Y_IN 4.89
T[1] = 1 Y[1] = 0.99
Z[0] = 1.00
Z[1] = -1.00
Y_IN 3.24
T[0] = 1 Y[0] = 0.92
Y_IN -0.03
T[1] = 0 Y[1] = -0.01
Z[0] = 1.00
Z[1] = -0.96
Y_IN 3.18
T[0] = 1 Y[0] = 0.92
Y_IN 0.06
T[1] = 0 Y[1] = 0.03
Z[0] = 1.00
Z[1] = -0.38
Y_IN 2.20
T[0] = 1 Y[0] = 0.80
Y_IN 1.51
T[1] = 0 Y[1] = 0.64
Z[0] = 1.00
Z[1] = -1.00
Y_IN 3.24
T[0] = 1 Y[0] = 0.92
Y_IN -0.02
T[1] = 0 Y[1] = -0.01
Z[0] = 1.00
Z[1] = 0.84
Y_IN 0.17
T[0] = 0 Y[0] = 0.09
Y_IN 4.52
T[1] = 1 Y[1] = 0.98
Z[0] = 1.00
Z[1] = 1.00
Y_IN -0.10
T[0] = 0 Y[0] = -0.05
Y_IN 4.93
T[1] = 1 Y[1] = 0.99
Z[0] = 1.00
Z[1] = -0.99
Y_IN 3.23
T[0] = 1 Y[0] = 0.92
Y_IN -0.02
T[1] = 0 Y[1] = -0.01
Z[0] = 1.00
Z[1] = -0.30
Y_IN 2.07
T[0] = 0 Y[0] = 0.78
Y_IN 1.70
T[1] = 1 Y[1] = 0.69
Z[0] = 1.00
Z[1] = 1.00
Y_IN -0.10
T[0] = 0 Y[0] = -0.05
Y_IN 4.93
T[1] = 1 Y[1] = 0.99
Z[0] = 1.00
Z[1] = -1.00
Y_IN 3.24
T[0] = 1 Y[0] = 0.92
Y_IN -0.02
T[1] = 0 Y[1] = -0.01
Z[0] = 1.00
Z[1] = -1.00
Y_IN 3.24
T[0] = 1 Y[0] = 0.92
Y_IN -0.03
T[1] = 0 Y[1] = -0.01
Z[0] = 1.00
Z[1] = 0.99
Y_IN -0.09
T[0] = 0 Y[0] = -0.05
Y_IN 4.92
T[1] = 1 Y[1] = 0.99
Z[0] = 1.00
Z[1] = 0.94
Y_IN 0.00
T[0] = 1 Y[0] = 0.00
Y_IN 4.77
T[1] = 0 Y[1] = 0.98
Z[0] = 1.00
Z[1] = -0.08
Y_IN 1.70
T[0] = 0 Y[0] = 0.69
Y_IN 2.26
T[1] = 1 Y[1] = 0.81
Z[0] = 1.00
Z[1] = -1.00
Y_IN 3.24
T[0] = 1 Y[0] = 0.92
Y_IN -0.03
T[1] = 0 Y[1] = -0.01
Z[0] = 1.00
Z[1] = -0.95
Y_IN 3.16
T[0] = 1 Y[0] = 0.92
Y_IN 0.09
T[1] = 0 Y[1] = 0.05
Z[0] = 1.00
Z[1] = 1.00
Y_IN -0.10
T[0] = 0 Y[0] = -0.05
Y_IN 4.93
T[1] = 1 Y[1] = 0.99
Z[0] = 1.00
Z[1] = -0.93
Y_IN 3.12
T[0] = 1 Y[0] = 0.92
Y_IN 0.15
T[1] = 0 Y[1] = 0.08
Z[0] = 1.00
Z[1] = -1.00
Y_IN 3.24
T[0] = 1 Y[0] = 0.92
Y_IN -0.03
T[1] = 0 Y[1] = -0.01
Z[0] = 1.00
Z[1] = -1.00
Y_IN 3.24
T[0] = 1 Y[0] = 0.92
Y_IN -0.03
T[1] = 0 Y[1] = -0.01
Z[0] = 1.00
Z[1] = -1.00
Y_IN 3.24
T[0] = 1 Y[0] = 0.92
Y_IN -0.02
T[1] = 0 Y[1] = -0.01
Z[0] = 1.00
Z[1] = -0.14
Y_IN 1.81
T[0] = 0 Y[0] = 0.72
Y_IN 2.10
T[1] = 1 Y[1] = 0.78
Z[0] = 1.00
Z[1] = -0.97
Y_IN 3.20
T[0] = 1 Y[0] = 0.92
Y_IN 0.04
T[1] = 0 Y[1] = 0.02
Z[0] = 1.00
Z[1] = -0.99
Y_IN 3.22
T[0] = 1 Y[0] = 0.92
Y_IN 0.00
T[1] = 0 Y[1] = 0.00
Z[0] = 1.00
Z[1] = -1.00
Y_IN 3.24
T[0] = 1 Y[0] = 0.92
Y_IN -0.03
T[1] = 0 Y[1] = -0.01
Z[0] = 1.00
Z[1] = -1.00
Y_IN 3.24
T[0] = 1 Y[0] = 0.92
Y_IN -0.03
T[1] = 0 Y[1] = -0.01
Z[0] = 1.00
Z[1] = -0.99
Y_IN 3.23
T[0] = 1 Y[0] = 0.92
Y_IN -0.01
T[1] = 0 Y[1] = -0.00
Z[0] = 1.00
Z[1] = 0.99
Y_IN -0.08
T[0] = 0 Y[0] = -0.04
Y_IN 4.89
T[1] = 1 Y[1] = 0.99
Z[0] = 1.00
Z[1] = -1.00
Y_IN 3.24
T[0] = 1 Y[0] = 0.92
Y_IN -0.02
T[1] = 0 Y[1] = -0.01
Z[0] = 1.00
Z[1] = -0.98
Y_IN 3.22
T[0] = 1 Y[0] = 0.92
Y_IN 0.01
T[1] = 0 Y[1] = 0.00
Z[0] = 1.00
Z[1] = -1.00
Y_IN 3.24
T[0] = 1 Y[0] = 0.92
Y_IN -0.03
T[1] = 0 Y[1] = -0.01
Z[0] = 1.00
Z[1] = -0.31
Y_IN 2.09
T[0] = 0 Y[0] = 0.78
Y_IN 1.68
T[1] = 1 Y[1] = 0.69
Z[0] = 1.00
Z[1] = -0.84
Y_IN 2.98
T[0] = 1 Y[0] = 0.90
Y_IN 0.36
T[1] = 0 Y[1] = 0.18
Z[0] = 1.00
Z[1] = 1.00
Y_IN -0.10
T[0] = 0 Y[0] = -0.05
Y_IN 4.92
T[1] = 1 Y[1] = 0.99
Z[0] = 1.00
Z[1] = 0.99
Y_IN -0.09
T[0] = 0 Y[0] = -0.05
Y_IN 4.91
T[1] = 1 Y[1] = 0.99
Z[0] = 1.00
Z[1] = -0.98
Y_IN 3.21
T[0] = 1 Y[0] = 0.92
Y_IN 0.02
T[1] = 0 Y[1] = 0.01
Z[0] = 1.00
Z[1] = -1.00
Y_IN 3.24
T[0] = 1 Y[0] = 0.92
Y_IN -0.03
T[1] = 0 Y[1] = -0.01
Z[0] = 1.00
Z[1] = 0.98
Y_IN -0.07
T[0] = 0 Y[0] = -0.04
Y_IN 4.88
T[1] = 1 Y[1] = 0.98
Z[0] = 1.00
Z[1] = 0.99
Y_IN -0.08
T[0] = 0 Y[0] = -0.04
Y_IN 4.90
T[1] = 1 Y[1] = 0.99
Z[0] = 1.00
Z[1] = 0.98
Y_IN -0.07
T[0] = 0 Y[0] = -0.04
Y_IN 4.89
T[1] = 1 Y[1] = 0.99
Z[0] = 1.00
Z[1] = -0.99
Y_IN 3.23
T[0] = 1 Y[0] = 0.92
Y_IN -0.01
T[1] = 0 Y[1] = -0.01
Z[0] = 1.00
Z[1] = 1.00
Y_IN -0.10
T[0] = 0 Y[0] = -0.05
Y_IN 4.93
T[1] = 1 Y[1] = 0.99
Z[0] = 1.00
Z[1] = -1.00
Y_IN 3.24
T[0] = 1 Y[0] = 0.92
Y_IN -0.02
T[1] = 0 Y[1] = -0.01
Z[0] = 1.00
Z[1] = -0.99
Y_IN 3.22
T[0] = 1 Y[0] = 0.92
Y_IN 0.00
T[1] = 0 Y[1] = 0.00
Z[0] = 1.00
Z[1] = 1.00
Y_IN -0.10
T[0] = 0 Y[0] = -0.05
Y_IN 4.93
T[1] = 1 Y[1] = 0.99
Z[0] = 1.00
Z[1] = -0.96
Y_IN 3.18
T[0] = 1 Y[0] = 0.92
Y_IN 0.07
T[1] = 0 Y[1] = 0.03
Z[0] = 1.00
Z[1] = -0.99
Y_IN 3.23
T[0] = 1 Y[0] = 0.92
Y_IN -0.01
T[1] = 0 Y[1] = -0.00
Z[0] = 1.00
Z[1] = -1.00
Y_IN 3.24
T[0] = 1 Y[0] = 0.92
Y_IN -0.03
T[1] = 0 Y[1] = -0.01
Z[0] = 1.00
Z[1] = 0.96
Y_IN -0.04
T[0] = 0 Y[0] = -0.02
Y_IN 4.84
T[1] = 1 Y[1] = 0.98
Z[0] = 1.00
Z[1] = -0.99
Y_IN 3.22
T[0] = 1 Y[0] = 0.92
Y_IN 0.01
T[1] = 0 Y[1] = 0.00
Z[0] = 1.00
Z[1] = -0.99
Y_IN 3.22
T[0] = 1 Y[0] = 0.92
Y_IN 0.00
T[1] = 0 Y[1] = 0.00
Z[0] = 1.00
Z[1] = -1.00
Y_IN 3.24
T[0] = 1 Y[0] = 0.92
Y_IN -0.02
T[1] = 0 Y[1] = -0.01
Z[0] = 1.00
Z[1] = 1.00
Y_IN -0.10
T[0] = 0 Y[0] = -0.05
Y_IN 4.93
T[1] = 1 Y[1] = 0.99
Z[0] = 1.00
Z[1] = -0.99
Y_IN 3.23
T[0] = 1 Y[0] = 0.92
Y_IN -0.01
T[1] = 0 Y[1] = -0.00
Z[0] = 1.00
Z[1] = -0.99
Y_IN 3.22
T[0] = 1 Y[0] = 0.92
Y_IN 0.00
T[1] = 0 Y[1] = 0.00
Z[0] = 1.00
Z[1] = 1.00
Y_IN -0.10
T[0] = 0 Y[0] = -0.05
Y_IN 4.93
T[1] = 1 Y[1] = 0.99
Z[0] = 1.00
Z[1] = 1.00
Y_IN -0.10
T[0] = 0 Y[0] = -0.05
Y_IN 4.93
T[1] = 1 Y[1] = 0.99
Z[0] = 1.00
Z[1] = -0.99
Y_IN 3.23
T[0] = 1 Y[0] = 0.92
Y_IN -0.01
T[1] = 0 Y[1] = -0.01
Z[0] = 1.00
Z[1] = 1.00
Y_IN -0.10
T[0] = 0 Y[0] = -0.05
Y_IN 4.93
T[1] = 1 Y[1] = 0.99
Z[0] = 1.00
Z[1] = -1.00
Y_IN 3.24
T[0] = 1 Y[0] = 0.92
Y_IN -0.02
T[1] = 0 Y[1] = -0.01
Z[0] = 1.00
Z[1] = -0.98
Y_IN 3.21
T[0] = 1 Y[0] = 0.92
Y_IN 0.03
T[1] = 0 Y[1] = 0.01
Z[0] = 1.00
Z[1] = 1.00
Y_IN -0.10
T[0] = 0 Y[0] = -0.05
Y_IN 4.93
T[1] = 1 Y[1] = 0.99
Z[0] = 1.00
Z[1] = -1.00
Y_IN 3.24
T[0] = 1 Y[0] = 0.92
Y_IN -0.03
T[1] = 0 Y[1] = -0.01
Z[0] = 1.00
Z[1] = -0.99
Y_IN 3.23
T[0] = 1 Y[0] = 0.92
Y_IN -0.01
T[1] = 0 Y[1] = -0.01
Z[0] = 1.00
Z[1] = 1.00
Y_IN -0.10
T[0] = 0 Y[0] = -0.05
Y_IN 4.93
T[1] = 1 Y[1] = 0.99
Z[0] = 1.00
Z[1] = 1.00
Y_IN -0.10
T[0] = 0 Y[0] = -0.05
Y_IN 4.93
T[1] = 1 Y[1] = 0.99
Z[0] = 1.00
Z[1] = 0.84
Y_IN 0.17
T[0] = 0 Y[0] = 0.08
Y_IN 4.53
T[1] = 1 Y[1] = 0.98
Z[0] = 1.00
Z[1] = 1.00
Y_IN -0.10
T[0] = 0 Y[0] = -0.05
Y_IN 4.93
T[1] = 1 Y[1] = 0.99
Z[0] = 1.00
Z[1] = -0.98
Y_IN 3.21
T[0] = 1 Y[0] = 0.92
Y_IN 0.02
T[1] = 0 Y[1] = 0.01
Z[0] = 1.00
Z[1] = -0.92
Y_IN 3.12
T[0] = 1 Y[0] = 0.92
Y_IN 0.16
T[1] = 0 Y[1] = 0.08
Z[0] = 1.00
Z[1] = 0.73
Y_IN 0.35
T[0] = 0 Y[0] = 0.17
Y_IN 4.27
T[1] = 1 Y[1] = 0.97
Z[0] = 1.00
Z[1] = -0.99
Y_IN 3.23
T[0] = 1 Y[0] = 0.92
Y_IN -0.02
T[1] = 0 Y[1] = -0.01
Z[0] = 1.00
Z[1] = -0.98
Y_IN 3.20
T[0] = 1 Y[0] = 0.92
Y_IN 0.03
T[1] = 0 Y[1] = 0.01
Z[0] = 1.00
Z[1] = 0.55
Y_IN 0.65
T[0] = 0 Y[0] = 0.31
Y_IN 3.82
T[1] = 1 Y[1] = 0.96
Z[0] = 1.00
Z[1] = -0.96
Y_IN 3.17
T[0] = 1 Y[0] = 0.92
Y_IN 0.08
T[1] = 0 Y[1] = 0.04
Z[0] = 1.00
Z[1] = 0.53
Y_IN 0.69
T[0] = 0 Y[0] = 0.33
Y_IN 3.76
T[1] = 1 Y[1] = 0.95
Z[0] = 1.00
Z[1] = -1.00
Y_IN 3.24
T[0] = 1 Y[0] = 0.92
Y_IN -0.03
T[1] = 0 Y[1] = -0.01
Z[0] = 1.00
Z[1] = -0.98
Y_IN 3.21
T[0] = 1 Y[0] = 0.92
Y_IN 0.02
T[1] = 0 Y[1] = 0.01
Z[0] = 1.00
Z[1] = 0.93
Y_IN 0.02
T[0] = 0 Y[0] = 0.01
Y_IN 4.75
T[1] = 1 Y[1] = 0.98
Z[0] = 1.00
Z[1] = -1.00
Y_IN 3.24
T[0] = 1 Y[0] = 0.92
Y_IN -0.03
T[1] = 0 Y[1] = -0.01
Z[0] = 1.00
Z[1] = 0.10
Y_IN 1.40
T[0] = 0 Y[0] = 0.60
Y_IN 2.70
T[1] = 1 Y[1] = 0.87
Z[0] = 1.00
Z[1] = -1.00
Y_IN 3.24
T[0] = 1 Y[0] = 0.92
Y_IN -0.03
T[1] = 0 Y[1] = -0.01
Z[0] = 1.00
Z[1] = -1.00
Y_IN 3.24
T[0] = 1 Y[0] = 0.92
Y_IN -0.03
T[1] = 0 Y[1] = -0.01
Z[0] = 1.00
Z[1] = -1.00
Y_IN 3.24
T[0] = 1 Y[0] = 0.92
Y_IN -0.03
T[1] = 0 Y[1] = -0.01
Z[0] = 1.00
Z[1] = -0.78
Y_IN 2.88
T[0] = 0 Y[0] = 0.89
Y_IN 0.51
T[1] = 1 Y[1] = 0.25
Z[0] = 1.00
Z[1] = -1.00
Y_IN 3.24
T[0] = 1 Y[0] = 0.92
Y_IN -0.02
T[1] = 0 Y[1] = -0.01
Z[0] = 1.00
Z[1] = 1.00
Y_IN -0.10
T[0] = 0 Y[0] = -0.05
Y_IN 4.93
T[1] = 1 Y[1] = 0.99
Z[0] = 1.00
Z[1] = -1.00
Y_IN 3.23
T[0] = 1 Y[0] = 0.92
Y_IN -0.02
T[1] = 0 Y[1] = -0.01
Z[0] = 1.00
Z[1] = 1.00
Y_IN -0.10
T[0] = 0 Y[0] = -0.05
Y_IN 4.93
T[1] = 1 Y[1] = 0.99
Z[0] = 1.00
Z[1] = -0.99
Y_IN 3.23
T[0] = 1 Y[0] = 0.92
Y_IN -0.01
T[1] = 0 Y[1] = -0.00
Z[0] = 1.00
Z[1] = 0.95
Y_IN -0.02
T[0] = 0 Y[0] = -0.01
Y_IN 4.81
T[1] = 1 Y[1] = 0.98
Z[0] = 1.00
Z[1] = 0.91
Y_IN 0.05
T[0] = 0 Y[0] = 0.03
Y_IN 4.70
T[1] = 1 Y[1] = 0.98
Z[0] = 1.00
Z[1] = -1.00
Y_IN 3.24
T[0] = 1 Y[0] = 0.92
Y_IN -0.03
T[1] = 0 Y[1] = -0.01
Z[0] = 1.00
Z[1] = -0.99
Y_IN 3.22
T[0] = 1 Y[0] = 0.92
Y_IN 0.00
T[1] = 0 Y[1] = 0.00
Z[0] = 1.00
Z[1] = 1.00
Y_IN -0.10
T[0] = 0 Y[0] = -0.05
Y_IN 4.93
T[1] = 1 Y[1] = 0.99
Z[0] = 1.00
Z[1] = -1.00
Y_IN 3.24
T[0] = 1 Y[0] = 0.92
Y_IN -0.02
T[1] = 0 Y[1] = -0.01
Z[0] = 1.00
Z[1] = 1.00
Y_IN -0.10
T[0] = 0 Y[0] = -0.05
Y_IN 4.92
T[1] = 1 Y[1] = 0.99
Z[0] = 1.00
Z[1] = -1.00
Y_IN 3.24
T[0] = 1 Y[0] = 0.92
Y_IN -0.02
T[1] = 0 Y[1] = -0.01
Z[0] = 1.00
Z[1] = -1.00
Y_IN 3.24
T[0] = 1 Y[0] = 0.92
Y_IN -0.02
T[1] = 0 Y[1] = -0.01
Z[0] = 1.00
Z[1] = -1.00
Y_IN 3.24
T[0] = 1 Y[0] = 0.92
Y_IN -0.02
T[1] = 0 Y[1] = -0.01
Z[0] = 1.00
Z[1] = -0.79
Y_IN 2.90
T[0] = 1 Y[0] = 0.90
Y_IN 0.48
T[1] = 0 Y[1] = 0.24
Z[0] = 1.00
Z[1] = 1.00
Y_IN -0.10
T[0] = 0 Y[0] = -0.05
Y_IN 4.93
T[1] = 1 Y[1] = 0.99
Z[0] = 1.00
Z[1] = -0.95
Y_IN 3.16
T[0] = 1 Y[0] = 0.92
Y_IN 0.09
T[1] = 0 Y[1] = 0.04
Z[0] = 1.00
Z[1] = -0.99
Y_IN 3.23
T[0] = 1 Y[0] = 0.92
Y_IN -0.00
T[1] = 0 Y[1] = -0.00
Z[0] = 1.00
Z[1] = -1.00
Y_IN 3.23
T[0] = 1 Y[0] = 0.92
Y_IN -0.02
T[1] = 0 Y[1] = -0.01
Z[0] = 1.00
Z[1] = -0.99
Y_IN 3.22
T[0] = 1 Y[0] = 0.92
Y_IN 0.00
T[1] = 0 Y[1] = 0.00
Z[0] = 1.00
Z[1] = -1.00
Y_IN 3.24
T[0] = 1 Y[0] = 0.92
Y_IN -0.02
T[1] = 0 Y[1] = -0.01
Z[0] = 1.00
Z[1] = -0.98
Y_IN 3.21
T[0] = 1 Y[0] = 0.92
Y_IN 0.02
T[1] = 0 Y[1] = 0.01
Z[0] = 1.00
Z[1] = 0.51
Y_IN 0.72
T[0] = 1 Y[0] = 0.34
Y_IN 3.72
T[1] = 0 Y[1] = 0.95
Z[0] = 1.00
Z[1] = 1.00
Y_IN -0.10
T[0] = 0 Y[0] = -0.05
Y_IN 4.93
T[1] = 1 Y[1] = 0.99
Z[0] = 1.00
Z[1] = -1.00
Y_IN 3.24
T[0] = 1 Y[0] = 0.92
Y_IN -0.02
T[1] = 0 Y[1] = -0.01
Z[0] = 1.00
Z[1] = -0.98
Y_IN 3.22
T[0] = 1 Y[0] = 0.92
Y_IN 0.01
T[1] = 0 Y[1] = 0.00
Z[0] = 1.00
Z[1] = 1.00
Y_IN -0.10
T[0] = 0 Y[0] = -0.05
Y_IN 4.93
T[1] = 1 Y[1] = 0.99
Z[0] = 1.00
Z[1] = -0.99
Y_IN 3.23
T[0] = 1 Y[0] = 0.92
Y_IN -0.01
T[1] = 0 Y[1] = -0.00
Z[0] = 1.00
Z[1] = -1.00
Y_IN 3.24
T[0] = 1 Y[0] = 0.92
Y_IN -0.02
T[1] = 0 Y[1] = -0.01
Z[0] = 1.00
Z[1] = 1.00
Y_IN -0.10
T[0] = 0 Y[0] = -0.05
Y_IN 4.93
T[1] = 1 Y[1] = 0.99
Z[0] = 1.00
Z[1] = 1.00
Y_IN -0.10
T[0] = 0 Y[0] = -0.05
Y_IN 4.93
T[1] = 1 Y[1] = 0.99
Z[0] = 1.00
Z[1] = -1.00
Y_IN 3.24
T[0] = 1 Y[0] = 0.92
Y_IN -0.02
T[1] = 0 Y[1] = -0.01
Z[0] = 1.00
Z[1] = 1.00
Y_IN -0.10
T[0] = 0 Y[0] = -0.05
Y_IN 4.93
T[1] = 1 Y[1] = 0.99
Z[0] = 1.00
Z[1] = -0.99
Y_IN 3.23
T[0] = 1 Y[0] = 0.92
Y_IN -0.00
T[1] = 0 Y[1] = -0.00
Z[0] = 1.00
Z[1] = 1.00
Y_IN -0.10
T[0] = 0 Y[0] = -0.05
Y_IN 4.93
T[1] = 1 Y[1] = 0.99
Z[0] = 1.00
Z[1] = -0.77
Y_IN 2.86
T[0] = 1 Y[0] = 0.89
Y_IN 0.54
T[1] = 0 Y[1] = 0.26
Z[0] = 1.00
Z[1] = -0.99
Y_IN 3.23
T[0] = 1 Y[0] = 0.92
Y_IN -0.01
T[1] = 0 Y[1] = -0.00
Z[0] = 1.00
Z[1] = -1.00
Y_IN 3.24
T[0] = 1 Y[0] = 0.92
Y_IN -0.03
T[1] = 0 Y[1] = -0.01
Z[0] = 1.00
Z[1] = -0.96
Y_IN 3.17
T[0] = 1 Y[0] = 0.92
Y_IN 0.08
T[1] = 0 Y[1] = 0.04
Z[0] = 1.00
Z[1] = 1.00
Y_IN -0.10
T[0] = 0 Y[0] = -0.05
Y_IN 4.93
T[1] = 1 Y[1] = 0.99
Z[0] = 1.00
Z[1] = -1.00
Y_IN 3.24
T[0] = 1 Y[0] = 0.92
Y_IN -0.03
T[1] = 0 Y[1] = -0.01
Z[0] = 1.00
Z[1] = -1.00
Y_IN 3.24
T[0] = 1 Y[0] = 0.92
Y_IN -0.03
T[1] = 0 Y[1] = -0.01
Z[0] = 1.00
Z[1] = -0.99
Y_IN 3.23
T[0] = 1 Y[0] = 0.92
Y_IN -0.01
T[1] = 0 Y[1] = -0.00
Z[0] = 1.00
Z[1] = -1.00
Y_IN 3.24
T[0] = 1 Y[0] = 0.92
Y_IN -0.03
T[1] = 0 Y[1] = -0.01
Z[0] = 1.00
Z[1] = 0.98
Y_IN -0.07
T[0] = 0 Y[0] = -0.03
Y_IN 4.88
T[1] = 1 Y[1] = 0.98
Z[0] = 1.00
Z[1] = 0.09
Y_IN 1.42
T[0] = 0 Y[0] = 0.61
Y_IN 2.67
T[1] = 1 Y[1] = 0.87
Z[0] = 1.00
Z[1] = 1.00
Y_IN -0.10
T[0] = 0 Y[0] = -0.05
Y_IN 4.93
T[1] = 1 Y[1] = 0.99
Z[0] = 1.00
Z[1] = -1.00
Y_IN 3.24
T[0] = 1 Y[0] = 0.92
Y_IN -0.02
T[1] = 0 Y[1] = -0.01
Z[0] = 1.00
Z[1] = -1.00
Y_IN 3.24
T[0] = 1 Y[0] = 0.92
Y_IN -0.02
T[1] = 0 Y[1] = -0.01
Z[0] = 1.00
Z[1] = -0.99
Y_IN 3.23
T[0] = 1 Y[0] = 0.92
Y_IN -0.02
T[1] = 0 Y[1] = -0.01
Z[0] = 1.00
Z[1] = 0.34
Y_IN 1.01
T[0] = 0 Y[0] = 0.47
Y_IN 3.28
T[1] = 1 Y[1] = 0.93
Z[0] = 1.00
Z[1] = -0.99
Y_IN 3.23
T[0] = 1 Y[0] = 0.92
Y_IN -0.01
T[1] = 0 Y[1] = -0.00
Z[0] = 1.00
Z[1] = -0.99
Y_IN 3.23
T[0] = 1 Y[0] = 0.92
Y_IN -0.01
T[1] = 0 Y[1] = -0.00
Z[0] = 1.00
Z[1] = 1.00
Y_IN -0.10
T[0] = 0 Y[0] = -0.05
Y_IN 4.93
T[1] = 1 Y[1] = 0.99
Z[0] = 1.00
Z[1] = -0.99
Y_IN 3.23
T[0] = 1 Y[0] = 0.92
Y_IN -0.01
T[1] = 0 Y[1] = -0.00
Z[0] = 1.00
Z[1] = -0.99
Y_IN 3.22
T[0] = 1 Y[0] = 0.92
Y_IN 0.00
T[1] = 0 Y[1] = 0.00
Z[0] = 1.00
Z[1] = -1.00
Y_IN 3.24
T[0] = 1 Y[0] = 0.92
Y_IN -0.02
T[1] = 0 Y[1] = -0.01
Z[0] = 1.00
Z[1] = -1.00
Y_IN 3.24
T[0] = 1 Y[0] = 0.92
Y_IN -0.03
T[1] = 0 Y[1] = -0.01
Z[0] = 1.00
Z[1] = 0.97
Y_IN -0.05
T[0] = 0 Y[0] = -0.03
Y_IN 4.85
T[1] = 1 Y[1] = 0.98
Z[0] = 1.00
Z[1] = 1.00
Y_IN -0.10
T[0] = 0 Y[0] = -0.05
Y_IN 4.93
T[1] = 1 Y[1] = 0.99
Z[0] = 1.00
Z[1] = 1.00
Y_IN -0.10
T[0] = 0 Y[0] = -0.05
Y_IN 4.93
T[1] = 1 Y[1] = 0.99
Z[0] = 1.00
Z[1] = 0.85
Y_IN 0.15
T[0] = 0 Y[0] = 0.08
Y_IN 4.55
T[1] = 1 Y[1] = 0.98
Z[0] = 1.00
Z[1] = 0.63
Y_IN 0.51
T[0] = 0 Y[0] = 0.25
Y_IN 4.02
T[1] = 1 Y[1] = 0.96
Z[0] = 1.00
Z[1] = -0.98
Y_IN 3.22
T[0] = 1 Y[0] = 0.92
Y_IN 0.01
T[1] = 0 Y[1] = 0.01
Z[0] = 1.00
Z[1] = 0.98
Y_IN -0.07
T[0] = 1 Y[0] = -0.03
Y_IN 4.88
T[1] = 0 Y[1] = 0.98
Z[0] = 1.00
Z[1] = 1.00
Y_IN -0.10
T[0] = 0 Y[0] = -0.05
Y_IN 4.93
T[1] = 1 Y[1] = 0.99
Z[0] = 1.00
Z[1] = 1.00
Y_IN -0.10
T[0] = 0 Y[0] = -0.05
Y_IN 4.93
T[1] = 1 Y[1] = 0.99
Z[0] = 1.00
Z[1] = 1.00
Y_IN -0.10
T[0] = 0 Y[0] = -0.05
Y_IN 4.93
T[1] = 1 Y[1] = 0.99
Z[0] = 1.00
Z[1] = -0.03
Y_IN 1.62
T[0] = 1 Y[0] = 0.67
Y_IN 2.37
T[1] = 0 Y[1] = 0.83
Z[0] = 1.00
Z[1] = 0.97
Y_IN -0.05
T[0] = 0 Y[0] = -0.02
Y_IN 4.85
T[1] = 1 Y[1] = 0.98
Z[0] = 1.00
Z[1] = 1.00
Y_IN -0.10
T[0] = 0 Y[0] = -0.05
Y_IN 4.92
T[1] = 1 Y[1] = 0.99
Z[0] = 1.00
Z[1] = -0.98
Y_IN 3.20
T[0] = 1 Y[0] = 0.92
Y_IN 0.03
T[1] = 0 Y[1] = 0.02
Z[0] = 1.00
Z[1] = -1.00
Y_IN 3.23
T[0] = 1 Y[0] = 0.92
Y_IN -0.02
T[1] = 0 Y[1] = -0.01
Z[0] = 1.00
Z[1] = 1.00
Y_IN -0.10
T[0] = 0 Y[0] = -0.05
Y_IN 4.93
T[1] = 1 Y[1] = 0.99
Z[0] = 1.00
Z[1] = -1.00
Y_IN 3.24
T[0] = 1 Y[0] = 0.92
Y_IN -0.02
T[1] = 0 Y[1] = -0.01
Z[0] = 1.00
Z[1] = -1.00
Y_IN 3.24
T[0] = 1 Y[0] = 0.92
Y_IN -0.02
T[1] = 0 Y[1] = -0.01
Z[0] = 1.00
Z[1] = -1.00
Y_IN 3.24
T[0] = 1 Y[0] = 0.92
Y_IN -0.02
T[1] = 0 Y[1] = -0.01
Z[0] = 1.00
Z[1] = 0.97
Y_IN -0.05
T[0] = 0 Y[0] = -0.03
Y_IN 4.86
T[1] = 1 Y[1] = 0.98
Z[0] = 1.00
Z[1] = -1.00
Y_IN 3.24
T[0] = 1 Y[0] = 0.92
Y_IN -0.03
T[1] = 0 Y[1] = -0.01
Z[0] = 1.00
Z[1] = -0.98
Y_IN 3.21
T[0] = 1 Y[0] = 0.92
Y_IN 0.02
T[1] = 0 Y[1] = 0.01
Z[0] = 1.00
Z[1] = -0.99
Y_IN 3.23
T[0] = 1 Y[0] = 0.92
Y_IN -0.01
T[1] = 0 Y[1] = -0.00
Z[0] = 1.00
Z[1] = 1.00
Y_IN -0.10
T[0] = 0 Y[0] = -0.05
Y_IN 4.92
T[1] = 1 Y[1] = 0.99
Z[0] = 1.00
Z[1] = -0.99
Y_IN 3.23
T[0] = 1 Y[0] = 0.92
Y_IN -0.02
T[1] = 0 Y[1] = -0.01
Z[0] = 1.00
Z[1] = -1.00
Y_IN 3.24
T[0] = 1 Y[0] = 0.92
Y_IN -0.03
T[1] = 0 Y[1] = -0.01
Z[0] = 1.00
Z[1] = -0.86
Y_IN 3.01
T[0] = 1 Y[0] = 0.91
Y_IN 0.31
T[1] = 0 Y[1] = 0.15
Z[0] = 1.00
Z[1] = -1.00
Y_IN 3.24
T[0] = 1 Y[0] = 0.92
Y_IN -0.02
T[1] = 0 Y[1] = -0.01
Z[0] = 1.00
Z[1] = -0.99
Y_IN 3.23
T[0] = 1 Y[0] = 0.92
Y_IN -0.01
T[1] = 0 Y[1] = -0.01
Z[0] = 1.00
Z[1] = 1.00
Y_IN -0.10
T[0] = 0 Y[0] = -0.05
Y_IN 4.93
T[1] = 1 Y[1] = 0.99
Z[0] = 1.00
Z[1] = -0.97
Y_IN 3.20
T[0] = 1 Y[0] = 0.92
Y_IN 0.04
T[1] = 0 Y[1] = 0.02
Z[0] = 1.00
Z[1] = -1.00
Y_IN 3.24
T[0] = 1 Y[0] = 0.92
Y_IN -0.02
T[1] = 0 Y[1] = -0.01
Z[0] = 1.00
Z[1] = 0.88
Y_IN 0.09
T[0] = 0 Y[0] = 0.05
Y_IN 4.64
T[1] = 1 Y[1] = 0.98
Z[0] = 1.00
Z[1] = -1.00
Y_IN 3.24
T[0] = 1 Y[0] = 0.92
Y_IN -0.03
T[1] = 0 Y[1] = -0.01
Z[0] = 1.00
Z[1] = -1.00
Y_IN 3.24
T[0] = 1 Y[0] = 0.92
Y_IN -0.02
T[1] = 0 Y[1] = -0.01
Z[0] = 1.00
Z[1] = -1.00
Y_IN 3.24
T[0] = 1 Y[0] = 0.92
Y_IN -0.02
T[1] = 0 Y[1] = -0.01
Z[0] = 1.00
Z[1] = -0.99
Y_IN 3.23
T[0] = 1 Y[0] = 0.92
Y_IN -0.01
T[1] = 0 Y[1] = -0.01
Z[0] = 1.00
Z[1] = -0.99
Y_IN 3.23
T[0] = 1 Y[0] = 0.92
Y_IN -0.01
T[1] = 0 Y[1] = -0.01
Z[0] = 1.00
Z[1] = -0.97
Y_IN 3.19
T[0] = 1 Y[0] = 0.92
Y_IN 0.04
T[1] = 0 Y[1] = 0.02
Z[0] = 1.00
Z[1] = -1.00
Y_IN 3.24
T[0] = 1 Y[0] = 0.92
Y_IN -0.03
T[1] = 0 Y[1] = -0.01
Z[0] = 1.00
Z[1] = -1.00
Y_IN 3.24
T[0] = 1 Y[0] = 0.92
Y_IN -0.02
T[1] = 0 Y[1] = -0.01
Z[0] = 1.00
Z[1] = -0.99
Y_IN 3.23
T[0] = 1 Y[0] = 0.92
Y_IN -0.01
T[1] = 0 Y[1] = -0.01
Z[0] = 1.00
Z[1] = -0.99
Y_IN 3.22
T[0] = 1 Y[0] = 0.92
Y_IN 0.00
T[1] = 0 Y[1] = 0.00
Z[0] = 1.00
Z[1] = 1.00
Y_IN -0.10
T[0] = 0 Y[0] = -0.05
Y_IN 4.93
T[1] = 1 Y[1] = 0.99
Z[0] = 1.00
Z[1] = -1.00
Y_IN 3.24
T[0] = 1 Y[0] = 0.92
Y_IN -0.03
T[1] = 0 Y[1] = -0.01
Z[0] = 1.00
Z[1] = -1.00
Y_IN 3.24
T[0] = 1 Y[0] = 0.92
Y_IN -0.02
T[1] = 0 Y[1] = -0.01
Z[0] = 1.00
Z[1] = 0.87
Y_IN 0.12
T[0] = 0 Y[0] = 0.06
Y_IN 4.60
T[1] = 1 Y[1] = 0.98
Z[0] = 1.00
Z[1] = -1.00
Y_IN 3.24
T[0] = 1 Y[0] = 0.92
Y_IN -0.02
T[1] = 0 Y[1] = -0.01
Z[0] = 1.00
Z[1] = -1.00
Y_IN 3.24
T[0] = 1 Y[0] = 0.92
Y_IN -0.03
T[1] = 0 Y[1] = -0.01
Z[0] = 1.00
Z[1] = 1.00
Y_IN -0.10
T[0] = 0 Y[0] = -0.05
Y_IN 4.93
T[1] = 1 Y[1] = 0.99
Z[0] = 1.00
Z[1] = -0.97
Y_IN 3.20
T[0] = 1 Y[0] = 0.92
Y_IN 0.04
T[1] = 0 Y[1] = 0.02
Z[0] = 1.00
Z[1] = -0.98
Y_IN 3.22
T[0] = 1 Y[0] = 0.92
Y_IN 0.01
T[1] = 0 Y[1] = 0.01
Z[0] = 1.00
Z[1] = 0.98
Y_IN -0.08
T[0] = 1 Y[0] = -0.04
Y_IN 4.89
T[1] = 0 Y[1] = 0.99
Z[0] = 1.00
Z[1] = -1.00
Y_IN 3.24
T[0] = 1 Y[0] = 0.92
Y_IN -0.02
T[1] = 0 Y[1] = -0.01
Z[0] = 1.00
Z[1] = -0.99
Y_IN 3.23
T[0] = 1 Y[0] = 0.92
Y_IN -0.01
T[1] = 0 Y[1] = -0.01
Z[0] = 1.00
Z[1] = -0.99
Y_IN 3.22
T[0] = 1 Y[0] = 0.92
Y_IN -0.00
T[1] = 0 Y[1] = -0.00
Z[0] = 1.00
Z[1] = 0.93
Y_IN 0.01
T[0] = 0 Y[0] = 0.00
Y_IN 4.76
T[1] = 1 Y[1] = 0.98
Z[0] = 1.00
Z[1] = -1.00
Y_IN 3.24
T[0] = 1 Y[0] = 0.92
Y_IN -0.02
T[1] = 0 Y[1] = -0.01
Z[0] = 1.00
Z[1] = -0.99
Y_IN 3.23
T[0] = 1 Y[0] = 0.92
Y_IN -0.00
T[1] = 0 Y[1] = -0.00
Z[0] = 1.00
Z[1] = 1.00
Y_IN -0.10
T[0] = 0 Y[0] = -0.05
Y_IN 4.93
T[1] = 1 Y[1] = 0.99
Z[0] = 1.00
Z[1] = -1.00
Y_IN 3.23
T[0] = 1 Y[0] = 0.92
Y_IN -0.02
T[1] = 0 Y[1] = -0.01
Z[0] = 1.00
Z[1] = -0.20
Y_IN 1.90
T[0] = 0 Y[0] = 0.74
Y_IN 1.96
T[1] = 1 Y[1] = 0.75
Z[0] = 1.00
Z[1] = -1.00
Y_IN 3.24
T[0] = 1 Y[0] = 0.92
Y_IN -0.03
T[1] = 0 Y[1] = -0.01
Z[0] = 1.00
Z[1] = -1.00
Y_IN 3.24
T[0] = 1 Y[0] = 0.92
Y_IN -0.02
T[1] = 0 Y[1] = -0.01
Z[0] = 1.00
Z[1] = -1.00
Y_IN 3.24
T[0] = 1 Y[0] = 0.92
Y_IN -0.03
T[1] = 0 Y[1] = -0.01
Z[0] = 1.00
Z[1] = -0.98
Y_IN 3.22
T[0] = 1 Y[0] = 0.92
Y_IN 0.01
T[1] = 0 Y[1] = 0.01
Z[0] = 1.00
Z[1] = 1.00
Y_IN -0.10
T[0] = 0 Y[0] = -0.05
Y_IN 4.92
T[1] = 1 Y[1] = 0.99
Z[0] = 1.00
Z[1] = -1.00
Y_IN 3.24
T[0] = 1 Y[0] = 0.92
Y_IN -0.03
T[1] = 0 Y[1] = -0.01
Z[0] = 1.00
Z[1] = -1.00
Y_IN 3.24
T[0] = 1 Y[0] = 0.92
Y_IN -0.03
T[1] = 0 Y[1] = -0.01
Z[0] = 1.00
Z[1] = 1.00
Y_IN -0.10
T[0] = 0 Y[0] = -0.05
Y_IN 4.93
T[1] = 1 Y[1] = 0.99
Z[0] = 1.00
Z[1] = -1.00
Y_IN 3.24
T[0] = 1 Y[0] = 0.92
Y_IN -0.02
T[1] = 0 Y[1] = -0.01
Z[0] = 1.00
Z[1] = -0.97
Y_IN 3.20
T[0] = 1 Y[0] = 0.92
Y_IN 0.03
T[1] = 0 Y[1] = 0.02
Z[0] = 1.00
Z[1] = 0.99
Y_IN -0.09
T[0] = 0 Y[0] = -0.04
Y_IN 4.91
T[1] = 1 Y[1] = 0.99
Z[0] = 1.00
Z[1] = -1.00
Y_IN 3.23
T[0] = 1 Y[0] = 0.92
Y_IN -0.02
T[1] = 0 Y[1] = -0.01
Z[0] = 1.00
Z[1] = 0.97
Y_IN -0.06
T[0] = 0 Y[0] = -0.03
Y_IN 4.86
T[1] = 1 Y[1] = 0.98
Z[0] = 1.00
Z[1] = -1.00
Y_IN 3.24
T[0] = 1 Y[0] = 0.92
Y_IN -0.03
T[1] = 0 Y[1] = -0.01
Z[0] = 1.00
Z[1] = -1.00
Y_IN 3.24
T[0] = 1 Y[0] = 0.92
Y_IN -0.02
T[1] = 0 Y[1] = -0.01
Z[0] = 1.00
Z[1] = -0.95
Y_IN 3.15
T[0] = 1 Y[0] = 0.92
Y_IN 0.11
T[1] = 0 Y[1] = 0.05
Z[0] = 1.00
Z[1] = -1.00
Y_IN 3.24
T[0] = 1 Y[0] = 0.92
Y_IN -0.03
T[1] = 0 Y[1] = -0.01
Z[0] = 1.00
Z[1] = 1.00
Y_IN -0.10
T[0] = 0 Y[0] = -0.05
Y_IN 4.92
T[1] = 1 Y[1] = 0.99
Z[0] = 1.00
Z[1] = -0.99
Y_IN 3.23
T[0] = 1 Y[0] = 0.92
Y_IN -0.01
T[1] = 0 Y[1] = -0.00
Z[0] = 1.00
Z[1] = 0.78
Y_IN 0.26
T[0] = 0 Y[0] = 0.13
Y_IN 4.39
T[1] = 1 Y[1] = 0.98
Z[0] = 1.00
Z[1] = -0.98
Y_IN 3.20
T[0] = 1 Y[0] = 0.92
Y_IN 0.03
T[1] = 0 Y[1] = 0.02
Z[0] = 1.00
Z[1] = -0.98
Y_IN 3.21
T[0] = 1 Y[0] = 0.92
Y_IN 0.02
T[1] = 0 Y[1] = 0.01
Z[0] = 1.00
Z[1] = -0.99
Y_IN 3.22
T[0] = 1 Y[0] = 0.92
Y_IN 0.00
T[1] = 0 Y[1] = 0.00
Z[0] = 1.00
Z[1] = 0.78
Y_IN 0.27
T[0] = 0 Y[0] = 0.13
Y_IN 4.38
T[1] = 1 Y[1] = 0.98
Z[0] = 1.00
Z[1] = -0.98
Y_IN 3.21
T[0] = 1 Y[0] = 0.92
Y_IN 0.01
T[1] = 0 Y[1] = 0.01
Z[0] = 1.00
Z[1] = -0.99
Y_IN 3.23
T[0] = 1 Y[0] = 0.92
Y_IN -0.01
T[1] = 0 Y[1] = -0.01
Z[0] = 1.00
Z[1] = -1.00
Y_IN 3.24
T[0] = 1 Y[0] = 0.92
Y_IN -0.02
T[1] = 0 Y[1] = -0.01
Z[0] = 1.00
Z[1] = -0.97
Y_IN 3.19
T[0] = 1 Y[0] = 0.92
Y_IN 0.04
T[1] = 0 Y[1] = 0.02
Z[0] = 1.00
Z[1] = -1.00
Y_IN 3.24
T[0] = 1 Y[0] = 0.92
Y_IN -0.03
T[1] = 0 Y[1] = -0.01
Z[0] = 1.00
Z[1] = -1.00
Y_IN 3.24
T[0] = 1 Y[0] = 0.92
Y_IN -0.02
T[1] = 0 Y[1] = -0.01
Z[0] = 1.00
Z[1] = 0.98
Y_IN -0.06
T[0] = 0 Y[0] = -0.03
Y_IN 4.87
T[1] = 1 Y[1] = 0.98
Z[0] = 1.00
Z[1] = 0.53
Y_IN 0.69
T[0] = 0 Y[0] = 0.33
Y_IN 3.75
T[1] = 1 Y[1] = 0.95
Z[0] = 1.00
Z[1] = -0.98
Y_IN 3.22
T[0] = 1 Y[0] = 0.92
Y_IN 0.01
T[1] = 0 Y[1] = 0.01
Z[0] = 1.00
Z[1] = -0.99
Y_IN 3.23
T[0] = 1 Y[0] = 0.92
Y_IN -0.01
T[1] = 0 Y[1] = -0.00
Z[0] = 1.00
Z[1] = -1.00
Y_IN 3.24
T[0] = 1 Y[0] = 0.92
Y_IN -0.03
T[1] = 0 Y[1] = -0.01
Z[0] = 1.00
Z[1] = 0.96
Y_IN -0.04
T[0] = 0 Y[0] = -0.02
Y_IN 4.84
T[1] = 1 Y[1] = 0.98
Z[0] = 1.00
Z[1] = -1.00
Y_IN 3.24
T[0] = 1 Y[0] = 0.92
Y_IN -0.03
T[1] = 0 Y[1] = -0.01
Z[0] = 1.00
Z[1] = -1.00
Y_IN 3.24
T[0] = 1 Y[0] = 0.92
Y_IN -0.03
T[1] = 0 Y[1] = -0.01
Z[0] = 1.00
Z[1] = -1.00
Y_IN 3.24
T[0] = 1 Y[0] = 0.92
Y_IN -0.02
T[1] = 0 Y[1] = -0.01
Z[0] = 1.00
Z[1] = -1.00
Y_IN 3.24
T[0] = 1 Y[0] = 0.92
Y_IN -0.03
T[1] = 0 Y[1] = -0.01
Z[0] = 1.00
Z[1] = -1.00
Y_IN 3.24
T[0] = 1 Y[0] = 0.92
Y_IN -0.03
T[1] = 0 Y[1] = -0.01
Z[0] = 1.00
Z[1] = -1.00
Y_IN 3.24
T[0] = 1 Y[0] = 0.92
Y_IN -0.03
T[1] = 0 Y[1] = -0.01
Z[0] = 1.00
Z[1] = 0.75
Y_IN 0.31
T[0] = 0 Y[0] = 0.15
Y_IN 4.32
T[1] = 1 Y[1] = 0.97
Z[0] = 1.00
Z[1] = -1.00
Y_IN 3.24
T[0] = 1 Y[0] = 0.92
Y_IN -0.03
T[1] = 0 Y[1] = -0.01
Z[0] = 1.00
Z[1] = -1.00
Y_IN 3.23
T[0] = 1 Y[0] = 0.92
Y_IN -0.02
T[1] = 0 Y[1] = -0.01
Z[0] = 1.00
Z[1] = -0.90
Y_IN 3.08
T[0] = 1 Y[0] = 0.91
Y_IN 0.22
T[1] = 0 Y[1] = 0.11
Z[0] = 1.00
Z[1] = -1.00
Y_IN 3.24
T[0] = 1 Y[0] = 0.92
Y_IN -0.02
T[1] = 0 Y[1] = -0.01
Z[0] = 1.00
Z[1] = 0.97
Y_IN -0.05
T[0] = 0 Y[0] = -0.02
Y_IN 4.84
T[1] = 1 Y[1] = 0.98
Z[0] = 1.00
Z[1] = 0.93
Y_IN 0.02
T[0] = 0 Y[0] = 0.01
Y_IN 4.75
T[1] = 1 Y[1] = 0.98
Z[0] = 1.00
Z[1] = -0.67
Y_IN 2.69
T[0] = 0 Y[0] = 0.87
Y_IN 0.78
T[1] = 1 Y[1] = 0.37
Z[0] = 1.00
Z[1] = 0.99
Y_IN -0.08
T[0] = 0 Y[0] = -0.04
Y_IN 4.90
T[1] = 1 Y[1] = 0.99
Z[0] = 1.00
Z[1] = 0.99
Y_IN -0.09
T[0] = 0 Y[0] = -0.04
Y_IN 4.91
T[1] = 1 Y[1] = 0.99
Z[0] = 1.00
Z[1] = -0.94
Y_IN 3.14
T[0] = 1 Y[0] = 0.92
Y_IN 0.12
T[1] = 0 Y[1] = 0.06
Z[0] = 1.00
Z[1] = -0.99
Y_IN 3.23
T[0] = 1 Y[0] = 0.92
Y_IN -0.01
T[1] = 0 Y[1] = -0.01
Z[0] = 1.00
Z[1] = 1.00
Y_IN -0.10
T[0] = 0 Y[0] = -0.05
Y_IN 4.93
T[1] = 1 Y[1] = 0.99
Z[0] = 1.00
Z[1] = 0.90
Y_IN 0.06
T[0] = 0 Y[0] = 0.03
Y_IN 4.69
T[1] = 1 Y[1] = 0.98
Z[0] = 1.00
Z[1] = -0.99
Y_IN 3.22
T[0] = 1 Y[0] = 0.92
Y_IN 0.00
T[1] = 0 Y[1] = 0.00
Z[0] = 1.00
Z[1] = -0.99
Y_IN 3.23
T[0] = 1 Y[0] = 0.92
Y_IN -0.01
T[1] = 0 Y[1] = -0.01
Z[0] = 1.00
Z[1] = -1.00
Y_IN 3.24
T[0] = 1 Y[0] = 0.92
Y_IN -0.02
T[1] = 0 Y[1] = -0.01
Z[0] = 1.00
Z[1] = -0.99
Y_IN 3.23
T[0] = 1 Y[0] = 0.92
Y_IN -0.01
T[1] = 0 Y[1] = -0.01
Z[0] = 1.00
Z[1] = -0.99
Y_IN 3.23
T[0] = 1 Y[0] = 0.92
Y_IN -0.01
T[1] = 0 Y[1] = -0.00
Z[0] = 1.00
Z[1] = 1.00
Y_IN -0.10
T[0] = 0 Y[0] = -0.05
Y_IN 4.93
T[1] = 1 Y[1] = 0.99
Z[0] = 1.00
Z[1] = -1.00
Y_IN 3.24
T[0] = 1 Y[0] = 0.92
Y_IN -0.03
T[1] = 0 Y[1] = -0.01
Z[0] = 1.00
Z[1] = -0.98
Y_IN 3.21
T[0] = 1 Y[0] = 0.92
Y_IN 0.01
T[1] = 0 Y[1] = 0.01
Z[0] = 1.00
Z[1] = -0.98
Y_IN 3.21
T[0] = 1 Y[0] = 0.92
Y_IN 0.02
T[1] = 0 Y[1] = 0.01
Z[0] = 1.00
Z[1] = -1.00
Y_IN 3.24
T[0] = 1 Y[0] = 0.92
Y_IN -0.02
T[1] = 0 Y[1] = -0.01
Z[0] = 1.00
Z[1] = -1.00
Y_IN 3.24
T[0] = 1 Y[0] = 0.92
Y_IN -0.03
T[1] = 0 Y[1] = -0.01
Z[0] = 1.00
Z[1] = 1.00
Y_IN -0.10
T[0] = 0 Y[0] = -0.05
Y_IN 4.93
T[1] = 1 Y[1] = 0.99
Z[0] = 1.00
Z[1] = -0.99
Y_IN 3.22
T[0] = 1 Y[0] = 0.92
Y_IN 0.00
T[1] = 0 Y[1] = 0.00
Z[0] = 1.00
Z[1] = -0.99
Y_IN 3.23
T[0] = 1 Y[0] = 0.92
Y_IN -0.01
T[1] = 0 Y[1] = -0.00
Z[0] = 1.00
Z[1] = -1.00
Y_IN 3.24
T[0] = 1 Y[0] = 0.92
Y_IN -0.03
T[1] = 0 Y[1] = -0.01
Z[0] = 1.00
Z[1] = -1.00
Y_IN 3.24
T[0] = 1 Y[0] = 0.92
Y_IN -0.03
T[1] = 0 Y[1] = -0.01
Z[0] = 1.00
Z[1] = 1.00
Y_IN -0.10
T[0] = 0 Y[0] = -0.05
Y_IN 4.93
T[1] = 1 Y[1] = 0.99
Z[0] = 1.00
Z[1] = 1.00
Y_IN -0.10
T[0] = 0 Y[0] = -0.05
Y_IN 4.92
T[1] = 1 Y[1] = 0.99
Z[0] = 1.00
Z[1] = -1.00
Y_IN 3.24
T[0] = 1 Y[0] = 0.92
Y_IN -0.03
T[1] = 0 Y[1] = -0.01
Z[0] = 1.00
Z[1] = 0.32
Y_IN 1.04
T[0] = 0 Y[0] = 0.48
Y_IN 3.23
T[1] = 1 Y[1] = 0.92
Z[0] = 1.00
Z[1] = -1.00
Y_IN 3.24
T[0] = 1 Y[0] = 0.92
Y_IN -0.03
T[1] = 0 Y[1] = -0.01
Z[0] = 1.00
Z[1] = -0.58
Y_IN 2.54
T[0] = 1 Y[0] = 0.85
Y_IN 1.02
T[1] = 0 Y[1] = 0.47
Z[0] = 1.00
Z[1] = 0.99
Y_IN -0.09
T[0] = 0 Y[0] = -0.05
Y_IN 4.91
T[1] = 1 Y[1] = 0.99
Z[0] = 1.00
Z[1] = -1.00
Y_IN 3.24
T[0] = 1 Y[0] = 0.92
Y_IN -0.03
T[1] = 0 Y[1] = -0.01
Z[0] = 1.00
Z[1] = 0.99
Y_IN -0.09
T[0] = 0 Y[0] = -0.05
Y_IN 4.92
T[1] = 1 Y[1] = 0.99
Z[0] = 1.00
Z[1] = 0.98
Y_IN -0.07
T[0] = 0 Y[0] = -0.03
Y_IN 4.88
T[1] = 1 Y[1] = 0.98
Z[0] = 1.00
Z[1] = -1.00
Y_IN 3.24
T[0] = 1 Y[0] = 0.92
Y_IN -0.03
T[1] = 0 Y[1] = -0.01
Z[0] = 1.00
Z[1] = -1.00
Y_IN 3.24
T[0] = 1 Y[0] = 0.92
Y_IN -0.03
T[1] = 0 Y[1] = -0.01
Z[0] = 1.00
Z[1] = 0.87
Y_IN 0.12
T[0] = 0 Y[0] = 0.06
Y_IN 4.60
T[1] = 1 Y[1] = 0.98
Z[0] = 1.00
Z[1] = -1.00
Y_IN 3.24
T[0] = 1 Y[0] = 0.92
Y_IN -0.03
T[1] = 0 Y[1] = -0.01
Z[0] = 1.00
Z[1] = -1.00
Y_IN 3.24
T[0] = 1 Y[0] = 0.92
Y_IN -0.02
T[1] = 0 Y[1] = -0.01
Z[0] = 1.00
Z[1] = 1.00
Y_IN -0.10
T[0] = 0 Y[0] = -0.05
Y_IN 4.93
T[1] = 1 Y[1] = 0.99
Z[0] = 1.00
Z[1] = 1.00
Y_IN -0.10
T[0] = 0 Y[0] = -0.05
Y_IN 4.93
T[1] = 1 Y[1] = 0.99
Z[0] = 1.00
Z[1] = 0.99
Y_IN -0.09
T[0] = 0 Y[0] = -0.05
Y_IN 4.92
T[1] = 1 Y[1] = 0.99
Z[0] = 1.00
Z[1] = 1.00
Y_IN -0.10
T[0] = 0 Y[0] = -0.05
Y_IN 4.93
T[1] = 1 Y[1] = 0.99
Z[0] = 1.00
Z[1] = 1.00
Y_IN -0.10
T[0] = 0 Y[0] = -0.05
Y_IN 4.92
T[1] = 1 Y[1] = 0.99
Z[0] = 1.00
Z[1] = -0.99
Y_IN 3.23
T[0] = 1 Y[0] = 0.92
Y_IN -0.00
T[1] = 0 Y[1] = -0.00
Z[0] = 1.00
Z[1] = -1.00
Y_IN 3.24
T[0] = 1 Y[0] = 0.92
Y_IN -0.02
T[1] = 0 Y[1] = -0.01
Z[0] = 1.00
Z[1] = -0.99
Y_IN 3.22
T[0] = 1 Y[0] = 0.92
Y_IN -0.00
T[1] = 0 Y[1] = -0.00
Z[0] = 1.00
Z[1] = -0.99
Y_IN 3.23
T[0] = 1 Y[0] = 0.92
Y_IN -0.01
T[1] = 0 Y[1] = -0.01
Z[0] = 1.00
Z[1] = 0.99
Y_IN -0.09
T[0] = 0 Y[0] = -0.05
Y_IN 4.91
T[1] = 1 Y[1] = 0.99
Z[0] = 1.00
Z[1] = -1.00
Y_IN 3.24
T[0] = 1 Y[0] = 0.92
Y_IN -0.03
T[1] = 0 Y[1] = -0.01
Z[0] = 1.00
Z[1] = -1.00
Y_IN 3.24
T[0] = 1 Y[0] = 0.92
Y_IN -0.03
T[1] = 0 Y[1] = -0.01
Z[0] = 1.00
Z[1] = -0.99
Y_IN 3.22
T[0] = 1 Y[0] = 0.92
Y_IN 0.00
T[1] = 0 Y[1] = 0.00
Z[0] = 1.00
Z[1] = 0.98
Y_IN -0.06
T[0] = 0 Y[0] = -0.03
Y_IN 4.87
T[1] = 1 Y[1] = 0.98
Z[0] = 1.00
Z[1] = -0.99
Y_IN 3.23
T[0] = 1 Y[0] = 0.92
Y_IN -0.01
T[1] = 0 Y[1] = -0.00
Z[0] = 1.00
Z[1] = -0.98
Y_IN 3.20
T[0] = 1 Y[0] = 0.92
Y_IN 0.03
T[1] = 0 Y[1] = 0.02
Z[0] = 1.00
Z[1] = -1.00
Y_IN 3.24
T[0] = 1 Y[0] = 0.92
Y_IN -0.02
T[1] = 0 Y[1] = -0.01
Z[0] = 1.00
Z[1] = -0.99
Y_IN 3.23
T[0] = 1 Y[0] = 0.92
Y_IN -0.01
T[1] = 0 Y[1] = -0.00
Z[0] = 1.00
Z[1] = 0.99
Y_IN -0.09
T[0] = 0 Y[0] = -0.04
Y_IN 4.91
T[1] = 1 Y[1] = 0.99
Z[0] = 1.00
Z[1] = -0.99
Y_IN 3.23
T[0] = 1 Y[0] = 0.92
Y_IN -0.01
T[1] = 0 Y[1] = -0.00
Z[0] = 1.00
Z[1] = -0.99
Y_IN 3.23
T[0] = 1 Y[0] = 0.92
Y_IN -0.00
T[1] = 0 Y[1] = -0.00
Z[0] = 1.00
Z[1] = -1.00
Y_IN 3.24
T[0] = 1 Y[0] = 0.92
Y_IN -0.02
T[1] = 0 Y[1] = -0.01
Z[0] = 1.00
Z[1] = 1.00
Y_IN -0.10
T[0] = 0 Y[0] = -0.05
Y_IN 4.93
T[1] = 1 Y[1] = 0.99
Z[0] = 1.00
Z[1] = -0.97
Y_IN 3.19
T[0] = 1 Y[0] = 0.92
Y_IN 0.04
T[1] = 0 Y[1] = 0.02
Z[0] = 1.00
Z[1] = 0.99
Y_IN -0.08
T[0] = 0 Y[0] = -0.04
Y_IN 4.90
T[1] = 1 Y[1] = 0.99
Z[0] = 1.00
Z[1] = -0.99
Y_IN 3.23
T[0] = 1 Y[0] = 0.92
Y_IN -0.01
T[1] = 0 Y[1] = -0.00
Z[0] = 1.00
Z[1] = 0.99
Y_IN -0.09
T[0] = 0 Y[0] = -0.04
Y_IN 4.91
T[1] = 1 Y[1] = 0.99
Z[0] = 1.00
Z[1] = -1.00
Y_IN 3.24
T[0] = 1 Y[0] = 0.92
Y_IN -0.03
T[1] = 0 Y[1] = -0.01
Z[0] = 1.00
Z[1] = 0.99
Y_IN -0.09
T[0] = 0 Y[0] = -0.04
Y_IN 4.91
T[1] = 1 Y[1] = 0.99
Z[0] = 1.00
Z[1] = 1.00
Y_IN -0.10
T[0] = 0 Y[0] = -0.05
Y_IN 4.93
T[1] = 1 Y[1] = 0.99
Z[0] = 1.00
Z[1] = -0.99
Y_IN 3.23
T[0] = 1 Y[0] = 0.92
Y_IN -0.01
T[1] = 0 Y[1] = -0.00
Z[0] = 1.00
Z[1] = -1.00
Y_IN 3.24
T[0] = 1 Y[0] = 0.92
Y_IN -0.03
T[1] = 0 Y[1] = -0.01
Z[0] = 1.00
Z[1] = -1.00
Y_IN 3.24
T[0] = 1 Y[0] = 0.92
Y_IN -0.03
T[1] = 0 Y[1] = -0.01
Z[0] = 1.00
Z[1] = -0.99
Y_IN 3.22
T[0] = 1 Y[0] = 0.92
Y_IN 0.00
T[1] = 0 Y[1] = 0.00
Z[0] = 1.00
Z[1] = -1.00
Y_IN 3.24
T[0] = 1 Y[0] = 0.92
Y_IN -0.02
T[1] = 0 Y[1] = -0.01
Z[0] = 1.00
Z[1] = -0.98
Y_IN 3.20
T[0] = 1 Y[0] = 0.92
Y_IN 0.03
T[1] = 0 Y[1] = 0.01
Z[0] = 1.00
Z[1] = -1.00
Y_IN 3.24
T[0] = 1 Y[0] = 0.92
Y_IN -0.02
T[1] = 0 Y[1] = -0.01
Z[0] = 1.00
Z[1] = -0.85
Y_IN 2.99
T[0] = 0 Y[0] = 0.90
Y_IN 0.34
T[1] = 1 Y[1] = 0.17
Z[0] = 1.00
Z[1] = -1.00
Y_IN 3.24
T[0] = 1 Y[0] = 0.92
Y_IN -0.03
T[1] = 0 Y[1] = -0.01
Z[0] = 1.00
Z[1] = -1.00
Y_IN 3.24
T[0] = 1 Y[0] = 0.92
Y_IN -0.02
T[1] = 0 Y[1] = -0.01
Z[0] = 1.00
Z[1] = 1.00
Y_IN -0.10
T[0] = 0 Y[0] = -0.05
Y_IN 4.93
T[1] = 1 Y[1] = 0.99
Z[0] = 1.00
Z[1] = 1.00
Y_IN -0.10
T[0] = 0 Y[0] = -0.05
Y_IN 4.93
T[1] = 1 Y[1] = 0.99
Z[0] = 1.00
Z[1] = -1.00
Y_IN 3.24
T[0] = 1 Y[0] = 0.92
Y_IN -0.02
T[1] = 0 Y[1] = -0.01
Z[0] = 1.00
Z[1] = -1.00
Y_IN 3.24
T[0] = 1 Y[0] = 0.92
Y_IN -0.02
T[1] = 0 Y[1] = -0.01
Z[0] = 1.00
Z[1] = 0.99
Y_IN -0.08
T[0] = 0 Y[0] = -0.04
Y_IN 4.89
T[1] = 1 Y[1] = 0.99
Z[0] = 1.00
Z[1] = -0.83
Y_IN 2.96
T[0] = 0 Y[0] = 0.90
Y_IN 0.38
T[1] = 1 Y[1] = 0.19
Z[0] = 1.00
Z[1] = 1.00
Y_IN -0.10
T[0] = 0 Y[0] = -0.05
Y_IN 4.93
T[1] = 1 Y[1] = 0.99
Z[0] = 1.00
Z[1] = -1.00
Y_IN 3.24
T[0] = 1 Y[0] = 0.92
Y_IN -0.02
T[1] = 0 Y[1] = -0.01
Z[0] = 1.00
Z[1] = -1.00
Y_IN 3.24
T[0] = 1 Y[0] = 0.92
Y_IN -0.02
T[1] = 0 Y[1] = -0.01
Z[0] = 1.00
Z[1] = 0.97
Y_IN -0.06
T[0] = 0 Y[0] = -0.03
Y_IN 4.86
T[1] = 1 Y[1] = 0.98
Z[0] = 1.00
Z[1] = -0.99
Y_IN 3.23
T[0] = 1 Y[0] = 0.92
Y_IN -0.01
T[1] = 0 Y[1] = -0.00
Z[0] = 1.00
Z[1] = -0.49
Y_IN 2.40
T[0] = 0 Y[0] = 0.83
Y_IN 1.23
T[1] = 1 Y[1] = 0.55
Z[0] = 1.00
Z[1] = -0.99
Y_IN 3.22
T[0] = 1 Y[0] = 0.92
Y_IN 0.01
T[1] = 0 Y[1] = 0.00
Z[0] = 1.00
Z[1] = -0.99
Y_IN 3.22
T[0] = 1 Y[0] = 0.92
Y_IN 0.00
T[1] = 0 Y[1] = 0.00
Z[0] = 1.00
Z[1] = -1.00
Y_IN 3.24
T[0] = 1 Y[0] = 0.92
Y_IN -0.03
T[1] = 0 Y[1] = -0.01
Z[0] = 1.00
Z[1] = -0.57
Y_IN 2.53
T[0] = 1 Y[0] = 0.85
Y_IN 1.03
T[1] = 0 Y[1] = 0.47
Z[0] = 1.00
Z[1] = -0.99
Y_IN 3.23
T[0] = 1 Y[0] = 0.92
Y_IN -0.01
T[1] = 0 Y[1] = -0.00
Z[0] = 1.00
Z[1] = -0.99
Y_IN 3.23
T[0] = 1 Y[0] = 0.92
Y_IN -0.01
T[1] = 0 Y[1] = -0.01
Z[0] = 1.00
Z[1] = -1.00
Y_IN 3.24
T[0] = 1 Y[0] = 0.92
Y_IN -0.02
T[1] = 0 Y[1] = -0.01
Z[0] = 1.00
Z[1] = 1.00
Y_IN -0.10
T[0] = 0 Y[0] = -0.05
Y_IN 4.93
T[1] = 1 Y[1] = 0.99
Z[0] = 1.00
Z[1] = -0.98
Y_IN 3.20
T[0] = 1 Y[0] = 0.92
Y_IN 0.03
T[1] = 0 Y[1] = 0.02
Z[0] = 1.00
Z[1] = -1.00
Y_IN 3.24
T[0] = 1 Y[0] = 0.92
Y_IN -0.03
T[1] = 0 Y[1] = -0.01
Z[0] = 1.00
Z[1] = -0.99
Y_IN 3.23
T[0] = 1 Y[0] = 0.92
Y_IN -0.02
T[1] = 0 Y[1] = -0.01
Z[0] = 1.00
Z[1] = 1.00
Y_IN -0.10
T[0] = 0 Y[0] = -0.05
Y_IN 4.93
T[1] = 1 Y[1] = 0.99
Z[0] = 1.00
Z[1] = -1.00
Y_IN 3.24
T[0] = 1 Y[0] = 0.92
Y_IN -0.03
T[1] = 0 Y[1] = -0.01
Z[0] = 1.00
Z[1] = 0.14
Y_IN 1.34
T[0] = 0 Y[0] = 0.59
Y_IN 2.79
T[1] = 1 Y[1] = 0.88
Z[0] = 1.00
Z[1] = -1.00
Y_IN 3.24
T[0] = 1 Y[0] = 0.92
Y_IN -0.03
T[1] = 0 Y[1] = -0.01
Z[0] = 1.00
Z[1] = -1.00
Y_IN 3.24
T[0] = 1 Y[0] = 0.92
Y_IN -0.02
T[1] = 0 Y[1] = -0.01
Z[0] = 1.00
Z[1] = -0.99
Y_IN 3.23
T[0] = 1 Y[0] = 0.92
Y_IN -0.01
T[1] = 0 Y[1] = -0.01
Z[0] = 1.00
Z[1] = 0.99
Y_IN -0.09
T[0] = 0 Y[0] = -0.05
Y_IN 4.92
T[1] = 1 Y[1] = 0.99
Z[0] = 1.00
Z[1] = 0.96
Y_IN -0.04
T[0] = 0 Y[0] = -0.02
Y_IN 4.84
T[1] = 1 Y[1] = 0.98
Z[0] = 1.00
Z[1] = 1.00
Y_IN -0.10
T[0] = 0 Y[0] = -0.05
Y_IN 4.93
T[1] = 1 Y[1] = 0.99
Z[0] = 1.00
Z[1] = -0.83
Y_IN 2.96
T[0] = 1 Y[0] = 0.90
Y_IN 0.40
T[1] = 0 Y[1] = 0.20
Z[0] = 1.00
Z[1] = -1.00
Y_IN 3.23
T[0] = 1 Y[0] = 0.92
Y_IN -0.02
T[1] = 0 Y[1] = -0.01
Z[0] = 1.00
Z[1] = 0.19
Y_IN 1.26
T[0] = 0 Y[0] = 0.56
Y_IN 2.91
T[1] = 1 Y[1] = 0.90
Z[0] = 1.00
Z[1] = -0.76
Y_IN 2.85
T[0] = 1 Y[0] = 0.89
Y_IN 0.56
T[1] = 0 Y[1] = 0.27
Z[0] = 1.00
Z[1] = -0.99
Y_IN 3.22
T[0] = 1 Y[0] = 0.92
Y_IN -0.00
T[1] = 0 Y[1] = -0.00
Z[0] = 1.00
Z[1] = 0.80
Y_IN 0.23
T[0] = 0 Y[0] = 0.12
Y_IN 4.43
T[1] = 1 Y[1] = 0.98
Z[0] = 1.00
Z[1] = -1.00
Y_IN 3.24
T[0] = 1 Y[0] = 0.92
Y_IN -0.02
T[1] = 0 Y[1] = -0.01
Z[0] = 1.00
Z[1] = -1.00
Y_IN 3.24
T[0] = 1 Y[0] = 0.92
Y_IN -0.03
T[1] = 0 Y[1] = -0.01
Z[0] = 1.00
Z[1] = -1.00
Y_IN 3.23
T[0] = 1 Y[0] = 0.92
Y_IN -0.02
T[1] = 0 Y[1] = -0.01
Z[0] = 1.00
Z[1] = -1.00
Y_IN 3.24
T[0] = 1 Y[0] = 0.92
Y_IN -0.02
T[1] = 0 Y[1] = -0.01
Z[0] = 1.00
Z[1] = 1.00
Y_IN -0.10
T[0] = 0 Y[0] = -0.05
Y_IN 4.93
T[1] = 1 Y[1] = 0.99
Z[0] = 1.00
Z[1] = -1.00
Y_IN 3.24
T[0] = 1 Y[0] = 0.92
Y_IN -0.02
T[1] = 0 Y[1] = -0.01
Z[0] = 1.00
Z[1] = 1.00
Y_IN -0.10
T[0] = 0 Y[0] = -0.05
Y_IN 4.92
T[1] = 1 Y[1] = 0.99
Z[0] = 1.00
Z[1] = -1.00
Y_IN 3.24
T[0] = 1 Y[0] = 0.92
Y_IN -0.02
T[1] = 0 Y[1] = -0.01
Z[0] = 1.00
Z[1] = -0.88
Y_IN 3.04
T[0] = 1 Y[0] = 0.91
Y_IN 0.27
T[1] = 0 Y[1] = 0.14
Z[0] = 1.00
Z[1] = -0.98
Y_IN 3.21
T[0] = 1 Y[0] = 0.92
Y_IN 0.02
T[1] = 0 Y[1] = 0.01
Z[0] = 1.00
Z[1] = 1.00
Y_IN -0.10
T[0] = 0 Y[0] = -0.05
Y_IN 4.93
T[1] = 1 Y[1] = 0.99
Z[0] = 1.00
Z[1] = -0.99
Y_IN 3.23
T[0] = 1 Y[0] = 0.92
Y_IN -0.00
T[1] = 0 Y[1] = -0.00
Z[0] = 1.00
Z[1] = 1.00
Y_IN -0.10
T[0] = 0 Y[0] = -0.05
Y_IN 4.93
T[1] = 1 Y[1] = 0.99
Z[0] = 1.00
Z[1] = -1.00
Y_IN 3.24
T[0] = 1 Y[0] = 0.92
Y_IN -0.02
T[1] = 0 Y[1] = -0.01
Z[0] = 1.00
Z[1] = -1.00
Y_IN 3.24
T[0] = 1 Y[0] = 0.92
Y_IN -0.03
T[1] = 0 Y[1] = -0.01
Z[0] = 1.00
Z[1] = -0.99
Y_IN 3.22
T[0] = 1 Y[0] = 0.92
Y_IN -0.00
T[1] = 0 Y[1] = -0.00
Z[0] = 1.00
Z[1] = -0.99
Y_IN 3.23
T[0] = 1 Y[0] = 0.92
Y_IN -0.02
T[1] = 0 Y[1] = -0.01
Z[0] = 1.00
Z[1] = -1.00
Y_IN 3.24
T[0] = 1 Y[0] = 0.92
Y_IN -0.03
T[1] = 0 Y[1] = -0.01
Z[0] = 1.00
Z[1] = 1.00
Y_IN -0.10
T[0] = 0 Y[0] = -0.05
Y_IN 4.93
T[1] = 1 Y[1] = 0.99
Z[0] = 1.00
Z[1] = -1.00
Y_IN 3.24
T[0] = 1 Y[0] = 0.92
Y_IN -0.03
T[1] = 0 Y[1] = -0.01
Z[0] = 1.00
Z[1] = -0.99
Y_IN 3.22
T[0] = 1 Y[0] = 0.92
Y_IN 0.00
T[1] = 0 Y[1] = 0.00
Z[0] = 1.00
Z[1] = 0.99
Y_IN -0.09
T[0] = 0 Y[0] = -0.05
Y_IN 4.92
T[1] = 1 Y[1] = 0.99
Z[0] = 1.00
Z[1] = -1.00
Y_IN 3.24
T[0] = 1 Y[0] = 0.92
Y_IN -0.02
T[1] = 0 Y[1] = -0.01
Z[0] = 1.00
Z[1] = -1.00
Y_IN 3.24
T[0] = 1 Y[0] = 0.92
Y_IN -0.03
T[1] = 0 Y[1] = -0.01
Z[0] = 1.00
Z[1] = -0.93
Y_IN 3.13
T[0] = 1 Y[0] = 0.92
Y_IN 0.13
T[1] = 0 Y[1] = 0.07
Z[0] = 1.00
Z[1] = 1.00
Y_IN -0.10
T[0] = 0 Y[0] = -0.05
Y_IN 4.93
T[1] = 1 Y[1] = 0.99
Z[0] = 1.00
Z[1] = -1.00
Y_IN 3.24
T[0] = 1 Y[0] = 0.92
Y_IN -0.03
T[1] = 0 Y[1] = -0.01
Z[0] = 1.00
Z[1] = 0.98
Y_IN -0.07
T[0] = 0 Y[0] = -0.04
Y_IN 4.89
T[1] = 1 Y[1] = 0.99
Z[0] = 1.00
Z[1] = -1.00
Y_IN 3.24
T[0] = 1 Y[0] = 0.92
Y_IN -0.03
T[1] = 0 Y[1] = -0.01
Z[0] = 1.00
Z[1] = -1.00
Y_IN 3.24
T[0] = 1 Y[0] = 0.92
Y_IN -0.02
T[1] = 0 Y[1] = -0.01
Z[0] = 1.00
Z[1] = -0.96
Y_IN 3.18
T[0] = 1 Y[0] = 0.92
Y_IN 0.07
T[1] = 0 Y[1] = 0.03
Z[0] = 1.00
Z[1] = -1.00
Y_IN 3.24
T[0] = 1 Y[0] = 0.92
Y_IN -0.03
T[1] = 0 Y[1] = -0.01
Z[0] = 1.00
Z[1] = -0.98
Y_IN 3.21
T[0] = 1 Y[0] = 0.92
Y_IN 0.01
T[1] = 0 Y[1] = 0.01
Z[0] = 1.00
Z[1] = 1.00
Y_IN -0.10
T[0] = 0 Y[0] = -0.05
Y_IN 4.93
T[1] = 1 Y[1] = 0.99
Z[0] = 1.00
Z[1] = -1.00
Y_IN 3.24
T[0] = 1 Y[0] = 0.92
Y_IN -0.02
T[1] = 0 Y[1] = -0.01
Z[0] = 1.00
Z[1] = 0.56
Y_IN 0.64
T[0] = 0 Y[0] = 0.31
Y_IN 3.83
T[1] = 1 Y[1] = 0.96
Z[0] = 1.00
Z[1] = -1.00
Y_IN 3.24
T[0] = 1 Y[0] = 0.92
Y_IN -0.02
T[1] = 0 Y[1] = -0.01
Z[0] = 1.00
Z[1] = -1.00
Y_IN 3.24
T[0] = 1 Y[0] = 0.92
Y_IN -0.03
T[1] = 0 Y[1] = -0.01
Z[0] = 1.00
Z[1] = -0.98
Y_IN 3.20
T[0] = 1 Y[0] = 0.92
Y_IN 0.03
T[1] = 0 Y[1] = 0.02
