-0.17 -0.33 0.30 -0.18 -0.49 -0.31 0.30 -0.47 -0.45 
0.49 
0.42 
0.37 0.03 -0.15 

##################LEARN##################
Epoca 1, RMS = 0.46445
Epoca 2, RMS = 0.45525
Epoca 3, RMS = 0.45526
Epoca 4, RMS = 0.45524
Epoca 5, RMS = 0.45517
Epoca 6, RMS = 0.46410
Epoca 7, RMS = 0.41086
Epoca 8, RMS = 0.17840
Epoca 9, RMS = 0.11200
Epoca 10, RMS = 0.08371
Epoca 11, RMS = 0.07513
Epoca 12, RMS = 0.07059
Epoca 13, RMS = 0.06778
Epoca 14, RMS = 0.06666
Epoca 15, RMS = 0.06612
Epoca 16, RMS = 0.06564
Epoca 17, RMS = 0.06517
Epoca 18, RMS = 0.06488
Epoca 19, RMS = 0.06477
Epoca 20, RMS = 0.06477
Epoca 21, RMS = 0.06482
Epoca 22, RMS = 0.06488
Epoca 23, RMS = 0.06493
Epoca 24, RMS = 0.06496
Epoca 25, RMS = 0.06499
Epoca 26, RMS = 0.06501
Epoca 27, RMS = 0.06503
Epoca 28, RMS = 0.06506
Epoca 29, RMS = 0.06510
Epoca 30, RMS = 0.06514
Epoca 31, RMS = 0.06520
Epoca 32, RMS = 0.06526
Epoca 33, RMS = 0.06533
Epoca 34, RMS = 0.06541
Epoca 35, RMS = 0.06550
Epoca 36, RMS = 0.06560
Epoca 37, RMS = 0.06570
Epoca 38, RMS = 0.06580
Epoca 39, RMS = 0.06591
Epoca 40, RMS = 0.06601
Epoca 41, RMS = 0.06612
Epoca 42, RMS = 0.06623
Epoca 43, RMS = 0.06633
Epoca 44, RMS = 0.06643
Epoca 45, RMS = 0.06652
Epoca 46, RMS = 0.06660
Epoca 47, RMS = 0.06668
Epoca 48, RMS = 0.06675
Epoca 49, RMS = 0.06681
Epoca 50, RMS = 0.06686
Epoca 51, RMS = 0.06690
Epoca 52, RMS = 0.06693
Epoca 53, RMS = 0.06695
Epoca 54, RMS = 0.06696
Epoca 55, RMS = 0.06696
Epoca 56, RMS = 0.06695
Epoca 57, RMS = 0.06694
Epoca 58, RMS = 0.06691
Epoca 59, RMS = 0.06688
Epoca 60, RMS = 0.06684
Epoca 61, RMS = 0.06680
Epoca 62, RMS = 0.06675
Epoca 63, RMS = 0.06669
Epoca 64, RMS = 0.06663
Epoca 65, RMS = 0.06657
Epoca 66, RMS = 0.06651
Epoca 67, RMS = 0.06645
Epoca 68, RMS = 0.06638
Epoca 69, RMS = 0.06632
Epoca 70, RMS = 0.06626
Epoca 71, RMS = 0.06620
Epoca 72, RMS = 0.06615
Epoca 73, RMS = 0.06610
Epoca 74, RMS = 0.06605
Epoca 75, RMS = 0.06601
Epoca 76, RMS = 0.06597
Epoca 77, RMS = 0.06594
Epoca 78, RMS = 0.06592
Epoca 79, RMS = 0.06590
Epoca 80, RMS = 0.06589
Epoca 81, RMS = 0.06589
Epoca 82, RMS = 0.06589
Epoca 83, RMS = 0.06589
Epoca 84, RMS = 0.06591
Epoca 85, RMS = 0.06592
Epoca 86, RMS = 0.06594
Epoca 87, RMS = 0.06597
Epoca 88, RMS = 0.06599
Epoca 89, RMS = 0.06602
Epoca 90, RMS = 0.06606
Epoca 91, RMS = 0.06609
Epoca 92, RMS = 0.06613
Epoca 93, RMS = 0.06617
Epoca 94, RMS = 0.06621
Epoca 95, RMS = 0.06625
Epoca 96, RMS = 0.06629
Epoca 97, RMS = 0.06633
Epoca 98, RMS = 0.06637
Epoca 99, RMS = 0.06641
Epoca 100, RMS = 0.06645
Epoca 101, RMS = 0.06648
Epoca 102, RMS = 0.06652
Epoca 103, RMS = 0.06655
Epoca 104, RMS = 0.06659
Epoca 105, RMS = 0.06662
Epoca 106, RMS = 0.06665
Epoca 107, RMS = 0.06667
Epoca 108, RMS = 0.06670
Epoca 109, RMS = 0.06673
Epoca 110, RMS = 0.06675
Epoca 111, RMS = 0.06677
Epoca 112, RMS = 0.06679
Epoca 113, RMS = 0.06681
Epoca 114, RMS = 0.06683
Epoca 115, RMS = 0.06685
Epoca 116, RMS = 0.06686
Epoca 117, RMS = 0.06688
Epoca 118, RMS = 0.06689
Epoca 119, RMS = 0.06690
Epoca 120, RMS = 0.06692
Epoca 121, RMS = 0.06693
Epoca 122, RMS = 0.06694
Epoca 123, RMS = 0.06695
Epoca 124, RMS = 0.06696
Epoca 125, RMS = 0.06697
Epoca 126, RMS = 0.06698
Epoca 127, RMS = 0.06699
Epoca 128, RMS = 0.06700
Epoca 129, RMS = 0.06701
Epoca 130, RMS = 0.06702
Epoca 131, RMS = 0.06703
Epoca 132, RMS = 0.06703
Epoca 133, RMS = 0.06704
Epoca 134, RMS = 0.06705
Epoca 135, RMS = 0.06705
Epoca 136, RMS = 0.06706
Epoca 137, RMS = 0.06707
Epoca 138, RMS = 0.06707
Epoca 139, RMS = 0.06708
Epoca 140, RMS = 0.06708
Epoca 141, RMS = 0.06708
Epoca 142, RMS = 0.06709
Epoca 143, RMS = 0.06709
Epoca 144, RMS = 0.06709
Epoca 145, RMS = 0.06709
Epoca 146, RMS = 0.06709
Epoca 147, RMS = 0.06709
Epoca 148, RMS = 0.06709
Epoca 149, RMS = 0.06709
Epoca 150, RMS = 0.06708
Epoca 151, RMS = 0.06708
Epoca 152, RMS = 0.06707
Epoca 153, RMS = 0.06707
Epoca 154, RMS = 0.06706
Epoca 155, RMS = 0.06705
Epoca 156, RMS = 0.06704
Epoca 157, RMS = 0.06703
Epoca 158, RMS = 0.06702
Epoca 159, RMS = 0.06701
Epoca 160, RMS = 0.06699
Epoca 161, RMS = 0.06698
Epoca 162, RMS = 0.06696
Epoca 163, RMS = 0.06694
Epoca 164, RMS = 0.06692
Epoca 165, RMS = 0.06690
Epoca 166, RMS = 0.06689
Epoca 167, RMS = 0.06686
Epoca 168, RMS = 0.06684
Epoca 169, RMS = 0.06682
Epoca 170, RMS = 0.06680
Epoca 171, RMS = 0.06677
Epoca 172, RMS = 0.06675
Epoca 173, RMS = 0.06672
Epoca 174, RMS = 0.06670
Epoca 175, RMS = 0.06667
Epoca 176, RMS = 0.06665
Epoca 177, RMS = 0.06662
Epoca 178, RMS = 0.06659
Epoca 179, RMS = 0.06657
Epoca 180, RMS = 0.06654
Epoca 181, RMS = 0.06651
Epoca 182, RMS = 0.06649
Epoca 183, RMS = 0.06646
Epoca 184, RMS = 0.06643
Epoca 185, RMS = 0.06640
Epoca 186, RMS = 0.06638
Epoca 187, RMS = 0.06635
Epoca 188, RMS = 0.06633
Epoca 189, RMS = 0.06630
Epoca 190, RMS = 0.06628
Epoca 191, RMS = 0.06625
Epoca 192, RMS = 0.06623
Epoca 193, RMS = 0.06621
Epoca 194, RMS = 0.06618
Epoca 195, RMS = 0.06616
Epoca 196, RMS = 0.06614
Epoca 197, RMS = 0.06612
Epoca 198, RMS = 0.06610
Epoca 199, RMS = 0.06608
Epoca 200, RMS = 0.06606
Epoca 201, RMS = 0.06605
Epoca 202, RMS = 0.06603
Epoca 203, RMS = 0.06601
Epoca 204, RMS = 0.06600
Epoca 205, RMS = 0.06598
Epoca 206, RMS = 0.06597
Epoca 207, RMS = 0.06596
Epoca 208, RMS = 0.06594
Epoca 209, RMS = 0.06593
Epoca 210, RMS = 0.06592
Epoca 211, RMS = 0.06591
Epoca 212, RMS = 0.06590
Epoca 213, RMS = 0.06589
Epoca 214, RMS = 0.06588
Epoca 215, RMS = 0.06587
Epoca 216, RMS = 0.06586
Epoca 217, RMS = 0.06585
Epoca 218, RMS = 0.06584
Epoca 219, RMS = 0.06584
Epoca 220, RMS = 0.06583
Epoca 221, RMS = 0.06582
Epoca 222, RMS = 0.06581
Epoca 223, RMS = 0.06580
Epoca 224, RMS = 0.06580
Epoca 225, RMS = 0.06579
Epoca 226, RMS = 0.06578
Epoca 227, RMS = 0.06577
Epoca 228, RMS = 0.06577
Epoca 229, RMS = 0.06576
Epoca 230, RMS = 0.06575
Epoca 231, RMS = 0.06575
Epoca 232, RMS = 0.06574
Epoca 233, RMS = 0.06574
Epoca 234, RMS = 0.06573
Epoca 235, RMS = 0.06573
Epoca 236, RMS = 0.06572
Epoca 237, RMS = 0.06572
Epoca 238, RMS = 0.06572
Epoca 239, RMS = 0.06571
Epoca 240, RMS = 0.06571
Epoca 241, RMS = 0.06571
Epoca 242, RMS = 0.06571
Epoca 243, RMS = 0.06571
Epoca 244, RMS = 0.06572
Epoca 245, RMS = 0.06572
Epoca 246, RMS = 0.06572
Epoca 247, RMS = 0.06572
Epoca 248, RMS = 0.06573
Epoca 249, RMS = 0.06574
Epoca 250, RMS = 0.06574
Epoca 251, RMS = 0.06575
Epoca 252, RMS = 0.06576
Epoca 253, RMS = 0.06577
Epoca 254, RMS = 0.06578
Epoca 255, RMS = 0.06579
Epoca 256, RMS = 0.06580
Epoca 257, RMS = 0.06582
Epoca 258, RMS = 0.06583
Epoca 259, RMS = 0.06585
Epoca 260, RMS = 0.06586
Epoca 261, RMS = 0.06588
Epoca 262, RMS = 0.06590
Epoca 263, RMS = 0.06593
Epoca 264, RMS = 0.06595
Epoca 265, RMS = 0.06597
Epoca 266, RMS = 0.06600
Epoca 267, RMS = 0.06603
Epoca 268, RMS = 0.06606
Epoca 269, RMS = 0.06610
Epoca 270, RMS = 0.06613
Epoca 271, RMS = 0.06617
Epoca 272, RMS = 0.06621
Epoca 273, RMS = 0.06626
Epoca 274, RMS = 0.06630
Epoca 275, RMS = 0.06635
Epoca 276, RMS = 0.06640
Epoca 277, RMS = 0.06645
Epoca 278, RMS = 0.06651
Epoca 279, RMS = 0.06657
Epoca 280, RMS = 0.06663
Epoca 281, RMS = 0.06669
Epoca 282, RMS = 0.06676
Epoca 283, RMS = 0.06683
Epoca 284, RMS = 0.06690
Epoca 285, RMS = 0.06698
Epoca 286, RMS = 0.06706
Epoca 287, RMS = 0.06714
Epoca 288, RMS = 0.06723
Epoca 289, RMS = 0.06732
Epoca 290, RMS = 0.06741
Epoca 291, RMS = 0.06750
Epoca 292, RMS = 0.06760
Epoca 293, RMS = 0.06770
Epoca 294, RMS = 0.06781
Epoca 295, RMS = 0.06792
Epoca 296, RMS = 0.06803
Epoca 297, RMS = 0.06815
Epoca 298, RMS = 0.06827
Epoca 299, RMS = 0.06839
Epoca 300, RMS = 0.06852
Epoca 301, RMS = 0.06865
Epoca 302, RMS = 0.06879
Epoca 303, RMS = 0.06892
Epoca 304, RMS = 0.06907
Epoca 305, RMS = 0.06921
Epoca 306, RMS = 0.06936
Epoca 307, RMS = 0.06951
Epoca 308, RMS = 0.06966
Epoca 309, RMS = 0.06982
Epoca 310, RMS = 0.06997
Epoca 311, RMS = 0.07013
Epoca 312, RMS = 0.07029
Epoca 313, RMS = 0.07045
Epoca 314, RMS = 0.07061
Epoca 315, RMS = 0.07077
Epoca 316, RMS = 0.07092
Epoca 317, RMS = 0.07108
Epoca 318, RMS = 0.07123
Epoca 319, RMS = 0.07138
Epoca 320, RMS = 0.07153
Epoca 321, RMS = 0.07167
Epoca 322, RMS = 0.07181
Epoca 323, RMS = 0.07194
Epoca 324, RMS = 0.07207
Epoca 325, RMS = 0.07219
Epoca 326, RMS = 0.07231
Epoca 327, RMS = 0.07242
Epoca 328, RMS = 0.07253
Epoca 329, RMS = 0.07263
Epoca 330, RMS = 0.07272
Epoca 331, RMS = 0.07281
Epoca 332, RMS = 0.07290
Epoca 333, RMS = 0.07298
Epoca 334, RMS = 0.07305
Epoca 335, RMS = 0.07312
Epoca 336, RMS = 0.07318
Epoca 337, RMS = 0.07324
Epoca 338, RMS = 0.07330
Epoca 339, RMS = 0.07335
Epoca 340, RMS = 0.07340
Epoca 341, RMS = 0.07345
Epoca 342, RMS = 0.07349
Epoca 343, RMS = 0.07353
Epoca 344, RMS = 0.07357
Epoca 345, RMS = 0.07360
Epoca 346, RMS = 0.07363
Epoca 347, RMS = 0.07366
Epoca 348, RMS = 0.07369
Epoca 349, RMS = 0.07372
Epoca 350, RMS = 0.07374
Epoca 351, RMS = 0.07376
Epoca 352, RMS = 0.07378
Epoca 353, RMS = 0.07380
Epoca 354, RMS = 0.07382
Epoca 355, RMS = 0.07383
Epoca 356, RMS = 0.07385
Epoca 357, RMS = 0.07386
Epoca 358, RMS = 0.07387
Epoca 359, RMS = 0.07388
Epoca 360, RMS = 0.07389
Epoca 361, RMS = 0.07390
Epoca 362, RMS = 0.07391
Epoca 363, RMS = 0.07391
Epoca 364, RMS = 0.07392
Epoca 365, RMS = 0.07393
Epoca 366, RMS = 0.07393
Epoca 367, RMS = 0.07393
Epoca 368, RMS = 0.07394
Epoca 369, RMS = 0.07394
Epoca 370, RMS = 0.07394
Epoca 371, RMS = 0.07394
Epoca 372, RMS = 0.07395
Epoca 373, RMS = 0.07395
Epoca 374, RMS = 0.07395
Epoca 375, RMS = 0.07395
Epoca 376, RMS = 0.07395
Epoca 377, RMS = 0.07395
Epoca 378, RMS = 0.07395
Epoca 379, RMS = 0.07395
Epoca 380, RMS = 0.07394
Epoca 381, RMS = 0.07394
Epoca 382, RMS = 0.07394
Epoca 383, RMS = 0.07394
Epoca 384, RMS = 0.07394
Epoca 385, RMS = 0.07393
Epoca 386, RMS = 0.07393
Epoca 387, RMS = 0.07393
Epoca 388, RMS = 0.07393
Epoca 389, RMS = 0.07392
Epoca 390, RMS = 0.07392
Epoca 391, RMS = 0.07392
Epoca 392, RMS = 0.07391
Epoca 393, RMS = 0.07391
Epoca 394, RMS = 0.07391
Epoca 395, RMS = 0.07390
Epoca 396, RMS = 0.07390
Epoca 397, RMS = 0.07390
Epoca 398, RMS = 0.07389
Epoca 399, RMS = 0.07389
Epoca 400, RMS = 0.07388
Epoca 401, RMS = 0.07388
Epoca 402, RMS = 0.07387
Epoca 403, RMS = 0.07387
Epoca 404, RMS = 0.07387
Epoca 405, RMS = 0.07386
Epoca 406, RMS = 0.07386
Epoca 407, RMS = 0.07385
Epoca 408, RMS = 0.07385
Epoca 409, RMS = 0.07384
Epoca 410, RMS = 0.07384
Epoca 411, RMS = 0.07383
Epoca 412, RMS = 0.07383
Epoca 413, RMS = 0.07382
Epoca 414, RMS = 0.07382
Epoca 415, RMS = 0.07381
Epoca 416, RMS = 0.07381
Epoca 417, RMS = 0.07380
Epoca 418, RMS = 0.07380
Epoca 419, RMS = 0.07379
Epoca 420, RMS = 0.07379
Epoca 421, RMS = 0.07378
Epoca 422, RMS = 0.07378
Epoca 423, RMS = 0.07377
Epoca 424, RMS = 0.07377
Epoca 425, RMS = 0.07376
Epoca 426, RMS = 0.07375
Epoca 427, RMS = 0.07375
Epoca 428, RMS = 0.07374
Epoca 429, RMS = 0.07374
Epoca 430, RMS = 0.07373
Epoca 431, RMS = 0.07373
Epoca 432, RMS = 0.07372
Epoca 433, RMS = 0.07372
Epoca 434, RMS = 0.07371
Epoca 435, RMS = 0.07370
Epoca 436, RMS = 0.07370
Epoca 437, RMS = 0.07369
Epoca 438, RMS = 0.07369
Epoca 439, RMS = 0.07368
Epoca 440, RMS = 0.07367
Epoca 441, RMS = 0.07367
Epoca 442, RMS = 0.07366
Epoca 443, RMS = 0.07366
Epoca 444, RMS = 0.07365
Epoca 445, RMS = 0.07364
Epoca 446, RMS = 0.07364
Epoca 447, RMS = 0.07363
Epoca 448, RMS = 0.07363
Epoca 449, RMS = 0.07362
Epoca 450, RMS = 0.07361
Epoca 451, RMS = 0.07361
Epoca 452, RMS = 0.07360
Epoca 453, RMS = 0.07360
Epoca 454, RMS = 0.07359
Epoca 455, RMS = 0.07358
Epoca 456, RMS = 0.07358
Epoca 457, RMS = 0.07357
Epoca 458, RMS = 0.07357
Epoca 459, RMS = 0.07356
Epoca 460, RMS = 0.07355
Epoca 461, RMS = 0.07355
Epoca 462, RMS = 0.07354
Epoca 463, RMS = 0.07354
Epoca 464, RMS = 0.07353
Epoca 465, RMS = 0.07352
Epoca 466, RMS = 0.07352
Epoca 467, RMS = 0.07351
Epoca 468, RMS = 0.07351
Epoca 469, RMS = 0.07350
Epoca 470, RMS = 0.07349
Epoca 471, RMS = 0.07349
Epoca 472, RMS = 0.07348
Epoca 473, RMS = 0.07348
Epoca 474, RMS = 0.07347
Epoca 475, RMS = 0.07347
Epoca 476, RMS = 0.07346
Epoca 477, RMS = 0.07345
Epoca 478, RMS = 0.07345
Epoca 479, RMS = 0.07344
Epoca 480, RMS = 0.07344
Epoca 481, RMS = 0.07343
Epoca 482, RMS = 0.07343
Epoca 483, RMS = 0.07342
Epoca 484, RMS = 0.07341
Epoca 485, RMS = 0.07341
Epoca 486, RMS = 0.07340
Epoca 487, RMS = 0.07340
Epoca 488, RMS = 0.07339
Epoca 489, RMS = 0.07339
Epoca 490, RMS = 0.07338
Epoca 491, RMS = 0.07338
Epoca 492, RMS = 0.07337
Epoca 493, RMS = 0.07336
Epoca 494, RMS = 0.07336
Epoca 495, RMS = 0.07335
Epoca 496, RMS = 0.07335
Epoca 497, RMS = 0.07334
Epoca 498, RMS = 0.07334
Epoca 499, RMS = 0.07333
Epoca 500, RMS = 0.07333
Epoca 501, RMS = 0.07332
Epoca 502, RMS = 0.07332
Epoca 503, RMS = 0.07331
Epoca 504, RMS = 0.07331
Epoca 505, RMS = 0.07330
Epoca 506, RMS = 0.07330
Epoca 507, RMS = 0.07329
Epoca 508, RMS = 0.07329
Epoca 509, RMS = 0.07328
Epoca 510, RMS = 0.07328
Epoca 511, RMS = 0.07327
Epoca 512, RMS = 0.07327
Epoca 513, RMS = 0.07326
Epoca 514, RMS = 0.07326
Epoca 515, RMS = 0.07325
Epoca 516, RMS = 0.07325
Epoca 517, RMS = 0.07324
Epoca 518, RMS = 0.07324
Epoca 519, RMS = 0.07323
Epoca 520, RMS = 0.07323
Epoca 521, RMS = 0.07322
Epoca 522, RMS = 0.07322
Epoca 523, RMS = 0.07321
Epoca 524, RMS = 0.07321
Epoca 525, RMS = 0.07320
Epoca 526, RMS = 0.07320
Epoca 527, RMS = 0.07320
Epoca 528, RMS = 0.07319
Epoca 529, RMS = 0.07319
Epoca 530, RMS = 0.07318
Epoca 531, RMS = 0.07318
Epoca 532, RMS = 0.07317
Epoca 533, RMS = 0.07317
Epoca 534, RMS = 0.07316
Epoca 535, RMS = 0.07316
Epoca 536, RMS = 0.07316
Epoca 537, RMS = 0.07315
Epoca 538, RMS = 0.07315
Epoca 539, RMS = 0.07314
Epoca 540, RMS = 0.07314
Epoca 541, RMS = 0.07314
Epoca 542, RMS = 0.07313
Epoca 543, RMS = 0.07313
Epoca 544, RMS = 0.07312
Epoca 545, RMS = 0.07312
Epoca 546, RMS = 0.07312
Epoca 547, RMS = 0.07311
Epoca 548, RMS = 0.07311
Epoca 549, RMS = 0.07310
Epoca 550, RMS = 0.07310
Epoca 551, RMS = 0.07310
Epoca 552, RMS = 0.07309
Epoca 553, RMS = 0.07309
Epoca 554, RMS = 0.07308
Epoca 555, RMS = 0.07308
Epoca 556, RMS = 0.07308
Epoca 557, RMS = 0.07307
Epoca 558, RMS = 0.07307
Epoca 559, RMS = 0.07307
Epoca 560, RMS = 0.07306
Epoca 561, RMS = 0.07306
Epoca 562, RMS = 0.07306
Epoca 563, RMS = 0.07305
Epoca 564, RMS = 0.07305
Epoca 565, RMS = 0.07305
Epoca 566, RMS = 0.07304
Epoca 567, RMS = 0.07304
Epoca 568, RMS = 0.07303
Epoca 569, RMS = 0.07303
Epoca 570, RMS = 0.07303
Epoca 571, RMS = 0.07302
Epoca 572, RMS = 0.07302
Epoca 573, RMS = 0.07302
Epoca 574, RMS = 0.07301
Epoca 575, RMS = 0.07301
Epoca 576, RMS = 0.07301
Epoca 577, RMS = 0.07300
Epoca 578, RMS = 0.07300
Epoca 579, RMS = 0.07300
Epoca 580, RMS = 0.07299
Epoca 581, RMS = 0.07299
Epoca 582, RMS = 0.07299
Epoca 583, RMS = 0.07298
Epoca 584, RMS = 0.07298
Epoca 585, RMS = 0.07298
Epoca 586, RMS = 0.07297
Epoca 587, RMS = 0.07297
Epoca 588, RMS = 0.07297
Epoca 589, RMS = 0.07297
Epoca 590, RMS = 0.07296
Epoca 591, RMS = 0.07296
Epoca 592, RMS = 0.07296
Epoca 593, RMS = 0.07295
Epoca 594, RMS = 0.07295
Epoca 595, RMS = 0.07295
Epoca 596, RMS = 0.07294
Epoca 597, RMS = 0.07294
Epoca 598, RMS = 0.07294
Epoca 599, RMS = 0.07293
Epoca 600, RMS = 0.07293
Epoca 601, RMS = 0.07293
Epoca 602, RMS = 0.07292
Epoca 603, RMS = 0.07292
Epoca 604, RMS = 0.07292
Epoca 605, RMS = 0.07291
Epoca 606, RMS = 0.07291
Epoca 607, RMS = 0.07291
Epoca 608, RMS = 0.07291
Epoca 609, RMS = 0.07290
Epoca 610, RMS = 0.07290
Epoca 611, RMS = 0.07290
Epoca 612, RMS = 0.07289
Epoca 613, RMS = 0.07289
Epoca 614, RMS = 0.07289
Epoca 615, RMS = 0.07288
Epoca 616, RMS = 0.07288
Epoca 617, RMS = 0.07288
Epoca 618, RMS = 0.07287
Epoca 619, RMS = 0.07287
Epoca 620, RMS = 0.07287
Epoca 621, RMS = 0.07286
Epoca 622, RMS = 0.07286
Epoca 623, RMS = 0.07286
Epoca 624, RMS = 0.07286
Epoca 625, RMS = 0.07285
Epoca 626, RMS = 0.07285
Epoca 627, RMS = 0.07285
Epoca 628, RMS = 0.07284
Epoca 629, RMS = 0.07284
Epoca 630, RMS = 0.07284
Epoca 631, RMS = 0.07283
Epoca 632, RMS = 0.07283
Epoca 633, RMS = 0.07283
Epoca 634, RMS = 0.07282
Epoca 635, RMS = 0.07282
Epoca 636, RMS = 0.07282
Epoca 637, RMS = 0.07281
Epoca 638, RMS = 0.07281
Epoca 639, RMS = 0.07281
Epoca 640, RMS = 0.07281
Epoca 641, RMS = 0.07280
Epoca 642, RMS = 0.07280
Epoca 643, RMS = 0.07280
Epoca 644, RMS = 0.07279
Epoca 645, RMS = 0.07279
Epoca 646, RMS = 0.07279
Epoca 647, RMS = 0.07278
Epoca 648, RMS = 0.07278
Epoca 649, RMS = 0.07278
Epoca 650, RMS = 0.07277
Epoca 651, RMS = 0.07277
Epoca 652, RMS = 0.07277
Epoca 653, RMS = 0.07276
Epoca 654, RMS = 0.07276
Epoca 655, RMS = 0.07276
Epoca 656, RMS = 0.07275
Epoca 657, RMS = 0.07275
Epoca 658, RMS = 0.07275
Epoca 659, RMS = 0.07274
Epoca 660, RMS = 0.07274
Epoca 661, RMS = 0.07274
Epoca 662, RMS = 0.07273
Epoca 663, RMS = 0.07273
Epoca 664, RMS = 0.07273
Epoca 665, RMS = 0.07272
Epoca 666, RMS = 0.07272
Epoca 667, RMS = 0.07272
Epoca 668, RMS = 0.07271
Epoca 669, RMS = 0.07271
Epoca 670, RMS = 0.07271
Epoca 671, RMS = 0.07270
Epoca 672, RMS = 0.07270
Epoca 673, RMS = 0.07270
Epoca 674, RMS = 0.07269
Epoca 675, RMS = 0.07269
Epoca 676, RMS = 0.07268
Epoca 677, RMS = 0.07268
Epoca 678, RMS = 0.07268
Epoca 679, RMS = 0.07267
Epoca 680, RMS = 0.07267
Epoca 681, RMS = 0.07267
Epoca 682, RMS = 0.07266
Epoca 683, RMS = 0.07266
Epoca 684, RMS = 0.07266
Epoca 685, RMS = 0.07265
Epoca 686, RMS = 0.07265
Epoca 687, RMS = 0.07265
Epoca 688, RMS = 0.07264
Epoca 689, RMS = 0.07264
Epoca 690, RMS = 0.07263
Epoca 691, RMS = 0.07263
Epoca 692, RMS = 0.07263
Epoca 693, RMS = 0.07262
Epoca 694, RMS = 0.07262
Epoca 695, RMS = 0.07262
Epoca 696, RMS = 0.07261
Epoca 697, RMS = 0.07261
Epoca 698, RMS = 0.07261
Epoca 699, RMS = 0.07260
Epoca 700, RMS = 0.07260
Epoca 701, RMS = 0.07260
Epoca 702, RMS = 0.07259
Epoca 703, RMS = 0.07259
Epoca 704, RMS = 0.07258
Epoca 705, RMS = 0.07258
Epoca 706, RMS = 0.07258
Epoca 707, RMS = 0.07257
Epoca 708, RMS = 0.07257
Epoca 709, RMS = 0.07257
Epoca 710, RMS = 0.07256
Epoca 711, RMS = 0.07256
Epoca 712, RMS = 0.07255
Epoca 713, RMS = 0.07255
Epoca 714, RMS = 0.07255
Epoca 715, RMS = 0.07254
Epoca 716, RMS = 0.07254
Epoca 717, RMS = 0.07254
Epoca 718, RMS = 0.07253
Epoca 719, RMS = 0.07253
Epoca 720, RMS = 0.07252
Epoca 721, RMS = 0.07252
Epoca 722, RMS = 0.07252
Epoca 723, RMS = 0.07251
Epoca 724, RMS = 0.07251
Epoca 725, RMS = 0.07251
Epoca 726, RMS = 0.07250
Epoca 727, RMS = 0.07250
Epoca 728, RMS = 0.07250
Epoca 729, RMS = 0.07249
Epoca 730, RMS = 0.07249
Epoca 731, RMS = 0.07248
Epoca 732, RMS = 0.07248
Epoca 733, RMS = 0.07248
Epoca 734, RMS = 0.07247
Epoca 735, RMS = 0.07247
Epoca 736, RMS = 0.07247
Epoca 737, RMS = 0.07246
Epoca 738, RMS = 0.07246
Epoca 739, RMS = 0.07246
Epoca 740, RMS = 0.07245
Epoca 741, RMS = 0.07245
Epoca 742, RMS = 0.07244
Epoca 743, RMS = 0.07244
Epoca 744, RMS = 0.07244
Epoca 745, RMS = 0.07243
Epoca 746, RMS = 0.07243
Epoca 747, RMS = 0.07243
Epoca 748, RMS = 0.07242
Epoca 749, RMS = 0.07242
Epoca 750, RMS = 0.07242
Epoca 751, RMS = 0.07241
Epoca 752, RMS = 0.07241
Epoca 753, RMS = 0.07240
Epoca 754, RMS = 0.07240
Epoca 755, RMS = 0.07240
Epoca 756, RMS = 0.07239
Epoca 757, RMS = 0.07239
Epoca 758, RMS = 0.07239
Epoca 759, RMS = 0.07238
Epoca 760, RMS = 0.07238
Epoca 761, RMS = 0.07238
Epoca 762, RMS = 0.07237
Epoca 763, RMS = 0.07237
Epoca 764, RMS = 0.07237
Epoca 765, RMS = 0.07236
Epoca 766, RMS = 0.07236
Epoca 767, RMS = 0.07236
Epoca 768, RMS = 0.07235
Epoca 769, RMS = 0.07235
Epoca 770, RMS = 0.07235
Epoca 771, RMS = 0.07234
Epoca 772, RMS = 0.07234
Epoca 773, RMS = 0.07234
Epoca 774, RMS = 0.07233
Epoca 775, RMS = 0.07233
Epoca 776, RMS = 0.07233
Epoca 777, RMS = 0.07232
Epoca 778, RMS = 0.07232
Epoca 779, RMS = 0.07232
Epoca 780, RMS = 0.07231
Epoca 781, RMS = 0.07231
Epoca 782, RMS = 0.07231
Epoca 783, RMS = 0.07230
Epoca 784, RMS = 0.07230
Epoca 785, RMS = 0.07230
Epoca 786, RMS = 0.07230
Epoca 787, RMS = 0.07229
Epoca 788, RMS = 0.07229
Epoca 789, RMS = 0.07229
Epoca 790, RMS = 0.07228
Epoca 791, RMS = 0.07228
Epoca 792, RMS = 0.07228
Epoca 793, RMS = 0.07227
Epoca 794, RMS = 0.07227
Epoca 795, RMS = 0.07227
Epoca 796, RMS = 0.07227
Epoca 797, RMS = 0.07226
Epoca 798, RMS = 0.07226
Epoca 799, RMS = 0.07226
Epoca 800, RMS = 0.07225
Epoca 801, RMS = 0.07225
Epoca 802, RMS = 0.07225
Epoca 803, RMS = 0.07225
Epoca 804, RMS = 0.07224
Epoca 805, RMS = 0.07224
Epoca 806, RMS = 0.07224
Epoca 807, RMS = 0.07224
Epoca 808, RMS = 0.07223
Epoca 809, RMS = 0.07223
Epoca 810, RMS = 0.07223
Epoca 811, RMS = 0.07223
Epoca 812, RMS = 0.07222
Epoca 813, RMS = 0.07222
Epoca 814, RMS = 0.07222
Epoca 815, RMS = 0.07222
Epoca 816, RMS = 0.07221
Epoca 817, RMS = 0.07221
Epoca 818, RMS = 0.07221
Epoca 819, RMS = 0.07221
Epoca 820, RMS = 0.07220
Epoca 821, RMS = 0.07220
Epoca 822, RMS = 0.07220
Epoca 823, RMS = 0.07220
Epoca 824, RMS = 0.07219
Epoca 825, RMS = 0.07219
Epoca 826, RMS = 0.07219
Epoca 827, RMS = 0.07219
Epoca 828, RMS = 0.07219
Epoca 829, RMS = 0.07218
Epoca 830, RMS = 0.07218
Epoca 831, RMS = 0.07218
Epoca 832, RMS = 0.07218
Epoca 833, RMS = 0.07218
Epoca 834, RMS = 0.07217
Epoca 835, RMS = 0.07217
Epoca 836, RMS = 0.07217
Epoca 837, RMS = 0.07217
Epoca 838, RMS = 0.07217
Epoca 839, RMS = 0.07216
Epoca 840, RMS = 0.07216
Epoca 841, RMS = 0.07216
Epoca 842, RMS = 0.07216
Epoca 843, RMS = 0.07216
Epoca 844, RMS = 0.07216
Epoca 845, RMS = 0.07215
Epoca 846, RMS = 0.07215
Epoca 847, RMS = 0.07215
Epoca 848, RMS = 0.07215
Epoca 849, RMS = 0.07215
Epoca 850, RMS = 0.07215
Epoca 851, RMS = 0.07214
Epoca 852, RMS = 0.07214
Epoca 853, RMS = 0.07214
Epoca 854, RMS = 0.07214
Epoca 855, RMS = 0.07214
Epoca 856, RMS = 0.07214
Epoca 857, RMS = 0.07214
Epoca 858, RMS = 0.07213
Epoca 859, RMS = 0.07213
Epoca 860, RMS = 0.07213
Epoca 861, RMS = 0.07213
Epoca 862, RMS = 0.07213
Epoca 863, RMS = 0.07213
Epoca 864, RMS = 0.07213
Epoca 865, RMS = 0.07213
Epoca 866, RMS = 0.07213
Epoca 867, RMS = 0.07212
Epoca 868, RMS = 0.07212
Epoca 869, RMS = 0.07212
Epoca 870, RMS = 0.07212
Epoca 871, RMS = 0.07212
Epoca 872, RMS = 0.07212
Epoca 873, RMS = 0.07212
Epoca 874, RMS = 0.07212
Epoca 875, RMS = 0.07212
Epoca 876, RMS = 0.07211
Epoca 877, RMS = 0.07211
Epoca 878, RMS = 0.07211
Epoca 879, RMS = 0.07211
Epoca 880, RMS = 0.07211
Epoca 881, RMS = 0.07211
Epoca 882, RMS = 0.07211
Epoca 883, RMS = 0.07211
Epoca 884, RMS = 0.07211
Epoca 885, RMS = 0.07211
Epoca 886, RMS = 0.07211
Epoca 887, RMS = 0.07211
Epoca 888, RMS = 0.07210
Epoca 889, RMS = 0.07210
Epoca 890, RMS = 0.07210
Epoca 891, RMS = 0.07210
Epoca 892, RMS = 0.07210
Epoca 893, RMS = 0.07210
Epoca 894, RMS = 0.07210
Epoca 895, RMS = 0.07210
Epoca 896, RMS = 0.07210
Epoca 897, RMS = 0.07210
Epoca 898, RMS = 0.07210
Epoca 899, RMS = 0.07210
Epoca 900, RMS = 0.07210
Epoca 901, RMS = 0.07210
Epoca 902, RMS = 0.07210
Epoca 903, RMS = 0.07210
Epoca 904, RMS = 0.07210
Epoca 905, RMS = 0.07210
Epoca 906, RMS = 0.07210
Epoca 907, RMS = 0.07209
Epoca 908, RMS = 0.07209
Epoca 909, RMS = 0.07209
Epoca 910, RMS = 0.07209
Epoca 911, RMS = 0.07209
Epoca 912, RMS = 0.07209
Epoca 913, RMS = 0.07209
Epoca 914, RMS = 0.07209
Epoca 915, RMS = 0.07209
Epoca 916, RMS = 0.07209
Epoca 917, RMS = 0.07209
Epoca 918, RMS = 0.07209
Epoca 919, RMS = 0.07209
Epoca 920, RMS = 0.07209
Epoca 921, RMS = 0.07209
Epoca 922, RMS = 0.07209
Epoca 923, RMS = 0.07209
Epoca 924, RMS = 0.07209
Epoca 925, RMS = 0.07209
Epoca 926, RMS = 0.07209
Epoca 927, RMS = 0.07209
Epoca 928, RMS = 0.07209
Epoca 929, RMS = 0.07209
Epoca 930, RMS = 0.07209
Epoca 931, RMS = 0.07209
Epoca 932, RMS = 0.07209
Epoca 933, RMS = 0.07209
Epoca 934, RMS = 0.07209
Epoca 935, RMS = 0.07209
Epoca 936, RMS = 0.07209
Epoca 937, RMS = 0.07209
Epoca 938, RMS = 0.07209
Epoca 939, RMS = 0.07209
Epoca 940, RMS = 0.07209
Epoca 941, RMS = 0.07209
Epoca 942, RMS = 0.07209
Epoca 943, RMS = 0.07209
Epoca 944, RMS = 0.07209
Epoca 945, RMS = 0.07209
Epoca 946, RMS = 0.07209
Epoca 947, RMS = 0.07209
Epoca 948, RMS = 0.07209
Epoca 949, RMS = 0.07209
Epoca 950, RMS = 0.07209
Epoca 951, RMS = 0.07208
Epoca 952, RMS = 0.07208
Epoca 953, RMS = 0.07208
Epoca 954, RMS = 0.07208
Epoca 955, RMS = 0.07208
Epoca 956, RMS = 0.07208
Epoca 957, RMS = 0.07208
Epoca 958, RMS = 0.07208
Epoca 959, RMS = 0.07208
Epoca 960, RMS = 0.07208
Epoca 961, RMS = 0.07208
Epoca 962, RMS = 0.07208
Epoca 963, RMS = 0.07208
Epoca 964, RMS = 0.07208
Epoca 965, RMS = 0.07208
Epoca 966, RMS = 0.07208
Epoca 967, RMS = 0.07208
Epoca 968, RMS = 0.07208
Epoca 969, RMS = 0.07208
Epoca 970, RMS = 0.07208
Epoca 971, RMS = 0.07208
Epoca 972, RMS = 0.07208
Epoca 973, RMS = 0.07208
Epoca 974, RMS = 0.07208
Epoca 975, RMS = 0.07208
Epoca 976, RMS = 0.07208
Epoca 977, RMS = 0.07208
Epoca 978, RMS = 0.07208
Epoca 979, RMS = 0.07208
Epoca 980, RMS = 0.07208
Epoca 981, RMS = 0.07208
Epoca 982, RMS = 0.07208
Epoca 983, RMS = 0.07208
Epoca 984, RMS = 0.07208
Epoca 985, RMS = 0.07208
Epoca 986, RMS = 0.07208
Epoca 987, RMS = 0.07208
Epoca 988, RMS = 0.07207
Epoca 989, RMS = 0.07207
Epoca 990, RMS = 0.07207
Epoca 991, RMS = 0.07207
Epoca 992, RMS = 0.07207
Epoca 993, RMS = 0.07207
Epoca 994, RMS = 0.07207
Epoca 995, RMS = 0.07207
Epoca 996, RMS = 0.07207
Epoca 997, RMS = 0.07207
Epoca 998, RMS = 0.07207
Epoca 999, RMS = 0.07207
Epoca 1000, RMS = 0.07207

##################TEST##################
Z[0] = -1.00
Y_IN 3.40
T[0] = 1 Y[0] = 0.94
Y_IN 0.01
T[1] = 0 Y[1] = 0.00
Z[0] = -0.93
Y_IN 3.28
T[0] = 1 Y[0] = 0.93
Y_IN 0.15
T[1] = 0 Y[1] = 0.08
Z[0] = 1.00
Y_IN 0.03
T[0] = 0 Y[0] = 0.02
Y_IN 3.99
T[1] = 1 Y[1] = 0.96
Z[0] = -1.00
Y_IN 3.40
T[0] = 1 Y[0] = 0.94
Y_IN 0.01
T[1] = 0 Y[1] = 0.00
Z[0] = 1.00
Y_IN 0.03
T[0] = 0 Y[0] = 0.02
Y_IN 3.99
T[1] = 1 Y[1] = 0.96
Z[0] = -0.97
Y_IN 3.36
T[0] = 1 Y[0] = 0.93
Y_IN 0.06
T[1] = 0 Y[1] = 0.03
Z[0] = -1.00
Y_IN 3.40
T[0] = 1 Y[0] = 0.94
Y_IN 0.01
T[1] = 0 Y[1] = 0.01
Z[0] = -1.00
Y_IN 3.40
T[0] = 1 Y[0] = 0.94
Y_IN 0.01
T[1] = 0 Y[1] = 0.01
Z[0] = -0.99
Y_IN 3.38
T[0] = 1 Y[0] = 0.93
Y_IN 0.03
T[1] = 0 Y[1] = 0.01
Z[0] = -0.99
Y_IN 3.39
T[0] = 1 Y[0] = 0.93
Y_IN 0.02
T[1] = 0 Y[1] = 0.01
Z[0] = -0.06
Y_IN 1.82
T[0] = 0 Y[0] = 0.72
Y_IN 1.87
T[1] = 1 Y[1] = 0.73
Z[0] = -1.00
Y_IN 3.40
T[0] = 1 Y[0] = 0.94
Y_IN 0.01
T[1] = 0 Y[1] = 0.01
Z[0] = -1.00
Y_IN 3.40
T[0] = 1 Y[0] = 0.94
Y_IN 0.01
T[1] = 0 Y[1] = 0.00
Z[0] = -0.99
Y_IN 3.39
T[0] = 1 Y[0] = 0.93
Y_IN 0.02
T[1] = 0 Y[1] = 0.01
Z[0] = -1.00
Y_IN 3.40
T[0] = 1 Y[0] = 0.94
Y_IN 0.01
T[1] = 0 Y[1] = 0.01
Z[0] = 0.38
Y_IN 1.08
T[0] = 0 Y[0] = 0.49
Y_IN 2.76
T[1] = 1 Y[1] = 0.88
Z[0] = -1.00
Y_IN 3.40
T[0] = 1 Y[0] = 0.94
Y_IN 0.01
T[1] = 0 Y[1] = 0.00
Z[0] = -1.00
Y_IN 3.40
T[0] = 1 Y[0] = 0.94
Y_IN 0.01
T[1] = 0 Y[1] = 0.00
Z[0] = -0.97
Y_IN 3.35
T[0] = 1 Y[0] = 0.93
Y_IN 0.07
T[1] = 0 Y[1] = 0.04
Z[0] = 1.00
Y_IN 0.03
T[0] = 0 Y[0] = 0.02
Y_IN 3.99
T[1] = 1 Y[1] = 0.96
Z[0] = 0.99
Y_IN 0.05
T[0] = 0 Y[0] = 0.02
Y_IN 3.97
T[1] = 1 Y[1] = 0.96
Z[0] = -0.99
Y_IN 3.39
T[0] = 1 Y[0] = 0.93
Y_IN 0.02
T[1] = 0 Y[1] = 0.01
Z[0] = 1.00
Y_IN 0.03
T[0] = 0 Y[0] = 0.02
Y_IN 3.99
T[1] = 1 Y[1] = 0.96
Z[0] = -0.39
Y_IN 2.37
T[0] = 1 Y[0] = 0.83
Y_IN 1.22
T[1] = 0 Y[1] = 0.54
Z[0] = 0.71
Y_IN 0.52
T[0] = 0 Y[0] = 0.25
Y_IN 3.42
T[1] = 1 Y[1] = 0.94
Z[0] = -1.00
Y_IN 3.40
T[0] = 0 Y[0] = 0.94
Y_IN 0.01
T[1] = 1 Y[1] = 0.00
Z[0] = 1.00
Y_IN 0.03
T[0] = 0 Y[0] = 0.02
Y_IN 3.99
T[1] = 1 Y[1] = 0.96
Z[0] = 0.97
Y_IN 0.08
T[0] = 0 Y[0] = 0.04
Y_IN 3.94
T[1] = 1 Y[1] = 0.96
Z[0] = -0.99
Y_IN 3.39
T[0] = 0 Y[0] = 0.93
Y_IN 0.02
T[1] = 1 Y[1] = 0.01
Z[0] = -0.99
Y_IN 3.39
T[0] = 1 Y[0] = 0.93
Y_IN 0.02
T[1] = 0 Y[1] = 0.01
Z[0] = -1.00
Y_IN 3.40
T[0] = 1 Y[0] = 0.94
Y_IN 0.01
T[1] = 0 Y[1] = 0.00
Z[0] = -0.86
Y_IN 3.17
T[0] = 1 Y[0] = 0.92
Y_IN 0.28
T[1] = 0 Y[1] = 0.14
Z[0] = -1.00
Y_IN 3.40
T[0] = 1 Y[0] = 0.94
Y_IN 0.01
T[1] = 0 Y[1] = 0.00
Z[0] = 1.00
Y_IN 0.03
T[0] = 0 Y[0] = 0.02
Y_IN 3.99
T[1] = 1 Y[1] = 0.96
Z[0] = -0.99
Y_IN 3.39
T[0] = 1 Y[0] = 0.93
Y_IN 0.02
T[1] = 0 Y[1] = 0.01
Z[0] = 1.00
Y_IN 0.03
T[0] = 0 Y[0] = 0.02
Y_IN 3.99
T[1] = 1 Y[1] = 0.96
Z[0] = 1.00
Y_IN 0.03
T[0] = 0 Y[0] = 0.02
Y_IN 3.99
T[1] = 1 Y[1] = 0.96
Z[0] = 1.00
Y_IN 0.04
T[0] = 0 Y[0] = 0.02
Y_IN 3.99
T[1] = 1 Y[1] = 0.96
Z[0] = -0.93
Y_IN 3.28
T[0] = 1 Y[0] = 0.93
Y_IN 0.14
T[1] = 0 Y[1] = 0.07
Z[0] = -1.00
Y_IN 3.40
T[0] = 1 Y[0] = 0.94
Y_IN 0.01
T[1] = 0 Y[1] = 0.00
Z[0] = -1.00
Y_IN 3.40
T[0] = 1 Y[0] = 0.94
Y_IN 0.01
T[1] = 0 Y[1] = 0.01
Z[0] = 1.00
Y_IN 0.04
T[0] = 0 Y[0] = 0.02
Y_IN 3.98
T[1] = 1 Y[1] = 0.96
Z[0] = 1.00
Y_IN 0.03
T[0] = 0 Y[0] = 0.02
Y_IN 3.99
T[1] = 1 Y[1] = 0.96
Z[0] = -0.99
Y_IN 3.39
T[0] = 1 Y[0] = 0.93
Y_IN 0.02
T[1] = 0 Y[1] = 0.01
Z[0] = 1.00
Y_IN 0.03
T[0] = 0 Y[0] = 0.02
Y_IN 3.99
T[1] = 1 Y[1] = 0.96
Z[0] = 0.99
Y_IN 0.04
T[0] = 0 Y[0] = 0.02
Y_IN 3.98
T[1] = 1 Y[1] = 0.96
Z[0] = -1.00
Y_IN 3.40
T[0] = 1 Y[0] = 0.94
Y_IN 0.01
T[1] = 0 Y[1] = 0.00
Z[0] = -0.99
Y_IN 3.39
T[0] = 1 Y[0] = 0.93
Y_IN 0.02
T[1] = 0 Y[1] = 0.01
Z[0] = -1.00
Y_IN 3.40
T[0] = 1 Y[0] = 0.94
Y_IN 0.01
T[1] = 0 Y[1] = 0.00
Z[0] = -0.99
Y_IN 3.39
T[0] = 1 Y[0] = 0.93
Y_IN 0.02
T[1] = 0 Y[1] = 0.01
Z[0] = 0.31
Y_IN 1.19
T[0] = 1 Y[0] = 0.53
Y_IN 2.62
T[1] = 0 Y[1] = 0.86
Z[0] = -0.99
Y_IN 3.38
T[0] = 1 Y[0] = 0.93
Y_IN 0.03
T[1] = 0 Y[1] = 0.01
Z[0] = -1.00
Y_IN 3.40
T[0] = 1 Y[0] = 0.94
Y_IN 0.01
T[1] = 0 Y[1] = 0.01
Z[0] = -1.00
Y_IN 3.40
T[0] = 1 Y[0] = 0.94
Y_IN 0.01
T[1] = 0 Y[1] = 0.00
Z[0] = -0.99
Y_IN 3.39
T[0] = 1 Y[0] = 0.93
Y_IN 0.02
T[1] = 0 Y[1] = 0.01
Z[0] = 1.00
Y_IN 0.03
T[0] = 0 Y[0] = 0.02
Y_IN 3.99
T[1] = 1 Y[1] = 0.96
Z[0] = -1.00
Y_IN 3.40
T[0] = 1 Y[0] = 0.94
Y_IN 0.01
T[1] = 0 Y[1] = 0.00
Z[0] = 1.00
Y_IN 0.03
T[0] = 0 Y[0] = 0.02
Y_IN 3.99
T[1] = 1 Y[1] = 0.96
Z[0] = -0.99
Y_IN 3.38
T[0] = 1 Y[0] = 0.93
Y_IN 0.03
T[1] = 0 Y[1] = 0.02
Z[0] = -0.93
Y_IN 3.28
T[0] = 1 Y[0] = 0.93
Y_IN 0.15
T[1] = 0 Y[1] = 0.07
Z[0] = 1.00
Y_IN 0.03
T[0] = 0 Y[0] = 0.02
Y_IN 3.99
T[1] = 1 Y[1] = 0.96
Z[0] = 0.87
Y_IN 0.25
T[0] = 0 Y[0] = 0.13
Y_IN 3.73
T[1] = 1 Y[1] = 0.95
Z[0] = -0.24
Y_IN 2.13
T[0] = 1 Y[0] = 0.79
Y_IN 1.51
T[1] = 0 Y[1] = 0.64
Z[0] = 0.98
Y_IN 0.07
T[0] = 0 Y[0] = 0.03
Y_IN 3.95
T[1] = 1 Y[1] = 0.96
Z[0] = -1.00
Y_IN 3.40
T[0] = 1 Y[0] = 0.94
Y_IN 0.01
T[1] = 0 Y[1] = 0.01
Z[0] = 1.00
Y_IN 0.03
T[0] = 0 Y[0] = 0.02
Y_IN 3.99
T[1] = 1 Y[1] = 0.96
Z[0] = 1.00
Y_IN 0.03
T[0] = 0 Y[0] = 0.02
Y_IN 3.99
T[1] = 1 Y[1] = 0.96
Z[0] = -0.99
Y_IN 3.38
T[0] = 1 Y[0] = 0.93
Y_IN 0.03
T[1] = 0 Y[1] = 0.01
Z[0] = -0.99
Y_IN 3.39
T[0] = 1 Y[0] = 0.93
Y_IN 0.02
T[1] = 0 Y[1] = 0.01
Z[0] = -0.97
Y_IN 3.35
T[0] = 1 Y[0] = 0.93
Y_IN 0.06
T[1] = 0 Y[1] = 0.03
Z[0] = 1.00
Y_IN 0.03
T[0] = 0 Y[0] = 0.02
Y_IN 3.99
T[1] = 1 Y[1] = 0.96
Z[0] = -1.00
Y_IN 3.40
T[0] = 1 Y[0] = 0.94
Y_IN 0.01
T[1] = 0 Y[1] = 0.01
Z[0] = 1.00
Y_IN 0.03
T[0] = 0 Y[0] = 0.02
Y_IN 3.99
T[1] = 1 Y[1] = 0.96
Z[0] = 0.98
Y_IN 0.07
T[0] = 0 Y[0] = 0.03
Y_IN 3.95
T[1] = 1 Y[1] = 0.96
Z[0] = -1.00
Y_IN 3.40
T[0] = 1 Y[0] = 0.94
Y_IN 0.01
T[1] = 0 Y[1] = 0.01
Z[0] = -0.99
Y_IN 3.39
T[0] = 1 Y[0] = 0.93
Y_IN 0.02
T[1] = 0 Y[1] = 0.01
Z[0] = -1.00
Y_IN 3.40
T[0] = 1 Y[0] = 0.94
Y_IN 0.01
T[1] = 0 Y[1] = 0.00
Z[0] = -1.00
Y_IN 3.40
T[0] = 1 Y[0] = 0.94
Y_IN 0.01
T[1] = 0 Y[1] = 0.00
Z[0] = -0.99
Y_IN 3.39
T[0] = 1 Y[0] = 0.93
Y_IN 0.02
T[1] = 0 Y[1] = 0.01
Z[0] = -1.00
Y_IN 3.40
T[0] = 1 Y[0] = 0.94
Y_IN 0.01
T[1] = 0 Y[1] = 0.00
Z[0] = 0.98
Y_IN 0.07
T[0] = 0 Y[0] = 0.03
Y_IN 3.95
T[1] = 1 Y[1] = 0.96
Z[0] = 1.00
Y_IN 0.03
T[0] = 0 Y[0] = 0.02
Y_IN 3.99
T[1] = 1 Y[1] = 0.96
Z[0] = 0.96
Y_IN 0.11
T[0] = 0 Y[0] = 0.05
Y_IN 3.90
T[1] = 1 Y[1] = 0.96
Z[0] = -1.00
Y_IN 3.40
T[0] = 1 Y[0] = 0.94
Y_IN 0.01
T[1] = 0 Y[1] = 0.00
Z[0] = -1.00
Y_IN 3.40
T[0] = 1 Y[0] = 0.94
Y_IN 0.01
T[1] = 0 Y[1] = 0.00
Z[0] = 0.89
Y_IN 0.22
T[0] = 0 Y[0] = 0.11
Y_IN 3.77
T[1] = 1 Y[1] = 0.95
Z[0] = 1.00
Y_IN 0.03
T[0] = 0 Y[0] = 0.02
Y_IN 3.99
T[1] = 1 Y[1] = 0.96
Z[0] = -1.00
Y_IN 3.40
T[0] = 1 Y[0] = 0.94
Y_IN 0.01
T[1] = 0 Y[1] = 0.01
Z[0] = -1.00
Y_IN 3.40
T[0] = 1 Y[0] = 0.94
Y_IN 0.01
T[1] = 0 Y[1] = 0.01
Z[0] = -0.99
Y_IN 3.39
T[0] = 1 Y[0] = 0.93
Y_IN 0.02
T[1] = 0 Y[1] = 0.01
Z[0] = 1.00
Y_IN 0.03
T[0] = 0 Y[0] = 0.02
Y_IN 3.99
T[1] = 1 Y[1] = 0.96
Z[0] = 1.00
Y_IN 0.03
T[0] = 0 Y[0] = 0.02
Y_IN 3.99
T[1] = 1 Y[1] = 0.96
Z[0] = -1.00
Y_IN 3.40
T[0] = 1 Y[0] = 0.94
Y_IN 0.01
T[1] = 0 Y[1] = 0.00
Z[0] = 0.98
Y_IN 0.06
T[0] = 0 Y[0] = 0.03
Y_IN 3.96
T[1] = 1 Y[1] = 0.96
Z[0] = 1.00
Y_IN 0.03
T[0] = 0 Y[0] = 0.02
Y_IN 3.99
T[1] = 1 Y[1] = 0.96
Z[0] = -1.00
Y_IN 3.39
T[0] = 1 Y[0] = 0.94
Y_IN 0.01
T[1] = 0 Y[1] = 0.01
Z[0] = -0.99
Y_IN 3.39
T[0] = 1 Y[0] = 0.93
Y_IN 0.02
T[1] = 0 Y[1] = 0.01
Z[0] = -1.00
Y_IN 3.40
T[0] = 1 Y[0] = 0.94
Y_IN 0.01
T[1] = 0 Y[1] = 0.01
Z[0] = 1.00
Y_IN 0.03
T[0] = 0 Y[0] = 0.02
Y_IN 3.99
T[1] = 1 Y[1] = 0.96
Z[0] = -0.97
Y_IN 3.35
T[0] = 1 Y[0] = 0.93
Y_IN 0.06
T[1] = 0 Y[1] = 0.03
Z[0] = -1.00
Y_IN 3.40
T[0] = 1 Y[0] = 0.94
Y_IN 0.01
T[1] = 0 Y[1] = 0.00
Z[0] = -1.00
Y_IN 3.40
T[0] = 1 Y[0] = 0.94
Y_IN 0.01
T[1] = 0 Y[1] = 0.00
Z[0] = -1.00
Y_IN 3.40
T[0] = 1 Y[0] = 0.94
Y_IN 0.01
T[1] = 0 Y[1] = 0.01
Z[0] = 1.00
Y_IN 0.03
T[0] = 0 Y[0] = 0.02
Y_IN 3.99
T[1] = 1 Y[1] = 0.96
Z[0] = 1.00
Y_IN 0.03
T[0] = 0 Y[0] = 0.02
Y_IN 3.99
T[1] = 1 Y[1] = 0.96
Z[0] = -1.00
Y_IN 3.40
T[0] = 1 Y[0] = 0.94
Y_IN 0.01
T[1] = 0 Y[1] = 0.00
Z[0] = -1.00
Y_IN 3.40
T[0] = 1 Y[0] = 0.94
Y_IN 0.01
T[1] = 0 Y[1] = 0.00
Z[0] = -0.99
Y_IN 3.39
T[0] = 1 Y[0] = 0.93
Y_IN 0.02
T[1] = 0 Y[1] = 0.01
Z[0] = -1.00
Y_IN 3.40
T[0] = 1 Y[0] = 0.94
Y_IN 0.01
T[1] = 0 Y[1] = 0.00
Z[0] = -1.00
Y_IN 3.40
T[0] = 1 Y[0] = 0.94
Y_IN 0.01
T[1] = 0 Y[1] = 0.00
Z[0] = 1.00
Y_IN 0.03
T[0] = 0 Y[0] = 0.02
Y_IN 3.99
T[1] = 1 Y[1] = 0.96
Z[0] = -0.91
Y_IN 3.25
T[0] = 1 Y[0] = 0.93
Y_IN 0.19
T[1] = 0 Y[1] = 0.09
Z[0] = -1.00
Y_IN 3.40
T[0] = 1 Y[0] = 0.94
Y_IN 0.01
T[1] = 0 Y[1] = 0.00
Z[0] = -1.00
Y_IN 3.40
T[0] = 1 Y[0] = 0.94
Y_IN 0.01
T[1] = 0 Y[1] = 0.01
Z[0] = -1.00
Y_IN 3.40
T[0] = 1 Y[0] = 0.94
Y_IN 0.01
T[1] = 0 Y[1] = 0.01
Z[0] = -1.00
Y_IN 3.40
T[0] = 1 Y[0] = 0.94
Y_IN 0.01
T[1] = 0 Y[1] = 0.00
Z[0] = -0.94
Y_IN 3.30
T[0] = 1 Y[0] = 0.93
Y_IN 0.12
T[1] = 0 Y[1] = 0.06
Z[0] = -0.99
Y_IN 3.39
T[0] = 1 Y[0] = 0.93
Y_IN 0.02
T[1] = 0 Y[1] = 0.01
Z[0] = -1.00
Y_IN 3.40
T[0] = 1 Y[0] = 0.94
Y_IN 0.01
T[1] = 0 Y[1] = 0.01
Z[0] = -1.00
Y_IN 3.40
T[0] = 1 Y[0] = 0.94
Y_IN 0.01
T[1] = 0 Y[1] = 0.00
Z[0] = -1.00
Y_IN 3.40
T[0] = 1 Y[0] = 0.94
Y_IN 0.01
T[1] = 0 Y[1] = 0.00
Z[0] = -0.99
Y_IN 3.38
T[0] = 1 Y[0] = 0.93
Y_IN 0.03
T[1] = 0 Y[1] = 0.01
Z[0] = -1.00
Y_IN 3.40
T[0] = 1 Y[0] = 0.94
Y_IN 0.01
T[1] = 0 Y[1] = 0.01
Z[0] = -1.00
Y_IN 3.40
T[0] = 1 Y[0] = 0.94
Y_IN 0.01
T[1] = 0 Y[1] = 0.00
Z[0] = -1.00
Y_IN 3.40
T[0] = 1 Y[0] = 0.94
Y_IN 0.01
T[1] = 0 Y[1] = 0.00
Z[0] = -1.00
Y_IN 3.40
T[0] = 1 Y[0] = 0.94
Y_IN 0.01
T[1] = 0 Y[1] = 0.00
Z[0] = -0.99
Y_IN 3.39
T[0] = 1 Y[0] = 0.93
Y_IN 0.02
T[1] = 0 Y[1] = 0.01
Z[0] = -1.00
Y_IN 3.40
T[0] = 1 Y[0] = 0.94
Y_IN 0.01
T[1] = 0 Y[1] = 0.00
Z[0] = 1.00
Y_IN 0.03
T[0] = 0 Y[0] = 0.02
Y_IN 3.99
T[1] = 1 Y[1] = 0.96
Z[0] = -1.00
Y_IN 3.40
T[0] = 1 Y[0] = 0.94
Y_IN 0.01
T[1] = 0 Y[1] = 0.01
Z[0] = -1.00
Y_IN 3.39
T[0] = 1 Y[0] = 0.94
Y_IN 0.01
T[1] = 0 Y[1] = 0.01
Z[0] = -1.00
Y_IN 3.40
T[0] = 1 Y[0] = 0.94
Y_IN 0.01
T[1] = 0 Y[1] = 0.01
Z[0] = 1.00
Y_IN 0.03
T[0] = 0 Y[0] = 0.02
Y_IN 3.99
T[1] = 1 Y[1] = 0.96
Z[0] = -0.99
Y_IN 3.38
T[0] = 1 Y[0] = 0.93
Y_IN 0.03
T[1] = 0 Y[1] = 0.01
Z[0] = 1.00
Y_IN 0.04
T[0] = 0 Y[0] = 0.02
Y_IN 3.98
T[1] = 1 Y[1] = 0.96
Z[0] = -1.00
Y_IN 3.40
T[0] = 1 Y[0] = 0.94
Y_IN 0.01
T[1] = 0 Y[1] = 0.00
Z[0] = 1.00
Y_IN 0.03
T[0] = 0 Y[0] = 0.02
Y_IN 3.99
T[1] = 1 Y[1] = 0.96
Z[0] = 1.00
Y_IN 0.03
T[0] = 1 Y[0] = 0.02
Y_IN 3.99
T[1] = 0 Y[1] = 0.96
Z[0] = 0.03
Y_IN 1.67
T[0] = 0 Y[0] = 0.68
Y_IN 2.05
T[1] = 1 Y[1] = 0.77
Z[0] = -1.00
Y_IN 3.40
T[0] = 1 Y[0] = 0.94
Y_IN 0.01
T[1] = 0 Y[1] = 0.00
Z[0] = -1.00
Y_IN 3.40
T[0] = 1 Y[0] = 0.94
Y_IN 0.01
T[1] = 0 Y[1] = 0.00
Z[0] = -1.00
Y_IN 3.40
T[0] = 1 Y[0] = 0.94
Y_IN 0.01
T[1] = 0 Y[1] = 0.00
Z[0] = -0.99
Y_IN 3.38
T[0] = 1 Y[0] = 0.93
Y_IN 0.03
T[1] = 0 Y[1] = 0.01
Z[0] = -1.00
Y_IN 3.40
T[0] = 1 Y[0] = 0.94
Y_IN 0.01
T[1] = 0 Y[1] = 0.01
Z[0] = -1.00
Y_IN 3.40
T[0] = 1 Y[0] = 0.94
Y_IN 0.01
T[1] = 0 Y[1] = 0.01
Z[0] = -1.00
Y_IN 3.40
T[0] = 1 Y[0] = 0.94
Y_IN 0.01
T[1] = 0 Y[1] = 0.00
Z[0] = -0.99
Y_IN 3.39
T[0] = 1 Y[0] = 0.93
Y_IN 0.02
T[1] = 0 Y[1] = 0.01
Z[0] = -0.97
Y_IN 3.36
T[0] = 1 Y[0] = 0.93
Y_IN 0.06
T[1] = 0 Y[1] = 0.03
Z[0] = 1.00
Y_IN 0.03
T[0] = 0 Y[0] = 0.02
Y_IN 3.99
T[1] = 1 Y[1] = 0.96
Z[0] = -0.98
Y_IN 3.38
T[0] = 1 Y[0] = 0.93
Y_IN 0.04
T[1] = 0 Y[1] = 0.02
Z[0] = -1.00
Y_IN 3.40
T[0] = 1 Y[0] = 0.94
Y_IN 0.01
T[1] = 0 Y[1] = 0.00
Z[0] = 0.86
Y_IN 0.26
T[0] = 0 Y[0] = 0.13
Y_IN 3.72
T[1] = 1 Y[1] = 0.95
Z[0] = -1.00
Y_IN 3.40
T[0] = 1 Y[0] = 0.94
Y_IN 0.01
T[1] = 0 Y[1] = 0.00
Z[0] = -0.99
Y_IN 3.38
T[0] = 1 Y[0] = 0.93
Y_IN 0.03
T[1] = 0 Y[1] = 0.01
Z[0] = -0.99
Y_IN 3.38
T[0] = 1 Y[0] = 0.93
Y_IN 0.03
T[1] = 0 Y[1] = 0.02
Z[0] = -1.00
Y_IN 3.40
T[0] = 1 Y[0] = 0.94
Y_IN 0.01
T[1] = 0 Y[1] = 0.01
Z[0] = -1.00
Y_IN 3.40
T[0] = 1 Y[0] = 0.94
Y_IN 0.01
T[1] = 0 Y[1] = 0.00
Z[0] = -1.00
Y_IN 3.40
T[0] = 1 Y[0] = 0.94
Y_IN 0.01
T[1] = 0 Y[1] = 0.01
Z[0] = -1.00
Y_IN 3.40
T[0] = 1 Y[0] = 0.94
Y_IN 0.01
T[1] = 0 Y[1] = 0.00
Z[0] = 1.00
Y_IN 0.03
T[0] = 0 Y[0] = 0.02
Y_IN 3.99
T[1] = 1 Y[1] = 0.96
Z[0] = -1.00
Y_IN 3.40
T[0] = 1 Y[0] = 0.94
Y_IN 0.01
T[1] = 0 Y[1] = 0.00
Z[0] = 0.98
Y_IN 0.06
T[0] = 0 Y[0] = 0.03
Y_IN 3.96
T[1] = 1 Y[1] = 0.96
Z[0] = -0.98
Y_IN 3.37
T[0] = 1 Y[0] = 0.93
Y_IN 0.04
T[1] = 0 Y[1] = 0.02
Z[0] = 1.00
Y_IN 0.03
T[0] = 0 Y[0] = 0.02
Y_IN 3.99
T[1] = 1 Y[1] = 0.96
Z[0] = -1.00
Y_IN 3.40
T[0] = 1 Y[0] = 0.94
Y_IN 0.01
T[1] = 0 Y[1] = 0.01
Z[0] = 1.00
Y_IN 0.03
T[0] = 0 Y[0] = 0.02
Y_IN 3.99
T[1] = 1 Y[1] = 0.96
Z[0] = -0.99
Y_IN 3.39
T[0] = 1 Y[0] = 0.93
Y_IN 0.02
T[1] = 0 Y[1] = 0.01
Z[0] = 1.00
Y_IN 0.03
T[0] = 0 Y[0] = 0.02
Y_IN 3.99
T[1] = 1 Y[1] = 0.96
Z[0] = -1.00
Y_IN 3.40
T[0] = 1 Y[0] = 0.94
Y_IN 0.01
T[1] = 0 Y[1] = 0.00
Z[0] = -1.00
Y_IN 3.40
T[0] = 1 Y[0] = 0.94
Y_IN 0.01
T[1] = 0 Y[1] = 0.01
Z[0] = -0.99
Y_IN 3.38
T[0] = 1 Y[0] = 0.93
Y_IN 0.03
T[1] = 0 Y[1] = 0.01
Z[0] = -1.00
Y_IN 3.40
T[0] = 1 Y[0] = 0.94
Y_IN 0.01
T[1] = 0 Y[1] = 0.01
Z[0] = -1.00
Y_IN 3.40
T[0] = 1 Y[0] = 0.94
Y_IN 0.01
T[1] = 0 Y[1] = 0.00
Z[0] = -0.98
Y_IN 3.36
T[0] = 1 Y[0] = 0.93
Y_IN 0.05
T[1] = 0 Y[1] = 0.02
Z[0] = -1.00
Y_IN 3.40
T[0] = 1 Y[0] = 0.94
Y_IN 0.01
T[1] = 0 Y[1] = 0.00
Z[0] = 1.00
Y_IN 0.03
T[0] = 0 Y[0] = 0.02
Y_IN 3.99
T[1] = 1 Y[1] = 0.96
Z[0] = -0.98
Y_IN 3.37
T[0] = 1 Y[0] = 0.93
Y_IN 0.04
T[1] = 0 Y[1] = 0.02
Z[0] = -1.00
Y_IN 3.40
T[0] = 1 Y[0] = 0.94
Y_IN 0.01
T[1] = 0 Y[1] = 0.01
Z[0] = -1.00
Y_IN 3.40
T[0] = 1 Y[0] = 0.94
Y_IN 0.01
T[1] = 0 Y[1] = 0.00
Z[0] = -0.99
Y_IN 3.38
T[0] = 1 Y[0] = 0.93
Y_IN 0.03
T[1] = 0 Y[1] = 0.01
Z[0] = -1.00
Y_IN 3.40
T[0] = 1 Y[0] = 0.94
Y_IN 0.01
T[1] = 0 Y[1] = 0.01
Z[0] = -1.00
Y_IN 3.39
T[0] = 1 Y[0] = 0.94
Y_IN 0.01
T[1] = 0 Y[1] = 0.01
Z[0] = -0.59
Y_IN 2.72
T[0] = 0 Y[0] = 0.88
Y_IN 0.81
T[1] = 1 Y[1] = 0.39
Z[0] = -0.75
Y_IN 2.98
T[0] = 1 Y[0] = 0.90
Y_IN 0.51
T[1] = 0 Y[1] = 0.25
Z[0] = -1.00
Y_IN 3.40
T[0] = 1 Y[0] = 0.94
Y_IN 0.01
T[1] = 0 Y[1] = 0.00
Z[0] = 1.00
Y_IN 0.03
T[0] = 0 Y[0] = 0.02
Y_IN 3.99
T[1] = 1 Y[1] = 0.96
Z[0] = -1.00
Y_IN 3.40
T[0] = 1 Y[0] = 0.94
Y_IN 0.01
T[1] = 0 Y[1] = 0.00
Z[0] = -1.00
Y_IN 3.40
T[0] = 1 Y[0] = 0.94
Y_IN 0.01
T[1] = 0 Y[1] = 0.00
Z[0] = -0.99
Y_IN 3.39
T[0] = 1 Y[0] = 0.93
Y_IN 0.02
T[1] = 0 Y[1] = 0.01
Z[0] = -1.00
Y_IN 3.40
T[0] = 1 Y[0] = 0.94
Y_IN 0.01
T[1] = 0 Y[1] = 0.01
Z[0] = -0.25
Y_IN 2.14
T[0] = 1 Y[0] = 0.79
Y_IN 1.50
T[1] = 0 Y[1] = 0.64
Z[0] = -1.00
Y_IN 3.40
T[0] = 1 Y[0] = 0.94
Y_IN 0.01
T[1] = 0 Y[1] = 0.00
Z[0] = 1.00
Y_IN 0.03
T[0] = 0 Y[0] = 0.02
Y_IN 3.99
T[1] = 1 Y[1] = 0.96
Z[0] = -1.00
Y_IN 3.40
T[0] = 1 Y[0] = 0.94
Y_IN 0.01
T[1] = 0 Y[1] = 0.01
Z[0] = 0.84
Y_IN 0.30
T[0] = 0 Y[0] = 0.15
Y_IN 3.68
T[1] = 1 Y[1] = 0.95
Z[0] = 0.96
Y_IN 0.10
T[0] = 1 Y[0] = 0.05
Y_IN 3.91
T[1] = 0 Y[1] = 0.96
Z[0] = -0.99
Y_IN 3.39
T[0] = 1 Y[0] = 0.93
Y_IN 0.02
T[1] = 0 Y[1] = 0.01
Z[0] = -0.99
Y_IN 3.38
T[0] = 1 Y[0] = 0.93
Y_IN 0.03
T[1] = 0 Y[1] = 0.01
Z[0] = -1.00
Y_IN 3.40
T[0] = 1 Y[0] = 0.94
Y_IN 0.01
T[1] = 0 Y[1] = 0.00
Z[0] = -1.00
Y_IN 3.40
T[0] = 1 Y[0] = 0.94
Y_IN 0.01
T[1] = 0 Y[1] = 0.00
Z[0] = -0.99
Y_IN 3.39
T[0] = 1 Y[0] = 0.93
Y_IN 0.02
T[1] = 0 Y[1] = 0.01
Z[0] = 1.00
Y_IN 0.03
T[0] = 0 Y[0] = 0.02
Y_IN 3.99
T[1] = 1 Y[1] = 0.96
Z[0] = -1.00
Y_IN 3.40
T[0] = 1 Y[0] = 0.94
Y_IN 0.01
T[1] = 0 Y[1] = 0.00
Z[0] = -0.99
Y_IN 3.39
T[0] = 1 Y[0] = 0.93
Y_IN 0.02
T[1] = 0 Y[1] = 0.01
Z[0] = -1.00
Y_IN 3.40
T[0] = 1 Y[0] = 0.94
Y_IN 0.01
T[1] = 0 Y[1] = 0.00
Z[0] = -1.00
Y_IN 3.40
T[0] = 1 Y[0] = 0.94
Y_IN 0.01
T[1] = 0 Y[1] = 0.00
Z[0] = -0.98
Y_IN 3.36
T[0] = 1 Y[0] = 0.93
Y_IN 0.05
T[1] = 0 Y[1] = 0.03
Z[0] = -0.95
Y_IN 3.32
T[0] = 1 Y[0] = 0.93
Y_IN 0.10
T[1] = 0 Y[1] = 0.05
Z[0] = -1.00
Y_IN 3.40
T[0] = 1 Y[0] = 0.94
Y_IN 0.01
T[1] = 0 Y[1] = 0.00
Z[0] = 1.00
Y_IN 0.04
T[0] = 0 Y[0] = 0.02
Y_IN 3.99
T[1] = 1 Y[1] = 0.96
Z[0] = -1.00
Y_IN 3.40
T[0] = 1 Y[0] = 0.94
Y_IN 0.01
T[1] = 0 Y[1] = 0.01
Z[0] = -0.99
Y_IN 3.39
T[0] = 1 Y[0] = 0.93
Y_IN 0.02
T[1] = 0 Y[1] = 0.01
Z[0] = -1.00
Y_IN 3.39
T[0] = 1 Y[0] = 0.94
Y_IN 0.01
T[1] = 0 Y[1] = 0.01
Z[0] = 1.00
Y_IN 0.03
T[0] = 0 Y[0] = 0.02
Y_IN 3.99
T[1] = 1 Y[1] = 0.96
Z[0] = 1.00
Y_IN 0.03
T[0] = 0 Y[0] = 0.02
Y_IN 3.99
T[1] = 1 Y[1] = 0.96
Z[0] = -1.00
Y_IN 3.40
T[0] = 1 Y[0] = 0.94
Y_IN 0.01
T[1] = 0 Y[1] = 0.00
Z[0] = -1.00
Y_IN 3.40
T[0] = 1 Y[0] = 0.94
Y_IN 0.01
T[1] = 0 Y[1] = 0.00
Z[0] = -1.00
Y_IN 3.40
T[0] = 1 Y[0] = 0.94
Y_IN 0.01
T[1] = 0 Y[1] = 0.00
Z[0] = -1.00
Y_IN 3.40
T[0] = 1 Y[0] = 0.94
Y_IN 0.01
T[1] = 0 Y[1] = 0.00
Z[0] = -0.98
Y_IN 3.37
T[0] = 1 Y[0] = 0.93
Y_IN 0.04
T[1] = 0 Y[1] = 0.02
Z[0] = -0.49
Y_IN 2.55
T[0] = 0 Y[0] = 0.85
Y_IN 1.02
T[1] = 1 Y[1] = 0.47
Z[0] = -0.99
Y_IN 3.39
T[0] = 1 Y[0] = 0.93
Y_IN 0.02
T[1] = 0 Y[1] = 0.01
Z[0] = -0.99
Y_IN 3.39
T[0] = 1 Y[0] = 0.93
Y_IN 0.02
T[1] = 0 Y[1] = 0.01
Z[0] = -1.00
Y_IN 3.39
T[0] = 1 Y[0] = 0.94
Y_IN 0.02
T[1] = 0 Y[1] = 0.01
Z[0] = -0.99
Y_IN 3.39
T[0] = 1 Y[0] = 0.93
Y_IN 0.02
T[1] = 0 Y[1] = 0.01
Z[0] = -1.00
Y_IN 3.40
T[0] = 1 Y[0] = 0.94
Y_IN 0.01
T[1] = 0 Y[1] = 0.01
Z[0] = -1.00
Y_IN 3.40
T[0] = 1 Y[0] = 0.94
Y_IN 0.01
T[1] = 0 Y[1] = 0.00
Z[0] = -1.00
Y_IN 3.40
T[0] = 1 Y[0] = 0.94
Y_IN 0.01
T[1] = 0 Y[1] = 0.00
Z[0] = -1.00
Y_IN 3.40
T[0] = 1 Y[0] = 0.94
Y_IN 0.01
T[1] = 0 Y[1] = 0.00
Z[0] = 0.99
Y_IN 0.06
T[0] = 0 Y[0] = 0.03
Y_IN 3.96
T[1] = 1 Y[1] = 0.96
Z[0] = -1.00
Y_IN 3.40
T[0] = 1 Y[0] = 0.94
Y_IN 0.01
T[1] = 0 Y[1] = 0.00
Z[0] = 1.00
Y_IN 0.03
T[0] = 0 Y[0] = 0.02
Y_IN 3.99
T[1] = 1 Y[1] = 0.96
Z[0] = -1.00
Y_IN 3.40
T[0] = 1 Y[0] = 0.94
Y_IN 0.01
T[1] = 0 Y[1] = 0.01
Z[0] = 1.00
Y_IN 0.03
T[0] = 0 Y[0] = 0.02
Y_IN 3.99
T[1] = 1 Y[1] = 0.96
Z[0] = -1.00
Y_IN 3.40
T[0] = 1 Y[0] = 0.94
Y_IN 0.01
T[1] = 0 Y[1] = 0.00
Z[0] = -0.99
Y_IN 3.39
T[0] = 1 Y[0] = 0.93
Y_IN 0.02
T[1] = 0 Y[1] = 0.01
Z[0] = -0.99
Y_IN 3.39
T[0] = 1 Y[0] = 0.93
Y_IN 0.02
T[1] = 0 Y[1] = 0.01
Z[0] = -1.00
Y_IN 3.40
T[0] = 1 Y[0] = 0.94
Y_IN 0.01
T[1] = 0 Y[1] = 0.01
Z[0] = -1.00
Y_IN 3.40
T[0] = 1 Y[0] = 0.94
Y_IN 0.01
T[1] = 0 Y[1] = 0.01
Z[0] = -1.00
Y_IN 3.40
T[0] = 1 Y[0] = 0.94
Y_IN 0.01
T[1] = 0 Y[1] = 0.00
Z[0] = 1.00
Y_IN 0.04
T[0] = 0 Y[0] = 0.02
Y_IN 3.98
T[1] = 1 Y[1] = 0.96
Z[0] = -0.53
Y_IN 2.62
T[0] = 1 Y[0] = 0.86
Y_IN 0.93
T[1] = 0 Y[1] = 0.44
Z[0] = -0.99
Y_IN 3.38
T[0] = 1 Y[0] = 0.93
Y_IN 0.03
T[1] = 0 Y[1] = 0.01
Z[0] = 1.00
Y_IN 0.03
T[0] = 0 Y[0] = 0.02
Y_IN 3.99
T[1] = 1 Y[1] = 0.96
Z[0] = 0.99
Y_IN 0.04
T[0] = 0 Y[0] = 0.02
Y_IN 3.98
T[1] = 1 Y[1] = 0.96
Z[0] = -0.98
Y_IN 3.37
T[0] = 1 Y[0] = 0.93
Y_IN 0.04
T[1] = 0 Y[1] = 0.02
Z[0] = -0.99
Y_IN 3.39
T[0] = 1 Y[0] = 0.93
Y_IN 0.02
T[1] = 0 Y[1] = 0.01
Z[0] = 0.09
Y_IN 1.57
T[0] = 0 Y[0] = 0.66
Y_IN 2.17
T[1] = 1 Y[1] = 0.80
Z[0] = 1.00
Y_IN 0.04
T[0] = 0 Y[0] = 0.02
Y_IN 3.98
T[1] = 1 Y[1] = 0.96
Z[0] = -1.00
Y_IN 3.40
T[0] = 1 Y[0] = 0.94
Y_IN 0.01
T[1] = 0 Y[1] = 0.00
Z[0] = 0.86
Y_IN 0.26
T[0] = 1 Y[0] = 0.13
Y_IN 3.72
T[1] = 0 Y[1] = 0.95
Z[0] = -1.00
Y_IN 3.40
T[0] = 1 Y[0] = 0.94
Y_IN 0.01
T[1] = 0 Y[1] = 0.01
Z[0] = -1.00
Y_IN 3.40
T[0] = 1 Y[0] = 0.94
Y_IN 0.01
T[1] = 0 Y[1] = 0.00
Z[0] = 1.00
Y_IN 0.04
T[0] = 0 Y[0] = 0.02
Y_IN 3.98
T[1] = 1 Y[1] = 0.96
Z[0] = -1.00
Y_IN 3.40
T[0] = 1 Y[0] = 0.94
Y_IN 0.01
T[1] = 0 Y[1] = 0.00
Z[0] = -1.00
Y_IN 3.40
T[0] = 1 Y[0] = 0.94
Y_IN 0.01
T[1] = 0 Y[1] = 0.00
Z[0] = -1.00
Y_IN 3.40
T[0] = 1 Y[0] = 0.94
Y_IN 0.01
T[1] = 0 Y[1] = 0.01
Z[0] = 1.00
Y_IN 0.03
T[0] = 0 Y[0] = 0.02
Y_IN 3.99
T[1] = 1 Y[1] = 0.96
Z[0] = 1.00
Y_IN 0.03
T[0] = 0 Y[0] = 0.02
Y_IN 3.99
T[1] = 1 Y[1] = 0.96
Z[0] = -1.00
Y_IN 3.40
T[0] = 1 Y[0] = 0.94
Y_IN 0.01
T[1] = 0 Y[1] = 0.00
Z[0] = -0.97
Y_IN 3.35
T[0] = 1 Y[0] = 0.93
Y_IN 0.07
T[1] = 0 Y[1] = 0.03
Z[0] = 1.00
Y_IN 0.03
T[0] = 0 Y[0] = 0.02
Y_IN 3.99
T[1] = 1 Y[1] = 0.96
Z[0] = 0.99
Y_IN 0.05
T[0] = 1 Y[0] = 0.02
Y_IN 3.97
T[1] = 0 Y[1] = 0.96
Z[0] = -0.99
Y_IN 3.39
T[0] = 1 Y[0] = 0.93
Y_IN 0.02
T[1] = 0 Y[1] = 0.01
Z[0] = -1.00
Y_IN 3.40
T[0] = 1 Y[0] = 0.94
Y_IN 0.01
T[1] = 0 Y[1] = 0.00
Z[0] = -0.36
Y_IN 2.32
T[0] = 0 Y[0] = 0.82
Y_IN 1.28
T[1] = 1 Y[1] = 0.56
Z[0] = 0.40
Y_IN 1.04
T[0] = 0 Y[0] = 0.48
Y_IN 2.80
T[1] = 1 Y[1] = 0.89
Z[0] = 1.00
Y_IN 0.03
T[0] = 0 Y[0] = 0.02
Y_IN 3.99
T[1] = 1 Y[1] = 0.96
Z[0] = 1.00
Y_IN 0.03
T[0] = 0 Y[0] = 0.02
Y_IN 3.99
T[1] = 1 Y[1] = 0.96
Z[0] = -0.99
Y_IN 3.38
T[0] = 1 Y[0] = 0.93
Y_IN 0.03
T[1] = 0 Y[1] = 0.01
Z[0] = -0.20
Y_IN 2.06
T[0] = 0 Y[0] = 0.77
Y_IN 1.60
T[1] = 1 Y[1] = 0.66
Z[0] = 1.00
Y_IN 0.03
T[0] = 0 Y[0] = 0.02
Y_IN 3.99
T[1] = 1 Y[1] = 0.96
Z[0] = 0.80
Y_IN 0.37
T[0] = 0 Y[0] = 0.18
Y_IN 3.59
T[1] = 1 Y[1] = 0.95
Z[0] = -0.99
Y_IN 3.39
T[0] = 1 Y[0] = 0.93
Y_IN 0.02
T[1] = 0 Y[1] = 0.01
Z[0] = -1.00
Y_IN 3.40
T[0] = 1 Y[0] = 0.94
Y_IN 0.01
T[1] = 0 Y[1] = 0.00
Z[0] = -1.00
Y_IN 3.40
T[0] = 1 Y[0] = 0.94
Y_IN 0.01
T[1] = 0 Y[1] = 0.00
Z[0] = -0.68
Y_IN 2.86
T[0] = 0 Y[0] = 0.89
Y_IN 0.65
T[1] = 1 Y[1] = 0.31
Z[0] = 1.00
Y_IN 0.03
T[0] = 0 Y[0] = 0.02
Y_IN 3.99
T[1] = 1 Y[1] = 0.96
Z[0] = 0.99
Y_IN 0.05
T[0] = 0 Y[0] = 0.02
Y_IN 3.97
T[1] = 1 Y[1] = 0.96
Z[0] = -1.00
Y_IN 3.40
T[0] = 1 Y[0] = 0.94
Y_IN 0.01
T[1] = 0 Y[1] = 0.00
Z[0] = 1.00
Y_IN 0.03
T[0] = 0 Y[0] = 0.02
Y_IN 3.99
T[1] = 1 Y[1] = 0.96
Z[0] = 1.00
Y_IN 0.04
T[0] = 0 Y[0] = 0.02
Y_IN 3.99
T[1] = 1 Y[1] = 0.96
Z[0] = -1.00
Y_IN 3.40
T[0] = 1 Y[0] = 0.94
Y_IN 0.01
T[1] = 0 Y[1] = 0.00
Z[0] = -1.00
Y_IN 3.40
T[0] = 1 Y[0] = 0.94
Y_IN 0.01
T[1] = 0 Y[1] = 0.00
Z[0] = 1.00
Y_IN 0.03
T[0] = 0 Y[0] = 0.02
Y_IN 3.99
T[1] = 1 Y[1] = 0.96
Z[0] = -1.00
Y_IN 3.40
T[0] = 1 Y[0] = 0.94
Y_IN 0.01
T[1] = 0 Y[1] = 0.01
Z[0] = 0.89
Y_IN 0.23
T[0] = 0 Y[0] = 0.11
Y_IN 3.76
T[1] = 1 Y[1] = 0.95
Z[0] = -0.99
Y_IN 3.39
T[0] = 1 Y[0] = 0.93
Y_IN 0.02
T[1] = 0 Y[1] = 0.01
Z[0] = -1.00
Y_IN 3.40
T[0] = 1 Y[0] = 0.94
Y_IN 0.01
T[1] = 0 Y[1] = 0.00
Z[0] = -0.99
Y_IN 3.39
T[0] = 1 Y[0] = 0.93
Y_IN 0.02
T[1] = 0 Y[1] = 0.01
Z[0] = -0.99
Y_IN 3.39
T[0] = 1 Y[0] = 0.93
Y_IN 0.02
T[1] = 0 Y[1] = 0.01
Z[0] = 1.00
Y_IN 0.03
T[0] = 0 Y[0] = 0.02
Y_IN 3.99
T[1] = 1 Y[1] = 0.96
Z[0] = -1.00
Y_IN 3.40
T[0] = 1 Y[0] = 0.94
Y_IN 0.01
T[1] = 0 Y[1] = 0.01
Z[0] = 1.00
Y_IN 0.03
T[0] = 0 Y[0] = 0.02
Y_IN 3.99
T[1] = 1 Y[1] = 0.96
Z[0] = -1.00
Y_IN 3.40
T[0] = 1 Y[0] = 0.94
Y_IN 0.01
T[1] = 0 Y[1] = 0.00
Z[0] = 1.00
Y_IN 0.04
T[0] = 0 Y[0] = 0.02
Y_IN 3.98
T[1] = 1 Y[1] = 0.96
Z[0] = -1.00
Y_IN 3.40
T[0] = 1 Y[0] = 0.94
Y_IN 0.01
T[1] = 0 Y[1] = 0.00
Z[0] = 0.94
Y_IN 0.13
T[0] = 0 Y[0] = 0.06
Y_IN 3.88
T[1] = 1 Y[1] = 0.96
Z[0] = -1.00
Y_IN 3.40
T[0] = 1 Y[0] = 0.94
Y_IN 0.01
T[1] = 0 Y[1] = 0.01
Z[0] = -0.20
Y_IN 2.05
T[0] = 1 Y[0] = 0.77
Y_IN 1.60
T[1] = 0 Y[1] = 0.66
Z[0] = -1.00
Y_IN 3.39
T[0] = 1 Y[0] = 0.94
Y_IN 0.01
T[1] = 0 Y[1] = 0.01
Z[0] = -0.98
Y_IN 3.37
T[0] = 1 Y[0] = 0.93
Y_IN 0.04
T[1] = 0 Y[1] = 0.02
Z[0] = -1.00
Y_IN 3.40
T[0] = 1 Y[0] = 0.94
Y_IN 0.01
T[1] = 0 Y[1] = 0.00
Z[0] = 0.99
Y_IN 0.05
T[0] = 0 Y[0] = 0.03
Y_IN 3.97
T[1] = 1 Y[1] = 0.96
Z[0] = -0.88
Y_IN 3.19
T[0] = 1 Y[0] = 0.92
Y_IN 0.25
T[1] = 0 Y[1] = 0.13
Z[0] = 1.00
Y_IN 0.03
T[0] = 0 Y[0] = 0.02
Y_IN 3.99
T[1] = 1 Y[1] = 0.96
Z[0] = -1.00
Y_IN 3.39
T[0] = 1 Y[0] = 0.94
Y_IN 0.01
T[1] = 0 Y[1] = 0.01
Z[0] = -1.00
Y_IN 3.39
T[0] = 1 Y[0] = 0.94
Y_IN 0.01
T[1] = 0 Y[1] = 0.01
Z[0] = -1.00
Y_IN 3.40
T[0] = 1 Y[0] = 0.94
Y_IN 0.01
T[1] = 0 Y[1] = 0.01
Z[0] = -1.00
Y_IN 3.40
T[0] = 1 Y[0] = 0.94
Y_IN 0.01
T[1] = 0 Y[1] = 0.00
Z[0] = -0.96
Y_IN 3.33
T[0] = 1 Y[0] = 0.93
Y_IN 0.09
T[1] = 0 Y[1] = 0.04
Z[0] = 1.00
Y_IN 0.03
T[0] = 0 Y[0] = 0.02
Y_IN 3.99
T[1] = 1 Y[1] = 0.96
Z[0] = -1.00
Y_IN 3.40
T[0] = 1 Y[0] = 0.94
Y_IN 0.01
T[1] = 0 Y[1] = 0.00
Z[0] = 1.00
Y_IN 0.03
T[0] = 0 Y[0] = 0.02
Y_IN 3.99
T[1] = 1 Y[1] = 0.96
Z[0] = -1.00
Y_IN 3.40
T[0] = 1 Y[0] = 0.94
Y_IN 0.01
T[1] = 0 Y[1] = 0.00
Z[0] = 1.00
Y_IN 0.03
T[0] = 0 Y[0] = 0.02
Y_IN 3.99
T[1] = 1 Y[1] = 0.96
Z[0] = 1.00
Y_IN 0.03
T[0] = 0 Y[0] = 0.02
Y_IN 3.99
T[1] = 1 Y[1] = 0.96
Z[0] = -1.00
Y_IN 3.40
T[0] = 1 Y[0] = 0.94
Y_IN 0.01
T[1] = 0 Y[1] = 0.01
Z[0] = -1.00
Y_IN 3.40
T[0] = 1 Y[0] = 0.94
Y_IN 0.01
T[1] = 0 Y[1] = 0.01
Z[0] = -1.00
Y_IN 3.40
T[0] = 1 Y[0] = 0.94
Y_IN 0.01
T[1] = 0 Y[1] = 0.00
Z[0] = -0.64
Y_IN 2.79
T[0] = 0 Y[0] = 0.88
Y_IN 0.73
T[1] = 1 Y[1] = 0.35
Z[0] = 0.49
Y_IN 0.90
T[0] = 1 Y[0] = 0.42
Y_IN 2.97
T[1] = 0 Y[1] = 0.90
Z[0] = -1.00
Y_IN 3.40
T[0] = 1 Y[0] = 0.94
Y_IN 0.01
T[1] = 0 Y[1] = 0.00
Z[0] = -1.00
Y_IN 3.39
T[0] = 1 Y[0] = 0.94
Y_IN 0.01
T[1] = 0 Y[1] = 0.01
Z[0] = -1.00
Y_IN 3.40
T[0] = 1 Y[0] = 0.94
Y_IN 0.01
T[1] = 0 Y[1] = 0.00
Z[0] = -0.99
Y_IN 3.39
T[0] = 1 Y[0] = 0.93
Y_IN 0.02
T[1] = 0 Y[1] = 0.01
Z[0] = -1.00
Y_IN 3.40
T[0] = 1 Y[0] = 0.94
Y_IN 0.01
T[1] = 0 Y[1] = 0.00
Z[0] = -1.00
Y_IN 3.40
T[0] = 1 Y[0] = 0.94
Y_IN 0.01
T[1] = 0 Y[1] = 0.00
Z[0] = -1.00
Y_IN 3.40
T[0] = 1 Y[0] = 0.94
Y_IN 0.01
T[1] = 0 Y[1] = 0.00
Z[0] = -0.99
Y_IN 3.39
T[0] = 1 Y[0] = 0.93
Y_IN 0.02
T[1] = 0 Y[1] = 0.01
Z[0] = 1.00
Y_IN 0.04
T[0] = 0 Y[0] = 0.02
Y_IN 3.98
T[1] = 1 Y[1] = 0.96
Z[0] = 0.99
Y_IN 0.05
T[0] = 0 Y[0] = 0.02
Y_IN 3.97
T[1] = 1 Y[1] = 0.96
Z[0] = -1.00
Y_IN 3.40
T[0] = 1 Y[0] = 0.94
Y_IN 0.01
T[1] = 0 Y[1] = 0.00
Z[0] = -1.00
Y_IN 3.40
T[0] = 1 Y[0] = 0.94
Y_IN 0.01
T[1] = 0 Y[1] = 0.00
Z[0] = 1.00
Y_IN 0.04
T[0] = 0 Y[0] = 0.02
Y_IN 3.98
T[1] = 1 Y[1] = 0.96
Z[0] = -0.99
Y_IN 3.38
T[0] = 1 Y[0] = 0.93
Y_IN 0.03
T[1] = 0 Y[1] = 0.01
Z[0] = -1.00
Y_IN 3.40
T[0] = 1 Y[0] = 0.94
Y_IN 0.01
T[1] = 0 Y[1] = 0.00
Z[0] = -0.99
Y_IN 3.39
T[0] = 1 Y[0] = 0.93
Y_IN 0.02
T[1] = 0 Y[1] = 0.01
Z[0] = 0.66
Y_IN 0.61
T[0] = 0 Y[0] = 0.29
Y_IN 3.31
T[1] = 1 Y[1] = 0.93
Z[0] = -0.93
Y_IN 3.28
T[0] = 1 Y[0] = 0.93
Y_IN 0.15
T[1] = 0 Y[1] = 0.07
Z[0] = 1.00
Y_IN 0.03
T[0] = 0 Y[0] = 0.02
Y_IN 3.99
T[1] = 1 Y[1] = 0.96
Z[0] = -1.00
Y_IN 3.40
T[0] = 1 Y[0] = 0.94
Y_IN 0.01
T[1] = 0 Y[1] = 0.01
Z[0] = 1.00
Y_IN 0.03
T[0] = 0 Y[0] = 0.02
Y_IN 3.99
T[1] = 1 Y[1] = 0.96
Z[0] = -1.00
Y_IN 3.40
T[0] = 1 Y[0] = 0.94
Y_IN 0.01
T[1] = 0 Y[1] = 0.00
Z[0] = -1.00
Y_IN 3.40
T[0] = 1 Y[0] = 0.94
Y_IN 0.01
T[1] = 0 Y[1] = 0.00
Z[0] = -0.97
Y_IN 3.36
T[0] = 1 Y[0] = 0.93
Y_IN 0.06
T[1] = 0 Y[1] = 0.03
Z[0] = -0.99
Y_IN 3.38
T[0] = 1 Y[0] = 0.93
Y_IN 0.03
T[1] = 0 Y[1] = 0.01
Z[0] = -1.00
Y_IN 3.40
T[0] = 1 Y[0] = 0.94
Y_IN 0.01
T[1] = 0 Y[1] = 0.00
Z[0] = -0.98
Y_IN 3.37
T[0] = 1 Y[0] = 0.93
Y_IN 0.04
T[1] = 0 Y[1] = 0.02
Z[0] = -1.00
Y_IN 3.40
T[0] = 1 Y[0] = 0.94
Y_IN 0.01
T[1] = 0 Y[1] = 0.01
Z[0] = 1.00
Y_IN 0.03
T[0] = 0 Y[0] = 0.02
Y_IN 3.99
T[1] = 1 Y[1] = 0.96
Z[0] = -1.00
Y_IN 3.40
T[0] = 1 Y[0] = 0.94
Y_IN 0.01
T[1] = 0 Y[1] = 0.01
Z[0] = -0.90
Y_IN 3.23
T[0] = 0 Y[0] = 0.92
Y_IN 0.21
T[1] = 1 Y[1] = 0.10
Z[0] = 1.00
Y_IN 0.03
T[0] = 0 Y[0] = 0.02
Y_IN 3.99
T[1] = 1 Y[1] = 0.96
Z[0] = -1.00
Y_IN 3.40
T[0] = 1 Y[0] = 0.94
Y_IN 0.01
T[1] = 0 Y[1] = 0.00
Z[0] = -1.00
Y_IN 3.39
T[0] = 1 Y[0] = 0.94
Y_IN 0.01
T[1] = 0 Y[1] = 0.01
Z[0] = -1.00
Y_IN 3.40
T[0] = 1 Y[0] = 0.94
Y_IN 0.01
T[1] = 0 Y[1] = 0.00
Z[0] = 0.99
Y_IN 0.06
T[0] = 0 Y[0] = 0.03
Y_IN 3.96
T[1] = 1 Y[1] = 0.96
Z[0] = 1.00
Y_IN 0.03
T[0] = 0 Y[0] = 0.02
Y_IN 3.99
T[1] = 1 Y[1] = 0.96
Z[0] = 1.00
Y_IN 0.03
T[0] = 0 Y[0] = 0.02
Y_IN 3.99
T[1] = 1 Y[1] = 0.96
Z[0] = -0.79
Y_IN 3.05
T[0] = 1 Y[0] = 0.91
Y_IN 0.42
T[1] = 0 Y[1] = 0.21
Z[0] = -1.00
Y_IN 3.40
T[0] = 1 Y[0] = 0.94
Y_IN 0.01
T[1] = 0 Y[1] = 0.01
Z[0] = -1.00
Y_IN 3.40
T[0] = 1 Y[0] = 0.94
Y_IN 0.01
T[1] = 0 Y[1] = 0.01
Z[0] = -1.00
Y_IN 3.40
T[0] = 1 Y[0] = 0.94
Y_IN 0.01
T[1] = 0 Y[1] = 0.00
Z[0] = -1.00
Y_IN 3.40
T[0] = 1 Y[0] = 0.94
Y_IN 0.01
T[1] = 0 Y[1] = 0.00
Z[0] = -0.99
Y_IN 3.39
T[0] = 1 Y[0] = 0.93
Y_IN 0.02
T[1] = 0 Y[1] = 0.01
Z[0] = 0.97
Y_IN 0.08
T[0] = 0 Y[0] = 0.04
Y_IN 3.94
T[1] = 1 Y[1] = 0.96
Z[0] = -1.00
Y_IN 3.40
T[0] = 1 Y[0] = 0.94
Y_IN 0.01
T[1] = 0 Y[1] = 0.01
Z[0] = 0.99
Y_IN 0.06
T[0] = 0 Y[0] = 0.03
Y_IN 3.96
T[1] = 1 Y[1] = 0.96
Z[0] = 1.00
Y_IN 0.03
T[0] = 0 Y[0] = 0.02
Y_IN 3.99
T[1] = 1 Y[1] = 0.96
Z[0] = -1.00
Y_IN 3.40
T[0] = 1 Y[0] = 0.94
Y_IN 0.01
T[1] = 0 Y[1] = 0.00
Z[0] = 0.99
Y_IN 0.05
T[0] = 0 Y[0] = 0.02
Y_IN 3.97
T[1] = 1 Y[1] = 0.96
Z[0] = -1.00
Y_IN 3.40
T[0] = 1 Y[0] = 0.94
Y_IN 0.01
T[1] = 0 Y[1] = 0.00
Z[0] = -1.00
Y_IN 3.40
T[0] = 1 Y[0] = 0.94
Y_IN 0.01
T[1] = 0 Y[1] = 0.00
Z[0] = 1.00
Y_IN 0.03
T[0] = 0 Y[0] = 0.02
Y_IN 3.99
T[1] = 1 Y[1] = 0.96
Z[0] = 1.00
Y_IN 0.03
T[0] = 0 Y[0] = 0.02
Y_IN 3.99
T[1] = 1 Y[1] = 0.96
Z[0] = 1.00
Y_IN 0.03
T[0] = 0 Y[0] = 0.02
Y_IN 3.99
T[1] = 1 Y[1] = 0.96
Z[0] = 1.00
Y_IN 0.03
T[0] = 0 Y[0] = 0.02
Y_IN 3.99
T[1] = 1 Y[1] = 0.96
Z[0] = 0.99
Y_IN 0.05
T[0] = 0 Y[0] = 0.03
Y_IN 3.97
T[1] = 1 Y[1] = 0.96
Z[0] = -0.98
Y_IN 3.36
T[0] = 1 Y[0] = 0.93
Y_IN 0.05
T[1] = 0 Y[1] = 0.03
Z[0] = -1.00
Y_IN 3.39
T[0] = 1 Y[0] = 0.94
Y_IN 0.01
T[1] = 0 Y[1] = 0.01
Z[0] = 0.98
Y_IN 0.07
T[0] = 0 Y[0] = 0.04
Y_IN 3.94
T[1] = 1 Y[1] = 0.96
Z[0] = -1.00
Y_IN 3.40
T[0] = 1 Y[0] = 0.94
Y_IN 0.01
T[1] = 0 Y[1] = 0.01
Z[0] = -0.99
Y_IN 3.38
T[0] = 1 Y[0] = 0.93
Y_IN 0.03
T[1] = 0 Y[1] = 0.01
Z[0] = -0.96
Y_IN 3.34
T[0] = 1 Y[0] = 0.93
Y_IN 0.08
T[1] = 0 Y[1] = 0.04
Z[0] = -1.00
Y_IN 3.40
T[0] = 1 Y[0] = 0.94
Y_IN 0.01
T[1] = 0 Y[1] = 0.01
Z[0] = -0.99
Y_IN 3.39
T[0] = 1 Y[0] = 0.93
Y_IN 0.02
T[1] = 0 Y[1] = 0.01
Z[0] = -1.00
Y_IN 3.40
T[0] = 1 Y[0] = 0.94
Y_IN 0.01
T[1] = 0 Y[1] = 0.00
Z[0] = -1.00
Y_IN 3.40
T[0] = 1 Y[0] = 0.94
Y_IN 0.01
T[1] = 0 Y[1] = 0.00
Z[0] = -0.99
Y_IN 3.39
T[0] = 1 Y[0] = 0.93
Y_IN 0.02
T[1] = 0 Y[1] = 0.01
Z[0] = 0.95
Y_IN 0.11
T[0] = 0 Y[0] = 0.05
Y_IN 3.90
T[1] = 1 Y[1] = 0.96
Z[0] = -1.00
Y_IN 3.40
T[0] = 1 Y[0] = 0.94
Y_IN 0.01
T[1] = 0 Y[1] = 0.01
Z[0] = -0.96
Y_IN 3.34
T[0] = 1 Y[0] = 0.93
Y_IN 0.08
T[1] = 0 Y[1] = 0.04
Z[0] = -1.00
Y_IN 3.40
T[0] = 1 Y[0] = 0.94
Y_IN 0.01
T[1] = 0 Y[1] = 0.00
Z[0] = -0.63
Y_IN 2.78
T[0] = 1 Y[0] = 0.88
Y_IN 0.74
T[1] = 0 Y[1] = 0.35
Z[0] = -1.00
Y_IN 3.40
T[0] = 1 Y[0] = 0.94
Y_IN 0.01
T[1] = 0 Y[1] = 0.01
Z[0] = 0.98
Y_IN 0.06
T[0] = 1 Y[0] = 0.03
Y_IN 3.95
T[1] = 0 Y[1] = 0.96
Z[0] = -0.98
Y_IN 3.38
T[0] = 1 Y[0] = 0.93
Y_IN 0.04
T[1] = 0 Y[1] = 0.02
Z[0] = -0.99
Y_IN 3.39
T[0] = 1 Y[0] = 0.93
Y_IN 0.02
T[1] = 0 Y[1] = 0.01
Z[0] = -0.98
Y_IN 3.37
T[0] = 1 Y[0] = 0.93
Y_IN 0.04
T[1] = 0 Y[1] = 0.02
Z[0] = 1.00
Y_IN 0.03
T[0] = 0 Y[0] = 0.02
Y_IN 3.99
T[1] = 1 Y[1] = 0.96
Z[0] = -0.99
Y_IN 3.39
T[0] = 1 Y[0] = 0.93
Y_IN 0.02
T[1] = 0 Y[1] = 0.01
Z[0] = 1.00
Y_IN 0.03
T[0] = 0 Y[0] = 0.02
Y_IN 3.99
T[1] = 1 Y[1] = 0.96
Z[0] = 1.00
Y_IN 0.03
T[0] = 0 Y[0] = 0.02
Y_IN 3.99
T[1] = 1 Y[1] = 0.96
Z[0] = -1.00
Y_IN 3.39
T[0] = 1 Y[0] = 0.94
Y_IN 0.01
T[1] = 0 Y[1] = 0.01
Z[0] = -0.16
Y_IN 1.99
T[0] = 1 Y[0] = 0.76
Y_IN 1.68
T[1] = 0 Y[1] = 0.69
Z[0] = -1.00
Y_IN 3.40
T[0] = 1 Y[0] = 0.94
Y_IN 0.01
T[1] = 0 Y[1] = 0.00
Z[0] = -0.98
Y_IN 3.37
T[0] = 1 Y[0] = 0.93
Y_IN 0.04
T[1] = 0 Y[1] = 0.02
Z[0] = -0.99
Y_IN 3.39
T[0] = 1 Y[0] = 0.93
Y_IN 0.02
T[1] = 0 Y[1] = 0.01
Z[0] = -1.00
Y_IN 3.40
T[0] = 1 Y[0] = 0.94
Y_IN 0.01
T[1] = 0 Y[1] = 0.00
Z[0] = 1.00
Y_IN 0.03
T[0] = 0 Y[0] = 0.02
Y_IN 3.99
T[1] = 1 Y[1] = 0.96
Z[0] = -0.99
Y_IN 3.38
T[0] = 1 Y[0] = 0.93
Y_IN 0.03
T[1] = 0 Y[1] = 0.01
Z[0] = -0.99
Y_IN 3.38
T[0] = 1 Y[0] = 0.93
Y_IN 0.03
T[1] = 0 Y[1] = 0.02
Z[0] = 1.00
Y_IN 0.03
T[0] = 0 Y[0] = 0.02
Y_IN 3.99
T[1] = 1 Y[1] = 0.96
Z[0] = 1.00
Y_IN 0.03
T[0] = 0 Y[0] = 0.02
Y_IN 3.99
T[1] = 1 Y[1] = 0.96
Z[0] = -1.00
Y_IN 3.40
T[0] = 1 Y[0] = 0.94
Y_IN 0.01
T[1] = 0 Y[1] = 0.01
Z[0] = 0.62
Y_IN 0.67
T[0] = 0 Y[0] = 0.32
Y_IN 3.23
T[1] = 1 Y[1] = 0.92
Z[0] = 0.81
Y_IN 0.36
T[0] = 0 Y[0] = 0.18
Y_IN 3.60
T[1] = 1 Y[1] = 0.95
Z[0] = 1.00
Y_IN 0.03
T[0] = 0 Y[0] = 0.02
Y_IN 3.99
T[1] = 1 Y[1] = 0.96
Z[0] = -0.97
Y_IN 3.35
T[0] = 1 Y[0] = 0.93
Y_IN 0.07
T[1] = 0 Y[1] = 0.04
Z[0] = -1.00
Y_IN 3.40
T[0] = 1 Y[0] = 0.94
Y_IN 0.01
T[1] = 0 Y[1] = 0.01
Z[0] = 1.00
Y_IN 0.03
T[0] = 0 Y[0] = 0.02
Y_IN 3.99
T[1] = 1 Y[1] = 0.96
Z[0] = -1.00
Y_IN 3.40
T[0] = 1 Y[0] = 0.94
Y_IN 0.01
T[1] = 0 Y[1] = 0.00
Z[0] = 1.00
Y_IN 0.03
T[0] = 0 Y[0] = 0.02
Y_IN 3.99
T[1] = 1 Y[1] = 0.96
Z[0] = 1.00
Y_IN 0.03
T[0] = 0 Y[0] = 0.02
Y_IN 3.99
T[1] = 1 Y[1] = 0.96
Z[0] = 1.00
Y_IN 0.03
T[0] = 0 Y[0] = 0.02
Y_IN 3.99
T[1] = 1 Y[1] = 0.96
Z[0] = -1.00
Y_IN 3.40
T[0] = 1 Y[0] = 0.94
Y_IN 0.01
T[1] = 0 Y[1] = 0.00
Z[0] = -0.99
Y_IN 3.39
T[0] = 1 Y[0] = 0.93
Y_IN 0.02
T[1] = 0 Y[1] = 0.01
Z[0] = 1.00
Y_IN 0.03
T[0] = 0 Y[0] = 0.02
Y_IN 3.99
T[1] = 1 Y[1] = 0.96
Z[0] = -1.00
Y_IN 3.40
T[0] = 1 Y[0] = 0.94
Y_IN 0.01
T[1] = 0 Y[1] = 0.01
Z[0] = -1.00
Y_IN 3.40
T[0] = 1 Y[0] = 0.94
Y_IN 0.01
T[1] = 0 Y[1] = 0.01
Z[0] = 1.00
Y_IN 0.03
T[0] = 0 Y[0] = 0.02
Y_IN 3.99
T[1] = 1 Y[1] = 0.96
Z[0] = -1.00
Y_IN 3.40
T[0] = 1 Y[0] = 0.94
Y_IN 0.01
T[1] = 0 Y[1] = 0.00
Z[0] = -0.91
Y_IN 3.26
T[0] = 1 Y[0] = 0.93
Y_IN 0.18
T[1] = 0 Y[1] = 0.09
Z[0] = -1.00
Y_IN 3.40
T[0] = 1 Y[0] = 0.94
Y_IN 0.01
T[1] = 0 Y[1] = 0.00
Z[0] = -0.97
Y_IN 3.36
T[0] = 1 Y[0] = 0.93
Y_IN 0.06
T[1] = 0 Y[1] = 0.03
Z[0] = 1.00
Y_IN 0.03
T[0] = 0 Y[0] = 0.02
Y_IN 3.99
T[1] = 1 Y[1] = 0.96
Z[0] = 1.00
Y_IN 0.04
T[0] = 0 Y[0] = 0.02
Y_IN 3.99
T[1] = 1 Y[1] = 0.96
Z[0] = 1.00
Y_IN 0.03
T[0] = 0 Y[0] = 0.02
Y_IN 3.99
T[1] = 1 Y[1] = 0.96
Z[0] = 1.00
Y_IN 0.03
T[0] = 0 Y[0] = 0.02
Y_IN 3.99
T[1] = 1 Y[1] = 0.96
Z[0] = -0.99
Y_IN 3.38
T[0] = 1 Y[0] = 0.93
Y_IN 0.03
T[1] = 0 Y[1] = 0.02
Z[0] = 0.96
Y_IN 0.11
T[0] = 0 Y[0] = 0.05
Y_IN 3.90
T[1] = 1 Y[1] = 0.96
Z[0] = 1.00
Y_IN 0.03
T[0] = 0 Y[0] = 0.02
Y_IN 3.99
T[1] = 1 Y[1] = 0.96
Z[0] = 0.99
Y_IN 0.05
T[0] = 0 Y[0] = 0.02
Y_IN 3.97
T[1] = 1 Y[1] = 0.96
Z[0] = 0.89
Y_IN 0.22
T[0] = 0 Y[0] = 0.11
Y_IN 3.76
T[1] = 1 Y[1] = 0.95
Z[0] = -1.00
Y_IN 3.40
T[0] = 1 Y[0] = 0.94
Y_IN 0.01
T[1] = 0 Y[1] = 0.00
Z[0] = -1.00
Y_IN 3.40
T[0] = 1 Y[0] = 0.94
Y_IN 0.01
T[1] = 0 Y[1] = 0.01
Z[0] = -0.97
Y_IN 3.36
T[0] = 1 Y[0] = 0.93
Y_IN 0.06
T[1] = 0 Y[1] = 0.03
Z[0] = -1.00
Y_IN 3.40
T[0] = 1 Y[0] = 0.94
Y_IN 0.01
T[1] = 0 Y[1] = 0.00
Z[0] = 1.00
Y_IN 0.03
T[0] = 0 Y[0] = 0.02
Y_IN 3.99
T[1] = 1 Y[1] = 0.96
Z[0] = 1.00
Y_IN 0.03
T[0] = 0 Y[0] = 0.02
Y_IN 3.99
T[1] = 1 Y[1] = 0.96
Z[0] = 1.00
Y_IN 0.03
T[0] = 0 Y[0] = 0.02
Y_IN 3.99
T[1] = 1 Y[1] = 0.96
Z[0] = -1.00
Y_IN 3.40
T[0] = 1 Y[0] = 0.94
Y_IN 0.01
T[1] = 0 Y[1] = 0.01
Z[0] = 1.00
Y_IN 0.04
T[0] = 0 Y[0] = 0.02
Y_IN 3.99
T[1] = 1 Y[1] = 0.96
Z[0] = 1.00
Y_IN 0.03
T[0] = 0 Y[0] = 0.02
Y_IN 3.99
T[1] = 1 Y[1] = 0.96
Z[0] = -1.00
Y_IN 3.40
T[0] = 1 Y[0] = 0.94
Y_IN 0.01
T[1] = 0 Y[1] = 0.01
Z[0] = 0.94
Y_IN 0.13
T[0] = 0 Y[0] = 0.06
Y_IN 3.88
T[1] = 1 Y[1] = 0.96
Z[0] = -1.00
Y_IN 3.40
T[0] = 0 Y[0] = 0.94
Y_IN 0.01
T[1] = 1 Y[1] = 0.01
Z[0] = -0.97
Y_IN 3.35
T[0] = 1 Y[0] = 0.93
Y_IN 0.06
T[1] = 0 Y[1] = 0.03
Z[0] = -0.94
Y_IN 3.30
T[0] = 1 Y[0] = 0.93
Y_IN 0.13
T[1] = 0 Y[1] = 0.06
Z[0] = -1.00
Y_IN 3.40
T[0] = 1 Y[0] = 0.94
Y_IN 0.01
T[1] = 0 Y[1] = 0.01
Z[0] = -1.00
Y_IN 3.40
T[0] = 1 Y[0] = 0.94
Y_IN 0.01
T[1] = 0 Y[1] = 0.00
Z[0] = -1.00
Y_IN 3.39
T[0] = 1 Y[0] = 0.94
Y_IN 0.01
T[1] = 0 Y[1] = 0.01
Z[0] = 1.00
Y_IN 0.04
T[0] = 0 Y[0] = 0.02
Y_IN 3.98
T[1] = 1 Y[1] = 0.96
Z[0] = -0.99
Y_IN 3.39
T[0] = 1 Y[0] = 0.93
Y_IN 0.02
T[1] = 0 Y[1] = 0.01
Z[0] = -1.00
Y_IN 3.40
T[0] = 1 Y[0] = 0.94
Y_IN 0.01
T[1] = 0 Y[1] = 0.00
Z[0] = -1.00
Y_IN 3.40
T[0] = 1 Y[0] = 0.94
Y_IN 0.01
T[1] = 0 Y[1] = 0.00
Z[0] = 1.00
Y_IN 0.03
T[0] = 0 Y[0] = 0.02
Y_IN 3.99
T[1] = 1 Y[1] = 0.96
Z[0] = 1.00
Y_IN 0.04
T[0] = 0 Y[0] = 0.02
Y_IN 3.98
T[1] = 1 Y[1] = 0.96
Z[0] = -0.97
Y_IN 3.35
T[0] = 1 Y[0] = 0.93
Y_IN 0.06
T[1] = 0 Y[1] = 0.03
Z[0] = 0.98
Y_IN 0.07
T[0] = 0 Y[0] = 0.04
Y_IN 3.95
T[1] = 1 Y[1] = 0.96
Z[0] = 0.96
Y_IN 0.09
T[0] = 0 Y[0] = 0.05
Y_IN 3.92
T[1] = 1 Y[1] = 0.96
Z[0] = -1.00
Y_IN 3.40
T[0] = 1 Y[0] = 0.94
Y_IN 0.01
T[1] = 0 Y[1] = 0.01
Z[0] = 1.00
Y_IN 0.03
T[0] = 0 Y[0] = 0.02
Y_IN 3.99
T[1] = 1 Y[1] = 0.96
Z[0] = -0.99
Y_IN 3.39
T[0] = 1 Y[0] = 0.93
Y_IN 0.02
T[1] = 0 Y[1] = 0.01
Z[0] = 1.00
Y_IN 0.04
T[0] = 0 Y[0] = 0.02
Y_IN 3.99
T[1] = 1 Y[1] = 0.96
Z[0] = -0.99
Y_IN 3.39
T[0] = 1 Y[0] = 0.93
Y_IN 0.02
T[1] = 0 Y[1] = 0.01
Z[0] = -0.99
Y_IN 3.38
T[0] = 1 Y[0] = 0.93
Y_IN 0.03
T[1] = 0 Y[1] = 0.02
Z[0] = -0.48
Y_IN 2.52
T[0] = 0 Y[0] = 0.85
Y_IN 1.04
T[1] = 1 Y[1] = 0.48
Z[0] = -1.00
Y_IN 3.40
T[0] = 1 Y[0] = 0.94
Y_IN 0.01
T[1] = 0 Y[1] = 0.00
Z[0] = 1.00
Y_IN 0.04
T[0] = 0 Y[0] = 0.02
Y_IN 3.99
T[1] = 1 Y[1] = 0.96
Z[0] = 1.00
Y_IN 0.03
T[0] = 0 Y[0] = 0.02
Y_IN 3.99
T[1] = 1 Y[1] = 0.96
Z[0] = -1.00
Y_IN 3.40
T[0] = 1 Y[0] = 0.94
Y_IN 0.01
T[1] = 0 Y[1] = 0.00
Z[0] = -1.00
Y_IN 3.40
T[0] = 1 Y[0] = 0.94
Y_IN 0.01
T[1] = 0 Y[1] = 0.00
Z[0] = 1.00
Y_IN 0.03
T[0] = 0 Y[0] = 0.02
Y_IN 3.99
T[1] = 1 Y[1] = 0.96
Z[0] = -1.00
Y_IN 3.39
T[0] = 1 Y[0] = 0.94
Y_IN 0.01
T[1] = 0 Y[1] = 0.01
Z[0] = -1.00
Y_IN 3.40
T[0] = 1 Y[0] = 0.94
Y_IN 0.01
T[1] = 0 Y[1] = 0.00
Z[0] = 1.00
Y_IN 0.03
T[0] = 0 Y[0] = 0.02
Y_IN 3.99
T[1] = 1 Y[1] = 0.96
Z[0] = -0.99
Y_IN 3.38
T[0] = 1 Y[0] = 0.93
Y_IN 0.03
T[1] = 0 Y[1] = 0.01
Z[0] = -1.00
Y_IN 3.40
T[0] = 1 Y[0] = 0.94
Y_IN 0.01
T[1] = 0 Y[1] = 0.01
Z[0] = -0.26
Y_IN 2.15
T[0] = 0 Y[0] = 0.79
Y_IN 1.48
T[1] = 1 Y[1] = 0.63
Z[0] = -1.00
Y_IN 3.39
T[0] = 1 Y[0] = 0.94
Y_IN 0.01
T[1] = 0 Y[1] = 0.01
Z[0] = -1.00
Y_IN 3.39
T[0] = 1 Y[0] = 0.94
Y_IN 0.01
T[1] = 0 Y[1] = 0.01
Z[0] = -1.00
Y_IN 3.39
T[0] = 1 Y[0] = 0.94
Y_IN 0.01
T[1] = 0 Y[1] = 0.01
Z[0] = -1.00
Y_IN 3.40
T[0] = 1 Y[0] = 0.94
Y_IN 0.01
T[1] = 0 Y[1] = 0.01
Z[0] = -1.00
Y_IN 3.40
T[0] = 1 Y[0] = 0.94
Y_IN 0.01
T[1] = 0 Y[1] = 0.00
Z[0] = -1.00
Y_IN 3.40
T[0] = 1 Y[0] = 0.94
Y_IN 0.01
T[1] = 0 Y[1] = 0.00
Z[0] = -1.00
Y_IN 3.40
T[0] = 1 Y[0] = 0.94
Y_IN 0.01
T[1] = 0 Y[1] = 0.01
Z[0] = -0.99
Y_IN 3.38
T[0] = 1 Y[0] = 0.93
Y_IN 0.03
T[1] = 0 Y[1] = 0.02
Z[0] = -1.00
Y_IN 3.40
T[0] = 1 Y[0] = 0.94
Y_IN 0.01
T[1] = 0 Y[1] = 0.01
Z[0] = 1.00
Y_IN 0.03
T[0] = 0 Y[0] = 0.02
Y_IN 3.99
T[1] = 1 Y[1] = 0.96
Z[0] = -0.47
Y_IN 2.50
T[0] = 1 Y[0] = 0.85
Y_IN 1.07
T[1] = 0 Y[1] = 0.49
Z[0] = -1.00
Y_IN 3.40
T[0] = 1 Y[0] = 0.94
Y_IN 0.01
T[1] = 0 Y[1] = 0.00
Z[0] = -1.00
Y_IN 3.40
T[0] = 1 Y[0] = 0.94
Y_IN 0.01
T[1] = 0 Y[1] = 0.00
Z[0] = 1.00
Y_IN 0.03
T[0] = 0 Y[0] = 0.02
Y_IN 3.99
T[1] = 1 Y[1] = 0.96
Z[0] = -0.99
Y_IN 3.39
T[0] = 1 Y[0] = 0.93
Y_IN 0.02
T[1] = 0 Y[1] = 0.01
Z[0] = -1.00
Y_IN 3.40
T[0] = 1 Y[0] = 0.94
Y_IN 0.01
T[1] = 0 Y[1] = 0.00
Z[0] = -1.00
Y_IN 3.40
T[0] = 1 Y[0] = 0.94
Y_IN 0.01
T[1] = 0 Y[1] = 0.00
Z[0] = 1.00
Y_IN 0.03
T[0] = 0 Y[0] = 0.02
Y_IN 3.99
T[1] = 1 Y[1] = 0.96
Z[0] = -1.00
Y_IN 3.40
T[0] = 1 Y[0] = 0.94
Y_IN 0.01
T[1] = 0 Y[1] = 0.00
Z[0] = 1.00
Y_IN 0.03
T[0] = 0 Y[0] = 0.02
Y_IN 3.99
T[1] = 1 Y[1] = 0.96
Z[0] = -0.93
Y_IN 3.29
T[0] = 1 Y[0] = 0.93
Y_IN 0.14
T[1] = 0 Y[1] = 0.07
Z[0] = -0.99
Y_IN 3.38
T[0] = 1 Y[0] = 0.93
Y_IN 0.03
T[1] = 0 Y[1] = 0.01
Z[0] = -1.00
Y_IN 3.39
T[0] = 1 Y[0] = 0.94
Y_IN 0.01
T[1] = 0 Y[1] = 0.01
Z[0] = -1.00
Y_IN 3.40
T[0] = 1 Y[0] = 0.94
Y_IN 0.01
T[1] = 0 Y[1] = 0.00
Z[0] = 1.00
Y_IN 0.03
T[0] = 0 Y[0] = 0.02
Y_IN 3.99
T[1] = 1 Y[1] = 0.96
Z[0] = 1.00
Y_IN 0.03
T[0] = 0 Y[0] = 0.02
Y_IN 3.99
T[1] = 1 Y[1] = 0.96
Z[0] = -0.99
Y_IN 3.39
T[0] = 1 Y[0] = 0.93
Y_IN 0.02
T[1] = 0 Y[1] = 0.01
Z[0] = -1.00
Y_IN 3.40
T[0] = 1 Y[0] = 0.94
Y_IN 0.01
T[1] = 0 Y[1] = 0.00
Z[0] = 0.89
Y_IN 0.23
T[0] = 0 Y[0] = 0.11
Y_IN 3.76
T[1] = 1 Y[1] = 0.95
Z[0] = -1.00
Y_IN 3.40
T[0] = 1 Y[0] = 0.94
Y_IN 0.01
T[1] = 0 Y[1] = 0.01
Z[0] = 1.00
Y_IN 0.03
T[0] = 0 Y[0] = 0.02
Y_IN 3.99
T[1] = 1 Y[1] = 0.96
Z[0] = -0.99
Y_IN 3.39
T[0] = 1 Y[0] = 0.93
Y_IN 0.02
T[1] = 0 Y[1] = 0.01
Z[0] = -0.96
Y_IN 3.33
T[0] = 1 Y[0] = 0.93
Y_IN 0.09
T[1] = 0 Y[1] = 0.04
Z[0] = 1.00
Y_IN 0.03
T[0] = 0 Y[0] = 0.02
Y_IN 3.99
T[1] = 1 Y[1] = 0.96
Z[0] = -0.99
Y_IN 3.39
T[0] = 1 Y[0] = 0.93
Y_IN 0.02
T[1] = 0 Y[1] = 0.01
Z[0] = -0.36
Y_IN 2.32
T[0] = 1 Y[0] = 0.82
Y_IN 1.28
T[1] = 0 Y[1] = 0.57
Z[0] = -0.99
Y_IN 3.39
T[0] = 1 Y[0] = 0.93
Y_IN 0.02
T[1] = 0 Y[1] = 0.01
Z[0] = 0.99
Y_IN 0.04
T[0] = 0 Y[0] = 0.02
Y_IN 3.98
T[1] = 1 Y[1] = 0.96
Z[0] = -0.77
Y_IN 3.01
T[0] = 1 Y[0] = 0.91
Y_IN 0.47
T[1] = 0 Y[1] = 0.23
Z[0] = -1.00
Y_IN 3.40
T[0] = 1 Y[0] = 0.94
Y_IN 0.01
T[1] = 0 Y[1] = 0.00
Z[0] = 1.00
Y_IN 0.03
T[0] = 0 Y[0] = 0.02
Y_IN 3.99
T[1] = 1 Y[1] = 0.96
Z[0] = -1.00
Y_IN 3.40
T[0] = 1 Y[0] = 0.94
Y_IN 0.01
T[1] = 0 Y[1] = 0.01
Z[0] = -0.99
Y_IN 3.38
T[0] = 1 Y[0] = 0.93
Y_IN 0.03
T[1] = 0 Y[1] = 0.01
Z[0] = 0.98
Y_IN 0.06
T[0] = 0 Y[0] = 0.03
Y_IN 3.96
T[1] = 1 Y[1] = 0.96
Z[0] = -0.97
Y_IN 3.35
T[0] = 1 Y[0] = 0.93
Y_IN 0.06
T[1] = 0 Y[1] = 0.03
Z[0] = -1.00
Y_IN 3.40
T[0] = 1 Y[0] = 0.94
Y_IN 0.01
T[1] = 0 Y[1] = 0.00
Z[0] = -0.97
Y_IN 3.35
T[0] = 1 Y[0] = 0.93
Y_IN 0.06
T[1] = 0 Y[1] = 0.03
Z[0] = 0.99
Y_IN 0.05
T[0] = 0 Y[0] = 0.02
Y_IN 3.97
T[1] = 1 Y[1] = 0.96
Z[0] = -0.99
Y_IN 3.39
T[0] = 1 Y[0] = 0.93
Y_IN 0.02
T[1] = 0 Y[1] = 0.01
Z[0] = -1.00
Y_IN 3.40
T[0] = 1 Y[0] = 0.94
Y_IN 0.01
T[1] = 0 Y[1] = 0.00
Z[0] = 0.98
Y_IN 0.07
T[0] = 0 Y[0] = 0.03
Y_IN 3.95
T[1] = 1 Y[1] = 0.96
Z[0] = -0.88
Y_IN 3.21
T[0] = 1 Y[0] = 0.92
Y_IN 0.24
T[1] = 0 Y[1] = 0.12
Z[0] = -1.00
Y_IN 3.40
T[0] = 1 Y[0] = 0.94
Y_IN 0.01
T[1] = 0 Y[1] = 0.00
Z[0] = -0.98
Y_IN 3.37
T[0] = 1 Y[0] = 0.93
Y_IN 0.04
T[1] = 0 Y[1] = 0.02
Z[0] = -1.00
Y_IN 3.40
T[0] = 1 Y[0] = 0.94
Y_IN 0.01
T[1] = 0 Y[1] = 0.00
Z[0] = -0.98
Y_IN 3.37
T[0] = 1 Y[0] = 0.93
Y_IN 0.04
T[1] = 0 Y[1] = 0.02
Z[0] = -1.00
Y_IN 3.40
T[0] = 1 Y[0] = 0.94
Y_IN 0.01
T[1] = 0 Y[1] = 0.01
Z[0] = -0.98
Y_IN 3.37
T[0] = 1 Y[0] = 0.93
Y_IN 0.05
T[1] = 0 Y[1] = 0.02
Z[0] = 1.00
Y_IN 0.03
T[0] = 0 Y[0] = 0.02
Y_IN 3.99
T[1] = 1 Y[1] = 0.96
Z[0] = 0.96
Y_IN 0.11
T[0] = 0 Y[0] = 0.05
Y_IN 3.90
T[1] = 1 Y[1] = 0.96
Z[0] = -1.00
Y_IN 3.40
T[0] = 1 Y[0] = 0.94
Y_IN 0.01
T[1] = 0 Y[1] = 0.01
Z[0] = -1.00
Y_IN 3.40
T[0] = 1 Y[0] = 0.94
Y_IN 0.01
T[1] = 0 Y[1] = 0.01
Z[0] = 1.00
Y_IN 0.04
T[0] = 0 Y[0] = 0.02
Y_IN 3.99
T[1] = 1 Y[1] = 0.96
Z[0] = 1.00
Y_IN 0.03
T[0] = 0 Y[0] = 0.02
Y_IN 3.99
T[1] = 1 Y[1] = 0.96
Z[0] = 0.66
Y_IN 0.61
T[0] = 0 Y[0] = 0.29
Y_IN 3.31
T[1] = 1 Y[1] = 0.93
Z[0] = -1.00
Y_IN 3.40
T[0] = 1 Y[0] = 0.94
Y_IN 0.01
T[1] = 0 Y[1] = 0.01
Z[0] = 1.00
Y_IN 0.03
T[0] = 0 Y[0] = 0.02
Y_IN 3.99
T[1] = 1 Y[1] = 0.96
Z[0] = 1.00
Y_IN 0.04
T[0] = 0 Y[0] = 0.02
Y_IN 3.98
T[1] = 1 Y[1] = 0.96
Z[0] = -1.00
Y_IN 3.40
T[0] = 1 Y[0] = 0.94
Y_IN 0.01
T[1] = 0 Y[1] = 0.00
Z[0] = -1.00
Y_IN 3.40
T[0] = 1 Y[0] = 0.94
Y_IN 0.01
T[1] = 0 Y[1] = 0.00
Z[0] = -1.00
Y_IN 3.40
T[0] = 1 Y[0] = 0.94
Y_IN 0.01
T[1] = 0 Y[1] = 0.00
Z[0] = -0.99
Y_IN 3.39
T[0] = 1 Y[0] = 0.93
Y_IN 0.02
T[1] = 0 Y[1] = 0.01
Z[0] = -1.00
Y_IN 3.40
T[0] = 1 Y[0] = 0.94
Y_IN 0.01
T[1] = 0 Y[1] = 0.00
Z[0] = -0.98
Y_IN 3.36
T[0] = 1 Y[0] = 0.93
Y_IN 0.05
T[1] = 0 Y[1] = 0.03
Z[0] = -1.00
Y_IN 3.40
T[0] = 1 Y[0] = 0.94
Y_IN 0.01
T[1] = 0 Y[1] = 0.00
Z[0] = 0.15
Y_IN 1.46
T[0] = 0 Y[0] = 0.62
Y_IN 2.30
T[1] = 1 Y[1] = 0.82
Z[0] = 1.00
Y_IN 0.03
T[0] = 0 Y[0] = 0.02
Y_IN 3.99
T[1] = 1 Y[1] = 0.96
Z[0] = 1.00
Y_IN 0.03
T[0] = 0 Y[0] = 0.02
Y_IN 3.99
T[1] = 1 Y[1] = 0.96
Z[0] = -1.00
Y_IN 3.39
T[0] = 1 Y[0] = 0.94
Y_IN 0.01
T[1] = 0 Y[1] = 0.01
Z[0] = -0.99
Y_IN 3.39
T[0] = 1 Y[0] = 0.93
Y_IN 0.02
T[1] = 0 Y[1] = 0.01
Z[0] = 1.00
Y_IN 0.04
T[0] = 0 Y[0] = 0.02
Y_IN 3.98
T[1] = 1 Y[1] = 0.96
Z[0] = -0.99
Y_IN 3.38
T[0] = 1 Y[0] = 0.93
Y_IN 0.03
T[1] = 0 Y[1] = 0.01
Z[0] = 0.12
Y_IN 1.51
T[0] = 0 Y[0] = 0.64
Y_IN 2.24
T[1] = 1 Y[1] = 0.81
Z[0] = 1.00
Y_IN 0.03
T[0] = 0 Y[0] = 0.02
Y_IN 3.99
T[1] = 1 Y[1] = 0.96
Z[0] = 1.00
Y_IN 0.03
T[0] = 0 Y[0] = 0.02
Y_IN 3.99
T[1] = 1 Y[1] = 0.96
Z[0] = -0.98
Y_IN 3.37
T[0] = 1 Y[0] = 0.93
Y_IN 0.04
T[1] = 0 Y[1] = 0.02
Z[0] = 1.00
Y_IN 0.04
T[0] = 0 Y[0] = 0.02
Y_IN 3.99
T[1] = 1 Y[1] = 0.96
Z[0] = -0.60
Y_IN 2.73
T[0] = 1 Y[0] = 0.88
Y_IN 0.80
T[1] = 0 Y[1] = 0.38
Z[0] = -1.00
Y_IN 3.40
T[0] = 1 Y[0] = 0.94
Y_IN 0.01
T[1] = 0 Y[1] = 0.00
Z[0] = 0.98
Y_IN 0.06
T[0] = 0 Y[0] = 0.03
Y_IN 3.95
T[1] = 1 Y[1] = 0.96
Z[0] = -1.00
Y_IN 3.40
T[0] = 1 Y[0] = 0.94
Y_IN 0.01
T[1] = 0 Y[1] = 0.00
Z[0] = 1.00
Y_IN 0.03
T[0] = 0 Y[0] = 0.02
Y_IN 3.99
T[1] = 1 Y[1] = 0.96
Z[0] = 0.99
Y_IN 0.05
T[0] = 0 Y[0] = 0.03
Y_IN 3.97
T[1] = 1 Y[1] = 0.96
Z[0] = -1.00
Y_IN 3.39
T[0] = 1 Y[0] = 0.94
Y_IN 0.01
T[1] = 0 Y[1] = 0.01
Z[0] = -0.99
Y_IN 3.39
T[0] = 1 Y[0] = 0.93
Y_IN 0.02
T[1] = 0 Y[1] = 0.01
Z[0] = -1.00
Y_IN 3.40
T[0] = 1 Y[0] = 0.94
Y_IN 0.01
T[1] = 0 Y[1] = 0.00
Z[0] = -1.00
Y_IN 3.40
T[0] = 1 Y[0] = 0.94
Y_IN 0.01
T[1] = 0 Y[1] = 0.00
Z[0] = 0.91
Y_IN 0.19
T[0] = 0 Y[0] = 0.10
Y_IN 3.80
T[1] = 1 Y[1] = 0.96
Z[0] = -0.08
Y_IN 1.86
T[0] = 0 Y[0] = 0.73
Y_IN 1.83
T[1] = 1 Y[1] = 0.72
Z[0] = -1.00
Y_IN 3.40
T[0] = 1 Y[0] = 0.94
Y_IN 0.01
T[1] = 0 Y[1] = 0.01
Z[0] = -1.00
Y_IN 3.40
T[0] = 1 Y[0] = 0.94
Y_IN 0.01
T[1] = 0 Y[1] = 0.01
Z[0] = -1.00
Y_IN 3.40
T[0] = 1 Y[0] = 0.94
Y_IN 0.01
T[1] = 0 Y[1] = 0.00
Z[0] = 1.00
Y_IN 0.04
T[0] = 0 Y[0] = 0.02
Y_IN 3.99
T[1] = 1 Y[1] = 0.96
Z[0] = -1.00
Y_IN 3.40
T[0] = 1 Y[0] = 0.94
Y_IN 0.01
T[1] = 0 Y[1] = 0.01
Z[0] = 1.00
Y_IN 0.04
T[0] = 0 Y[0] = 0.02
Y_IN 3.99
T[1] = 1 Y[1] = 0.96
Z[0] = -0.99
Y_IN 3.39
T[0] = 1 Y[0] = 0.93
Y_IN 0.02
T[1] = 0 Y[1] = 0.01
Z[0] = -0.99
Y_IN 3.39
T[0] = 1 Y[0] = 0.93
Y_IN 0.02
T[1] = 0 Y[1] = 0.01
Z[0] = 1.00
Y_IN 0.04
T[0] = 0 Y[0] = 0.02
Y_IN 3.99
T[1] = 1 Y[1] = 0.96
Z[0] = 1.00
Y_IN 0.04
T[0] = 0 Y[0] = 0.02
Y_IN 3.99
T[1] = 1 Y[1] = 0.96
Z[0] = -0.99
Y_IN 3.38
T[0] = 1 Y[0] = 0.93
Y_IN 0.03
T[1] = 0 Y[1] = 0.01
Z[0] = -0.98
Y_IN 3.36
T[0] = 1 Y[0] = 0.93
Y_IN 0.05
T[1] = 0 Y[1] = 0.03
Z[0] = -1.00
Y_IN 3.40
T[0] = 1 Y[0] = 0.94
Y_IN 0.01
T[1] = 0 Y[1] = 0.01
Z[0] = -1.00
Y_IN 3.40
T[0] = 1 Y[0] = 0.94
Y_IN 0.01
T[1] = 0 Y[1] = 0.01
Z[0] = -0.97
Y_IN 3.36
T[0] = 1 Y[0] = 0.93
Y_IN 0.06
T[1] = 0 Y[1] = 0.03
Z[0] = -1.00
Y_IN 3.40
T[0] = 1 Y[0] = 0.94
Y_IN 0.01
T[1] = 0 Y[1] = 0.00
Z[0] = -0.98
Y_IN 3.36
T[0] = 1 Y[0] = 0.93
Y_IN 0.05
T[1] = 0 Y[1] = 0.03
Z[0] = 1.00
Y_IN 0.03
T[0] = 0 Y[0] = 0.02
Y_IN 3.99
T[1] = 1 Y[1] = 0.96
Z[0] = 1.00
Y_IN 0.04
T[0] = 0 Y[0] = 0.02
Y_IN 3.99
T[1] = 1 Y[1] = 0.96
Z[0] = 1.00
Y_IN 0.03
T[0] = 0 Y[0] = 0.02
Y_IN 3.99
T[1] = 1 Y[1] = 0.96
Z[0] = -0.99
Y_IN 3.38
T[0] = 1 Y[0] = 0.93
Y_IN 0.03
T[1] = 0 Y[1] = 0.01
Z[0] = -0.99
Y_IN 3.39
T[0] = 1 Y[0] = 0.93
Y_IN 0.02
T[1] = 0 Y[1] = 0.01
Z[0] = -0.98
Y_IN 3.38
T[0] = 1 Y[0] = 0.93
Y_IN 0.04
T[1] = 0 Y[1] = 0.02
Z[0] = 1.00
Y_IN 0.03
T[0] = 0 Y[0] = 0.02
Y_IN 3.99
T[1] = 1 Y[1] = 0.96
Z[0] = -1.00
Y_IN 3.40
T[0] = 1 Y[0] = 0.94
Y_IN 0.01
T[1] = 0 Y[1] = 0.00
Z[0] = 1.00
Y_IN 0.04
T[0] = 0 Y[0] = 0.02
Y_IN 3.98
T[1] = 1 Y[1] = 0.96
Z[0] = -1.00
Y_IN 3.40
T[0] = 1 Y[0] = 0.94
Y_IN 0.01
T[1] = 0 Y[1] = 0.00
Z[0] = -1.00
Y_IN 3.40
T[0] = 1 Y[0] = 0.94
Y_IN 0.01
T[1] = 0 Y[1] = 0.01
Z[0] = -0.99
Y_IN 3.38
T[0] = 1 Y[0] = 0.93
Y_IN 0.03
T[1] = 0 Y[1] = 0.01
Z[0] = 0.92
Y_IN 0.17
T[0] = 0 Y[0] = 0.09
Y_IN 3.82
T[1] = 1 Y[1] = 0.96
Z[0] = -1.00
Y_IN 3.40
T[0] = 1 Y[0] = 0.94
Y_IN 0.01
T[1] = 0 Y[1] = 0.00
Z[0] = -1.00
Y_IN 3.40
T[0] = 1 Y[0] = 0.94
Y_IN 0.01
T[1] = 0 Y[1] = 0.00
Z[0] = -1.00
Y_IN 3.40
T[0] = 1 Y[0] = 0.94
Y_IN 0.01
T[1] = 0 Y[1] = 0.00
Z[0] = -1.00
Y_IN 3.40
T[0] = 1 Y[0] = 0.94
Y_IN 0.01
T[1] = 0 Y[1] = 0.00
Z[0] = -1.00
Y_IN 3.40
T[0] = 1 Y[0] = 0.94
Y_IN 0.01
T[1] = 0 Y[1] = 0.01
Z[0] = 0.99
Y_IN 0.05
T[0] = 0 Y[0] = 0.03
Y_IN 3.96
T[1] = 1 Y[1] = 0.96
Z[0] = 0.99
Y_IN 0.05
T[0] = 0 Y[0] = 0.02
Y_IN 3.97
T[1] = 1 Y[1] = 0.96
Z[0] = -1.00
Y_IN 3.40
T[0] = 1 Y[0] = 0.94
Y_IN 0.01
T[1] = 0 Y[1] = 0.00
Z[0] = -1.00
Y_IN 3.40
T[0] = 1 Y[0] = 0.94
Y_IN 0.01
T[1] = 0 Y[1] = 0.00
Z[0] = 1.00
Y_IN 0.03
T[0] = 0 Y[0] = 0.02
Y_IN 3.99
T[1] = 1 Y[1] = 0.96
Z[0] = -0.99
Y_IN 3.39
T[0] = 1 Y[0] = 0.93
Y_IN 0.02
T[1] = 0 Y[1] = 0.01
Z[0] = -1.00
Y_IN 3.40
T[0] = 1 Y[0] = 0.94
Y_IN 0.01
T[1] = 0 Y[1] = 0.00
Z[0] = 1.00
Y_IN 0.03
T[0] = 0 Y[0] = 0.02
Y_IN 3.99
T[1] = 1 Y[1] = 0.96
Z[0] = 1.00
Y_IN 0.04
T[0] = 0 Y[0] = 0.02
Y_IN 3.98
T[1] = 1 Y[1] = 0.96
Z[0] = -0.99
Y_IN 3.39
T[0] = 1 Y[0] = 0.93
Y_IN 0.02
T[1] = 0 Y[1] = 0.01
Z[0] = -0.99
Y_IN 3.39
T[0] = 1 Y[0] = 0.93
Y_IN 0.02
T[1] = 0 Y[1] = 0.01
Z[0] = -1.00
Y_IN 3.40
T[0] = 1 Y[0] = 0.94
Y_IN 0.01
T[1] = 0 Y[1] = 0.01
Z[0] = -0.60
Y_IN 2.73
T[0] = 1 Y[0] = 0.88
Y_IN 0.81
T[1] = 0 Y[1] = 0.38
Z[0] = 1.00
Y_IN 0.03
T[0] = 0 Y[0] = 0.02
Y_IN 3.99
T[1] = 1 Y[1] = 0.96
Z[0] = 1.00
Y_IN 0.04
T[0] = 0 Y[0] = 0.02
Y_IN 3.99
T[1] = 1 Y[1] = 0.96
Z[0] = -0.58
Y_IN 2.69
T[0] = 0 Y[0] = 0.87
Y_IN 0.85
T[1] = 1 Y[1] = 0.40
Z[0] = 0.59
Y_IN 0.73
T[0] = 1 Y[0] = 0.35
Y_IN 3.17
T[1] = 0 Y[1] = 0.92
Z[0] = -1.00
Y_IN 3.40
T[0] = 1 Y[0] = 0.94
Y_IN 0.01
T[1] = 0 Y[1] = 0.00
Z[0] = -0.97
Y_IN 3.36
T[0] = 1 Y[0] = 0.93
Y_IN 0.06
T[1] = 0 Y[1] = 0.03
Z[0] = -1.00
Y_IN 3.40
T[0] = 1 Y[0] = 0.94
Y_IN 0.01
T[1] = 0 Y[1] = 0.01
Z[0] = -1.00
Y_IN 3.40
T[0] = 1 Y[0] = 0.94
Y_IN 0.01
T[1] = 0 Y[1] = 0.00
Z[0] = -0.99
Y_IN 3.39
T[0] = 1 Y[0] = 0.93
Y_IN 0.02
T[1] = 0 Y[1] = 0.01
Z[0] = -1.00
Y_IN 3.40
T[0] = 1 Y[0] = 0.94
Y_IN 0.01
T[1] = 0 Y[1] = 0.00
Z[0] = 0.88
Y_IN 0.24
T[0] = 0 Y[0] = 0.12
Y_IN 3.74
T[1] = 1 Y[1] = 0.95
Z[0] = -0.98
Y_IN 3.37
T[0] = 1 Y[0] = 0.93
Y_IN 0.04
T[1] = 0 Y[1] = 0.02
Z[0] = -0.56
Y_IN 2.65
T[0] = 1 Y[0] = 0.87
Y_IN 0.89
T[1] = 0 Y[1] = 0.42
Z[0] = -1.00
Y_IN 3.39
T[0] = 1 Y[0] = 0.94
Y_IN 0.01
T[1] = 0 Y[1] = 0.01
Z[0] = -0.97
Y_IN 3.35
T[0] = 1 Y[0] = 0.93
Y_IN 0.06
T[1] = 0 Y[1] = 0.03
Z[0] = 0.66
Y_IN 0.60
T[0] = 0 Y[0] = 0.29
Y_IN 3.32
T[1] = 1 Y[1] = 0.93
Z[0] = -0.99
Y_IN 3.39
T[0] = 1 Y[0] = 0.93
Y_IN 0.02
T[1] = 0 Y[1] = 0.01
Z[0] = -0.98
Y_IN 3.36
T[0] = 1 Y[0] = 0.93
Y_IN 0.05
T[1] = 0 Y[1] = 0.03
Z[0] = -0.98
Y_IN 3.37
T[0] = 1 Y[0] = 0.93
Y_IN 0.04
T[1] = 0 Y[1] = 0.02
Z[0] = 1.00
Y_IN 0.03
T[0] = 0 Y[0] = 0.02
Y_IN 3.99
T[1] = 1 Y[1] = 0.96
Z[0] = 1.00
Y_IN 0.04
T[0] = 0 Y[0] = 0.02
Y_IN 3.99
T[1] = 1 Y[1] = 0.96
Z[0] = -1.00
Y_IN 3.40
T[0] = 1 Y[0] = 0.94
Y_IN 0.01
T[1] = 0 Y[1] = 0.00
Z[0] = -1.00
Y_IN 3.40
T[0] = 1 Y[0] = 0.94
Y_IN 0.01
T[1] = 0 Y[1] = 0.01
Z[0] = 0.99
Y_IN 0.04
T[0] = 0 Y[0] = 0.02
Y_IN 3.98
T[1] = 1 Y[1] = 0.96
Z[0] = 0.88
Y_IN 0.23
T[0] = 0 Y[0] = 0.12
Y_IN 3.75
T[1] = 1 Y[1] = 0.95
Z[0] = -1.00
Y_IN 3.40
T[0] = 1 Y[0] = 0.94
Y_IN 0.01
T[1] = 0 Y[1] = 0.00
Z[0] = 1.00
Y_IN 0.03
T[0] = 0 Y[0] = 0.02
Y_IN 3.99
T[1] = 1 Y[1] = 0.96
Z[0] = -1.00
Y_IN 3.40
T[0] = 1 Y[0] = 0.94
Y_IN 0.01
T[1] = 0 Y[1] = 0.00
Z[0] = -0.98
Y_IN 3.36
T[0] = 1 Y[0] = 0.93
Y_IN 0.05
T[1] = 0 Y[1] = 0.02
Z[0] = 1.00
Y_IN 0.03
T[0] = 0 Y[0] = 0.02
Y_IN 3.99
T[1] = 1 Y[1] = 0.96
Z[0] = 0.98
Y_IN 0.08
T[0] = 1 Y[0] = 0.04
Y_IN 3.94
T[1] = 0 Y[1] = 0.96
Z[0] = -0.87
Y_IN 3.18
T[0] = 0 Y[0] = 0.92
Y_IN 0.27
T[1] = 1 Y[1] = 0.14
Z[0] = 0.97
Y_IN 0.09
T[0] = 0 Y[0] = 0.04
Y_IN 3.92
T[1] = 1 Y[1] = 0.96
Z[0] = 1.00
Y_IN 0.03
T[0] = 0 Y[0] = 0.02
Y_IN 3.99
T[1] = 1 Y[1] = 0.96
Z[0] = 1.00
Y_IN 0.03
T[0] = 0 Y[0] = 0.02
Y_IN 3.99
T[1] = 1 Y[1] = 0.96
Z[0] = 1.00
Y_IN 0.03
T[0] = 0 Y[0] = 0.02
Y_IN 3.99
T[1] = 1 Y[1] = 0.96
Z[0] = -1.00
Y_IN 3.40
T[0] = 1 Y[0] = 0.94
Y_IN 0.01
T[1] = 0 Y[1] = 0.01
Z[0] = 0.99
Y_IN 0.05
T[0] = 0 Y[0] = 0.03
Y_IN 3.97
T[1] = 1 Y[1] = 0.96
Z[0] = -1.00
Y_IN 3.40
T[0] = 1 Y[0] = 0.94
Y_IN 0.01
T[1] = 0 Y[1] = 0.01
Z[0] = 0.66
Y_IN 0.61
T[0] = 0 Y[0] = 0.30
Y_IN 3.31
T[1] = 1 Y[1] = 0.93
Z[0] = -0.04
Y_IN 1.78
T[0] = 1 Y[0] = 0.71
Y_IN 1.92
T[1] = 0 Y[1] = 0.74
Z[0] = 1.00
Y_IN 0.03
T[0] = 0 Y[0] = 0.02
Y_IN 3.99
T[1] = 1 Y[1] = 0.96
Z[0] = 0.90
Y_IN 0.19
T[0] = 0 Y[0] = 0.10
Y_IN 3.80
T[1] = 1 Y[1] = 0.96
Z[0] = -1.00
Y_IN 3.40
T[0] = 1 Y[0] = 0.94
Y_IN 0.01
T[1] = 0 Y[1] = 0.00
Z[0] = -0.94
Y_IN 3.30
T[0] = 1 Y[0] = 0.93
Y_IN 0.12
T[1] = 0 Y[1] = 0.06
Z[0] = -1.00
Y_IN 3.40
T[0] = 1 Y[0] = 0.94
Y_IN 0.01
T[1] = 0 Y[1] = 0.01
Z[0] = 0.99
Y_IN 0.05
T[0] = 0 Y[0] = 0.03
Y_IN 3.97
T[1] = 1 Y[1] = 0.96
Z[0] = -0.90
Y_IN 3.23
T[0] = 1 Y[0] = 0.92
Y_IN 0.21
T[1] = 0 Y[1] = 0.10
Z[0] = 1.00
Y_IN 0.04
T[0] = 0 Y[0] = 0.02
Y_IN 3.99
T[1] = 1 Y[1] = 0.96
Z[0] = -1.00
Y_IN 3.40
T[0] = 1 Y[0] = 0.94
Y_IN 0.01
T[1] = 0 Y[1] = 0.00
Z[0] = 0.33
Y_IN 1.15
T[0] = 1 Y[0] = 0.52
Y_IN 2.66
T[1] = 0 Y[1] = 0.87
Z[0] = -1.00
Y_IN 3.40
T[0] = 1 Y[0] = 0.94
Y_IN 0.01
T[1] = 0 Y[1] = 0.01
Z[0] = -0.99
Y_IN 3.39
T[0] = 1 Y[0] = 0.93
Y_IN 0.02
T[1] = 0 Y[1] = 0.01
Z[0] = -0.51
Y_IN 2.58
T[0] = 0 Y[0] = 0.86
Y_IN 0.98
T[1] = 1 Y[1] = 0.45
Z[0] = -1.00
Y_IN 3.40
T[0] = 1 Y[0] = 0.94
Y_IN 0.01
T[1] = 0 Y[1] = 0.01
Z[0] = -1.00
Y_IN 3.39
T[0] = 1 Y[0] = 0.94
Y_IN 0.01
T[1] = 0 Y[1] = 0.01
Z[0] = -1.00
Y_IN 3.40
T[0] = 1 Y[0] = 0.94
Y_IN 0.01
T[1] = 0 Y[1] = 0.00
Z[0] = -0.60
Y_IN 2.73
T[0] = 1 Y[0] = 0.88
Y_IN 0.80
T[1] = 0 Y[1] = 0.38
Z[0] = 1.00
Y_IN 0.04
T[0] = 0 Y[0] = 0.02
Y_IN 3.98
T[1] = 1 Y[1] = 0.96
Z[0] = -0.99
Y_IN 3.39
T[0] = 1 Y[0] = 0.93
Y_IN 0.02
T[1] = 0 Y[1] = 0.01
Z[0] = -1.00
Y_IN 3.40
T[0] = 1 Y[0] = 0.94
Y_IN 0.01
T[1] = 0 Y[1] = 0.00
