0.49 -0.21 
0.27 0.48 
-0.21 -0.48 
-0.02 0.34 
0.41 -0.16 0.44 0.21 
0.33 -0.47 -0.48 -0.29 
-0.35 -0.13 0.03 -0.19 0.49 0.49 

##################LEARN##################
Epoca 1, RMS = 0.67753
Epoca 2, RMS = 0.63364
Epoca 3, RMS = 0.59000
Epoca 4, RMS = 0.55460
Epoca 5, RMS = 0.53178
Epoca 6, RMS = 0.52052
Epoca 7, RMS = 0.51653
Epoca 8, RMS = 0.51595
Epoca 9, RMS = 0.51658
Epoca 10, RMS = 0.51746
Epoca 11, RMS = 0.51826
Epoca 12, RMS = 0.51891
Epoca 13, RMS = 0.51943
Epoca 14, RMS = 0.51984
Epoca 15, RMS = 0.52016
Epoca 16, RMS = 0.52039
Epoca 17, RMS = 0.52054
Epoca 18, RMS = 0.52061
Epoca 19, RMS = 0.52060
Epoca 20, RMS = 0.52053
Epoca 21, RMS = 0.52041
Epoca 22, RMS = 0.52027
Epoca 23, RMS = 0.52011
Epoca 24, RMS = 0.51997
Epoca 25, RMS = 0.51984
Epoca 26, RMS = 0.51973
Epoca 27, RMS = 0.51966
Epoca 28, RMS = 0.51961
Epoca 29, RMS = 0.51959
Epoca 30, RMS = 0.51960
Epoca 31, RMS = 0.51963
Epoca 32, RMS = 0.51967
Epoca 33, RMS = 0.51972
Epoca 34, RMS = 0.51977
Epoca 35, RMS = 0.51983
Epoca 36, RMS = 0.51989
Epoca 37, RMS = 0.51994
Epoca 38, RMS = 0.51999
Epoca 39, RMS = 0.52003
Epoca 40, RMS = 0.52007
Epoca 41, RMS = 0.52011
Epoca 42, RMS = 0.52015
Epoca 43, RMS = 0.52018
Epoca 44, RMS = 0.52021
Epoca 45, RMS = 0.52025
Epoca 46, RMS = 0.52028
Epoca 47, RMS = 0.52031
Epoca 48, RMS = 0.52034
Epoca 49, RMS = 0.52038
Epoca 50, RMS = 0.52041
Epoca 51, RMS = 0.52044
Epoca 52, RMS = 0.52047
Epoca 53, RMS = 0.52050
Epoca 54, RMS = 0.52053
Epoca 55, RMS = 0.52056
Epoca 56, RMS = 0.52059
Epoca 57, RMS = 0.52063
Epoca 58, RMS = 0.52066
Epoca 59, RMS = 0.52069
Epoca 60, RMS = 0.52072
Epoca 61, RMS = 0.52076
Epoca 62, RMS = 0.52080
Epoca 63, RMS = 0.52083
Epoca 64, RMS = 0.52087
Epoca 65, RMS = 0.52091
Epoca 66, RMS = 0.52094
Epoca 67, RMS = 0.52098
Epoca 68, RMS = 0.52102
Epoca 69, RMS = 0.52106
Epoca 70, RMS = 0.52109
Epoca 71, RMS = 0.52113
Epoca 72, RMS = 0.52117
Epoca 73, RMS = 0.52120
Epoca 74, RMS = 0.52124
Epoca 75, RMS = 0.52127
Epoca 76, RMS = 0.52131
Epoca 77, RMS = 0.52134
Epoca 78, RMS = 0.52137
Epoca 79, RMS = 0.52140
Epoca 80, RMS = 0.52143
Epoca 81, RMS = 0.52146
Epoca 82, RMS = 0.52148
Epoca 83, RMS = 0.52151
Epoca 84, RMS = 0.52153
Epoca 85, RMS = 0.52155
Epoca 86, RMS = 0.52157
Epoca 87, RMS = 0.52158
Epoca 88, RMS = 0.52159
Epoca 89, RMS = 0.52160
Epoca 90, RMS = 0.52161
Epoca 91, RMS = 0.52162
Epoca 92, RMS = 0.52162
Epoca 93, RMS = 0.52162
Epoca 94, RMS = 0.52162
Epoca 95, RMS = 0.52161
Epoca 96, RMS = 0.52160
Epoca 97, RMS = 0.52159
Epoca 98, RMS = 0.52157
Epoca 99, RMS = 0.52156
Epoca 100, RMS = 0.52153
Epoca 101, RMS = 0.52151
Epoca 102, RMS = 0.52148
Epoca 103, RMS = 0.52145
Epoca 104, RMS = 0.52141
Epoca 105, RMS = 0.52137
Epoca 106, RMS = 0.52133
Epoca 107, RMS = 0.52129
Epoca 108, RMS = 0.52124
Epoca 109, RMS = 0.52119
Epoca 110, RMS = 0.52113
Epoca 111, RMS = 0.52108
Epoca 112, RMS = 0.52102
Epoca 113, RMS = 0.52096
Epoca 114, RMS = 0.52090
Epoca 115, RMS = 0.52084
Epoca 116, RMS = 0.52078
Epoca 117, RMS = 0.52073
Epoca 118, RMS = 0.52067
Epoca 119, RMS = 0.52063
Epoca 120, RMS = 0.52059
Epoca 121, RMS = 0.52057
Epoca 122, RMS = 0.52057
Epoca 123, RMS = 0.52059
Epoca 124, RMS = 0.52064
Epoca 125, RMS = 0.52073
Epoca 126, RMS = 0.52087
Epoca 127, RMS = 0.52107
Epoca 128, RMS = 0.52132
Epoca 129, RMS = 0.52163
Epoca 130, RMS = 0.52194
Epoca 131, RMS = 0.52221
Epoca 132, RMS = 0.52238
Epoca 133, RMS = 0.52240
Epoca 134, RMS = 0.52226
Epoca 135, RMS = 0.52200
Epoca 136, RMS = 0.52163
Epoca 137, RMS = 0.52120
Epoca 138, RMS = 0.52074
Epoca 139, RMS = 0.52027
Epoca 140, RMS = 0.51980
Epoca 141, RMS = 0.51934
Epoca 142, RMS = 0.51890
Epoca 143, RMS = 0.51849
Epoca 144, RMS = 0.51810
Epoca 145, RMS = 0.51774
Epoca 146, RMS = 0.51742
Epoca 147, RMS = 0.51713
Epoca 148, RMS = 0.51687
Epoca 149, RMS = 0.51665
Epoca 150, RMS = 0.51646
Epoca 151, RMS = 0.51630
Epoca 152, RMS = 0.51617
Epoca 153, RMS = 0.51607
Epoca 154, RMS = 0.51599
Epoca 155, RMS = 0.51594
Epoca 156, RMS = 0.51591
Epoca 157, RMS = 0.51589
Epoca 158, RMS = 0.51588
Epoca 159, RMS = 0.51589
Epoca 160, RMS = 0.51591
Epoca 161, RMS = 0.51593
Epoca 162, RMS = 0.51595
Epoca 163, RMS = 0.51598
Epoca 164, RMS = 0.51601
Epoca 165, RMS = 0.51604
Epoca 166, RMS = 0.51606
Epoca 167, RMS = 0.51609
Epoca 168, RMS = 0.51611
Epoca 169, RMS = 0.51612
Epoca 170, RMS = 0.51613
Epoca 171, RMS = 0.51614
Epoca 172, RMS = 0.51615
Epoca 173, RMS = 0.51615
Epoca 174, RMS = 0.51615
Epoca 175, RMS = 0.51615
Epoca 176, RMS = 0.51614
Epoca 177, RMS = 0.51613
Epoca 178, RMS = 0.51612
Epoca 179, RMS = 0.51611
Epoca 180, RMS = 0.51610
Epoca 181, RMS = 0.51610
Epoca 182, RMS = 0.51609
Epoca 183, RMS = 0.51608
Epoca 184, RMS = 0.51607
Epoca 185, RMS = 0.51606
Epoca 186, RMS = 0.51606
Epoca 187, RMS = 0.51605
Epoca 188, RMS = 0.51605
Epoca 189, RMS = 0.51604
Epoca 190, RMS = 0.51604
Epoca 191, RMS = 0.51603
Epoca 192, RMS = 0.51602
Epoca 193, RMS = 0.51601
Epoca 194, RMS = 0.51600
Epoca 195, RMS = 0.51599
Epoca 196, RMS = 0.51597
Epoca 197, RMS = 0.51594
Epoca 198, RMS = 0.51591
Epoca 199, RMS = 0.51588
Epoca 200, RMS = 0.51583
Epoca 201, RMS = 0.51578
Epoca 202, RMS = 0.51573
Epoca 203, RMS = 0.51566
Epoca 204, RMS = 0.51559
Epoca 205, RMS = 0.51551
Epoca 206, RMS = 0.51543
Epoca 207, RMS = 0.51533
Epoca 208, RMS = 0.51524
Epoca 209, RMS = 0.51513
Epoca 210, RMS = 0.51502
Epoca 211, RMS = 0.51491
Epoca 212, RMS = 0.51480
Epoca 213, RMS = 0.51468
Epoca 214, RMS = 0.51457
Epoca 215, RMS = 0.51446
Epoca 216, RMS = 0.51435
Epoca 217, RMS = 0.51425
Epoca 218, RMS = 0.51416
Epoca 219, RMS = 0.51409
Epoca 220, RMS = 0.51404
Epoca 221, RMS = 0.51402
Epoca 222, RMS = 0.51403
Epoca 223, RMS = 0.51409
Epoca 224, RMS = 0.51421
Epoca 225, RMS = 0.51441
Epoca 226, RMS = 0.51470
Epoca 227, RMS = 0.51509
Epoca 228, RMS = 0.51561
Epoca 229, RMS = 0.51626
Epoca 230, RMS = 0.51703
Epoca 231, RMS = 0.51790
Epoca 232, RMS = 0.51882
Epoca 233, RMS = 0.51969
Epoca 234, RMS = 0.52043
Epoca 235, RMS = 0.52092
Epoca 236, RMS = 0.52109
Epoca 237, RMS = 0.52091
Epoca 238, RMS = 0.52041
Epoca 239, RMS = 0.51967
Epoca 240, RMS = 0.51881
Epoca 241, RMS = 0.51794
Epoca 242, RMS = 0.51715
Epoca 243, RMS = 0.51651
Epoca 244, RMS = 0.51605
Epoca 245, RMS = 0.51576
Epoca 246, RMS = 0.51562
Epoca 247, RMS = 0.51560
Epoca 248, RMS = 0.51564
Epoca 249, RMS = 0.51572
Epoca 250, RMS = 0.51581
Epoca 251, RMS = 0.51588
Epoca 252, RMS = 0.51592
Epoca 253, RMS = 0.51594
Epoca 254, RMS = 0.51592
Epoca 255, RMS = 0.51589
Epoca 256, RMS = 0.51585
Epoca 257, RMS = 0.51580
Epoca 258, RMS = 0.51576
Epoca 259, RMS = 0.51572
Epoca 260, RMS = 0.51571
Epoca 261, RMS = 0.51570
Epoca 262, RMS = 0.51571
Epoca 263, RMS = 0.51572
Epoca 264, RMS = 0.51573
Epoca 265, RMS = 0.51573
Epoca 266, RMS = 0.51573
Epoca 267, RMS = 0.51570
Epoca 268, RMS = 0.51567
Epoca 269, RMS = 0.51562
Epoca 270, RMS = 0.51556
Epoca 271, RMS = 0.51549
Epoca 272, RMS = 0.51542
Epoca 273, RMS = 0.51535
Epoca 274, RMS = 0.51529
Epoca 275, RMS = 0.51524
Epoca 276, RMS = 0.51520
Epoca 277, RMS = 0.51517
Epoca 278, RMS = 0.51515
Epoca 279, RMS = 0.51513
Epoca 280, RMS = 0.51512
Epoca 281, RMS = 0.51512
Epoca 282, RMS = 0.51511
Epoca 283, RMS = 0.51511
Epoca 284, RMS = 0.51510
Epoca 285, RMS = 0.51509
Epoca 286, RMS = 0.51507
Epoca 287, RMS = 0.51506
Epoca 288, RMS = 0.51503
Epoca 289, RMS = 0.51501
Epoca 290, RMS = 0.51497
Epoca 291, RMS = 0.51494
Epoca 292, RMS = 0.51490
Epoca 293, RMS = 0.51486
Epoca 294, RMS = 0.51481
Epoca 295, RMS = 0.51476
Epoca 296, RMS = 0.51471
Epoca 297, RMS = 0.51466
Epoca 298, RMS = 0.51460
Epoca 299, RMS = 0.51454
Epoca 300, RMS = 0.51447
Epoca 301, RMS = 0.51440
Epoca 302, RMS = 0.51433
Epoca 303, RMS = 0.51426
Epoca 304, RMS = 0.51418
Epoca 305, RMS = 0.51411
Epoca 306, RMS = 0.51403
Epoca 307, RMS = 0.51394
Epoca 308, RMS = 0.51386
Epoca 309, RMS = 0.51378
Epoca 310, RMS = 0.51369
Epoca 311, RMS = 0.51361
Epoca 312, RMS = 0.51352
Epoca 313, RMS = 0.51343
Epoca 314, RMS = 0.51335
Epoca 315, RMS = 0.51327
Epoca 316, RMS = 0.51318
Epoca 317, RMS = 0.51311
Epoca 318, RMS = 0.51303
Epoca 319, RMS = 0.51296
Epoca 320, RMS = 0.51289
Epoca 321, RMS = 0.51283
Epoca 322, RMS = 0.51277
Epoca 323, RMS = 0.51272
Epoca 324, RMS = 0.51267
Epoca 325, RMS = 0.51262
Epoca 326, RMS = 0.51258
Epoca 327, RMS = 0.51255
Epoca 328, RMS = 0.51251
Epoca 329, RMS = 0.51247
Epoca 330, RMS = 0.51242
Epoca 331, RMS = 0.51237
Epoca 332, RMS = 0.51230
Epoca 333, RMS = 0.51223
Epoca 334, RMS = 0.51215
Epoca 335, RMS = 0.51206
Epoca 336, RMS = 0.51196
Epoca 337, RMS = 0.51186
Epoca 338, RMS = 0.51176
Epoca 339, RMS = 0.51167
Epoca 340, RMS = 0.51159
Epoca 341, RMS = 0.51153
Epoca 342, RMS = 0.51148
Epoca 343, RMS = 0.51144
Epoca 344, RMS = 0.51143
Epoca 345, RMS = 0.51143
Epoca 346, RMS = 0.51145
Epoca 347, RMS = 0.51149
Epoca 348, RMS = 0.51155
Epoca 349, RMS = 0.51161
Epoca 350, RMS = 0.51169
Epoca 351, RMS = 0.51177
Epoca 352, RMS = 0.51187
Epoca 353, RMS = 0.51196
Epoca 354, RMS = 0.51206
Epoca 355, RMS = 0.51216
Epoca 356, RMS = 0.51226
Epoca 357, RMS = 0.51236
Epoca 358, RMS = 0.51246
Epoca 359, RMS = 0.51255
Epoca 360, RMS = 0.51264
Epoca 361, RMS = 0.51273
Epoca 362, RMS = 0.51281
Epoca 363, RMS = 0.51288
Epoca 364, RMS = 0.51295
Epoca 365, RMS = 0.51302
Epoca 366, RMS = 0.51308
Epoca 367, RMS = 0.51313
Epoca 368, RMS = 0.51317
Epoca 369, RMS = 0.51321
Epoca 370, RMS = 0.51324
Epoca 371, RMS = 0.51326
Epoca 372, RMS = 0.51328
Epoca 373, RMS = 0.51329
Epoca 374, RMS = 0.51329
Epoca 375, RMS = 0.51328
Epoca 376, RMS = 0.51327
Epoca 377, RMS = 0.51325
Epoca 378, RMS = 0.51323
Epoca 379, RMS = 0.51319
Epoca 380, RMS = 0.51315
Epoca 381, RMS = 0.51311
Epoca 382, RMS = 0.51305
Epoca 383, RMS = 0.51299
Epoca 384, RMS = 0.51293
Epoca 385, RMS = 0.51285
Epoca 386, RMS = 0.51278
Epoca 387, RMS = 0.51269
Epoca 388, RMS = 0.51260
Epoca 389, RMS = 0.51250
Epoca 390, RMS = 0.51240
Epoca 391, RMS = 0.51229
Epoca 392, RMS = 0.51218
Epoca 393, RMS = 0.51206
Epoca 394, RMS = 0.51194
Epoca 395, RMS = 0.51181
Epoca 396, RMS = 0.51168
Epoca 397, RMS = 0.51154
Epoca 398, RMS = 0.51141
Epoca 399, RMS = 0.51127
Epoca 400, RMS = 0.51112
Epoca 401, RMS = 0.51098
Epoca 402, RMS = 0.51083
Epoca 403, RMS = 0.51069
Epoca 404, RMS = 0.51055
Epoca 405, RMS = 0.51041
Epoca 406, RMS = 0.51027
Epoca 407, RMS = 0.51014
Epoca 408, RMS = 0.51002
Epoca 409, RMS = 0.50991
Epoca 410, RMS = 0.50981
Epoca 411, RMS = 0.50973
Epoca 412, RMS = 0.50966
Epoca 413, RMS = 0.50961
Epoca 414, RMS = 0.50959
Epoca 415, RMS = 0.50960
Epoca 416, RMS = 0.50963
Epoca 417, RMS = 0.50969
Epoca 418, RMS = 0.50977
Epoca 419, RMS = 0.50989
Epoca 420, RMS = 0.51002
Epoca 421, RMS = 0.51018
Epoca 422, RMS = 0.51035
Epoca 423, RMS = 0.51052
Epoca 424, RMS = 0.51070
Epoca 425, RMS = 0.51087
Epoca 426, RMS = 0.51103
Epoca 427, RMS = 0.51118
Epoca 428, RMS = 0.51132
Epoca 429, RMS = 0.51147
Epoca 430, RMS = 0.51161
Epoca 431, RMS = 0.51177
Epoca 432, RMS = 0.51195
Epoca 433, RMS = 0.51214
Epoca 434, RMS = 0.51234
Epoca 435, RMS = 0.51255
Epoca 436, RMS = 0.51277
Epoca 437, RMS = 0.51297
Epoca 438, RMS = 0.51316
Epoca 439, RMS = 0.51333
Epoca 440, RMS = 0.51348
Epoca 441, RMS = 0.51361
Epoca 442, RMS = 0.51371
Epoca 443, RMS = 0.51379
Epoca 444, RMS = 0.51386
Epoca 445, RMS = 0.51391
Epoca 446, RMS = 0.51395
Epoca 447, RMS = 0.51398
Epoca 448, RMS = 0.51401
Epoca 449, RMS = 0.51403
Epoca 450, RMS = 0.51404
Epoca 451, RMS = 0.51405
Epoca 452, RMS = 0.51406
Epoca 453, RMS = 0.51407
Epoca 454, RMS = 0.51407
Epoca 455, RMS = 0.51408
Epoca 456, RMS = 0.51408
Epoca 457, RMS = 0.51408
Epoca 458, RMS = 0.51408
Epoca 459, RMS = 0.51408
Epoca 460, RMS = 0.51408
Epoca 461, RMS = 0.51408
Epoca 462, RMS = 0.51408
Epoca 463, RMS = 0.51407
Epoca 464, RMS = 0.51407
Epoca 465, RMS = 0.51406
Epoca 466, RMS = 0.51405
Epoca 467, RMS = 0.51403
Epoca 468, RMS = 0.51402
Epoca 469, RMS = 0.51399
Epoca 470, RMS = 0.51397
Epoca 471, RMS = 0.51393
Epoca 472, RMS = 0.51390
Epoca 473, RMS = 0.51385
Epoca 474, RMS = 0.51381
Epoca 475, RMS = 0.51375
Epoca 476, RMS = 0.51369
Epoca 477, RMS = 0.51363
Epoca 478, RMS = 0.51356
Epoca 479, RMS = 0.51349
Epoca 480, RMS = 0.51341
Epoca 481, RMS = 0.51333
Epoca 482, RMS = 0.51324
Epoca 483, RMS = 0.51315
Epoca 484, RMS = 0.51306
Epoca 485, RMS = 0.51296
Epoca 486, RMS = 0.51286
Epoca 487, RMS = 0.51276
Epoca 488, RMS = 0.51265
Epoca 489, RMS = 0.51255
Epoca 490, RMS = 0.51244
Epoca 491, RMS = 0.51234
Epoca 492, RMS = 0.51223
Epoca 493, RMS = 0.51213
Epoca 494, RMS = 0.51203
Epoca 495, RMS = 0.51194
Epoca 496, RMS = 0.51185
Epoca 497, RMS = 0.51177
Epoca 498, RMS = 0.51169
Epoca 499, RMS = 0.51163
Epoca 500, RMS = 0.51157
Epoca 501, RMS = 0.51153
Epoca 502, RMS = 0.51149
Epoca 503, RMS = 0.51147
Epoca 504, RMS = 0.51145
Epoca 505, RMS = 0.51145
Epoca 506, RMS = 0.51145
Epoca 507, RMS = 0.51146
Epoca 508, RMS = 0.51147
Epoca 509, RMS = 0.51149
Epoca 510, RMS = 0.51151
Epoca 511, RMS = 0.51152
Epoca 512, RMS = 0.51153
Epoca 513, RMS = 0.51153
Epoca 514, RMS = 0.51152
Epoca 515, RMS = 0.51149
Epoca 516, RMS = 0.51145
Epoca 517, RMS = 0.51139
Epoca 518, RMS = 0.51130
Epoca 519, RMS = 0.51119
Epoca 520, RMS = 0.51105
Epoca 521, RMS = 0.51089
Epoca 522, RMS = 0.51071
Epoca 523, RMS = 0.51051
Epoca 524, RMS = 0.51031
Epoca 525, RMS = 0.51009
Epoca 526, RMS = 0.50988
Epoca 527, RMS = 0.50969
Epoca 528, RMS = 0.50951
Epoca 529, RMS = 0.50936
Epoca 530, RMS = 0.50925
Epoca 531, RMS = 0.50916
Epoca 532, RMS = 0.50911
Epoca 533, RMS = 0.50910
Epoca 534, RMS = 0.50912
Epoca 535, RMS = 0.50916
Epoca 536, RMS = 0.50923
Epoca 537, RMS = 0.50933
Epoca 538, RMS = 0.50944
Epoca 539, RMS = 0.50956
Epoca 540, RMS = 0.50970
Epoca 541, RMS = 0.50984
Epoca 542, RMS = 0.50998
Epoca 543, RMS = 0.51013
Epoca 544, RMS = 0.51028
Epoca 545, RMS = 0.51042
Epoca 546, RMS = 0.51057
Epoca 547, RMS = 0.51071
Epoca 548, RMS = 0.51084
Epoca 549, RMS = 0.51097
Epoca 550, RMS = 0.51110
Epoca 551, RMS = 0.51122
Epoca 552, RMS = 0.51133
Epoca 553, RMS = 0.51143
Epoca 554, RMS = 0.51152
Epoca 555, RMS = 0.51161
Epoca 556, RMS = 0.51168
Epoca 557, RMS = 0.51175
Epoca 558, RMS = 0.51180
Epoca 559, RMS = 0.51185
Epoca 560, RMS = 0.51189
Epoca 561, RMS = 0.51191
Epoca 562, RMS = 0.51193
Epoca 563, RMS = 0.51193
Epoca 564, RMS = 0.51193
Epoca 565, RMS = 0.51192
Epoca 566, RMS = 0.51190
Epoca 567, RMS = 0.51187
Epoca 568, RMS = 0.51184
Epoca 569, RMS = 0.51180
Epoca 570, RMS = 0.51175
Epoca 571, RMS = 0.51170
Epoca 572, RMS = 0.51164
Epoca 573, RMS = 0.51158
Epoca 574, RMS = 0.51152
Epoca 575, RMS = 0.51145
Epoca 576, RMS = 0.51137
Epoca 577, RMS = 0.51130
Epoca 578, RMS = 0.51122
Epoca 579, RMS = 0.51115
Epoca 580, RMS = 0.51107
Epoca 581, RMS = 0.51098
Epoca 582, RMS = 0.51090
Epoca 583, RMS = 0.51082
Epoca 584, RMS = 0.51073
Epoca 585, RMS = 0.51064
Epoca 586, RMS = 0.51056
Epoca 587, RMS = 0.51047
Epoca 588, RMS = 0.51038
Epoca 589, RMS = 0.51028
Epoca 590, RMS = 0.51019
Epoca 591, RMS = 0.51009
Epoca 592, RMS = 0.50999
Epoca 593, RMS = 0.50989
Epoca 594, RMS = 0.50978
Epoca 595, RMS = 0.50968
Epoca 596, RMS = 0.50957
Epoca 597, RMS = 0.50946
Epoca 598, RMS = 0.50935
Epoca 599, RMS = 0.50924
Epoca 600, RMS = 0.50913
Epoca 601, RMS = 0.50903
Epoca 602, RMS = 0.50894
Epoca 603, RMS = 0.50886
Epoca 604, RMS = 0.50880
Epoca 605, RMS = 0.50876
Epoca 606, RMS = 0.50875
Epoca 607, RMS = 0.50877
Epoca 608, RMS = 0.50883
Epoca 609, RMS = 0.50893
Epoca 610, RMS = 0.50907
Epoca 611, RMS = 0.50925
Epoca 612, RMS = 0.50946
Epoca 613, RMS = 0.50971
Epoca 614, RMS = 0.50998
Epoca 615, RMS = 0.51027
Epoca 616, RMS = 0.51055
Epoca 617, RMS = 0.51083
Epoca 618, RMS = 0.51110
Epoca 619, RMS = 0.51135
Epoca 620, RMS = 0.51158
Epoca 621, RMS = 0.51178
Epoca 622, RMS = 0.51195
Epoca 623, RMS = 0.51209
Epoca 624, RMS = 0.51221
Epoca 625, RMS = 0.51230
Epoca 626, RMS = 0.51237
Epoca 627, RMS = 0.51240
Epoca 628, RMS = 0.51242
Epoca 629, RMS = 0.51241
Epoca 630, RMS = 0.51239
Epoca 631, RMS = 0.51235
Epoca 632, RMS = 0.51230
Epoca 633, RMS = 0.51225
Epoca 634, RMS = 0.51219
Epoca 635, RMS = 0.51213
Epoca 636, RMS = 0.51208
Epoca 637, RMS = 0.51203
Epoca 638, RMS = 0.51199
Epoca 639, RMS = 0.51194
Epoca 640, RMS = 0.51190
Epoca 641, RMS = 0.51186
Epoca 642, RMS = 0.51183
Epoca 643, RMS = 0.51179
Epoca 644, RMS = 0.51175
Epoca 645, RMS = 0.51171
Epoca 646, RMS = 0.51167
Epoca 647, RMS = 0.51163
Epoca 648, RMS = 0.51159
Epoca 649, RMS = 0.51155
Epoca 650, RMS = 0.51151
Epoca 651, RMS = 0.51147
Epoca 652, RMS = 0.51143
Epoca 653, RMS = 0.51139
Epoca 654, RMS = 0.51135
Epoca 655, RMS = 0.51130
Epoca 656, RMS = 0.51126
Epoca 657, RMS = 0.51122
Epoca 658, RMS = 0.51118
Epoca 659, RMS = 0.51113
Epoca 660, RMS = 0.51109
Epoca 661, RMS = 0.51104
Epoca 662, RMS = 0.51100
Epoca 663, RMS = 0.51095
Epoca 664, RMS = 0.51090
Epoca 665, RMS = 0.51086
Epoca 666, RMS = 0.51081
Epoca 667, RMS = 0.51077
Epoca 668, RMS = 0.51073
Epoca 669, RMS = 0.51068
Epoca 670, RMS = 0.51064
Epoca 671, RMS = 0.51061
Epoca 672, RMS = 0.51057
Epoca 673, RMS = 0.51053
Epoca 674, RMS = 0.51050
Epoca 675, RMS = 0.51047
Epoca 676, RMS = 0.51044
Epoca 677, RMS = 0.51041
Epoca 678, RMS = 0.51039
Epoca 679, RMS = 0.51036
Epoca 680, RMS = 0.51034
Epoca 681, RMS = 0.51033
Epoca 682, RMS = 0.51031
Epoca 683, RMS = 0.51030
Epoca 684, RMS = 0.51029
Epoca 685, RMS = 0.51029
Epoca 686, RMS = 0.51029
Epoca 687, RMS = 0.51029
Epoca 688, RMS = 0.51030
Epoca 689, RMS = 0.51031
Epoca 690, RMS = 0.51032
Epoca 691, RMS = 0.51034
Epoca 692, RMS = 0.51036
Epoca 693, RMS = 0.51038
Epoca 694, RMS = 0.51041
Epoca 695, RMS = 0.51044
Epoca 696, RMS = 0.51046
Epoca 697, RMS = 0.51049
Epoca 698, RMS = 0.51052
Epoca 699, RMS = 0.51054
Epoca 700, RMS = 0.51055
Epoca 701, RMS = 0.51056
Epoca 702, RMS = 0.51055
Epoca 703, RMS = 0.51052
Epoca 704, RMS = 0.51047
Epoca 705, RMS = 0.51040
Epoca 706, RMS = 0.51031
Epoca 707, RMS = 0.51019
Epoca 708, RMS = 0.51004
Epoca 709, RMS = 0.50988
Epoca 710, RMS = 0.50969
Epoca 711, RMS = 0.50950
Epoca 712, RMS = 0.50930
Epoca 713, RMS = 0.50910
Epoca 714, RMS = 0.50891
Epoca 715, RMS = 0.50875
Epoca 716, RMS = 0.50861
Epoca 717, RMS = 0.50850
Epoca 718, RMS = 0.50842
Epoca 719, RMS = 0.50838
Epoca 720, RMS = 0.50838
Epoca 721, RMS = 0.50841
Epoca 722, RMS = 0.50848
Epoca 723, RMS = 0.50858
Epoca 724, RMS = 0.50870
Epoca 725, RMS = 0.50884
Epoca 726, RMS = 0.50900
Epoca 727, RMS = 0.50917
Epoca 728, RMS = 0.50936
Epoca 729, RMS = 0.50955
Epoca 730, RMS = 0.50975
Epoca 731, RMS = 0.50994
Epoca 732, RMS = 0.51014
Epoca 733, RMS = 0.51033
Epoca 734, RMS = 0.51052
Epoca 735, RMS = 0.51070
Epoca 736, RMS = 0.51087
Epoca 737, RMS = 0.51103
Epoca 738, RMS = 0.51117
Epoca 739, RMS = 0.51131
Epoca 740, RMS = 0.51143
Epoca 741, RMS = 0.51154
Epoca 742, RMS = 0.51164
Epoca 743, RMS = 0.51173
Epoca 744, RMS = 0.51180
Epoca 745, RMS = 0.51186
Epoca 746, RMS = 0.51191
Epoca 747, RMS = 0.51194
Epoca 748, RMS = 0.51197
Epoca 749, RMS = 0.51198
Epoca 750, RMS = 0.51198
Epoca 751, RMS = 0.51198
Epoca 752, RMS = 0.51197
Epoca 753, RMS = 0.51194
Epoca 754, RMS = 0.51192
Epoca 755, RMS = 0.51188
Epoca 756, RMS = 0.51184
Epoca 757, RMS = 0.51179
Epoca 758, RMS = 0.51173
Epoca 759, RMS = 0.51168
Epoca 760, RMS = 0.51161
Epoca 761, RMS = 0.51154
Epoca 762, RMS = 0.51147
Epoca 763, RMS = 0.51139
Epoca 764, RMS = 0.51131
Epoca 765, RMS = 0.51123
Epoca 766, RMS = 0.51114
Epoca 767, RMS = 0.51104
Epoca 768, RMS = 0.51095
Epoca 769, RMS = 0.51085
Epoca 770, RMS = 0.51074
Epoca 771, RMS = 0.51063
Epoca 772, RMS = 0.51052
Epoca 773, RMS = 0.51040
Epoca 774, RMS = 0.51028
Epoca 775, RMS = 0.51016
Epoca 776, RMS = 0.51003
Epoca 777, RMS = 0.50990
Epoca 778, RMS = 0.50976
Epoca 779, RMS = 0.50962
Epoca 780, RMS = 0.50948
Epoca 781, RMS = 0.50933
Epoca 782, RMS = 0.50919
Epoca 783, RMS = 0.50904
Epoca 784, RMS = 0.50890
Epoca 785, RMS = 0.50876
Epoca 786, RMS = 0.50863
Epoca 787, RMS = 0.50850
Epoca 788, RMS = 0.50839
Epoca 789, RMS = 0.50830
Epoca 790, RMS = 0.50822
Epoca 791, RMS = 0.50818
Epoca 792, RMS = 0.50816
Epoca 793, RMS = 0.50819
Epoca 794, RMS = 0.50825
Epoca 795, RMS = 0.50836
Epoca 796, RMS = 0.50851
Epoca 797, RMS = 0.50872
Epoca 798, RMS = 0.50896
Epoca 799, RMS = 0.50924
Epoca 800, RMS = 0.50956
Epoca 801, RMS = 0.50989
Epoca 802, RMS = 0.51023
Epoca 803, RMS = 0.51058
Epoca 804, RMS = 0.51091
Epoca 805, RMS = 0.51123
Epoca 806, RMS = 0.51152
Epoca 807, RMS = 0.51178
Epoca 808, RMS = 0.51202
Epoca 809, RMS = 0.51223
Epoca 810, RMS = 0.51241
Epoca 811, RMS = 0.51256
Epoca 812, RMS = 0.51269
Epoca 813, RMS = 0.51278
Epoca 814, RMS = 0.51286
Epoca 815, RMS = 0.51290
Epoca 816, RMS = 0.51293
Epoca 817, RMS = 0.51293
Epoca 818, RMS = 0.51292
Epoca 819, RMS = 0.51289
Epoca 820, RMS = 0.51284
Epoca 821, RMS = 0.51278
Epoca 822, RMS = 0.51270
Epoca 823, RMS = 0.51261
Epoca 824, RMS = 0.51252
Epoca 825, RMS = 0.51241
Epoca 826, RMS = 0.51230
Epoca 827, RMS = 0.51218
Epoca 828, RMS = 0.51206
Epoca 829, RMS = 0.51193
Epoca 830, RMS = 0.51180
Epoca 831, RMS = 0.51166
Epoca 832, RMS = 0.51153
Epoca 833, RMS = 0.51139
Epoca 834, RMS = 0.51125
Epoca 835, RMS = 0.51111
Epoca 836, RMS = 0.51097
Epoca 837, RMS = 0.51083
Epoca 838, RMS = 0.51070
Epoca 839, RMS = 0.51056
Epoca 840, RMS = 0.51043
Epoca 841, RMS = 0.51030
Epoca 842, RMS = 0.51017
Epoca 843, RMS = 0.51004
Epoca 844, RMS = 0.50992
Epoca 845, RMS = 0.50980
Epoca 846, RMS = 0.50968
Epoca 847, RMS = 0.50956
Epoca 848, RMS = 0.50944
Epoca 849, RMS = 0.50933
Epoca 850, RMS = 0.50922
Epoca 851, RMS = 0.50911
Epoca 852, RMS = 0.50900
Epoca 853, RMS = 0.50890
Epoca 854, RMS = 0.50880
Epoca 855, RMS = 0.50870
Epoca 856, RMS = 0.50860
Epoca 857, RMS = 0.50852
Epoca 858, RMS = 0.50843
Epoca 859, RMS = 0.50835
Epoca 860, RMS = 0.50828
Epoca 861, RMS = 0.50821
Epoca 862, RMS = 0.50814
Epoca 863, RMS = 0.50809
Epoca 864, RMS = 0.50804
Epoca 865, RMS = 0.50799
Epoca 866, RMS = 0.50795
Epoca 867, RMS = 0.50792
Epoca 868, RMS = 0.50790
Epoca 869, RMS = 0.50788
Epoca 870, RMS = 0.50787
Epoca 871, RMS = 0.50787
Epoca 872, RMS = 0.50787
Epoca 873, RMS = 0.50788
Epoca 874, RMS = 0.50790
Epoca 875, RMS = 0.50793
Epoca 876, RMS = 0.50796
Epoca 877, RMS = 0.50800
Epoca 878, RMS = 0.50804
Epoca 879, RMS = 0.50809
Epoca 880, RMS = 0.50814
Epoca 881, RMS = 0.50820
Epoca 882, RMS = 0.50825
Epoca 883, RMS = 0.50831
Epoca 884, RMS = 0.50837
Epoca 885, RMS = 0.50842
Epoca 886, RMS = 0.50846
Epoca 887, RMS = 0.50850
Epoca 888, RMS = 0.50853
Epoca 889, RMS = 0.50855
Epoca 890, RMS = 0.50855
Epoca 891, RMS = 0.50854
Epoca 892, RMS = 0.50851
Epoca 893, RMS = 0.50846
Epoca 894, RMS = 0.50840
Epoca 895, RMS = 0.50832
Epoca 896, RMS = 0.50822
Epoca 897, RMS = 0.50812
Epoca 898, RMS = 0.50801
Epoca 899, RMS = 0.50790
Epoca 900, RMS = 0.50779
Epoca 901, RMS = 0.50769
Epoca 902, RMS = 0.50761
Epoca 903, RMS = 0.50754
Epoca 904, RMS = 0.50749
Epoca 905, RMS = 0.50746
Epoca 906, RMS = 0.50746
Epoca 907, RMS = 0.50748
Epoca 908, RMS = 0.50752
Epoca 909, RMS = 0.50758
Epoca 910, RMS = 0.50767
Epoca 911, RMS = 0.50777
Epoca 912, RMS = 0.50789
Epoca 913, RMS = 0.50803
Epoca 914, RMS = 0.50817
Epoca 915, RMS = 0.50833
Epoca 916, RMS = 0.50850
Epoca 917, RMS = 0.50867
Epoca 918, RMS = 0.50885
Epoca 919, RMS = 0.50904
Epoca 920, RMS = 0.50923
Epoca 921, RMS = 0.50942
Epoca 922, RMS = 0.50962
Epoca 923, RMS = 0.50981
Epoca 924, RMS = 0.51000
Epoca 925, RMS = 0.51019
Epoca 926, RMS = 0.51038
Epoca 927, RMS = 0.51057
Epoca 928, RMS = 0.51075
Epoca 929, RMS = 0.51093
Epoca 930, RMS = 0.51109
Epoca 931, RMS = 0.51126
Epoca 932, RMS = 0.51141
Epoca 933, RMS = 0.51156
Epoca 934, RMS = 0.51169
Epoca 935, RMS = 0.51182
Epoca 936, RMS = 0.51194
Epoca 937, RMS = 0.51205
Epoca 938, RMS = 0.51215
Epoca 939, RMS = 0.51224
Epoca 940, RMS = 0.51232
Epoca 941, RMS = 0.51239
Epoca 942, RMS = 0.51245
Epoca 943, RMS = 0.51250
Epoca 944, RMS = 0.51253
Epoca 945, RMS = 0.51256
Epoca 946, RMS = 0.51258
Epoca 947, RMS = 0.51259
Epoca 948, RMS = 0.51260
Epoca 949, RMS = 0.51259
Epoca 950, RMS = 0.51257
Epoca 951, RMS = 0.51254
Epoca 952, RMS = 0.51250
Epoca 953, RMS = 0.51246
Epoca 954, RMS = 0.51240
Epoca 955, RMS = 0.51234
Epoca 956, RMS = 0.51226
Epoca 957, RMS = 0.51218
Epoca 958, RMS = 0.51209
Epoca 959, RMS = 0.51198
Epoca 960, RMS = 0.51187
Epoca 961, RMS = 0.51175
Epoca 962, RMS = 0.51163
Epoca 963, RMS = 0.51149
Epoca 964, RMS = 0.51135
Epoca 965, RMS = 0.51120
Epoca 966, RMS = 0.51105
Epoca 967, RMS = 0.51089
Epoca 968, RMS = 0.51074
Epoca 969, RMS = 0.51058
Epoca 970, RMS = 0.51043
Epoca 971, RMS = 0.51029
Epoca 972, RMS = 0.51015
Epoca 973, RMS = 0.51003
Epoca 974, RMS = 0.50993
Epoca 975, RMS = 0.50985
Epoca 976, RMS = 0.50980
Epoca 977, RMS = 0.50978
Epoca 978, RMS = 0.50979
Epoca 979, RMS = 0.50984
Epoca 980, RMS = 0.50992
Epoca 981, RMS = 0.51004
Epoca 982, RMS = 0.51018
Epoca 983, RMS = 0.51036
Epoca 984, RMS = 0.51056
Epoca 985, RMS = 0.51077
Epoca 986, RMS = 0.51099
Epoca 987, RMS = 0.51120
Epoca 988, RMS = 0.51141
Epoca 989, RMS = 0.51160
Epoca 990, RMS = 0.51178
Epoca 991, RMS = 0.51193
Epoca 992, RMS = 0.51206
Epoca 993, RMS = 0.51217
Epoca 994, RMS = 0.51225
Epoca 995, RMS = 0.51232
Epoca 996, RMS = 0.51236
Epoca 997, RMS = 0.51239
Epoca 998, RMS = 0.51239
Epoca 999, RMS = 0.51239
Epoca 1000, RMS = 0.51237

##################TEST##################
Z[0] = 0.52
Z[1] = -0.64
Z[2] = -0.20
Z[3] = -0.43
Y_IN 0.92
T[0] = 0 Y[0] = 0.43
Y_IN 1.15
T[1] = 1 Y[1] = 0.52
Z[0] = 0.51
Z[1] = -0.57
Z[2] = -0.42
Z[3] = -0.04
Y_IN 1.14
T[0] = 1 Y[0] = 0.52
Y_IN 1.14
T[1] = 0 Y[1] = 0.51
Z[0] = -0.31
Z[1] = 0.02
Z[2] = 0.02
Z[3] = 0.42
Y_IN 1.13
T[0] = 1 Y[0] = 0.51
Y_IN 1.11
T[1] = 0 Y[1] = 0.50
Z[0] = -0.31
Z[1] = 0.12
Z[2] = -0.22
Z[3] = 0.70
Y_IN 1.29
T[0] = 0 Y[0] = 0.57
Y_IN 1.04
T[1] = 1 Y[1] = 0.48
