0.49 -0.21 
0.27 0.48 
-0.21 -0.48 
-0.02 0.34 
0.41 -0.16 
0.44 0.21 
0.33 -0.47 
-0.48 -0.29 -0.35 -0.13 0.03 -0.19 0.49 
0.49 0.10 -0.35 -0.35 0.21 -0.05 0.17 
0.17 0.24 0.41 0.15 -0.47 0.18 0.13 -0.18 0.19 

##################LEARN##################
Epoca 1, RMS = 1.25796
Epoca 2, RMS = 0.94858
Epoca 3, RMS = 0.66429
Epoca 4, RMS = 0.49057
Epoca 5, RMS = 0.41401
Epoca 6, RMS = 0.38627
Epoca 7, RMS = 0.37837
Epoca 8, RMS = 0.37791
Epoca 9, RMS = 0.37986
Epoca 10, RMS = 0.38230
Epoca 11, RMS = 0.38456
Epoca 12, RMS = 0.38647
Epoca 13, RMS = 0.38804
Epoca 14, RMS = 0.38930
Epoca 15, RMS = 0.39030
Epoca 16, RMS = 0.39108
Epoca 17, RMS = 0.39167
Epoca 18, RMS = 0.39210
Epoca 19, RMS = 0.39240
Epoca 20, RMS = 0.39258
Epoca 21, RMS = 0.39266
Epoca 22, RMS = 0.39267
Epoca 23, RMS = 0.39260
Epoca 24, RMS = 0.39248
Epoca 25, RMS = 0.39232
Epoca 26, RMS = 0.39212
Epoca 27, RMS = 0.39188
Epoca 28, RMS = 0.39162
Epoca 29, RMS = 0.39134
Epoca 30, RMS = 0.39104
Epoca 31, RMS = 0.39072
Epoca 32, RMS = 0.39039
Epoca 33, RMS = 0.39005
Epoca 34, RMS = 0.38969
Epoca 35, RMS = 0.38932
Epoca 36, RMS = 0.38894
Epoca 37, RMS = 0.38855
Epoca 38, RMS = 0.38815
Epoca 39, RMS = 0.38773
Epoca 40, RMS = 0.38730
Epoca 41, RMS = 0.38685
Epoca 42, RMS = 0.38639
Epoca 43, RMS = 0.38592
Epoca 44, RMS = 0.38542
Epoca 45, RMS = 0.38491
Epoca 46, RMS = 0.38438
Epoca 47, RMS = 0.38383
Epoca 48, RMS = 0.38326
Epoca 49, RMS = 0.38266
Epoca 50, RMS = 0.38204
Epoca 51, RMS = 0.38139
Epoca 52, RMS = 0.38072
Epoca 53, RMS = 0.38002
Epoca 54, RMS = 0.37928
Epoca 55, RMS = 0.37851
Epoca 56, RMS = 0.37771
Epoca 57, RMS = 0.37687
Epoca 58, RMS = 0.37600
Epoca 59, RMS = 0.37508
Epoca 60, RMS = 0.37412
Epoca 61, RMS = 0.37312
Epoca 62, RMS = 0.37207
Epoca 63, RMS = 0.37098
Epoca 64, RMS = 0.36984
Epoca 65, RMS = 0.36866
Epoca 66, RMS = 0.36743
Epoca 67, RMS = 0.36615
Epoca 68, RMS = 0.36484
Epoca 69, RMS = 0.36349
Epoca 70, RMS = 0.36210
Epoca 71, RMS = 0.36070
Epoca 72, RMS = 0.35928
Epoca 73, RMS = 0.35787
Epoca 74, RMS = 0.35649
Epoca 75, RMS = 0.35515
Epoca 76, RMS = 0.35387
Epoca 77, RMS = 0.35270
Epoca 78, RMS = 0.35165
Epoca 79, RMS = 0.35075
Epoca 80, RMS = 0.35002
Epoca 81, RMS = 0.34948
Epoca 82, RMS = 0.34910
Epoca 83, RMS = 0.34888
Epoca 84, RMS = 0.34877
Epoca 85, RMS = 0.34873
Epoca 86, RMS = 0.34869
Epoca 87, RMS = 0.34860
Epoca 88, RMS = 0.34841
Epoca 89, RMS = 0.34809
Epoca 90, RMS = 0.34763
Epoca 91, RMS = 0.34703
Epoca 92, RMS = 0.34634
Epoca 93, RMS = 0.34563
Epoca 94, RMS = 0.34498
Epoca 95, RMS = 0.34451
Epoca 96, RMS = 0.34433
Epoca 97, RMS = 0.34455
Epoca 98, RMS = 0.34525
Epoca 99, RMS = 0.34639
Epoca 100, RMS = 0.34784
Epoca 101, RMS = 0.34936
Epoca 102, RMS = 0.35066
Epoca 103, RMS = 0.35149
Epoca 104, RMS = 0.35170
Epoca 105, RMS = 0.35124
Epoca 106, RMS = 0.35018
Epoca 107, RMS = 0.34865
Epoca 108, RMS = 0.34681
Epoca 109, RMS = 0.34480
Epoca 110, RMS = 0.34276
Epoca 111, RMS = 0.34078
Epoca 112, RMS = 0.33896
Epoca 113, RMS = 0.33732
Epoca 114, RMS = 0.33589
Epoca 115, RMS = 0.33466
Epoca 116, RMS = 0.33360
Epoca 117, RMS = 0.33269
Epoca 118, RMS = 0.33188
Epoca 119, RMS = 0.33115
Epoca 120, RMS = 0.33047
Epoca 121, RMS = 0.32981
Epoca 122, RMS = 0.32916
Epoca 123, RMS = 0.32852
Epoca 124, RMS = 0.32787
Epoca 125, RMS = 0.32721
Epoca 126, RMS = 0.32654
Epoca 127, RMS = 0.32584
Epoca 128, RMS = 0.32513
Epoca 129, RMS = 0.32439
Epoca 130, RMS = 0.32362
Epoca 131, RMS = 0.32281
Epoca 132, RMS = 0.32197
Epoca 133, RMS = 0.32108
Epoca 134, RMS = 0.32015
Epoca 135, RMS = 0.31917
Epoca 136, RMS = 0.31814
Epoca 137, RMS = 0.31706
Epoca 138, RMS = 0.31593
Epoca 139, RMS = 0.31473
Epoca 140, RMS = 0.31349
Epoca 141, RMS = 0.31219
Epoca 142, RMS = 0.31084
Epoca 143, RMS = 0.30944
Epoca 144, RMS = 0.30799
Epoca 145, RMS = 0.30650
Epoca 146, RMS = 0.30497
Epoca 147, RMS = 0.30341
Epoca 148, RMS = 0.30183
Epoca 149, RMS = 0.30023
Epoca 150, RMS = 0.29863
Epoca 151, RMS = 0.29703
Epoca 152, RMS = 0.29544
Epoca 153, RMS = 0.29389
Epoca 154, RMS = 0.29239
Epoca 155, RMS = 0.29095
Epoca 156, RMS = 0.28960
Epoca 157, RMS = 0.28837
Epoca 158, RMS = 0.28726
Epoca 159, RMS = 0.28630
Epoca 160, RMS = 0.28552
Epoca 161, RMS = 0.28493
Epoca 162, RMS = 0.28453
Epoca 163, RMS = 0.28432
Epoca 164, RMS = 0.28429
Epoca 165, RMS = 0.28440
Epoca 166, RMS = 0.28462
Epoca 167, RMS = 0.28493
Epoca 168, RMS = 0.28527
Epoca 169, RMS = 0.28564
Epoca 170, RMS = 0.28601
Epoca 171, RMS = 0.28637
Epoca 172, RMS = 0.28669
Epoca 173, RMS = 0.28697
Epoca 174, RMS = 0.28718
Epoca 175, RMS = 0.28731
Epoca 176, RMS = 0.28734
Epoca 177, RMS = 0.28724
Epoca 178, RMS = 0.28701
Epoca 179, RMS = 0.28663
Epoca 180, RMS = 0.28610
Epoca 181, RMS = 0.28542
Epoca 182, RMS = 0.28458
Epoca 183, RMS = 0.28360
Epoca 184, RMS = 0.28249
Epoca 185, RMS = 0.28128
Epoca 186, RMS = 0.27998
Epoca 187, RMS = 0.27862
Epoca 188, RMS = 0.27724
Epoca 189, RMS = 0.27590
Epoca 190, RMS = 0.27462
Epoca 191, RMS = 0.27348
Epoca 192, RMS = 0.27253
Epoca 193, RMS = 0.27182
Epoca 194, RMS = 0.27141
Epoca 195, RMS = 0.27132
Epoca 196, RMS = 0.27155
Epoca 197, RMS = 0.27206
Epoca 198, RMS = 0.27277
Epoca 199, RMS = 0.27360
Epoca 200, RMS = 0.27444
Epoca 201, RMS = 0.27518
Epoca 202, RMS = 0.27572
Epoca 203, RMS = 0.27599
Epoca 204, RMS = 0.27591
Epoca 205, RMS = 0.27542
Epoca 206, RMS = 0.27448
Epoca 207, RMS = 0.27306
Epoca 208, RMS = 0.27114
Epoca 209, RMS = 0.26873
Epoca 210, RMS = 0.26585
Epoca 211, RMS = 0.26256
Epoca 212, RMS = 0.25890
Epoca 213, RMS = 0.25493
Epoca 214, RMS = 0.25071
Epoca 215, RMS = 0.24630
Epoca 216, RMS = 0.24176
Epoca 217, RMS = 0.23714
Epoca 218, RMS = 0.23250
Epoca 219, RMS = 0.22789
Epoca 220, RMS = 0.22337
Epoca 221, RMS = 0.21898
Epoca 222, RMS = 0.21477
Epoca 223, RMS = 0.21077
Epoca 224, RMS = 0.20701
Epoca 225, RMS = 0.20351
Epoca 226, RMS = 0.20028
Epoca 227, RMS = 0.19733
Epoca 228, RMS = 0.19464
Epoca 229, RMS = 0.19221
Epoca 230, RMS = 0.19003
Epoca 231, RMS = 0.18808
Epoca 232, RMS = 0.18636
Epoca 233, RMS = 0.18484
Epoca 234, RMS = 0.18352
Epoca 235, RMS = 0.18237
Epoca 236, RMS = 0.18138
Epoca 237, RMS = 0.18053
Epoca 238, RMS = 0.17980
Epoca 239, RMS = 0.17916
Epoca 240, RMS = 0.17859
Epoca 241, RMS = 0.17809
Epoca 242, RMS = 0.17762
Epoca 243, RMS = 0.17719
Epoca 244, RMS = 0.17678
Epoca 245, RMS = 0.17638
Epoca 246, RMS = 0.17600
Epoca 247, RMS = 0.17562
Epoca 248, RMS = 0.17525
Epoca 249, RMS = 0.17489
Epoca 250, RMS = 0.17453
Epoca 251, RMS = 0.17417
Epoca 252, RMS = 0.17381
Epoca 253, RMS = 0.17346
Epoca 254, RMS = 0.17310
Epoca 255, RMS = 0.17275
Epoca 256, RMS = 0.17241
Epoca 257, RMS = 0.17206
Epoca 258, RMS = 0.17173
Epoca 259, RMS = 0.17139
Epoca 260, RMS = 0.17107
Epoca 261, RMS = 0.17074
Epoca 262, RMS = 0.17043
Epoca 263, RMS = 0.17012
Epoca 264, RMS = 0.16982
Epoca 265, RMS = 0.16952
Epoca 266, RMS = 0.16923
Epoca 267, RMS = 0.16894
Epoca 268, RMS = 0.16866
Epoca 269, RMS = 0.16838
Epoca 270, RMS = 0.16810
Epoca 271, RMS = 0.16783
Epoca 272, RMS = 0.16756
Epoca 273, RMS = 0.16729
Epoca 274, RMS = 0.16702
Epoca 275, RMS = 0.16676
Epoca 276, RMS = 0.16650
Epoca 277, RMS = 0.16623
Epoca 278, RMS = 0.16597
Epoca 279, RMS = 0.16571
Epoca 280, RMS = 0.16545
Epoca 281, RMS = 0.16518
Epoca 282, RMS = 0.16492
Epoca 283, RMS = 0.16465
Epoca 284, RMS = 0.16438
Epoca 285, RMS = 0.16411
Epoca 286, RMS = 0.16384
Epoca 287, RMS = 0.16356
Epoca 288, RMS = 0.16328
Epoca 289, RMS = 0.16300
Epoca 290, RMS = 0.16271
Epoca 291, RMS = 0.16242
Epoca 292, RMS = 0.16212
Epoca 293, RMS = 0.16182
Epoca 294, RMS = 0.16152
Epoca 295, RMS = 0.16121
Epoca 296, RMS = 0.16089
Epoca 297, RMS = 0.16057
Epoca 298, RMS = 0.16024
Epoca 299, RMS = 0.15991
Epoca 300, RMS = 0.15956
Epoca 301, RMS = 0.15922
Epoca 302, RMS = 0.15886
Epoca 303, RMS = 0.15850
Epoca 304, RMS = 0.15813
Epoca 305, RMS = 0.15775
Epoca 306, RMS = 0.15736
Epoca 307, RMS = 0.15696
Epoca 308, RMS = 0.15656
Epoca 309, RMS = 0.15614
Epoca 310, RMS = 0.15572
Epoca 311, RMS = 0.15528
Epoca 312, RMS = 0.15484
Epoca 313, RMS = 0.15438
Epoca 314, RMS = 0.15392
Epoca 315, RMS = 0.15344
Epoca 316, RMS = 0.15295
Epoca 317, RMS = 0.15245
Epoca 318, RMS = 0.15193
Epoca 319, RMS = 0.15141
Epoca 320, RMS = 0.15087
Epoca 321, RMS = 0.15032
Epoca 322, RMS = 0.14975
Epoca 323, RMS = 0.14917
Epoca 324, RMS = 0.14857
Epoca 325, RMS = 0.14796
Epoca 326, RMS = 0.14733
Epoca 327, RMS = 0.14669
Epoca 328, RMS = 0.14603
Epoca 329, RMS = 0.14535
Epoca 330, RMS = 0.14466
Epoca 331, RMS = 0.14394
Epoca 332, RMS = 0.14321
Epoca 333, RMS = 0.14246
Epoca 334, RMS = 0.14168
Epoca 335, RMS = 0.14089
Epoca 336, RMS = 0.14007
Epoca 337, RMS = 0.13924
Epoca 338, RMS = 0.13838
Epoca 339, RMS = 0.13750
Epoca 340, RMS = 0.13660
Epoca 341, RMS = 0.13568
Epoca 342, RMS = 0.13476
Epoca 343, RMS = 0.13382
Epoca 344, RMS = 0.13289
Epoca 345, RMS = 0.13198
Epoca 346, RMS = 0.13108
Epoca 347, RMS = 0.13021
Epoca 348, RMS = 0.12934
Epoca 349, RMS = 0.12839
Epoca 350, RMS = 0.12728
Epoca 351, RMS = 0.12594
Epoca 352, RMS = 0.12434
Epoca 353, RMS = 0.12256
Epoca 354, RMS = 0.12067
Epoca 355, RMS = 0.11877
Epoca 356, RMS = 0.11692
Epoca 357, RMS = 0.11516
Epoca 358, RMS = 0.11351
Epoca 359, RMS = 0.11196
Epoca 360, RMS = 0.11049
Epoca 361, RMS = 0.10909
Epoca 362, RMS = 0.10771
Epoca 363, RMS = 0.10635
Epoca 364, RMS = 0.10499
Epoca 365, RMS = 0.10362
Epoca 366, RMS = 0.10226
Epoca 367, RMS = 0.10090
Epoca 368, RMS = 0.09956
Epoca 369, RMS = 0.09825
Epoca 370, RMS = 0.09696
Epoca 371, RMS = 0.09570
Epoca 372, RMS = 0.09447
Epoca 373, RMS = 0.09327
Epoca 374, RMS = 0.09210
Epoca 375, RMS = 0.09095
Epoca 376, RMS = 0.08983
Epoca 377, RMS = 0.08872
Epoca 378, RMS = 0.08763
Epoca 379, RMS = 0.08655
Epoca 380, RMS = 0.08550
Epoca 381, RMS = 0.08447
Epoca 382, RMS = 0.08345
Epoca 383, RMS = 0.08247
Epoca 384, RMS = 0.08151
Epoca 385, RMS = 0.08057
Epoca 386, RMS = 0.07967
Epoca 387, RMS = 0.07879
Epoca 388, RMS = 0.07794
Epoca 389, RMS = 0.07713
Epoca 390, RMS = 0.07634
Epoca 391, RMS = 0.07558
Epoca 392, RMS = 0.07485
Epoca 393, RMS = 0.07414
Epoca 394, RMS = 0.07347
Epoca 395, RMS = 0.07283
Epoca 396, RMS = 0.07221
Epoca 397, RMS = 0.07163
Epoca 398, RMS = 0.07107
Epoca 399, RMS = 0.07055
Epoca 400, RMS = 0.07005
Epoca 401, RMS = 0.06958
Epoca 402, RMS = 0.06915
Epoca 403, RMS = 0.06874
Epoca 404, RMS = 0.06836
Epoca 405, RMS = 0.06800
Epoca 406, RMS = 0.06768
Epoca 407, RMS = 0.06737
Epoca 408, RMS = 0.06710
Epoca 409, RMS = 0.06685
Epoca 410, RMS = 0.06662
Epoca 411, RMS = 0.06641
Epoca 412, RMS = 0.06623
Epoca 413, RMS = 0.06607
Epoca 414, RMS = 0.06592
Epoca 415, RMS = 0.06580
Epoca 416, RMS = 0.06570
Epoca 417, RMS = 0.06561
Epoca 418, RMS = 0.06555
Epoca 419, RMS = 0.06550
Epoca 420, RMS = 0.06546
Epoca 421, RMS = 0.06544
Epoca 422, RMS = 0.06543
Epoca 423, RMS = 0.06544
Epoca 424, RMS = 0.06546
Epoca 425, RMS = 0.06550
Epoca 426, RMS = 0.06554
Epoca 427, RMS = 0.06560
Epoca 428, RMS = 0.06567
Epoca 429, RMS = 0.06574
Epoca 430, RMS = 0.06583
Epoca 431, RMS = 0.06594
Epoca 432, RMS = 0.06605
Epoca 433, RMS = 0.06617
Epoca 434, RMS = 0.06630
Epoca 435, RMS = 0.06644
Epoca 436, RMS = 0.06659
Epoca 437, RMS = 0.06675
Epoca 438, RMS = 0.06692
Epoca 439, RMS = 0.06710
Epoca 440, RMS = 0.06729
Epoca 441, RMS = 0.06749
Epoca 442, RMS = 0.06770
Epoca 443, RMS = 0.06791
Epoca 444, RMS = 0.06813
Epoca 445, RMS = 0.06835
Epoca 446, RMS = 0.06858
Epoca 447, RMS = 0.06881
Epoca 448, RMS = 0.06904
Epoca 449, RMS = 0.06927
Epoca 450, RMS = 0.06949
Epoca 451, RMS = 0.06971
Epoca 452, RMS = 0.06992
Epoca 453, RMS = 0.07012
Epoca 454, RMS = 0.07032
Epoca 455, RMS = 0.07050
Epoca 456, RMS = 0.07068
Epoca 457, RMS = 0.07085
Epoca 458, RMS = 0.07101
Epoca 459, RMS = 0.07116
Epoca 460, RMS = 0.07130
Epoca 461, RMS = 0.07144
Epoca 462, RMS = 0.07157
Epoca 463, RMS = 0.07169
Epoca 464, RMS = 0.07181
Epoca 465, RMS = 0.07192
Epoca 466, RMS = 0.07203
Epoca 467, RMS = 0.07213
Epoca 468, RMS = 0.07223
Epoca 469, RMS = 0.07232
Epoca 470, RMS = 0.07241
Epoca 471, RMS = 0.07250
Epoca 472, RMS = 0.07258
Epoca 473, RMS = 0.07265
Epoca 474, RMS = 0.07272
Epoca 475, RMS = 0.07278
Epoca 476, RMS = 0.07284
Epoca 477, RMS = 0.07290
Epoca 478, RMS = 0.07295
Epoca 479, RMS = 0.07299
Epoca 480, RMS = 0.07303
Epoca 481, RMS = 0.07306
Epoca 482, RMS = 0.07308
Epoca 483, RMS = 0.07310
Epoca 484, RMS = 0.07312
Epoca 485, RMS = 0.07313
Epoca 486, RMS = 0.07313
Epoca 487, RMS = 0.07312
Epoca 488, RMS = 0.07311
Epoca 489, RMS = 0.07309
Epoca 490, RMS = 0.07307
Epoca 491, RMS = 0.07303
Epoca 492, RMS = 0.07300
Epoca 493, RMS = 0.07295
Epoca 494, RMS = 0.07290
Epoca 495, RMS = 0.07284
Epoca 496, RMS = 0.07277
Epoca 497, RMS = 0.07270
Epoca 498, RMS = 0.07261
Epoca 499, RMS = 0.07253
Epoca 500, RMS = 0.07243
Epoca 501, RMS = 0.07233
Epoca 502, RMS = 0.07222
Epoca 503, RMS = 0.07210
Epoca 504, RMS = 0.07198
Epoca 505, RMS = 0.07184
Epoca 506, RMS = 0.07171
Epoca 507, RMS = 0.07156
Epoca 508, RMS = 0.07141
Epoca 509, RMS = 0.07125
Epoca 510, RMS = 0.07108
Epoca 511, RMS = 0.07091
Epoca 512, RMS = 0.07073
Epoca 513, RMS = 0.07054
Epoca 514, RMS = 0.07035
Epoca 515, RMS = 0.07015
Epoca 516, RMS = 0.06994
Epoca 517, RMS = 0.06973
Epoca 518, RMS = 0.06951
Epoca 519, RMS = 0.06929
Epoca 520, RMS = 0.06906
Epoca 521, RMS = 0.06882
Epoca 522, RMS = 0.06858
Epoca 523, RMS = 0.06834
Epoca 524, RMS = 0.06808
Epoca 525, RMS = 0.06783
Epoca 526, RMS = 0.06757
Epoca 527, RMS = 0.06730
Epoca 528, RMS = 0.06703
Epoca 529, RMS = 0.06675
Epoca 530, RMS = 0.06647
Epoca 531, RMS = 0.06619
Epoca 532, RMS = 0.06590
Epoca 533, RMS = 0.06561
Epoca 534, RMS = 0.06532
Epoca 535, RMS = 0.06502
Epoca 536, RMS = 0.06472
Epoca 537, RMS = 0.06441
Epoca 538, RMS = 0.06410
Epoca 539, RMS = 0.06380
Epoca 540, RMS = 0.06348
Epoca 541, RMS = 0.06317
Epoca 542, RMS = 0.06285
Epoca 543, RMS = 0.06254
Epoca 544, RMS = 0.06222
Epoca 545, RMS = 0.06190
Epoca 546, RMS = 0.06158
Epoca 547, RMS = 0.06125
Epoca 548, RMS = 0.06093
Epoca 549, RMS = 0.06061
Epoca 550, RMS = 0.06028
Epoca 551, RMS = 0.05996
Epoca 552, RMS = 0.05963
Epoca 553, RMS = 0.05931
Epoca 554, RMS = 0.05898
Epoca 555, RMS = 0.05866
Epoca 556, RMS = 0.05834
Epoca 557, RMS = 0.05802
Epoca 558, RMS = 0.05770
Epoca 559, RMS = 0.05738
Epoca 560, RMS = 0.05706
Epoca 561, RMS = 0.05674
Epoca 562, RMS = 0.05643
Epoca 563, RMS = 0.05612
Epoca 564, RMS = 0.05581
Epoca 565, RMS = 0.05550
Epoca 566, RMS = 0.05520
Epoca 567, RMS = 0.05490
Epoca 568, RMS = 0.05460
Epoca 569, RMS = 0.05430
Epoca 570, RMS = 0.05401
Epoca 571, RMS = 0.05372
Epoca 572, RMS = 0.05344
Epoca 573, RMS = 0.05316
Epoca 574, RMS = 0.05288
Epoca 575, RMS = 0.05261
Epoca 576, RMS = 0.05234
Epoca 577, RMS = 0.05208
Epoca 578, RMS = 0.05182
Epoca 579, RMS = 0.05157
Epoca 580, RMS = 0.05132
Epoca 581, RMS = 0.05107
Epoca 582, RMS = 0.05084
Epoca 583, RMS = 0.05060
Epoca 584, RMS = 0.05038
Epoca 585, RMS = 0.05016
Epoca 586, RMS = 0.04994

##################TEST##################
Z[0] = 0.42
Z[1] = -0.87
Z[2] = -0.99
Z[3] = 0.99
Z[4] = 0.91
Z[5] = 0.96
Z[6] = 1.00
Y_IN 3.20
T[0] = 1 Y[0] = 0.92
Y_IN 0.06
T[1] = 0 Y[1] = 0.03
Z[0] = 0.10
Z[1] = -0.93
Z[2] = -1.00
Z[3] = 1.00
Z[4] = 0.99
Z[5] = 0.99
Z[6] = 1.00
Y_IN 4.00
T[0] = 1 Y[0] = 0.96
Y_IN -0.34
T[1] = 0 Y[1] = -0.17
Z[0] = 0.78
Z[1] = -0.66
Z[2] = -0.97
Z[3] = 0.95
Z[4] = -0.02
Z[5] = 0.90
Z[6] = 0.98
Y_IN 0.08
T[0] = 0 Y[0] = 0.04
Y_IN 1.85
T[1] = 1 Y[1] = 0.73
Z[0] = 0.60
Z[1] = -0.81
Z[2] = -0.99
Z[3] = 0.99
Z[4] = 0.77
Z[5] = 0.96
Z[6] = 1.00
Y_IN 2.52
T[0] = 1 Y[0] = 0.85
Y_IN 0.44
T[1] = 0 Y[1] = 0.22
