0.46 -0.22 
0.30 0.29 
-0.49 -0.12 
0.48 0.07 
0.32 0.07 -0.36 0.33 

##################LEARN##################
0.89287
0.80667
0.73600
0.67819
0.63074
0.59150
0.55868
0.53086
0.50697
0.48626
0.46828
0.45275
0.43950
0.42839
0.41928
0.41197
0.40623
0.40180
0.39844
0.39592
0.39403
0.39261
0.39155
0.39073
0.39009
0.38958
0.38916
0.38881
0.38852
0.38826
0.38803
0.38782
0.38763
0.38746
0.38730
0.38715
0.38701
0.38688
0.38676
0.38664
0.38652
0.38641
0.38630
0.38619
0.38608
0.38597
0.38587
0.38576
0.38566
0.38555
0.38544
0.38533
0.38522
0.38511
0.38499
0.38487
0.38475
0.38462
0.38449
0.38435
0.38421
0.38407
0.38392
0.38376
0.38360
0.38343
0.38325
0.38307
0.38287
0.38267
0.38246
0.38223
0.38200
0.38175
0.38149
0.38121
0.38092
0.38061
0.38028
0.37993
0.37956
0.37917
0.37875
0.37830
0.37782
0.37731
0.37677
0.37618
0.37556
0.37489
0.37417
0.37341
0.37260
0.37174
0.37083
0.36987
0.36888
0.36787
0.36687
0.36589
0.36498
0.36419
0.36358
0.36320
0.36308
0.36323
0.36361
0.36413
0.36466
0.36508
0.36529
0.36521
0.36485
0.36423
0.36343
0.36252
0.36156
0.36060
0.35969
0.35884
0.35805
0.35733
0.35667
0.35608
0.35554
0.35505
0.35462
0.35424
0.35391
0.35363
0.35338
0.35314
0.35291
0.35266
0.35238
0.35206
0.35168
0.35126
0.35079
0.35028
0.34973
0.34917
0.34859
0.34801
0.34743
0.34686
0.34630
0.34576
0.34523
0.34471
0.34420
0.34370
0.34319
0.34268
0.34216
0.34163
0.34108
0.34052
0.33994
0.33935
0.33874
0.33813
0.33751
0.33689
0.33627
0.33565
0.33502
0.33440
0.33378
0.33316
0.33253
0.33190
0.33127
0.33063
0.32998
0.32933
0.32867
0.32801
0.32734
0.32667
0.32600
0.32532
0.32464
0.32397
0.32329
0.32261
0.32193
0.32124
0.32056
0.31987
0.31918
0.31849
0.31780
0.31710
0.31641
0.31571
0.31501
0.31432
0.31362
0.31292
0.31222
0.31153
0.31083
0.31013
0.30943
0.30874
0.30804
0.30735
0.30665
0.30596
0.30526
0.30457
0.30388
0.30319
0.30250
0.30181
0.30112
0.30044
0.29976
0.29907
0.29839
0.29772
0.29704
0.29636
0.29569
0.29502
0.29435
0.29369
0.29302
0.29236
0.29170
0.29104
0.29038
0.28973
0.28908
0.28843
0.28778
0.28713
0.28649
0.28585
0.28521
0.28458
0.28394
0.28331
0.28268
0.28206
0.28143
0.28081
0.28019
0.27957
0.27896
0.27835
0.27773
0.27713
0.27652
0.27592
0.27531
0.27471
0.27412
0.27352
0.27293
0.27233
0.27174
0.27116
0.27057
0.26999
0.26940
0.26882
0.26824
0.26767
0.26709
0.26652
0.26595
0.26538
0.26481
0.26424
0.26368
0.26311
0.26255
0.26199
0.26143
0.26087
0.26031
0.25976
0.25920
0.25865
0.25809
0.25754
0.25699
0.25644
0.25589
0.25534
0.25480
0.25425
0.25370
0.25316
0.25262
0.25207
0.25153
0.25099
0.25044
0.24990
0.24936
0.24882
0.24828
0.24774
0.24720
0.24666
0.24612
0.24558
0.24504
0.24451
0.24397
0.24343
0.24289
0.24235
0.24181
0.24127
0.24073
0.24019
0.23965
0.23911
0.23857
0.23803
0.23749
0.23695
0.23641
0.23586
0.23532
0.23478
0.23423
0.23369
0.23314
0.23260
0.23205
0.23151
0.23096
0.23041
0.22986
0.22931
0.22876
0.22821
0.22766
0.22710
0.22655
0.22600
0.22544
0.22489
0.22433
0.22377
0.22321
0.22265
0.22209
0.22153
0.22097
0.22040
0.21984
0.21927
0.21870
0.21814
0.21757
0.21700
0.21643
0.21585
0.21528
0.21471
0.21413
0.21355
0.21298
0.21240
0.21182
0.21124
0.21065
0.21007
0.20949
0.20890
0.20831
0.20773
0.20714
0.20655
0.20596
0.20536
0.20477
0.20418
0.20358
0.20298
0.20239
0.20179
0.20119
0.20059
0.19998
0.19938
0.19878
0.19817
0.19757
0.19696
0.19635
0.19574
0.19513
0.19452
0.19391
0.19329
0.19268
0.19206
0.19145
0.19083
0.19021
0.18959
0.18898
0.18836
0.18773
0.18711
0.18649
0.18587
0.18524
0.18462
0.18399
0.18336
0.18274
0.18211
0.18148
0.18085
0.18022
0.17959
0.17896
0.17833
0.17770
0.17707
0.17644
0.17581
0.17517
0.17454
0.17391
0.17327
0.17264
0.17201
0.17137
0.17074
0.17010
0.16947
0.16883
0.16820
0.16757
0.16693
0.16630
0.16566
0.16503
0.16440
0.16376
0.16313
0.16250
0.16186
0.16123
0.16060
0.15997
0.15934
0.15871
0.15808
0.15745
0.15682
0.15620
0.15557
0.15494
0.15432
0.15370
0.15307
0.15245
0.15183
0.15121
0.15059
0.14997
0.14935
0.14874
0.14812
0.14751
0.14690
0.14629
0.14568
0.14507
0.14446
0.14386
0.14325
0.14265
0.14205
0.14145
0.14085
0.14026
0.13966
0.13907
0.13848
0.13789
0.13730
0.13672
0.13614
0.13556
0.13498
0.13440
0.13382
0.13325
0.13268
0.13211
0.13154
0.13098
0.13042
0.12986
0.12930
0.12874
0.12819
0.12764
0.12709
0.12654
0.12600
0.12546
0.12492
0.12438
0.12385
0.12332
0.12279
0.12226
0.12174
0.12122
0.12070
0.12018
0.11967
0.11916
0.11865
0.11814
0.11764
0.11714
0.11664
0.11615
0.11566
0.11517
0.11468
0.11420
0.11371
0.11324
0.11276
0.11229
0.11182
0.11135
0.11089
0.11042
0.10996
0.10951
0.10905
0.10860
0.10816
0.10771
0.10727
0.10683
0.10639
0.10596
0.10553
0.10510
0.10467
0.10425
0.10383
0.10341
0.10300
0.10259
0.10218
0.10177
0.10137
0.10097
0.10057
0.10017
0.09978
0.09939
0.09900
0.09862
0.09823
0.09786
0.09748
0.09710
0.09673
0.09636
0.09600
0.09563
0.09527
0.09491
0.09456
0.09421
0.09385
0.09351
0.09316
0.09282
0.09248
0.09214
0.09180
0.09147
0.09114
0.09081
0.09048
0.09016
0.08984
0.08952
0.08920
0.08889
0.08858
0.08827
0.08796
0.08765
0.08735
0.08705
0.08675
0.08646
0.08616
0.08587
0.08558
0.08529
0.08501
0.08473
0.08445
0.08417
0.08389
0.08362
0.08334
0.08307
0.08280
0.08254
0.08227
0.08201
0.08175
0.08149
0.08124
0.08098
0.08073
0.08048
0.08023
0.07998
0.07974
0.07949
0.07925
0.07901
0.07877
0.07854
0.07830
0.07807
0.07784
0.07761
0.07739
0.07716
0.07694
0.07672
0.07650
0.07628
0.07606
0.07584
0.07563
0.07542
0.07521
0.07500
0.07479
0.07459
0.07438
0.07418
0.07398
0.07378
0.07358
0.07339
0.07319
0.07300
0.07281
0.07262
0.07243
0.07224
0.07205
0.07187
0.07168
0.07150
0.07132
0.07114
0.07097
0.07079
0.07061
0.07044
0.07027
0.07010
0.06993
0.06976
0.06959
0.06943
0.06926
0.06910
0.06894
0.06878
0.06862
0.06846
0.06830
0.06815
0.06799
0.06784
0.06768
0.06753
0.06738
0.06723
0.06709
0.06694
0.06680
0.06665
0.06651
0.06637
0.06623
0.06609
0.06595
0.06581
0.06567
0.06554
0.06540
0.06527
0.06514
0.06501
0.06488
0.06475
0.06462
0.06449
0.06437
0.06424
0.06412
0.06399
0.06387
0.06375
0.06363
0.06351
0.06339
0.06327
0.06316
0.06304
0.06293
0.06281
0.06270
0.06259
0.06248
0.06237
0.06226
0.06215
0.06204
0.06194
0.06183
0.06173
0.06162
0.06152
0.06142
0.06131
0.06121
0.06111
0.06101
0.06091
0.06082
0.06072
0.06062
0.06053
0.06043
0.06034
0.06025
0.06015
0.06006
0.05997
0.05988
0.05979
0.05970
0.05961
0.05952
0.05943
0.05935
0.05926
0.05918
0.05909
0.05901
0.05892
0.05884
0.05875
0.05867
0.05859
0.05851
0.05843
0.05834
0.05826
0.05818
0.05810
0.05802
0.05794
0.05786
0.05778
0.05770
0.05762
0.05754
0.05746
0.05738
0.05730
0.05722
0.05714
0.05706
0.05698
0.05690
0.05682
0.05674
0.05665
0.05657
0.05649
0.05640
0.05631
0.05623
0.05614
0.05605
0.05596
0.05586
0.05577
0.05568
0.05558
0.05548
0.05538
0.05528
0.05518
0.05507
0.05496
0.05486
0.05475
0.05464
0.05452
0.05441
0.05430
0.05418
0.05407
0.05395
0.05383
0.05372
0.05360
0.05348
0.05337
0.05326
0.05315
0.05304
0.05293
0.05282
0.05272
0.05263
0.05253
0.05244
0.05235
0.05227
0.05219
0.05212
0.05205
0.05199
0.05192
0.05187
0.05182
0.05177
0.05172
0.05168
0.05164
0.05161
0.05157
0.05154
0.05151
0.05149
0.05146
0.05144
0.05141
0.05139
0.05137
0.05135
0.05133
0.05131
0.05129
0.05127
0.05125
0.05123
0.05122
0.05120
0.05118
0.05116
0.05114
0.05112
0.05111
0.05109
0.05107
0.05105
0.05103
0.05101
0.05099
0.05098
0.05096
0.05094
0.05092
0.05090
0.05088
0.05086
0.05084
0.05083
0.05081
0.05079
0.05077
0.05075
0.05073
0.05071
0.05069
0.05067
0.05066
0.05064
0.05062
0.05060
0.05058
0.05056
0.05054
0.05053
0.05051
0.05049
0.05047
0.05045
0.05044
0.05042
0.05040
0.05038
0.05036
0.05035
0.05033
0.05031
0.05029
0.05028
0.05026
0.05024
0.05022
0.05021
0.05019
0.05017
0.05016
0.05014
0.05012
0.05011
0.05009
0.05007
0.05006
0.05004
0.05002
0.05001
0.04999
0.04997
0.04996
0.04994
0.04993
0.04991
0.04989
0.04988
0.04986
0.04985
0.04983
0.04982
0.04980
0.04979
0.04977
0.04976
0.04974
0.04972
0.04971
0.04969
0.04968
0.04966
0.04965
0.04963
0.04962
0.04960
0.04959
0.04958
0.04956
0.04955
0.04953
0.04952
0.04950
0.04949
0.04947
0.04946
0.04945
0.04943
0.04942
0.04940
0.04939
0.04937
0.04936
0.04935
0.04933
0.04932
0.04930
0.04929
0.04928
0.04926
0.04925
0.04924
0.04922
0.04921
0.04920
0.04918
0.04917
0.04915
0.04914
0.04913
0.04911
0.04910

##################TEST##################
Z[0] = 0.80
Z[1] = -0.91
Y_IN -0.49
T[0] = 0 Y[0] = -0.24
Y_IN 5.20
T[1] = 1 Y[1] = 0.99
Z[0] = 0.89
Z[1] = -0.38
Y_IN 0.34
T[0] = 0 Y[0] = 0.17
Y_IN 3.42
T[1] = 1 Y[1] = 0.94
Z[0] = 0.96
Z[1] = 0.62
Y_IN 1.88
T[0] = 1 Y[0] = 0.73
Y_IN 0.02
T[1] = 0 Y[1] = 0.01
Z[0] = 0.92
Z[1] = -0.39
Y_IN 0.32
T[0] = 0 Y[0] = 0.16
Y_IN 3.50
T[1] = 1 Y[1] = 0.94
