RMS 1.69991
WEIGHTS W:
0.146 
-0.041 
0.475 0.320 
BIAS
-0.4325 -0.3259 -0.1845 
RMS 1.69346
WEIGHTS W:
0.145 
-0.041 
0.486 0.331 
BIAS
-0.4124 -0.2980 -0.1652 
RMS 1.68808
WEIGHTS W:
0.144 
-0.040 
0.499 0.344 
BIAS
-0.3863 -0.2728 -0.1476 
RMS 1.68364
WEIGHTS W:
0.144 
-0.039 
0.515 0.360 
BIAS
-0.3552 -0.2500 -0.1316 
RMS 1.68004
WEIGHTS W:
0.144 
-0.037 
0.532 0.377 
BIAS
-0.3200 -0.2296 -0.1170 
RMS 1.67718
WEIGHTS W:
0.144 
-0.036 
0.551 0.396 
BIAS
-0.2817 -0.2114 -0.1036 
RMS 1.67496
WEIGHTS W:
0.144 
-0.033 
0.571 0.416 
BIAS
-0.2412 -0.1952 -0.0915 
RMS 1.67329
WEIGHTS W:
0.145 
-0.030 
0.591 0.437 
BIAS
-0.1996 -0.1809 -0.0804 
RMS 1.67210
WEIGHTS W:
0.145 
-0.027 
0.610 0.457 
BIAS
-0.1576 -0.1683 -0.0703 
RMS 1.67129
WEIGHTS W:
0.145 
-0.024 
0.629 0.477 
BIAS
-0.1161 -0.1573 -0.0611 
RMS 1.67080
WEIGHTS W:
0.144 
-0.020 
0.647 0.496 
BIAS
-0.0760 -0.1477 -0.0528 
RMS 1.67055
WEIGHTS W:
0.144 
-0.016 
0.664 0.514 
BIAS
-0.0378 -0.1393 -0.0453 
RMS 1.67047
WEIGHTS W:
0.143 
-0.012 
0.680 0.531 
BIAS
-0.0020 -0.1320 -0.0386 
RMS 1.67051
WEIGHTS W:
0.141 
-0.007 
0.694 0.546 
BIAS
0.0307 -0.1257 -0.0326 
RMS 1.67062
WEIGHTS W:
0.140 
-0.003 
0.706 0.560 
BIAS
0.0601 -0.1201 -0.0272 
RMS 1.67075
WEIGHTS W:
0.138 
0.001 
0.716 0.571 
BIAS
0.0859 -0.1153 -0.0225 
RMS 1.67089
WEIGHTS W:
0.136 
0.006 
0.725 0.581 
BIAS
0.1078 -0.1111 -0.0183 
RMS 1.67100
WEIGHTS W:
0.133 
0.010 
0.732 0.589 
BIAS
0.1256 -0.1074 -0.0147 
RMS 1.67107
WEIGHTS W:
0.131 
0.014 
0.737 0.595 
BIAS
0.1393 -0.1040 -0.0115 
RMS 1.67109
WEIGHTS W:
0.128 
0.019 
0.739 0.599 
BIAS
0.1486 -0.1010 -0.0088 
RMS 1.67104
WEIGHTS W:
0.126 
0.023 
0.741 0.602 
BIAS
0.1535 -0.0982 -0.0065 
RMS 1.67091
WEIGHTS W:
0.123 
0.026 
0.740 0.602 
BIAS
0.1540 -0.0956 -0.0046 
RMS 1.67072
WEIGHTS W:
0.120 
0.030 
0.737 0.600 
BIAS
0.1500 -0.0932 -0.0029 
RMS 1.67045
WEIGHTS W:
0.118 
0.034 
0.732 0.596 
BIAS
0.1414 -0.0908 -0.0016 
RMS 1.67010
WEIGHTS W:
0.115 
0.037 
0.725 0.590 
BIAS
0.1282 -0.0885 -0.0005 
RMS 1.66968
WEIGHTS W:
0.113 
0.040 
0.717 0.582 
BIAS
0.1104 -0.0862 0.0005 
RMS 1.66919
WEIGHTS W:
0.110 
0.042 
0.706 0.572 
BIAS
0.0880 -0.0839 0.0013 
RMS 1.66863
WEIGHTS W:
0.108 
0.045 
0.693 0.560 
BIAS
0.0611 -0.0816 0.0019 
RMS 1.66801
WEIGHTS W:
0.107 
0.047 
0.678 0.546 
BIAS
0.0296 -0.0793 0.0025 
RMS 1.66734
WEIGHTS W:
0.105 
0.049 
0.661 0.529 
BIAS
-0.0063 -0.0769 0.0031 
RMS 1.66663
WEIGHTS W:
0.104 
0.050 
0.641 0.511 
BIAS
-0.0464 -0.0744 0.0037 
RMS 1.66591
WEIGHTS W:
0.103 
0.051 
0.620 0.490 
BIAS
-0.0906 -0.0719 0.0043 
RMS 1.66519
WEIGHTS W:
0.102 
0.052 
0.597 0.468 
BIAS
-0.1384 -0.0693 0.0049 
RMS 1.66449
WEIGHTS W:
0.102 
0.053 
0.572 0.443 
BIAS
-0.1894 -0.0666 0.0057 
RMS 1.66385
WEIGHTS W:
0.102 
0.053 
0.546 0.418 
BIAS
-0.2431 -0.0638 0.0065 
RMS 1.66330
WEIGHTS W:
0.102 
0.053 
0.518 0.391 
BIAS
-0.2988 -0.0609 0.0074 
RMS 1.66287
WEIGHTS W:
0.102 
0.052 
0.490 0.363 
BIAS
-0.3557 -0.0579 0.0085 
RMS 1.66258
WEIGHTS W:
0.103 
0.052 
0.462 0.334 
BIAS
-0.4129 -0.0548 0.0097 
RMS 1.66244
WEIGHTS W:
0.103 
0.051 
0.433 0.306 
BIAS
-0.4696 -0.0516 0.0110 
RMS 1.66246
WEIGHTS W:
0.104 
0.050 
0.405 0.279 
BIAS
-0.5247 -0.0483 0.0124 
RMS 1.66264
WEIGHTS W:
0.104 
0.049 
0.378 0.252 
BIAS
-0.5775 -0.0449 0.0139 
RMS 1.66294
WEIGHTS W:
0.104 
0.048 
0.353 0.227 
BIAS
-0.6271 -0.0416 0.0155 
RMS 1.66334
WEIGHTS W:
0.104 
0.047 
0.330 0.204 
BIAS
-0.6730 -0.0382 0.0170 
RMS 1.66379
WEIGHTS W:
0.104 
0.046 
0.309 0.183 
BIAS
-0.7145 -0.0348 0.0186 
RMS 1.66428
WEIGHTS W:
0.104 
0.045 
0.291 0.164 
BIAS
-0.7513 -0.0316 0.0202 
RMS 1.66475
WEIGHTS W:
0.103 
0.044 
0.275 0.148 
BIAS
-0.7831 -0.0284 0.0217 
RMS 1.66519
WEIGHTS W:
0.103 
0.043 
0.261 0.135 
BIAS
-0.8097 -0.0253 0.0232 
RMS 1.66558
WEIGHTS W:
0.102 
0.042 
0.251 0.124 
BIAS
-0.8310 -0.0224 0.0246 
RMS 1.66588
WEIGHTS W:
0.102 
0.041 
0.243 0.116 
BIAS
-0.8469 -0.0197 0.0259 
RMS 1.66610
WEIGHTS W:
0.101 
0.041 
0.238 0.111 
BIAS
-0.8575 -0.0172 0.0271 
RMS 1.66623
WEIGHTS W:
0.101 
0.040 
0.236 0.108 
BIAS
-0.8627 -0.0149 0.0282 
RMS 1.66627
WEIGHTS W:
0.100 
0.040 
0.237 0.108 
BIAS
-0.8625 -0.0128 0.0292 
RMS 1.66621
WEIGHTS W:
0.100 
0.039 
0.240 0.111 
BIAS
-0.8571 -0.0109 0.0301 
RMS 1.66605
WEIGHTS W:
0.099 
0.039 
0.247 0.117 
BIAS
-0.8465 -0.0093 0.0309 
RMS 1.66581
WEIGHTS W:
0.099 
0.039 
0.255 0.125 
BIAS
-0.8307 -0.0079 0.0315 
RMS 1.66549
WEIGHTS W:
0.098 
0.039 
0.267 0.136 
BIAS
-0.8098 -0.0067 0.0320 
RMS 1.66511
WEIGHTS W:
0.098 
0.039 
0.281 0.149 
BIAS
-0.7841 -0.0058 0.0324 
RMS 1.66467
WEIGHTS W:
0.097 
0.039 
0.297 0.165 
BIAS
-0.7536 -0.0051 0.0327 
RMS 1.66421
WEIGHTS W:
0.097 
0.039 
0.316 0.183 
BIAS
-0.7187 -0.0047 0.0328 
RMS 1.66375
WEIGHTS W:
0.097 
0.039 
0.336 0.203 
BIAS
-0.6797 -0.0046 0.0328 
RMS 1.66330
WEIGHTS W:
0.096 
0.039 
0.359 0.225 
BIAS
-0.6370 -0.0047 0.0326 
RMS 1.66291
WEIGHTS W:
0.096 
0.039 
0.382 0.248 
BIAS
-0.5911 -0.0051 0.0324 
RMS 1.66261
WEIGHTS W:
0.096 
0.040 
0.407 0.273 
BIAS
-0.5427 -0.0057 0.0319 
RMS 1.66240
WEIGHTS W:
0.095 
0.040 
0.433 0.299 
BIAS
-0.4924 -0.0066 0.0314 
RMS 1.66232
WEIGHTS W:
0.095 
0.040 
0.459 0.325 
BIAS
-0.4412 -0.0077 0.0308 
RMS 1.66237
WEIGHTS W:
0.094 
0.041 
0.484 0.351 
BIAS
-0.3897 -0.0091 0.0300 
RMS 1.66254
WEIGHTS W:
0.093 
0.041 
0.509 0.377 
BIAS
-0.3388 -0.0106 0.0292 
RMS 1.66283
WEIGHTS W:
0.092 
0.042 
0.533 0.401 
BIAS
-0.2892 -0.0123 0.0283 
RMS 1.66320
WEIGHTS W:
0.091 
0.043 
0.556 0.425 
BIAS
-0.2417 -0.0141 0.0273 
RMS 1.66365
WEIGHTS W:
0.089 
0.044 
0.577 0.447 
BIAS
-0.1968 -0.0160 0.0263 
RMS 1.66412
WEIGHTS W:
0.087 
0.045 
0.596 0.467 
BIAS
-0.1551 -0.0179 0.0252 
RMS 1.66461
WEIGHTS W:
0.085 
0.046 
0.614 0.486 
BIAS
-0.1170 -0.0199 0.0241 
RMS 1.66509
WEIGHTS W:
0.082 
0.047 
0.629 0.502 
BIAS
-0.0828 -0.0218 0.0230 
RMS 1.66553
WEIGHTS W:
0.080 
0.049 
0.642 0.517 
BIAS
-0.0527 -0.0237 0.0218 
RMS 1.66592
WEIGHTS W:
0.077 
0.050 
0.653 0.529 
BIAS
-0.0269 -0.0255 0.0207 
RMS 1.66626
WEIGHTS W:
0.074 
0.052 
0.662 0.539 
BIAS
-0.0056 -0.0271 0.0195 
RMS 1.66652
WEIGHTS W:
0.071 
0.054 
0.668 0.547 
BIAS
0.0112 -0.0287 0.0184 
RMS 1.66671
WEIGHTS W:
0.068 
0.056 
0.673 0.553 
BIAS
0.0234 -0.0300 0.0173 
RMS 1.66682
WEIGHTS W:
0.065 
0.057 
0.676 0.557 
BIAS
0.0311 -0.0312 0.0162 
RMS 1.66686
WEIGHTS W:
0.062 
0.059 
0.676 0.559 
BIAS
0.0341 -0.0322 0.0151 
RMS 1.66683
WEIGHTS W:
0.060 
0.061 
0.675 0.558 
BIAS
0.0326 -0.0331 0.0141 
RMS 1.66672
WEIGHTS W:
0.057 
0.062 
0.671 0.556 
BIAS
0.0265 -0.0338 0.0131 
RMS 1.66654
WEIGHTS W:
0.055 
0.064 
0.665 0.551 
BIAS
0.0159 -0.0343 0.0123 
RMS 1.66630
WEIGHTS W:
0.052 
0.066 
0.658 0.544 
BIAS
0.0007 -0.0346 0.0115 
RMS 1.66601
WEIGHTS W:
0.050 
0.067 
0.648 0.535 
BIAS
-0.0188 -0.0348 0.0107 
RMS 1.66566
WEIGHTS W:
0.048 
0.068 
0.636 0.525 
BIAS
-0.0426 -0.0349 0.0101 
RMS 1.66526
WEIGHTS W:
0.047 
0.069 
0.623 0.512 
BIAS
-0.0707 -0.0348 0.0097 
RMS 1.66484
WEIGHTS W:
0.046 
0.070 
0.607 0.497 
BIAS
-0.1027 -0.0347 0.0093 
RMS 1.66439
WEIGHTS W:
0.045 
0.071 
0.590 0.480 
BIAS
-0.1385 -0.0344 0.0092 
RMS 1.66394
WEIGHTS W:
0.044 
0.071 
0.570 0.462 
BIAS
-0.1778 -0.0340 0.0092 
RMS 1.66350
WEIGHTS W:
0.044 
0.071 
0.550 0.442 
BIAS
-0.2201 -0.0335 0.0093 
RMS 1.66310
WEIGHTS W:
0.043 
0.071 
0.527 0.420 
BIAS
-0.2650 -0.0329 0.0097 
RMS 1.66274
WEIGHTS W:
0.044 
0.071 
0.504 0.397 
BIAS
-0.3120 -0.0323 0.0103 
RMS 1.66246
WEIGHTS W:
0.044 
0.071 
0.480 0.374 
BIAS
-0.3604 -0.0316 0.0110 
RMS 1.66226
WEIGHTS W:
0.044 
0.070 
0.455 0.349 
BIAS
-0.4095 -0.0308 0.0119 
RMS 1.66217
WEIGHTS W:
0.045 
0.069 
0.430 0.325 
BIAS
-0.4586 -0.0300 0.0130 
RMS 1.66218
WEIGHTS W:
0.045 
0.068 
0.406 0.301 
BIAS
-0.5070 -0.0291 0.0143 
RMS 1.66229
WEIGHTS W:
0.046 
0.067 
0.382 0.277 
BIAS
-0.5538 -0.0281 0.0156 
RMS 1.66250
WEIGHTS W:
0.047 
0.066 
0.360 0.255 
BIAS
-0.5985 -0.0272 0.0171 
RMS 1.66279
WEIGHTS W:
0.047 
0.065 
0.338 0.234 
BIAS
-0.6404 -0.0262 0.0187 
RMS 1.66314
WEIGHTS W:
0.048 
0.064 
0.319 0.214 
BIAS
-0.6789 -0.0251 0.0203 
RMS 1.66352
WEIGHTS W:
0.048 
0.063 
0.301 0.196 
BIAS
-0.7137 -0.0241 0.0219 
RMS 1.66392
WEIGHTS W:
0.048 
0.062 
0.286 0.181 
BIAS
-0.7444 -0.0231 0.0235 
RMS 1.66430
WEIGHTS W:
0.049 
0.061 
0.273 0.167 
BIAS
-0.7707 -0.0221 0.0251 
RMS 1.66465
WEIGHTS W:
0.049 
0.060 
0.262 0.156 
BIAS
-0.7925 -0.0211 0.0266 
RMS 1.66495
WEIGHTS W:
0.049 
0.059 
0.253 0.148 
BIAS
-0.8096 -0.0202 0.0281 
RMS 1.66519
WEIGHTS W:
0.049 
0.058 
0.247 0.142 
BIAS
-0.8220 -0.0193 0.0294 
RMS 1.66536
WEIGHTS W:
0.049 
0.057 
0.244 0.138 
BIAS
-0.8295 -0.0184 0.0307 
RMS 1.66545
WEIGHTS W:
0.049 
0.057 
0.243 0.136 
BIAS
-0.8323 -0.0177 0.0319 
RMS 1.66546
WEIGHTS W:
0.049 
0.056 
0.245 0.138 
BIAS
-0.8302 -0.0170 0.0329 
RMS 1.66540
WEIGHTS W:
0.049 
0.056 
0.249 0.141 
BIAS
-0.8233 -0.0164 0.0338 
RMS 1.66525
WEIGHTS W:
0.049 
0.055 
0.255 0.147 
BIAS
-0.8117 -0.0158 0.0345 
RMS 1.66504
WEIGHTS W:
0.049 
0.055 
0.264 0.156 
BIAS
-0.7955 -0.0153 0.0352 
RMS 1.66476
WEIGHTS W:
0.049 
0.055 
0.276 0.166 
BIAS
-0.7746 -0.0150 0.0356 
RMS 1.66443
WEIGHTS W:
0.049 
0.055 
0.289 0.179 
BIAS
-0.7493 -0.0147 0.0360 
RMS 1.66407
WEIGHTS W:
0.049 
0.055 
0.305 0.194 
BIAS
-0.7198 -0.0145 0.0361 
RMS 1.66369
WEIGHTS W:
0.049 
0.055 
0.322 0.212 
BIAS
-0.6864 -0.0144 0.0362 
RMS 1.66331
WEIGHTS W:
0.049 
0.055 
0.342 0.231 
BIAS
-0.6492 -0.0144 0.0360 
RMS 1.66296
WEIGHTS W:
0.048 
0.055 
0.363 0.252 
BIAS
-0.6089 -0.0146 0.0357 
RMS 1.66265
WEIGHTS W:
0.048 
0.055 
0.385 0.274 
BIAS
-0.5658 -0.0148 0.0353 
RMS 1.66242
WEIGHTS W:
0.048 
0.055 
0.408 0.297 
BIAS
-0.5206 -0.0151 0.0346 
RMS 1.66227
WEIGHTS W:
0.048 
0.055 
0.432 0.321 
BIAS
-0.4738 -0.0155 0.0339 
RMS 1.66222
WEIGHTS W:
0.047 
0.056 
0.456 0.345 
BIAS
-0.4262 -0.0161 0.0330 
RMS 1.66227
WEIGHTS W:
0.047 
0.056 
0.480 0.369 
BIAS
-0.3785 -0.0167 0.0320 
RMS 1.66243
WEIGHTS W:
0.046 
0.056 
0.503 0.393 
BIAS
-0.3314 -0.0174 0.0309 
RMS 1.66267
WEIGHTS W:
0.045 
0.057 
0.525 0.415 
BIAS
-0.2856 -0.0181 0.0297 
RMS 1.66298
WEIGHTS W:
0.044 
0.058 
0.546 0.437 
BIAS
-0.2416 -0.0189 0.0284 
RMS 1.66334
WEIGHTS W:
0.043 
0.058 
0.565 0.458 
BIAS
-0.2001 -0.0198 0.0271 
RMS 1.66374
WEIGHTS W:
0.041 
0.059 
0.583 0.477 
BIAS
-0.1615 -0.0206 0.0257 
RMS 1.66414
WEIGHTS W:
0.039 
0.060 
0.599 0.494 
BIAS
-0.1261 -0.0215 0.0243 
RMS 1.66453
WEIGHTS W:
0.037 
0.061 
0.613 0.509 
BIAS
-0.0944 -0.0223 0.0229 
RMS 1.66490
WEIGHTS W:
0.035 
0.063 
0.626 0.523 
BIAS
-0.0664 -0.0231 0.0215 
RMS 1.66523
WEIGHTS W:
0.033 
0.064 
0.636 0.534 
BIAS
-0.0425 -0.0238 0.0201 
RMS 1.66551
WEIGHTS W:
0.031 
0.065 
0.644 0.544 
BIAS
-0.0228 -0.0245 0.0187 
RMS 1.66574
WEIGHTS W:
0.028 
0.067 
0.651 0.551 
BIAS
-0.0073 -0.0250 0.0174 
RMS 1.66590
WEIGHTS W:
0.026 
0.068 
0.655 0.557 
BIAS
0.0038 -0.0255 0.0160 
RMS 1.66601
WEIGHTS W:
0.024 
0.070 
0.657 0.560 
BIAS
0.0106 -0.0259 0.0148 
RMS 1.66604
WEIGHTS W:
0.021 
0.071 
0.658 0.562 
BIAS
0.0130 -0.0262 0.0135 
RMS 1.66602
WEIGHTS W:
0.019 
0.073 
0.656 0.561 
BIAS
0.0110 -0.0264 0.0124 
RMS 1.66593
WEIGHTS W:
0.017 
0.074 
0.652 0.559 
BIAS
0.0045 -0.0265 0.0113 
RMS 1.66578
WEIGHTS W:
0.015 
0.076 
0.647 0.554 
BIAS
-0.0063 -0.0266 0.0104 
RMS 1.66558
WEIGHTS W:
0.013 
0.077 
0.639 0.547 
BIAS
-0.0214 -0.0265 0.0095 
RMS 1.66533
WEIGHTS W:
0.012 
0.078 
0.629 0.539 
BIAS
-0.0408 -0.0265 0.0088 
RMS 1.66503
WEIGHTS W:
0.010 
0.079 
0.618 0.528 
BIAS
-0.0643 -0.0263 0.0082 
RMS 1.66470
WEIGHTS W:
0.009 
0.080 
0.604 0.516 
BIAS
-0.0919 -0.0261 0.0077 
RMS 1.66435
WEIGHTS W:
0.008 
0.081 
0.589 0.501 
BIAS
-0.1232 -0.0259 0.0074 
RMS 1.66398
WEIGHTS W:
0.007 
0.081 
0.572 0.485 
BIAS
-0.1582 -0.0257 0.0073 
RMS 1.66361
WEIGHTS W:
0.007 
0.082 
0.553 0.467 
BIAS
-0.1964 -0.0255 0.0074 
RMS 1.66325
WEIGHTS W:
0.007 
0.082 
0.533 0.447 
BIAS
-0.2375 -0.0252 0.0077 
RMS 1.66292
WEIGHTS W:
0.007 
0.081 
0.511 0.426 
BIAS
-0.2810 -0.0250 0.0081 
RMS 1.66264
WEIGHTS W:
0.007 
0.081 
0.489 0.404 
BIAS
-0.3264 -0.0248 0.0088 
RMS 1.66242
WEIGHTS W:
0.007 
0.081 
0.465 0.382 
BIAS
-0.3730 -0.0246 0.0097 
RMS 1.66228
WEIGHTS W:
0.008 
0.080 
0.442 0.358 
BIAS
-0.4202 -0.0244 0.0108 
RMS 1.66222
WEIGHTS W:
0.008 
0.079 
0.418 0.335 
BIAS
-0.4672 -0.0242 0.0120 
RMS 1.66226
WEIGHTS W:
0.009 
0.078 
0.395 0.312 
BIAS
-0.5135 -0.0240 0.0135 
RMS 1.66238
WEIGHTS W:
0.010 
0.077 
0.372 0.289 
BIAS
-0.5582 -0.0238 0.0150 
RMS 1.66258
WEIGHTS W:
0.011 
0.076 
0.350 0.268 
BIAS
-0.6007 -0.0237 0.0167 
RMS 1.66284
WEIGHTS W:
0.011 
0.075 
0.330 0.248 
BIAS
-0.6405 -0.0235 0.0184 
RMS 1.66316
WEIGHTS W:
0.012 
0.074 
0.312 0.229 
BIAS
-0.6770 -0.0233 0.0202 
RMS 1.66350
WEIGHTS W:
0.013 
0.072 
0.295 0.212 
BIAS
-0.7099 -0.0232 0.0220 
RMS 1.66385
WEIGHTS W:
0.013 
0.071 
0.280 0.198 
BIAS
-0.7388 -0.0230 0.0238 
RMS 1.66419
WEIGHTS W:
0.014 
0.070 
0.268 0.185 
BIAS
-0.7634 -0.0229 0.0255 
RMS 1.66449
WEIGHTS W:
0.015 
0.069 
0.258 0.175 
BIAS
-0.7837 -0.0227 0.0272 
RMS 1.66476
WEIGHTS W:
0.015 
0.068 
0.250 0.167 
BIAS
-0.7994 -0.0225 0.0288 
RMS 1.66496
WEIGHTS W:
0.015 
0.067 
0.245 0.161 
BIAS
-0.8106 -0.0224 0.0303 
RMS 1.66510
WEIGHTS W:
0.016 
0.066 
0.242 0.158 
BIAS
-0.8171 -0.0222 0.0316 
RMS 1.66518
WEIGHTS W:
0.016 
0.066 
0.242 0.157 
BIAS
-0.8189 -0.0221 0.0329 
RMS 1.66517
WEIGHTS W:
0.016 
0.065 
0.243 0.158 
BIAS
-0.8160 -0.0219 0.0340 
RMS 1.66510
WEIGHTS W:
0.016 
0.065 
0.248 0.162 
BIAS
-0.8085 -0.0218 0.0350 
RMS 1.66496
WEIGHTS W:
0.016 
0.064 
0.255 0.169 
BIAS
-0.7964 -0.0217 0.0358 
RMS 1.66475
WEIGHTS W:
0.017 
0.064 
0.264 0.177 
BIAS
-0.7798 -0.0215 0.0365 
RMS 1.66449
WEIGHTS W:
0.017 
0.064 
0.275 0.188 
BIAS
-0.7588 -0.0214 0.0370 
RMS 1.66418
WEIGHTS W:
0.017 
0.063 
0.288 0.201 
BIAS
-0.7336 -0.0213 0.0373 
RMS 1.66384
WEIGHTS W:
0.017 
0.063 
0.304 0.216 
BIAS
-0.7043 -0.0213 0.0374 
RMS 1.66349
WEIGHTS W:
0.017 
0.063 
0.321 0.233 
BIAS
-0.6713 -0.0212 0.0374 
RMS 1.66315
WEIGHTS W:
0.017 
0.063 
0.340 0.252 
BIAS
-0.6348 -0.0212 0.0372 
RMS 1.66283
WEIGHTS W:
0.017 
0.063 
0.361 0.272 
BIAS
-0.5953 -0.0212 0.0369 
RMS 1.66257
WEIGHTS W:
0.016 
0.063 
0.382 0.293 
BIAS
-0.5533 -0.0212 0.0363 
RMS 1.66237
WEIGHTS W:
0.016 
0.063 
0.405 0.316 
BIAS
-0.5094 -0.0212 0.0356 
RMS 1.66224
WEIGHTS W:
0.016 
0.064 
0.428 0.339 
BIAS
-0.4641 -0.0213 0.0348 
RMS 1.66221
WEIGHTS W:
0.016 
0.064 
0.451 0.362 
BIAS
-0.4182 -0.0214 0.0338 
RMS 1.66227
WEIGHTS W:
0.015 
0.064 
0.473 0.385 
BIAS
-0.3723 -0.0215 0.0327 
RMS 1.66241
WEIGHTS W:
0.015 
0.064 
0.495 0.408 
BIAS
-0.3270 -0.0216 0.0314 
RMS 1.66263
WEIGHTS W:
0.014 
0.065 
0.517 0.430 
BIAS
-0.2830 -0.0218 0.0301 
RMS 1.66291
WEIGHTS W:
0.013 
0.065 
0.537 0.451 
BIAS
-0.2410 -0.0219 0.0287 
RMS 1.66323
WEIGHTS W:
0.012 
0.066 
0.555 0.471 
BIAS
-0.2013 -0.0221 0.0273 
RMS 1.66358
WEIGHTS W:
0.010 
0.067 
0.572 0.489 
BIAS
-0.1645 -0.0222 0.0257 
RMS 1.66394
WEIGHTS W:
0.009 
0.068 
0.588 0.505 
BIAS
-0.1309 -0.0224 0.0242 
RMS 1.66428
WEIGHTS W:
0.007 
0.069 
0.601 0.520 
BIAS
-0.1008 -0.0225 0.0227 
RMS 1.66461
WEIGHTS W:
0.006 
0.070 
0.613 0.533 
BIAS
-0.0744 -0.0226 0.0211 
RMS 1.66489
WEIGHTS W:
0.004 
0.071 
0.622 0.544 
BIAS
-0.0520 -0.0227 0.0196 
RMS 1.66514
WEIGHTS W:
0.002 
0.072 
0.630 0.552 
BIAS
-0.0337 -0.0227 0.0181 
RMS 1.66533
WEIGHTS W:
-0.000 
0.074 
0.636 0.559 
BIAS
-0.0195 -0.0227 0.0167 
RMS 1.66547
WEIGHTS W:
-0.002 
0.075 
0.640 0.564 
BIAS
-0.0096 -0.0226 0.0153 
RMS 1.66555
WEIGHTS W:
-0.004 
0.077 
0.642 0.567 
BIAS
-0.0040 -0.0225 0.0139 
RMS 1.66558
WEIGHTS W:
-0.006 
0.078 
0.642 0.568 
BIAS
-0.0026 -0.0223 0.0127 
RMS 1.66555
WEIGHTS W:
-0.008 
0.079 
0.640 0.567 
BIAS
-0.0056 -0.0222 0.0115 
RMS 1.66546
WEIGHTS W:
-0.010 
0.081 
0.636 0.564 
BIAS
-0.0130 -0.0219 0.0104 
RMS 1.66532
WEIGHTS W:
-0.011 
0.082 
0.630 0.560 
BIAS
-0.0246 -0.0217 0.0094 
RMS 1.66514
WEIGHTS W:
-0.013 
0.083 
0.622 0.553 
BIAS
-0.0404 -0.0214 0.0086 
RMS 1.66490
WEIGHTS W:
-0.014 
0.084 
0.612 0.544 
BIAS
-0.0604 -0.0212 0.0078 
RMS 1.66464
WEIGHTS W:
-0.016 
0.085 
0.600 0.533 
BIAS
-0.0844 -0.0209 0.0073 
RMS 1.66434
WEIGHTS W:
-0.017 
0.086 
0.586 0.520 
BIAS
-0.1123 -0.0207 0.0069 
RMS 1.66402
WEIGHTS W:
-0.017 
0.086 
0.571 0.506 
BIAS
-0.1438 -0.0205 0.0066 
RMS 1.66370
WEIGHTS W:
-0.018 
0.086 
0.554 0.489 
BIAS
-0.1788 -0.0203 0.0066 
RMS 1.66338
WEIGHTS W:
-0.018 
0.087 
0.535 0.471 
BIAS
-0.2168 -0.0202 0.0068 
RMS 1.66307
WEIGHTS W:
-0.018 
0.087 
0.515 0.452 
BIAS
-0.2574 -0.0201 0.0071 
RMS 1.66280
WEIGHTS W:
-0.018 
0.086 
0.494 0.431 
BIAS
-0.3002 -0.0201 0.0077 
RMS 1.66258
WEIGHTS W:
-0.018 
0.086 
0.471 0.410 
BIAS
-0.3447 -0.0202 0.0085 
RMS 1.66241
WEIGHTS W:
-0.017 
0.085 
0.449 0.387 
BIAS
-0.3901 -0.0203 0.0095 
RMS 1.66231
WEIGHTS W:
-0.017 
0.085 
0.426 0.365 
BIAS
-0.4358 -0.0205 0.0107 
RMS 1.66229
WEIGHTS W:
-0.016 
0.084 
0.403 0.342 
BIAS
-0.4812 -0.0207 0.0120 
RMS 1.66235
WEIGHTS W:
-0.015 
0.083 
0.380 0.320 
BIAS
-0.5255 -0.0210 0.0135 
RMS 1.66249
WEIGHTS W:
-0.014 
0.081 
0.359 0.299 
BIAS
-0.5681 -0.0214 0.0152 
RMS 1.66269
WEIGHTS W:
-0.013 
0.080 
0.338 0.278 
BIAS
-0.6085 -0.0217 0.0169 
RMS 1.66295
WEIGHTS W:
-0.012 
0.079 
0.319 0.259 
BIAS
-0.6459 -0.0221 0.0187 
RMS 1.66324
WEIGHTS W:
-0.012 
0.078 
0.302 0.242 
BIAS
-0.6801 -0.0225 0.0206 
RMS 1.66355
WEIGHTS W:
-0.011 
0.077 
0.286 0.226 
BIAS
-0.7106 -0.0228 0.0224 
RMS 1.66386
WEIGHTS W:
-0.010 
0.076 
0.273 0.213 
BIAS
-0.7372 -0.0232 0.0242 
RMS 1.66416
WEIGHTS W:
-0.009 
0.074 
0.262 0.201 
BIAS
-0.7596 -0.0236 0.0260 
RMS 1.66442
WEIGHTS W:
-0.009 
0.073 
0.253 0.192 
BIAS
-0.7777 -0.0239 0.0277 
RMS 1.66464
WEIGHTS W:
-0.008 
0.072 
0.246 0.185 
BIAS
-0.7913 -0.0242 0.0293 
RMS 1.66481
WEIGHTS W:
-0.007 
0.072 
0.242 0.180 
BIAS
-0.8003 -0.0245 0.0308 
RMS 1.66491
WEIGHTS W:
-0.007 
0.071 
0.240 0.178 
BIAS
-0.8049 -0.0248 0.0322 
RMS 1.66495
WEIGHTS W:
-0.007 
0.070 
0.240 0.178 
BIAS
-0.8048 -0.0250 0.0334 
RMS 1.66492
WEIGHTS W:
-0.006 
0.069 
0.243 0.180 
BIAS
-0.8002 -0.0252 0.0345 
RMS 1.66482
WEIGHTS W:
-0.006 
0.069 
0.248 0.185 
BIAS
-0.7912 -0.0253 0.0355 
RMS 1.66466
WEIGHTS W:
-0.006 
0.068 
0.256 0.192 
BIAS
-0.7776 -0.0254 0.0363 
RMS 1.66445
WEIGHTS W:
-0.005 
0.068 
0.265 0.201 
BIAS
-0.7598 -0.0255 0.0369 
RMS 1.66419
WEIGHTS W:
-0.005 
0.068 
0.277 0.213 
BIAS
-0.7377 -0.0256 0.0373 
RMS 1.66389
WEIGHTS W:
-0.005 
0.067 
0.291 0.226 
BIAS
-0.7116 -0.0256 0.0376 
RMS 1.66357
WEIGHTS W:
-0.005 
0.067 
0.307 0.241 
BIAS
-0.6818 -0.0256 0.0377 
RMS 1.66326
WEIGHTS W:
-0.005 
0.067 
0.324 0.259 
BIAS
-0.6484 -0.0255 0.0376 
RMS 1.66295
WEIGHTS W:
-0.005 
0.067 
0.343 0.277 
BIAS
-0.6120 -0.0254 0.0373 
RMS 1.66268
WEIGHTS W:
-0.005 
0.067 
0.363 0.297 
BIAS
-0.5728 -0.0253 0.0369 
RMS 1.66246
WEIGHTS W:
-0.005 
0.067 
0.384 0.319 
BIAS
-0.5315 -0.0251 0.0363 
RMS 1.66231
WEIGHTS W:
-0.005 
0.067 
0.406 0.340 
BIAS
-0.4886 -0.0250 0.0355 
RMS 1.66223
WEIGHTS W:
-0.006 
0.067 
0.428 0.363 
BIAS
-0.4448 -0.0248 0.0346 
RMS 1.66223
WEIGHTS W:
-0.006 
0.068 
0.450 0.385 
BIAS
-0.4005 -0.0246 0.0335 
RMS 1.66231
WEIGHTS W:
-0.006 
0.068 
0.472 0.407 
BIAS
-0.3566 -0.0243 0.0323 
RMS 1.66247
WEIGHTS W:
-0.007 
0.068 
0.492 0.429 
BIAS
-0.3136 -0.0241 0.0310 
RMS 1.66269
WEIGHTS W:
-0.008 
0.069 
0.512 0.450 
BIAS
-0.2721 -0.0238 0.0296 
RMS 1.66295
WEIGHTS W:
-0.008 
0.069 
0.531 0.469 
BIAS
-0.2327 -0.0236 0.0282 
RMS 1.66325
WEIGHTS W:
-0.009 
0.070 
0.548 0.487 
BIAS
-0.1957 -0.0233 0.0267 
RMS 1.66356
WEIGHTS W:
-0.010 
0.071 
0.564 0.504 
BIAS
-0.1617 -0.0230 0.0251 
RMS 1.66388
WEIGHTS W:
-0.012 
0.071 
0.578 0.519 
BIAS
-0.1308 -0.0227 0.0236 
RMS 1.66418
WEIGHTS W:
-0.013 
0.072 
0.590 0.533 
BIAS
-0.1035 -0.0224 0.0220 
RMS 1.66445
WEIGHTS W:
-0.015 
0.074 
0.601 0.544 
BIAS
-0.0799 -0.0221 0.0205 
RMS 1.66469
WEIGHTS W:
-0.016 
0.075 
0.609 0.554 
BIAS
-0.0602 -0.0217 0.0190 
RMS 1.66489
WEIGHTS W:
-0.018 
0.076 
0.616 0.561 
BIAS
-0.0445 -0.0214 0.0175 
RMS 1.66505
WEIGHTS W:
-0.020 
0.077 
0.621 0.567 
BIAS
-0.0329 -0.0210 0.0160 
RMS 1.66515
WEIGHTS W:
-0.021 
0.078 
0.623 0.571 
BIAS
-0.0255 -0.0206 0.0147 
RMS 1.66520
WEIGHTS W:
-0.023 
0.080 
0.624 0.573 
BIAS
-0.0222 -0.0201 0.0134 
RMS 1.66520
WEIGHTS W:
-0.025 
0.081 
0.623 0.573 
BIAS
-0.0232 -0.0197 0.0121 
RMS 1.66515
WEIGHTS W:
-0.026 
0.082 
0.620 0.571 
BIAS
-0.0284 -0.0193 0.0110 
RMS 1.66504
WEIGHTS W:
-0.028 
0.083 
0.615 0.567 
BIAS
-0.0377 -0.0189 0.0100 
RMS 1.66490
WEIGHTS W:
-0.029 
0.084 
0.608 0.561 
BIAS
-0.0512 -0.0185 0.0091 
RMS 1.66471
WEIGHTS W:
-0.031 
0.085 
0.599 0.554 
BIAS
-0.0688 -0.0181 0.0083 
RMS 1.66449
WEIGHTS W:
-0.032 
0.086 
0.589 0.544 
BIAS
-0.0903 -0.0178 0.0077 
RMS 1.66423
WEIGHTS W:
-0.033 
0.087 
0.576 0.532 
BIAS
-0.1156 -0.0175 0.0072 
RMS 1.66396
WEIGHTS W:
-0.033 
0.087 
0.562 0.519 
BIAS
-0.1446 -0.0173 0.0069 
RMS 1.66368
WEIGHTS W:
-0.034 
0.088 
0.546 0.504 
BIAS
-0.1769 -0.0171 0.0068 
RMS 1.66339
WEIGHTS W:
-0.034 
0.088 
0.529 0.488 
BIAS
-0.2122 -0.0171 0.0069 
RMS 1.66312
WEIGHTS W:
-0.034 
0.088 
0.510 0.469 
BIAS
-0.2503 -0.0171 0.0072 
RMS 1.66286
WEIGHTS W:
-0.034 
0.088 
0.490 0.450 
BIAS
-0.2906 -0.0172 0.0077 
RMS 1.66265
WEIGHTS W:
-0.034 
0.087 
0.469 0.430 
BIAS
-0.3326 -0.0174 0.0084 
RMS 1.66248
WEIGHTS W:
-0.033 
0.087 
0.447 0.409 
BIAS
-0.3757 -0.0177 0.0093 
RMS 1.66238
WEIGHTS W:
-0.033 
0.086 
0.425 0.387 
BIAS
-0.4194 -0.0180 0.0104 
RMS 1.66234
WEIGHTS W:
-0.032 
0.085 
0.403 0.366 
BIAS
-0.4630 -0.0185 0.0117 
RMS 1.66236
WEIGHTS W:
-0.031 
0.084 
0.382 0.344 
BIAS
-0.5058 -0.0190 0.0131 
RMS 1.66246
WEIGHTS W:
-0.030 
0.083 
0.361 0.323 
BIAS
-0.5472 -0.0196 0.0146 
RMS 1.66262
WEIGHTS W:
-0.029 
0.082 
0.341 0.303 
BIAS
-0.5866 -0.0203 0.0163 
RMS 1.66283
WEIGHTS W:
-0.028 
0.081 
0.322 0.285 
BIAS
-0.6234 -0.0210 0.0180 
RMS 1.66308
WEIGHTS W:
-0.027 
0.080 
0.305 0.267 
BIAS
-0.6573 -0.0217 0.0198 
RMS 1.66335
WEIGHTS W:
-0.027 
0.079 
0.289 0.252 
BIAS
-0.6878 -0.0224 0.0216 
RMS 1.66363
WEIGHTS W:
-0.026 
0.077 
0.276 0.238 
BIAS
-0.7145 -0.0231 0.0234 
RMS 1.66390
WEIGHTS W:
-0.025 
0.076 
0.264 0.227 
BIAS
-0.7373 -0.0237 0.0252 
RMS 1.66414
WEIGHTS W:
-0.024 
0.075 
0.255 0.217 
BIAS
-0.7560 -0.0244 0.0268 
RMS 1.66435
WEIGHTS W:
-0.023 
0.074 
0.248 0.210 
BIAS
-0.7704 -0.0250 0.0285 
RMS 1.66451
WEIGHTS W:
-0.023 
0.073 
0.243 0.204 
BIAS
-0.7805 -0.0256 0.0300 
RMS 1.66462
WEIGHTS W:
-0.022 
0.072 
0.241 0.202 
BIAS
-0.7862 -0.0261 0.0313 
RMS 1.66467
WEIGHTS W:
-0.022 
0.072 
0.240 0.201 
BIAS
-0.7875 -0.0265 0.0326 
RMS 1.66466
WEIGHTS W:
-0.021 
0.071 
0.242 0.203 
BIAS
-0.7844 -0.0269 0.0337 
RMS 1.66459
WEIGHTS W:
-0.021 
0.070 
0.246 0.206 
BIAS
-0.7769 -0.0273 0.0347 
RMS 1.66446
WEIGHTS W:
-0.020 
0.070 
0.253 0.213 
BIAS
-0.7652 -0.0276 0.0355 
RMS 1.66428
WEIGHTS W:
-0.020 
0.069 
0.261 0.221 
BIAS
-0.7492 -0.0278 0.0362 
RMS 1.66405
WEIGHTS W:
-0.020 
0.069 
0.272 0.231 
BIAS
-0.7292 -0.0279 0.0366 
RMS 1.66379
WEIGHTS W:
-0.020 
0.069 
0.285 0.243 
BIAS
-0.7053 -0.0280 0.0370 
RMS 1.66351
WEIGHTS W:
-0.019 
0.068 
0.299 0.258 
BIAS
-0.6777 -0.0280 0.0371 
RMS 1.66322
WEIGHTS W:
-0.019 
0.068 
0.315 0.274 
BIAS
-0.6468 -0.0280 0.0371 
RMS 1.66295
WEIGHTS W:
-0.019 
0.068 
0.333 0.291 
BIAS
-0.6128 -0.0279 0.0368 
RMS 1.66270
WEIGHTS W:
-0.019 
0.068 
0.352 0.310 
BIAS
-0.5762 -0.0277 0.0365 
RMS 1.66249
WEIGHTS W:
-0.019 
0.068 
0.372 0.330 
BIAS
-0.5374 -0.0275 0.0359 
RMS 1.66234
WEIGHTS W:
-0.019 
0.068 
0.392 0.350 
BIAS
-0.4970 -0.0272 0.0352 
RMS 1.66225
WEIGHTS W:
-0.019 
0.068 
0.413 0.371 
BIAS
-0.4555 -0.0269 0.0343 
RMS 1.66224
WEIGHTS W:
-0.020 
0.068 
0.434 0.393 
BIAS
-0.4136 -0.0265 0.0334 
RMS 1.66229
WEIGHTS W:
-0.020 
0.069 
0.454 0.414 
BIAS
-0.3718 -0.0261 0.0322 
RMS 1.66241
WEIGHTS W:
-0.020 
0.069 
0.474 0.434 
BIAS
-0.3308 -0.0256 0.0310 
RMS 1.66259
WEIGHTS W:
-0.021 
0.069 
0.494 0.454 
BIAS
-0.2910 -0.0251 0.0297 
RMS 1.66281
WEIGHTS W:
-0.022 
0.070 
0.512 0.473 
BIAS
-0.2531 -0.0246 0.0283 
RMS 1.66307
WEIGHTS W:
-0.022 
0.070 
0.528 0.491 
BIAS
-0.2174 -0.0241 0.0269 
RMS 1.66334
WEIGHTS W:
-0.023 
0.071 
0.544 0.507 
BIAS
-0.1844 -0.0236 0.0254 
RMS 1.66362
WEIGHTS W:
-0.024 
0.072 
0.557 0.522 
BIAS
-0.1544 -0.0230 0.0239 
RMS 1.66389
WEIGHTS W:
-0.026 
0.073 
0.570 0.535 
BIAS
-0.1277 -0.0225 0.0224 
RMS 1.66415
WEIGHTS W:
-0.027 
0.074 
0.580 0.546 
BIAS
-0.1045 -0.0219 0.0209 
RMS 1.66437
WEIGHTS W:
-0.028 
0.075 
0.588 0.556 
BIAS
-0.0849 -0.0213 0.0195 
RMS 1.66456
WEIGHTS W:
-0.030 
0.076 
0.595 0.564 
BIAS
-0.0692 -0.0207 0.0180 
RMS 1.66470
WEIGHTS W:
-0.031 
0.077 
0.600 0.570 
BIAS
-0.0574 -0.0201 0.0166 
RMS 1.66480
WEIGHTS W:
-0.033 
0.078 
0.603 0.574 
BIAS
-0.0496 -0.0195 0.0153 
RMS 1.66486
WEIGHTS W:
-0.034 
0.079 
0.604 0.576 
BIAS
-0.0459 -0.0190 0.0141 
RMS 1.66487
WEIGHTS W:
-0.036 
0.080 
0.603 0.576 
BIAS
-0.0461 -0.0184 0.0129 
RMS 1.66483
WEIGHTS W:
-0.037 
0.081 
0.601 0.575 
BIAS
-0.0505 -0.0179 0.0118 
RMS 1.66475
WEIGHTS W:
-0.038 
0.082 
0.596 0.571 
BIAS
-0.0588 -0.0174 0.0108 
RMS 1.66462
WEIGHTS W:
-0.040 
0.083 
0.590 0.566 
BIAS
-0.0712 -0.0169 0.0099 
RMS 1.66446
WEIGHTS W:
-0.041 
0.084 
0.582 0.559 
BIAS
-0.0874 -0.0165 0.0092 
RMS 1.66427
WEIGHTS W:
-0.042 
0.085 
0.572 0.550 
BIAS
-0.1074 -0.0161 0.0086 
RMS 1.66405
WEIGHTS W:
-0.043 
0.086 
0.560 0.539 
BIAS
-0.1311 -0.0158 0.0081 
RMS 1.66381
WEIGHTS W:
-0.043 
0.086 
0.546 0.527 
BIAS
-0.1582 -0.0156 0.0079 
RMS 1.66356
WEIGHTS W:
-0.044 
0.086 
0.532 0.512 
BIAS
-0.1885 -0.0154 0.0077 
RMS 1.66330
WEIGHTS W:
-0.044 
0.087 
0.515 0.497 
BIAS
-0.2217 -0.0154 0.0078 
RMS 1.66306
WEIGHTS W:
-0.044 
0.087 
0.497 0.480 
BIAS
-0.2575 -0.0155 0.0081 
RMS 1.66284
WEIGHTS W:
-0.044 
0.086 
0.478 0.462 
BIAS
-0.2954 -0.0156 0.0085 
RMS 1.66265
WEIGHTS W:
-0.044 
0.086 
0.459 0.443 
BIAS
-0.3350 -0.0159 0.0092 
RMS 1.66250
WEIGHTS W:
-0.043 
0.085 
0.438 0.423 
BIAS
-0.3756 -0.0163 0.0100 
RMS 1.66240
WEIGHTS W:
-0.042 
0.085 
0.417 0.402 
BIAS
-0.4168 -0.0168 0.0110 
RMS 1.66236
WEIGHTS W:
-0.042 
0.084 
0.397 0.382 
BIAS
-0.4579 -0.0174 0.0122 
RMS 1.66238
WEIGHTS W:
-0.041 
0.083 
0.376 0.362 
BIAS
-0.4983 -0.0180 0.0135 
RMS 1.66245
WEIGHTS W:
-0.040 
0.082 
0.356 0.342 
BIAS
-0.5375 -0.0187 0.0149 
RMS 1.66259
WEIGHTS W:
-0.039 
0.081 
0.337 0.323 
BIAS
-0.5748 -0.0195 0.0165 
RMS 1.66276
WEIGHTS W:
-0.038 
0.080 
0.320 0.306 
BIAS
-0.6098 -0.0204 0.0181 
RMS 1.66298
WEIGHTS W:
-0.037 
0.079 
0.303 0.289 
BIAS
-0.6420 -0.0212 0.0198 
RMS 1.66321
WEIGHTS W:
-0.036 
0.078 
0.289 0.274 
BIAS
-0.6710 -0.0221 0.0215 
RMS 1.66345
WEIGHTS W:
-0.035 
0.076 
0.276 0.261 
BIAS
-0.6966 -0.0229 0.0231 
RMS 1.66369
WEIGHTS W:
-0.034 
0.075 
0.265 0.250 
BIAS
-0.7184 -0.0238 0.0248 
RMS 1.66390
WEIGHTS W:
-0.034 
0.074 
0.256 0.241 
BIAS
-0.7363 -0.0246 0.0263 
RMS 1.66409
WEIGHTS W:
-0.033 
0.073 
0.249 0.234 
BIAS
-0.7502 -0.0253 0.0279 
RMS 1.66423
WEIGHTS W:
-0.032 
0.072 
0.244 0.229 
BIAS
-0.7599 -0.0260 0.0293 
RMS 1.66433
WEIGHTS W:
-0.031 
0.072 
0.242 0.226 
BIAS
-0.7655 -0.0267 0.0306 
RMS 1.66437
WEIGHTS W:
-0.031 
0.071 
0.241 0.225 
BIAS
-0.7669 -0.0273 0.0318 
RMS 1.66436
WEIGHTS W:
-0.030 
0.070 
0.243 0.227 
BIAS
-0.7640 -0.0278 0.0328 
RMS 1.66430
WEIGHTS W:
-0.030 
0.069 
0.247 0.230 
BIAS
-0.7571 -0.0282 0.0337 
RMS 1.66419
WEIGHTS W:
-0.029 
0.069 
0.253 0.236 
BIAS
-0.7460 -0.0286 0.0345 
RMS 1.66403
WEIGHTS W:
-0.029 
0.068 
0.261 0.244 
BIAS
-0.7309 -0.0289 0.0351 
RMS 1.66383
WEIGHTS W:
-0.029 
0.068 
0.271 0.254 
BIAS
-0.7120 -0.0291 0.0356 
RMS 1.66360
WEIGHTS W:
-0.028 
0.068 
0.283 0.265 
BIAS
-0.6894 -0.0292 0.0359 
RMS 1.66335
WEIGHTS W:
-0.028 
0.067 
0.297 0.279 
BIAS
-0.6634 -0.0292 0.0360 
RMS 1.66310
WEIGHTS W:
-0.028 
0.067 
0.312 0.294 
BIAS
-0.6342 -0.0292 0.0360 
RMS 1.66286
WEIGHTS W:
-0.028 
0.067 
0.328 0.310 
BIAS
-0.6022 -0.0291 0.0358 
RMS 1.66264
WEIGHTS W:
-0.028 
0.067 
0.346 0.328 
BIAS
-0.5677 -0.0289 0.0354 
RMS 1.66246
WEIGHTS W:
-0.028 
0.067 
0.365 0.347 
BIAS
-0.5312 -0.0286 0.0349 
RMS 1.66233
WEIGHTS W:
-0.028 
0.067 
0.384 0.366 
BIAS
-0.4932 -0.0282 0.0343 
RMS 1.66226
WEIGHTS W:
-0.028 
0.067 
0.403 0.386 
BIAS
-0.4543 -0.0278 0.0335 
RMS 1.66224
WEIGHTS W:
-0.028 
0.067 
0.423 0.406 
BIAS
-0.4149 -0.0274 0.0325 
RMS 1.66229
WEIGHTS W:
-0.029 
0.067 
0.442 0.426 
BIAS
-0.3756 -0.0269 0.0315 
RMS 1.66240
WEIGHTS W:
-0.029 
0.068 
0.461 0.445 
BIAS
-0.3371 -0.0263 0.0304 
RMS 1.66256
WEIGHTS W:
-0.029 
0.068 
0.479 0.464 
BIAS
-0.2997 -0.0257 0.0291 
RMS 1.66275
WEIGHTS W:
-0.030 
0.068 
0.496 0.482 
BIAS
-0.2641 -0.0251 0.0279 
RMS 1.66298
WEIGHTS W:
-0.031 
0.069 
0.512 0.498 
BIAS
-0.2306 -0.0245 0.0265 
RMS 1.66322
WEIGHTS W:
-0.031 
0.069 
0.526 0.514 
BIAS
-0.1996 -0.0238 0.0252 
RMS 1.66347
WEIGHTS W:
-0.032 
0.070 
0.539 0.527 
BIAS
-0.1714 -0.0231 0.0238 
RMS 1.66371
WEIGHTS W:
-0.033 
0.071 
0.551 0.540 
BIAS
-0.1463 -0.0224 0.0224 
RMS 1.66393
WEIGHTS W:
-0.035 
0.072 
0.560 0.551 
BIAS
-0.1245 -0.0217 0.0210 
RMS 1.66413
WEIGHTS W:
-0.036 
0.073 
0.568 0.560 
BIAS
-0.1062 -0.0210 0.0196 
RMS 1.66430
WEIGHTS W:
-0.037 
0.074 
0.575 0.567 
BIAS
-0.0915 -0.0204 0.0183 
RMS 1.66443
WEIGHTS W:
-0.038 
0.075 
0.579 0.572 
BIAS
-0.0805 -0.0197 0.0170 
RMS 1.66452
WEIGHTS W:
-0.040 
0.076 
0.582 0.576 
BIAS
-0.0734 -0.0190 0.0158 
RMS 1.66457
WEIGHTS W:
-0.041 
0.077 
0.583 0.578 
BIAS
-0.0701 -0.0184 0.0147 
RMS 1.66458
WEIGHTS W:
-0.042 
0.078 
0.582 0.578 
BIAS
-0.0706 -0.0177 0.0136 
RMS 1.66454
WEIGHTS W:
-0.043 
0.079 
0.579 0.577 
BIAS
-0.0750 -0.0172 0.0126 
RMS 1.66447
WEIGHTS W:
-0.045 
0.080 
0.575 0.573 
BIAS
-0.0833 -0.0166 0.0117 
RMS 1.66435
WEIGHTS W:
-0.046 
0.081 
0.569 0.568 
BIAS
-0.0953 -0.0161 0.0109 
RMS 1.66421
WEIGHTS W:
-0.047 
0.082 
0.561 0.561 
BIAS
-0.1109 -0.0157 0.0102 
RMS 1.66403
WEIGHTS W:
-0.047 
0.082 
0.551 0.552 
BIAS
-0.1302 -0.0153 0.0097 
RMS 1.66383
WEIGHTS W:
-0.048 
0.083 
0.540 0.542 
BIAS
-0.1528 -0.0151 0.0093 
RMS 1.66362
WEIGHTS W:
-0.049 
0.083 
0.527 0.530 
BIAS
-0.1787 -0.0149 0.0091 
RMS 1.66339
WEIGHTS W:
-0.049 
0.083 
0.512 0.517 
BIAS
-0.2076 -0.0148 0.0090 
RMS 1.66317
WEIGHTS W:
-0.049 
0.083 
0.497 0.502 
BIAS
-0.2391 -0.0148 0.0091 
RMS 1.66296
WEIGHTS W:
-0.049 
0.083 
0.480 0.486 
BIAS
-0.2730 -0.0149 0.0093 
RMS 1.66276
WEIGHTS W:
-0.049 
0.083 
0.462 0.469 
BIAS
-0.3087 -0.0151 0.0098 
RMS 1.66260
WEIGHTS W:
-0.049 
0.083 
0.443 0.451 
BIAS
-0.3459 -0.0154 0.0104 
RMS 1.66247
WEIGHTS W:
-0.048 
0.082 
0.424 0.432 
BIAS
-0.3841 -0.0159 0.0112 
RMS 1.66239
WEIGHTS W:
-0.048 
0.082 
0.405 0.413 
BIAS
-0.4227 -0.0164 0.0121 
RMS 1.66236
WEIGHTS W:
-0.047 
0.081 
0.385 0.394 
BIAS
-0.4611 -0.0170 0.0132 
RMS 1.66238
WEIGHTS W:
-0.046 
0.080 
0.366 0.375 
BIAS
-0.4988 -0.0177 0.0144 
RMS 1.66245
WEIGHTS W:
-0.045 
0.079 
0.348 0.357 
BIAS
-0.5353 -0.0185 0.0157 
RMS 1.66257
WEIGHTS W:
-0.044 
0.078 
0.330 0.339 
BIAS
-0.5700 -0.0194 0.0171 
RMS 1.66272
WEIGHTS W:
-0.043 
0.077 
0.313 0.323 
BIAS
-0.6025 -0.0202 0.0186 
RMS 1.66291
WEIGHTS W:
-0.042 
0.076 
0.298 0.307 
BIAS
-0.6324 -0.0211 0.0201 
RMS 1.66311
WEIGHTS W:
-0.041 
0.075 
0.285 0.294 
BIAS
-0.6593 -0.0221 0.0217 
RMS 1.66332
WEIGHTS W:
-0.040 
0.074 
0.273 0.282 
BIAS
-0.6828 -0.0230 0.0232 
RMS 1.66353
WEIGHTS W:
-0.040 
0.072 
0.263 0.271 
BIAS
-0.7029 -0.0238 0.0247 
RMS 1.66371
WEIGHTS W:
-0.039 
0.072 
0.255 0.263 
BIAS
-0.7193 -0.0247 0.0261 
RMS 1.66387
WEIGHTS W:
-0.038 
0.071 
0.248 0.257 
BIAS
-0.7318 -0.0255 0.0275 
RMS 1.66399
WEIGHTS W:
-0.037 
0.070 
0.244 0.252 
BIAS
-0.7405 -0.0262 0.0288 
RMS 1.66407
WEIGHTS W:
-0.036 
0.069 
0.242 0.250 
BIAS
-0.7452 -0.0269 0.0299 
RMS 1.66410
WEIGHTS W:
-0.036 
0.068 
0.242 0.250 
BIAS
-0.7459 -0.0275 0.0310 
RMS 1.66408
WEIGHTS W:
-0.035 
0.067 
0.244 0.251 
BIAS
-0.7426 -0.0281 0.0320 
RMS 1.66402
WEIGHTS W:
-0.035 
0.067 
0.248 0.255 
BIAS
-0.7354 -0.0285 0.0328 
RMS 1.66391
WEIGHTS W:
-0.034 
0.066 
0.254 0.261 
BIAS
-0.7244 -0.0289 0.0334 
RMS 1.66376
WEIGHTS W:
-0.034 
0.066 
0.262 0.268 
BIAS
-0.7096 -0.0292 0.0340 
RMS 1.66358
WEIGHTS W:
-0.034 
0.065 
0.271 0.278 
BIAS
-0.6912 -0.0294 0.0344 
RMS 1.66338
WEIGHTS W:
-0.033 
0.065 
0.283 0.289 
BIAS
-0.6694 -0.0295 0.0346 
RMS 1.66316
WEIGHTS W:
-0.033 
0.065 
0.296 0.302 
BIAS
-0.6444 -0.0296 0.0347 
RMS 1.66294
WEIGHTS W:
-0.033 
0.065 
0.310 0.316 
BIAS
-0.6165 -0.0295 0.0347 
RMS 1.66274
WEIGHTS W:
-0.033 
0.065 
0.326 0.332 
BIAS
-0.5860 -0.0294 0.0345 
RMS 1.66255
WEIGHTS W:
-0.033 
0.064 
0.343 0.349 
BIAS
-0.5533 -0.0292 0.0341 
RMS 1.66241
WEIGHTS W:
-0.033 
0.064 
0.360 0.367 
BIAS
-0.5188 -0.0289 0.0336 
RMS 1.66230
WEIGHTS W:
-0.033 
0.064 
0.378 0.385 
BIAS
-0.4831 -0.0285 0.0330 
RMS 1.66225
WEIGHTS W:
-0.033 
0.064 
0.396 0.403 
BIAS
-0.4465 -0.0281 0.0323 
RMS 1.66225
WEIGHTS W:
-0.033 
0.064 
0.415 0.422 
BIAS
-0.4096 -0.0276 0.0314 
RMS 1.66230
WEIGHTS W:
-0.033 
0.065 
0.433 0.441 
BIAS
-0.3729 -0.0270 0.0304 
RMS 1.66240
WEIGHTS W:
-0.034 
0.065 
0.450 0.459 
BIAS
-0.3370 -0.0264 0.0294 
RMS 1.66255
WEIGHTS W:
-0.034 
0.065 
0.467 0.476 
BIAS
-0.3022 -0.0258 0.0283 
RMS 1.66273
WEIGHTS W:
-0.035 
0.066 
0.483 0.493 
BIAS
-0.2691 -0.0251 0.0271 
RMS 1.66294
WEIGHTS W:
-0.035 
0.066 
0.497 0.508 
BIAS
-0.2380 -0.0244 0.0259 
RMS 1.66315
WEIGHTS W:
-0.036 
0.067 
0.511 0.522 
BIAS
-0.2093 -0.0237 0.0247 
RMS 1.66337
WEIGHTS W:
-0.037 
0.067 
0.523 0.535 
BIAS
-0.1833 -0.0230 0.0234 
RMS 1.66359
WEIGHTS W:
-0.038 
0.068 
0.533 0.547 
BIAS
-0.1603 -0.0223 0.0221 
RMS 1.66379
WEIGHTS W:
-0.039 
0.069 
0.542 0.556 
BIAS
-0.1403 -0.0215 0.0209 
RMS 1.66396
WEIGHTS W:
-0.040 
0.070 
0.549 0.565 
BIAS
-0.1237 -0.0208 0.0197 
RMS 1.66411
WEIGHTS W:
-0.041 
0.071 
0.555 0.571 
BIAS
-0.1105 -0.0201 0.0185 
RMS 1.66422
WEIGHTS W:
-0.042 
0.072 
0.559 0.576 
BIAS
-0.1009 -0.0194 0.0173 
RMS 1.66430
WEIGHTS W:
-0.043 
0.073 
0.561 0.579 
BIAS
-0.0949 -0.0187 0.0162 
RMS 1.66433
WEIGHTS W:
-0.044 
0.074 
0.562 0.581 
BIAS
-0.0925 -0.0181 0.0152 
RMS 1.66433
WEIGHTS W:
-0.046 
0.075 
0.560 0.581 
BIAS
-0.0938 -0.0174 0.0142 
RMS 1.66430
WEIGHTS W:
-0.047 
0.075 
0.557 0.579 
BIAS
-0.0987 -0.0169 0.0133 
RMS 1.66422
WEIGHTS W:
-0.048 
0.076 
0.553 0.575 
BIAS
-0.1072 -0.0163 0.0125 
RMS 1.66411
WEIGHTS W:
-0.049 
0.077 
0.547 0.570 
BIAS
-0.1193 -0.0159 0.0118 
RMS 1.66398
WEIGHTS W:
-0.049 
0.078 
0.539 0.563 
BIAS
-0.1349 -0.0155 0.0113 
RMS 1.66381
WEIGHTS W:
-0.050 
0.078 
0.529 0.554 
BIAS
-0.1537 -0.0151 0.0108 
RMS 1.66363
WEIGHTS W:
-0.051 
0.079 
0.518 0.544 
BIAS
-0.1758 -0.0149 0.0105 
RMS 1.66344
WEIGHTS W:
-0.051 
0.079 
0.506 0.533 
BIAS
-0.2008 -0.0147 0.0103 
RMS 1.66324
WEIGHTS W:
-0.051 
0.079 
0.492 0.520 
BIAS
-0.2285 -0.0147 0.0103 
RMS 1.66304
WEIGHTS W:
-0.051 
0.079 
0.477 0.506 
BIAS
-0.2586 -0.0147 0.0104 
RMS 1.66285
WEIGHTS W:
-0.051 
0.079 
0.461 0.490 
BIAS
-0.2908 -0.0149 0.0107 
RMS 1.66268
WEIGHTS W:
-0.051 
0.079 
0.444 0.474 
BIAS
-0.3247 -0.0151 0.0111 
RMS 1.66254
WEIGHTS W:
-0.051 
0.078 
0.426 0.457 
BIAS
-0.3598 -0.0155 0.0117 
RMS 1.66243
WEIGHTS W:
-0.050 
0.078 
0.408 0.439 
BIAS
-0.3957 -0.0160 0.0125 
RMS 1.66236
WEIGHTS W:
-0.050 
0.077 
0.390 0.421 
BIAS
-0.4318 -0.0165 0.0133 
RMS 1.66234
WEIGHTS W:
-0.049 
0.076 
0.371 0.404 
BIAS
-0.4677 -0.0172 0.0143 
RMS 1.66237
WEIGHTS W:
-0.048 
0.076 
0.354 0.386 
BIAS
-0.5028 -0.0179 0.0155 
RMS 1.66244
WEIGHTS W:
-0.047 
0.075 
0.336 0.369 
BIAS
-0.5366 -0.0187 0.0167 
RMS 1.66255
WEIGHTS W:
-0.046 
0.074 
0.320 0.353 
BIAS
-0.5687 -0.0195 0.0180 
RMS 1.66269
WEIGHTS W:
-0.045 
0.073 
0.305 0.338 
BIAS
-0.5987 -0.0204 0.0193 
RMS 1.66286
WEIGHTS W:
-0.044 
0.072 
0.291 0.324 
BIAS
-0.6261 -0.0213 0.0207 
RMS 1.66304
WEIGHTS W:
-0.043 
0.071 
0.278 0.311 
BIAS
-0.6506 -0.0222 0.0220 
RMS 1.66322
WEIGHTS W:
-0.043 
0.070 
0.268 0.300 
BIAS
-0.6721 -0.0231 0.0234 
RMS 1.66340
WEIGHTS W:
-0.042 
0.069 
0.259 0.291 
BIAS
-0.6902 -0.0240 0.0247 
RMS 1.66355
WEIGHTS W:
-0.041 
0.068 
0.251 0.283 
BIAS
-0.7048 -0.0248 0.0260 
RMS 1.66368
WEIGHTS W:
-0.040 
0.067 
0.246 0.278 
BIAS
-0.7158 -0.0256 0.0272 
RMS 1.66378
WEIGHTS W:
-0.039 
0.066 
0.242 0.274 
BIAS
-0.7231 -0.0263 0.0283 
RMS 1.66384
WEIGHTS W:
-0.039 
0.065 
0.241 0.272 
BIAS
-0.7266 -0.0270 0.0294 
RMS 1.66386
WEIGHTS W:
-0.038 
0.065 
0.241 0.272 
BIAS
-0.7264 -0.0276 0.0303 
RMS 1.66383
WEIGHTS W:
-0.038 
0.064 
0.243 0.275 
BIAS
-0.7224 -0.0281 0.0311 
RMS 1.66377
WEIGHTS W:
-0.037 
0.063 
0.248 0.279 
BIAS
-0.7148 -0.0285 0.0318 
RMS 1.66366
WEIGHTS W:
-0.037 
0.063 
0.254 0.284 
BIAS
-0.7035 -0.0289 0.0324 
RMS 1.66353
WEIGHTS W:
-0.036 
0.062 
0.261 0.292 
BIAS
-0.6887 -0.0292 0.0329 
RMS 1.66336
WEIGHTS W:
-0.036 
0.062 
0.271 0.301 
BIAS
-0.6706 -0.0293 0.0332 
RMS 1.66318
WEIGHTS W:
-0.036 
0.062 
0.282 0.312 
BIAS
-0.6493 -0.0295 0.0334 
RMS 1.66299
WEIGHTS W:
-0.035 
0.061 
0.295 0.325 
BIAS
-0.6250 -0.0295 0.0334 
RMS 1.66280
WEIGHTS W:
-0.035 
0.061 
0.308 0.339 
BIAS
-0.5981 -0.0294 0.0334 
RMS 1.66262
WEIGHTS W:
-0.035 
0.061 
0.323 0.354 
BIAS
-0.5689 -0.0292 0.0331 
RMS 1.66247
WEIGHTS W:
-0.035 
0.061 
0.339 0.370 
BIAS
-0.5378 -0.0290 0.0328 
RMS 1.66235
WEIGHTS W:
-0.035 
0.061 
0.356 0.387 
BIAS
-0.5050 -0.0287 0.0323 
RMS 1.66227
WEIGHTS W:
-0.035 
0.061 
0.373 0.404 
BIAS
-0.4712 -0.0283 0.0317 
RMS 1.66224
WEIGHTS W:
-0.035 
0.061 
0.390 0.421 
BIAS
-0.4367 -0.0279 0.0310 
RMS 1.66225
WEIGHTS W:
-0.035 
0.061 
0.407 0.439 
BIAS
-0.4021 -0.0274 0.0302 
RMS 1.66231
WEIGHTS W:
-0.036 
0.061 
0.424 0.456 
BIAS
-0.3678 -0.0268 0.0294 
RMS 1.66242
WEIGHTS W:
-0.036 
0.061 
0.440 0.473 
BIAS
-0.3342 -0.0262 0.0284 
RMS 1.66256
WEIGHTS W:
-0.036 
0.062 
0.455 0.489 
BIAS
-0.3019 -0.0256 0.0274 
RMS 1.66273
WEIGHTS W:
-0.037 
0.062 
0.470 0.505 
BIAS
-0.2711 -0.0249 0.0263 
RMS 1.66292
WEIGHTS W:
-0.037 
0.063 
0.484 0.519 
BIAS
-0.2424 -0.0242 0.0252 
RMS 1.66311
WEIGHTS W:
-0.038 
0.063 
0.496 0.532 
BIAS
-0.2159 -0.0235 0.0241 
RMS 1.66331
WEIGHTS W:
-0.039 
0.064 
0.507 0.544 
BIAS
-0.1920 -0.0228 0.0230 
RMS 1.66351
WEIGHTS W:
-0.040 
0.064 
0.517 0.554 
BIAS
-0.1709 -0.0220 0.0219 
RMS 1.66368
WEIGHTS W:
-0.041 
0.065 
0.525 0.563 
BIAS
-0.1529 -0.0213 0.0207 
RMS 1.66384
WEIGHTS W:
-0.042 
0.066 
0.531 0.571 
BIAS
-0.1379 -0.0206 0.0196 
RMS 1.66396
WEIGHTS W:
-0.043 
0.067 
0.536 0.577 
BIAS
-0.1263 -0.0199 0.0186 
RMS 1.66406
WEIGHTS W:
-0.044 
0.068 
0.539 0.581 
BIAS
-0.1180 -0.0192 0.0175 
RMS 1.66412
WEIGHTS W:
-0.045 
0.069 
0.541 0.584 
BIAS
-0.1132 -0.0186 0.0166 
RMS 1.66415
WEIGHTS W:
-0.046 
0.070 
0.541 0.585 
BIAS
-0.1118 -0.0180 0.0156 
RMS 1.66414
WEIGHTS W:
-0.047 
0.071 
0.540 0.584 
BIAS
-0.1139 -0.0174 0.0148 
RMS 1.66410
WEIGHTS W:
-0.048 
0.071 
0.536 0.582 
BIAS
-0.1195 -0.0168 0.0140 
RMS 1.66402
WEIGHTS W:
-0.049 
0.072 
0.532 0.578 
BIAS
-0.1284 -0.0163 0.0133 
RMS 1.66392
WEIGHTS W:
-0.049 
0.073 
0.525 0.573 
BIAS
-0.1407 -0.0159 0.0127 
RMS 1.66379
WEIGHTS W:
-0.050 
0.073 
0.517 0.566 
BIAS
-0.1562 -0.0155 0.0123 
RMS 1.66363
WEIGHTS W:
-0.051 
0.074 
0.508 0.557 
BIAS
-0.1749 -0.0153 0.0119 
RMS 1.66346
WEIGHTS W:
-0.051 
0.074 
0.497 0.547 
BIAS
-0.1965 -0.0150 0.0116 
RMS 1.66328
WEIGHTS W:
-0.051 
0.074 
0.485 0.536 
BIAS
-0.2208 -0.0149 0.0115 
RMS 1.66310
WEIGHTS W:
-0.052 
0.075 
0.471 0.523 
BIAS
-0.2475 -0.0149 0.0115 
RMS 1.66292
WEIGHTS W:
-0.052 
0.075 
0.457 0.509 
BIAS
-0.2765 -0.0150 0.0117 
RMS 1.66275
WEIGHTS W:
-0.051 
0.074 
0.441 0.495 
BIAS
-0.3073 -0.0152 0.0120 
RMS 1.66260
WEIGHTS W:
-0.051 
0.074 
0.425 0.479 
BIAS
-0.3395 -0.0155 0.0124 
RMS 1.66248
WEIGHTS W:
-0.051 
0.074 
0.408 0.463 
BIAS
-0.3728 -0.0158 0.0130 
RMS 1.66239
WEIGHTS W:
-0.050 
0.073 
0.391 0.446 
BIAS
-0.4067 -0.0163 0.0137 
RMS 1.66234
WEIGHTS W:
-0.050 
0.072 
0.374 0.429 
BIAS
-0.4407 -0.0169 0.0145 
RMS 1.66233
WEIGHTS W:
-0.049 
0.072 
0.357 0.413 
BIAS
-0.4743 -0.0175 0.0154 
RMS 1.66236
WEIGHTS W:
-0.048 
0.071 
0.340 0.396 
BIAS
-0.5071 -0.0182 0.0164 
RMS 1.66243
WEIGHTS W:
-0.047 
0.070 
0.324 0.381 
BIAS
-0.5386 -0.0190 0.0175 
RMS 1.66253
WEIGHTS W:
-0.046 
0.069 
0.309 0.365 
BIAS
-0.5684 -0.0198 0.0187 
RMS 1.66266
WEIGHTS W:
-0.046 
0.068 
0.295 0.351 
BIAS
-0.5960 -0.0207 0.0199 
RMS 1.66281
WEIGHTS W:
-0.045 
0.067 
0.282 0.339 
BIAS
-0.6213 -0.0215 0.0211 
RMS 1.66298
WEIGHTS W:
-0.044 
0.066 
0.271 0.327 
BIAS
-0.6438 -0.0224 0.0224 
RMS 1.66314
WEIGHTS W:
-0.043 
0.065 
0.261 0.317 
BIAS
-0.6633 -0.0232 0.0236 
RMS 1.66329
WEIGHTS W:
-0.042 
0.064 
0.253 0.309 
BIAS
-0.6796 -0.0241 0.0247 
RMS 1.66342
WEIGHTS W:
-0.041 
0.063 
0.246 0.302 
BIAS
-0.6926 -0.0248 0.0259 
RMS 1.66353
WEIGHTS W:
-0.041 
0.062 
0.242 0.297 
BIAS
-0.7021 -0.0256 0.0269 
RMS 1.66361
WEIGHTS W:
-0.040 
0.062 
0.239 0.294 
BIAS
-0.7082 -0.0263 0.0279 
RMS 1.66366
WEIGHTS W:
-0.039 
0.061 
0.238 0.293 
BIAS
-0.7106 -0.0269 0.0288 
RMS 1.66366
WEIGHTS W:
-0.039 
0.060 
0.238 0.294 
BIAS
-0.7095 -0.0274 0.0297 
RMS 1.66363
WEIGHTS W:
-0.038 
0.060 
0.241 0.296 
BIAS
-0.7049 -0.0279 0.0304 
RMS 1.66356
WEIGHTS W:
-0.038 
0.059 
0.245 0.300 
BIAS
-0.6967 -0.0283 0.0310 
RMS 1.66346
WEIGHTS W:
-0.037 
0.059 
0.251 0.306 
BIAS
-0.6852 -0.0287 0.0315 
RMS 1.66333
WEIGHTS W:
-0.037 
0.058 
0.259 0.314 
BIAS
-0.6704 -0.0289 0.0318 
RMS 1.66318
WEIGHTS W:
-0.037 
0.058 
0.269 0.323 
BIAS
-0.6524 -0.0291 0.0321 
RMS 1.66302
WEIGHTS W:
-0.036 
0.058 
0.279 0.334 
BIAS
-0.6315 -0.0292 0.0322 
RMS 1.66285
WEIGHTS W:
-0.036 
0.057 
0.292 0.346 
BIAS
-0.6079 -0.0292 0.0322 
RMS 1.66268
WEIGHTS W:
-0.036 
0.057 
0.305 0.360 
BIAS
-0.5819 -0.0291 0.0321 
RMS 1.66253
WEIGHTS W:
-0.036 
0.057 
0.319 0.374 
BIAS
-0.5537 -0.0289 0.0319 
RMS 1.66240
WEIGHTS W:
-0.036 
0.057 
0.334 0.390 
BIAS
-0.5238 -0.0287 0.0316 
RMS 1.66231
WEIGHTS W:
-0.036 
0.057 
0.350 0.406 
BIAS
-0.4926 -0.0283 0.0311 
RMS 1.66225
WEIGHTS W:
-0.036 
0.057 
0.366 0.422 
BIAS
-0.4604 -0.0280 0.0306 
RMS 1.66223
WEIGHTS W:
-0.036 
0.057 
0.382 0.439 
BIAS
-0.4277 -0.0275 0.0299 
RMS 1.66226
WEIGHTS W:
-0.036 
0.057 
0.398 0.455 
BIAS
-0.3950 -0.0270 0.0292 
RMS 1.66232
WEIGHTS W:
-0.036 
0.057 
0.414 0.471 
BIAS
-0.3626 -0.0265 0.0284 
RMS 1.66243
WEIGHTS W:
-0.036 
0.057 
0.429 0.487 
BIAS
-0.3311 -0.0259 0.0275 
RMS 1.66257
WEIGHTS W:
-0.037 
0.058 
0.444 0.502 
BIAS
-0.3008 -0.0252 0.0266 
RMS 1.66273
WEIGHTS W:
-0.037 
0.058 
0.458 0.517 
BIAS
-0.2720 -0.0246 0.0256 
RMS 1.66290
WEIGHTS W:
-0.038 
0.059 
0.470 0.530 
BIAS
-0.2452 -0.0239 0.0247 
RMS 1.66309
WEIGHTS W:
-0.039 
0.059 
0.482 0.542 
BIAS
-0.2207 -0.0232 0.0236 
RMS 1.66327
WEIGHTS W:
-0.039 
0.060 
0.492 0.553 
BIAS
-0.1986 -0.0225 0.0226 
RMS 1.66345
WEIGHTS W:
-0.040 
0.061 
0.501 0.563 
BIAS
-0.1792 -0.0219 0.0216 
RMS 1.66361
WEIGHTS W:
-0.041 
0.061 
0.508 0.571 
BIAS
-0.1627 -0.0212 0.0206 
RMS 1.66374
WEIGHTS W:
-0.042 
0.062 
0.514 0.578 
BIAS
-0.1493 -0.0205 0.0196 
RMS 1.66386
WEIGHTS W:
-0.043 
0.063 
0.518 0.583 
BIAS
-0.1389 -0.0198 0.0187 
RMS 1.66394
WEIGHTS W:
-0.044 
0.064 
0.521 0.587 
BIAS
-0.1318 -0.0192 0.0178 
RMS 1.66399
WEIGHTS W:
-0.045 
0.065 
0.522 0.589 
BIAS
-0.1280 -0.0186 0.0169 
RMS 1.66401
WEIGHTS W:
-0.046 
0.065 
0.522 0.590 
BIAS
-0.1275 -0.0180 0.0161 
RMS 1.66400
WEIGHTS W:
-0.047 
0.066 
0.520 0.589 
BIAS
-0.1303 -0.0174 0.0153 
RMS 1.66395
WEIGHTS W:
-0.047 
0.067 
0.516 0.586 
BIAS
-0.1363 -0.0169 0.0147 
RMS 1.66387
WEIGHTS W:
-0.048 
0.068 
0.511 0.582 
BIAS
-0.1456 -0.0165 0.0141 
RMS 1.66377
WEIGHTS W:
-0.049 
0.068 
0.505 0.577 
BIAS
-0.1581 -0.0161 0.0136 
RMS 1.66364
WEIGHTS W:
-0.050 
0.069 
0.497 0.569 
BIAS
-0.1736 -0.0158 0.0131 
RMS 1.66350
WEIGHTS W:
-0.050 
0.069 
0.488 0.561 
BIAS
-0.1921 -0.0155 0.0128 
RMS 1.66334
WEIGHTS W:
-0.050 
0.070 
0.477 0.551 
BIAS
-0.2132 -0.0153 0.0126 
RMS 1.66317
WEIGHTS W:
-0.051 
0.070 
0.465 0.540 
BIAS
-0.2369 -0.0153 0.0126 
RMS 1.66300
WEIGHTS W:
-0.051 
0.070 
0.452 0.528 
BIAS
-0.2629 -0.0153 0.0126 
RMS 1.66283
WEIGHTS W:
-0.051 
0.070 
0.438 0.515 
BIAS
-0.2909 -0.0154 0.0128 
RMS 1.66268
WEIGHTS W:
-0.051 
0.069 
0.423 0.500 
BIAS
-0.3205 -0.0156 0.0131 
RMS 1.66254
WEIGHTS W:
-0.050 
0.069 
0.407 0.485 
BIAS
-0.3514 -0.0159 0.0135 
RMS 1.66244
WEIGHTS W:
-0.050 
0.069 
0.391 0.470 
BIAS
-0.3832 -0.0163 0.0140 
RMS 1.66236
WEIGHTS W:
-0.049 
0.068 
0.375 0.454 
BIAS
-0.4154 -0.0167 0.0147 
RMS 1.66232
WEIGHTS W:
-0.049 
0.067 
0.359 0.438 
BIAS
-0.4476 -0.0173 0.0155 
RMS 1.66231
WEIGHTS W:
-0.048 
0.067 
0.342 0.422 
BIAS
-0.4794 -0.0179 0.0163 
RMS 1.66235
WEIGHTS W:
-0.047 
0.066 
0.327 0.407 
BIAS
-0.5103 -0.0186 0.0172 
RMS 1.66242
WEIGHTS W:
-0.046 
0.065 
0.312 0.392 
BIAS
-0.5398 -0.0193 0.0183 
RMS 1.66251
WEIGHTS W:
-0.046 
0.064 
0.297 0.378 
BIAS
-0.5677 -0.0201 0.0193 
RMS 1.66264
WEIGHTS W:
-0.045 
0.063 
0.284 0.365 
BIAS
-0.5936 -0.0209 0.0204 
RMS 1.66277
WEIGHTS W:
-0.044 
0.062 
0.272 0.353 
BIAS
-0.6170 -0.0217 0.0215 
RMS 1.66292
WEIGHTS W:
-0.043 
0.061 
0.262 0.342 
BIAS
-0.6378 -0.0225 0.0226 
RMS 1.66306
WEIGHTS W:
-0.042 
0.061 
0.253 0.333 
BIAS
-0.6558 -0.0233 0.0237 
RMS 1.66320
WEIGHTS W:
-0.041 
0.060 
0.245 0.325 
BIAS
-0.6707 -0.0241 0.0247 
RMS 1.66332
WEIGHTS W:
-0.041 
0.059 
0.240 0.319 
BIAS
-0.6824 -0.0248 0.0257 
RMS 1.66341
WEIGHTS W:
-0.040 
0.058 
0.235 0.315 
BIAS
-0.6908 -0.0255 0.0267 
RMS 1.66348
WEIGHTS W:
-0.039 
0.057 
0.233 0.313 
BIAS
-0.6958 -0.0262 0.0275 
RMS 1.66351
WEIGHTS W:
-0.039 
0.057 
0.232 0.312 
BIAS
-0.6975 -0.0267 0.0283 
RMS 1.66351
WEIGHTS W:
-0.038 
0.056 
0.234 0.313 
BIAS
-0.6957 -0.0273 0.0291 
RMS 1.66348
WEIGHTS W:
-0.038 
0.056 
0.236 0.315 
BIAS
-0.6905 -0.0277 0.0297 
RMS 1.66341
WEIGHTS W:
-0.037 
0.055 
0.241 0.320 
BIAS
-0.6820 -0.0281 0.0302 
RMS 1.66331
WEIGHTS W:
-0.037 
0.055 
0.247 0.326 
BIAS
-0.6703 -0.0284 0.0306 
RMS 1.66319
WEIGHTS W:
-0.036 
0.054 
0.255 0.334 
BIAS
-0.6555 -0.0286 0.0309 
RMS 1.66305
WEIGHTS W:
-0.036 
0.054 
0.264 0.343 
BIAS
-0.6377 -0.0287 0.0311 
RMS 1.66290
WEIGHTS W:
-0.036 
0.054 
0.274 0.353 
BIAS
-0.6172 -0.0288 0.0312 
RMS 1.66274
WEIGHTS W:
-0.036 
0.053 
0.286 0.365 
BIAS
-0.5942 -0.0288 0.0312 
RMS 1.66260
WEIGHTS W:
-0.035 
0.053 
0.299 0.378 
BIAS
-0.5689 -0.0287 0.0311 
RMS 1.66246
WEIGHTS W:
-0.035 
0.053 
0.313 0.392 
BIAS
-0.5416 -0.0285 0.0309 
RMS 1.66235
WEIGHTS W:
-0.035 
0.053 
0.328 0.407 
BIAS
-0.5128 -0.0282 0.0305 
RMS 1.66228
WEIGHTS W:
-0.035 
0.053 
0.343 0.423 
BIAS
-0.4827 -0.0279 0.0301 
RMS 1.66223
WEIGHTS W:
-0.035 
0.053 
0.358 0.438 
BIAS
-0.4519 -0.0275 0.0296 
RMS 1.66223
WEIGHTS W:
-0.035 
0.053 
0.373 0.454 
BIAS
-0.4206 -0.0271 0.0290 
RMS 1.66226
WEIGHTS W:
-0.035 
0.053 
0.389 0.470 
BIAS
-0.3894 -0.0266 0.0283 
RMS 1.66233
WEIGHTS W:
-0.036 
0.053 
0.404 0.486 
BIAS
-0.3586 -0.0261 0.0276 
RMS 1.66244
WEIGHTS W:
-0.036 
0.053 
0.418 0.501 
BIAS
-0.3287 -0.0255 0.0268 
RMS 1.66257
WEIGHTS W:
-0.036 
0.054 
0.432 0.515 
BIAS
-0.3000 -0.0249 0.0260 
RMS 1.66273
WEIGHTS W:
-0.037 
0.054 
0.445 0.529 
BIAS
-0.2728 -0.0243 0.0251 
RMS 1.66290
WEIGHTS W:
-0.037 
0.055 
0.457 0.541 
BIAS
-0.2476 -0.0237 0.0242 
RMS 1.66307
WEIGHTS W:
-0.038 
0.055 
0.467 0.553 
BIAS
-0.2245 -0.0230 0.0233 
RMS 1.66324
WEIGHTS W:
-0.039 
0.056 
0.477 0.563 
BIAS
-0.2038 -0.0224 0.0224 
RMS 1.66340
WEIGHTS W:
-0.040 
0.056 
0.485 0.572 
BIAS
-0.1857 -0.0217 0.0215 
RMS 1.66355
WEIGHTS W:
-0.040 
0.057 
0.492 0.579 
BIAS
-0.1704 -0.0211 0.0206 
RMS 1.66368
WEIGHTS W:
-0.041 
0.058 
0.497 0.586 
BIAS
-0.1581 -0.0204 0.0197 
RMS 1.66378
WEIGHTS W:
-0.042 
0.059 
0.501 0.590 
BIAS
-0.1487 -0.0198 0.0188 
RMS 1.66385
WEIGHTS W:
-0.043 
0.060 
0.504 0.594 
BIAS
-0.1425 -0.0192 0.0180 
RMS 1.66390
WEIGHTS W:
-0.044 
0.060 
0.504 0.595 
BIAS
-0.1394 -0.0186 0.0172 
RMS 1.66391
WEIGHTS W:
-0.045 
0.061 
0.504 0.596 
BIAS
-0.1395 -0.0180 0.0165 
RMS 1.66389
WEIGHTS W:
-0.046 
0.062 
0.502 0.595 
BIAS
-0.1427 -0.0175 0.0159 
RMS 1.66384
WEIGHTS W:
-0.046 
0.063 
0.498 0.592 
BIAS
-0.1492 -0.0171 0.0153 
RMS 1.66377
WEIGHTS W:
-0.047 
0.063 
0.493 0.588 
BIAS
-0.1587 -0.0167 0.0147 
RMS 1.66366
WEIGHTS W:
-0.048 
0.064 
0.486 0.582 
BIAS
-0.1712 -0.0163 0.0143 
RMS 1.66354
WEIGHTS W:
-0.048 
0.064 
0.478 0.575 
BIAS
-0.1866 -0.0160 0.0139 
RMS 1.66340
WEIGHTS W:
-0.049 
0.065 
0.469 0.567 
BIAS
-0.2048 -0.0158 0.0137 
RMS 1.66324
WEIGHTS W:
-0.049 
0.065 
0.459 0.557 
BIAS
-0.2256 -0.0157 0.0135 
RMS 1.66308
WEIGHTS W:
-0.049 
0.065 
0.447 0.546 
BIAS
-0.2488 -0.0156 0.0135 
RMS 1.66292
WEIGHTS W:
-0.049 
0.065 
0.434 0.534 
BIAS
-0.2741 -0.0156 0.0135 
RMS 1.66277
WEIGHTS W:
-0.049 
0.065 
0.420 0.521 
BIAS
-0.3012 -0.0158 0.0137 
RMS 1.66262
WEIGHTS W:
-0.049 
0.065 
0.406 0.507 
BIAS
-0.3298 -0.0160 0.0140 
RMS 1.66250
WEIGHTS W:
-0.049 
0.064 
0.391 0.493 
BIAS
-0.3596 -0.0163 0.0144 
RMS 1.66240
WEIGHTS W:
-0.048 
0.064 
0.375 0.478 
BIAS
-0.3901 -0.0166 0.0149 
RMS 1.66233
WEIGHTS W:
-0.048 
0.063 
0.360 0.463 
BIAS
-0.4210 -0.0171 0.0155 
RMS 1.66230
WEIGHTS W:
-0.047 
0.063 
0.344 0.448 
BIAS
-0.4519 -0.0177 0.0162 
RMS 1.66230
WEIGHTS W:
-0.046 
0.062 
0.329 0.432 
BIAS
-0.4822 -0.0183 0.0170 
RMS 1.66233
WEIGHTS W:
-0.046 
0.061 
0.314 0.418 
BIAS
-0.5117 -0.0189 0.0179 
RMS 1.66240
WEIGHTS W:
-0.045 
0.060 
0.299 0.404 
BIAS
-0.5398 -0.0196 0.0188 
RMS 1.66249
WEIGHTS W:
-0.044 
0.060 
0.286 0.390 
BIAS
-0.5663 -0.0204 0.0197 
RMS 1.66261
WEIGHTS W:
-0.043 
0.059 
0.273 0.378 
BIAS
-0.5908 -0.0211 0.0207 
RMS 1.66274
WEIGHTS W:
-0.042 
0.058 
0.262 0.366 
BIAS
-0.6129 -0.0219 0.0217 
RMS 1.66287
WEIGHTS W:
-0.042 
0.057 
0.252 0.356 
BIAS
-0.6325 -0.0226 0.0227 
RMS 1.66300
WEIGHTS W:
-0.041 
0.056 
0.244 0.348 
BIAS
-0.6493 -0.0234 0.0237 
RMS 1.66313
WEIGHTS W:
-0.040 
0.055 
0.237 0.341 
BIAS
-0.6632 -0.0241 0.0246 
RMS 1.66323
WEIGHTS W:
-0.039 
0.055 
0.232 0.335 
BIAS
-0.6740 -0.0248 0.0255 
RMS 1.66332
WEIGHTS W:
-0.039 
0.054 
0.228 0.331 
BIAS
-0.6816 -0.0254 0.0264 
RMS 1.66338
WEIGHTS W:
-0.038 
0.053 
0.226 0.329 
BIAS
-0.6860 -0.0260 0.0272 
RMS 1.66340
WEIGHTS W:
-0.038 
0.053 
0.225 0.329 
BIAS
-0.6870 -0.0266 0.0279 
RMS 1.66340
WEIGHTS W:
-0.037 
0.052 
0.227 0.330 
BIAS
-0.6848 -0.0270 0.0285 
RMS 1.66336
WEIGHTS W:
-0.037 
0.051 
0.230 0.333 
BIAS
-0.6794 -0.0274 0.0291 
RMS 1.66329
WEIGHTS W:
-0.036 
0.051 
0.234 0.337 
BIAS
-0.6708 -0.0278 0.0295 
RMS 1.66320
WEIGHTS W:
-0.036 
0.051 
0.240 0.343 
BIAS
-0.6590 -0.0281 0.0299 
RMS 1.66309
WEIGHTS W:
-0.035 
0.050 
0.248 0.351 
BIAS
-0.6443 -0.0282 0.0301 
RMS 1.66295
WEIGHTS W:
-0.035 
0.050 
0.257 0.360 
BIAS
-0.6268 -0.0284 0.0303 
RMS 1.66281
WEIGHTS W:
-0.035 
0.050 
0.267 0.371 
BIAS
-0.6066 -0.0284 0.0304 
RMS 1.66267
WEIGHTS W:
-0.035 
0.049 
0.279 0.382 
BIAS
-0.5840 -0.0284 0.0304 
RMS 1.66254
WEIGHTS W:
-0.034 
0.049 
0.291 0.395 
BIAS
-0.5594 -0.0283 0.0302 
RMS 1.66242
WEIGHTS W:
-0.034 
0.049 
0.305 0.409 
BIAS
-0.5329 -0.0281 0.0300 
RMS 1.66232
WEIGHTS W:
-0.034 
0.049 
0.319 0.423 
BIAS
-0.5049 -0.0279 0.0297 
RMS 1.66226
WEIGHTS W:
-0.034 
0.049 
0.333 0.438 
BIAS
-0.4758 -0.0275 0.0293 
RMS 1.66222
WEIGHTS W:
-0.034 
0.049 
0.348 0.453 
BIAS
-0.4460 -0.0272 0.0288 
RMS 1.66223
WEIGHTS W:
-0.034 
0.049 
0.363 0.468 
BIAS
-0.4158 -0.0268 0.0283 
RMS 1.66227
WEIGHTS W:
-0.034 
0.049 
0.378 0.484 
BIAS
-0.3858 -0.0263 0.0276 
RMS 1.66234
WEIGHTS W:
-0.035 
0.049 
0.392 0.498 
BIAS
-0.3561 -0.0258 0.0270 
RMS 1.66244
WEIGHTS W:
-0.035 
0.050 
0.406 0.513 
BIAS
-0.3274 -0.0253 0.0262 
RMS 1.66258
WEIGHTS W:
-0.035 
0.050 
0.419 0.527 
BIAS
-0.2998 -0.0247 0.0255 
RMS 1.66273
WEIGHTS W:
-0.036 
0.050 
0.432 0.540 
BIAS
-0.2738 -0.0241 0.0247 
RMS 1.66289
WEIGHTS W:
-0.036 
0.051 
0.443 0.552 
BIAS
-0.2497 -0.0235 0.0239 
RMS 1.66305
WEIGHTS W:
-0.037 
0.051 
0.453 0.563 
BIAS
-0.2276 -0.0229 0.0231 
RMS 1.66322
WEIGHTS W:
-0.038 
0.052 
0.462 0.572 
BIAS
-0.2079 -0.0222 0.0222 
RMS 1.66337
WEIGHTS W:
-0.038 
0.053 
0.470 0.581 
BIAS
-0.1907 -0.0216 0.0214 
RMS 1.66351
WEIGHTS W:
-0.039 
0.053 
0.476 0.588 
BIAS
-0.1763 -0.0210 0.0206 
RMS 1.66363
WEIGHTS W:
-0.040 
0.054 
0.481 0.594 
BIAS
-0.1646 -0.0204 0.0198 
RMS 1.66373
WEIGHTS W:
-0.041 
0.055 
0.485 0.598 
BIAS
-0.1559 -0.0198 0.0190 
RMS 1.66379
WEIGHTS W:
-0.042 
0.056 
0.487 0.601 
BIAS
-0.1502 -0.0192 0.0183 
RMS 1.66383
WEIGHTS W:
-0.043 
0.056 
0.488 0.603 
BIAS
-0.1476 -0.0187 0.0176 
RMS 1.66384
WEIGHTS W:
-0.044 
0.057 
0.487 0.603 
BIAS
-0.1480 -0.0182 0.0169 
RMS 1.66382
WEIGHTS W:
-0.044 
0.058 
0.485 0.602 
BIAS
-0.1516 -0.0177 0.0163 
RMS 1.66377
WEIGHTS W:
-0.045 
0.059 
0.481 0.599 
BIAS
-0.1581 -0.0173 0.0158 
RMS 1.66370
WEIGHTS W:
-0.046 
0.059 
0.476 0.595 
BIAS
-0.1677 -0.0169 0.0153 
RMS 1.66360
WEIGHTS W:
-0.046 
0.060 
0.469 0.589 
BIAS
-0.1801 -0.0166 0.0149 
RMS 1.66347
WEIGHTS W:
-0.047 
0.060 
0.462 0.582 
BIAS
-0.1954 -0.0163 0.0146 
RMS 1.66334
WEIGHTS W:
-0.047 
0.061 
0.452 0.574 
BIAS
-0.2133 -0.0161 0.0144 
RMS 1.66319
WEIGHTS W:
-0.047 
0.061 
0.442 0.564 
BIAS
-0.2337 -0.0160 0.0142 
RMS 1.66303
WEIGHTS W:
-0.048 
0.061 
0.430 0.554 
BIAS
-0.2563 -0.0159 0.0142 
RMS 1.66288
WEIGHTS W:
-0.048 
0.061 
0.418 0.542 
BIAS
-0.2810 -0.0160 0.0143 
RMS 1.66273
WEIGHTS W:
-0.048 
0.061 
0.405 0.529 
BIAS
-0.3074 -0.0161 0.0144 
RMS 1.66259
WEIGHTS W:
-0.047 
0.061 
0.390 0.516 
BIAS
-0.3353 -0.0163 0.0147 
RMS 1.66248
WEIGHTS W:
-0.047 
0.060 
0.376 0.502 
BIAS
-0.3642 -0.0166 0.0151 
RMS 1.66238
WEIGHTS W:
-0.047 
0.060 
0.361 0.487 
BIAS
-0.3938 -0.0170 0.0156 
RMS 1.66232
WEIGHTS W:
-0.046 
0.059 
0.346 0.473 
BIAS
-0.4237 -0.0174 0.0161 
RMS 1.66229
WEIGHTS W:
-0.045 
0.059 
0.330 0.458 
BIAS
-0.4536 -0.0179 0.0168 
RMS 1.66229
WEIGHTS W:
-0.045 
0.058 
0.316 0.443 
BIAS
-0.4829 -0.0185 0.0175 
RMS 1.66232
WEIGHTS W:
-0.044 
0.057 
0.301 0.429 
BIAS
-0.5113 -0.0191 0.0183 
RMS 1.66238
WEIGHTS W:
-0.043 
0.056 
0.287 0.415 
BIAS
-0.5384 -0.0198 0.0192 
RMS 1.66247
WEIGHTS W:
-0.043 
0.055 
0.274 0.402 
BIAS
-0.5639 -0.0205 0.0200 
RMS 1.66258
WEIGHTS W:
-0.042 
0.055 
0.262 0.391 
BIAS
-0.5875 -0.0212 0.0209 
RMS 1.66270
WEIGHTS W:
-0.041 
0.054 
0.252 0.380 
BIAS
-0.6088 -0.0219 0.0218 
RMS 1.66283
WEIGHTS W:
-0.040 
0.053 
0.242 0.370 
BIAS
-0.6276 -0.0227 0.0228 
RMS 1.66295
WEIGHTS W:
-0.039 
0.052 
0.234 0.362 
BIAS
-0.6437 -0.0234 0.0236 
RMS 1.66307
WEIGHTS W:
-0.039 
0.051 
0.227 0.355 
BIAS
-0.6569 -0.0241 0.0245 
RMS 1.66317
WEIGHTS W:
-0.038 
0.051 
0.222 0.350 
BIAS
-0.6672 -0.0247 0.0253 
RMS 1.66325
WEIGHTS W:
-0.037 
0.050 
0.219 0.346 
BIAS
-0.6743 -0.0253 0.0261 
RMS 1.66330
WEIGHTS W:
-0.037 
0.049 
0.217 0.344 
BIAS
-0.6783 -0.0259 0.0268 
RMS 1.66332
WEIGHTS W:
-0.036 
0.049 
0.217 0.344 
BIAS
-0.6791 -0.0264 0.0275 
RMS 1.66332
WEIGHTS W:
-0.036 
0.048 
0.218 0.345 
BIAS
-0.6767 -0.0268 0.0280 
RMS 1.66328
WEIGHTS W:
-0.035 
0.048 
0.221 0.348 
BIAS
-0.6712 -0.0272 0.0285 
RMS 1.66322
WEIGHTS W:
-0.035 
0.047 
0.225 0.353 
BIAS
-0.6626 -0.0275 0.0289 
RMS 1.66313
WEIGHTS W:
-0.034 
0.047 
0.231 0.359 
BIAS
-0.6510 -0.0278 0.0293 
RMS 1.66302
WEIGHTS W:
-0.034 
0.046 
0.239 0.366 
BIAS
-0.6364 -0.0279 0.0295 
RMS 1.66289
WEIGHTS W:
-0.034 
0.046 
0.248 0.375 
BIAS
-0.6192 -0.0280 0.0296 
RMS 1.66276
WEIGHTS W:
-0.034 
0.046 
0.258 0.385 
BIAS
-0.5994 -0.0281 0.0297 
RMS 1.66263
WEIGHTS W:
-0.033 
0.046 
0.269 0.397 
BIAS
-0.5773 -0.0280 0.0297 
RMS 1.66250
WEIGHTS W:
-0.033 
0.046 
0.281 0.409 
BIAS
-0.5532 -0.0279 0.0295 
RMS 1.66239
WEIGHTS W:
-0.033 
0.045 
0.294 0.423 
BIAS
-0.5273 -0.0278 0.0293 
RMS 1.66230
WEIGHTS W:
-0.033 
0.045 
0.308 0.437 
BIAS
-0.5001 -0.0275 0.0290 
RMS 1.66224
WEIGHTS W:
-0.033 
0.045 
0.322 0.451 
BIAS
-0.4717 -0.0272 0.0286 
RMS 1.66222
WEIGHTS W:
-0.033 
0.045 
0.337 0.466 
BIAS
-0.4427 -0.0269 0.0282 
RMS 1.66222
WEIGHTS W:
-0.033 
0.045 
0.351 0.481 
BIAS
-0.4133 -0.0265 0.0277 
RMS 1.66227
WEIGHTS W:
-0.033 
0.045 
0.365 0.496 
BIAS
-0.3840 -0.0260 0.0271 
RMS 1.66234
WEIGHTS W:
-0.034 
0.046 
0.379 0.510 
BIAS
-0.3552 -0.0256 0.0265 
RMS 1.66244
WEIGHTS W:
-0.034 
0.046 
0.393 0.524 
BIAS
-0.3273 -0.0250 0.0258 
RMS 1.66257
WEIGHTS W:
-0.034 
0.046 
0.406 0.537 
BIAS
-0.3005 -0.0245 0.0251 
RMS 1.66272
WEIGHTS W:
-0.035 
0.047 
0.418 0.550 
BIAS
-0.2753 -0.0239 0.0244 
RMS 1.66288
WEIGHTS W:
-0.035 
0.047 
0.429 0.562 
BIAS
-0.2518 -0.0234 0.0237 
RMS 1.66304
WEIGHTS W:
-0.036 
0.048 
0.439 0.572 
BIAS
-0.2304 -0.0228 0.0229 
RMS 1.66320
WEIGHTS W:
-0.036 
0.048 
0.447 0.582 
BIAS
-0.2113 -0.0222 0.0221 
RMS 1.66335
WEIGHTS W:
-0.037 
0.049 
0.455 0.590 
BIAS
-0.1946 -0.0216 0.0214 
RMS 1.66348
WEIGHTS W:
-0.038 
0.050 
0.461 0.597 
BIAS
-0.1806 -0.0210 0.0206 
RMS 1.66360
WEIGHTS W:
-0.039 
0.050 
0.466 0.603 
BIAS
-0.1693 -0.0204 0.0199 
RMS 1.66369
WEIGHTS W:
-0.040 
0.051 
0.469 0.607 
BIAS
-0.1610 -0.0199 0.0192 
RMS 1.66376
WEIGHTS W:
-0.040 
0.052 
0.472 0.610 
BIAS
-0.1555 -0.0193 0.0185 
RMS 1.66379
WEIGHTS W:
-0.041 
0.053 
0.472 0.611 
BIAS
-0.1530 -0.0188 0.0179 
RMS 1.66380
WEIGHTS W:
-0.042 
0.053 
0.471 0.611 
BIAS
-0.1536 -0.0183 0.0173 
RMS 1.66378
WEIGHTS W:
-0.043 
0.054 
0.469 0.610 
BIAS
-0.1571 -0.0179 0.0167 
RMS 1.66373
WEIGHTS W:
-0.044 
0.055 
0.465 0.607 
BIAS
-0.1636 -0.0175 0.0162 
RMS 1.66366
WEIGHTS W:
-0.044 
0.055 
0.460 0.603 
BIAS
-0.1731 -0.0171 0.0158 
RMS 1.66356
WEIGHTS W:
-0.045 
0.056 
0.454 0.598 
BIAS
-0.1853 -0.0168 0.0154 
RMS 1.66344
WEIGHTS W:
-0.045 
0.056 
0.446 0.591 
BIAS
-0.2003 -0.0165 0.0151 
RMS 1.66331
WEIGHTS W:
-0.046 
0.057 
0.437 0.583 
BIAS
-0.2179 -0.0164 0.0149 
RMS 1.66316
WEIGHTS W:
-0.046 
0.057 
0.427 0.573 
BIAS
-0.2379 -0.0162 0.0148 
RMS 1.66301
WEIGHTS W:
-0.046 
0.057 
0.416 0.563 
BIAS
-0.2601 -0.0162 0.0148 
RMS 1.66286
WEIGHTS W:
-0.046 
0.057 
0.403 0.551 
BIAS
-0.2842 -0.0163 0.0149 
RMS 1.66271
WEIGHTS W:
-0.046 
0.057 
0.390 0.539 
BIAS
-0.3100 -0.0164 0.0150 
RMS 1.66258
WEIGHTS W:
-0.046 
0.057 
0.376 0.526 
BIAS
-0.3373 -0.0166 0.0153 
RMS 1.66246
WEIGHTS W:
-0.045 
0.056 
0.362 0.512 
BIAS
-0.3655 -0.0169 0.0156 
RMS 1.66237
WEIGHTS W:
-0.045 
0.056 
0.347 0.498 
BIAS
-0.3944 -0.0172 0.0161 
RMS 1.66231
WEIGHTS W:
-0.044 
0.055 
0.332 0.484 
BIAS
-0.4237 -0.0176 0.0166 
RMS 1.66228
WEIGHTS W:
-0.044 
0.055 
0.318 0.469 
BIAS
-0.4528 -0.0181 0.0172 
RMS 1.66228
WEIGHTS W:
-0.043 
0.054 
0.303 0.455 
BIAS
-0.4814 -0.0187 0.0179 
RMS 1.66231
WEIGHTS W:
-0.042 
0.053 
0.289 0.441 
BIAS
-0.5092 -0.0193 0.0186 
RMS 1.66237
WEIGHTS W:
-0.042 
0.053 
0.275 0.428 
BIAS
-0.5357 -0.0199 0.0194 
RMS 1.66245
WEIGHTS W:
-0.041 
0.052 
0.263 0.415 
BIAS
-0.5606 -0.0206 0.0202 
RMS 1.66255
WEIGHTS W:
-0.040 
0.051 
0.251 0.403 
BIAS
-0.5836 -0.0213 0.0210 
RMS 1.66267
WEIGHTS W:
-0.039 
0.050 
0.241 0.393 
BIAS
-0.6044 -0.0220 0.0219 
RMS 1.66279
WEIGHTS W:
-0.039 
0.049 
0.231 0.383 
BIAS
-0.6228 -0.0226 0.0227 
RMS 1.66291
WEIGHTS W:
-0.038 
0.049 
0.223 0.375 
BIAS
-0.6385 -0.0233 0.0235 
RMS 1.66302
WEIGHTS W:
-0.037 
0.048 
0.217 0.369 
BIAS
-0.6515 -0.0240 0.0243 
RMS 1.66312
WEIGHTS W:
-0.037 
0.047 
0.212 0.363 
BIAS
-0.6615 -0.0246 0.0251 
RMS 1.66320
WEIGHTS W:
-0.036 
0.047 
0.208 0.360 
BIAS
-0.6686 -0.0252 0.0258 
RMS 1.66325
WEIGHTS W:
-0.035 
0.046 
0.207 0.358 
BIAS
-0.6725 -0.0257 0.0265 
RMS 1.66327
WEIGHTS W:
-0.035 
0.045 
0.206 0.358 
BIAS
-0.6733 -0.0262 0.0271 
RMS 1.66326
WEIGHTS W:
-0.034 
0.045 
0.208 0.359 
BIAS
-0.6710 -0.0266 0.0276 
RMS 1.66323
WEIGHTS W:
-0.034 
0.044 
0.210 0.362 
BIAS
-0.6656 -0.0270 0.0280 
RMS 1.66317
WEIGHTS W:
-0.034 
0.044 
0.215 0.366 
BIAS
-0.6571 -0.0273 0.0284 
RMS 1.66308
WEIGHTS W:
-0.033 
0.044 
0.221 0.372 
BIAS
-0.6458 -0.0275 0.0287 
RMS 1.66298
WEIGHTS W:
-0.033 
0.043 
0.228 0.379 
BIAS
-0.6315 -0.0277 0.0289 
RMS 1.66286
WEIGHTS W:
-0.033 
0.043 
0.237 0.388 
BIAS
-0.6147 -0.0278 0.0291 
RMS 1.66273
WEIGHTS W:
-0.032 
0.043 
0.247 0.398 
BIAS
-0.5953 -0.0278 0.0291 
RMS 1.66260
WEIGHTS W:
-0.032 
0.042 
0.258 0.409 
BIAS
-0.5737 -0.0278 0.0291 
RMS 1.66248
WEIGHTS W:
-0.032 
0.042 
0.270 0.422 
BIAS
-0.5500 -0.0277 0.0290 
RMS 1.66238
WEIGHTS W:
-0.032 
0.042 
0.282 0.435 
BIAS
-0.5247 -0.0275 0.0288 
RMS 1.66230
WEIGHTS W:
-0.032 
0.042 
0.296 0.448 
BIAS
-0.4979 -0.0273 0.0285 
RMS 1.66224
WEIGHTS W:
-0.032 
0.042 
0.310 0.463 
BIAS
-0.4701 -0.0270 0.0282 
RMS 1.66221
WEIGHTS W:
-0.032 
0.042 
0.324 0.477 
BIAS
-0.4416 -0.0267 0.0277 
RMS 1.66222
WEIGHTS W:
-0.032 
0.042 
0.338 0.492 
BIAS
-0.4128 -0.0263 0.0273 
RMS 1.66226
WEIGHTS W:
-0.032 
0.042 
0.352 0.506 
BIAS
-0.3841 -0.0259 0.0267 
RMS 1.66234
WEIGHTS W:
-0.032 
0.042 
0.366 0.520 
BIAS
-0.3558 -0.0254 0.0262 
RMS 1.66244
WEIGHTS W:
-0.033 
0.043 
0.379 0.534 
BIAS
-0.3283 -0.0249 0.0256 
RMS 1.66257
WEIGHTS W:
-0.033 
0.043 
0.392 0.547 
BIAS
-0.3020 -0.0244 0.0249 
RMS 1.66271
WEIGHTS W:
-0.033 
0.043 
0.403 0.560 
BIAS
-0.2771 -0.0238 0.0242 
RMS 1.66286
WEIGHTS W:
-0.034 
0.044 
0.414 0.571 
BIAS
-0.2540 -0.0233 0.0235 
RMS 1.66302
WEIGHTS W:
-0.035 
0.045 
0.424 0.582 
BIAS
-0.2329 -0.0227 0.0228 
RMS 1.66318
WEIGHTS W:
-0.035 
0.045 
0.433 0.591 
BIAS
-0.2141 -0.0222 0.0221 
RMS 1.66333
WEIGHTS W:
-0.036 
0.046 
0.440 0.599 
BIAS
-0.1976 -0.0216 0.0214 
RMS 1.66346
WEIGHTS W:
-0.037 
0.046 
0.446 0.606 
BIAS
-0.1837 -0.0210 0.0207 
RMS 1.66358
WEIGHTS W:
-0.037 
0.047 
0.451 0.612 
BIAS
-0.1726 -0.0205 0.0201 
RMS 1.66367
WEIGHTS W:
-0.038 
0.048 
0.455 0.616 
BIAS
-0.1642 -0.0199 0.0194 
RMS 1.66373
WEIGHTS W:
-0.039 
0.049 
0.457 0.619 
BIAS
-0.1587 -0.0194 0.0188 
RMS 1.66377
WEIGHTS W:
-0.040 
0.049 
0.457 0.620 
BIAS
-0.1562 -0.0189 0.0182 
RMS 1.66378
WEIGHTS W:
-0.041 
0.050 
0.457 0.620 
BIAS
-0.1566 -0.0185 0.0176 
RMS 1.66376
WEIGHTS W:
-0.041 
0.051 
0.454 0.619 
BIAS
-0.1599 -0.0180 0.0171 
RMS 1.66372
WEIGHTS W:
-0.042 
0.052 
0.451 0.617 
BIAS
-0.1662 -0.0176 0.0166 
RMS 1.66364
WEIGHTS W:
-0.043 
0.052 
0.446 0.612 
BIAS
-0.1754 -0.0173 0.0162 
RMS 1.66355
WEIGHTS W:
-0.043 
0.053 
0.439 0.607 
BIAS
-0.1873 -0.0170 0.0159 
RMS 1.66343
WEIGHTS W:
-0.044 
0.053 
0.432 0.600 
BIAS
-0.2019 -0.0168 0.0156 
RMS 1.66330
WEIGHTS W:
-0.044 
0.053 
0.423 0.592 
BIAS
-0.2191 -0.0166 0.0154 
RMS 1.66316
WEIGHTS W:
-0.044 
0.054 
0.413 0.583 
BIAS
-0.2387 -0.0165 0.0153 
RMS 1.66301
WEIGHTS W:
-0.044 
0.054 
0.402 0.573 
BIAS
-0.2604 -0.0164 0.0153 
RMS 1.66286
WEIGHTS W:
-0.044 
0.054 
0.390 0.562 
BIAS
-0.2841 -0.0165 0.0153 
RMS 1.66271
WEIGHTS W:
-0.044 
0.054 
0.377 0.550 
BIAS
-0.3094 -0.0166 0.0155 
RMS 1.66258
WEIGHTS W:
-0.044 
0.053 
0.363 0.537 
BIAS
-0.3362 -0.0168 0.0157 
RMS 1.66246
WEIGHTS W:
-0.044 
0.053 
0.349 0.523 
BIAS
-0.3639 -0.0170 0.0160 
RMS 1.66237
WEIGHTS W:
-0.043 
0.053 
0.335 0.509 
BIAS
-0.3924 -0.0174 0.0164 
RMS 1.66231
WEIGHTS W:
-0.043 
0.052 
0.320 0.495 
BIAS
-0.4211 -0.0178 0.0169 
RMS 1.66227
WEIGHTS W:
-0.042 
0.051 
0.306 0.481 
BIAS
-0.4498 -0.0183 0.0175 
RMS 1.66227
WEIGHTS W:
-0.042 
0.051 
0.291 0.467 
BIAS
-0.4780 -0.0188 0.0181 
RMS 1.66229
WEIGHTS W:
-0.041 
0.050 
0.277 0.453 
BIAS
-0.5054 -0.0194 0.0188 
RMS 1.66235
WEIGHTS W:
-0.040 
0.049 
0.264 0.440 
BIAS
-0.5316 -0.0200 0.0195 
RMS 1.66243
WEIGHTS W:
-0.040 
0.049 
0.251 0.428 
BIAS
-0.5562 -0.0206 0.0203 
RMS 1.66253
WEIGHTS W:
-0.039 
0.048 
0.240 0.416 
BIAS
-0.5790 -0.0213 0.0211 
RMS 1.66264
WEIGHTS W:
-0.038 
0.047 
0.229 0.405 
BIAS
-0.5997 -0.0219 0.0219 
RMS 1.66276
WEIGHTS W:
-0.037 
0.046 
0.220 0.396 
BIAS
-0.6180 -0.0226 0.0226 
RMS 1.66288
WEIGHTS W:
-0.037 
0.046 
0.212 0.388 
BIAS
-0.6337 -0.0232 0.0234 
RMS 1.66299
WEIGHTS W:
-0.036 
0.045 
0.206 0.381 
BIAS
-0.6467 -0.0238 0.0242 
RMS 1.66308
WEIGHTS W:
-0.035 
0.044 
0.201 0.376 
BIAS
-0.6569 -0.0244 0.0249 
RMS 1.66316
WEIGHTS W:
-0.035 
0.044 
0.197 0.373 
BIAS
-0.6640 -0.0250 0.0255 
RMS 1.66321
WEIGHTS W:
-0.034 
0.043 
0.195 0.370 
BIAS
-0.6681 -0.0255 0.0262 
RMS 1.66324
WEIGHTS W:
-0.034 
0.042 
0.195 0.370 
BIAS
-0.6692 -0.0260 0.0267 
RMS 1.66323
WEIGHTS W:
-0.033 
0.042 
0.196 0.371 
BIAS
-0.6671 -0.0264 0.0272 
RMS 1.66320
WEIGHTS W:
-0.033 
0.041 
0.199 0.374 
BIAS
-0.6620 -0.0267 0.0276 
RMS 1.66314
WEIGHTS W:
-0.032 
0.041 
0.203 0.378 
BIAS
-0.6539 -0.0270 0.0280 
RMS 1.66306
WEIGHTS W:
-0.032 
0.041 
0.209 0.384 
BIAS
-0.6429 -0.0273 0.0283 
RMS 1.66296
WEIGHTS W:
-0.032 
0.040 
0.216 0.391 
BIAS
-0.6291 -0.0274 0.0285 
RMS 1.66285
WEIGHTS W:
-0.031 
0.040 
0.224 0.400 
BIAS
-0.6127 -0.0275 0.0286 
RMS 1.66272
WEIGHTS W:
-0.031 
0.040 
0.234 0.409 
BIAS
-0.5937 -0.0276 0.0287 
RMS 1.66260
WEIGHTS W:
-0.031 
0.040 
0.245 0.420 
BIAS
-0.5725 -0.0276 0.0287 
RMS 1.66248
WEIGHTS W:
-0.031 
0.039 
0.256 0.432 
BIAS
-0.5494 -0.0275 0.0285 
RMS 1.66238
WEIGHTS W:
-0.031 
0.039 
0.269 0.445 
BIAS
-0.5244 -0.0273 0.0284 
RMS 1.66230
WEIGHTS W:
-0.031 
0.039 
0.282 0.459 
BIAS
-0.4981 -0.0271 0.0281 
RMS 1.66224
WEIGHTS W:
-0.031 
0.039 
0.296 0.473 
BIAS
-0.4707 -0.0268 0.0278 
RMS 1.66221
WEIGHTS W:
-0.031 
0.039 
0.310 0.487 
BIAS
-0.4426 -0.0265 0.0274 
RMS 1.66222
WEIGHTS W:
-0.031 
0.039 
0.324 0.501 
BIAS
-0.4142 -0.0261 0.0270 
RMS 1.66226
WEIGHTS W:
-0.031 
0.039 
0.337 0.516 
BIAS
-0.3858 -0.0257 0.0265 
RMS 1.66233
WEIGHTS W:
-0.031 
0.040 
0.351 0.530 
BIAS
-0.3578 -0.0253 0.0260 
RMS 1.66243
WEIGHTS W:
-0.031 
0.040 
0.364 0.543 
BIAS
-0.3305 -0.0248 0.0254 
RMS 1.66255
WEIGHTS W:
-0.032 
0.040 
0.377 0.557 
BIAS
-0.3043 -0.0243 0.0248 
RMS 1.66269
WEIGHTS W:
-0.032 
0.041 
0.389 0.569 
BIAS
-0.2796 -0.0238 0.0241 
RMS 1.66285
WEIGHTS W:
-0.033 
0.041 
0.399 0.580 
BIAS
-0.2565 -0.0233 0.0235 
RMS 1.66301
WEIGHTS W:
-0.033 
0.042 
0.409 0.591 
BIAS
-0.2354 -0.0227 0.0228 
RMS 1.66316
WEIGHTS W:
-0.034 
0.042 
0.418 0.600 
BIAS
-0.2165 -0.0222 0.0222 
RMS 1.66331
WEIGHTS W:
-0.035 
0.043 
0.425 0.608 
BIAS
-0.2000 -0.0216 0.0215 
RMS 1.66344
WEIGHTS W:
-0.035 
0.044 
0.432 0.615 
BIAS
-0.1859 -0.0211 0.0209 
RMS 1.66356
WEIGHTS W:
-0.036 
0.044 
0.436 0.621 
BIAS
-0.1746 -0.0206 0.0202 
RMS 1.66365
WEIGHTS W:
-0.037 
0.045 
0.440 0.625 
BIAS
-0.1660 -0.0200 0.0196 
RMS 1.66372
WEIGHTS W:
-0.038 
0.046 
0.442 0.628 
BIAS
-0.1603 -0.0195 0.0190 
RMS 1.66376
WEIGHTS W:
-0.039 
0.047 
0.443 0.630 
BIAS
-0.1574 -0.0191 0.0184 
RMS 1.66378
WEIGHTS W:
-0.039 
0.047 
0.442 0.630 
BIAS
-0.1575 -0.0186 0.0179 
RMS 1.66376
WEIGHTS W:
-0.040 
0.048 
0.440 0.629 
BIAS
-0.1605 -0.0182 0.0174 
RMS 1.66372
WEIGHTS W:
-0.041 
0.049 
0.437 0.627 
BIAS
-0.1664 -0.0178 0.0170 
RMS 1.66365
WEIGHTS W:
-0.041 
0.049 
0.432 0.623 
BIAS
-0.1751 -0.0175 0.0166 
RMS 1.66356
WEIGHTS W:
-0.042 
0.050 
0.426 0.617 
BIAS
-0.1866 -0.0172 0.0162 
RMS 1.66344
WEIGHTS W:
-0.042 
0.050 
0.419 0.611 
BIAS
-0.2008 -0.0169 0.0160 
RMS 1.66332
WEIGHTS W:
-0.043 
0.051 
0.410 0.603 
BIAS
-0.2175 -0.0168 0.0158 
RMS 1.66317
WEIGHTS W:
-0.043 
0.051 
0.400 0.594 
BIAS
-0.2366 -0.0166 0.0157 
RMS 1.66302
WEIGHTS W:
-0.043 
0.051 
0.389 0.584 
BIAS
-0.2579 -0.0166 0.0156 
RMS 1.66287
WEIGHTS W:
-0.043 
0.051 
0.378 0.573 
BIAS
-0.2811 -0.0166 0.0157 
RMS 1.66273
WEIGHTS W:
-0.043 
0.051 
0.365 0.561 
BIAS
-0.3061 -0.0167 0.0158 
RMS 1.66259
WEIGHTS W:
-0.043 
0.051 
0.351 0.549 
BIAS
-0.3324 -0.0169 0.0160 
RMS 1.66248
WEIGHTS W:
-0.043 
0.050 
0.338 0.535 
BIAS
-0.3598 -0.0172 0.0163 
RMS 1.66238
WEIGHTS W:
-0.042 
0.050 
0.323 0.522 
BIAS
-0.3879 -0.0175 0.0167 
RMS 1.66231
WEIGHTS W:
-0.042 
0.049 
0.309 0.508 
BIAS
-0.4163 -0.0179 0.0171 
RMS 1.66227
WEIGHTS W:
-0.041 
0.049 
0.294 0.494 
BIAS
-0.4448 -0.0183 0.0177 
RMS 1.66226
WEIGHTS W:
-0.040 
0.048 
0.280 0.480 
BIAS
-0.4728 -0.0188 0.0182 
RMS 1.66228
WEIGHTS W:
-0.040 
0.047 
0.266 0.466 
BIAS
-0.5001 -0.0194 0.0189 
RMS 1.66233
WEIGHTS W:
-0.039 
0.047 
0.253 0.453 
BIAS
-0.5262 -0.0199 0.0196 
RMS 1.66241
WEIGHTS W:
-0.038 
0.046 
0.240 0.440 
BIAS
-0.5509 -0.0206 0.0203 
RMS 1.66250
WEIGHTS W:
-0.038 
0.045 
0.229 0.429 
BIAS
-0.5737 -0.0212 0.0210 
RMS 1.66261
WEIGHTS W:
-0.037 
0.044 
0.218 0.418 
BIAS
-0.5945 -0.0218 0.0218 
RMS 1.66273
WEIGHTS W:
-0.036 
0.044 
0.209 0.409 
BIAS
-0.6130 -0.0225 0.0225 
RMS 1.66285
WEIGHTS W:
-0.036 
0.043 
0.201 0.400 
BIAS
-0.6290 -0.0231 0.0232 
RMS 1.66296
WEIGHTS W:
-0.035 
0.042 
0.194 0.394 
BIAS
-0.6423 -0.0237 0.0240 
RMS 1.66305
WEIGHTS W:
-0.034 
0.042 
0.189 0.388 
BIAS
-0.6528 -0.0243 0.0246 
RMS 1.66313
WEIGHTS W:
-0.034 
0.041 
0.185 0.384 
BIAS
-0.6603 -0.0248 0.0253 
RMS 1.66319
WEIGHTS W:
-0.033 
0.041 
0.183 0.382 
BIAS
-0.6648 -0.0253 0.0259 
RMS 1.66321
WEIGHTS W:
-0.033 
0.040 
0.182 0.381 
BIAS
-0.6663 -0.0258 0.0264 
RMS 1.66322
WEIGHTS W:
-0.032 
0.039 
0.183 0.382 
BIAS
-0.6647 -0.0262 0.0269 
RMS 1.66319
WEIGHTS W:
-0.032 
0.039 
0.186 0.385 
BIAS
-0.6601 -0.0266 0.0273 
RMS 1.66314
WEIGHTS W:
-0.031 
0.039 
0.190 0.389 
BIAS
-0.6525 -0.0269 0.0277 
RMS 1.66306
WEIGHTS W:
-0.031 
0.038 
0.195 0.394 
BIAS
-0.6420 -0.0271 0.0279 
RMS 1.66296
WEIGHTS W:
-0.031 
0.038 
0.202 0.401 
BIAS
-0.6287 -0.0273 0.0281 
RMS 1.66285
WEIGHTS W:
-0.030 
0.038 
0.210 0.409 
BIAS
-0.6127 -0.0274 0.0283 
RMS 1.66273
WEIGHTS W:
-0.030 
0.037 
0.219 0.419 
BIAS
-0.5943 -0.0274 0.0283 
RMS 1.66261
WEIGHTS W:
-0.030 
0.037 
0.230 0.430 
BIAS
-0.5736 -0.0274 0.0283 
RMS 1.66249
WEIGHTS W:
-0.030 
0.037 
0.241 0.441 
BIAS
-0.5508 -0.0273 0.0282 
RMS 1.66239
WEIGHTS W:
-0.030 
0.037 
0.254 0.454 
BIAS
-0.5263 -0.0272 0.0281 
RMS 1.66231
WEIGHTS W:
-0.030 
0.037 
0.267 0.467 
BIAS
-0.5003 -0.0270 0.0278 
RMS 1.66225
WEIGHTS W:
-0.030 
0.037 
0.280 0.481 
BIAS
-0.4733 -0.0267 0.0275 
RMS 1.66222
WEIGHTS W:
-0.030 
0.037 
0.294 0.495 
BIAS
-0.4454 -0.0264 0.0272 
RMS 1.66222
WEIGHTS W:
-0.030 
0.037 
0.308 0.510 
BIAS
-0.4172 -0.0261 0.0268 
RMS 1.66225
WEIGHTS W:
-0.030 
0.037 
0.322 0.524 
BIAS
-0.3889 -0.0257 0.0263 
RMS 1.66232
WEIGHTS W:
-0.030 
0.037 
0.335 0.538 
BIAS
-0.3610 -0.0253 0.0258 
RMS 1.66242
WEIGHTS W:
-0.030 
0.038 
0.349 0.552 
BIAS
-0.3337 -0.0248 0.0253 
RMS 1.66254
WEIGHTS W:
-0.031 
0.038 
0.361 0.565 
BIAS
-0.3075 -0.0243 0.0247 
RMS 1.66267
WEIGHTS W:
-0.031 
0.038 
0.373 0.577 
BIAS
-0.2826 -0.0238 0.0241 
RMS 1.66283
WEIGHTS W:
-0.032 
0.039 
0.384 0.589 
BIAS
-0.2594 -0.0233 0.0235 
RMS 1.66298
WEIGHTS W:
-0.032 
0.039 
0.394 0.599 
BIAS
-0.2381 -0.0228 0.0229 
RMS 1.66314
WEIGHTS W:
-0.033 
0.040 
0.403 0.609 
BIAS
-0.2188 -0.0223 0.0223 
RMS 1.66329
WEIGHTS W:
-0.034 
0.040 
0.410 0.617 
BIAS
-0.2020 -0.0217 0.0216 
RMS 1.66343
WEIGHTS W:
-0.034 
0.041 
0.417 0.624 
BIAS
-0.1876 -0.0212 0.0210 
RMS 1.66355
WEIGHTS W:
-0.035 
0.042 
0.422 0.630 
BIAS
-0.1758 -0.0207 0.0204 
RMS 1.66365
WEIGHTS W:
-0.036 
0.043 
0.426 0.635 
BIAS
-0.1668 -0.0202 0.0198 
RMS 1.66372
WEIGHTS W:
-0.037 
0.043 
0.428 0.638 
BIAS
-0.1606 -0.0197 0.0192 
RMS 1.66377
WEIGHTS W:
-0.037 
0.044 
0.429 0.640 
BIAS
-0.1572 -0.0192 0.0187 
RMS 1.66379
WEIGHTS W:
-0.038 
0.045 
0.429 0.640 
BIAS
-0.1568 -0.0187 0.0182 
RMS 1.66378
WEIGHTS W:
-0.039 
0.046 
0.427 0.639 
BIAS
-0.1592 -0.0183 0.0177 
RMS 1.66374
WEIGHTS W:
-0.040 
0.046 
0.424 0.637 
BIAS
-0.1646 -0.0179 0.0173 
RMS 1.66367
WEIGHTS W:
-0.040 
0.047 
0.419 0.633 
BIAS
-0.1728 -0.0176 0.0169 
RMS 1.66359
WEIGHTS W:
-0.041 
0.047 
0.414 0.628 
BIAS
-0.1838 -0.0173 0.0165 
RMS 1.66348
WEIGHTS W:
-0.041 
0.048 
0.406 0.622 
BIAS
-0.1974 -0.0171 0.0163 
RMS 1.66335
WEIGHTS W:
-0.041 
0.048 
0.398 0.615 
BIAS
-0.2136 -0.0169 0.0161 
RMS 1.66321
WEIGHTS W:
-0.042 
0.048 
0.388 0.606 
BIAS
-0.2322 -0.0168 0.0159 
RMS 1.66306
WEIGHTS W:
-0.042 
0.048 
0.378 0.596 
BIAS
-0.2530 -0.0167 0.0159 
RMS 1.66291
WEIGHTS W:
-0.042 
0.048 
0.366 0.586 
BIAS
-0.2758 -0.0167 0.0159 
RMS 1.66276
WEIGHTS W:
-0.042 
0.048 
0.354 0.574 
BIAS
-0.3003 -0.0168 0.0160 
RMS 1.66262
WEIGHTS W:
-0.042 
0.048 
0.340 0.561 
BIAS
-0.3262 -0.0170 0.0162 
RMS 1.66250
WEIGHTS W:
-0.041 
0.048 
0.327 0.548 
BIAS
-0.3533 -0.0172 0.0165 
RMS 1.66240
WEIGHTS W:
-0.041 
0.047 
0.312 0.535 
BIAS
-0.3812 -0.0175 0.0168 
RMS 1.66232
WEIGHTS W:
-0.041 
0.047 
0.298 0.521 
BIAS
-0.4095 -0.0179 0.0173 
RMS 1.66228
WEIGHTS W:
-0.040 
0.046 
0.284 0.507 
BIAS
-0.4379 -0.0183 0.0177 
RMS 1.66226
WEIGHTS W:
-0.039 
0.046 
0.269 0.493 
BIAS
-0.4659 -0.0188 0.0183 
RMS 1.66227
WEIGHTS W:
-0.039 
0.045 
0.255 0.479 
BIAS
-0.4933 -0.0193 0.0189 
RMS 1.66232
WEIGHTS W:
-0.038 
0.045 
0.242 0.466 
BIAS
-0.5195 -0.0199 0.0195 
RMS 1.66239
WEIGHTS W:
-0.037 
0.044 
0.229 0.453 
BIAS
-0.5444 -0.0205 0.0202 
RMS 1.66248
WEIGHTS W:
-0.037 
0.043 
0.218 0.441 
BIAS
-0.5676 -0.0211 0.0209 
RMS 1.66259
WEIGHTS W:
-0.036 
0.042 
0.207 0.430 
BIAS
-0.5888 -0.0217 0.0216 
RMS 1.66270
WEIGHTS W:
-0.035 
0.042 
0.197 0.421 
BIAS
-0.6077 -0.0223 0.0224 
RMS 1.66282
WEIGHTS W:
-0.035 
0.041 
0.189 0.412 
BIAS
-0.6241 -0.0230 0.0231 
RMS 1.66293
WEIGHTS W:
-0.034 
0.040 
0.182 0.405 
BIAS
-0.6379 -0.0236 0.0237 
RMS 1.66303
WEIGHTS W:
-0.033 
0.040 
0.177 0.400 
BIAS
-0.6489 -0.0241 0.0244 
RMS 1.66311
WEIGHTS W:
-0.033 
0.039 
0.173 0.396 
BIAS
-0.6570 -0.0247 0.0250 
RMS 1.66317
WEIGHTS W:
-0.032 
0.038 
0.170 0.393 
BIAS
-0.6622 -0.0252 0.0256 
RMS 1.66321
WEIGHTS W:
-0.032 
0.038 
0.169 0.392 
BIAS
-0.6643 -0.0256 0.0261 
RMS 1.66321
WEIGHTS W:
-0.031 
0.037 
0.170 0.392 
BIAS
-0.6633 -0.0260 0.0266 
RMS 1.66319
WEIGHTS W:
-0.031 
0.037 
0.172 0.395 
BIAS
-0.6593 -0.0264 0.0270 
RMS 1.66315
WEIGHTS W:
-0.031 
0.037 
0.175 0.398 
BIAS
-0.6524 -0.0267 0.0274 
RMS 1.66308
WEIGHTS W:
-0.030 
0.036 
0.181 0.403 
BIAS
-0.6425 -0.0269 0.0276 
RMS 1.66298
WEIGHTS W:
-0.030 
0.036 
0.187 0.410 
BIAS
-0.6298 -0.0271 0.0278 
RMS 1.66287
WEIGHTS W:
-0.030 
0.036 
0.195 0.418 
BIAS
-0.6144 -0.0272 0.0280 
RMS 1.66276
WEIGHTS W:
-0.029 
0.035 
0.204 0.427 
BIAS
-0.5965 -0.0273 0.0281 
RMS 1.66263
WEIGHTS W:
-0.029 
0.035 
0.214 0.438 
BIAS
-0.5763 -0.0273 0.0281 
RMS 1.66252
WEIGHTS W:
-0.029 
0.035 
0.226 0.449 
BIAS
-0.5540 -0.0272 0.0280 
RMS 1.66241
WEIGHTS W:
-0.029 
0.035 
0.238 0.462 
BIAS
-0.5299 -0.0271 0.0279 
RMS 1.66232
WEIGHTS W:
-0.029 
0.035 
0.251 0.475 
BIAS
-0.5043 -0.0269 0.0276 
RMS 1.66226
WEIGHTS W:
-0.029 
0.035 
0.264 0.489 
BIAS
-0.4775 -0.0267 0.0274 
RMS 1.66222
WEIGHTS W:
-0.029 
0.035 
0.278 0.503 
BIAS
-0.4498 -0.0264 0.0271 
RMS 1.66222
WEIGHTS W:
-0.029 
0.035 
0.292 0.517 
BIAS
-0.4216 -0.0261 0.0267 
RMS 1.66225
WEIGHTS W:
-0.029 
0.035 
0.305 0.531 
BIAS
-0.3934 -0.0257 0.0262 
RMS 1.66231
WEIGHTS W:
-0.029 
0.035 
0.319 0.545 
BIAS
-0.3654 -0.0253 0.0258 
RMS 1.66240
WEIGHTS W:
-0.030 
0.036 
0.332 0.559 
BIAS
-0.3380 -0.0248 0.0253 
RMS 1.66251
WEIGHTS W:
-0.030 
0.036 
0.345 0.572 
BIAS
-0.3115 -0.0244 0.0247 
RMS 1.66265
WEIGHTS W:
-0.030 
0.036 
0.357 0.585 
BIAS
-0.2863 -0.0239 0.0242 
RMS 1.66280
WEIGHTS W:
-0.031 
0.037 
0.368 0.597 
BIAS
-0.2627 -0.0234 0.0236 
RMS 1.66296
WEIGHTS W:
-0.031 
0.037 
0.378 0.607 
BIAS
-0.2410 -0.0229 0.0230 
RMS 1.66312
WEIGHTS W:
-0.032 
0.038 
0.387 0.617 
BIAS
-0.2213 -0.0223 0.0224 
RMS 1.66327
WEIGHTS W:
-0.033 
0.038 
0.395 0.626 
BIAS
-0.2039 -0.0218 0.0218 
RMS 1.66341
WEIGHTS W:
-0.033 
0.039 
0.402 0.633 
BIAS
-0.1889 -0.0213 0.0212 
RMS 1.66354
WEIGHTS W:
-0.034 
0.040 
0.407 0.639 
BIAS
-0.1765 -0.0208 0.0206 
RMS 1.66364
WEIGHTS W:
-0.035 
0.041 
0.412 0.644 
BIAS
-0.1669 -0.0203 0.0200 
RMS 1.66372
WEIGHTS W:
-0.036 
0.041 
0.414 0.647 
BIAS
-0.1600 -0.0198 0.0194 
RMS 1.66378
WEIGHTS W:
-0.036 
0.042 
0.416 0.650 
BIAS
-0.1560 -0.0193 0.0189 
RMS 1.66380
WEIGHTS W:
-0.037 
0.043 
0.416 0.650 
BIAS
-0.1549 -0.0189 0.0184 
RMS 1.66380
WEIGHTS W:
-0.038 
0.043 
0.414 0.650 
BIAS
-0.1566 -0.0185 0.0179 
RMS 1.66377
WEIGHTS W:
-0.038 
0.044 
0.411 0.648 
BIAS
-0.1613 -0.0181 0.0175 
RMS 1.66371
WEIGHTS W:
-0.039 
0.045 
0.407 0.645 
BIAS
-0.1688 -0.0177 0.0171 
RMS 1.66363
WEIGHTS W:
-0.040 
0.045 
0.402 0.640 
BIAS
-0.1791 -0.0174 0.0168 
RMS 1.66352
WEIGHTS W:
-0.040 
0.046 
0.395 0.634 
BIAS
-0.1921 -0.0172 0.0165 
RMS 1.66340
WEIGHTS W:
-0.041 
0.046 
0.387 0.627 
BIAS
-0.2077 -0.0170 0.0163 
RMS 1.66326
WEIGHTS W:
-0.041 
0.046 
0.377 0.618 
BIAS
-0.2257 -0.0169 0.0162 
RMS 1.66311
WEIGHTS W:
-0.041 
0.046 
0.367 0.609 
BIAS
-0.2460 -0.0168 0.0161 
RMS 1.66296
WEIGHTS W:
-0.041 
0.046 
0.356 0.598 
BIAS
-0.2683 -0.0168 0.0161 
RMS 1.66281
WEIGHTS W:
-0.041 
0.046 
0.343 0.587 
BIAS
-0.2924 -0.0169 0.0162 
RMS 1.66266
WEIGHTS W:
-0.041 
0.046 
0.330 0.575 
BIAS
-0.3181 -0.0170 0.0164 
RMS 1.66254
WEIGHTS W:
-0.041 
0.046 
0.316 0.562 
BIAS
-0.3449 -0.0172 0.0166 
RMS 1.66243
WEIGHTS W:
-0.040 
0.046 
0.302 0.548 
BIAS
-0.3726 -0.0175 0.0169 
RMS 1.66234
WEIGHTS W:
-0.040 
0.045 
0.288 0.534 
BIAS
-0.4009 -0.0178 0.0173 
RMS 1.66229
WEIGHTS W:
-0.039 
0.045 
0.274 0.520 
BIAS
-0.4292 -0.0182 0.0178 
RMS 1.66226
WEIGHTS W:
-0.039 
0.044 
0.259 0.506 
BIAS
-0.4574 -0.0187 0.0183 
RMS 1.66227
WEIGHTS W:
-0.038 
0.043 
0.245 0.492 
BIAS
-0.4850 -0.0192 0.0188 
RMS 1.66231
WEIGHTS W:
-0.037 
0.043 
0.232 0.479 
BIAS
-0.5115 -0.0198 0.0195 
RMS 1.66237
WEIGHTS W:
-0.037 
0.042 
0.219 0.466 
BIAS
-0.5368 -0.0203 0.0201 
RMS 1.66245
WEIGHTS W:
-0.036 
0.041 
0.207 0.454 
BIAS
-0.5605 -0.0209 0.0208 
RMS 1.66256
WEIGHTS W:
-0.035 
0.041 
0.196 0.443 
BIAS
-0.5822 -0.0216 0.0215 
RMS 1.66267
WEIGHTS W:
-0.035 
0.040 
0.186 0.433 
BIAS
-0.6017 -0.0222 0.0222 
RMS 1.66279
WEIGHTS W:
-0.034 
0.039 
0.177 0.424 
BIAS
-0.6188 -0.0228 0.0229 
RMS 1.66290
WEIGHTS W:
-0.033 
0.039 
0.170 0.417 
BIAS
-0.6333 -0.0234 0.0235 
RMS 1.66301
WEIGHTS W:
-0.033 
0.038 
0.164 0.411 
BIAS
-0.6451 -0.0240 0.0242 
RMS 1.66309
WEIGHTS W:
-0.032 
0.037 
0.160 0.406 
BIAS
-0.6539 -0.0245 0.0248 
RMS 1.66316
WEIGHTS W:
-0.032 
0.037 
0.157 0.403 
BIAS
-0.6598 -0.0250 0.0253 
RMS 1.66320
WEIGHTS W:
-0.031 
0.036 
0.155 0.402 
BIAS
-0.6627 -0.0255 0.0259 
RMS 1.66322
WEIGHTS W:
-0.031 
0.036 
0.156 0.402 
BIAS
-0.6626 -0.0259 0.0263 
RMS 1.66321
WEIGHTS W:
-0.030 
0.035 
0.157 0.404 
BIAS
-0.6594 -0.0262 0.0267 
RMS 1.66317
WEIGHTS W:
-0.030 
0.035 
0.161 0.407 
BIAS
-0.6532 -0.0266 0.0271 
RMS 1.66310
WEIGHTS W:
-0.030 
0.035 
0.165 0.412 
BIAS
-0.6441 -0.0268 0.0274 
RMS 1.66301
WEIGHTS W:
-0.029 
0.034 
0.171 0.418 
BIAS
-0.6321 -0.0270 0.0276 
RMS 1.66291
WEIGHTS W:
-0.029 
0.034 
0.179 0.425 
BIAS
-0.6174 -0.0271 0.0278 
RMS 1.66279
WEIGHTS W:
-0.029 
0.034 
0.188 0.434 
BIAS
-0.6001 -0.0272 0.0279 
RMS 1.66267
WEIGHTS W:
-0.029 
0.034 
0.198 0.445 
BIAS
-0.5805 -0.0272 0.0279 
RMS 1.66255
WEIGHTS W:
-0.028 
0.034 
0.209 0.456 
BIAS
-0.5587 -0.0272 0.0278 
RMS 1.66244
WEIGHTS W:
-0.028 
0.033 
0.221 0.468 
BIAS
-0.5350 -0.0271 0.0277 
RMS 1.66235
WEIGHTS W:
-0.028 
0.033 
0.233 0.481 
BIAS
-0.5097 -0.0269 0.0275 
RMS 1.66227
WEIGHTS W:
-0.028 
0.033 
0.247 0.495 
BIAS
-0.4831 -0.0267 0.0273 
RMS 1.66223
WEIGHTS W:
-0.028 
0.033 
0.260 0.509 
BIAS
-0.4556 -0.0264 0.0270 
RMS 1.66222
WEIGHTS W:
-0.028 
0.033 
0.274 0.523 
BIAS
-0.4274 -0.0261 0.0266 
RMS 1.66224
WEIGHTS W:
-0.029 
0.034 
0.288 0.538 
BIAS
-0.3991 -0.0257 0.0262 
RMS 1.66229
WEIGHTS W:
-0.029 
0.034 
0.302 0.552 
BIAS
-0.3709 -0.0254 0.0258 
RMS 1.66238
WEIGHTS W:
-0.029 
0.034 
0.315 0.566 
BIAS
-0.3432 -0.0249 0.0253 
RMS 1.66249
WEIGHTS W:
-0.029 
0.034 
0.328 0.579 
BIAS
-0.3164 -0.0245 0.0248 
RMS 1.66262
WEIGHTS W:
-0.030 
0.035 
0.340 0.592 
BIAS
-0.2908 -0.0240 0.0242 
RMS 1.66277
WEIGHTS W:
-0.030 
0.035 
0.352 0.604 
BIAS
-0.2667 -0.0235 0.0237 
RMS 1.66293
WEIGHTS W:
-0.031 
0.036 
0.362 0.615 
BIAS
-0.2443 -0.0230 0.0231 
RMS 1.66309
WEIGHTS W:
-0.031 
0.036 
0.372 0.625 
BIAS
-0.2240 -0.0225 0.0225 
RMS 1.66325
WEIGHTS W:
-0.032 
0.037 
0.380 0.634 
BIAS
-0.2059 -0.0219 0.0219 
RMS 1.66340
WEIGHTS W:
-0.033 
0.037 
0.387 0.641 
BIAS
-0.1902 -0.0214 0.0213 
RMS 1.66353
WEIGHTS W:
-0.033 
0.038 
0.393 0.648 
BIAS
-0.1770 -0.0209 0.0208 
RMS 1.66364
WEIGHTS W:
-0.034 
0.039 
0.397 0.653 
BIAS
-0.1666 -0.0204 0.0202 
RMS 1.66373
WEIGHTS W:
-0.035 
0.039 
0.400 0.657 
BIAS
-0.1589 -0.0199 0.0196 
RMS 1.66379
WEIGHTS W:
-0.035 
0.040 
0.402 0.659 
BIAS
-0.1540 -0.0195 0.0191 
RMS 1.66383
WEIGHTS W:
-0.036 
0.041 
0.403 0.661 
BIAS
-0.1521 -0.0190 0.0186 
RMS 1.66383
WEIGHTS W:
-0.037 
0.042 
0.402 0.660 
BIAS
-0.1530 -0.0186 0.0182 
RMS 1.66381
WEIGHTS W:
-0.038 
0.042 
0.399 0.659 
BIAS
-0.1569 -0.0182 0.0177 
RMS 1.66376
WEIGHTS W:
-0.038 
0.043 
0.395 0.656 
BIAS
-0.1636 -0.0178 0.0173 
RMS 1.66368
WEIGHTS W:
-0.039 
0.043 
0.390 0.652 
BIAS
-0.1731 -0.0175 0.0170 
RMS 1.66358
WEIGHTS W:
-0.039 
0.044 
0.384 0.646 
BIAS
-0.1854 -0.0173 0.0167 
RMS 1.66346
WEIGHTS W:
-0.040 
0.044 
0.376 0.639 
BIAS
-0.2003 -0.0171 0.0165 
