0.46 -0.22 
0.30 0.29 
-0.49 -0.12 
0.48 0.07 
0.32 0.07 
-0.36 0.33 
-0.04 0.48 
-0.43 -0.30 -0.41 0.46 -0.34 0.09 -0.26 
-0.04 -0.34 -0.37 -0.28 -0.41 0.30 -0.18 
-0.26 0.06 -0.44 -0.30 0.34 0.36 0.49 0.36 -0.26 

##################LEARN##################
1.09427
0.83440
0.62097
0.50251
0.45416
0.43508
0.42516
0.41843
0.41357
0.41025
0.40822
0.40719
0.40687
0.40704
0.40752
0.40819
0.40894
0.40969
0.41038
0.41095
0.41138
0.41165
0.41177
0.41174
0.41158
0.41130
0.41094
0.41050
0.41000
0.40946
0.40890
0.40831
0.40770
0.40709
0.40647
0.40585
0.40524
0.40462
0.40401
0.40340
0.40280
0.40221
0.40162
0.40105
0.40049
0.39995
0.39944
0.39895
0.39851
0.39812
0.39779
0.39753
0.39735
0.39728
0.39731
0.39747
0.39777
0.39820
0.39876
0.39947
0.40029
0.40122
0.40223
0.40330
0.40441
0.40554
0.40665
0.40774
0.40878
0.40977
0.41069
0.41155
0.41234
0.41306
0.41370
0.41428
0.41479
0.41524
0.41563
0.41596
0.41623
0.41646
0.41663
0.41676
0.41684
0.41688
0.41688
0.41683
0.41675
0.41664
0.41648
0.41629
0.41606
0.41580
0.41550
0.41517
0.41480
0.41440
0.41396
0.41348
0.41296
0.41241
0.41181
0.41117
0.41049
0.40977
0.40901
0.40821
0.40737
0.40652
0.40564
0.40477
0.40392
0.40312
0.40242
0.40187
0.40151
0.40143
0.40167
0.40229
0.40331
0.40469
0.40639
0.40830
0.41029
0.41225
0.41409
0.41573
0.41714
0.41831
0.41926
0.41999
0.42053
0.42091
0.42115
0.42128
0.42130
0.42124
0.42112
0.42093
0.42070
0.42043
0.42013
0.41980
0.41945
0.41907
0.41869
0.41828
0.41787
0.41745
0.41702
0.41659
0.41615
0.41571
0.41526
0.41481
0.41436
0.41390
0.41344
0.41297
0.41250
0.41202
0.41152
0.41102
0.41051
0.40998
0.40944
0.40889
0.40832
0.40774
0.40715
0.40656
0.40595
0.40533
0.40471
0.40408
0.40345
0.40282
0.40218
0.40154
0.40090
0.40025
0.39961
0.39896
0.39830
0.39765
0.39698
0.39632
0.39565
0.39497
0.39429
0.39359
0.39290
0.39219
0.39147
0.39075
0.39002
0.38929
0.38854
0.38779
0.38703
0.38627
0.38550
0.38472
0.38393
0.38314
0.38234
0.38154
0.38073
0.37994
0.37920
0.37860
0.37832
0.37872
0.38036
0.38371
0.38813
0.39151
0.39223
0.39070
0.38816
0.38547
0.38295
0.38067
0.37860
0.37671
0.37494
0.37327
0.37168
0.37014
0.36863
0.36715
0.36567
0.36420
0.36273
0.36129
0.35990
0.35863
0.35758
0.35691
0.35682
0.35748
0.35892
0.36086
0.36283
0.36436
0.36531
0.36580
0.36605
0.36621
0.36633
0.36644
0.36651
0.36652
0.36644
0.36627
0.36599
0.36561
0.36513
0.36455
0.36388
0.36311
0.36226
0.36134
0.36035
0.35930
0.35821
0.35708
0.35593
0.35479
0.35365
0.35255
0.35150
0.35052
0.34963
0.34882
0.34813
0.34754
0.34706
0.34669
0.34641
0.34622
0.34611
0.34605
0.34605
0.34609
0.34616
0.34626
0.34637
0.34649
0.34662
0.34676
0.34691
0.34706
0.34722
0.34738
0.34755
0.34772
0.34789
0.34808
0.34826
0.34845
0.34864
0.34884
0.34904
0.34924
0.34944
0.34964
0.34985
0.35005
0.35025
0.35045
0.35065
0.35085
0.35104
0.35123
0.35142
0.35160
0.35178
0.35195
0.35212
0.35228
0.35243
0.35257
0.35270
0.35283
0.35295
0.35305
0.35315
0.35323
0.35331
0.35338
0.35344
0.35348
0.35352
0.35355
0.35357
0.35357
0.35356
0.35353
0.35347
0.35338
0.35325
0.35308
0.35285
0.35256
0.35220
0.35175
0.35122
0.35060
0.34989
0.34907
0.34816
0.34715
0.34604
0.34484
0.34355
0.34218
0.34074
0.33922
0.33762
0.33592
0.33411
0.33216
0.33004
0.32773
0.32524
0.32259
0.31983
0.31702
0.31426
0.31163
0.30923
0.30711
0.30535
0.30398
0.30301
0.30243
0.30219
0.30221
0.30243
0.30277
0.30318
0.30363
0.30409
0.30456
0.30503
0.30553
0.30605
0.30663
0.30730
0.30809
0.30902
0.31013
0.31139
0.31276
0.31418
0.31558
0.31691
0.31813
0.31921
0.32012
0.32082
0.32126
0.32143
0.32130
0.32086
0.32014
0.31914
0.31788
0.31641
0.31474
0.31292
0.31099
0.30897
0.30692
0.30485
0.30280
0.30079
0.29886
0.29701
0.29526
0.29362
0.29210
0.29071
0.28944
0.28829
0.28726
0.28634
0.28552
0.28480
0.28416
0.28359
0.28308
0.28264
0.28224
0.28188
0.28157
0.28130
0.28106
0.28085
0.28067
0.28053
0.28041
0.28032
0.28025
0.28021
0.28020
0.28020
0.28023
0.28028
0.28035
0.28044
0.28054
0.28066
0.28079
0.28092
0.28107
0.28123
0.28139
0.28155
0.28172
0.28188
0.28204
0.28220
0.28235
0.28249
0.28262
0.28275
0.28286
0.28296
0.28305
0.28313
0.28319
0.28323
0.28326
0.28328
0.28328
0.28327
0.28324
0.28320
0.28314
0.28307
0.28299
0.28289
0.28278
0.28266
0.28253
0.28238
0.28223
0.28206
0.28188
0.28169
0.28148
0.28125
0.28101
0.28074
0.28044
0.28011
0.27975
0.27938
0.27905
0.27881
0.27872
0.27870
0.27855
0.27813
0.27755
0.27715
0.27721
0.27777
0.27876
0.28005
0.28151
0.28305
0.28453
0.28586
0.28696
0.28776
0.28825
0.28844
0.28833
0.28798
0.28742
0.28669
0.28584
0.28491
0.28392
0.28290
0.28188
0.28087
0.27987
0.27890
0.27794
0.27700
0.27607
0.27514
0.27421
0.27325
0.27227
0.27125
0.27020
0.26911
0.26797
0.26678
0.26554
0.26426
0.26293
0.26155
0.26013
0.25867
0.25717
0.25563
0.25405
0.25243
0.25079
0.24911
0.24740
0.24567
0.24391
0.24214
0.24035
0.23854
0.23673
0.23491
0.23308
0.23126
0.22945
0.22765
0.22586
0.22409
0.22234
0.22062
0.21894
0.21728
0.21566
0.21408
0.21255
0.21106
0.20961
0.20822
0.20687
0.20558
0.20434
0.20316
0.20202
0.20094
0.19991
0.19893
0.19799
0.19711
0.19626
0.19545
0.19469
0.19395
0.19325
0.19257
0.19192
0.19129
0.19067
0.19007
0.18949
0.18891
0.18834
0.18778
0.18722
0.18666
0.18610
0.18554
0.18498
0.18441
0.18384
0.18326
0.18268
0.18208
0.18148
0.18088
0.18026
0.17963
0.17900
0.17835
0.17770
0.17703
0.17636
0.17568
0.17498
0.17428
0.17356
0.17284
0.17211
0.17137
0.17062
0.16986
0.16909
0.16832
0.16754
0.16675
0.16595
0.16515
0.16434
0.16353
0.16272
0.16189
0.16107
0.16024
0.15941
0.15857
0.15774
0.15690
0.15606
0.15521
0.15437
0.15352
0.15266
0.15180
0.15094
0.15007
0.14920
0.14833
0.14747
0.14665
0.14590
0.14526
0.14478
0.14452
0.14451
0.14474
0.14520
0.14584
0.14660
0.14741
0.14823
0.14903
0.14978
0.15046
0.15106
0.15158
0.15199
0.15231
0.15253
0.15264
0.15264
0.15254
0.15234
0.15205
0.15167
0.15121
0.15068
0.15007
0.14940
0.14867
0.14787
0.14701
0.14609
0.14512
0.14409
0.14300
0.14185
0.14065
0.13939
0.13808
0.13671
0.13528
0.13379
0.13224
0.13063
0.12896
0.12723
0.12544
0.12360
0.12170
0.11975
0.11773
0.11562
0.11338
0.11097
0.10838
0.10563
0.10280
0.10002
0.09743
0.09512
0.09317
0.09160
0.09038
0.08948
0.08886
0.08848
0.08829
0.08825
0.08834
0.08853
0.08878
0.08909
0.08943
0.08979
0.09014
0.09049
0.09081
0.09111
0.09138
0.09163
0.09185
0.09205
0.09223
0.09237
0.09249
0.09259
0.09266
0.09271
0.09274
0.09275
0.09274
0.09272
0.09269
0.09264
0.09258
0.09251
0.09243
0.09234
0.09223
0.09213
0.09201
0.09189
0.09176
0.09162
0.09148
0.09133
0.09117
0.09101
0.09085
0.09068
0.09051
0.09033
0.09015
0.08996
0.08977
0.08958
0.08938
0.08918
0.08897
0.08876
0.08855
0.08833
0.08811
0.08789
0.08766
0.08743
0.08720
0.08696
0.08673
0.08648
0.08624
0.08599
0.08574
0.08549
0.08524
0.08498
0.08472
0.08446
0.08419
0.08392
0.08366
0.08339
0.08311
0.08284
0.08256
0.08228
0.08200
0.08172
0.08144
0.08115
0.08086
0.08058
0.08029
0.08000
0.07971
0.07941
0.07912
0.07883
0.07853
0.07823
0.07794
0.07764
0.07734
0.07704
0.07674
0.07644
0.07614
0.07583
0.07553
0.07523
0.07493
0.07462
0.07432
0.07401
0.07371
0.07341
0.07311
0.07281
0.07251
0.07222
0.07193
0.07163
0.07130
0.07083
0.06988
0.06753
0.06508
0.06903
0.07848
0.08374
0.08151
0.07670
0.07391
0.07259
0.07145
0.07153
0.07308
0.07431
0.07397
0.07260
0.07122
0.07022
0.06959
0.06941
0.06960
0.06976
0.06957
0.06904
0.06839
0.06782
0.06742
0.06720
0.06710
0.06701
0.06681
0.06650
0.06614
0.06579
0.06551
0.06530
0.06515
0.06499
0.06480
0.06457
0.06432
0.06409
0.06387
0.06369
0.06353
0.06337
0.06320
0.06302
0.06283
0.06265
0.06249
0.06233
0.06219
0.06204
0.06189
0.06175
0.06160
0.06145
0.06132
0.06119
0.06106
0.06094
0.06082
0.06069
0.06057
0.06046
0.06034
0.06024
0.06013
0.06003
0.05992
0.05982
0.05973
0.05963
0.05954
0.05945
0.05936
0.05927
0.05919
0.05911
0.05903
0.05895
0.05887
0.05880
0.05873
0.05866
0.05859
0.05852
0.05846
0.05839
0.05833
0.05827
0.05821
0.05815
0.05810
0.05804
0.05799
0.05793
0.05788
0.05783
0.05778
0.05774
0.05769
0.05765
0.05760
0.05756
0.05752
0.05747
0.05743
0.05739
0.05735
0.05732
0.05728
0.05724
0.05721
0.05717
0.05713
0.05710
0.05707
0.05703
0.05700
0.05697
0.05693
0.05690
0.05687
0.05684
0.05680
0.05677
0.05674
0.05671
0.05668
0.05664
0.05661
0.05658
0.05655
0.05652
0.05648
0.05645
0.05642
0.05638
0.05635
0.05631
0.05628
0.05624
0.05621
0.05617
0.05613
0.05610
0.05606
0.05602
0.05598
0.05594
0.05590
0.05586

##################TEST##################
Z[0] = -0.22
Z[1] = 0.82
Z[2] = -0.94
Z[3] = 0.97
Z[4] = 0.17
Z[5] = 0.97
Z[6] = 0.96
Y_IN -0.39
T[0] = 0 Y[0] = -0.19
Y_IN 3.63
T[1] = 1 Y[1] = 0.95
Z[0] = -0.60
Z[1] = 0.94
Z[2] = -0.98
Z[3] = 0.99
Z[4] = 0.06
Z[5] = 0.99
Z[6] = 0.83
Y_IN 0.31
T[0] = 0 Y[0] = 0.15
Y_IN 2.71
T[1] = 1 Y[1] = 0.88
Z[0] = -0.66
Z[1] = 0.98
Z[2] = -1.00
Z[3] = 1.00
Z[4] = 0.10
Z[5] = 1.00
Z[6] = 0.07
Y_IN 1.79
T[0] = 1 Y[0] = 0.71
Y_IN 0.13
T[1] = 0 Y[1] = 0.07
Z[0] = -0.31
Z[1] = 0.94
Z[2] = -0.98
Z[3] = 1.00
Z[4] = 0.20
Z[5] = 0.99
Z[6] = 0.65
Y_IN 0.27
T[0] = 0 Y[0] = 0.13
Y_IN 2.50
T[1] = 1 Y[1] = 0.85
