0.49 -0.21 
0.27 0.48 
-0.21 -0.48 
-0.02 0.34 
0.41 -0.16 
0.44 0.21 
0.33 -0.47 -0.48 -0.29 -0.35 -0.13 
0.03 -0.19 0.49 0.49 0.10 -0.35 
-0.35 0.21 -0.05 0.17 0.17 0.24 0.41 0.15 

##################LEARN##################
Epoca 1, RMS = 0.89791
Epoca 2, RMS = 0.74094
Epoca 3, RMS = 0.60976
Epoca 4, RMS = 0.52198
Epoca 5, RMS = 0.47040
Epoca 6, RMS = 0.43950
Epoca 7, RMS = 0.42069
Epoca 8, RMS = 0.41027
Epoca 9, RMS = 0.40505
Epoca 10, RMS = 0.40256
Epoca 11, RMS = 0.40135
Epoca 12, RMS = 0.40074
Epoca 13, RMS = 0.40041
Epoca 14, RMS = 0.40023
Epoca 15, RMS = 0.40014
Epoca 16, RMS = 0.40009
Epoca 17, RMS = 0.40006
Epoca 18, RMS = 0.40001
Epoca 19, RMS = 0.39993
Epoca 20, RMS = 0.39980
Epoca 21, RMS = 0.39962
Epoca 22, RMS = 0.39939
Epoca 23, RMS = 0.39909
Epoca 24, RMS = 0.39874
Epoca 25, RMS = 0.39834
Epoca 26, RMS = 0.39788
Epoca 27, RMS = 0.39737
Epoca 28, RMS = 0.39682
Epoca 29, RMS = 0.39623
Epoca 30, RMS = 0.39559
Epoca 31, RMS = 0.39490
Epoca 32, RMS = 0.39418
Epoca 33, RMS = 0.39342
Epoca 34, RMS = 0.39262
Epoca 35, RMS = 0.39177
Epoca 36, RMS = 0.39089
Epoca 37, RMS = 0.38996
Epoca 38, RMS = 0.38900
Epoca 39, RMS = 0.38799
Epoca 40, RMS = 0.38694
Epoca 41, RMS = 0.38584
Epoca 42, RMS = 0.38472
Epoca 43, RMS = 0.38356
Epoca 44, RMS = 0.38237
Epoca 45, RMS = 0.38117
Epoca 46, RMS = 0.37997
Epoca 47, RMS = 0.37879
Epoca 48, RMS = 0.37765
Epoca 49, RMS = 0.37658
Epoca 50, RMS = 0.37562
Epoca 51, RMS = 0.37481
Epoca 52, RMS = 0.37419
Epoca 53, RMS = 0.37380
Epoca 54, RMS = 0.37366
Epoca 55, RMS = 0.37380
Epoca 56, RMS = 0.37421
Epoca 57, RMS = 0.37487
Epoca 58, RMS = 0.37572
Epoca 59, RMS = 0.37672
Epoca 60, RMS = 0.37780
Epoca 61, RMS = 0.37889
Epoca 62, RMS = 0.37995
Epoca 63, RMS = 0.38094
Epoca 64, RMS = 0.38184
Epoca 65, RMS = 0.38264
Epoca 66, RMS = 0.38333
Epoca 67, RMS = 0.38393
Epoca 68, RMS = 0.38444
Epoca 69, RMS = 0.38487
Epoca 70, RMS = 0.38524
Epoca 71, RMS = 0.38556
Epoca 72, RMS = 0.38583
Epoca 73, RMS = 0.38607
Epoca 74, RMS = 0.38627
Epoca 75, RMS = 0.38646
Epoca 76, RMS = 0.38662
Epoca 77, RMS = 0.38677
Epoca 78, RMS = 0.38690
Epoca 79, RMS = 0.38701
Epoca 80, RMS = 0.38711
Epoca 81, RMS = 0.38719
Epoca 82, RMS = 0.38726
Epoca 83, RMS = 0.38731
Epoca 84, RMS = 0.38734
Epoca 85, RMS = 0.38735
Epoca 86, RMS = 0.38734
Epoca 87, RMS = 0.38730
Epoca 88, RMS = 0.38725
Epoca 89, RMS = 0.38717
Epoca 90, RMS = 0.38706
Epoca 91, RMS = 0.38694
Epoca 92, RMS = 0.38678
Epoca 93, RMS = 0.38661
Epoca 94, RMS = 0.38641
Epoca 95, RMS = 0.38619
Epoca 96, RMS = 0.38595
Epoca 97, RMS = 0.38570
Epoca 98, RMS = 0.38545
Epoca 99, RMS = 0.38519
Epoca 100, RMS = 0.38493
Epoca 101, RMS = 0.38469
Epoca 102, RMS = 0.38447
Epoca 103, RMS = 0.38429
Epoca 104, RMS = 0.38416
Epoca 105, RMS = 0.38407
Epoca 106, RMS = 0.38405
Epoca 107, RMS = 0.38407
Epoca 108, RMS = 0.38414
Epoca 109, RMS = 0.38423
Epoca 110, RMS = 0.38432
Epoca 111, RMS = 0.38438
Epoca 112, RMS = 0.38437
Epoca 113, RMS = 0.38425
Epoca 114, RMS = 0.38402
Epoca 115, RMS = 0.38364
Epoca 116, RMS = 0.38312
Epoca 117, RMS = 0.38246
Epoca 118, RMS = 0.38169
Epoca 119, RMS = 0.38083
Epoca 120, RMS = 0.37990
Epoca 121, RMS = 0.37894
Epoca 122, RMS = 0.37798
Epoca 123, RMS = 0.37703
Epoca 124, RMS = 0.37612
Epoca 125, RMS = 0.37525
Epoca 126, RMS = 0.37443
Epoca 127, RMS = 0.37366
Epoca 128, RMS = 0.37296
Epoca 129, RMS = 0.37230
Epoca 130, RMS = 0.37170
Epoca 131, RMS = 0.37114
Epoca 132, RMS = 0.37063
Epoca 133, RMS = 0.37015
Epoca 134, RMS = 0.36971
Epoca 135, RMS = 0.36929
Epoca 136, RMS = 0.36889
Epoca 137, RMS = 0.36852
Epoca 138, RMS = 0.36817
Epoca 139, RMS = 0.36783
Epoca 140, RMS = 0.36750
Epoca 141, RMS = 0.36719
Epoca 142, RMS = 0.36690
Epoca 143, RMS = 0.36661
Epoca 144, RMS = 0.36633
Epoca 145, RMS = 0.36606
Epoca 146, RMS = 0.36579
Epoca 147, RMS = 0.36553
Epoca 148, RMS = 0.36528
Epoca 149, RMS = 0.36503
Epoca 150, RMS = 0.36479
Epoca 151, RMS = 0.36455
Epoca 152, RMS = 0.36431
Epoca 153, RMS = 0.36408
Epoca 154, RMS = 0.36384
Epoca 155, RMS = 0.36361
Epoca 156, RMS = 0.36338
Epoca 157, RMS = 0.36314
Epoca 158, RMS = 0.36291
Epoca 159, RMS = 0.36267
Epoca 160, RMS = 0.36244
Epoca 161, RMS = 0.36220
Epoca 162, RMS = 0.36196
Epoca 163, RMS = 0.36172
Epoca 164, RMS = 0.36147
Epoca 165, RMS = 0.36123
Epoca 166, RMS = 0.36097
Epoca 167, RMS = 0.36072
Epoca 168, RMS = 0.36046
Epoca 169, RMS = 0.36020
Epoca 170, RMS = 0.35994
Epoca 171, RMS = 0.35967
Epoca 172, RMS = 0.35939
Epoca 173, RMS = 0.35911
Epoca 174, RMS = 0.35883
Epoca 175, RMS = 0.35853
Epoca 176, RMS = 0.35824
Epoca 177, RMS = 0.35793
Epoca 178, RMS = 0.35762
Epoca 179, RMS = 0.35730
Epoca 180, RMS = 0.35698
Epoca 181, RMS = 0.35664
Epoca 182, RMS = 0.35630
Epoca 183, RMS = 0.35595
Epoca 184, RMS = 0.35558
Epoca 185, RMS = 0.35521
Epoca 186, RMS = 0.35482
Epoca 187, RMS = 0.35443
Epoca 188, RMS = 0.35402
Epoca 189, RMS = 0.35360
Epoca 190, RMS = 0.35316
Epoca 191, RMS = 0.35271
Epoca 192, RMS = 0.35224
Epoca 193, RMS = 0.35175
Epoca 194, RMS = 0.35124
Epoca 195, RMS = 0.35072
Epoca 196, RMS = 0.35017
Epoca 197, RMS = 0.34960
Epoca 198, RMS = 0.34900
Epoca 199, RMS = 0.34838
Epoca 200, RMS = 0.34773
Epoca 201, RMS = 0.34706
Epoca 202, RMS = 0.34635
Epoca 203, RMS = 0.34561
Epoca 204, RMS = 0.34484
Epoca 205, RMS = 0.34403
Epoca 206, RMS = 0.34319
Epoca 207, RMS = 0.34231
Epoca 208, RMS = 0.34140
Epoca 209, RMS = 0.34045
Epoca 210, RMS = 0.33947
Epoca 211, RMS = 0.33845
Epoca 212, RMS = 0.33740
Epoca 213, RMS = 0.33632
Epoca 214, RMS = 0.33521
Epoca 215, RMS = 0.33408
Epoca 216, RMS = 0.33291
Epoca 217, RMS = 0.33172
Epoca 218, RMS = 0.33048
Epoca 219, RMS = 0.32921
Epoca 220, RMS = 0.32787
Epoca 221, RMS = 0.32647
Epoca 222, RMS = 0.32498
Epoca 223, RMS = 0.32340
Epoca 224, RMS = 0.32170
Epoca 225, RMS = 0.31990
Epoca 226, RMS = 0.31798
Epoca 227, RMS = 0.31596
Epoca 228, RMS = 0.31386
Epoca 229, RMS = 0.31170
Epoca 230, RMS = 0.30954
Epoca 231, RMS = 0.30747
Epoca 232, RMS = 0.30563
Epoca 233, RMS = 0.30423
Epoca 234, RMS = 0.30350
Epoca 235, RMS = 0.30357
Epoca 236, RMS = 0.30433
Epoca 237, RMS = 0.30537
Epoca 238, RMS = 0.30634
Epoca 239, RMS = 0.30720
Epoca 240, RMS = 0.30807
Epoca 241, RMS = 0.30895
Epoca 242, RMS = 0.30967
Epoca 243, RMS = 0.31008
Epoca 244, RMS = 0.31009
Epoca 245, RMS = 0.30973
Epoca 246, RMS = 0.30905
Epoca 247, RMS = 0.30813
Epoca 248, RMS = 0.30706
Epoca 249, RMS = 0.30589
Epoca 250, RMS = 0.30469
Epoca 251, RMS = 0.30348
Epoca 252, RMS = 0.30231
Epoca 253, RMS = 0.30119
Epoca 254, RMS = 0.30013
Epoca 255, RMS = 0.29914
Epoca 256, RMS = 0.29821
Epoca 257, RMS = 0.29734
Epoca 258, RMS = 0.29654
Epoca 259, RMS = 0.29580
Epoca 260, RMS = 0.29511
Epoca 261, RMS = 0.29447
Epoca 262, RMS = 0.29387
Epoca 263, RMS = 0.29332
Epoca 264, RMS = 0.29281
Epoca 265, RMS = 0.29234
Epoca 266, RMS = 0.29190
Epoca 267, RMS = 0.29149
Epoca 268, RMS = 0.29111
Epoca 269, RMS = 0.29077
Epoca 270, RMS = 0.29045
Epoca 271, RMS = 0.29016
Epoca 272, RMS = 0.28989
Epoca 273, RMS = 0.28964
Epoca 274, RMS = 0.28942
Epoca 275, RMS = 0.28922
Epoca 276, RMS = 0.28904
Epoca 277, RMS = 0.28888
Epoca 278, RMS = 0.28874
Epoca 279, RMS = 0.28862
Epoca 280, RMS = 0.28851
Epoca 281, RMS = 0.28843
Epoca 282, RMS = 0.28835
Epoca 283, RMS = 0.28829
Epoca 284, RMS = 0.28825
Epoca 285, RMS = 0.28822
Epoca 286, RMS = 0.28820
Epoca 287, RMS = 0.28819
Epoca 288, RMS = 0.28820
Epoca 289, RMS = 0.28822
Epoca 290, RMS = 0.28825
Epoca 291, RMS = 0.28829
Epoca 292, RMS = 0.28834
Epoca 293, RMS = 0.28839
Epoca 294, RMS = 0.28846
Epoca 295, RMS = 0.28854
Epoca 296, RMS = 0.28863
Epoca 297, RMS = 0.28872
Epoca 298, RMS = 0.28882
Epoca 299, RMS = 0.28893
Epoca 300, RMS = 0.28904
Epoca 301, RMS = 0.28916
Epoca 302, RMS = 0.28929
Epoca 303, RMS = 0.28942
Epoca 304, RMS = 0.28955
Epoca 305, RMS = 0.28970
Epoca 306, RMS = 0.28984
Epoca 307, RMS = 0.28999
Epoca 308, RMS = 0.29014
Epoca 309, RMS = 0.29030
Epoca 310, RMS = 0.29046
Epoca 311, RMS = 0.29062
Epoca 312, RMS = 0.29078
Epoca 313, RMS = 0.29095
Epoca 314, RMS = 0.29111
Epoca 315, RMS = 0.29128
Epoca 316, RMS = 0.29144
Epoca 317, RMS = 0.29161
Epoca 318, RMS = 0.29178
Epoca 319, RMS = 0.29195
Epoca 320, RMS = 0.29211
Epoca 321, RMS = 0.29227
Epoca 322, RMS = 0.29244
Epoca 323, RMS = 0.29259
Epoca 324, RMS = 0.29275
Epoca 325, RMS = 0.29290
Epoca 326, RMS = 0.29305
Epoca 327, RMS = 0.29320
Epoca 328, RMS = 0.29334
Epoca 329, RMS = 0.29347
Epoca 330, RMS = 0.29360
Epoca 331, RMS = 0.29372
Epoca 332, RMS = 0.29384
Epoca 333, RMS = 0.29394
Epoca 334, RMS = 0.29404
Epoca 335, RMS = 0.29413
Epoca 336, RMS = 0.29421
Epoca 337, RMS = 0.29427
Epoca 338, RMS = 0.29433
Epoca 339, RMS = 0.29437
Epoca 340, RMS = 0.29440
Epoca 341, RMS = 0.29442
Epoca 342, RMS = 0.29442
Epoca 343, RMS = 0.29440
Epoca 344, RMS = 0.29437
Epoca 345, RMS = 0.29431
Epoca 346, RMS = 0.29424
Epoca 347, RMS = 0.29415
Epoca 348, RMS = 0.29404
Epoca 349, RMS = 0.29390
Epoca 350, RMS = 0.29374
Epoca 351, RMS = 0.29356
Epoca 352, RMS = 0.29336
Epoca 353, RMS = 0.29314
Epoca 354, RMS = 0.29289
Epoca 355, RMS = 0.29263
Epoca 356, RMS = 0.29234
Epoca 357, RMS = 0.29205
Epoca 358, RMS = 0.29174
Epoca 359, RMS = 0.29143
Epoca 360, RMS = 0.29112
Epoca 361, RMS = 0.29082
Epoca 362, RMS = 0.29055
Epoca 363, RMS = 0.29031
Epoca 364, RMS = 0.29010
Epoca 365, RMS = 0.28996
Epoca 366, RMS = 0.28987
Epoca 367, RMS = 0.28986
Epoca 368, RMS = 0.28993
Epoca 369, RMS = 0.29009
Epoca 370, RMS = 0.29032
Epoca 371, RMS = 0.29064
Epoca 372, RMS = 0.29102
Epoca 373, RMS = 0.29146
Epoca 374, RMS = 0.29195
Epoca 375, RMS = 0.29247
Epoca 376, RMS = 0.29302
Epoca 377, RMS = 0.29356
Epoca 378, RMS = 0.29411
Epoca 379, RMS = 0.29464
Epoca 380, RMS = 0.29515
Epoca 381, RMS = 0.29563
Epoca 382, RMS = 0.29609
Epoca 383, RMS = 0.29652
Epoca 384, RMS = 0.29692
Epoca 385, RMS = 0.29729
Epoca 386, RMS = 0.29763
Epoca 387, RMS = 0.29794
Epoca 388, RMS = 0.29823
Epoca 389, RMS = 0.29850
Epoca 390, RMS = 0.29875
Epoca 391, RMS = 0.29899
Epoca 392, RMS = 0.29924
Epoca 393, RMS = 0.29951
Epoca 394, RMS = 0.29982
Epoca 395, RMS = 0.30021
Epoca 396, RMS = 0.30072
Epoca 397, RMS = 0.30140
Epoca 398, RMS = 0.30227
Epoca 399, RMS = 0.30329
Epoca 400, RMS = 0.30435
Epoca 401, RMS = 0.30532
Epoca 402, RMS = 0.30606
Epoca 403, RMS = 0.30651
Epoca 404, RMS = 0.30671
Epoca 405, RMS = 0.30669
Epoca 406, RMS = 0.30652
Epoca 407, RMS = 0.30619
Epoca 408, RMS = 0.30574
Epoca 409, RMS = 0.30526
Epoca 410, RMS = 0.30505
Epoca 411, RMS = 0.30556
Epoca 412, RMS = 0.30709
Epoca 413, RMS = 0.30943
Epoca 414, RMS = 0.31193
Epoca 415, RMS = 0.31385
Epoca 416, RMS = 0.31483
Epoca 417, RMS = 0.31494
Epoca 418, RMS = 0.31455
Epoca 419, RMS = 0.31404
Epoca 420, RMS = 0.31373
Epoca 421, RMS = 0.31378
Epoca 422, RMS = 0.31419
Epoca 423, RMS = 0.31487
Epoca 424, RMS = 0.31564
Epoca 425, RMS = 0.31635
Epoca 426, RMS = 0.31688
Epoca 427, RMS = 0.31724
Epoca 428, RMS = 0.31746
Epoca 429, RMS = 0.31762
Epoca 430, RMS = 0.31781
Epoca 431, RMS = 0.31805
Epoca 432, RMS = 0.31837
Epoca 433, RMS = 0.31875
Epoca 434, RMS = 0.31915
Epoca 435, RMS = 0.31953
Epoca 436, RMS = 0.31987
Epoca 437, RMS = 0.32017
Epoca 438, RMS = 0.32043
Epoca 439, RMS = 0.32066
Epoca 440, RMS = 0.32089
Epoca 441, RMS = 0.32111
Epoca 442, RMS = 0.32134
Epoca 443, RMS = 0.32158
Epoca 444, RMS = 0.32181
Epoca 445, RMS = 0.32204
Epoca 446, RMS = 0.32224
Epoca 447, RMS = 0.32244
Epoca 448, RMS = 0.32261
Epoca 449, RMS = 0.32278
Epoca 450, RMS = 0.32293
Epoca 451, RMS = 0.32307
Epoca 452, RMS = 0.32320
Epoca 453, RMS = 0.32333
Epoca 454, RMS = 0.32344
Epoca 455, RMS = 0.32355
Epoca 456, RMS = 0.32364
Epoca 457, RMS = 0.32372
Epoca 458, RMS = 0.32379
Epoca 459, RMS = 0.32384
Epoca 460, RMS = 0.32387
Epoca 461, RMS = 0.32390
Epoca 462, RMS = 0.32391
Epoca 463, RMS = 0.32390
Epoca 464, RMS = 0.32388
Epoca 465, RMS = 0.32384
Epoca 466, RMS = 0.32379
Epoca 467, RMS = 0.32373
Epoca 468, RMS = 0.32365
Epoca 469, RMS = 0.32356
Epoca 470, RMS = 0.32346
Epoca 471, RMS = 0.32335
Epoca 472, RMS = 0.32325
Epoca 473, RMS = 0.32316
Epoca 474, RMS = 0.32308
Epoca 475, RMS = 0.32303
Epoca 476, RMS = 0.32301
Epoca 477, RMS = 0.32303
Epoca 478, RMS = 0.32311
Epoca 479, RMS = 0.32324
Epoca 480, RMS = 0.32345
Epoca 481, RMS = 0.32375
Epoca 482, RMS = 0.32413
Epoca 483, RMS = 0.32461
Epoca 484, RMS = 0.32520
Epoca 485, RMS = 0.32590
Epoca 486, RMS = 0.32671
Epoca 487, RMS = 0.32763
Epoca 488, RMS = 0.32863
Epoca 489, RMS = 0.32965
Epoca 490, RMS = 0.33056
Epoca 491, RMS = 0.33112
Epoca 492, RMS = 0.33107
Epoca 493, RMS = 0.33047
Epoca 494, RMS = 0.33022
Epoca 495, RMS = 0.33151
Epoca 496, RMS = 0.33450
Epoca 497, RMS = 0.33838
Epoca 498, RMS = 0.34225
Epoca 499, RMS = 0.34561
Epoca 500, RMS = 0.34837
Epoca 501, RMS = 0.35066
Epoca 502, RMS = 0.35262
Epoca 503, RMS = 0.35437
Epoca 504, RMS = 0.35600
Epoca 505, RMS = 0.35754
Epoca 506, RMS = 0.35900
Epoca 507, RMS = 0.36037
Epoca 508, RMS = 0.36162
Epoca 509, RMS = 0.36276
Epoca 510, RMS = 0.36376
Epoca 511, RMS = 0.36461
Epoca 512, RMS = 0.36532
Epoca 513, RMS = 0.36587
Epoca 514, RMS = 0.36628
Epoca 515, RMS = 0.36655
Epoca 516, RMS = 0.36668
Epoca 517, RMS = 0.36668
Epoca 518, RMS = 0.36658
Epoca 519, RMS = 0.36640
Epoca 520, RMS = 0.36619
Epoca 521, RMS = 0.36599
Epoca 522, RMS = 0.36590
Epoca 523, RMS = 0.36598
Epoca 524, RMS = 0.36633
Epoca 525, RMS = 0.36700
Epoca 526, RMS = 0.36797
Epoca 527, RMS = 0.36916
Epoca 528, RMS = 0.37040
Epoca 529, RMS = 0.37152
Epoca 530, RMS = 0.37234
Epoca 531, RMS = 0.37274
Epoca 532, RMS = 0.37266
Epoca 533, RMS = 0.37211
Epoca 534, RMS = 0.37111
Epoca 535, RMS = 0.36975
Epoca 536, RMS = 0.36810
Epoca 537, RMS = 0.36624
Epoca 538, RMS = 0.36426
Epoca 539, RMS = 0.36224
Epoca 540, RMS = 0.36024
Epoca 541, RMS = 0.35830
Epoca 542, RMS = 0.35645
Epoca 543, RMS = 0.35468
Epoca 544, RMS = 0.35299
Epoca 545, RMS = 0.35134
Epoca 546, RMS = 0.34972
Epoca 547, RMS = 0.34808
Epoca 548, RMS = 0.34641
Epoca 549, RMS = 0.34469
Epoca 550, RMS = 0.34290
Epoca 551, RMS = 0.34104
Epoca 552, RMS = 0.33911
Epoca 553, RMS = 0.33710
Epoca 554, RMS = 0.33502
Epoca 555, RMS = 0.33288
Epoca 556, RMS = 0.33069
Epoca 557, RMS = 0.32845
Epoca 558, RMS = 0.32617
Epoca 559, RMS = 0.32385
Epoca 560, RMS = 0.32148
Epoca 561, RMS = 0.31908
Epoca 562, RMS = 0.31662
Epoca 563, RMS = 0.31412
Epoca 564, RMS = 0.31159
Epoca 565, RMS = 0.30902
Epoca 566, RMS = 0.30644
Epoca 567, RMS = 0.30388
Epoca 568, RMS = 0.30136
Epoca 569, RMS = 0.29891
Epoca 570, RMS = 0.29653
Epoca 571, RMS = 0.29423
Epoca 572, RMS = 0.29203
Epoca 573, RMS = 0.28991
Epoca 574, RMS = 0.28787
Epoca 575, RMS = 0.28592
Epoca 576, RMS = 0.28406
Epoca 577, RMS = 0.28229
Epoca 578, RMS = 0.28061
Epoca 579, RMS = 0.27901
Epoca 580, RMS = 0.27750
Epoca 581, RMS = 0.27606
Epoca 582, RMS = 0.27470
Epoca 583, RMS = 0.27341
Epoca 584, RMS = 0.27219
Epoca 585, RMS = 0.27102
Epoca 586, RMS = 0.26990
Epoca 587, RMS = 0.26884
Epoca 588, RMS = 0.26783
Epoca 589, RMS = 0.26686
Epoca 590, RMS = 0.26593
Epoca 591, RMS = 0.26504
Epoca 592, RMS = 0.26419
Epoca 593, RMS = 0.26336
Epoca 594, RMS = 0.26256
Epoca 595, RMS = 0.26179
Epoca 596, RMS = 0.26105
Epoca 597, RMS = 0.26032
Epoca 598, RMS = 0.25962
Epoca 599, RMS = 0.25894
Epoca 600, RMS = 0.25827
Epoca 601, RMS = 0.25762
Epoca 602, RMS = 0.25698
Epoca 603, RMS = 0.25636
Epoca 604, RMS = 0.25575
Epoca 605, RMS = 0.25515
Epoca 606, RMS = 0.25457
Epoca 607, RMS = 0.25399
Epoca 608, RMS = 0.25342
Epoca 609, RMS = 0.25286
Epoca 610, RMS = 0.25231
Epoca 611, RMS = 0.25176
Epoca 612, RMS = 0.25123
Epoca 613, RMS = 0.25069
Epoca 614, RMS = 0.25016
Epoca 615, RMS = 0.24964
Epoca 616, RMS = 0.24912
Epoca 617, RMS = 0.24861
Epoca 618, RMS = 0.24810
Epoca 619, RMS = 0.24759
Epoca 620, RMS = 0.24708
Epoca 621, RMS = 0.24658
Epoca 622, RMS = 0.24608
Epoca 623, RMS = 0.24558
Epoca 624, RMS = 0.24508
Epoca 625, RMS = 0.24458
Epoca 626, RMS = 0.24409
Epoca 627, RMS = 0.24359
Epoca 628, RMS = 0.24309
Epoca 629, RMS = 0.24259
Epoca 630, RMS = 0.24210
Epoca 631, RMS = 0.24160
Epoca 632, RMS = 0.24110
Epoca 633, RMS = 0.24060
Epoca 634, RMS = 0.24009
Epoca 635, RMS = 0.23959
Epoca 636, RMS = 0.23908
Epoca 637, RMS = 0.23857
Epoca 638, RMS = 0.23805
Epoca 639, RMS = 0.23754
Epoca 640, RMS = 0.23701
Epoca 641, RMS = 0.23649
Epoca 642, RMS = 0.23596
Epoca 643, RMS = 0.23543
Epoca 644, RMS = 0.23489
Epoca 645, RMS = 0.23435
Epoca 646, RMS = 0.23381
Epoca 647, RMS = 0.23326
Epoca 648, RMS = 0.23271
Epoca 649, RMS = 0.23216
Epoca 650, RMS = 0.23160
Epoca 651, RMS = 0.23103
Epoca 652, RMS = 0.23047
Epoca 653, RMS = 0.22990
Epoca 654, RMS = 0.22933
Epoca 655, RMS = 0.22876
Epoca 656, RMS = 0.22819
Epoca 657, RMS = 0.22761
Epoca 658, RMS = 0.22704
Epoca 659, RMS = 0.22647
Epoca 660, RMS = 0.22590
Epoca 661, RMS = 0.22534
Epoca 662, RMS = 0.22478
Epoca 663, RMS = 0.22422
Epoca 664, RMS = 0.22367
Epoca 665, RMS = 0.22312
Epoca 666, RMS = 0.22259
Epoca 667, RMS = 0.22206
Epoca 668, RMS = 0.22154
Epoca 669, RMS = 0.22102
Epoca 670, RMS = 0.22052
Epoca 671, RMS = 0.22003
Epoca 672, RMS = 0.21954
Epoca 673, RMS = 0.21907
Epoca 674, RMS = 0.21861
Epoca 675, RMS = 0.21816
Epoca 676, RMS = 0.21773
Epoca 677, RMS = 0.21731
Epoca 678, RMS = 0.21690
Epoca 679, RMS = 0.21650
Epoca 680, RMS = 0.21612
Epoca 681, RMS = 0.21576
Epoca 682, RMS = 0.21541
Epoca 683, RMS = 0.21507
Epoca 684, RMS = 0.21475
Epoca 685, RMS = 0.21444
Epoca 686, RMS = 0.21414
Epoca 687, RMS = 0.21386
Epoca 688, RMS = 0.21358
Epoca 689, RMS = 0.21331
Epoca 690, RMS = 0.21305
Epoca 691, RMS = 0.21279
Epoca 692, RMS = 0.21252
Epoca 693, RMS = 0.21224
Epoca 694, RMS = 0.21196
Epoca 695, RMS = 0.21165
Epoca 696, RMS = 0.21133
Epoca 697, RMS = 0.21098
Epoca 698, RMS = 0.21060
Epoca 699, RMS = 0.21020
Epoca 700, RMS = 0.20977
Epoca 701, RMS = 0.20931
Epoca 702, RMS = 0.20881
Epoca 703, RMS = 0.20827
Epoca 704, RMS = 0.20767
Epoca 705, RMS = 0.20703
Epoca 706, RMS = 0.20636
Epoca 707, RMS = 0.20571
Epoca 708, RMS = 0.20513
Epoca 709, RMS = 0.20465
Epoca 710, RMS = 0.20418
Epoca 711, RMS = 0.20345
Epoca 712, RMS = 0.20216
Epoca 713, RMS = 0.20028
Epoca 714, RMS = 0.19814
Epoca 715, RMS = 0.19628
Epoca 716, RMS = 0.19507
Epoca 717, RMS = 0.19446
Epoca 718, RMS = 0.19408
Epoca 719, RMS = 0.19359
Epoca 720, RMS = 0.19286
Epoca 721, RMS = 0.19199
Epoca 722, RMS = 0.19119
Epoca 723, RMS = 0.19060
Epoca 724, RMS = 0.19024
Epoca 725, RMS = 0.19003
Epoca 726, RMS = 0.18984
Epoca 727, RMS = 0.18955
Epoca 728, RMS = 0.18914
Epoca 729, RMS = 0.18863
Epoca 730, RMS = 0.18810
Epoca 731, RMS = 0.18761
Epoca 732, RMS = 0.18720
Epoca 733, RMS = 0.18684
Epoca 734, RMS = 0.18651
Epoca 735, RMS = 0.18618
Epoca 736, RMS = 0.18583
Epoca 737, RMS = 0.18546
Epoca 738, RMS = 0.18510
Epoca 739, RMS = 0.18479
Epoca 740, RMS = 0.18453
Epoca 741, RMS = 0.18434
Epoca 742, RMS = 0.18421
Epoca 743, RMS = 0.18414
Epoca 744, RMS = 0.18413
Epoca 745, RMS = 0.18418
Epoca 746, RMS = 0.18432
Epoca 747, RMS = 0.18456
Epoca 748, RMS = 0.18493
Epoca 749, RMS = 0.18541
Epoca 750, RMS = 0.18601
Epoca 751, RMS = 0.18671
Epoca 752, RMS = 0.18752
Epoca 753, RMS = 0.18849
Epoca 754, RMS = 0.18972
Epoca 755, RMS = 0.19121
Epoca 756, RMS = 0.19269
Epoca 757, RMS = 0.19374
Epoca 758, RMS = 0.19408
Epoca 759, RMS = 0.19382
Epoca 760, RMS = 0.19332
Epoca 761, RMS = 0.19295
Epoca 762, RMS = 0.19295
Epoca 763, RMS = 0.19329
Epoca 764, RMS = 0.19381
Epoca 765, RMS = 0.19430
Epoca 766, RMS = 0.19459
Epoca 767, RMS = 0.19464
Epoca 768, RMS = 0.19449
Epoca 769, RMS = 0.19424
Epoca 770, RMS = 0.19397
Epoca 771, RMS = 0.19372
Epoca 772, RMS = 0.19349
Epoca 773, RMS = 0.19326
Epoca 774, RMS = 0.19299
Epoca 775, RMS = 0.19266
Epoca 776, RMS = 0.19226
Epoca 777, RMS = 0.19182
Epoca 778, RMS = 0.19136
Epoca 779, RMS = 0.19088
Epoca 780, RMS = 0.19041
Epoca 781, RMS = 0.18993
Epoca 782, RMS = 0.18945
Epoca 783, RMS = 0.18896
Epoca 784, RMS = 0.18845
Epoca 785, RMS = 0.18792
Epoca 786, RMS = 0.18738
Epoca 787, RMS = 0.18683
Epoca 788, RMS = 0.18628
Epoca 789, RMS = 0.18572
Epoca 790, RMS = 0.18517
Epoca 791, RMS = 0.18461
Epoca 792, RMS = 0.18405
Epoca 793, RMS = 0.18348
Epoca 794, RMS = 0.18292
Epoca 795, RMS = 0.18235
Epoca 796, RMS = 0.18178
Epoca 797, RMS = 0.18121
Epoca 798, RMS = 0.18064
Epoca 799, RMS = 0.18007
Epoca 800, RMS = 0.17950
Epoca 801, RMS = 0.17893
Epoca 802, RMS = 0.17837
Epoca 803, RMS = 0.17779
Epoca 804, RMS = 0.17722
Epoca 805, RMS = 0.17663
Epoca 806, RMS = 0.17604
Epoca 807, RMS = 0.17544
Epoca 808, RMS = 0.17481
Epoca 809, RMS = 0.17417
Epoca 810, RMS = 0.17350
Epoca 811, RMS = 0.17279
Epoca 812, RMS = 0.17204
Epoca 813, RMS = 0.17124
Epoca 814, RMS = 0.17037
Epoca 815, RMS = 0.16944
Epoca 816, RMS = 0.16843
Epoca 817, RMS = 0.16732
Epoca 818, RMS = 0.16611
Epoca 819, RMS = 0.16479
Epoca 820, RMS = 0.16333
Epoca 821, RMS = 0.16172
Epoca 822, RMS = 0.15996
Epoca 823, RMS = 0.15801
Epoca 824, RMS = 0.15588
Epoca 825, RMS = 0.15356
Epoca 826, RMS = 0.15103
Epoca 827, RMS = 0.14829
Epoca 828, RMS = 0.14536
Epoca 829, RMS = 0.14225
Epoca 830, RMS = 0.13904
Epoca 831, RMS = 0.13585
Epoca 832, RMS = 0.13286
Epoca 833, RMS = 0.13018
Epoca 834, RMS = 0.12769
Epoca 835, RMS = 0.12510
Epoca 836, RMS = 0.12236
Epoca 837, RMS = 0.11963
Epoca 838, RMS = 0.11710
Epoca 839, RMS = 0.11537
Epoca 840, RMS = 0.11473
Epoca 841, RMS = 0.11459
Epoca 842, RMS = 0.11425
Epoca 843, RMS = 0.11352
Epoca 844, RMS = 0.11259
Epoca 845, RMS = 0.11167
Epoca 846, RMS = 0.11103
Epoca 847, RMS = 0.11074
Epoca 848, RMS = 0.11064
Epoca 849, RMS = 0.11049
Epoca 850, RMS = 0.11016
Epoca 851, RMS = 0.10972
Epoca 852, RMS = 0.10927
Epoca 853, RMS = 0.10891
Epoca 854, RMS = 0.10869
Epoca 855, RMS = 0.10854
Epoca 856, RMS = 0.10837
Epoca 857, RMS = 0.10813
Epoca 858, RMS = 0.10784
Epoca 859, RMS = 0.10754
Epoca 860, RMS = 0.10728
Epoca 861, RMS = 0.10708
Epoca 862, RMS = 0.10690
Epoca 863, RMS = 0.10672
Epoca 864, RMS = 0.10651
Epoca 865, RMS = 0.10628
Epoca 866, RMS = 0.10605
Epoca 867, RMS = 0.10583
Epoca 868, RMS = 0.10564
Epoca 869, RMS = 0.10546
Epoca 870, RMS = 0.10527
Epoca 871, RMS = 0.10508
Epoca 872, RMS = 0.10488
Epoca 873, RMS = 0.10467
Epoca 874, RMS = 0.10448
Epoca 875, RMS = 0.10430
Epoca 876, RMS = 0.10412
Epoca 877, RMS = 0.10394
Epoca 878, RMS = 0.10375
Epoca 879, RMS = 0.10357
Epoca 880, RMS = 0.10338
Epoca 881, RMS = 0.10320
Epoca 882, RMS = 0.10303
Epoca 883, RMS = 0.10285
Epoca 884, RMS = 0.10268
Epoca 885, RMS = 0.10251
Epoca 886, RMS = 0.10233
Epoca 887, RMS = 0.10216
Epoca 888, RMS = 0.10199
Epoca 889, RMS = 0.10182
Epoca 890, RMS = 0.10165
Epoca 891, RMS = 0.10148
Epoca 892, RMS = 0.10132
Epoca 893, RMS = 0.10115
Epoca 894, RMS = 0.10099
Epoca 895, RMS = 0.10082
Epoca 896, RMS = 0.10066
Epoca 897, RMS = 0.10050
Epoca 898, RMS = 0.10034
Epoca 899, RMS = 0.10018
Epoca 900, RMS = 0.10002
Epoca 901, RMS = 0.09986
Epoca 902, RMS = 0.09971
Epoca 903, RMS = 0.09955
Epoca 904, RMS = 0.09940
Epoca 905, RMS = 0.09924
Epoca 906, RMS = 0.09909
Epoca 907, RMS = 0.09894
Epoca 908, RMS = 0.09878
Epoca 909, RMS = 0.09863
Epoca 910, RMS = 0.09848
Epoca 911, RMS = 0.09833
Epoca 912, RMS = 0.09818
Epoca 913, RMS = 0.09804
Epoca 914, RMS = 0.09789
Epoca 915, RMS = 0.09774
Epoca 916, RMS = 0.09760
Epoca 917, RMS = 0.09745
Epoca 918, RMS = 0.09730
Epoca 919, RMS = 0.09716
Epoca 920, RMS = 0.09702
Epoca 921, RMS = 0.09687
Epoca 922, RMS = 0.09673
Epoca 923, RMS = 0.09659
Epoca 924, RMS = 0.09645
Epoca 925, RMS = 0.09631
Epoca 926, RMS = 0.09617
Epoca 927, RMS = 0.09603
Epoca 928, RMS = 0.09589
Epoca 929, RMS = 0.09575
Epoca 930, RMS = 0.09562
Epoca 931, RMS = 0.09548
Epoca 932, RMS = 0.09534
Epoca 933, RMS = 0.09521
Epoca 934, RMS = 0.09507
Epoca 935, RMS = 0.09494
Epoca 936, RMS = 0.09480
Epoca 937, RMS = 0.09467
Epoca 938, RMS = 0.09453
Epoca 939, RMS = 0.09440
Epoca 940, RMS = 0.09427
Epoca 941, RMS = 0.09414
Epoca 942, RMS = 0.09400
Epoca 943, RMS = 0.09387
Epoca 944, RMS = 0.09374
Epoca 945, RMS = 0.09361
Epoca 946, RMS = 0.09348
Epoca 947, RMS = 0.09335
Epoca 948, RMS = 0.09322
Epoca 949, RMS = 0.09309
Epoca 950, RMS = 0.09297
Epoca 951, RMS = 0.09284
Epoca 952, RMS = 0.09271
Epoca 953, RMS = 0.09258
Epoca 954, RMS = 0.09246
Epoca 955, RMS = 0.09233
Epoca 956, RMS = 0.09220
Epoca 957, RMS = 0.09208
Epoca 958, RMS = 0.09195
Epoca 959, RMS = 0.09183
Epoca 960, RMS = 0.09170
Epoca 961, RMS = 0.09158
Epoca 962, RMS = 0.09145
Epoca 963, RMS = 0.09133
Epoca 964, RMS = 0.09121
Epoca 965, RMS = 0.09108
Epoca 966, RMS = 0.09096
Epoca 967, RMS = 0.09084
Epoca 968, RMS = 0.09071
Epoca 969, RMS = 0.09059
Epoca 970, RMS = 0.09047
Epoca 971, RMS = 0.09035
Epoca 972, RMS = 0.09022
Epoca 973, RMS = 0.09010
Epoca 974, RMS = 0.08998
Epoca 975, RMS = 0.08986
Epoca 976, RMS = 0.08974
Epoca 977, RMS = 0.08962
Epoca 978, RMS = 0.08949
Epoca 979, RMS = 0.08937
Epoca 980, RMS = 0.08925
Epoca 981, RMS = 0.08913
Epoca 982, RMS = 0.08901
Epoca 983, RMS = 0.08889
Epoca 984, RMS = 0.08877
Epoca 985, RMS = 0.08865
Epoca 986, RMS = 0.08853
Epoca 987, RMS = 0.08841
Epoca 988, RMS = 0.08829
Epoca 989, RMS = 0.08817
Epoca 990, RMS = 0.08805
Epoca 991, RMS = 0.08793
Epoca 992, RMS = 0.08781
Epoca 993, RMS = 0.08769
Epoca 994, RMS = 0.08757
Epoca 995, RMS = 0.08745
Epoca 996, RMS = 0.08733
Epoca 997, RMS = 0.08721
Epoca 998, RMS = 0.08709
Epoca 999, RMS = 0.08697
Epoca 1000, RMS = 0.08685

##################TEST##################
Z[0] = -0.57
Z[1] = -0.94
Z[2] = 0.99
Z[3] = -0.88
Z[4] = 0.99
Z[5] = -0.96
Y_IN 0.07
T[0] = 0 Y[0] = 0.03
Y_IN 3.22
T[1] = 1 Y[1] = 0.92
Z[0] = 0.25
Z[1] = -0.97
Z[2] = 1.00
Z[3] = -0.93
Z[4] = 1.00
Z[5] = -0.99
Y_IN 1.73
T[0] = 1 Y[0] = 0.70
Y_IN 0.18
T[1] = 0 Y[1] = 0.09
Z[0] = -0.82
Z[1] = -0.88
Z[2] = 0.96
Z[3] = -0.74
Z[4] = 0.96
Z[5] = -0.91
Y_IN -0.45
T[0] = 0 Y[0] = -0.22
Y_IN 4.23
T[1] = 1 Y[1] = 0.97
Z[0] = -0.26
Z[1] = -0.94
Z[2] = 0.99
Z[3] = -0.85
Z[4] = 0.99
Z[5] = -0.96
Y_IN 0.69
T[0] = 0 Y[0] = 0.33
Y_IN 2.12
T[1] = 1 Y[1] = 0.79
