0.49 -0.21 
0.27 0.48 
-0.21 -0.48 
-0.02 0.34 0.41 
-0.16 0.44 0.21 
0.33 -0.47 -0.48 -0.29 -0.35 

##################LEARN##################
Epoca 1, RMS = 1.48359
Epoca 2, RMS = 1.17392
Epoca 3, RMS = 0.88450
Epoca 4, RMS = 0.66890
Epoca 5, RMS = 0.54022
Epoca 6, RMS = 0.47393
Epoca 7, RMS = 0.44009
Epoca 8, RMS = 0.42160
Epoca 9, RMS = 0.41067
Epoca 10, RMS = 0.40374
Epoca 11, RMS = 0.39908
Epoca 12, RMS = 0.39579
Epoca 13, RMS = 0.39338
Epoca 14, RMS = 0.39154
Epoca 15, RMS = 0.39010
Epoca 16, RMS = 0.38894
Epoca 17, RMS = 0.38798
Epoca 18, RMS = 0.38717
Epoca 19, RMS = 0.38647
Epoca 20, RMS = 0.38586
Epoca 21, RMS = 0.38532
Epoca 22, RMS = 0.38482
Epoca 23, RMS = 0.38437
Epoca 24, RMS = 0.38396
Epoca 25, RMS = 0.38357
Epoca 26, RMS = 0.38320
Epoca 27, RMS = 0.38285
Epoca 28, RMS = 0.38251
Epoca 29, RMS = 0.38219
Epoca 30, RMS = 0.38187
Epoca 31, RMS = 0.38157
Epoca 32, RMS = 0.38128
Epoca 33, RMS = 0.38099
Epoca 34, RMS = 0.38071
Epoca 35, RMS = 0.38044
Epoca 36, RMS = 0.38017
Epoca 37, RMS = 0.37991
Epoca 38, RMS = 0.37965
Epoca 39, RMS = 0.37940
Epoca 40, RMS = 0.37916
Epoca 41, RMS = 0.37893
Epoca 42, RMS = 0.37871
Epoca 43, RMS = 0.37850
Epoca 44, RMS = 0.37830
Epoca 45, RMS = 0.37811
Epoca 46, RMS = 0.37794
Epoca 47, RMS = 0.37779
Epoca 48, RMS = 0.37766
Epoca 49, RMS = 0.37754
Epoca 50, RMS = 0.37745
Epoca 51, RMS = 0.37738
Epoca 52, RMS = 0.37734
Epoca 53, RMS = 0.37733
Epoca 54, RMS = 0.37735
Epoca 55, RMS = 0.37740
Epoca 56, RMS = 0.37748
Epoca 57, RMS = 0.37759
Epoca 58, RMS = 0.37774
Epoca 59, RMS = 0.37791
Epoca 60, RMS = 0.37811
Epoca 61, RMS = 0.37833
Epoca 62, RMS = 0.37857
Epoca 63, RMS = 0.37883
Epoca 64, RMS = 0.37910
Epoca 65, RMS = 0.37938
Epoca 66, RMS = 0.37965
Epoca 67, RMS = 0.37993
Epoca 68, RMS = 0.38019
Epoca 69, RMS = 0.38044
Epoca 70, RMS = 0.38067
Epoca 71, RMS = 0.38088
Epoca 72, RMS = 0.38106
Epoca 73, RMS = 0.38122
Epoca 74, RMS = 0.38134
Epoca 75, RMS = 0.38144
Epoca 76, RMS = 0.38150
Epoca 77, RMS = 0.38153
Epoca 78, RMS = 0.38154
Epoca 79, RMS = 0.38151
Epoca 80, RMS = 0.38145
Epoca 81, RMS = 0.38136
Epoca 82, RMS = 0.38125
Epoca 83, RMS = 0.38112
Epoca 84, RMS = 0.38096
Epoca 85, RMS = 0.38078
Epoca 86, RMS = 0.38058
Epoca 87, RMS = 0.38037
Epoca 88, RMS = 0.38013
Epoca 89, RMS = 0.37989
Epoca 90, RMS = 0.37963
Epoca 91, RMS = 0.37936
Epoca 92, RMS = 0.37908
Epoca 93, RMS = 0.37880
Epoca 94, RMS = 0.37850
Epoca 95, RMS = 0.37820
Epoca 96, RMS = 0.37790
Epoca 97, RMS = 0.37759
Epoca 98, RMS = 0.37727
Epoca 99, RMS = 0.37696
Epoca 100, RMS = 0.37664
Epoca 101, RMS = 0.37631
Epoca 102, RMS = 0.37599
Epoca 103, RMS = 0.37566
Epoca 104, RMS = 0.37533
Epoca 105, RMS = 0.37500
Epoca 106, RMS = 0.37466
Epoca 107, RMS = 0.37432
Epoca 108, RMS = 0.37398
Epoca 109, RMS = 0.37364
Epoca 110, RMS = 0.37329
Epoca 111, RMS = 0.37293
Epoca 112, RMS = 0.37258
Epoca 113, RMS = 0.37222
Epoca 114, RMS = 0.37185
Epoca 115, RMS = 0.37147
Epoca 116, RMS = 0.37110
Epoca 117, RMS = 0.37071
Epoca 118, RMS = 0.37032
Epoca 119, RMS = 0.36992
Epoca 120, RMS = 0.36951
Epoca 121, RMS = 0.36909
Epoca 122, RMS = 0.36867
Epoca 123, RMS = 0.36824
Epoca 124, RMS = 0.36780
Epoca 125, RMS = 0.36735
Epoca 126, RMS = 0.36689
Epoca 127, RMS = 0.36643
Epoca 128, RMS = 0.36595
Epoca 129, RMS = 0.36547
Epoca 130, RMS = 0.36497
Epoca 131, RMS = 0.36447
Epoca 132, RMS = 0.36396
Epoca 133, RMS = 0.36344
Epoca 134, RMS = 0.36291
Epoca 135, RMS = 0.36237
Epoca 136, RMS = 0.36182
Epoca 137, RMS = 0.36126
Epoca 138, RMS = 0.36070
Epoca 139, RMS = 0.36012
Epoca 140, RMS = 0.35954
Epoca 141, RMS = 0.35895
Epoca 142, RMS = 0.35835
Epoca 143, RMS = 0.35774
Epoca 144, RMS = 0.35712
Epoca 145, RMS = 0.35650
Epoca 146, RMS = 0.35586
Epoca 147, RMS = 0.35522
Epoca 148, RMS = 0.35457
Epoca 149, RMS = 0.35391
Epoca 150, RMS = 0.35324
Epoca 151, RMS = 0.35257
Epoca 152, RMS = 0.35188
Epoca 153, RMS = 0.35119
Epoca 154, RMS = 0.35049
Epoca 155, RMS = 0.34978
Epoca 156, RMS = 0.34907
Epoca 157, RMS = 0.34834
Epoca 158, RMS = 0.34761
Epoca 159, RMS = 0.34687
Epoca 160, RMS = 0.34612
Epoca 161, RMS = 0.34537
Epoca 162, RMS = 0.34461
Epoca 163, RMS = 0.34384
Epoca 164, RMS = 0.34306
Epoca 165, RMS = 0.34228
Epoca 166, RMS = 0.34149
Epoca 167, RMS = 0.34069
Epoca 168, RMS = 0.33989
Epoca 169, RMS = 0.33908
Epoca 170, RMS = 0.33827
Epoca 171, RMS = 0.33745
Epoca 172, RMS = 0.33662
Epoca 173, RMS = 0.33579
Epoca 174, RMS = 0.33495
Epoca 175, RMS = 0.33411
Epoca 176, RMS = 0.33326
Epoca 177, RMS = 0.33241
Epoca 178, RMS = 0.33155
Epoca 179, RMS = 0.33069
Epoca 180, RMS = 0.32982
Epoca 181, RMS = 0.32895
Epoca 182, RMS = 0.32808
Epoca 183, RMS = 0.32720
Epoca 184, RMS = 0.32633
Epoca 185, RMS = 0.32544
Epoca 186, RMS = 0.32456
Epoca 187, RMS = 0.32367
Epoca 188, RMS = 0.32278
Epoca 189, RMS = 0.32189
Epoca 190, RMS = 0.32099
Epoca 191, RMS = 0.32010
Epoca 192, RMS = 0.31920
Epoca 193, RMS = 0.31830
Epoca 194, RMS = 0.31740
Epoca 195, RMS = 0.31650
Epoca 196, RMS = 0.31560
Epoca 197, RMS = 0.31470
Epoca 198, RMS = 0.31380
Epoca 199, RMS = 0.31290
Epoca 200, RMS = 0.31200
Epoca 201, RMS = 0.31111
Epoca 202, RMS = 0.31021
Epoca 203, RMS = 0.30931
Epoca 204, RMS = 0.30842
Epoca 205, RMS = 0.30752
Epoca 206, RMS = 0.30663
Epoca 207, RMS = 0.30574
Epoca 208, RMS = 0.30485
Epoca 209, RMS = 0.30396
Epoca 210, RMS = 0.30308
Epoca 211, RMS = 0.30220
Epoca 212, RMS = 0.30132
Epoca 213, RMS = 0.30045
Epoca 214, RMS = 0.29957
Epoca 215, RMS = 0.29870
Epoca 216, RMS = 0.29784
Epoca 217, RMS = 0.29698
Epoca 218, RMS = 0.29612
Epoca 219, RMS = 0.29526
Epoca 220, RMS = 0.29441
Epoca 221, RMS = 0.29357
Epoca 222, RMS = 0.29272
Epoca 223, RMS = 0.29189
Epoca 224, RMS = 0.29105
Epoca 225, RMS = 0.29022
Epoca 226, RMS = 0.28940
Epoca 227, RMS = 0.28858
Epoca 228, RMS = 0.28776
Epoca 229, RMS = 0.28695
Epoca 230, RMS = 0.28615
Epoca 231, RMS = 0.28534
Epoca 232, RMS = 0.28455
Epoca 233, RMS = 0.28376
Epoca 234, RMS = 0.28297
Epoca 235, RMS = 0.28219
Epoca 236, RMS = 0.28141
Epoca 237, RMS = 0.28064
Epoca 238, RMS = 0.27988
Epoca 239, RMS = 0.27911
Epoca 240, RMS = 0.27836
Epoca 241, RMS = 0.27761
Epoca 242, RMS = 0.27686
Epoca 243, RMS = 0.27612
Epoca 244, RMS = 0.27539
Epoca 245, RMS = 0.27466
Epoca 246, RMS = 0.27393
Epoca 247, RMS = 0.27321
Epoca 248, RMS = 0.27249
Epoca 249, RMS = 0.27178
Epoca 250, RMS = 0.27108
Epoca 251, RMS = 0.27038
Epoca 252, RMS = 0.26968
Epoca 253, RMS = 0.26899
Epoca 254, RMS = 0.26830
Epoca 255, RMS = 0.26762
Epoca 256, RMS = 0.26695
Epoca 257, RMS = 0.26627
Epoca 258, RMS = 0.26560
Epoca 259, RMS = 0.26494
Epoca 260, RMS = 0.26428
Epoca 261, RMS = 0.26363
Epoca 262, RMS = 0.26298
Epoca 263, RMS = 0.26233
Epoca 264, RMS = 0.26169
Epoca 265, RMS = 0.26105
Epoca 266, RMS = 0.26041
Epoca 267, RMS = 0.25978
Epoca 268, RMS = 0.25916
Epoca 269, RMS = 0.25853
Epoca 270, RMS = 0.25791
Epoca 271, RMS = 0.25730
Epoca 272, RMS = 0.25668
Epoca 273, RMS = 0.25607
Epoca 274, RMS = 0.25547
Epoca 275, RMS = 0.25486
Epoca 276, RMS = 0.25426
Epoca 277, RMS = 0.25367
Epoca 278, RMS = 0.25307
Epoca 279, RMS = 0.25248
Epoca 280, RMS = 0.25189
Epoca 281, RMS = 0.25131
Epoca 282, RMS = 0.25072
Epoca 283, RMS = 0.25014
Epoca 284, RMS = 0.24956
Epoca 285, RMS = 0.24899
Epoca 286, RMS = 0.24841
Epoca 287, RMS = 0.24784
Epoca 288, RMS = 0.24727
Epoca 289, RMS = 0.24670
Epoca 290, RMS = 0.24613
Epoca 291, RMS = 0.24557
Epoca 292, RMS = 0.24500
Epoca 293, RMS = 0.24444
Epoca 294, RMS = 0.24388
Epoca 295, RMS = 0.24332
Epoca 296, RMS = 0.24276
Epoca 297, RMS = 0.24221
Epoca 298, RMS = 0.24165
Epoca 299, RMS = 0.24109
Epoca 300, RMS = 0.24054
Epoca 301, RMS = 0.23999
Epoca 302, RMS = 0.23943
Epoca 303, RMS = 0.23888
Epoca 304, RMS = 0.23833
Epoca 305, RMS = 0.23778
Epoca 306, RMS = 0.23723
Epoca 307, RMS = 0.23668
Epoca 308, RMS = 0.23613
Epoca 309, RMS = 0.23558
Epoca 310, RMS = 0.23502
Epoca 311, RMS = 0.23447
Epoca 312, RMS = 0.23392
Epoca 313, RMS = 0.23337
Epoca 314, RMS = 0.23282
Epoca 315, RMS = 0.23227
Epoca 316, RMS = 0.23172
Epoca 317, RMS = 0.23117
Epoca 318, RMS = 0.23061
Epoca 319, RMS = 0.23006
Epoca 320, RMS = 0.22951
Epoca 321, RMS = 0.22895
Epoca 322, RMS = 0.22840
Epoca 323, RMS = 0.22784
Epoca 324, RMS = 0.22728
Epoca 325, RMS = 0.22672
Epoca 326, RMS = 0.22616
Epoca 327, RMS = 0.22560
Epoca 328, RMS = 0.22504
Epoca 329, RMS = 0.22448
Epoca 330, RMS = 0.22391
Epoca 331, RMS = 0.22335
Epoca 332, RMS = 0.22278
Epoca 333, RMS = 0.22221
Epoca 334, RMS = 0.22164
Epoca 335, RMS = 0.22107
Epoca 336, RMS = 0.22050
Epoca 337, RMS = 0.21993
Epoca 338, RMS = 0.21935
Epoca 339, RMS = 0.21877
Epoca 340, RMS = 0.21820
Epoca 341, RMS = 0.21762
Epoca 342, RMS = 0.21703
Epoca 343, RMS = 0.21645
Epoca 344, RMS = 0.21586
Epoca 345, RMS = 0.21528
Epoca 346, RMS = 0.21469
Epoca 347, RMS = 0.21410
Epoca 348, RMS = 0.21350
Epoca 349, RMS = 0.21291
Epoca 350, RMS = 0.21231
Epoca 351, RMS = 0.21171
Epoca 352, RMS = 0.21111
Epoca 353, RMS = 0.21051
Epoca 354, RMS = 0.20991
Epoca 355, RMS = 0.20930
Epoca 356, RMS = 0.20869
Epoca 357, RMS = 0.20808
Epoca 358, RMS = 0.20747
Epoca 359, RMS = 0.20686
Epoca 360, RMS = 0.20624
Epoca 361, RMS = 0.20563
Epoca 362, RMS = 0.20501
Epoca 363, RMS = 0.20438
Epoca 364, RMS = 0.20376
Epoca 365, RMS = 0.20314
Epoca 366, RMS = 0.20251
Epoca 367, RMS = 0.20188
Epoca 368, RMS = 0.20125
Epoca 369, RMS = 0.20062
Epoca 370, RMS = 0.19998
Epoca 371, RMS = 0.19934
Epoca 372, RMS = 0.19871
Epoca 373, RMS = 0.19807
Epoca 374, RMS = 0.19742
Epoca 375, RMS = 0.19678
Epoca 376, RMS = 0.19614
Epoca 377, RMS = 0.19549
Epoca 378, RMS = 0.19484
Epoca 379, RMS = 0.19419
Epoca 380, RMS = 0.19354
Epoca 381, RMS = 0.19288
Epoca 382, RMS = 0.19223
Epoca 383, RMS = 0.19157
Epoca 384, RMS = 0.19091
Epoca 385, RMS = 0.19025
Epoca 386, RMS = 0.18959
Epoca 387, RMS = 0.18893
Epoca 388, RMS = 0.18826
Epoca 389, RMS = 0.18760
Epoca 390, RMS = 0.18693
Epoca 391, RMS = 0.18626
Epoca 392, RMS = 0.18559
Epoca 393, RMS = 0.18492
Epoca 394, RMS = 0.18425
Epoca 395, RMS = 0.18358
Epoca 396, RMS = 0.18290
Epoca 397, RMS = 0.18223
Epoca 398, RMS = 0.18155
Epoca 399, RMS = 0.18088
Epoca 400, RMS = 0.18020
Epoca 401, RMS = 0.17952
Epoca 402, RMS = 0.17884
Epoca 403, RMS = 0.17816
Epoca 404, RMS = 0.17748
Epoca 405, RMS = 0.17679
Epoca 406, RMS = 0.17611
Epoca 407, RMS = 0.17543
Epoca 408, RMS = 0.17474
Epoca 409, RMS = 0.17406
Epoca 410, RMS = 0.17337
Epoca 411, RMS = 0.17269
Epoca 412, RMS = 0.17200
Epoca 413, RMS = 0.17131
Epoca 414, RMS = 0.17063
Epoca 415, RMS = 0.16994
Epoca 416, RMS = 0.16925
Epoca 417, RMS = 0.16857
Epoca 418, RMS = 0.16788
Epoca 419, RMS = 0.16719
Epoca 420, RMS = 0.16650
Epoca 421, RMS = 0.16582
Epoca 422, RMS = 0.16513
Epoca 423, RMS = 0.16444
Epoca 424, RMS = 0.16375
Epoca 425, RMS = 0.16307
Epoca 426, RMS = 0.16238
Epoca 427, RMS = 0.16170
Epoca 428, RMS = 0.16101
Epoca 429, RMS = 0.16032
Epoca 430, RMS = 0.15964
Epoca 431, RMS = 0.15896
Epoca 432, RMS = 0.15827
Epoca 433, RMS = 0.15759
Epoca 434, RMS = 0.15691
Epoca 435, RMS = 0.15623
Epoca 436, RMS = 0.15555
Epoca 437, RMS = 0.15487
Epoca 438, RMS = 0.15419
Epoca 439, RMS = 0.15351
Epoca 440, RMS = 0.15284
Epoca 441, RMS = 0.15216
Epoca 442, RMS = 0.15149
Epoca 443, RMS = 0.15081
Epoca 444, RMS = 0.15014
Epoca 445, RMS = 0.14947
Epoca 446, RMS = 0.14880
Epoca 447, RMS = 0.14814
Epoca 448, RMS = 0.14747
Epoca 449, RMS = 0.14681
Epoca 450, RMS = 0.14614
Epoca 451, RMS = 0.14548
Epoca 452, RMS = 0.14482
Epoca 453, RMS = 0.14416
Epoca 454, RMS = 0.14351
Epoca 455, RMS = 0.14285
Epoca 456, RMS = 0.14220
Epoca 457, RMS = 0.14155
Epoca 458, RMS = 0.14090
Epoca 459, RMS = 0.14025
Epoca 460, RMS = 0.13961
Epoca 461, RMS = 0.13897
Epoca 462, RMS = 0.13833
Epoca 463, RMS = 0.13769
Epoca 464, RMS = 0.13705
Epoca 465, RMS = 0.13642
Epoca 466, RMS = 0.13579
Epoca 467, RMS = 0.13516
Epoca 468, RMS = 0.13453
Epoca 469, RMS = 0.13391
Epoca 470, RMS = 0.13328
Epoca 471, RMS = 0.13266
Epoca 472, RMS = 0.13205
Epoca 473, RMS = 0.13143
Epoca 474, RMS = 0.13082
Epoca 475, RMS = 0.13021
Epoca 476, RMS = 0.12960
Epoca 477, RMS = 0.12900
Epoca 478, RMS = 0.12840
Epoca 479, RMS = 0.12780
Epoca 480, RMS = 0.12720
Epoca 481, RMS = 0.12661
Epoca 482, RMS = 0.12602
Epoca 483, RMS = 0.12543
Epoca 484, RMS = 0.12485
Epoca 485, RMS = 0.12427
Epoca 486, RMS = 0.12369
Epoca 487, RMS = 0.12311
Epoca 488, RMS = 0.12254
Epoca 489, RMS = 0.12197
Epoca 490, RMS = 0.12140
Epoca 491, RMS = 0.12083
Epoca 492, RMS = 0.12027
Epoca 493, RMS = 0.11972
Epoca 494, RMS = 0.11916
Epoca 495, RMS = 0.11861
Epoca 496, RMS = 0.11806
Epoca 497, RMS = 0.11751
Epoca 498, RMS = 0.11697
Epoca 499, RMS = 0.11643
Epoca 500, RMS = 0.11589
Epoca 501, RMS = 0.11536
Epoca 502, RMS = 0.11483
Epoca 503, RMS = 0.11430
Epoca 504, RMS = 0.11378
Epoca 505, RMS = 0.11326
Epoca 506, RMS = 0.11274
Epoca 507, RMS = 0.11222
Epoca 508, RMS = 0.11171
Epoca 509, RMS = 0.11120
Epoca 510, RMS = 0.11070
Epoca 511, RMS = 0.11019
Epoca 512, RMS = 0.10970
Epoca 513, RMS = 0.10920
Epoca 514, RMS = 0.10871
Epoca 515, RMS = 0.10822
Epoca 516, RMS = 0.10773
Epoca 517, RMS = 0.10725
Epoca 518, RMS = 0.10677
Epoca 519, RMS = 0.10629
Epoca 520, RMS = 0.10582
Epoca 521, RMS = 0.10535
Epoca 522, RMS = 0.10488
Epoca 523, RMS = 0.10441
Epoca 524, RMS = 0.10395
Epoca 525, RMS = 0.10350
Epoca 526, RMS = 0.10304
Epoca 527, RMS = 0.10259
Epoca 528, RMS = 0.10214
Epoca 529, RMS = 0.10169
Epoca 530, RMS = 0.10125
Epoca 531, RMS = 0.10081
Epoca 532, RMS = 0.10037
Epoca 533, RMS = 0.09994
Epoca 534, RMS = 0.09951
Epoca 535, RMS = 0.09908
Epoca 536, RMS = 0.09866
Epoca 537, RMS = 0.09824
Epoca 538, RMS = 0.09782
Epoca 539, RMS = 0.09740
Epoca 540, RMS = 0.09699
Epoca 541, RMS = 0.09658
Epoca 542, RMS = 0.09617
Epoca 543, RMS = 0.09577
Epoca 544, RMS = 0.09536
Epoca 545, RMS = 0.09497
Epoca 546, RMS = 0.09457
Epoca 547, RMS = 0.09418
Epoca 548, RMS = 0.09379
Epoca 549, RMS = 0.09340
Epoca 550, RMS = 0.09302
Epoca 551, RMS = 0.09263
Epoca 552, RMS = 0.09225
Epoca 553, RMS = 0.09188
Epoca 554, RMS = 0.09150
Epoca 555, RMS = 0.09113
Epoca 556, RMS = 0.09077
Epoca 557, RMS = 0.09040
Epoca 558, RMS = 0.09004
Epoca 559, RMS = 0.08968
Epoca 560, RMS = 0.08932
Epoca 561, RMS = 0.08896
Epoca 562, RMS = 0.08861
Epoca 563, RMS = 0.08826
Epoca 564, RMS = 0.08791
Epoca 565, RMS = 0.08757
Epoca 566, RMS = 0.08722
Epoca 567, RMS = 0.08688
Epoca 568, RMS = 0.08655
Epoca 569, RMS = 0.08621
Epoca 570, RMS = 0.08588
Epoca 571, RMS = 0.08555
Epoca 572, RMS = 0.08522
Epoca 573, RMS = 0.08489
Epoca 574, RMS = 0.08457
Epoca 575, RMS = 0.08425
Epoca 576, RMS = 0.08393
Epoca 577, RMS = 0.08361
Epoca 578, RMS = 0.08330
Epoca 579, RMS = 0.08298
Epoca 580, RMS = 0.08267
Epoca 581, RMS = 0.08237
Epoca 582, RMS = 0.08206
Epoca 583, RMS = 0.08176
Epoca 584, RMS = 0.08145
Epoca 585, RMS = 0.08115
Epoca 586, RMS = 0.08086
Epoca 587, RMS = 0.08056
Epoca 588, RMS = 0.08027
Epoca 589, RMS = 0.07998
Epoca 590, RMS = 0.07969
Epoca 591, RMS = 0.07940
Epoca 592, RMS = 0.07911
Epoca 593, RMS = 0.07883
Epoca 594, RMS = 0.07855
Epoca 595, RMS = 0.07827
Epoca 596, RMS = 0.07799
Epoca 597, RMS = 0.07772
Epoca 598, RMS = 0.07744
Epoca 599, RMS = 0.07717
Epoca 600, RMS = 0.07690
Epoca 601, RMS = 0.07663
Epoca 602, RMS = 0.07637
Epoca 603, RMS = 0.07610
Epoca 604, RMS = 0.07584
Epoca 605, RMS = 0.07558
Epoca 606, RMS = 0.07532
Epoca 607, RMS = 0.07506
Epoca 608, RMS = 0.07480
Epoca 609, RMS = 0.07455
Epoca 610, RMS = 0.07430
Epoca 611, RMS = 0.07404
Epoca 612, RMS = 0.07379
Epoca 613, RMS = 0.07355
Epoca 614, RMS = 0.07330
Epoca 615, RMS = 0.07306
Epoca 616, RMS = 0.07281
Epoca 617, RMS = 0.07257
Epoca 618, RMS = 0.07233
Epoca 619, RMS = 0.07209
Epoca 620, RMS = 0.07186
Epoca 621, RMS = 0.07162
Epoca 622, RMS = 0.07139
Epoca 623, RMS = 0.07115
Epoca 624, RMS = 0.07092
Epoca 625, RMS = 0.07069
Epoca 626, RMS = 0.07046
Epoca 627, RMS = 0.07024
Epoca 628, RMS = 0.07001
Epoca 629, RMS = 0.06979
Epoca 630, RMS = 0.06957
Epoca 631, RMS = 0.06934
Epoca 632, RMS = 0.06912
Epoca 633, RMS = 0.06891
Epoca 634, RMS = 0.06869
Epoca 635, RMS = 0.06847
Epoca 636, RMS = 0.06826
Epoca 637, RMS = 0.06804
Epoca 638, RMS = 0.06783
Epoca 639, RMS = 0.06762
Epoca 640, RMS = 0.06741
Epoca 641, RMS = 0.06720
Epoca 642, RMS = 0.06700
Epoca 643, RMS = 0.06679
Epoca 644, RMS = 0.06659
Epoca 645, RMS = 0.06638
Epoca 646, RMS = 0.06618
Epoca 647, RMS = 0.06598
Epoca 648, RMS = 0.06578
Epoca 649, RMS = 0.06558
Epoca 650, RMS = 0.06538
Epoca 651, RMS = 0.06519
Epoca 652, RMS = 0.06499
Epoca 653, RMS = 0.06480
Epoca 654, RMS = 0.06460
Epoca 655, RMS = 0.06441
Epoca 656, RMS = 0.06422
Epoca 657, RMS = 0.06403
Epoca 658, RMS = 0.06384
Epoca 659, RMS = 0.06365
Epoca 660, RMS = 0.06347
Epoca 661, RMS = 0.06328
Epoca 662, RMS = 0.06309
Epoca 663, RMS = 0.06291
Epoca 664, RMS = 0.06273
Epoca 665, RMS = 0.06255
Epoca 666, RMS = 0.06236
Epoca 667, RMS = 0.06218
Epoca 668, RMS = 0.06201
Epoca 669, RMS = 0.06183
Epoca 670, RMS = 0.06165
Epoca 671, RMS = 0.06147
Epoca 672, RMS = 0.06130
Epoca 673, RMS = 0.06113
Epoca 674, RMS = 0.06095
Epoca 675, RMS = 0.06078
Epoca 676, RMS = 0.06061
Epoca 677, RMS = 0.06044
Epoca 678, RMS = 0.06027
Epoca 679, RMS = 0.06010
Epoca 680, RMS = 0.05993
Epoca 681, RMS = 0.05976
Epoca 682, RMS = 0.05960
Epoca 683, RMS = 0.05943
Epoca 684, RMS = 0.05927
Epoca 685, RMS = 0.05910
Epoca 686, RMS = 0.05894
Epoca 687, RMS = 0.05878
Epoca 688, RMS = 0.05862
Epoca 689, RMS = 0.05846
Epoca 690, RMS = 0.05830
Epoca 691, RMS = 0.05814
Epoca 692, RMS = 0.05798
Epoca 693, RMS = 0.05782
Epoca 694, RMS = 0.05766
Epoca 695, RMS = 0.05751
Epoca 696, RMS = 0.05735
Epoca 697, RMS = 0.05720
Epoca 698, RMS = 0.05705
Epoca 699, RMS = 0.05689
Epoca 700, RMS = 0.05674
Epoca 701, RMS = 0.05659
Epoca 702, RMS = 0.05644
Epoca 703, RMS = 0.05629
Epoca 704, RMS = 0.05614
Epoca 705, RMS = 0.05599
Epoca 706, RMS = 0.05584
Epoca 707, RMS = 0.05570
Epoca 708, RMS = 0.05555
Epoca 709, RMS = 0.05540
Epoca 710, RMS = 0.05526
Epoca 711, RMS = 0.05511
Epoca 712, RMS = 0.05497
Epoca 713, RMS = 0.05483
Epoca 714, RMS = 0.05468
Epoca 715, RMS = 0.05454
Epoca 716, RMS = 0.05440
Epoca 717, RMS = 0.05426
Epoca 718, RMS = 0.05412
Epoca 719, RMS = 0.05398
Epoca 720, RMS = 0.05384
Epoca 721, RMS = 0.05370
Epoca 722, RMS = 0.05357
Epoca 723, RMS = 0.05343
Epoca 724, RMS = 0.05329
Epoca 725, RMS = 0.05316
Epoca 726, RMS = 0.05302
Epoca 727, RMS = 0.05289
Epoca 728, RMS = 0.05276
Epoca 729, RMS = 0.05262
Epoca 730, RMS = 0.05249
Epoca 731, RMS = 0.05236
Epoca 732, RMS = 0.05223
Epoca 733, RMS = 0.05210
Epoca 734, RMS = 0.05197
Epoca 735, RMS = 0.05184
Epoca 736, RMS = 0.05171
Epoca 737, RMS = 0.05158
Epoca 738, RMS = 0.05145
Epoca 739, RMS = 0.05132
Epoca 740, RMS = 0.05119
Epoca 741, RMS = 0.05107
Epoca 742, RMS = 0.05094
Epoca 743, RMS = 0.05082
Epoca 744, RMS = 0.05069
Epoca 745, RMS = 0.05057
Epoca 746, RMS = 0.05044
Epoca 747, RMS = 0.05032
Epoca 748, RMS = 0.05020
Epoca 749, RMS = 0.05008
Epoca 750, RMS = 0.04995

##################TEST##################
Z[0] = 0.74
Z[1] = 1.00
Z[2] = 1.00
Y_IN 4.46
T[0] = 1 Y[0] = 0.98
Y_IN -0.01
T[1] = 0 Y[1] = -0.01
Z[0] = 0.97
Z[1] = 1.00
Z[2] = 1.00
Y_IN 5.16
T[0] = 1 Y[0] = 0.99
Y_IN -0.31
T[1] = 0 Y[1] = -0.15
Z[0] = -0.69
Z[1] = 1.00
Z[2] = 0.99
Y_IN 0.03
T[0] = 0 Y[0] = 0.01
Y_IN 1.83
T[1] = 1 Y[1] = 0.72
Z[0] = 0.28
Z[1] = 1.00
Z[2] = 1.00
Y_IN 3.03
T[0] = 1 Y[0] = 0.91
Y_IN 0.58
T[1] = 0 Y[1] = 0.28
