0.49 -0.21 
0.27 0.48 
-0.21 -0.48 
-0.02 0.34 
0.41 -0.16 
0.44 0.21 
0.33 -0.47 
-0.48 -0.29 
-0.35 -0.13 0.03 -0.19 0.49 0.49 0.10 -0.35 
-0.35 0.21 -0.05 0.17 0.17 0.24 0.41 0.15 
-0.47 0.18 0.13 -0.18 0.19 -0.39 -0.34 0.11 -0.05 -0.40 

##################LEARN##################
Epoca 1, RMS = 1.13351
Epoca 2, RMS = 0.90704
Epoca 3, RMS = 0.70154
Epoca 4, RMS = 0.58653
Epoca 5, RMS = 0.54547
Epoca 6, RMS = 0.53652
Epoca 7, RMS = 0.53689
Epoca 8, RMS = 0.53869
Epoca 9, RMS = 0.53989
Epoca 10, RMS = 0.54027
Epoca 11, RMS = 0.54009
Epoca 12, RMS = 0.53964
Epoca 13, RMS = 0.53914
Epoca 14, RMS = 0.53871
Epoca 15, RMS = 0.53842
Epoca 16, RMS = 0.53827
Epoca 17, RMS = 0.53824
Epoca 18, RMS = 0.53832
Epoca 19, RMS = 0.53846
Epoca 20, RMS = 0.53865
Epoca 21, RMS = 0.53886
Epoca 22, RMS = 0.53909
Epoca 23, RMS = 0.53932
Epoca 24, RMS = 0.53955
Epoca 25, RMS = 0.53976
Epoca 26, RMS = 0.53997
Epoca 27, RMS = 0.54016
Epoca 28, RMS = 0.54033
Epoca 29, RMS = 0.54049
Epoca 30, RMS = 0.54064
Epoca 31, RMS = 0.54077
Epoca 32, RMS = 0.54089
Epoca 33, RMS = 0.54099
Epoca 34, RMS = 0.54109
Epoca 35, RMS = 0.54116
Epoca 36, RMS = 0.54123
Epoca 37, RMS = 0.54128
Epoca 38, RMS = 0.54132
Epoca 39, RMS = 0.54135
Epoca 40, RMS = 0.54137
Epoca 41, RMS = 0.54138
Epoca 42, RMS = 0.54138
Epoca 43, RMS = 0.54137
Epoca 44, RMS = 0.54135
Epoca 45, RMS = 0.54132
Epoca 46, RMS = 0.54128
Epoca 47, RMS = 0.54123
Epoca 48, RMS = 0.54117
Epoca 49, RMS = 0.54111
Epoca 50, RMS = 0.54103
Epoca 51, RMS = 0.54095
Epoca 52, RMS = 0.54086
Epoca 53, RMS = 0.54077
Epoca 54, RMS = 0.54066
Epoca 55, RMS = 0.54055
Epoca 56, RMS = 0.54044
Epoca 57, RMS = 0.54031
Epoca 58, RMS = 0.54017
Epoca 59, RMS = 0.54003
Epoca 60, RMS = 0.53988
Epoca 61, RMS = 0.53972
Epoca 62, RMS = 0.53955
Epoca 63, RMS = 0.53938
Epoca 64, RMS = 0.53919
Epoca 65, RMS = 0.53899
Epoca 66, RMS = 0.53878
Epoca 67, RMS = 0.53856
Epoca 68, RMS = 0.53833
Epoca 69, RMS = 0.53808
Epoca 70, RMS = 0.53783
Epoca 71, RMS = 0.53757
Epoca 72, RMS = 0.53730
Epoca 73, RMS = 0.53702
Epoca 74, RMS = 0.53674
Epoca 75, RMS = 0.53645
Epoca 76, RMS = 0.53616
Epoca 77, RMS = 0.53587
Epoca 78, RMS = 0.53558
Epoca 79, RMS = 0.53530
Epoca 80, RMS = 0.53502
Epoca 81, RMS = 0.53475
Epoca 82, RMS = 0.53450
Epoca 83, RMS = 0.53425
Epoca 84, RMS = 0.53403
Epoca 85, RMS = 0.53383
Epoca 86, RMS = 0.53365
Epoca 87, RMS = 0.53351
Epoca 88, RMS = 0.53340
Epoca 89, RMS = 0.53333
Epoca 90, RMS = 0.53331
Epoca 91, RMS = 0.53334
Epoca 92, RMS = 0.53343
Epoca 93, RMS = 0.53357
Epoca 94, RMS = 0.53376
Epoca 95, RMS = 0.53400
Epoca 96, RMS = 0.53429
Epoca 97, RMS = 0.53459
Epoca 98, RMS = 0.53491
Epoca 99, RMS = 0.53522
Epoca 100, RMS = 0.53551
Epoca 101, RMS = 0.53577
Epoca 102, RMS = 0.53600
Epoca 103, RMS = 0.53618
Epoca 104, RMS = 0.53633
Epoca 105, RMS = 0.53646
Epoca 106, RMS = 0.53656
Epoca 107, RMS = 0.53665
Epoca 108, RMS = 0.53673
Epoca 109, RMS = 0.53681
Epoca 110, RMS = 0.53689
Epoca 111, RMS = 0.53697
Epoca 112, RMS = 0.53705
Epoca 113, RMS = 0.53713
Epoca 114, RMS = 0.53721
Epoca 115, RMS = 0.53728
Epoca 116, RMS = 0.53736
Epoca 117, RMS = 0.53744
Epoca 118, RMS = 0.53751
Epoca 119, RMS = 0.53758
Epoca 120, RMS = 0.53765
Epoca 121, RMS = 0.53772
Epoca 122, RMS = 0.53778
Epoca 123, RMS = 0.53784
Epoca 124, RMS = 0.53790
Epoca 125, RMS = 0.53796
Epoca 126, RMS = 0.53801
Epoca 127, RMS = 0.53806
Epoca 128, RMS = 0.53810
Epoca 129, RMS = 0.53814
Epoca 130, RMS = 0.53818
Epoca 131, RMS = 0.53821
Epoca 132, RMS = 0.53824
Epoca 133, RMS = 0.53826
Epoca 134, RMS = 0.53828
Epoca 135, RMS = 0.53830
Epoca 136, RMS = 0.53830
Epoca 137, RMS = 0.53831
Epoca 138, RMS = 0.53831
Epoca 139, RMS = 0.53830
Epoca 140, RMS = 0.53829
Epoca 141, RMS = 0.53828
Epoca 142, RMS = 0.53826
Epoca 143, RMS = 0.53823
Epoca 144, RMS = 0.53820
Epoca 145, RMS = 0.53817
Epoca 146, RMS = 0.53812
Epoca 147, RMS = 0.53807
Epoca 148, RMS = 0.53802
Epoca 149, RMS = 0.53796
Epoca 150, RMS = 0.53788
Epoca 151, RMS = 0.53781
Epoca 152, RMS = 0.53772
Epoca 153, RMS = 0.53762
Epoca 154, RMS = 0.53751
Epoca 155, RMS = 0.53739
Epoca 156, RMS = 0.53726
Epoca 157, RMS = 0.53712
Epoca 158, RMS = 0.53697
Epoca 159, RMS = 0.53680
Epoca 160, RMS = 0.53661
Epoca 161, RMS = 0.53641
Epoca 162, RMS = 0.53619
Epoca 163, RMS = 0.53595
Epoca 164, RMS = 0.53570
Epoca 165, RMS = 0.53543
Epoca 166, RMS = 0.53514
Epoca 167, RMS = 0.53483
Epoca 168, RMS = 0.53451
Epoca 169, RMS = 0.53418
Epoca 170, RMS = 0.53385
Epoca 171, RMS = 0.53351
Epoca 172, RMS = 0.53318
Epoca 173, RMS = 0.53287
Epoca 174, RMS = 0.53258
Epoca 175, RMS = 0.53231
Epoca 176, RMS = 0.53208
Epoca 177, RMS = 0.53188
Epoca 178, RMS = 0.53172
Epoca 179, RMS = 0.53160
Epoca 180, RMS = 0.53151
Epoca 181, RMS = 0.53147
Epoca 182, RMS = 0.53146
Epoca 183, RMS = 0.53150
Epoca 184, RMS = 0.53158
Epoca 185, RMS = 0.53173
Epoca 186, RMS = 0.53194
Epoca 187, RMS = 0.53226
Epoca 188, RMS = 0.53269
Epoca 189, RMS = 0.53329
Epoca 190, RMS = 0.53408
Epoca 191, RMS = 0.53509
Epoca 192, RMS = 0.53630
Epoca 193, RMS = 0.53756
Epoca 194, RMS = 0.53854
Epoca 195, RMS = 0.53878
Epoca 196, RMS = 0.53800
Epoca 197, RMS = 0.53652
Epoca 198, RMS = 0.53498
Epoca 199, RMS = 0.53375
Epoca 200, RMS = 0.53287
Epoca 201, RMS = 0.53223
Epoca 202, RMS = 0.53173
Epoca 203, RMS = 0.53133
Epoca 204, RMS = 0.53097
Epoca 205, RMS = 0.53066
Epoca 206, RMS = 0.53038
Epoca 207, RMS = 0.53013
Epoca 208, RMS = 0.52991
Epoca 209, RMS = 0.52971
Epoca 210, RMS = 0.52953
Epoca 211, RMS = 0.52938
Epoca 212, RMS = 0.52923
Epoca 213, RMS = 0.52910
Epoca 214, RMS = 0.52897
Epoca 215, RMS = 0.52886
Epoca 216, RMS = 0.52878
Epoca 217, RMS = 0.52874
Epoca 218, RMS = 0.52877
Epoca 219, RMS = 0.52891
Epoca 220, RMS = 0.52921
Epoca 221, RMS = 0.52972
Epoca 222, RMS = 0.53042
Epoca 223, RMS = 0.53121
Epoca 224, RMS = 0.53189
Epoca 225, RMS = 0.53223
Epoca 226, RMS = 0.53215
Epoca 227, RMS = 0.53169
Epoca 228, RMS = 0.53102
Epoca 229, RMS = 0.53029
Epoca 230, RMS = 0.52961
Epoca 231, RMS = 0.52902
Epoca 232, RMS = 0.52854
Epoca 233, RMS = 0.52816
Epoca 234, RMS = 0.52787
Epoca 235, RMS = 0.52765
Epoca 236, RMS = 0.52749
Epoca 237, RMS = 0.52737
Epoca 238, RMS = 0.52727
Epoca 239, RMS = 0.52720
Epoca 240, RMS = 0.52713
Epoca 241, RMS = 0.52707
Epoca 242, RMS = 0.52702
Epoca 243, RMS = 0.52697
Epoca 244, RMS = 0.52691
Epoca 245, RMS = 0.52685
Epoca 246, RMS = 0.52678
Epoca 247, RMS = 0.52670
Epoca 248, RMS = 0.52661
Epoca 249, RMS = 0.52652
Epoca 250, RMS = 0.52641
Epoca 251, RMS = 0.52629
Epoca 252, RMS = 0.52615
Epoca 253, RMS = 0.52600
Epoca 254, RMS = 0.52584
Epoca 255, RMS = 0.52567
Epoca 256, RMS = 0.52548
Epoca 257, RMS = 0.52527
Epoca 258, RMS = 0.52505
Epoca 259, RMS = 0.52481
Epoca 260, RMS = 0.52456
Epoca 261, RMS = 0.52429
Epoca 262, RMS = 0.52401
Epoca 263, RMS = 0.52372
Epoca 264, RMS = 0.52341
Epoca 265, RMS = 0.52308
Epoca 266, RMS = 0.52275
Epoca 267, RMS = 0.52241
Epoca 268, RMS = 0.52206
Epoca 269, RMS = 0.52171
Epoca 270, RMS = 0.52135
Epoca 271, RMS = 0.52100
Epoca 272, RMS = 0.52065
Epoca 273, RMS = 0.52032
Epoca 274, RMS = 0.52000
Epoca 275, RMS = 0.51970
Epoca 276, RMS = 0.51943
Epoca 277, RMS = 0.51920
Epoca 278, RMS = 0.51899
Epoca 279, RMS = 0.51882
Epoca 280, RMS = 0.51868
Epoca 281, RMS = 0.51857
Epoca 282, RMS = 0.51847
Epoca 283, RMS = 0.51838
Epoca 284, RMS = 0.51828
Epoca 285, RMS = 0.51817
Epoca 286, RMS = 0.51803
Epoca 287, RMS = 0.51787
Epoca 288, RMS = 0.51769
Epoca 289, RMS = 0.51749
Epoca 290, RMS = 0.51729
Epoca 291, RMS = 0.51710
Epoca 292, RMS = 0.51692
Epoca 293, RMS = 0.51675
Epoca 294, RMS = 0.51661
Epoca 295, RMS = 0.51649
Epoca 296, RMS = 0.51639
Epoca 297, RMS = 0.51632
Epoca 298, RMS = 0.51627
Epoca 299, RMS = 0.51624
Epoca 300, RMS = 0.51622
Epoca 301, RMS = 0.51623
Epoca 302, RMS = 0.51625
Epoca 303, RMS = 0.51630
Epoca 304, RMS = 0.51636
Epoca 305, RMS = 0.51644
Epoca 306, RMS = 0.51654
Epoca 307, RMS = 0.51665
Epoca 308, RMS = 0.51679
Epoca 309, RMS = 0.51696
Epoca 310, RMS = 0.51715
Epoca 311, RMS = 0.51736
Epoca 312, RMS = 0.51761
Epoca 313, RMS = 0.51788
Epoca 314, RMS = 0.51818
Epoca 315, RMS = 0.51851
Epoca 316, RMS = 0.51887
Epoca 317, RMS = 0.51926
Epoca 318, RMS = 0.51966
Epoca 319, RMS = 0.52009
Epoca 320, RMS = 0.52053
Epoca 321, RMS = 0.52098
Epoca 322, RMS = 0.52143
Epoca 323, RMS = 0.52187
Epoca 324, RMS = 0.52229
Epoca 325, RMS = 0.52270
Epoca 326, RMS = 0.52307
Epoca 327, RMS = 0.52341
Epoca 328, RMS = 0.52371
Epoca 329, RMS = 0.52397
Epoca 330, RMS = 0.52418
Epoca 331, RMS = 0.52435
Epoca 332, RMS = 0.52449
Epoca 333, RMS = 0.52463
Epoca 334, RMS = 0.52482
Epoca 335, RMS = 0.52510
Epoca 336, RMS = 0.52557
Epoca 337, RMS = 0.52631
Epoca 338, RMS = 0.52735
Epoca 339, RMS = 0.52859
Epoca 340, RMS = 0.52981
Epoca 341, RMS = 0.53074
Epoca 342, RMS = 0.53122
Epoca 343, RMS = 0.53123
Epoca 344, RMS = 0.53088
Epoca 345, RMS = 0.53028
Epoca 346, RMS = 0.52952
Epoca 347, RMS = 0.52866
Epoca 348, RMS = 0.52777
Epoca 349, RMS = 0.52686
Epoca 350, RMS = 0.52599
Epoca 351, RMS = 0.52516
Epoca 352, RMS = 0.52441
Epoca 353, RMS = 0.52373
Epoca 354, RMS = 0.52313
Epoca 355, RMS = 0.52263
Epoca 356, RMS = 0.52219
Epoca 357, RMS = 0.52183
Epoca 358, RMS = 0.52153
Epoca 359, RMS = 0.52129
Epoca 360, RMS = 0.52109
Epoca 361, RMS = 0.52092
Epoca 362, RMS = 0.52078
Epoca 363, RMS = 0.52067
Epoca 364, RMS = 0.52057
Epoca 365, RMS = 0.52049
Epoca 366, RMS = 0.52042
Epoca 367, RMS = 0.52036
Epoca 368, RMS = 0.52030
Epoca 369, RMS = 0.52025
Epoca 370, RMS = 0.52019
Epoca 371, RMS = 0.52014
Epoca 372, RMS = 0.52008
Epoca 373, RMS = 0.52002
Epoca 374, RMS = 0.51996
Epoca 375, RMS = 0.51990
Epoca 376, RMS = 0.51983
Epoca 377, RMS = 0.51975
Epoca 378, RMS = 0.51967
Epoca 379, RMS = 0.51958
Epoca 380, RMS = 0.51949
Epoca 381, RMS = 0.51938
Epoca 382, RMS = 0.51928
Epoca 383, RMS = 0.51916
Epoca 384, RMS = 0.51905
Epoca 385, RMS = 0.51892
Epoca 386, RMS = 0.51879
Epoca 387, RMS = 0.51866
Epoca 388, RMS = 0.51853
Epoca 389, RMS = 0.51840
Epoca 390, RMS = 0.51826
Epoca 391, RMS = 0.51813
Epoca 392, RMS = 0.51800
Epoca 393, RMS = 0.51787
Epoca 394, RMS = 0.51774
Epoca 395, RMS = 0.51762
Epoca 396, RMS = 0.51750
Epoca 397, RMS = 0.51738
Epoca 398, RMS = 0.51727
Epoca 399, RMS = 0.51716
Epoca 400, RMS = 0.51705
Epoca 401, RMS = 0.51695
Epoca 402, RMS = 0.51684
Epoca 403, RMS = 0.51675
Epoca 404, RMS = 0.51666
Epoca 405, RMS = 0.51658
Epoca 406, RMS = 0.51650
Epoca 407, RMS = 0.51643
Epoca 408, RMS = 0.51638
Epoca 409, RMS = 0.51633
Epoca 410, RMS = 0.51630
Epoca 411, RMS = 0.51628
Epoca 412, RMS = 0.51627
Epoca 413, RMS = 0.51628
Epoca 414, RMS = 0.51629
Epoca 415, RMS = 0.51632
Epoca 416, RMS = 0.51636
Epoca 417, RMS = 0.51641
Epoca 418, RMS = 0.51646
Epoca 419, RMS = 0.51652
Epoca 420, RMS = 0.51658
Epoca 421, RMS = 0.51664
Epoca 422, RMS = 0.51670
Epoca 423, RMS = 0.51675
Epoca 424, RMS = 0.51680
Epoca 425, RMS = 0.51684
Epoca 426, RMS = 0.51687
Epoca 427, RMS = 0.51689
Epoca 428, RMS = 0.51691
Epoca 429, RMS = 0.51690
Epoca 430, RMS = 0.51689
Epoca 431, RMS = 0.51686
Epoca 432, RMS = 0.51682
Epoca 433, RMS = 0.51677
Epoca 434, RMS = 0.51670
Epoca 435, RMS = 0.51661
Epoca 436, RMS = 0.51650
Epoca 437, RMS = 0.51639
Epoca 438, RMS = 0.51625
Epoca 439, RMS = 0.51610
Epoca 440, RMS = 0.51593
Epoca 441, RMS = 0.51575
Epoca 442, RMS = 0.51555
Epoca 443, RMS = 0.51535
Epoca 444, RMS = 0.51513
Epoca 445, RMS = 0.51489
Epoca 446, RMS = 0.51466
Epoca 447, RMS = 0.51441
Epoca 448, RMS = 0.51416
Epoca 449, RMS = 0.51392
Epoca 450, RMS = 0.51368
Epoca 451, RMS = 0.51345
Epoca 452, RMS = 0.51324
Epoca 453, RMS = 0.51305
Epoca 454, RMS = 0.51290
Epoca 455, RMS = 0.51280
Epoca 456, RMS = 0.51275
Epoca 457, RMS = 0.51278
Epoca 458, RMS = 0.51290
Epoca 459, RMS = 0.51312
Epoca 460, RMS = 0.51347
Epoca 461, RMS = 0.51395
Epoca 462, RMS = 0.51457
Epoca 463, RMS = 0.51533
Epoca 464, RMS = 0.51619
Epoca 465, RMS = 0.51710
Epoca 466, RMS = 0.51798
Epoca 467, RMS = 0.51873
Epoca 468, RMS = 0.51926
Epoca 469, RMS = 0.51951
Epoca 470, RMS = 0.51950
Epoca 471, RMS = 0.51934
Epoca 472, RMS = 0.51918
Epoca 473, RMS = 0.51915
Epoca 474, RMS = 0.51934
Epoca 475, RMS = 0.51976
Epoca 476, RMS = 0.52037
Epoca 477, RMS = 0.52107
Epoca 478, RMS = 0.52176
Epoca 479, RMS = 0.52235
Epoca 480, RMS = 0.52280
Epoca 481, RMS = 0.52309
Epoca 482, RMS = 0.52325
Epoca 483, RMS = 0.52331
Epoca 484, RMS = 0.52330
Epoca 485, RMS = 0.52326
Epoca 486, RMS = 0.52322
Epoca 487, RMS = 0.52319
Epoca 488, RMS = 0.52319
Epoca 489, RMS = 0.52322
Epoca 490, RMS = 0.52329
Epoca 491, RMS = 0.52338
Epoca 492, RMS = 0.52351
Epoca 493, RMS = 0.52365
Epoca 494, RMS = 0.52381
Epoca 495, RMS = 0.52397
Epoca 496, RMS = 0.52413
Epoca 497, RMS = 0.52428
Epoca 498, RMS = 0.52442
Epoca 499, RMS = 0.52455
Epoca 500, RMS = 0.52466
Epoca 501, RMS = 0.52475
Epoca 502, RMS = 0.52484
Epoca 503, RMS = 0.52491
Epoca 504, RMS = 0.52497
Epoca 505, RMS = 0.52502
Epoca 506, RMS = 0.52506
Epoca 507, RMS = 0.52510
Epoca 508, RMS = 0.52514
Epoca 509, RMS = 0.52517
Epoca 510, RMS = 0.52521
Epoca 511, RMS = 0.52524
Epoca 512, RMS = 0.52527
Epoca 513, RMS = 0.52529
Epoca 514, RMS = 0.52532
Epoca 515, RMS = 0.52535
Epoca 516, RMS = 0.52537
Epoca 517, RMS = 0.52539
Epoca 518, RMS = 0.52541
Epoca 519, RMS = 0.52543
Epoca 520, RMS = 0.52544
Epoca 521, RMS = 0.52544
Epoca 522, RMS = 0.52544
Epoca 523, RMS = 0.52543
Epoca 524, RMS = 0.52542
Epoca 525, RMS = 0.52539
Epoca 526, RMS = 0.52536
Epoca 527, RMS = 0.52532
Epoca 528, RMS = 0.52527
Epoca 529, RMS = 0.52522
Epoca 530, RMS = 0.52515
Epoca 531, RMS = 0.52507
Epoca 532, RMS = 0.52498
Epoca 533, RMS = 0.52487
Epoca 534, RMS = 0.52476
Epoca 535, RMS = 0.52463
Epoca 536, RMS = 0.52449
Epoca 537, RMS = 0.52434
Epoca 538, RMS = 0.52418
Epoca 539, RMS = 0.52400
Epoca 540, RMS = 0.52381
Epoca 541, RMS = 0.52360
Epoca 542, RMS = 0.52339
Epoca 543, RMS = 0.52316
Epoca 544, RMS = 0.52292
Epoca 545, RMS = 0.52267
Epoca 546, RMS = 0.52241
Epoca 547, RMS = 0.52214
Epoca 548, RMS = 0.52186
Epoca 549, RMS = 0.52158
Epoca 550, RMS = 0.52129
Epoca 551, RMS = 0.52099
Epoca 552, RMS = 0.52070
Epoca 553, RMS = 0.52040
Epoca 554, RMS = 0.52011
Epoca 555, RMS = 0.51983
Epoca 556, RMS = 0.51955
Epoca 557, RMS = 0.51928
Epoca 558, RMS = 0.51903
Epoca 559, RMS = 0.51880
Epoca 560, RMS = 0.51859
Epoca 561, RMS = 0.51841
Epoca 562, RMS = 0.51826
Epoca 563, RMS = 0.51814
Epoca 564, RMS = 0.51806
Epoca 565, RMS = 0.51800
Epoca 566, RMS = 0.51798
Epoca 567, RMS = 0.51799
Epoca 568, RMS = 0.51802
Epoca 569, RMS = 0.51808
Epoca 570, RMS = 0.51816
Epoca 571, RMS = 0.51825
Epoca 572, RMS = 0.51836
Epoca 573, RMS = 0.51848
Epoca 574, RMS = 0.51862
Epoca 575, RMS = 0.51876
Epoca 576, RMS = 0.51891
Epoca 577, RMS = 0.51907
Epoca 578, RMS = 0.51923
Epoca 579, RMS = 0.51940
Epoca 580, RMS = 0.51957
Epoca 581, RMS = 0.51974
Epoca 582, RMS = 0.51992
Epoca 583, RMS = 0.52011
Epoca 584, RMS = 0.52029
Epoca 585, RMS = 0.52048
Epoca 586, RMS = 0.52067
Epoca 587, RMS = 0.52086
Epoca 588, RMS = 0.52105
Epoca 589, RMS = 0.52124
Epoca 590, RMS = 0.52142
Epoca 591, RMS = 0.52159
Epoca 592, RMS = 0.52176
Epoca 593, RMS = 0.52191
Epoca 594, RMS = 0.52205
Epoca 595, RMS = 0.52218
Epoca 596, RMS = 0.52229
Epoca 597, RMS = 0.52239
Epoca 598, RMS = 0.52247
Epoca 599, RMS = 0.52253
Epoca 600, RMS = 0.52259
Epoca 601, RMS = 0.52265
Epoca 602, RMS = 0.52272
Epoca 603, RMS = 0.52284
Epoca 604, RMS = 0.52303
Epoca 605, RMS = 0.52334
Epoca 606, RMS = 0.52383
Epoca 607, RMS = 0.52455
Epoca 608, RMS = 0.52551
Epoca 609, RMS = 0.52668
Epoca 610, RMS = 0.52792
Epoca 611, RMS = 0.52907
Epoca 612, RMS = 0.52994
Epoca 613, RMS = 0.53043
Epoca 614, RMS = 0.53051
Epoca 615, RMS = 0.53024
Epoca 616, RMS = 0.52969
Epoca 617, RMS = 0.52895
Epoca 618, RMS = 0.52809
Epoca 619, RMS = 0.52713
Epoca 620, RMS = 0.52612
Epoca 621, RMS = 0.52507
Epoca 622, RMS = 0.52400
Epoca 623, RMS = 0.52294
Epoca 624, RMS = 0.52189
Epoca 625, RMS = 0.52088
Epoca 626, RMS = 0.51992
Epoca 627, RMS = 0.51903
Epoca 628, RMS = 0.51821
Epoca 629, RMS = 0.51747
Epoca 630, RMS = 0.51680
Epoca 631, RMS = 0.51620
Epoca 632, RMS = 0.51566
Epoca 633, RMS = 0.51516
Epoca 634, RMS = 0.51471
Epoca 635, RMS = 0.51430
Epoca 636, RMS = 0.51392
Epoca 637, RMS = 0.51357
Epoca 638, RMS = 0.51325
Epoca 639, RMS = 0.51297
Epoca 640, RMS = 0.51273
Epoca 641, RMS = 0.51253
Epoca 642, RMS = 0.51239
Epoca 643, RMS = 0.51229
Epoca 644, RMS = 0.51225
Epoca 645, RMS = 0.51225
Epoca 646, RMS = 0.51229
Epoca 647, RMS = 0.51236
Epoca 648, RMS = 0.51244
Epoca 649, RMS = 0.51252
Epoca 650, RMS = 0.51258
Epoca 651, RMS = 0.51259
Epoca 652, RMS = 0.51250
Epoca 653, RMS = 0.51228
Epoca 654, RMS = 0.51189
Epoca 655, RMS = 0.51133
Epoca 656, RMS = 0.51063
Epoca 657, RMS = 0.50986
Epoca 658, RMS = 0.50910
Epoca 659, RMS = 0.50840
Epoca 660, RMS = 0.50781
Epoca 661, RMS = 0.50733
Epoca 662, RMS = 0.50694
Epoca 663, RMS = 0.50662
Epoca 664, RMS = 0.50636
Epoca 665, RMS = 0.50615
Epoca 666, RMS = 0.50600
Epoca 667, RMS = 0.50588
Epoca 668, RMS = 0.50581
Epoca 669, RMS = 0.50577
Epoca 670, RMS = 0.50575
Epoca 671, RMS = 0.50574
Epoca 672, RMS = 0.50574
Epoca 673, RMS = 0.50574
Epoca 674, RMS = 0.50575
Epoca 675, RMS = 0.50576
Epoca 676, RMS = 0.50578
Epoca 677, RMS = 0.50580
Epoca 678, RMS = 0.50583
Epoca 679, RMS = 0.50586
Epoca 680, RMS = 0.50589
Epoca 681, RMS = 0.50592
Epoca 682, RMS = 0.50594
Epoca 683, RMS = 0.50596
Epoca 684, RMS = 0.50598
Epoca 685, RMS = 0.50598
Epoca 686, RMS = 0.50598
Epoca 687, RMS = 0.50597
Epoca 688, RMS = 0.50595
Epoca 689, RMS = 0.50593
Epoca 690, RMS = 0.50590
Epoca 691, RMS = 0.50586
Epoca 692, RMS = 0.50582
Epoca 693, RMS = 0.50577
Epoca 694, RMS = 0.50573
Epoca 695, RMS = 0.50569
Epoca 696, RMS = 0.50565
Epoca 697, RMS = 0.50563
Epoca 698, RMS = 0.50562
Epoca 699, RMS = 0.50562
Epoca 700, RMS = 0.50565
Epoca 701, RMS = 0.50571
Epoca 702, RMS = 0.50579
Epoca 703, RMS = 0.50591
Epoca 704, RMS = 0.50607
Epoca 705, RMS = 0.50626
Epoca 706, RMS = 0.50648
Epoca 707, RMS = 0.50672
Epoca 708, RMS = 0.50696
Epoca 709, RMS = 0.50718
Epoca 710, RMS = 0.50736
Epoca 711, RMS = 0.50745
Epoca 712, RMS = 0.50740
Epoca 713, RMS = 0.50719
Epoca 714, RMS = 0.50677
Epoca 715, RMS = 0.50611
Epoca 716, RMS = 0.50521
Epoca 717, RMS = 0.50408
Epoca 718, RMS = 0.50275
Epoca 719, RMS = 0.50129
Epoca 720, RMS = 0.49975
Epoca 721, RMS = 0.49819
Epoca 722, RMS = 0.49668
Epoca 723, RMS = 0.49527
Epoca 724, RMS = 0.49398
Epoca 725, RMS = 0.49285
Epoca 726, RMS = 0.49187
Epoca 727, RMS = 0.49106
Epoca 728, RMS = 0.49041
Epoca 729, RMS = 0.48992
Epoca 730, RMS = 0.48957
Epoca 731, RMS = 0.48937
Epoca 732, RMS = 0.48931
Epoca 733, RMS = 0.48939
Epoca 734, RMS = 0.48963
Epoca 735, RMS = 0.49004
Epoca 736, RMS = 0.49063
Epoca 737, RMS = 0.49143
Epoca 738, RMS = 0.49244
Epoca 739, RMS = 0.49368
Epoca 740, RMS = 0.49515
Epoca 741, RMS = 0.49684
Epoca 742, RMS = 0.49870
Epoca 743, RMS = 0.50069
Epoca 744, RMS = 0.50274
Epoca 745, RMS = 0.50478
Epoca 746, RMS = 0.50676
Epoca 747, RMS = 0.50865
Epoca 748, RMS = 0.51042
Epoca 749, RMS = 0.51207
Epoca 750, RMS = 0.51361
Epoca 751, RMS = 0.51506
Epoca 752, RMS = 0.51642
Epoca 753, RMS = 0.51770
Epoca 754, RMS = 0.51889
Epoca 755, RMS = 0.51998
Epoca 756, RMS = 0.52097
Epoca 757, RMS = 0.52183
Epoca 758, RMS = 0.52256
Epoca 759, RMS = 0.52315
Epoca 760, RMS = 0.52361
Epoca 761, RMS = 0.52393
Epoca 762, RMS = 0.52413
Epoca 763, RMS = 0.52422
Epoca 764, RMS = 0.52420
Epoca 765, RMS = 0.52411
Epoca 766, RMS = 0.52394
Epoca 767, RMS = 0.52372
Epoca 768, RMS = 0.52345
Epoca 769, RMS = 0.52315
Epoca 770, RMS = 0.52282
Epoca 771, RMS = 0.52247
Epoca 772, RMS = 0.52212
Epoca 773, RMS = 0.52177
Epoca 774, RMS = 0.52141
Epoca 775, RMS = 0.52107
Epoca 776, RMS = 0.52074
Epoca 777, RMS = 0.52043
Epoca 778, RMS = 0.52014
Epoca 779, RMS = 0.51986
Epoca 780, RMS = 0.51961
Epoca 781, RMS = 0.51938
Epoca 782, RMS = 0.51917
Epoca 783, RMS = 0.51898
Epoca 784, RMS = 0.51880
Epoca 785, RMS = 0.51863
Epoca 786, RMS = 0.51847
Epoca 787, RMS = 0.51831
Epoca 788, RMS = 0.51814
Epoca 789, RMS = 0.51796
Epoca 790, RMS = 0.51777
Epoca 791, RMS = 0.51755
Epoca 792, RMS = 0.51730
Epoca 793, RMS = 0.51703
Epoca 794, RMS = 0.51672
Epoca 795, RMS = 0.51639
Epoca 796, RMS = 0.51604
Epoca 797, RMS = 0.51566
Epoca 798, RMS = 0.51526
Epoca 799, RMS = 0.51485
Epoca 800, RMS = 0.51443
Epoca 801, RMS = 0.51400
Epoca 802, RMS = 0.51356
Epoca 803, RMS = 0.51312
Epoca 804, RMS = 0.51268
Epoca 805, RMS = 0.51224
Epoca 806, RMS = 0.51180
Epoca 807, RMS = 0.51135
Epoca 808, RMS = 0.51091
Epoca 809, RMS = 0.51046
Epoca 810, RMS = 0.51001
Epoca 811, RMS = 0.50956
Epoca 812, RMS = 0.50910
Epoca 813, RMS = 0.50864
Epoca 814, RMS = 0.50817
Epoca 815, RMS = 0.50769
Epoca 816, RMS = 0.50721
Epoca 817, RMS = 0.50672
Epoca 818, RMS = 0.50623
Epoca 819, RMS = 0.50575
Epoca 820, RMS = 0.50527
Epoca 821, RMS = 0.50481
Epoca 822, RMS = 0.50437
Epoca 823, RMS = 0.50397
Epoca 824, RMS = 0.50361
Epoca 825, RMS = 0.50332
Epoca 826, RMS = 0.50310
Epoca 827, RMS = 0.50297
Epoca 828, RMS = 0.50295
Epoca 829, RMS = 0.50304
Epoca 830, RMS = 0.50324
Epoca 831, RMS = 0.50357
Epoca 832, RMS = 0.50400
Epoca 833, RMS = 0.50453
Epoca 834, RMS = 0.50513
Epoca 835, RMS = 0.50580
Epoca 836, RMS = 0.50651
Epoca 837, RMS = 0.50726
Epoca 838, RMS = 0.50803
Epoca 839, RMS = 0.50883
Epoca 840, RMS = 0.50966
Epoca 841, RMS = 0.51055
Epoca 842, RMS = 0.51149
Epoca 843, RMS = 0.51250
Epoca 844, RMS = 0.51358
Epoca 845, RMS = 0.51473
Epoca 846, RMS = 0.51595
Epoca 847, RMS = 0.51723
Epoca 848, RMS = 0.51854
Epoca 849, RMS = 0.51987
Epoca 850, RMS = 0.52120
Epoca 851, RMS = 0.52248
Epoca 852, RMS = 0.52370
Epoca 853, RMS = 0.52483
Epoca 854, RMS = 0.52585
Epoca 855, RMS = 0.52672
Epoca 856, RMS = 0.52745
Epoca 857, RMS = 0.52801
Epoca 858, RMS = 0.52841
Epoca 859, RMS = 0.52864
Epoca 860, RMS = 0.52871
Epoca 861, RMS = 0.52863
Epoca 862, RMS = 0.52840
Epoca 863, RMS = 0.52804
Epoca 864, RMS = 0.52757
Epoca 865, RMS = 0.52700
Epoca 866, RMS = 0.52636
Epoca 867, RMS = 0.52565
Epoca 868, RMS = 0.52490
Epoca 869, RMS = 0.52413
Epoca 870, RMS = 0.52335
Epoca 871, RMS = 0.52257
Epoca 872, RMS = 0.52181
Epoca 873, RMS = 0.52108
Epoca 874, RMS = 0.52039
Epoca 875, RMS = 0.51975
Epoca 876, RMS = 0.51917
Epoca 877, RMS = 0.51865
Epoca 878, RMS = 0.51819
Epoca 879, RMS = 0.51780
Epoca 880, RMS = 0.51747
Epoca 881, RMS = 0.51721
Epoca 882, RMS = 0.51702
Epoca 883, RMS = 0.51689
Epoca 884, RMS = 0.51681
Epoca 885, RMS = 0.51676
Epoca 886, RMS = 0.51674
Epoca 887, RMS = 0.51672
Epoca 888, RMS = 0.51669
Epoca 889, RMS = 0.51664
Epoca 890, RMS = 0.51655
Epoca 891, RMS = 0.51643
Epoca 892, RMS = 0.51627
Epoca 893, RMS = 0.51608
Epoca 894, RMS = 0.51587
Epoca 895, RMS = 0.51565
Epoca 896, RMS = 0.51544
Epoca 897, RMS = 0.51524
Epoca 898, RMS = 0.51505
Epoca 899, RMS = 0.51488
Epoca 900, RMS = 0.51472
Epoca 901, RMS = 0.51458
Epoca 902, RMS = 0.51443
Epoca 903, RMS = 0.51429
Epoca 904, RMS = 0.51413
Epoca 905, RMS = 0.51396
Epoca 906, RMS = 0.51378
Epoca 907, RMS = 0.51358
Epoca 908, RMS = 0.51338
Epoca 909, RMS = 0.51317
Epoca 910, RMS = 0.51297
Epoca 911, RMS = 0.51277
Epoca 912, RMS = 0.51258
Epoca 913, RMS = 0.51239
Epoca 914, RMS = 0.51221
Epoca 915, RMS = 0.51203
Epoca 916, RMS = 0.51185
Epoca 917, RMS = 0.51167
Epoca 918, RMS = 0.51148
Epoca 919, RMS = 0.51128
Epoca 920, RMS = 0.51108
Epoca 921, RMS = 0.51086
Epoca 922, RMS = 0.51063
Epoca 923, RMS = 0.51039
Epoca 924, RMS = 0.51014
Epoca 925, RMS = 0.50988
Epoca 926, RMS = 0.50960
Epoca 927, RMS = 0.50931
Epoca 928, RMS = 0.50901
Epoca 929, RMS = 0.50868
Epoca 930, RMS = 0.50834
Epoca 931, RMS = 0.50798
Epoca 932, RMS = 0.50760
Epoca 933, RMS = 0.50721
Epoca 934, RMS = 0.50682
Epoca 935, RMS = 0.50642
Epoca 936, RMS = 0.50603
Epoca 937, RMS = 0.50564
Epoca 938, RMS = 0.50526
Epoca 939, RMS = 0.50490
Epoca 940, RMS = 0.50456
Epoca 941, RMS = 0.50423
Epoca 942, RMS = 0.50393
Epoca 943, RMS = 0.50364
Epoca 944, RMS = 0.50337
Epoca 945, RMS = 0.50312
Epoca 946, RMS = 0.50288
Epoca 947, RMS = 0.50266
Epoca 948, RMS = 0.50245
Epoca 949, RMS = 0.50225
Epoca 950, RMS = 0.50205
Epoca 951, RMS = 0.50187
Epoca 952, RMS = 0.50169
Epoca 953, RMS = 0.50151
Epoca 954, RMS = 0.50134
Epoca 955, RMS = 0.50117
Epoca 956, RMS = 0.50100
Epoca 957, RMS = 0.50083
Epoca 958, RMS = 0.50067
Epoca 959, RMS = 0.50050
Epoca 960, RMS = 0.50033
Epoca 961, RMS = 0.50016
Epoca 962, RMS = 0.49999
Epoca 963, RMS = 0.49981
Epoca 964, RMS = 0.49964
Epoca 965, RMS = 0.49946
Epoca 966, RMS = 0.49928
Epoca 967, RMS = 0.49910
Epoca 968, RMS = 0.49892
Epoca 969, RMS = 0.49873
Epoca 970, RMS = 0.49855
Epoca 971, RMS = 0.49837
Epoca 972, RMS = 0.49819
Epoca 973, RMS = 0.49801
Epoca 974, RMS = 0.49784
Epoca 975, RMS = 0.49767
Epoca 976, RMS = 0.49751
Epoca 977, RMS = 0.49736
Epoca 978, RMS = 0.49723
Epoca 979, RMS = 0.49710
Epoca 980, RMS = 0.49700
Epoca 981, RMS = 0.49692
Epoca 982, RMS = 0.49687
Epoca 983, RMS = 0.49685
Epoca 984, RMS = 0.49688
Epoca 985, RMS = 0.49696
Epoca 986, RMS = 0.49711
Epoca 987, RMS = 0.49733
Epoca 988, RMS = 0.49765
Epoca 989, RMS = 0.49808
Epoca 990, RMS = 0.49862
Epoca 991, RMS = 0.49930
Epoca 992, RMS = 0.50011
Epoca 993, RMS = 0.50107
Epoca 994, RMS = 0.50214
Epoca 995, RMS = 0.50331
Epoca 996, RMS = 0.50455
Epoca 997, RMS = 0.50582
Epoca 998, RMS = 0.50707
Epoca 999, RMS = 0.50825
Epoca 1000, RMS = 0.50935

##################TEST##################
Z[0] = -0.01
Z[1] = 0.24
Z[2] = 0.33
Z[3] = -0.38
Z[4] = -0.02
Z[5] = 0.59
Z[6] = -0.44
Z[7] = -0.84
Y_IN 0.71
T[0] = 0 Y[0] = 0.34
Y_IN 1.57
T[1] = 1 Y[1] = 0.66
Z[0] = -0.06
Z[1] = 0.07
Z[2] = 0.31
Z[3] = -0.36
Z[4] = -0.04
Z[5] = 0.79
Z[6] = -0.72
Z[7] = -0.94
Y_IN 0.95
T[0] = 1 Y[0] = 0.44
Y_IN 1.92
T[1] = 0 Y[1] = 0.74
Z[0] = 0.26
Z[1] = -0.74
Z[2] = 0.52
Z[3] = -0.29
Z[4] = 0.06
Z[5] = -0.34
Z[6] = -0.75
Z[7] = -0.49
Y_IN 1.38
T[0] = 1 Y[0] = 0.60
Y_IN 0.59
T[1] = 0 Y[1] = 0.29
Z[0] = 0.21
Z[1] = -0.81
Z[2] = 0.50
Z[3] = -0.26
Z[4] = 0.04
Z[5] = 0.04
Z[6] = -0.89
Z[7] = -0.78
Y_IN 1.48
T[0] = 0 Y[0] = 0.63
Y_IN 1.16
T[1] = 1 Y[1] = 0.52
