0.49 -0.21 
0.27 0.48 
-0.21 -0.48 
-0.02 0.34 
0.41 -0.16 0.44 0.21 
0.33 -0.47 -0.48 -0.29 
-0.35 -0.13 0.03 -0.19 0.49 0.49 

##################LEARN##################
Epoca 1, RMS = 0.70001
Epoca 2, RMS = 0.61152
Epoca 3, RMS = 0.52530
Epoca 4, RMS = 0.45333
Epoca 5, RMS = 0.40256
Epoca 6, RMS = 0.37250
Epoca 7, RMS = 0.35724
Epoca 8, RMS = 0.35074
Epoca 9, RMS = 0.34892
Epoca 10, RMS = 0.34939
Epoca 11, RMS = 0.35082
Epoca 12, RMS = 0.35254
Epoca 13, RMS = 0.35424
Epoca 14, RMS = 0.35580
Epoca 15, RMS = 0.35720
Epoca 16, RMS = 0.35842
Epoca 17, RMS = 0.35948
Epoca 18, RMS = 0.36039
Epoca 19, RMS = 0.36117
Epoca 20, RMS = 0.36181
Epoca 21, RMS = 0.36234
Epoca 22, RMS = 0.36277
Epoca 23, RMS = 0.36310
Epoca 24, RMS = 0.36334
Epoca 25, RMS = 0.36349
Epoca 26, RMS = 0.36357
Epoca 27, RMS = 0.36357
Epoca 28, RMS = 0.36351
Epoca 29, RMS = 0.36337
Epoca 30, RMS = 0.36318
Epoca 31, RMS = 0.36292
Epoca 32, RMS = 0.36260
Epoca 33, RMS = 0.36223
Epoca 34, RMS = 0.36179
Epoca 35, RMS = 0.36129
Epoca 36, RMS = 0.36072
Epoca 37, RMS = 0.36010
Epoca 38, RMS = 0.35941
Epoca 39, RMS = 0.35865
Epoca 40, RMS = 0.35782
Epoca 41, RMS = 0.35691
Epoca 42, RMS = 0.35593
Epoca 43, RMS = 0.35488
Epoca 44, RMS = 0.35373
Epoca 45, RMS = 0.35251
Epoca 46, RMS = 0.35119
Epoca 47, RMS = 0.34979
Epoca 48, RMS = 0.34831
Epoca 49, RMS = 0.34674
Epoca 50, RMS = 0.34510
Epoca 51, RMS = 0.34339
Epoca 52, RMS = 0.34165
Epoca 53, RMS = 0.33990
Epoca 54, RMS = 0.33819
Epoca 55, RMS = 0.33656
Epoca 56, RMS = 0.33511
Epoca 57, RMS = 0.33390
Epoca 58, RMS = 0.33303
Epoca 59, RMS = 0.33257
Epoca 60, RMS = 0.33257
Epoca 61, RMS = 0.33304
Epoca 62, RMS = 0.33388
Epoca 63, RMS = 0.33495
Epoca 64, RMS = 0.33606
Epoca 65, RMS = 0.33701
Epoca 66, RMS = 0.33765
Epoca 67, RMS = 0.33790
Epoca 68, RMS = 0.33773
Epoca 69, RMS = 0.33720
Epoca 70, RMS = 0.33637
Epoca 71, RMS = 0.33532
Epoca 72, RMS = 0.33413
Epoca 73, RMS = 0.33286
Epoca 74, RMS = 0.33158
Epoca 75, RMS = 0.33032
Epoca 76, RMS = 0.32912
Epoca 77, RMS = 0.32799
Epoca 78, RMS = 0.32695
Epoca 79, RMS = 0.32600
Epoca 80, RMS = 0.32513
Epoca 81, RMS = 0.32434
Epoca 82, RMS = 0.32361
Epoca 83, RMS = 0.32293
Epoca 84, RMS = 0.32226
Epoca 85, RMS = 0.32160
Epoca 86, RMS = 0.32093
Epoca 87, RMS = 0.32024
Epoca 88, RMS = 0.31951
Epoca 89, RMS = 0.31874
Epoca 90, RMS = 0.31794
Epoca 91, RMS = 0.31709
Epoca 92, RMS = 0.31622
Epoca 93, RMS = 0.31532
Epoca 94, RMS = 0.31439
Epoca 95, RMS = 0.31346
Epoca 96, RMS = 0.31251
Epoca 97, RMS = 0.31155
Epoca 98, RMS = 0.31059
Epoca 99, RMS = 0.30963
Epoca 100, RMS = 0.30866
Epoca 101, RMS = 0.30768
Epoca 102, RMS = 0.30670
Epoca 103, RMS = 0.30571
Epoca 104, RMS = 0.30472
Epoca 105, RMS = 0.30371
Epoca 106, RMS = 0.30269
Epoca 107, RMS = 0.30166
Epoca 108, RMS = 0.30062
Epoca 109, RMS = 0.29957
Epoca 110, RMS = 0.29850
Epoca 111, RMS = 0.29743
Epoca 112, RMS = 0.29635
Epoca 113, RMS = 0.29526
Epoca 114, RMS = 0.29417
Epoca 115, RMS = 0.29306
Epoca 116, RMS = 0.29196
Epoca 117, RMS = 0.29084
Epoca 118, RMS = 0.28972
Epoca 119, RMS = 0.28859
Epoca 120, RMS = 0.28746
Epoca 121, RMS = 0.28631
Epoca 122, RMS = 0.28517
Epoca 123, RMS = 0.28401
Epoca 124, RMS = 0.28285
Epoca 125, RMS = 0.28169
Epoca 126, RMS = 0.28051
Epoca 127, RMS = 0.27933
Epoca 128, RMS = 0.27815
Epoca 129, RMS = 0.27696
Epoca 130, RMS = 0.27576
Epoca 131, RMS = 0.27456
Epoca 132, RMS = 0.27335
Epoca 133, RMS = 0.27213
Epoca 134, RMS = 0.27091
Epoca 135, RMS = 0.26968
Epoca 136, RMS = 0.26844
Epoca 137, RMS = 0.26720
Epoca 138, RMS = 0.26594
Epoca 139, RMS = 0.26468
Epoca 140, RMS = 0.26341
Epoca 141, RMS = 0.26213
Epoca 142, RMS = 0.26084
Epoca 143, RMS = 0.25954
Epoca 144, RMS = 0.25823
Epoca 145, RMS = 0.25691
Epoca 146, RMS = 0.25557
Epoca 147, RMS = 0.25423
Epoca 148, RMS = 0.25287
Epoca 149, RMS = 0.25150
Epoca 150, RMS = 0.25012
Epoca 151, RMS = 0.24872
Epoca 152, RMS = 0.24731
Epoca 153, RMS = 0.24589
Epoca 154, RMS = 0.24446
Epoca 155, RMS = 0.24302
Epoca 156, RMS = 0.24157
Epoca 157, RMS = 0.24012
Epoca 158, RMS = 0.23866
Epoca 159, RMS = 0.23720
Epoca 160, RMS = 0.23573
Epoca 161, RMS = 0.23427
Epoca 162, RMS = 0.23281
Epoca 163, RMS = 0.23136
Epoca 164, RMS = 0.22989
Epoca 165, RMS = 0.22842
Epoca 166, RMS = 0.22692
Epoca 167, RMS = 0.22537
Epoca 168, RMS = 0.22376
Epoca 169, RMS = 0.22205
Epoca 170, RMS = 0.22022
Epoca 171, RMS = 0.21824
Epoca 172, RMS = 0.21610
Epoca 173, RMS = 0.21382
Epoca 174, RMS = 0.21141
Epoca 175, RMS = 0.20892
Epoca 176, RMS = 0.20640
Epoca 177, RMS = 0.20391
Epoca 178, RMS = 0.20151
Epoca 179, RMS = 0.19923
Epoca 180, RMS = 0.19710
Epoca 181, RMS = 0.19515
Epoca 182, RMS = 0.19335
Epoca 183, RMS = 0.19171
Epoca 184, RMS = 0.19021
Epoca 185, RMS = 0.18881
Epoca 186, RMS = 0.18748
Epoca 187, RMS = 0.18621
Epoca 188, RMS = 0.18495
Epoca 189, RMS = 0.18370
Epoca 190, RMS = 0.18241
Epoca 191, RMS = 0.18109
Epoca 192, RMS = 0.17971
Epoca 193, RMS = 0.17827
Epoca 194, RMS = 0.17676
Epoca 195, RMS = 0.17518
Epoca 196, RMS = 0.17354
Epoca 197, RMS = 0.17183
Epoca 198, RMS = 0.17006
Epoca 199, RMS = 0.16825
Epoca 200, RMS = 0.16639
Epoca 201, RMS = 0.16451
Epoca 202, RMS = 0.16260
Epoca 203, RMS = 0.16068
Epoca 204, RMS = 0.15876
Epoca 205, RMS = 0.15684
Epoca 206, RMS = 0.15493
Epoca 207, RMS = 0.15304
Epoca 208, RMS = 0.15117
Epoca 209, RMS = 0.14932
Epoca 210, RMS = 0.14751
Epoca 211, RMS = 0.14572
Epoca 212, RMS = 0.14397
Epoca 213, RMS = 0.14224
Epoca 214, RMS = 0.14055
Epoca 215, RMS = 0.13890
Epoca 216, RMS = 0.13728
Epoca 217, RMS = 0.13569
Epoca 218, RMS = 0.13413
Epoca 219, RMS = 0.13260
Epoca 220, RMS = 0.13111
Epoca 221, RMS = 0.12965
Epoca 222, RMS = 0.12821
Epoca 223, RMS = 0.12681
Epoca 224, RMS = 0.12543
Epoca 225, RMS = 0.12408
Epoca 226, RMS = 0.12276
Epoca 227, RMS = 0.12147
Epoca 228, RMS = 0.12020
Epoca 229, RMS = 0.11895
Epoca 230, RMS = 0.11773
Epoca 231, RMS = 0.11653
Epoca 232, RMS = 0.11536
Epoca 233, RMS = 0.11420
Epoca 234, RMS = 0.11307
Epoca 235, RMS = 0.11196
Epoca 236, RMS = 0.11086
Epoca 237, RMS = 0.10979
Epoca 238, RMS = 0.10873
Epoca 239, RMS = 0.10770
Epoca 240, RMS = 0.10668
Epoca 241, RMS = 0.10567
Epoca 242, RMS = 0.10468
Epoca 243, RMS = 0.10371
Epoca 244, RMS = 0.10276
Epoca 245, RMS = 0.10182
Epoca 246, RMS = 0.10089
Epoca 247, RMS = 0.09998
Epoca 248, RMS = 0.09908
Epoca 249, RMS = 0.09819
Epoca 250, RMS = 0.09732
Epoca 251, RMS = 0.09646
Epoca 252, RMS = 0.09561
Epoca 253, RMS = 0.09477
Epoca 254, RMS = 0.09395
Epoca 255, RMS = 0.09314
Epoca 256, RMS = 0.09233
Epoca 257, RMS = 0.09154
Epoca 258, RMS = 0.09076
Epoca 259, RMS = 0.08999
Epoca 260, RMS = 0.08923
Epoca 261, RMS = 0.08847
Epoca 262, RMS = 0.08773
Epoca 263, RMS = 0.08700
Epoca 264, RMS = 0.08627
Epoca 265, RMS = 0.08556
Epoca 266, RMS = 0.08485
Epoca 267, RMS = 0.08415
Epoca 268, RMS = 0.08346
Epoca 269, RMS = 0.08277
Epoca 270, RMS = 0.08210
Epoca 271, RMS = 0.08143
Epoca 272, RMS = 0.08077
Epoca 273, RMS = 0.08011
Epoca 274, RMS = 0.07947
Epoca 275, RMS = 0.07883
Epoca 276, RMS = 0.07820
Epoca 277, RMS = 0.07757
Epoca 278, RMS = 0.07696
Epoca 279, RMS = 0.07635
Epoca 280, RMS = 0.07575
Epoca 281, RMS = 0.07517
Epoca 282, RMS = 0.07460
Epoca 283, RMS = 0.07404
Epoca 284, RMS = 0.07350
Epoca 285, RMS = 0.07299
Epoca 286, RMS = 0.07251
Epoca 287, RMS = 0.07207
Epoca 288, RMS = 0.07169
Epoca 289, RMS = 0.07137
Epoca 290, RMS = 0.07115
Epoca 291, RMS = 0.07104
Epoca 292, RMS = 0.07107
Epoca 293, RMS = 0.07124
Epoca 294, RMS = 0.07156
Epoca 295, RMS = 0.07198
Epoca 296, RMS = 0.07245
Epoca 297, RMS = 0.07286
Epoca 298, RMS = 0.07314
Epoca 299, RMS = 0.07321
Epoca 300, RMS = 0.07303
Epoca 301, RMS = 0.07260
Epoca 302, RMS = 0.07195
Epoca 303, RMS = 0.07113
Epoca 304, RMS = 0.07020
Epoca 305, RMS = 0.06922
Epoca 306, RMS = 0.06825
Epoca 307, RMS = 0.06733
Epoca 308, RMS = 0.06646
Epoca 309, RMS = 0.06566
Epoca 310, RMS = 0.06493
Epoca 311, RMS = 0.06427
Epoca 312, RMS = 0.06365
Epoca 313, RMS = 0.06307
Epoca 314, RMS = 0.06252
Epoca 315, RMS = 0.06199
Epoca 316, RMS = 0.06147
Epoca 317, RMS = 0.06096
Epoca 318, RMS = 0.06045
Epoca 319, RMS = 0.05996
Epoca 320, RMS = 0.05949
Epoca 321, RMS = 0.05903
Epoca 322, RMS = 0.05859
Epoca 323, RMS = 0.05817
Epoca 324, RMS = 0.05777
Epoca 325, RMS = 0.05738
Epoca 326, RMS = 0.05701
Epoca 327, RMS = 0.05664
Epoca 328, RMS = 0.05629
Epoca 329, RMS = 0.05594
Epoca 330, RMS = 0.05559
Epoca 331, RMS = 0.05524
Epoca 332, RMS = 0.05491
Epoca 333, RMS = 0.05457
Epoca 334, RMS = 0.05424
Epoca 335, RMS = 0.05391
Epoca 336, RMS = 0.05359
Epoca 337, RMS = 0.05328
Epoca 338, RMS = 0.05297
Epoca 339, RMS = 0.05267
Epoca 340, RMS = 0.05238
Epoca 341, RMS = 0.05209
Epoca 342, RMS = 0.05180
Epoca 343, RMS = 0.05152
Epoca 344, RMS = 0.05124
Epoca 345, RMS = 0.05097
Epoca 346, RMS = 0.05069
Epoca 347, RMS = 0.05042
Epoca 348, RMS = 0.05016
Epoca 349, RMS = 0.04989

##################TEST##################
Z[0] = 0.99
Z[1] = 0.79
Z[2] = -0.97
Z[3] = 0.73
Y_IN 2.96
T[0] = 1 Y[0] = 0.90
Y_IN 0.05
T[1] = 0 Y[1] = 0.03
Z[0] = 1.00
Z[1] = 0.92
Z[2] = -0.99
Z[3] = 0.95
Y_IN 3.53
T[0] = 1 Y[0] = 0.94
Y_IN -0.37
T[1] = 0 Y[1] = -0.18
Z[0] = 0.93
Z[1] = 0.53
Z[2] = -0.94
Z[3] = -0.36
Y_IN 0.14
T[0] = 0 Y[0] = 0.07
Y_IN 2.04
T[1] = 1 Y[1] = 0.77
Z[0] = 0.98
Z[1] = 0.81
Z[2] = -0.98
Z[3] = 0.50
Y_IN 2.36
T[0] = 1 Y[0] = 0.83
Y_IN 0.47
T[1] = 0 Y[1] = 0.23
