0.49 -0.21 
0.27 0.48 
-0.21 -0.48 
-0.02 0.34 0.41 
-0.16 0.44 0.21 
0.33 -0.47 -0.48 -0.29 -0.35 

##################LEARN##################
Epoca 1, RMS = 1.49433
Epoca 2, RMS = 1.21255
Epoca 3, RMS = 0.94824
Epoca 4, RMS = 0.75428
Epoca 5, RMS = 0.63939
Epoca 6, RMS = 0.58081
Epoca 7, RMS = 0.55205
Epoca 8, RMS = 0.53753
Epoca 9, RMS = 0.52995
Epoca 10, RMS = 0.52594
Epoca 11, RMS = 0.52382
Epoca 12, RMS = 0.52273
Epoca 13, RMS = 0.52223
Epoca 14, RMS = 0.52204
Epoca 15, RMS = 0.52203
Epoca 16, RMS = 0.52211
Epoca 17, RMS = 0.52225
Epoca 18, RMS = 0.52240
Epoca 19, RMS = 0.52256
Epoca 20, RMS = 0.52271
Epoca 21, RMS = 0.52287
Epoca 22, RMS = 0.52301
Epoca 23, RMS = 0.52314
Epoca 24, RMS = 0.52327
Epoca 25, RMS = 0.52339
Epoca 26, RMS = 0.52350
Epoca 27, RMS = 0.52360
Epoca 28, RMS = 0.52369
Epoca 29, RMS = 0.52378
Epoca 30, RMS = 0.52386
Epoca 31, RMS = 0.52394
Epoca 32, RMS = 0.52401
Epoca 33, RMS = 0.52407
Epoca 34, RMS = 0.52414
Epoca 35, RMS = 0.52419
Epoca 36, RMS = 0.52424
Epoca 37, RMS = 0.52429
Epoca 38, RMS = 0.52434
Epoca 39, RMS = 0.52438
Epoca 40, RMS = 0.52441
Epoca 41, RMS = 0.52445
Epoca 42, RMS = 0.52448
Epoca 43, RMS = 0.52451
Epoca 44, RMS = 0.52453
Epoca 45, RMS = 0.52456
Epoca 46, RMS = 0.52458
Epoca 47, RMS = 0.52459
Epoca 48, RMS = 0.52461
Epoca 49, RMS = 0.52462
Epoca 50, RMS = 0.52463
Epoca 51, RMS = 0.52464
Epoca 52, RMS = 0.52465
Epoca 53, RMS = 0.52465
Epoca 54, RMS = 0.52465
Epoca 55, RMS = 0.52466
Epoca 56, RMS = 0.52465
Epoca 57, RMS = 0.52465
Epoca 58, RMS = 0.52465
Epoca 59, RMS = 0.52464
Epoca 60, RMS = 0.52463
Epoca 61, RMS = 0.52462
Epoca 62, RMS = 0.52461
Epoca 63, RMS = 0.52459
Epoca 64, RMS = 0.52458
Epoca 65, RMS = 0.52456
Epoca 66, RMS = 0.52454
Epoca 67, RMS = 0.52452
Epoca 68, RMS = 0.52449
Epoca 69, RMS = 0.52447
Epoca 70, RMS = 0.52444
Epoca 71, RMS = 0.52441
Epoca 72, RMS = 0.52438
Epoca 73, RMS = 0.52434
Epoca 74, RMS = 0.52431
Epoca 75, RMS = 0.52427
Epoca 76, RMS = 0.52423
Epoca 77, RMS = 0.52419
Epoca 78, RMS = 0.52414
Epoca 79, RMS = 0.52410
Epoca 80, RMS = 0.52405
Epoca 81, RMS = 0.52399
Epoca 82, RMS = 0.52394
Epoca 83, RMS = 0.52388
Epoca 84, RMS = 0.52382
Epoca 85, RMS = 0.52376
Epoca 86, RMS = 0.52370
Epoca 87, RMS = 0.52363
Epoca 88, RMS = 0.52356
Epoca 89, RMS = 0.52348
Epoca 90, RMS = 0.52341
Epoca 91, RMS = 0.52333
Epoca 92, RMS = 0.52324
Epoca 93, RMS = 0.52316
Epoca 94, RMS = 0.52307
Epoca 95, RMS = 0.52298
Epoca 96, RMS = 0.52288
Epoca 97, RMS = 0.52278
Epoca 98, RMS = 0.52268
Epoca 99, RMS = 0.52257
Epoca 100, RMS = 0.52246
Epoca 101, RMS = 0.52234
Epoca 102, RMS = 0.52222
Epoca 103, RMS = 0.52210
Epoca 104, RMS = 0.52198
Epoca 105, RMS = 0.52185
Epoca 106, RMS = 0.52174
Epoca 107, RMS = 0.52164
Epoca 108, RMS = 0.52156
Epoca 109, RMS = 0.52151
Epoca 110, RMS = 0.52149
Epoca 111, RMS = 0.52152
Epoca 112, RMS = 0.52158
Epoca 113, RMS = 0.52169
Epoca 114, RMS = 0.52183
Epoca 115, RMS = 0.52201
Epoca 116, RMS = 0.52219
Epoca 117, RMS = 0.52240
Epoca 118, RMS = 0.52260
Epoca 119, RMS = 0.52281
Epoca 120, RMS = 0.52301
Epoca 121, RMS = 0.52321
Epoca 122, RMS = 0.52340
Epoca 123, RMS = 0.52358
Epoca 124, RMS = 0.52375
Epoca 125, RMS = 0.52391
Epoca 126, RMS = 0.52406
Epoca 127, RMS = 0.52420
Epoca 128, RMS = 0.52433
Epoca 129, RMS = 0.52445
Epoca 130, RMS = 0.52457
Epoca 131, RMS = 0.52467
Epoca 132, RMS = 0.52477
Epoca 133, RMS = 0.52486
Epoca 134, RMS = 0.52494
Epoca 135, RMS = 0.52502
Epoca 136, RMS = 0.52509
Epoca 137, RMS = 0.52515
Epoca 138, RMS = 0.52521
Epoca 139, RMS = 0.52526
Epoca 140, RMS = 0.52531
Epoca 141, RMS = 0.52535
Epoca 142, RMS = 0.52539
Epoca 143, RMS = 0.52543
Epoca 144, RMS = 0.52546
Epoca 145, RMS = 0.52548
Epoca 146, RMS = 0.52551
Epoca 147, RMS = 0.52552
Epoca 148, RMS = 0.52554
Epoca 149, RMS = 0.52555
Epoca 150, RMS = 0.52556
Epoca 151, RMS = 0.52556
Epoca 152, RMS = 0.52556
Epoca 153, RMS = 0.52556
Epoca 154, RMS = 0.52555
Epoca 155, RMS = 0.52555
Epoca 156, RMS = 0.52553
Epoca 157, RMS = 0.52552
Epoca 158, RMS = 0.52550
Epoca 159, RMS = 0.52548
Epoca 160, RMS = 0.52545
Epoca 161, RMS = 0.52542
Epoca 162, RMS = 0.52539
Epoca 163, RMS = 0.52535
Epoca 164, RMS = 0.52531
Epoca 165, RMS = 0.52526
Epoca 166, RMS = 0.52521
Epoca 167, RMS = 0.52516
Epoca 168, RMS = 0.52510
Epoca 169, RMS = 0.52504
Epoca 170, RMS = 0.52497
Epoca 171, RMS = 0.52489
Epoca 172, RMS = 0.52481
Epoca 173, RMS = 0.52472
Epoca 174, RMS = 0.52463
Epoca 175, RMS = 0.52453
Epoca 176, RMS = 0.52442
Epoca 177, RMS = 0.52430
Epoca 178, RMS = 0.52418
Epoca 179, RMS = 0.52405
Epoca 180, RMS = 0.52390
Epoca 181, RMS = 0.52375
Epoca 182, RMS = 0.52359
Epoca 183, RMS = 0.52343
Epoca 184, RMS = 0.52325
Epoca 185, RMS = 0.52306
Epoca 186, RMS = 0.52287
Epoca 187, RMS = 0.52267
Epoca 188, RMS = 0.52247
Epoca 189, RMS = 0.52227
Epoca 190, RMS = 0.52207
Epoca 191, RMS = 0.52187
Epoca 192, RMS = 0.52169
Epoca 193, RMS = 0.52153
Epoca 194, RMS = 0.52140
Epoca 195, RMS = 0.52129
Epoca 196, RMS = 0.52122
Epoca 197, RMS = 0.52118
Epoca 198, RMS = 0.52118
Epoca 199, RMS = 0.52121
Epoca 200, RMS = 0.52128
Epoca 201, RMS = 0.52136
Epoca 202, RMS = 0.52146
Epoca 203, RMS = 0.52157
Epoca 204, RMS = 0.52169
Epoca 205, RMS = 0.52180
Epoca 206, RMS = 0.52191
Epoca 207, RMS = 0.52202
Epoca 208, RMS = 0.52211
Epoca 209, RMS = 0.52221
Epoca 210, RMS = 0.52229
Epoca 211, RMS = 0.52237
Epoca 212, RMS = 0.52245
Epoca 213, RMS = 0.52252
Epoca 214, RMS = 0.52259
Epoca 215, RMS = 0.52265
Epoca 216, RMS = 0.52271
Epoca 217, RMS = 0.52276
Epoca 218, RMS = 0.52282
Epoca 219, RMS = 0.52286
Epoca 220, RMS = 0.52291
Epoca 221, RMS = 0.52295
Epoca 222, RMS = 0.52299
Epoca 223, RMS = 0.52303
Epoca 224, RMS = 0.52306
Epoca 225, RMS = 0.52309
Epoca 226, RMS = 0.52311
Epoca 227, RMS = 0.52313
Epoca 228, RMS = 0.52316
Epoca 229, RMS = 0.52317
Epoca 230, RMS = 0.52319
Epoca 231, RMS = 0.52320
Epoca 232, RMS = 0.52321
Epoca 233, RMS = 0.52321
Epoca 234, RMS = 0.52322
Epoca 235, RMS = 0.52322
Epoca 236, RMS = 0.52322
Epoca 237, RMS = 0.52322
Epoca 238, RMS = 0.52321
Epoca 239, RMS = 0.52321
Epoca 240, RMS = 0.52320
Epoca 241, RMS = 0.52318
Epoca 242, RMS = 0.52317
Epoca 243, RMS = 0.52316
Epoca 244, RMS = 0.52314
Epoca 245, RMS = 0.52312
Epoca 246, RMS = 0.52310
Epoca 247, RMS = 0.52307
Epoca 248, RMS = 0.52305
Epoca 249, RMS = 0.52302
Epoca 250, RMS = 0.52299
Epoca 251, RMS = 0.52296
Epoca 252, RMS = 0.52293
Epoca 253, RMS = 0.52290
Epoca 254, RMS = 0.52286
Epoca 255, RMS = 0.52282
Epoca 256, RMS = 0.52278
Epoca 257, RMS = 0.52274
Epoca 258, RMS = 0.52270
Epoca 259, RMS = 0.52266
Epoca 260, RMS = 0.52261
Epoca 261, RMS = 0.52257
Epoca 262, RMS = 0.52252
Epoca 263, RMS = 0.52248
Epoca 264, RMS = 0.52243
Epoca 265, RMS = 0.52238
Epoca 266, RMS = 0.52233
Epoca 267, RMS = 0.52228
Epoca 268, RMS = 0.52223
Epoca 269, RMS = 0.52219
Epoca 270, RMS = 0.52214
Epoca 271, RMS = 0.52209
Epoca 272, RMS = 0.52204
Epoca 273, RMS = 0.52200
Epoca 274, RMS = 0.52195
Epoca 275, RMS = 0.52191
Epoca 276, RMS = 0.52186
Epoca 277, RMS = 0.52182
Epoca 278, RMS = 0.52178
Epoca 279, RMS = 0.52174
Epoca 280, RMS = 0.52171
Epoca 281, RMS = 0.52167
Epoca 282, RMS = 0.52164
Epoca 283, RMS = 0.52161
Epoca 284, RMS = 0.52158
Epoca 285, RMS = 0.52155
Epoca 286, RMS = 0.52152
Epoca 287, RMS = 0.52150
Epoca 288, RMS = 0.52148
Epoca 289, RMS = 0.52147
Epoca 290, RMS = 0.52147
Epoca 291, RMS = 0.52147
Epoca 292, RMS = 0.52148
Epoca 293, RMS = 0.52150
Epoca 294, RMS = 0.52153
Epoca 295, RMS = 0.52156
Epoca 296, RMS = 0.52161
Epoca 297, RMS = 0.52166
Epoca 298, RMS = 0.52171
Epoca 299, RMS = 0.52177
Epoca 300, RMS = 0.52183
Epoca 301, RMS = 0.52190
Epoca 302, RMS = 0.52197
Epoca 303, RMS = 0.52204
Epoca 304, RMS = 0.52210
Epoca 305, RMS = 0.52217
Epoca 306, RMS = 0.52224
Epoca 307, RMS = 0.52230
Epoca 308, RMS = 0.52236
Epoca 309, RMS = 0.52241
Epoca 310, RMS = 0.52247
Epoca 311, RMS = 0.52252
Epoca 312, RMS = 0.52256
Epoca 313, RMS = 0.52260
Epoca 314, RMS = 0.52264
Epoca 315, RMS = 0.52267
Epoca 316, RMS = 0.52270
Epoca 317, RMS = 0.52272
Epoca 318, RMS = 0.52274
Epoca 319, RMS = 0.52275
Epoca 320, RMS = 0.52276
Epoca 321, RMS = 0.52276
Epoca 322, RMS = 0.52276
Epoca 323, RMS = 0.52276
Epoca 324, RMS = 0.52275
Epoca 325, RMS = 0.52273
Epoca 326, RMS = 0.52271
Epoca 327, RMS = 0.52269
Epoca 328, RMS = 0.52266
Epoca 329, RMS = 0.52263
Epoca 330, RMS = 0.52260
Epoca 331, RMS = 0.52256
Epoca 332, RMS = 0.52251
Epoca 333, RMS = 0.52246
Epoca 334, RMS = 0.52241
Epoca 335, RMS = 0.52236
Epoca 336, RMS = 0.52230
Epoca 337, RMS = 0.52224
Epoca 338, RMS = 0.52218
Epoca 339, RMS = 0.52211
Epoca 340, RMS = 0.52205
Epoca 341, RMS = 0.52198
Epoca 342, RMS = 0.52191
Epoca 343, RMS = 0.52184
Epoca 344, RMS = 0.52178
Epoca 345, RMS = 0.52171
Epoca 346, RMS = 0.52165
Epoca 347, RMS = 0.52158
Epoca 348, RMS = 0.52152
Epoca 349, RMS = 0.52147
Epoca 350, RMS = 0.52141
Epoca 351, RMS = 0.52137
Epoca 352, RMS = 0.52132
Epoca 353, RMS = 0.52128
Epoca 354, RMS = 0.52125
Epoca 355, RMS = 0.52122
Epoca 356, RMS = 0.52120
Epoca 357, RMS = 0.52118
Epoca 358, RMS = 0.52117
Epoca 359, RMS = 0.52116
Epoca 360, RMS = 0.52115
Epoca 361, RMS = 0.52115
Epoca 362, RMS = 0.52115
Epoca 363, RMS = 0.52115
Epoca 364, RMS = 0.52115
Epoca 365, RMS = 0.52116
Epoca 366, RMS = 0.52116
Epoca 367, RMS = 0.52117
Epoca 368, RMS = 0.52117
Epoca 369, RMS = 0.52117
Epoca 370, RMS = 0.52118
Epoca 371, RMS = 0.52118
Epoca 372, RMS = 0.52118
Epoca 373, RMS = 0.52118
Epoca 374, RMS = 0.52118
Epoca 375, RMS = 0.52118
Epoca 376, RMS = 0.52118
Epoca 377, RMS = 0.52118
Epoca 378, RMS = 0.52118
Epoca 379, RMS = 0.52118
Epoca 380, RMS = 0.52117
Epoca 381, RMS = 0.52117
Epoca 382, RMS = 0.52116
Epoca 383, RMS = 0.52116
Epoca 384, RMS = 0.52115
Epoca 385, RMS = 0.52114
Epoca 386, RMS = 0.52113
Epoca 387, RMS = 0.52112
Epoca 388, RMS = 0.52111
Epoca 389, RMS = 0.52110
Epoca 390, RMS = 0.52109
Epoca 391, RMS = 0.52107
Epoca 392, RMS = 0.52106
Epoca 393, RMS = 0.52104
Epoca 394, RMS = 0.52102
Epoca 395, RMS = 0.52100
Epoca 396, RMS = 0.52098
Epoca 397, RMS = 0.52096
Epoca 398, RMS = 0.52093
Epoca 399, RMS = 0.52090
Epoca 400, RMS = 0.52087
Epoca 401, RMS = 0.52084
Epoca 402, RMS = 0.52080
Epoca 403, RMS = 0.52076
Epoca 404, RMS = 0.52071
Epoca 405, RMS = 0.52065
Epoca 406, RMS = 0.52059
Epoca 407, RMS = 0.52052
Epoca 408, RMS = 0.52043
Epoca 409, RMS = 0.52032
Epoca 410, RMS = 0.52020
Epoca 411, RMS = 0.52004
Epoca 412, RMS = 0.51985
Epoca 413, RMS = 0.51962
Epoca 414, RMS = 0.51936
Epoca 415, RMS = 0.51918
Epoca 416, RMS = 0.51965
Epoca 417, RMS = 0.52324
Epoca 418, RMS = 0.53536
Epoca 419, RMS = 0.55060
Epoca 420, RMS = 0.55488
Epoca 421, RMS = 0.55095
Epoca 422, RMS = 0.54476
Epoca 423, RMS = 0.53892
Epoca 424, RMS = 0.53415
Epoca 425, RMS = 0.53047
Epoca 426, RMS = 0.52772
Epoca 427, RMS = 0.52567
Epoca 428, RMS = 0.52417
Epoca 429, RMS = 0.52308
Epoca 430, RMS = 0.52227
Epoca 431, RMS = 0.52169
Epoca 432, RMS = 0.52126
Epoca 433, RMS = 0.52095
Epoca 434, RMS = 0.52073
Epoca 435, RMS = 0.52056
Epoca 436, RMS = 0.52045
Epoca 437, RMS = 0.52036
Epoca 438, RMS = 0.52030
Epoca 439, RMS = 0.52026
Epoca 440, RMS = 0.52023
Epoca 441, RMS = 0.52021
Epoca 442, RMS = 0.52020
Epoca 443, RMS = 0.52019
Epoca 444, RMS = 0.52019
Epoca 445, RMS = 0.52018
Epoca 446, RMS = 0.52018
Epoca 447, RMS = 0.52018
Epoca 448, RMS = 0.52018
Epoca 449, RMS = 0.52018
Epoca 450, RMS = 0.52018
Epoca 451, RMS = 0.52019
Epoca 452, RMS = 0.52019
Epoca 453, RMS = 0.52019
Epoca 454, RMS = 0.52019
Epoca 455, RMS = 0.52019
Epoca 456, RMS = 0.52019
Epoca 457, RMS = 0.52019
Epoca 458, RMS = 0.52019
Epoca 459, RMS = 0.52019
Epoca 460, RMS = 0.52020
Epoca 461, RMS = 0.52020
Epoca 462, RMS = 0.52020
Epoca 463, RMS = 0.52021
Epoca 464, RMS = 0.52021
Epoca 465, RMS = 0.52022
Epoca 466, RMS = 0.52022
Epoca 467, RMS = 0.52023
Epoca 468, RMS = 0.52024
Epoca 469, RMS = 0.52025
Epoca 470, RMS = 0.52026
Epoca 471, RMS = 0.52027
Epoca 472, RMS = 0.52028
Epoca 473, RMS = 0.52030
Epoca 474, RMS = 0.52031
Epoca 475, RMS = 0.52033
Epoca 476, RMS = 0.52035
Epoca 477, RMS = 0.52036
Epoca 478, RMS = 0.52038
Epoca 479, RMS = 0.52040
Epoca 480, RMS = 0.52042
Epoca 481, RMS = 0.52044
Epoca 482, RMS = 0.52046
Epoca 483, RMS = 0.52048
Epoca 484, RMS = 0.52050
Epoca 485, RMS = 0.52052
Epoca 486, RMS = 0.52054
Epoca 487, RMS = 0.52056
Epoca 488, RMS = 0.52057
Epoca 489, RMS = 0.52059
Epoca 490, RMS = 0.52060
Epoca 491, RMS = 0.52062
Epoca 492, RMS = 0.52063
Epoca 493, RMS = 0.52064
Epoca 494, RMS = 0.52065
Epoca 495, RMS = 0.52066
Epoca 496, RMS = 0.52067
Epoca 497, RMS = 0.52067
Epoca 498, RMS = 0.52068
Epoca 499, RMS = 0.52069
Epoca 500, RMS = 0.52069
Epoca 501, RMS = 0.52069
Epoca 502, RMS = 0.52070
Epoca 503, RMS = 0.52070
Epoca 504, RMS = 0.52070
Epoca 505, RMS = 0.52071
Epoca 506, RMS = 0.52071
Epoca 507, RMS = 0.52071
Epoca 508, RMS = 0.52071
Epoca 509, RMS = 0.52071
Epoca 510, RMS = 0.52071
Epoca 511, RMS = 0.52071
Epoca 512, RMS = 0.52071
Epoca 513, RMS = 0.52071
Epoca 514, RMS = 0.52071
Epoca 515, RMS = 0.52071
Epoca 516, RMS = 0.52071
Epoca 517, RMS = 0.52071
Epoca 518, RMS = 0.52070
Epoca 519, RMS = 0.52070
Epoca 520, RMS = 0.52070
Epoca 521, RMS = 0.52070
Epoca 522, RMS = 0.52069
Epoca 523, RMS = 0.52069
Epoca 524, RMS = 0.52069
Epoca 525, RMS = 0.52068
Epoca 526, RMS = 0.52068
Epoca 527, RMS = 0.52067
Epoca 528, RMS = 0.52067
Epoca 529, RMS = 0.52067
Epoca 530, RMS = 0.52066
Epoca 531, RMS = 0.52066
Epoca 532, RMS = 0.52065
Epoca 533, RMS = 0.52064
Epoca 534, RMS = 0.52064
Epoca 535, RMS = 0.52063
Epoca 536, RMS = 0.52063
Epoca 537, RMS = 0.52062
Epoca 538, RMS = 0.52061
Epoca 539, RMS = 0.52061
Epoca 540, RMS = 0.52060
Epoca 541, RMS = 0.52059
Epoca 542, RMS = 0.52059
Epoca 543, RMS = 0.52058
Epoca 544, RMS = 0.52057
Epoca 545, RMS = 0.52057
Epoca 546, RMS = 0.52056
Epoca 547, RMS = 0.52055
Epoca 548, RMS = 0.52055
Epoca 549, RMS = 0.52054
Epoca 550, RMS = 0.52053
Epoca 551, RMS = 0.52052
Epoca 552, RMS = 0.52052
Epoca 553, RMS = 0.52051
Epoca 554, RMS = 0.52050
Epoca 555, RMS = 0.52050
Epoca 556, RMS = 0.52049
Epoca 557, RMS = 0.52048
Epoca 558, RMS = 0.52047
Epoca 559, RMS = 0.52047
Epoca 560, RMS = 0.52046
Epoca 561, RMS = 0.52045
Epoca 562, RMS = 0.52044
Epoca 563, RMS = 0.52044
Epoca 564, RMS = 0.52043
Epoca 565, RMS = 0.52042
Epoca 566, RMS = 0.52041
Epoca 567, RMS = 0.52041
Epoca 568, RMS = 0.52040
Epoca 569, RMS = 0.52039
Epoca 570, RMS = 0.52038
Epoca 571, RMS = 0.52037
Epoca 572, RMS = 0.52036
Epoca 573, RMS = 0.52036
Epoca 574, RMS = 0.52035
Epoca 575, RMS = 0.52034
Epoca 576, RMS = 0.52033
Epoca 577, RMS = 0.52032
Epoca 578, RMS = 0.52031
Epoca 579, RMS = 0.52030
Epoca 580, RMS = 0.52029
Epoca 581, RMS = 0.52028
Epoca 582, RMS = 0.52027
Epoca 583, RMS = 0.52026
Epoca 584, RMS = 0.52025
Epoca 585, RMS = 0.52024
Epoca 586, RMS = 0.52023
Epoca 587, RMS = 0.52022
Epoca 588, RMS = 0.52021
Epoca 589, RMS = 0.52020
Epoca 590, RMS = 0.52018
Epoca 591, RMS = 0.52017
Epoca 592, RMS = 0.52016
Epoca 593, RMS = 0.52015
Epoca 594, RMS = 0.52013
Epoca 595, RMS = 0.52012
Epoca 596, RMS = 0.52010
Epoca 597, RMS = 0.52009
Epoca 598, RMS = 0.52007
Epoca 599, RMS = 0.52005
Epoca 600, RMS = 0.52004
Epoca 601, RMS = 0.52002
Epoca 602, RMS = 0.52000
Epoca 603, RMS = 0.51998
Epoca 604, RMS = 0.51996
Epoca 605, RMS = 0.51994
Epoca 606, RMS = 0.51992
Epoca 607, RMS = 0.51990
Epoca 608, RMS = 0.51987
Epoca 609, RMS = 0.51985
Epoca 610, RMS = 0.51982
Epoca 611, RMS = 0.51979
Epoca 612, RMS = 0.51976
Epoca 613, RMS = 0.51973
Epoca 614, RMS = 0.51970
Epoca 615, RMS = 0.51967
Epoca 616, RMS = 0.51963
Epoca 617, RMS = 0.51960
Epoca 618, RMS = 0.51956
Epoca 619, RMS = 0.51952
Epoca 620, RMS = 0.51947
Epoca 621, RMS = 0.51943
Epoca 622, RMS = 0.51938
Epoca 623, RMS = 0.51933
Epoca 624, RMS = 0.51928
Epoca 625, RMS = 0.51922
Epoca 626, RMS = 0.51916
Epoca 627, RMS = 0.51909
Epoca 628, RMS = 0.51903
Epoca 629, RMS = 0.51895
Epoca 630, RMS = 0.51887
Epoca 631, RMS = 0.51879
Epoca 632, RMS = 0.51870
Epoca 633, RMS = 0.51861
Epoca 634, RMS = 0.51850
Epoca 635, RMS = 0.51839
Epoca 636, RMS = 0.51827
Epoca 637, RMS = 0.51814
Epoca 638, RMS = 0.51801
Epoca 639, RMS = 0.51786
Epoca 640, RMS = 0.51769
Epoca 641, RMS = 0.51752
Epoca 642, RMS = 0.51733
Epoca 643, RMS = 0.51712
Epoca 644, RMS = 0.51691
Epoca 645, RMS = 0.51668
Epoca 646, RMS = 0.51644
Epoca 647, RMS = 0.51620
Epoca 648, RMS = 0.51598
Epoca 649, RMS = 0.51580
Epoca 650, RMS = 0.51573
Epoca 651, RMS = 0.51586
Epoca 652, RMS = 0.51637
Epoca 653, RMS = 0.51754
Epoca 654, RMS = 0.51962
Epoca 655, RMS = 0.52242
Epoca 656, RMS = 0.52507
Epoca 657, RMS = 0.52679
Epoca 658, RMS = 0.52747
Epoca 659, RMS = 0.52741
Epoca 660, RMS = 0.52689
Epoca 661, RMS = 0.52616
Epoca 662, RMS = 0.52535
Epoca 663, RMS = 0.52457
Epoca 664, RMS = 0.52385
Epoca 665, RMS = 0.52323
Epoca 666, RMS = 0.52271
Epoca 667, RMS = 0.52228
Epoca 668, RMS = 0.52195
Epoca 669, RMS = 0.52170
Epoca 670, RMS = 0.52151
Epoca 671, RMS = 0.52138
Epoca 672, RMS = 0.52129
Epoca 673, RMS = 0.52124
Epoca 674, RMS = 0.52121
Epoca 675, RMS = 0.52120
Epoca 676, RMS = 0.52121
Epoca 677, RMS = 0.52122
Epoca 678, RMS = 0.52124
Epoca 679, RMS = 0.52127
Epoca 680, RMS = 0.52129
Epoca 681, RMS = 0.52132
Epoca 682, RMS = 0.52135
Epoca 683, RMS = 0.52137
Epoca 684, RMS = 0.52139
Epoca 685, RMS = 0.52142
Epoca 686, RMS = 0.52143
Epoca 687, RMS = 0.52145
Epoca 688, RMS = 0.52146
Epoca 689, RMS = 0.52148
Epoca 690, RMS = 0.52149
Epoca 691, RMS = 0.52149
Epoca 692, RMS = 0.52150
Epoca 693, RMS = 0.52150
Epoca 694, RMS = 0.52150
Epoca 695, RMS = 0.52150
Epoca 696, RMS = 0.52149
Epoca 697, RMS = 0.52149
Epoca 698, RMS = 0.52148
Epoca 699, RMS = 0.52147
Epoca 700, RMS = 0.52146
Epoca 701, RMS = 0.52145
Epoca 702, RMS = 0.52144
Epoca 703, RMS = 0.52142
Epoca 704, RMS = 0.52141
Epoca 705, RMS = 0.52139
Epoca 706, RMS = 0.52138
Epoca 707, RMS = 0.52136
Epoca 708, RMS = 0.52134
Epoca 709, RMS = 0.52132
Epoca 710, RMS = 0.52131
Epoca 711, RMS = 0.52129
Epoca 712, RMS = 0.52127
Epoca 713, RMS = 0.52125
Epoca 714, RMS = 0.52123
Epoca 715, RMS = 0.52122
Epoca 716, RMS = 0.52120
Epoca 717, RMS = 0.52118
Epoca 718, RMS = 0.52117
Epoca 719, RMS = 0.52115
Epoca 720, RMS = 0.52114
Epoca 721, RMS = 0.52113
Epoca 722, RMS = 0.52111
Epoca 723, RMS = 0.52110
Epoca 724, RMS = 0.52109
Epoca 725, RMS = 0.52108
Epoca 726, RMS = 0.52107
Epoca 727, RMS = 0.52106
Epoca 728, RMS = 0.52105
Epoca 729, RMS = 0.52105
Epoca 730, RMS = 0.52104
Epoca 731, RMS = 0.52103
Epoca 732, RMS = 0.52103
Epoca 733, RMS = 0.52102
Epoca 734, RMS = 0.52102
Epoca 735, RMS = 0.52102
Epoca 736, RMS = 0.52101
Epoca 737, RMS = 0.52101
Epoca 738, RMS = 0.52101
Epoca 739, RMS = 0.52101
Epoca 740, RMS = 0.52100
Epoca 741, RMS = 0.52100
Epoca 742, RMS = 0.52100
Epoca 743, RMS = 0.52100
Epoca 744, RMS = 0.52100
Epoca 745, RMS = 0.52100
Epoca 746, RMS = 0.52099
Epoca 747, RMS = 0.52099
Epoca 748, RMS = 0.52099
Epoca 749, RMS = 0.52099
Epoca 750, RMS = 0.52099
Epoca 751, RMS = 0.52098
Epoca 752, RMS = 0.52098
Epoca 753, RMS = 0.52098
Epoca 754, RMS = 0.52097
Epoca 755, RMS = 0.52097
Epoca 756, RMS = 0.52096
Epoca 757, RMS = 0.52095
Epoca 758, RMS = 0.52095
Epoca 759, RMS = 0.52094
Epoca 760, RMS = 0.52093
Epoca 761, RMS = 0.52092
Epoca 762, RMS = 0.52091
Epoca 763, RMS = 0.52090
Epoca 764, RMS = 0.52089
Epoca 765, RMS = 0.52088
Epoca 766, RMS = 0.52087
Epoca 767, RMS = 0.52085
Epoca 768, RMS = 0.52084
Epoca 769, RMS = 0.52083
Epoca 770, RMS = 0.52081
Epoca 771, RMS = 0.52079
Epoca 772, RMS = 0.52077
Epoca 773, RMS = 0.52075
Epoca 774, RMS = 0.52073
Epoca 775, RMS = 0.52071
Epoca 776, RMS = 0.52069
Epoca 777, RMS = 0.52067
Epoca 778, RMS = 0.52064
Epoca 779, RMS = 0.52061
Epoca 780, RMS = 0.52059
Epoca 781, RMS = 0.52056
Epoca 782, RMS = 0.52053
Epoca 783, RMS = 0.52049
Epoca 784, RMS = 0.52046
Epoca 785, RMS = 0.52042
Epoca 786, RMS = 0.52039
Epoca 787, RMS = 0.52034
Epoca 788, RMS = 0.52030
Epoca 789, RMS = 0.52026
Epoca 790, RMS = 0.52021
Epoca 791, RMS = 0.52016
Epoca 792, RMS = 0.52010
Epoca 793, RMS = 0.52004
Epoca 794, RMS = 0.51998
Epoca 795, RMS = 0.51991
Epoca 796, RMS = 0.51984
Epoca 797, RMS = 0.51976
Epoca 798, RMS = 0.51967
Epoca 799, RMS = 0.51958
Epoca 800, RMS = 0.51947
Epoca 801, RMS = 0.51936
Epoca 802, RMS = 0.51924
Epoca 803, RMS = 0.51910
Epoca 804, RMS = 0.51895
Epoca 805, RMS = 0.51878
Epoca 806, RMS = 0.51859
Epoca 807, RMS = 0.51838
Epoca 808, RMS = 0.51814
Epoca 809, RMS = 0.51786
Epoca 810, RMS = 0.51755
Epoca 811, RMS = 0.51719
Epoca 812, RMS = 0.51678
Epoca 813, RMS = 0.51632
Epoca 814, RMS = 0.51582
Epoca 815, RMS = 0.51531
Epoca 816, RMS = 0.51487
Epoca 817, RMS = 0.51461
Epoca 818, RMS = 0.51466
Epoca 819, RMS = 0.51505
Epoca 820, RMS = 0.51565
Epoca 821, RMS = 0.51627
Epoca 822, RMS = 0.51676
Epoca 823, RMS = 0.51708
Epoca 824, RMS = 0.51723
Epoca 825, RMS = 0.51728
Epoca 826, RMS = 0.51726
Epoca 827, RMS = 0.51722
Epoca 828, RMS = 0.51721
Epoca 829, RMS = 0.51731
Epoca 830, RMS = 0.51767
Epoca 831, RMS = 0.51870
Epoca 832, RMS = 0.52151
Epoca 833, RMS = 0.52987
Epoca 834, RMS = 0.55843
Epoca 835, RMS = 0.64794
Epoca 836, RMS = 0.77162
Epoca 837, RMS = 0.78700
Epoca 838, RMS = 0.72092
Epoca 839, RMS = 0.64949
Epoca 840, RMS = 0.59365
Epoca 841, RMS = 0.55405
Epoca 842, RMS = 0.52830
Epoca 843, RMS = 0.51632
Epoca 844, RMS = 0.51798
Epoca 845, RMS = 0.52677
Epoca 846, RMS = 0.53495
Epoca 847, RMS = 0.53972
Epoca 848, RMS = 0.54137
Epoca 849, RMS = 0.54087
Epoca 850, RMS = 0.53905
Epoca 851, RMS = 0.53652
Epoca 852, RMS = 0.53371
Epoca 853, RMS = 0.53089
Epoca 854, RMS = 0.52824
Epoca 855, RMS = 0.52586
Epoca 856, RMS = 0.52379
Epoca 857, RMS = 0.52206
Epoca 858, RMS = 0.52065
Epoca 859, RMS = 0.51953
Epoca 860, RMS = 0.51867
Epoca 861, RMS = 0.51803
Epoca 862, RMS = 0.51759
Epoca 863, RMS = 0.51731
Epoca 864, RMS = 0.51719
Epoca 865, RMS = 0.51719
Epoca 866, RMS = 0.51733
Epoca 867, RMS = 0.51757
Epoca 868, RMS = 0.51792
Epoca 869, RMS = 0.51836
Epoca 870, RMS = 0.51885
Epoca 871, RMS = 0.51935
Epoca 872, RMS = 0.51982
Epoca 873, RMS = 0.52020
Epoca 874, RMS = 0.52044
Epoca 875, RMS = 0.52050
Epoca 876, RMS = 0.52039
Epoca 877, RMS = 0.52012
Epoca 878, RMS = 0.51974
Epoca 879, RMS = 0.51930
Epoca 880, RMS = 0.51885
Epoca 881, RMS = 0.51843
Epoca 882, RMS = 0.51807
Epoca 883, RMS = 0.51778
Epoca 884, RMS = 0.51756
Epoca 885, RMS = 0.51740
Epoca 886, RMS = 0.51729
Epoca 887, RMS = 0.51722
Epoca 888, RMS = 0.51717
Epoca 889, RMS = 0.51713
Epoca 890, RMS = 0.51709
Epoca 891, RMS = 0.51705
Epoca 892, RMS = 0.51701
Epoca 893, RMS = 0.51697
Epoca 894, RMS = 0.51692
Epoca 895, RMS = 0.51688
Epoca 896, RMS = 0.51684
Epoca 897, RMS = 0.51680
Epoca 898, RMS = 0.51676
Epoca 899, RMS = 0.51673
Epoca 900, RMS = 0.51670
Epoca 901, RMS = 0.51668
Epoca 902, RMS = 0.51665
Epoca 903, RMS = 0.51663
Epoca 904, RMS = 0.51661
Epoca 905, RMS = 0.51659
Epoca 906, RMS = 0.51656
Epoca 907, RMS = 0.51653
Epoca 908, RMS = 0.51649
Epoca 909, RMS = 0.51645
Epoca 910, RMS = 0.51640
Epoca 911, RMS = 0.51634
Epoca 912, RMS = 0.51628
Epoca 913, RMS = 0.51621
Epoca 914, RMS = 0.51614
Epoca 915, RMS = 0.51606
Epoca 916, RMS = 0.51598
Epoca 917, RMS = 0.51590
Epoca 918, RMS = 0.51581
Epoca 919, RMS = 0.51572
Epoca 920, RMS = 0.51562
Epoca 921, RMS = 0.51553
Epoca 922, RMS = 0.51543
Epoca 923, RMS = 0.51533
Epoca 924, RMS = 0.51522
Epoca 925, RMS = 0.51511
Epoca 926, RMS = 0.51500
Epoca 927, RMS = 0.51488
Epoca 928, RMS = 0.51476
Epoca 929, RMS = 0.51464
Epoca 930, RMS = 0.51451
Epoca 931, RMS = 0.51438
Epoca 932, RMS = 0.51424
Epoca 933, RMS = 0.51410
Epoca 934, RMS = 0.51395
Epoca 935, RMS = 0.51379
Epoca 936, RMS = 0.51363
Epoca 937, RMS = 0.51346
Epoca 938, RMS = 0.51328
Epoca 939, RMS = 0.51309
Epoca 940, RMS = 0.51290
Epoca 941, RMS = 0.51269
Epoca 942, RMS = 0.51248
Epoca 943, RMS = 0.51226
Epoca 944, RMS = 0.51203
Epoca 945, RMS = 0.51179
Epoca 946, RMS = 0.51154
Epoca 947, RMS = 0.51128
Epoca 948, RMS = 0.51101
Epoca 949, RMS = 0.51074
Epoca 950, RMS = 0.51047
Epoca 951, RMS = 0.51020
Epoca 952, RMS = 0.50993
Epoca 953, RMS = 0.50967
Epoca 954, RMS = 0.50943
Epoca 955, RMS = 0.50921
Epoca 956, RMS = 0.50904
Epoca 957, RMS = 0.50892
Epoca 958, RMS = 0.50888
Epoca 959, RMS = 0.50893
Epoca 960, RMS = 0.50910
Epoca 961, RMS = 0.50942
Epoca 962, RMS = 0.50988
Epoca 963, RMS = 0.51050
Epoca 964, RMS = 0.51125
Epoca 965, RMS = 0.51207
Epoca 966, RMS = 0.51286
Epoca 967, RMS = 0.51350
Epoca 968, RMS = 0.51387
Epoca 969, RMS = 0.51391
Epoca 970, RMS = 0.51360
Epoca 971, RMS = 0.51302
Epoca 972, RMS = 0.51225
Epoca 973, RMS = 0.51140
Epoca 974, RMS = 0.51053
Epoca 975, RMS = 0.50970
Epoca 976, RMS = 0.50893
Epoca 977, RMS = 0.50823
Epoca 978, RMS = 0.50760
Epoca 979, RMS = 0.50705
Epoca 980, RMS = 0.50657
Epoca 981, RMS = 0.50615
Epoca 982, RMS = 0.50578
Epoca 983, RMS = 0.50547
Epoca 984, RMS = 0.50521
Epoca 985, RMS = 0.50500
Epoca 986, RMS = 0.50484
Epoca 987, RMS = 0.50473
Epoca 988, RMS = 0.50469
Epoca 989, RMS = 0.50471
Epoca 990, RMS = 0.50479
Epoca 991, RMS = 0.50494
Epoca 992, RMS = 0.50515
Epoca 993, RMS = 0.50539
Epoca 994, RMS = 0.50563
Epoca 995, RMS = 0.50585
Epoca 996, RMS = 0.50601
Epoca 997, RMS = 0.50611
Epoca 998, RMS = 0.50612
Epoca 999, RMS = 0.50607
Epoca 1000, RMS = 0.50597

##################TEST##################
Z[0] = 0.68
Z[1] = 0.86
Z[2] = 0.38
Y_IN 1.12
T[0] = 0 Y[0] = 0.51
Y_IN 1.06
T[1] = 1 Y[1] = 0.49
Z[0] = 0.78
Z[1] = 0.96
Z[2] = 0.40
Y_IN 1.14
T[0] = 1 Y[0] = 0.52
Y_IN 1.10
T[1] = 0 Y[1] = 0.50
Z[0] = 0.75
Z[1] = 0.55
Z[2] = 0.35
Y_IN 1.10
T[0] = 1 Y[0] = 0.50
Y_IN 0.81
T[1] = 0 Y[1] = 0.38
Z[0] = 0.83
Z[1] = 0.84
Z[2] = 0.37
Y_IN 1.14
T[0] = 0 Y[0] = 0.52
Y_IN 1.01
T[1] = 1 Y[1] = 0.46
