0.49 -0.21 
0.27 0.48 
-0.21 -0.48 
-0.02 0.34 
0.41 -0.16 
0.44 0.21 
0.33 -0.47 
-0.48 -0.29 
-0.35 -0.13 0.03 -0.19 0.49 0.49 0.10 -0.35 
-0.35 0.21 -0.05 0.17 0.17 0.24 0.41 0.15 
-0.47 0.18 0.13 -0.18 0.19 -0.39 -0.34 0.11 -0.05 -0.40 

##################LEARN##################
Epoca 1, RMS = 0.99362
Epoca 2, RMS = 0.74089
Epoca 3, RMS = 0.52882
Epoca 4, RMS = 0.42436
Epoca 5, RMS = 0.39236
Epoca 6, RMS = 0.38702
Epoca 7, RMS = 0.38764
Epoca 8, RMS = 0.38829
Epoca 9, RMS = 0.38810
Epoca 10, RMS = 0.38739
Epoca 11, RMS = 0.38651
Epoca 12, RMS = 0.38560
Epoca 13, RMS = 0.38469
Epoca 14, RMS = 0.38375
Epoca 15, RMS = 0.38278
Epoca 16, RMS = 0.38175
Epoca 17, RMS = 0.38066
Epoca 18, RMS = 0.37951
Epoca 19, RMS = 0.37831
Epoca 20, RMS = 0.37706
Epoca 21, RMS = 0.37577
Epoca 22, RMS = 0.37445
Epoca 23, RMS = 0.37311
Epoca 24, RMS = 0.37175
Epoca 25, RMS = 0.37039
Epoca 26, RMS = 0.36903
Epoca 27, RMS = 0.36769
Epoca 28, RMS = 0.36636
Epoca 29, RMS = 0.36506
Epoca 30, RMS = 0.36379
Epoca 31, RMS = 0.36257
Epoca 32, RMS = 0.36140
Epoca 33, RMS = 0.36028
Epoca 34, RMS = 0.35922
Epoca 35, RMS = 0.35823
Epoca 36, RMS = 0.35728
Epoca 37, RMS = 0.35638
Epoca 38, RMS = 0.35551
Epoca 39, RMS = 0.35463
Epoca 40, RMS = 0.35374
Epoca 41, RMS = 0.35279
Epoca 42, RMS = 0.35177
Epoca 43, RMS = 0.35065
Epoca 44, RMS = 0.34940
Epoca 45, RMS = 0.34802
Epoca 46, RMS = 0.34651
Epoca 47, RMS = 0.34488
Epoca 48, RMS = 0.34314
Epoca 49, RMS = 0.34135
Epoca 50, RMS = 0.33953
Epoca 51, RMS = 0.33775
Epoca 52, RMS = 0.33608
Epoca 53, RMS = 0.33458
Epoca 54, RMS = 0.33332
Epoca 55, RMS = 0.33237
Epoca 56, RMS = 0.33176
Epoca 57, RMS = 0.33150
Epoca 58, RMS = 0.33154
Epoca 59, RMS = 0.33182
Epoca 60, RMS = 0.33225
Epoca 61, RMS = 0.33271
Epoca 62, RMS = 0.33311
Epoca 63, RMS = 0.33340
Epoca 64, RMS = 0.33352
Epoca 65, RMS = 0.33348
Epoca 66, RMS = 0.33328
Epoca 67, RMS = 0.33294
Epoca 68, RMS = 0.33250
Epoca 69, RMS = 0.33200
Epoca 70, RMS = 0.33144
Epoca 71, RMS = 0.33087
Epoca 72, RMS = 0.33030
Epoca 73, RMS = 0.32975
Epoca 74, RMS = 0.32922
Epoca 75, RMS = 0.32872
Epoca 76, RMS = 0.32825
Epoca 77, RMS = 0.32781
Epoca 78, RMS = 0.32740
Epoca 79, RMS = 0.32701
Epoca 80, RMS = 0.32663
Epoca 81, RMS = 0.32626
Epoca 82, RMS = 0.32589
Epoca 83, RMS = 0.32551
Epoca 84, RMS = 0.32512
Epoca 85, RMS = 0.32471
Epoca 86, RMS = 0.32427
Epoca 87, RMS = 0.32381
Epoca 88, RMS = 0.32332
Epoca 89, RMS = 0.32279
Epoca 90, RMS = 0.32223
Epoca 91, RMS = 0.32162
Epoca 92, RMS = 0.32098
Epoca 93, RMS = 0.32030
Epoca 94, RMS = 0.31957
Epoca 95, RMS = 0.31879
Epoca 96, RMS = 0.31797
Epoca 97, RMS = 0.31710
Epoca 98, RMS = 0.31618
Epoca 99, RMS = 0.31520
Epoca 100, RMS = 0.31417
Epoca 101, RMS = 0.31309
Epoca 102, RMS = 0.31195
Epoca 103, RMS = 0.31076
Epoca 104, RMS = 0.30950
Epoca 105, RMS = 0.30820
Epoca 106, RMS = 0.30683
Epoca 107, RMS = 0.30542
Epoca 108, RMS = 0.30395
Epoca 109, RMS = 0.30243
Epoca 110, RMS = 0.30087
Epoca 111, RMS = 0.29927
Epoca 112, RMS = 0.29764
Epoca 113, RMS = 0.29597
Epoca 114, RMS = 0.29429
Epoca 115, RMS = 0.29259
Epoca 116, RMS = 0.29089
Epoca 117, RMS = 0.28919
Epoca 118, RMS = 0.28750
Epoca 119, RMS = 0.28583
Epoca 120, RMS = 0.28419
Epoca 121, RMS = 0.28258
Epoca 122, RMS = 0.28101
Epoca 123, RMS = 0.27948
Epoca 124, RMS = 0.27798
Epoca 125, RMS = 0.27651
Epoca 126, RMS = 0.27508
Epoca 127, RMS = 0.27367
Epoca 128, RMS = 0.27229
Epoca 129, RMS = 0.27093
Epoca 130, RMS = 0.26958
Epoca 131, RMS = 0.26825
Epoca 132, RMS = 0.26694
Epoca 133, RMS = 0.26563
Epoca 134, RMS = 0.26434
Epoca 135, RMS = 0.26307
Epoca 136, RMS = 0.26181
Epoca 137, RMS = 0.26056
Epoca 138, RMS = 0.25933
Epoca 139, RMS = 0.25810
Epoca 140, RMS = 0.25688
Epoca 141, RMS = 0.25567
Epoca 142, RMS = 0.25445
Epoca 143, RMS = 0.25323
Epoca 144, RMS = 0.25200
Epoca 145, RMS = 0.25077
Epoca 146, RMS = 0.24952
Epoca 147, RMS = 0.24825
Epoca 148, RMS = 0.24697
Epoca 149, RMS = 0.24568
Epoca 150, RMS = 0.24437
Epoca 151, RMS = 0.24304
Epoca 152, RMS = 0.24169
Epoca 153, RMS = 0.24033
Epoca 154, RMS = 0.23895
Epoca 155, RMS = 0.23757
Epoca 156, RMS = 0.23617
Epoca 157, RMS = 0.23477
Epoca 158, RMS = 0.23336
Epoca 159, RMS = 0.23196
Epoca 160, RMS = 0.23055
Epoca 161, RMS = 0.22915
Epoca 162, RMS = 0.22775
Epoca 163, RMS = 0.22637
Epoca 164, RMS = 0.22499
Epoca 165, RMS = 0.22363
Epoca 166, RMS = 0.22228
Epoca 167, RMS = 0.22094
Epoca 168, RMS = 0.21962
Epoca 169, RMS = 0.21831
Epoca 170, RMS = 0.21701
Epoca 171, RMS = 0.21572
Epoca 172, RMS = 0.21444
Epoca 173, RMS = 0.21316
Epoca 174, RMS = 0.21190
Epoca 175, RMS = 0.21063
Epoca 176, RMS = 0.20936
Epoca 177, RMS = 0.20809
Epoca 178, RMS = 0.20682
Epoca 179, RMS = 0.20555
Epoca 180, RMS = 0.20426
Epoca 181, RMS = 0.20297
Epoca 182, RMS = 0.20167
Epoca 183, RMS = 0.20037
Epoca 184, RMS = 0.19905
Epoca 185, RMS = 0.19772
Epoca 186, RMS = 0.19638
Epoca 187, RMS = 0.19504
Epoca 188, RMS = 0.19368
Epoca 189, RMS = 0.19231
Epoca 190, RMS = 0.19094
Epoca 191, RMS = 0.18956
Epoca 192, RMS = 0.18818
Epoca 193, RMS = 0.18679
Epoca 194, RMS = 0.18539
Epoca 195, RMS = 0.18399
Epoca 196, RMS = 0.18259
Epoca 197, RMS = 0.18119
Epoca 198, RMS = 0.17979
Epoca 199, RMS = 0.17838
Epoca 200, RMS = 0.17698
Epoca 201, RMS = 0.17558
Epoca 202, RMS = 0.17418
Epoca 203, RMS = 0.17279
Epoca 204, RMS = 0.17140
Epoca 205, RMS = 0.17001
Epoca 206, RMS = 0.16863
Epoca 207, RMS = 0.16725
Epoca 208, RMS = 0.16588
Epoca 209, RMS = 0.16452
Epoca 210, RMS = 0.16317
Epoca 211, RMS = 0.16182
Epoca 212, RMS = 0.16048
Epoca 213, RMS = 0.15915
Epoca 214, RMS = 0.15783
Epoca 215, RMS = 0.15652
Epoca 216, RMS = 0.15522
Epoca 217, RMS = 0.15392
Epoca 218, RMS = 0.15264
Epoca 219, RMS = 0.15137
Epoca 220, RMS = 0.15011
Epoca 221, RMS = 0.14887
Epoca 222, RMS = 0.14763
Epoca 223, RMS = 0.14640
Epoca 224, RMS = 0.14519
Epoca 225, RMS = 0.14399
Epoca 226, RMS = 0.14280
Epoca 227, RMS = 0.14163
Epoca 228, RMS = 0.14047
Epoca 229, RMS = 0.13932
Epoca 230, RMS = 0.13818
Epoca 231, RMS = 0.13706
Epoca 232, RMS = 0.13595
Epoca 233, RMS = 0.13486
Epoca 234, RMS = 0.13378
Epoca 235, RMS = 0.13272
Epoca 236, RMS = 0.13166
Epoca 237, RMS = 0.13063
Epoca 238, RMS = 0.12961
Epoca 239, RMS = 0.12860
Epoca 240, RMS = 0.12761
Epoca 241, RMS = 0.12663
Epoca 242, RMS = 0.12567
Epoca 243, RMS = 0.12473
Epoca 244, RMS = 0.12380
Epoca 245, RMS = 0.12289
Epoca 246, RMS = 0.12199
Epoca 247, RMS = 0.12111
Epoca 248, RMS = 0.12024
Epoca 249, RMS = 0.11940
Epoca 250, RMS = 0.11856
Epoca 251, RMS = 0.11775
Epoca 252, RMS = 0.11695
Epoca 253, RMS = 0.11617
Epoca 254, RMS = 0.11540
Epoca 255, RMS = 0.11465
Epoca 256, RMS = 0.11392
Epoca 257, RMS = 0.11320
Epoca 258, RMS = 0.11250
Epoca 259, RMS = 0.11182
Epoca 260, RMS = 0.11115
Epoca 261, RMS = 0.11050
Epoca 262, RMS = 0.10987
Epoca 263, RMS = 0.10925
Epoca 264, RMS = 0.10865
Epoca 265, RMS = 0.10806
Epoca 266, RMS = 0.10749
Epoca 267, RMS = 0.10694
Epoca 268, RMS = 0.10640
Epoca 269, RMS = 0.10588
Epoca 270, RMS = 0.10538
Epoca 271, RMS = 0.10489
Epoca 272, RMS = 0.10442
Epoca 273, RMS = 0.10396
Epoca 274, RMS = 0.10352
Epoca 275, RMS = 0.10309
Epoca 276, RMS = 0.10268
Epoca 277, RMS = 0.10229
Epoca 278, RMS = 0.10191
Epoca 279, RMS = 0.10155
Epoca 280, RMS = 0.10120
Epoca 281, RMS = 0.10087
Epoca 282, RMS = 0.10056
Epoca 283, RMS = 0.10026
Epoca 284, RMS = 0.09998
Epoca 285, RMS = 0.09972
Epoca 286, RMS = 0.09947
Epoca 287, RMS = 0.09923
Epoca 288, RMS = 0.09902
Epoca 289, RMS = 0.09882
Epoca 290, RMS = 0.09863
Epoca 291, RMS = 0.09846
Epoca 292, RMS = 0.09831
Epoca 293, RMS = 0.09818
Epoca 294, RMS = 0.09806
Epoca 295, RMS = 0.09796
Epoca 296, RMS = 0.09788
Epoca 297, RMS = 0.09781
Epoca 298, RMS = 0.09775
Epoca 299, RMS = 0.09771
Epoca 300, RMS = 0.09769
Epoca 301, RMS = 0.09768
Epoca 302, RMS = 0.09769
Epoca 303, RMS = 0.09770
Epoca 304, RMS = 0.09773
Epoca 305, RMS = 0.09777
Epoca 306, RMS = 0.09782
Epoca 307, RMS = 0.09788
Epoca 308, RMS = 0.09795
Epoca 309, RMS = 0.09802
Epoca 310, RMS = 0.09809
Epoca 311, RMS = 0.09817
Epoca 312, RMS = 0.09825
Epoca 313, RMS = 0.09832
Epoca 314, RMS = 0.09839
Epoca 315, RMS = 0.09846
Epoca 316, RMS = 0.09852
Epoca 317, RMS = 0.09857
Epoca 318, RMS = 0.09862
Epoca 319, RMS = 0.09864
Epoca 320, RMS = 0.09866
Epoca 321, RMS = 0.09866
Epoca 322, RMS = 0.09865
Epoca 323, RMS = 0.09861
Epoca 324, RMS = 0.09856
Epoca 325, RMS = 0.09850
Epoca 326, RMS = 0.09841
Epoca 327, RMS = 0.09830
Epoca 328, RMS = 0.09818
Epoca 329, RMS = 0.09803
Epoca 330, RMS = 0.09787
Epoca 331, RMS = 0.09769
Epoca 332, RMS = 0.09749
Epoca 333, RMS = 0.09727
Epoca 334, RMS = 0.09704
Epoca 335, RMS = 0.09679
Epoca 336, RMS = 0.09653
Epoca 337, RMS = 0.09625
Epoca 338, RMS = 0.09596
Epoca 339, RMS = 0.09565
Epoca 340, RMS = 0.09534
Epoca 341, RMS = 0.09501
Epoca 342, RMS = 0.09467
Epoca 343, RMS = 0.09432
Epoca 344, RMS = 0.09397
Epoca 345, RMS = 0.09360
Epoca 346, RMS = 0.09323
Epoca 347, RMS = 0.09286
Epoca 348, RMS = 0.09248
Epoca 349, RMS = 0.09209
Epoca 350, RMS = 0.09170
Epoca 351, RMS = 0.09130
Epoca 352, RMS = 0.09091
Epoca 353, RMS = 0.09051
Epoca 354, RMS = 0.09010
Epoca 355, RMS = 0.08970
Epoca 356, RMS = 0.08929
Epoca 357, RMS = 0.08889
Epoca 358, RMS = 0.08848
Epoca 359, RMS = 0.08807
Epoca 360, RMS = 0.08767
Epoca 361, RMS = 0.08726
Epoca 362, RMS = 0.08685
Epoca 363, RMS = 0.08645
Epoca 364, RMS = 0.08604
Epoca 365, RMS = 0.08564
Epoca 366, RMS = 0.08524
Epoca 367, RMS = 0.08484
Epoca 368, RMS = 0.08444
Epoca 369, RMS = 0.08404
Epoca 370, RMS = 0.08365
Epoca 371, RMS = 0.08326
Epoca 372, RMS = 0.08287
Epoca 373, RMS = 0.08248
Epoca 374, RMS = 0.08210
Epoca 375, RMS = 0.08171
Epoca 376, RMS = 0.08133
Epoca 377, RMS = 0.08096
Epoca 378, RMS = 0.08058
Epoca 379, RMS = 0.08021
Epoca 380, RMS = 0.07985
Epoca 381, RMS = 0.07948
Epoca 382, RMS = 0.07912
Epoca 383, RMS = 0.07876
Epoca 384, RMS = 0.07841
Epoca 385, RMS = 0.07806
Epoca 386, RMS = 0.07771
Epoca 387, RMS = 0.07737
Epoca 388, RMS = 0.07703
Epoca 389, RMS = 0.07669
Epoca 390, RMS = 0.07636
Epoca 391, RMS = 0.07603
Epoca 392, RMS = 0.07571
Epoca 393, RMS = 0.07538
Epoca 394, RMS = 0.07507
Epoca 395, RMS = 0.07476
Epoca 396, RMS = 0.07445
Epoca 397, RMS = 0.07414
Epoca 398, RMS = 0.07384
Epoca 399, RMS = 0.07355
Epoca 400, RMS = 0.07325
Epoca 401, RMS = 0.07297
Epoca 402, RMS = 0.07268
Epoca 403, RMS = 0.07240
Epoca 404, RMS = 0.07213
Epoca 405, RMS = 0.07186
Epoca 406, RMS = 0.07159
Epoca 407, RMS = 0.07133
Epoca 408, RMS = 0.07107
Epoca 409, RMS = 0.07082
Epoca 410, RMS = 0.07057
Epoca 411, RMS = 0.07033
Epoca 412, RMS = 0.07009
Epoca 413, RMS = 0.06985
Epoca 414, RMS = 0.06962
Epoca 415, RMS = 0.06940
Epoca 416, RMS = 0.06918
Epoca 417, RMS = 0.06896
Epoca 418, RMS = 0.06875
Epoca 419, RMS = 0.06854
Epoca 420, RMS = 0.06833
Epoca 421, RMS = 0.06813
Epoca 422, RMS = 0.06794
Epoca 423, RMS = 0.06775
Epoca 424, RMS = 0.06756
Epoca 425, RMS = 0.06738
Epoca 426, RMS = 0.06720
Epoca 427, RMS = 0.06702
Epoca 428, RMS = 0.06685
Epoca 429, RMS = 0.06669
Epoca 430, RMS = 0.06652
Epoca 431, RMS = 0.06636
Epoca 432, RMS = 0.06621
Epoca 433, RMS = 0.06605
Epoca 434, RMS = 0.06590
Epoca 435, RMS = 0.06576
Epoca 436, RMS = 0.06561
Epoca 437, RMS = 0.06547
Epoca 438, RMS = 0.06533
Epoca 439, RMS = 0.06519
Epoca 440, RMS = 0.06506
Epoca 441, RMS = 0.06492
Epoca 442, RMS = 0.06479
Epoca 443, RMS = 0.06465
Epoca 444, RMS = 0.06452
Epoca 445, RMS = 0.06439
Epoca 446, RMS = 0.06425
Epoca 447, RMS = 0.06411
Epoca 448, RMS = 0.06397
Epoca 449, RMS = 0.06383
Epoca 450, RMS = 0.06368
Epoca 451, RMS = 0.06353
Epoca 452, RMS = 0.06337
Epoca 453, RMS = 0.06320
Epoca 454, RMS = 0.06303
Epoca 455, RMS = 0.06284
Epoca 456, RMS = 0.06264
Epoca 457, RMS = 0.06243
Epoca 458, RMS = 0.06221
Epoca 459, RMS = 0.06197
Epoca 460, RMS = 0.06171
Epoca 461, RMS = 0.06143
Epoca 462, RMS = 0.06113
Epoca 463, RMS = 0.06081
Epoca 464, RMS = 0.06046
Epoca 465, RMS = 0.06010
Epoca 466, RMS = 0.05971
Epoca 467, RMS = 0.05930
Epoca 468, RMS = 0.05888
Epoca 469, RMS = 0.05844
Epoca 470, RMS = 0.05800
Epoca 471, RMS = 0.05756
Epoca 472, RMS = 0.05712
Epoca 473, RMS = 0.05668
Epoca 474, RMS = 0.05626
Epoca 475, RMS = 0.05583
Epoca 476, RMS = 0.05539
Epoca 477, RMS = 0.05492
Epoca 478, RMS = 0.05443
Epoca 479, RMS = 0.05389
Epoca 480, RMS = 0.05330
Epoca 481, RMS = 0.05266
Epoca 482, RMS = 0.05199
Epoca 483, RMS = 0.05128
Epoca 484, RMS = 0.05054
Epoca 485, RMS = 0.04979

##################TEST##################
Z[0] = -0.99
Z[1] = -0.31
Z[2] = -0.37
Z[3] = -0.92
Z[4] = 0.83
Z[5] = 0.92
Z[6] = -0.29
Z[7] = -0.86
Y_IN 4.10
T[0] = 1 Y[0] = 0.97
Y_IN 0.06
T[1] = 0 Y[1] = 0.03
Z[0] = -1.00
Z[1] = -0.15
Z[2] = -0.73
Z[3] = -0.95
Z[4] = 0.89
Z[5] = 0.97
Z[6] = -0.56
Z[7] = -0.98
Y_IN 5.08
T[0] = 1 Y[0] = 0.99
Y_IN -0.39
T[1] = 0 Y[1] = -0.19
Z[0] = -0.98
Z[1] = -0.62
Z[2] = 0.44
Z[3] = -0.87
Z[4] = 0.61
Z[5] = 0.73
Z[6] = -0.33
Z[7] = 0.11
Y_IN 0.00
T[0] = 0 Y[0] = 0.00
Y_IN 1.80
T[1] = 1 Y[1] = 0.72
Z[0] = -0.99
Z[1] = -0.51
Z[2] = -0.06
Z[3] = -0.92
Z[4] = 0.74
Z[5] = 0.90
Z[6] = -0.59
Z[7] = -0.70
Y_IN 2.92
T[0] = 1 Y[0] = 0.90
Y_IN 0.46
T[1] = 0 Y[1] = 0.23
