0.46 -0.22 
0.30 0.29 
-0.49 -0.12 
0.48 0.07 
0.32 0.07 
-0.36 0.33 
-0.04 0.48 -0.43 -0.30 -0.41 0.46 
-0.34 0.09 -0.26 -0.04 -0.34 -0.37 
-0.28 -0.41 0.30 -0.18 -0.26 0.06 -0.44 -0.30 

##################LEARN##################
1.35745
1.05145
0.77013
0.61992
0.56514
0.54925
0.54577
0.54535
0.54515
0.54457
0.54366
0.54264
0.54168
0.54091
0.54036
0.54003
0.53989
0.53988
0.53997
0.54012
0.54029
0.54046
0.54063
0.54079
0.54092
0.54104
0.54114
0.54123
0.54131
0.54137
0.54142
0.54147
0.54150
0.54154
0.54156
0.54159
0.54161
0.54163
0.54165
0.54166
0.54168
0.54170
0.54171
0.54172
0.54174
0.54175
0.54177
0.54178
0.54179
0.54181
0.54182
0.54183
0.54184
0.54186
0.54187
0.54188
0.54189
0.54190
0.54191
0.54192
0.54193
0.54194
0.54195
0.54196
0.54197
0.54197
0.54198
0.54198
0.54199
0.54199
0.54199
0.54200
0.54200
0.54200
0.54200
0.54200
0.54200
0.54200
0.54199
0.54199
0.54199
0.54198
0.54198
0.54197
0.54196
0.54195
0.54195
0.54194
0.54193
0.54192
0.54191
0.54189
0.54188
0.54187
0.54185
0.54184
0.54182
0.54181
0.54179
0.54177
0.54176
0.54174
0.54172
0.54170
0.54168
0.54166
0.54163
0.54161
0.54158
0.54156
0.54153
0.54151
0.54148
0.54145
0.54142
0.54139
0.54135
0.54132
0.54129
0.54125
0.54121
0.54117
0.54113
0.54108
0.54104
0.54099
0.54094
0.54089
0.54083
0.54078
0.54071
0.54065
0.54058
0.54051
0.54043
0.54035
0.54026
0.54016
0.54006
0.53995
0.53983
0.53971
0.53957
0.53941
0.53924
0.53906
0.53885
0.53862
0.53837
0.53808
0.53775
0.53738
0.53696
0.53650
0.53598
0.53543
0.53490
0.53444
0.53418
0.53418
0.53445
0.53484
0.53518
0.53537
0.53543
0.53542
0.53539
0.53538
0.53542
0.53553
0.53571
0.53597
0.53630
0.53664
0.53686
0.53688
0.53671
0.53647
0.53620
0.53594
0.53576
0.53569
0.53576
0.53595
0.53624
0.53660
0.53700
0.53742
0.53784
0.53825
0.53863
0.53897
0.53927
0.53952
0.53974
0.53991
0.54005
0.54015
0.54022
0.54027
0.54029
0.54030
0.54028
0.54025
0.54021
0.54016
0.54009
0.54002
0.53994
0.53986
0.53977
0.53968
0.53958
0.53948
0.53938
0.53927
0.53917
0.53906
0.53896
0.53885
0.53874
0.53863
0.53852
0.53842
0.53831
0.53820
0.53809
0.53798
0.53788
0.53777
0.53765
0.53754
0.53743
0.53732
0.53720
0.53708
0.53696
0.53684
0.53671
0.53658
0.53645
0.53632
0.53618
0.53603
0.53588
0.53573
0.53557
0.53541
0.53524
0.53506
0.53488
0.53469
0.53450
0.53430
0.53409
0.53388
0.53367
0.53345
0.53323
0.53300
0.53278
0.53257
0.53236
0.53217
0.53200
0.53186
0.53175
0.53169
0.53167
0.53169
0.53176
0.53184
0.53190
0.53190
0.53181
0.53160
0.53133
0.53108
0.53097
0.53116
0.53180
0.53305
0.53506
0.53780
0.54090
0.54353
0.54495
0.54504
0.54425
0.54313
0.54201
0.54104
0.54025
0.53961
0.53906
0.53856
0.53807
0.53755
0.53696
0.53629
0.53555
0.53480
0.53421
0.53399
0.53429
0.53500
0.53584
0.53661
0.53725
0.53778
0.53822
0.53859
0.53891
0.53919
0.53942
0.53962
0.53979
0.53993
0.54005
0.54014
0.54021
0.54026
0.54029
0.54031
0.54031
0.54030
0.54027
0.54024
0.54020
0.54015
0.54010
0.54004
0.53997
0.53990
0.53983
0.53975
0.53967
0.53960
0.53952
0.53944
0.53936
0.53928
0.53920
0.53912
0.53904
0.53896
0.53888
0.53880
0.53873
0.53865
0.53857
0.53849
0.53841
0.53832
0.53824
0.53815
0.53806
0.53797
0.53788
0.53778
0.53768
0.53758
0.53747
0.53736
0.53724
0.53711
0.53698
0.53684
0.53669
0.53654
0.53637
0.53620
0.53601
0.53581
0.53560
0.53537
0.53513
0.53487
0.53459
0.53429
0.53396
0.53362
0.53324
0.53283
0.53240
0.53192
0.53142
0.53087
0.53029
0.52967
0.52903
0.52837
0.52772
0.52713
0.52667
0.52648
0.52680
0.52801
0.53065
0.53493
0.53949
0.54139
0.53946
0.53570
0.53228
0.53000
0.52872
0.52811
0.52788
0.52787
0.52797
0.52814
0.52835
0.52859
0.52885
0.52913
0.52941
0.52970
0.53000
0.53028
0.53057
0.53085
0.53111
0.53137
0.53162
0.53185
0.53207
0.53228
0.53247
0.53266
0.53283
0.53298
0.53313
0.53326
0.53338
0.53349
0.53359
0.53368
0.53375
0.53382
0.53388
0.53392
0.53396
0.53399
0.53401
0.53403
0.53404
0.53404
0.53403
0.53402
0.53400
0.53397
0.53394
0.53391
0.53387
0.53383
0.53379
0.53375
0.53370
0.53366
0.53361
0.53357
0.53352
0.53348
0.53344
0.53340
0.53336
0.53333
0.53328
0.53324
0.53318
0.53311
0.53302
0.53291
0.53278
0.53260
0.53239
0.53213
0.53182
0.53146
0.53105
0.53060
0.53009
0.52954
0.52893
0.52825
0.52744
0.52653
0.52559
0.52477
0.52412
0.52366
0.52339
0.52340
0.52379
0.52463
0.52598
0.52784
0.53006
0.53231
0.53417
0.53540
0.53592
0.53585
0.53538
0.53469
0.53394
0.53325
0.53268
0.53225
0.53197
0.53181
0.53175
0.53175
0.53180
0.53187
0.53196
0.53205
0.53213
0.53220
0.53226
0.53231
0.53235
0.53238
0.53240
0.53241
0.53241
0.53240
0.53239
0.53236
0.53233
0.53229
0.53224
0.53219
0.53214
0.53209
0.53204
0.53202
0.53204
0.53218
0.53258
0.53358
0.53593
0.54085
0.54858
0.55531
0.55560
0.54978
0.54228
0.53611
0.53202
0.52965
0.52841
0.52778
0.52744
0.52718
0.52695
0.52673
0.52656
0.52646
0.52650
0.52668
0.52699
0.52742
0.52791
0.52844
0.52897
0.52947
0.52995
0.53039
0.53078
0.53114
0.53147
0.53176
0.53203
0.53227
0.53249
0.53269
0.53287
0.53303
0.53317
0.53329
0.53340
0.53349
0.53357
0.53363
0.53368
0.53371
0.53372
0.53373
0.53371
0.53368
0.53364
0.53358
0.53351
0.53342
0.53331
0.53319
0.53305
0.53290
0.53273
0.53254
0.53233
0.53211
0.53187
0.53161
0.53134
0.53106
0.53077
0.53048
0.53020
0.52994
0.52970
0.52951
0.52938
0.52932
0.52933
0.52942
0.52958
0.52977
0.52997
0.53013
0.53022
0.53022
0.53011
0.52990
0.52961
0.52924
0.52882
0.52835
0.52784
0.52730
0.52674
0.52616
0.52556
0.52496
0.52435
0.52376
0.52323
0.52284
0.52272
0.52311
0.52436
0.52686
0.53057
0.53400
0.53460
0.53150
0.52675
0.52270
0.52018
0.51911
0.51928
0.52035
0.52176
0.52309
0.52418
0.52504
0.52572
0.52626
0.52670
0.52706
0.52735
0.52757
0.52774
0.52786
0.52794
0.52799
0.52800
0.52799
0.52795
0.52788
0.52779
0.52768
0.52755
0.52740
0.52723
0.52704
0.52684
0.52662
0.52640
0.52616
0.52593
0.52569
0.52547
0.52527
0.52510
0.52499
0.52494
0.52498
0.52511
0.52535
0.52567
0.52608
0.52652
0.52697
0.52738
0.52772
0.52796
0.52811
0.52816
0.52813
0.52804
0.52789
0.52771
0.52751
0.52729
0.52707
0.52686
0.52667
0.52651
0.52641
0.52639
0.52649
0.52675
0.52722
0.52794
0.52894
0.53023
0.53173
0.53329
0.53468
0.53565
0.53603
0.53580
0.53511
0.53418
0.53323
0.53239
0.53174
0.53128
0.53098
0.53080
0.53071
0.53067
0.53066
0.53067
0.53070
0.53074
0.53080
0.53087
0.53095
0.53103
0.53111
0.53118
0.53125
0.53130
0.53134
0.53136
0.53137
0.53137
0.53136
0.53134
0.53131
0.53127
0.53123
0.53117
0.53111
0.53103
0.53094
0.53083
0.53070
0.53053
0.53033
0.53007
0.52976
0.52939
0.52895
0.52847
0.52804
0.52782
0.52802
0.52874
0.52961
0.52996
0.52941
0.52818
0.52677
0.52565
0.52496
0.52466
0.52458
0.52458
0.52460
0.52460
0.52458
0.52454
0.52452
0.52454
0.52463
0.52483
0.52517
0.52563
0.52617
0.52670
0.52706
0.52717
0.52698
0.52654
0.52593
0.52525
0.52459
0.52400
0.52352
0.52315
0.52288
0.52270
0.52261
0.52257
0.52259
0.52265
0.52274
0.52285
0.52297
0.52310
0.52323
0.52337
0.52349
0.52361
0.52372
0.52382
0.52390
0.52398
0.52404
0.52408
0.52411
0.52412
0.52412
0.52410
0.52407
0.52402
0.52395
0.52387
0.52377
0.52367
0.52355
0.52343
0.52331
0.52320
0.52310
0.52302
0.52295
0.52284
0.52260
0.52210
0.52135
0.52063
0.52017
0.51989
0.51964
0.51936
0.51902
0.51865
0.51823
0.51777
0.51729
0.51685
0.51653
0.51653
0.51703
0.51813
0.51964
0.52097
0.52150
0.52100
0.51987
0.51922
0.52049
0.52393
0.52739
0.52827
0.52650
0.52378
0.52153
0.52026
0.51977
0.51967
0.51958
0.51932
0.51887
0.51830
0.51772
0.51726
0.51697
0.51689
0.51700
0.51725
0.51759
0.51799
0.51839
0.51877
0.51912
0.51942
0.51969
0.51992
0.52012
0.52030
0.52047
0.52066
0.52086
0.52111
0.52140
0.52174
0.52214
0.52258
0.52307
0.52357
0.52407
0.52456
0.52500
0.52539
0.52572
0.52599
0.52620
0.52634
0.52643
0.52647
0.52647
0.52643
0.52635
0.52624
0.52609
0.52593
0.52573
0.52552
0.52528
0.52502
0.52473
0.52443
0.52410
0.52374
0.52337
0.52297
0.52254
0.52208
0.52160
0.52108
0.52054
0.51996
0.51936
0.51873
0.51809
0.51745
0.51683
0.51625
0.51577
0.51545
0.51538
0.51568
0.51648
0.51790
0.51994
0.52237
0.52457
0.52574
0.52540
0.52396
0.52239
0.52140
0.52098
0.52080
0.52061
0.52039
0.52021
0.52012
0.52010
0.52015
0.52022
0.52029
0.52036
0.52041
0.52046
0.52050
0.52054
0.52057
0.52060
0.52063
0.52064
0.52066
0.52066
0.52065
0.52062
0.52058
0.52053
0.52045
0.52036
0.52024
0.52010
0.51994
0.51976
0.51955
0.51931
0.51905
0.51876
0.51844
0.51810
0.51772
0.51732
0.51689
0.51644

##################TEST##################
Z[0] = 0.85
Z[1] = -0.83
Z[2] = -0.70
Z[3] = -0.70
Z[4] = -0.76
Z[5] = -0.54
Y_IN 1.11
T[0] = 1 Y[0] = 0.50
Y_IN 0.91
T[1] = 0 Y[1] = 0.42
Z[0] = 0.93
Z[1] = -0.89
Z[2] = -0.91
Z[3] = -0.78
Z[4] = -0.88
Z[5] = -0.72
Y_IN 1.10
T[0] = 0 Y[0] = 0.50
Y_IN 1.21
T[1] = 1 Y[1] = 0.54
Z[0] = 0.98
Z[1] = -0.93
Z[2] = -0.98
Z[3] = -0.79
Z[4] = -0.93
Z[5] = -0.91
Y_IN 1.02
T[0] = 1 Y[0] = 0.47
Y_IN 1.33
T[1] = 0 Y[1] = 0.58
Z[0] = 0.96
Z[1] = -0.89
Z[2] = -0.92
Z[3] = -0.72
Z[4] = -0.86
Z[5] = -0.85
Y_IN 0.98
T[0] = 0 Y[0] = 0.45
Y_IN 1.24
T[1] = 1 Y[1] = 0.55
