0.46 -0.22 
0.30 0.29 
-0.49 -0.12 
0.48 0.07 
0.32 0.07 -0.36 0.33 

##################LEARN##################
1.30734
1.08913
0.87757
0.70614
0.59394
0.52683
0.48484
0.45666
0.43677
0.42230
0.41160
0.40360
0.39759
0.39306
0.38964
0.38705
0.38508
0.38360
0.38247
0.38161
0.38097
0.38049
0.38013
0.37987
0.37968
0.37956
0.37948
0.37943
0.37942
0.37943
0.37945
0.37948
0.37953
0.37958
0.37964
0.37970
0.37976
0.37982
0.37988
0.37994
0.38000
0.38006
0.38011
0.38016
0.38021
0.38025
0.38030
0.38033
0.38037
0.38040
0.38042
0.38045
0.38047
0.38048
0.38049
0.38050
0.38050
0.38050
0.38050
0.38049
0.38048
0.38047
0.38045
0.38042
0.38040
0.38037
0.38033
0.38029
0.38025
0.38020
0.38015
0.38009
0.38003
0.37996
0.37989
0.37982
0.37973
0.37965
0.37956
0.37946
0.37936
0.37925
0.37913
0.37901
0.37888
0.37875
0.37861
0.37846
0.37830
0.37814
0.37796
0.37778
0.37759
0.37739
0.37718
0.37696
0.37674
0.37650
0.37625
0.37600
0.37573
0.37546
0.37518
0.37490
0.37462
0.37433
0.37406
0.37380
0.37356
0.37335
0.37320
0.37311
0.37312
0.37326
0.37356
0.37407
0.37484
0.37591
0.37732
0.37907
0.38115
0.38347
0.38590
0.38831
0.39053
0.39245
0.39398
0.39510
0.39583
0.39621
0.39630
0.39617
0.39585
0.39540
0.39486
0.39424
0.39358
0.39288
0.39216
0.39143
0.39069
0.38996
0.38923
0.38851
0.38780
0.38712
0.38646
0.38583
0.38522
0.38465
0.38411
0.38360
0.38312
0.38268
0.38227
0.38189
0.38154
0.38123
0.38094
0.38068
0.38045
0.38024
0.38007
0.37991
0.37978
0.37968
0.37960
0.37954
0.37950
0.37948
0.37948
0.37949
0.37953
0.37957
0.37964
0.37971
0.37980
0.37989
0.37999
0.38010
0.38021
0.38032
0.38043
0.38054
0.38065
0.38074
0.38084
0.38092
0.38099
0.38106
0.38111
0.38115
0.38118
0.38119
0.38120
0.38119
0.38117
0.38114
0.38110
0.38105
0.38098
0.38091
0.38084
0.38075
0.38066
0.38056
0.38045
0.38034
0.38023
0.38011
0.37999
0.37987
0.37975
0.37962
0.37950
0.37937
0.37925
0.37912
0.37900
0.37887
0.37875
0.37862
0.37850
0.37838
0.37826
0.37814
0.37802
0.37790
0.37778
0.37766
0.37754
0.37742
0.37729
0.37717
0.37705
0.37692
0.37680
0.37667
0.37653
0.37640
0.37626
0.37613
0.37598
0.37584
0.37569
0.37554
0.37538
0.37522
0.37506
0.37490
0.37473
0.37456
0.37438
0.37420
0.37402
0.37383
0.37364
0.37345
0.37325
0.37305
0.37284
0.37264
0.37243
0.37221
0.37200
0.37178
0.37155
0.37132
0.37109
0.37086
0.37062
0.37038
0.37014
0.36989
0.36964
0.36939
0.36913
0.36887
0.36861
0.36834
0.36806
0.36779
0.36751
0.36722
0.36694
0.36665
0.36635
0.36605
0.36575
0.36544
0.36513
0.36481
0.36449
0.36416
0.36384
0.36350
0.36317
0.36282
0.36248
0.36213
0.36178
0.36142
0.36106
0.36069
0.36032
0.35995
0.35957
0.35919
0.35880
0.35841
0.35801
0.35762
0.35721
0.35681
0.35639
0.35598
0.35556
0.35514
0.35471
0.35428
0.35384
0.35341
0.35296
0.35252
0.35207
0.35161
0.35115
0.35069
0.35023
0.34976
0.34929
0.34881
0.34833
0.34785
0.34736
0.34687
0.34638
0.34588
0.34538
0.34488
0.34437
0.34387
0.34335
0.34284
0.34232
0.34180
0.34128
0.34075
0.34022
0.33969
0.33916
0.33863
0.33809
0.33755
0.33701
0.33646
0.33592
0.33537
0.33482
0.33426
0.33371
0.33316
0.33260
0.33204
0.33148
0.33092
0.33036
0.32979
0.32923
0.32866
0.32809
0.32752
0.32696
0.32639
0.32581
0.32524
0.32467
0.32410
0.32353
0.32295
0.32238
0.32180
0.32123
0.32065
0.32008
0.31951
0.31893
0.31836
0.31778
0.31721
0.31663
0.31606
0.31549
0.31491
0.31434
0.31377
0.31320
0.31263
0.31205
0.31148
0.31092
0.31035
0.30978
0.30921
0.30865
0.30808
0.30752
0.30695
0.30639
0.30583
0.30527
0.30471
0.30415
0.30359
0.30304
0.30248
0.30193
0.30138
0.30083
0.30027
0.29973
0.29918
0.29863
0.29808
0.29754
0.29700
0.29645
0.29591
0.29537
0.29483
0.29430
0.29376
0.29323
0.29269
0.29216
0.29163
0.29110
0.29057
0.29004
0.28951
0.28899
0.28846
0.28794
0.28742
0.28689
0.28637
0.28585
0.28533
0.28482
0.28430
0.28378
0.28327
0.28276
0.28224
0.28173
0.28122
0.28071
0.28020
0.27969
0.27918
0.27867
0.27817
0.27766
0.27715
0.27665
0.27614
0.27564
0.27514
0.27463
0.27413
0.27363
0.27313
0.27262
0.27212
0.27162
0.27112
0.27062
0.27012
0.26962
0.26912
0.26862
0.26812
0.26762
0.26712
0.26662
0.26611
0.26561
0.26511
0.26461
0.26411
0.26361
0.26311
0.26261
0.26210
0.26160
0.26110
0.26059
0.26009
0.25958
0.25908
0.25857
0.25806
0.25756
0.25705
0.25654
0.25603
0.25552
0.25501
0.25449
0.25398
0.25347
0.25295
0.25244
0.25192
0.25140
0.25088
0.25036
0.24984
0.24932
0.24879
0.24827
0.24774
0.24721
0.24668
0.24615
0.24562
0.24508
0.24455
0.24401
0.24347
0.24293
0.24239
0.24185
0.24131
0.24076
0.24021
0.23966
0.23911
0.23856
0.23800
0.23745
0.23689
0.23633
0.23576
0.23520
0.23463
0.23407
0.23350
0.23292
0.23235
0.23177
0.23120
0.23062
0.23003
0.22945
0.22886
0.22828
0.22769
0.22709
0.22650
0.22590
0.22530
0.22470
0.22410
0.22349
0.22288
0.22227
0.22166
0.22105
0.22043
0.21981
0.21919
0.21856
0.21794
0.21731
0.21668
0.21605
0.21541
0.21477
0.21413
0.21349
0.21285
0.21220
0.21155
0.21090
0.21025
0.20959
0.20893
0.20827
0.20761
0.20694
0.20627
0.20561
0.20493
0.20426
0.20358
0.20290
0.20222
0.20154
0.20086
0.20017
0.19948
0.19879
0.19809
0.19740
0.19670
0.19600
0.19530
0.19460
0.19389
0.19318
0.19248
0.19176
0.19105
0.19034
0.18962
0.18890
0.18818
0.18746
0.18674
0.18601
0.18529
0.18456
0.18383
0.18310
0.18237
0.18163
0.18090
0.18016
0.17943
0.17869
0.17795
0.17721
0.17647
0.17573
0.17498
0.17424
0.17350
0.17275
0.17200
0.17126
0.17051
0.16976
0.16901
0.16827
0.16752
0.16677
0.16602
0.16527
0.16452
0.16377
0.16302
0.16227
0.16152
0.16077
0.16002
0.15928
0.15853
0.15778
0.15703
0.15629
0.15554
0.15480
0.15405
0.15331
0.15257
0.15183
0.15109
0.15035
0.14961
0.14887
0.14814
0.14740
0.14667
0.14594
0.14521
0.14448
0.14376
0.14303
0.14231
0.14159
0.14087
0.14016
0.13944
0.13873
0.13802
0.13731
0.13660
0.13590
0.13520
0.13450
0.13381
0.13311
0.13242
0.13173
0.13105
0.13037
0.12969
0.12901
0.12833
0.12766
0.12699
0.12633
0.12567
0.12501
0.12435
0.12370
0.12305
0.12240
0.12176
0.12112
0.12048
0.11985
0.11922
0.11859
0.11797
0.11735
0.11673
0.11612
0.11551
0.11490
0.11430
0.11370
0.11310
0.11251
0.11192
0.11134
0.11076
0.11018
0.10960
0.10903
0.10847
0.10790
0.10734
0.10679
0.10623
0.10568
0.10514
0.10460
0.10406
0.10353
0.10299
0.10247
0.10194
0.10142
0.10091
0.10040
0.09989
0.09938
0.09888
0.09838
0.09789
0.09739
0.09691
0.09642
0.09594
0.09546
0.09499
0.09452
0.09405
0.09359
0.09313
0.09267
0.09222
0.09177
0.09132
0.09088
0.09043
0.09000
0.08956
0.08913
0.08871
0.08828
0.08786
0.08744
0.08703
0.08662
0.08621
0.08580
0.08540
0.08500
0.08460
0.08421
0.08382
0.08343
0.08304
0.08266
0.08228
0.08191
0.08153
0.08116
0.08079
0.08043
0.08006
0.07970
0.07935
0.07899
0.07864
0.07829
0.07794
0.07760
0.07726
0.07692
0.07658
0.07624
0.07591
0.07558
0.07525
0.07493
0.07461
0.07429
0.07397
0.07365
0.07334
0.07303
0.07272
0.07241
0.07211
0.07180
0.07150
0.07120
0.07091
0.07061
0.07032
0.07003
0.06974
0.06946
0.06917
0.06889
0.06861
0.06833
0.06806
0.06778
0.06751
0.06724
0.06697
0.06670
0.06644
0.06617
0.06591
0.06565
0.06539
0.06513
0.06488
0.06463
0.06437
0.06412
0.06387
0.06363
0.06338
0.06314
0.06290
0.06266
0.06242
0.06218
0.06194
0.06171
0.06148
0.06125
0.06102
0.06079
0.06056
0.06033
0.06011
0.05989
0.05967
0.05945
0.05923
0.05901
0.05879
0.05858
0.05837
0.05815
0.05794
0.05773
0.05752
0.05732
0.05711
0.05691
0.05670
0.05650
0.05630
0.05610
0.05590
0.05571
0.05551
0.05532
0.05512
0.05493
0.05474
0.05455
0.05436
0.05417
0.05398
0.05380
0.05361
0.05343
0.05325
0.05307
0.05288
0.05271
0.05253
0.05235
0.05217
0.05200
0.05182
0.05165
0.05148
0.05131
0.05114
0.05097
0.05080
0.05063
0.05047
0.05030
0.05014
0.04997
0.04981
0.04965
0.04949
0.04933
0.04917
0.04901
0.04885
0.04870
0.04854
0.04839
0.04823
0.04808
0.04793
0.04778
0.04763
0.04748
0.04733
0.04718
0.04703
0.04689
0.04674
0.04660
0.04646
0.04631
0.04617
0.04603
0.04589
0.04575
0.04561
0.04547
0.04534
0.04520
0.04506
0.04493
0.04479
0.04466
0.04453
0.04440
0.04426
0.04413
0.04400
0.04388
0.04375
0.04362
0.04349
0.04337
0.04324
0.04312
0.04299
0.04287
0.04275
0.04263
0.04250
0.04238
0.04226
0.04214
0.04203
0.04191
0.04179
0.04167
0.04156
0.04144
0.04133
0.04122
0.04110
0.04099
0.04088
0.04077
0.04066
0.04055
0.04044
0.04033
0.04022
0.04011
0.04001
0.03990
0.03979
0.03969
0.03958
0.03948
0.03938
0.03927
0.03917

##################TEST##################
Z[0] = -0.99
Z[1] = 0.69
Y_IN 0.02
T[0] = 0 Y[0] = 0.01
Y_IN 1.97
T[1] = 1 Y[1] = 0.76
Z[0] = -1.00
Z[1] = -0.39
Y_IN 3.28
T[0] = 1 Y[0] = 0.93
Y_IN 0.47
T[1] = 0 Y[1] = 0.23
Z[0] = -1.00
Z[1] = -0.97
Y_IN 5.03
T[0] = 1 Y[0] = 0.99
Y_IN -0.34
T[1] = 0 Y[1] = -0.17
Z[0] = -1.00
Z[1] = -0.66
Y_IN 4.10
T[0] = 1 Y[0] = 0.97
Y_IN 0.09
T[1] = 0 Y[1] = 0.04
