0.49 -0.21 
0.27 
0.48 
-0.21 -0.48 -0.02 

##################LEARN##################
Epoca 1, RMS = 1.15272
Epoca 2, RMS = 0.96703
Epoca 3, RMS = 0.78936
Epoca 4, RMS = 0.65211
Epoca 5, RMS = 0.56246
Epoca 6, RMS = 0.50694
Epoca 7, RMS = 0.47203
Epoca 8, RMS = 0.44929
Epoca 9, RMS = 0.43392
Epoca 10, RMS = 0.42318
Epoca 11, RMS = 0.41543
Epoca 12, RMS = 0.40969
Epoca 13, RMS = 0.40534
Epoca 14, RMS = 0.40198
Epoca 15, RMS = 0.39932
Epoca 16, RMS = 0.39719
Epoca 17, RMS = 0.39545
Epoca 18, RMS = 0.39403
Epoca 19, RMS = 0.39284
Epoca 20, RMS = 0.39185
Epoca 21, RMS = 0.39101
Epoca 22, RMS = 0.39029
Epoca 23, RMS = 0.38968
Epoca 24, RMS = 0.38915
Epoca 25, RMS = 0.38869
Epoca 26, RMS = 0.38829
Epoca 27, RMS = 0.38794
Epoca 28, RMS = 0.38764
Epoca 29, RMS = 0.38737
Epoca 30, RMS = 0.38713
Epoca 31, RMS = 0.38693
Epoca 32, RMS = 0.38674
Epoca 33, RMS = 0.38658
Epoca 34, RMS = 0.38643
Epoca 35, RMS = 0.38630
Epoca 36, RMS = 0.38619
Epoca 37, RMS = 0.38608
Epoca 38, RMS = 0.38599
Epoca 39, RMS = 0.38591
Epoca 40, RMS = 0.38583
Epoca 41, RMS = 0.38576
Epoca 42, RMS = 0.38570
Epoca 43, RMS = 0.38565
Epoca 44, RMS = 0.38560
Epoca 45, RMS = 0.38556
Epoca 46, RMS = 0.38552
Epoca 47, RMS = 0.38548
Epoca 48, RMS = 0.38545
Epoca 49, RMS = 0.38542
Epoca 50, RMS = 0.38539
Epoca 51, RMS = 0.38537
Epoca 52, RMS = 0.38535
Epoca 53, RMS = 0.38533
Epoca 54, RMS = 0.38531
Epoca 55, RMS = 0.38530
Epoca 56, RMS = 0.38528
Epoca 57, RMS = 0.38527
Epoca 58, RMS = 0.38526
Epoca 59, RMS = 0.38525
Epoca 60, RMS = 0.38524
Epoca 61, RMS = 0.38523
Epoca 62, RMS = 0.38522
Epoca 63, RMS = 0.38521
Epoca 64, RMS = 0.38521
Epoca 65, RMS = 0.38520
Epoca 66, RMS = 0.38520
Epoca 67, RMS = 0.38519
Epoca 68, RMS = 0.38519
Epoca 69, RMS = 0.38518
Epoca 70, RMS = 0.38518
Epoca 71, RMS = 0.38518
Epoca 72, RMS = 0.38517
Epoca 73, RMS = 0.38517
Epoca 74, RMS = 0.38517
Epoca 75, RMS = 0.38517
Epoca 76, RMS = 0.38517
Epoca 77, RMS = 0.38516
Epoca 78, RMS = 0.38516
Epoca 79, RMS = 0.38516
Epoca 80, RMS = 0.38516
Epoca 81, RMS = 0.38516
Epoca 82, RMS = 0.38516
Epoca 83, RMS = 0.38516
Epoca 84, RMS = 0.38516
Epoca 85, RMS = 0.38516
Epoca 86, RMS = 0.38516
Epoca 87, RMS = 0.38516
Epoca 88, RMS = 0.38516
Epoca 89, RMS = 0.38516
Epoca 90, RMS = 0.38516
Epoca 91, RMS = 0.38516
Epoca 92, RMS = 0.38516
Epoca 93, RMS = 0.38516
Epoca 94, RMS = 0.38516
Epoca 95, RMS = 0.38516
Epoca 96, RMS = 0.38516
Epoca 97, RMS = 0.38516
Epoca 98, RMS = 0.38516
Epoca 99, RMS = 0.38516
Epoca 100, RMS = 0.38516
Epoca 101, RMS = 0.38516
Epoca 102, RMS = 0.38516
Epoca 103, RMS = 0.38516
Epoca 104, RMS = 0.38517
Epoca 105, RMS = 0.38517
Epoca 106, RMS = 0.38517
Epoca 107, RMS = 0.38517
Epoca 108, RMS = 0.38517
Epoca 109, RMS = 0.38517
Epoca 110, RMS = 0.38517
Epoca 111, RMS = 0.38517
Epoca 112, RMS = 0.38517
Epoca 113, RMS = 0.38517
Epoca 114, RMS = 0.38517
Epoca 115, RMS = 0.38517
Epoca 116, RMS = 0.38517
Epoca 117, RMS = 0.38517
Epoca 118, RMS = 0.38517
Epoca 119, RMS = 0.38517
Epoca 120, RMS = 0.38517
Epoca 121, RMS = 0.38518
Epoca 122, RMS = 0.38518
Epoca 123, RMS = 0.38518
Epoca 124, RMS = 0.38518
Epoca 125, RMS = 0.38518
Epoca 126, RMS = 0.38518
Epoca 127, RMS = 0.38518
Epoca 128, RMS = 0.38518
Epoca 129, RMS = 0.38518
Epoca 130, RMS = 0.38518
Epoca 131, RMS = 0.38518
Epoca 132, RMS = 0.38518
Epoca 133, RMS = 0.38518
Epoca 134, RMS = 0.38518
Epoca 135, RMS = 0.38518
Epoca 136, RMS = 0.38518
Epoca 137, RMS = 0.38518
Epoca 138, RMS = 0.38518
Epoca 139, RMS = 0.38519
Epoca 140, RMS = 0.38519
Epoca 141, RMS = 0.38519
Epoca 142, RMS = 0.38519
Epoca 143, RMS = 0.38519
Epoca 144, RMS = 0.38519
Epoca 145, RMS = 0.38519
Epoca 146, RMS = 0.38519
Epoca 147, RMS = 0.38519
Epoca 148, RMS = 0.38519
Epoca 149, RMS = 0.38519
Epoca 150, RMS = 0.38519
Epoca 151, RMS = 0.38519
Epoca 152, RMS = 0.38519
Epoca 153, RMS = 0.38519
Epoca 154, RMS = 0.38519
Epoca 155, RMS = 0.38519
Epoca 156, RMS = 0.38519
Epoca 157, RMS = 0.38519
Epoca 158, RMS = 0.38519
Epoca 159, RMS = 0.38519
Epoca 160, RMS = 0.38519
Epoca 161, RMS = 0.38520
Epoca 162, RMS = 0.38520
Epoca 163, RMS = 0.38520
Epoca 164, RMS = 0.38520
Epoca 165, RMS = 0.38520
Epoca 166, RMS = 0.38520
Epoca 167, RMS = 0.38520
Epoca 168, RMS = 0.38520
Epoca 169, RMS = 0.38520
Epoca 170, RMS = 0.38520
Epoca 171, RMS = 0.38520
Epoca 172, RMS = 0.38520
Epoca 173, RMS = 0.38520
Epoca 174, RMS = 0.38520
Epoca 175, RMS = 0.38520
Epoca 176, RMS = 0.38520
Epoca 177, RMS = 0.38520
Epoca 178, RMS = 0.38520
Epoca 179, RMS = 0.38520
Epoca 180, RMS = 0.38520
Epoca 181, RMS = 0.38520
Epoca 182, RMS = 0.38520
Epoca 183, RMS = 0.38520
Epoca 184, RMS = 0.38520
Epoca 185, RMS = 0.38520
Epoca 186, RMS = 0.38520
Epoca 187, RMS = 0.38520
Epoca 188, RMS = 0.38520
Epoca 189, RMS = 0.38521
Epoca 190, RMS = 0.38521
Epoca 191, RMS = 0.38521
Epoca 192, RMS = 0.38521
Epoca 193, RMS = 0.38521
Epoca 194, RMS = 0.38521
Epoca 195, RMS = 0.38521
Epoca 196, RMS = 0.38521
Epoca 197, RMS = 0.38521
Epoca 198, RMS = 0.38521
Epoca 199, RMS = 0.38521
Epoca 200, RMS = 0.38521
Epoca 201, RMS = 0.38521
Epoca 202, RMS = 0.38521
Epoca 203, RMS = 0.38521
Epoca 204, RMS = 0.38521
Epoca 205, RMS = 0.38521
Epoca 206, RMS = 0.38521
Epoca 207, RMS = 0.38521
Epoca 208, RMS = 0.38521
Epoca 209, RMS = 0.38521
Epoca 210, RMS = 0.38521
Epoca 211, RMS = 0.38521
Epoca 212, RMS = 0.38521
Epoca 213, RMS = 0.38521
Epoca 214, RMS = 0.38521
Epoca 215, RMS = 0.38521
Epoca 216, RMS = 0.38521
Epoca 217, RMS = 0.38521
Epoca 218, RMS = 0.38521
Epoca 219, RMS = 0.38521
Epoca 220, RMS = 0.38521
Epoca 221, RMS = 0.38521
Epoca 222, RMS = 0.38521
Epoca 223, RMS = 0.38521
Epoca 224, RMS = 0.38521
Epoca 225, RMS = 0.38521
Epoca 226, RMS = 0.38521
Epoca 227, RMS = 0.38521
Epoca 228, RMS = 0.38521
Epoca 229, RMS = 0.38522
Epoca 230, RMS = 0.38522
Epoca 231, RMS = 0.38522
Epoca 232, RMS = 0.38522
Epoca 233, RMS = 0.38522
Epoca 234, RMS = 0.38522
Epoca 235, RMS = 0.38522
Epoca 236, RMS = 0.38522
Epoca 237, RMS = 0.38522
Epoca 238, RMS = 0.38522
Epoca 239, RMS = 0.38522
Epoca 240, RMS = 0.38522
Epoca 241, RMS = 0.38522
Epoca 242, RMS = 0.38522
Epoca 243, RMS = 0.38522
Epoca 244, RMS = 0.38522
Epoca 245, RMS = 0.38522
Epoca 246, RMS = 0.38522
Epoca 247, RMS = 0.38522
Epoca 248, RMS = 0.38522
Epoca 249, RMS = 0.38522
Epoca 250, RMS = 0.38522
Epoca 251, RMS = 0.38522
Epoca 252, RMS = 0.38522
Epoca 253, RMS = 0.38522
Epoca 254, RMS = 0.38522
Epoca 255, RMS = 0.38522
Epoca 256, RMS = 0.38522
Epoca 257, RMS = 0.38522
Epoca 258, RMS = 0.38522
Epoca 259, RMS = 0.38522
Epoca 260, RMS = 0.38522
Epoca 261, RMS = 0.38522
Epoca 262, RMS = 0.38522
Epoca 263, RMS = 0.38522
Epoca 264, RMS = 0.38522
Epoca 265, RMS = 0.38522
Epoca 266, RMS = 0.38522
Epoca 267, RMS = 0.38522
Epoca 268, RMS = 0.38522
Epoca 269, RMS = 0.38522
Epoca 270, RMS = 0.38522
Epoca 271, RMS = 0.38522
Epoca 272, RMS = 0.38522
Epoca 273, RMS = 0.38522
Epoca 274, RMS = 0.38522
Epoca 275, RMS = 0.38522
Epoca 276, RMS = 0.38522
Epoca 277, RMS = 0.38522
Epoca 278, RMS = 0.38522
Epoca 279, RMS = 0.38522
Epoca 280, RMS = 0.38522
Epoca 281, RMS = 0.38522
Epoca 282, RMS = 0.38522
Epoca 283, RMS = 0.38522
Epoca 284, RMS = 0.38522
Epoca 285, RMS = 0.38522
Epoca 286, RMS = 0.38522
Epoca 287, RMS = 0.38522
Epoca 288, RMS = 0.38522
Epoca 289, RMS = 0.38522
Epoca 290, RMS = 0.38522
Epoca 291, RMS = 0.38522
Epoca 292, RMS = 0.38522
Epoca 293, RMS = 0.38523
Epoca 294, RMS = 0.38523
Epoca 295, RMS = 0.38523
Epoca 296, RMS = 0.38523
Epoca 297, RMS = 0.38523
Epoca 298, RMS = 0.38523
Epoca 299, RMS = 0.38523
Epoca 300, RMS = 0.38523
Epoca 301, RMS = 0.38523
Epoca 302, RMS = 0.38523
Epoca 303, RMS = 0.38523
Epoca 304, RMS = 0.38523
Epoca 305, RMS = 0.38523
Epoca 306, RMS = 0.38523
Epoca 307, RMS = 0.38523
Epoca 308, RMS = 0.38523
Epoca 309, RMS = 0.38523
Epoca 310, RMS = 0.38523
Epoca 311, RMS = 0.38523
Epoca 312, RMS = 0.38523
Epoca 313, RMS = 0.38523
Epoca 314, RMS = 0.38523
Epoca 315, RMS = 0.38523
Epoca 316, RMS = 0.38523
Epoca 317, RMS = 0.38523
Epoca 318, RMS = 0.38523
Epoca 319, RMS = 0.38523
Epoca 320, RMS = 0.38523
Epoca 321, RMS = 0.38523
Epoca 322, RMS = 0.38523
Epoca 323, RMS = 0.38523
Epoca 324, RMS = 0.38523
Epoca 325, RMS = 0.38523
Epoca 326, RMS = 0.38523
Epoca 327, RMS = 0.38523
Epoca 328, RMS = 0.38523
Epoca 329, RMS = 0.38523
Epoca 330, RMS = 0.38523
Epoca 331, RMS = 0.38523
Epoca 332, RMS = 0.38523
Epoca 333, RMS = 0.38523
Epoca 334, RMS = 0.38523
Epoca 335, RMS = 0.38523
Epoca 336, RMS = 0.38523
Epoca 337, RMS = 0.38523
Epoca 338, RMS = 0.38523
Epoca 339, RMS = 0.38523
Epoca 340, RMS = 0.38523
Epoca 341, RMS = 0.38523
Epoca 342, RMS = 0.38523
Epoca 343, RMS = 0.38523
Epoca 344, RMS = 0.38523
Epoca 345, RMS = 0.38523
Epoca 346, RMS = 0.38523
Epoca 347, RMS = 0.38523
Epoca 348, RMS = 0.38523
Epoca 349, RMS = 0.38523
Epoca 350, RMS = 0.38523
Epoca 351, RMS = 0.38523
Epoca 352, RMS = 0.38523
Epoca 353, RMS = 0.38523
Epoca 354, RMS = 0.38523
Epoca 355, RMS = 0.38523
Epoca 356, RMS = 0.38523
Epoca 357, RMS = 0.38523
Epoca 358, RMS = 0.38523
Epoca 359, RMS = 0.38523
Epoca 360, RMS = 0.38523
Epoca 361, RMS = 0.38523
Epoca 362, RMS = 0.38523
Epoca 363, RMS = 0.38523
Epoca 364, RMS = 0.38523
Epoca 365, RMS = 0.38523
Epoca 366, RMS = 0.38523
Epoca 367, RMS = 0.38523
Epoca 368, RMS = 0.38523
Epoca 369, RMS = 0.38523
Epoca 370, RMS = 0.38523
Epoca 371, RMS = 0.38523
Epoca 372, RMS = 0.38523
Epoca 373, RMS = 0.38523
Epoca 374, RMS = 0.38523
Epoca 375, RMS = 0.38523
Epoca 376, RMS = 0.38523
Epoca 377, RMS = 0.38523
Epoca 378, RMS = 0.38523
Epoca 379, RMS = 0.38523
Epoca 380, RMS = 0.38523
Epoca 381, RMS = 0.38523
Epoca 382, RMS = 0.38523
Epoca 383, RMS = 0.38523
Epoca 384, RMS = 0.38523
Epoca 385, RMS = 0.38523
Epoca 386, RMS = 0.38523
Epoca 387, RMS = 0.38523
Epoca 388, RMS = 0.38523
Epoca 389, RMS = 0.38523
Epoca 390, RMS = 0.38523
Epoca 391, RMS = 0.38523
Epoca 392, RMS = 0.38523
Epoca 393, RMS = 0.38523
Epoca 394, RMS = 0.38523
Epoca 395, RMS = 0.38523
Epoca 396, RMS = 0.38523
Epoca 397, RMS = 0.38523
Epoca 398, RMS = 0.38523
Epoca 399, RMS = 0.38523
Epoca 400, RMS = 0.38523
Epoca 401, RMS = 0.38523
Epoca 402, RMS = 0.38523
Epoca 403, RMS = 0.38523
Epoca 404, RMS = 0.38523
Epoca 405, RMS = 0.38523
Epoca 406, RMS = 0.38523
Epoca 407, RMS = 0.38523
Epoca 408, RMS = 0.38523
Epoca 409, RMS = 0.38523
Epoca 410, RMS = 0.38523
Epoca 411, RMS = 0.38523
Epoca 412, RMS = 0.38523
Epoca 413, RMS = 0.38523
Epoca 414, RMS = 0.38523
Epoca 415, RMS = 0.38523
Epoca 416, RMS = 0.38523
Epoca 417, RMS = 0.38523
Epoca 418, RMS = 0.38523
Epoca 419, RMS = 0.38524
Epoca 420, RMS = 0.38524
Epoca 421, RMS = 0.38524
Epoca 422, RMS = 0.38524
Epoca 423, RMS = 0.38524
Epoca 424, RMS = 0.38524
Epoca 425, RMS = 0.38524
Epoca 426, RMS = 0.38524
Epoca 427, RMS = 0.38524
Epoca 428, RMS = 0.38524
Epoca 429, RMS = 0.38524
Epoca 430, RMS = 0.38524
Epoca 431, RMS = 0.38524
Epoca 432, RMS = 0.38524
Epoca 433, RMS = 0.38524
Epoca 434, RMS = 0.38524
Epoca 435, RMS = 0.38524
Epoca 436, RMS = 0.38524
Epoca 437, RMS = 0.38524
Epoca 438, RMS = 0.38524
Epoca 439, RMS = 0.38524
Epoca 440, RMS = 0.38524
Epoca 441, RMS = 0.38524
Epoca 442, RMS = 0.38524
Epoca 443, RMS = 0.38524
Epoca 444, RMS = 0.38524
Epoca 445, RMS = 0.38524
Epoca 446, RMS = 0.38524
Epoca 447, RMS = 0.38524
Epoca 448, RMS = 0.38524
Epoca 449, RMS = 0.38524
Epoca 450, RMS = 0.38524
Epoca 451, RMS = 0.38524
Epoca 452, RMS = 0.38524
Epoca 453, RMS = 0.38524
Epoca 454, RMS = 0.38524
Epoca 455, RMS = 0.38524
Epoca 456, RMS = 0.38524
Epoca 457, RMS = 0.38524
Epoca 458, RMS = 0.38524
Epoca 459, RMS = 0.38524
Epoca 460, RMS = 0.38524
Epoca 461, RMS = 0.38524
Epoca 462, RMS = 0.38524
Epoca 463, RMS = 0.38524
Epoca 464, RMS = 0.38524
Epoca 465, RMS = 0.38524
Epoca 466, RMS = 0.38524
Epoca 467, RMS = 0.38524
Epoca 468, RMS = 0.38524
Epoca 469, RMS = 0.38524
Epoca 470, RMS = 0.38524
Epoca 471, RMS = 0.38524
Epoca 472, RMS = 0.38524
Epoca 473, RMS = 0.38524
Epoca 474, RMS = 0.38524
Epoca 475, RMS = 0.38524
Epoca 476, RMS = 0.38524
Epoca 477, RMS = 0.38524
Epoca 478, RMS = 0.38524
Epoca 479, RMS = 0.38524
Epoca 480, RMS = 0.38524
Epoca 481, RMS = 0.38524
Epoca 482, RMS = 0.38524
Epoca 483, RMS = 0.38524
Epoca 484, RMS = 0.38524
Epoca 485, RMS = 0.38524
Epoca 486, RMS = 0.38524
Epoca 487, RMS = 0.38524
Epoca 488, RMS = 0.38524
Epoca 489, RMS = 0.38524
Epoca 490, RMS = 0.38524
Epoca 491, RMS = 0.38524
Epoca 492, RMS = 0.38524
Epoca 493, RMS = 0.38524
Epoca 494, RMS = 0.38524
Epoca 495, RMS = 0.38524
Epoca 496, RMS = 0.38524
Epoca 497, RMS = 0.38524
Epoca 498, RMS = 0.38524
Epoca 499, RMS = 0.38524
Epoca 500, RMS = 0.38524
Epoca 501, RMS = 0.38524
Epoca 502, RMS = 0.38524
Epoca 503, RMS = 0.38524
Epoca 504, RMS = 0.38524
Epoca 505, RMS = 0.38524
Epoca 506, RMS = 0.38524
Epoca 507, RMS = 0.38524
Epoca 508, RMS = 0.38524
Epoca 509, RMS = 0.38524
Epoca 510, RMS = 0.38524
Epoca 511, RMS = 0.38524
Epoca 512, RMS = 0.38524
Epoca 513, RMS = 0.38524
Epoca 514, RMS = 0.38524
Epoca 515, RMS = 0.38524
Epoca 516, RMS = 0.38524
Epoca 517, RMS = 0.38524
Epoca 518, RMS = 0.38524
Epoca 519, RMS = 0.38524
Epoca 520, RMS = 0.38524
Epoca 521, RMS = 0.38524
Epoca 522, RMS = 0.38524
Epoca 523, RMS = 0.38524
Epoca 524, RMS = 0.38524
Epoca 525, RMS = 0.38524
Epoca 526, RMS = 0.38524
Epoca 527, RMS = 0.38524
Epoca 528, RMS = 0.38524
Epoca 529, RMS = 0.38524
Epoca 530, RMS = 0.38524
Epoca 531, RMS = 0.38524
Epoca 532, RMS = 0.38524
Epoca 533, RMS = 0.38524
Epoca 534, RMS = 0.38524
Epoca 535, RMS = 0.38524
Epoca 536, RMS = 0.38524
Epoca 537, RMS = 0.38524
Epoca 538, RMS = 0.38524
Epoca 539, RMS = 0.38524
Epoca 540, RMS = 0.38524
Epoca 541, RMS = 0.38524
Epoca 542, RMS = 0.38524
Epoca 543, RMS = 0.38524
Epoca 544, RMS = 0.38524
Epoca 545, RMS = 0.38524
Epoca 546, RMS = 0.38524
Epoca 547, RMS = 0.38524
Epoca 548, RMS = 0.38524
Epoca 549, RMS = 0.38524
Epoca 550, RMS = 0.38524
Epoca 551, RMS = 0.38524
Epoca 552, RMS = 0.38524
Epoca 553, RMS = 0.38524
Epoca 554, RMS = 0.38524
Epoca 555, RMS = 0.38524
Epoca 556, RMS = 0.38524
Epoca 557, RMS = 0.38524
Epoca 558, RMS = 0.38524
Epoca 559, RMS = 0.38524
Epoca 560, RMS = 0.38524
Epoca 561, RMS = 0.38524
Epoca 562, RMS = 0.38524
Epoca 563, RMS = 0.38524
Epoca 564, RMS = 0.38524
Epoca 565, RMS = 0.38524
Epoca 566, RMS = 0.38524
Epoca 567, RMS = 0.38524
Epoca 568, RMS = 0.38524
Epoca 569, RMS = 0.38524
Epoca 570, RMS = 0.38524
Epoca 571, RMS = 0.38524
Epoca 572, RMS = 0.38524
Epoca 573, RMS = 0.38524
Epoca 574, RMS = 0.38524
Epoca 575, RMS = 0.38524
Epoca 576, RMS = 0.38524
Epoca 577, RMS = 0.38524
Epoca 578, RMS = 0.38524
Epoca 579, RMS = 0.38524
Epoca 580, RMS = 0.38524
Epoca 581, RMS = 0.38524
Epoca 582, RMS = 0.38524
Epoca 583, RMS = 0.38524
Epoca 584, RMS = 0.38524
Epoca 585, RMS = 0.38524
Epoca 586, RMS = 0.38524
Epoca 587, RMS = 0.38524
Epoca 588, RMS = 0.38524
Epoca 589, RMS = 0.38524
Epoca 590, RMS = 0.38524
Epoca 591, RMS = 0.38524
Epoca 592, RMS = 0.38524
Epoca 593, RMS = 0.38524
Epoca 594, RMS = 0.38524
Epoca 595, RMS = 0.38524
Epoca 596, RMS = 0.38524
Epoca 597, RMS = 0.38524
Epoca 598, RMS = 0.38524
Epoca 599, RMS = 0.38524
Epoca 600, RMS = 0.38524
Epoca 601, RMS = 0.38524
Epoca 602, RMS = 0.38524
Epoca 603, RMS = 0.38524
Epoca 604, RMS = 0.38524
Epoca 605, RMS = 0.38524
Epoca 606, RMS = 0.38524
Epoca 607, RMS = 0.38524
Epoca 608, RMS = 0.38524
Epoca 609, RMS = 0.38524
Epoca 610, RMS = 0.38524
Epoca 611, RMS = 0.38524
Epoca 612, RMS = 0.38524
Epoca 613, RMS = 0.38524
Epoca 614, RMS = 0.38524
Epoca 615, RMS = 0.38524
Epoca 616, RMS = 0.38524
Epoca 617, RMS = 0.38524
Epoca 618, RMS = 0.38524
Epoca 619, RMS = 0.38524
Epoca 620, RMS = 0.38524
Epoca 621, RMS = 0.38524
Epoca 622, RMS = 0.38524
Epoca 623, RMS = 0.38524
Epoca 624, RMS = 0.38524
Epoca 625, RMS = 0.38524
Epoca 626, RMS = 0.38524
Epoca 627, RMS = 0.38524
Epoca 628, RMS = 0.38524
Epoca 629, RMS = 0.38524
Epoca 630, RMS = 0.38524
Epoca 631, RMS = 0.38524
Epoca 632, RMS = 0.38524
Epoca 633, RMS = 0.38524
Epoca 634, RMS = 0.38524
Epoca 635, RMS = 0.38524
Epoca 636, RMS = 0.38524
Epoca 637, RMS = 0.38524
Epoca 638, RMS = 0.38524
Epoca 639, RMS = 0.38524
Epoca 640, RMS = 0.38524
Epoca 641, RMS = 0.38524
Epoca 642, RMS = 0.38524
Epoca 643, RMS = 0.38524
Epoca 644, RMS = 0.38524
Epoca 645, RMS = 0.38524
Epoca 646, RMS = 0.38524
Epoca 647, RMS = 0.38524
Epoca 648, RMS = 0.38524
Epoca 649, RMS = 0.38524
Epoca 650, RMS = 0.38524
Epoca 651, RMS = 0.38524
Epoca 652, RMS = 0.38524
Epoca 653, RMS = 0.38524
Epoca 654, RMS = 0.38524
Epoca 655, RMS = 0.38524
Epoca 656, RMS = 0.38524
Epoca 657, RMS = 0.38524
Epoca 658, RMS = 0.38524
Epoca 659, RMS = 0.38524
Epoca 660, RMS = 0.38524
Epoca 661, RMS = 0.38524
Epoca 662, RMS = 0.38524
Epoca 663, RMS = 0.38524
Epoca 664, RMS = 0.38524
Epoca 665, RMS = 0.38524
Epoca 666, RMS = 0.38524
Epoca 667, RMS = 0.38524
Epoca 668, RMS = 0.38524
Epoca 669, RMS = 0.38524
Epoca 670, RMS = 0.38524
Epoca 671, RMS = 0.38524
Epoca 672, RMS = 0.38524
Epoca 673, RMS = 0.38524
Epoca 674, RMS = 0.38524
Epoca 675, RMS = 0.38524
Epoca 676, RMS = 0.38524
Epoca 677, RMS = 0.38524
Epoca 678, RMS = 0.38524
Epoca 679, RMS = 0.38524
Epoca 680, RMS = 0.38524
Epoca 681, RMS = 0.38524
Epoca 682, RMS = 0.38524
Epoca 683, RMS = 0.38524
Epoca 684, RMS = 0.38524
Epoca 685, RMS = 0.38524
Epoca 686, RMS = 0.38524
Epoca 687, RMS = 0.38524
Epoca 688, RMS = 0.38524
Epoca 689, RMS = 0.38524
Epoca 690, RMS = 0.38524
Epoca 691, RMS = 0.38524
Epoca 692, RMS = 0.38524
Epoca 693, RMS = 0.38524
Epoca 694, RMS = 0.38524
Epoca 695, RMS = 0.38524
Epoca 696, RMS = 0.38524
Epoca 697, RMS = 0.38524
Epoca 698, RMS = 0.38524
Epoca 699, RMS = 0.38524
Epoca 700, RMS = 0.38524
Epoca 701, RMS = 0.38524
Epoca 702, RMS = 0.38524
Epoca 703, RMS = 0.38524
Epoca 704, RMS = 0.38524
Epoca 705, RMS = 0.38524
Epoca 706, RMS = 0.38524
Epoca 707, RMS = 0.38524
Epoca 708, RMS = 0.38524
Epoca 709, RMS = 0.38524
Epoca 710, RMS = 0.38524
Epoca 711, RMS = 0.38524
Epoca 712, RMS = 0.38524
Epoca 713, RMS = 0.38524
Epoca 714, RMS = 0.38524
Epoca 715, RMS = 0.38524
Epoca 716, RMS = 0.38524
Epoca 717, RMS = 0.38524
Epoca 718, RMS = 0.38524
Epoca 719, RMS = 0.38524
Epoca 720, RMS = 0.38524
Epoca 721, RMS = 0.38524
Epoca 722, RMS = 0.38524
Epoca 723, RMS = 0.38524
Epoca 724, RMS = 0.38524
Epoca 725, RMS = 0.38524
Epoca 726, RMS = 0.38524
Epoca 727, RMS = 0.38524
Epoca 728, RMS = 0.38524
Epoca 729, RMS = 0.38524
Epoca 730, RMS = 0.38524
Epoca 731, RMS = 0.38524
Epoca 732, RMS = 0.38524
Epoca 733, RMS = 0.38524
Epoca 734, RMS = 0.38524
Epoca 735, RMS = 0.38524
Epoca 736, RMS = 0.38524
Epoca 737, RMS = 0.38524
Epoca 738, RMS = 0.38524
Epoca 739, RMS = 0.38524
Epoca 740, RMS = 0.38524
Epoca 741, RMS = 0.38524
Epoca 742, RMS = 0.38524
Epoca 743, RMS = 0.38524
Epoca 744, RMS = 0.38524
Epoca 745, RMS = 0.38524
Epoca 746, RMS = 0.38524
Epoca 747, RMS = 0.38524
Epoca 748, RMS = 0.38524
Epoca 749, RMS = 0.38524
Epoca 750, RMS = 0.38524
Epoca 751, RMS = 0.38524
Epoca 752, RMS = 0.38524
Epoca 753, RMS = 0.38524
Epoca 754, RMS = 0.38524
Epoca 755, RMS = 0.38524
Epoca 756, RMS = 0.38524
Epoca 757, RMS = 0.38524
Epoca 758, RMS = 0.38524
Epoca 759, RMS = 0.38524
Epoca 760, RMS = 0.38524
Epoca 761, RMS = 0.38524
Epoca 762, RMS = 0.38524
Epoca 763, RMS = 0.38524
Epoca 764, RMS = 0.38524
Epoca 765, RMS = 0.38524
Epoca 766, RMS = 0.38524
Epoca 767, RMS = 0.38524
Epoca 768, RMS = 0.38524
Epoca 769, RMS = 0.38524
Epoca 770, RMS = 0.38524
Epoca 771, RMS = 0.38524
Epoca 772, RMS = 0.38524
Epoca 773, RMS = 0.38524
Epoca 774, RMS = 0.38524
Epoca 775, RMS = 0.38524
Epoca 776, RMS = 0.38524
Epoca 777, RMS = 0.38524
Epoca 778, RMS = 0.38524
Epoca 779, RMS = 0.38524
Epoca 780, RMS = 0.38524
Epoca 781, RMS = 0.38524
Epoca 782, RMS = 0.38524
Epoca 783, RMS = 0.38524
Epoca 784, RMS = 0.38524
Epoca 785, RMS = 0.38524
Epoca 786, RMS = 0.38524
Epoca 787, RMS = 0.38524
Epoca 788, RMS = 0.38524
Epoca 789, RMS = 0.38524
Epoca 790, RMS = 0.38524
Epoca 791, RMS = 0.38524
Epoca 792, RMS = 0.38524
Epoca 793, RMS = 0.38524
Epoca 794, RMS = 0.38524
Epoca 795, RMS = 0.38524
Epoca 796, RMS = 0.38524
Epoca 797, RMS = 0.38524
Epoca 798, RMS = 0.38524
Epoca 799, RMS = 0.38524
Epoca 800, RMS = 0.38524
Epoca 801, RMS = 0.38524
Epoca 802, RMS = 0.38524
Epoca 803, RMS = 0.38524
Epoca 804, RMS = 0.38524
Epoca 805, RMS = 0.38524
Epoca 806, RMS = 0.38524
Epoca 807, RMS = 0.38524
Epoca 808, RMS = 0.38524
Epoca 809, RMS = 0.38524
Epoca 810, RMS = 0.38524
Epoca 811, RMS = 0.38524
Epoca 812, RMS = 0.38524
Epoca 813, RMS = 0.38524
Epoca 814, RMS = 0.38524
Epoca 815, RMS = 0.38524
Epoca 816, RMS = 0.38524
Epoca 817, RMS = 0.38524
Epoca 818, RMS = 0.38524
Epoca 819, RMS = 0.38524
Epoca 820, RMS = 0.38524
Epoca 821, RMS = 0.38524
Epoca 822, RMS = 0.38524
Epoca 823, RMS = 0.38524
Epoca 824, RMS = 0.38524
Epoca 825, RMS = 0.38524
Epoca 826, RMS = 0.38524
Epoca 827, RMS = 0.38524
Epoca 828, RMS = 0.38524
Epoca 829, RMS = 0.38524
Epoca 830, RMS = 0.38524
Epoca 831, RMS = 0.38524
Epoca 832, RMS = 0.38524
Epoca 833, RMS = 0.38524
Epoca 834, RMS = 0.38524
Epoca 835, RMS = 0.38524
Epoca 836, RMS = 0.38524
Epoca 837, RMS = 0.38524
Epoca 838, RMS = 0.38524
Epoca 839, RMS = 0.38524
Epoca 840, RMS = 0.38524
Epoca 841, RMS = 0.38524
Epoca 842, RMS = 0.38524
Epoca 843, RMS = 0.38524
Epoca 844, RMS = 0.38524
Epoca 845, RMS = 0.38524
Epoca 846, RMS = 0.38524
Epoca 847, RMS = 0.38524
Epoca 848, RMS = 0.38524
Epoca 849, RMS = 0.38524
Epoca 850, RMS = 0.38524
Epoca 851, RMS = 0.38524
Epoca 852, RMS = 0.38524
Epoca 853, RMS = 0.38524
Epoca 854, RMS = 0.38524
Epoca 855, RMS = 0.38524
Epoca 856, RMS = 0.38524
Epoca 857, RMS = 0.38524
Epoca 858, RMS = 0.38524
Epoca 859, RMS = 0.38524
Epoca 860, RMS = 0.38524
Epoca 861, RMS = 0.38524
Epoca 862, RMS = 0.38524
Epoca 863, RMS = 0.38524
Epoca 864, RMS = 0.38524
Epoca 865, RMS = 0.38524
Epoca 866, RMS = 0.38524
Epoca 867, RMS = 0.38524
Epoca 868, RMS = 0.38524
Epoca 869, RMS = 0.38524
Epoca 870, RMS = 0.38524
Epoca 871, RMS = 0.38524
Epoca 872, RMS = 0.38524
Epoca 873, RMS = 0.38524
Epoca 874, RMS = 0.38524
Epoca 875, RMS = 0.38524
Epoca 876, RMS = 0.38524
Epoca 877, RMS = 0.38524
Epoca 878, RMS = 0.38524
Epoca 879, RMS = 0.38524
Epoca 880, RMS = 0.38524
Epoca 881, RMS = 0.38524
Epoca 882, RMS = 0.38524
Epoca 883, RMS = 0.38524
Epoca 884, RMS = 0.38524
Epoca 885, RMS = 0.38524
Epoca 886, RMS = 0.38524
Epoca 887, RMS = 0.38524
Epoca 888, RMS = 0.38524
Epoca 889, RMS = 0.38524
Epoca 890, RMS = 0.38524
Epoca 891, RMS = 0.38524
Epoca 892, RMS = 0.38524
Epoca 893, RMS = 0.38524
Epoca 894, RMS = 0.38524
Epoca 895, RMS = 0.38524
Epoca 896, RMS = 0.38524
Epoca 897, RMS = 0.38524
Epoca 898, RMS = 0.38524
Epoca 899, RMS = 0.38524
Epoca 900, RMS = 0.38524
Epoca 901, RMS = 0.38524
Epoca 902, RMS = 0.38524
Epoca 903, RMS = 0.38524
Epoca 904, RMS = 0.38524
Epoca 905, RMS = 0.38524
Epoca 906, RMS = 0.38524
Epoca 907, RMS = 0.38524
Epoca 908, RMS = 0.38524
Epoca 909, RMS = 0.38524
Epoca 910, RMS = 0.38524
Epoca 911, RMS = 0.38524
Epoca 912, RMS = 0.38524
Epoca 913, RMS = 0.38524
Epoca 914, RMS = 0.38524
Epoca 915, RMS = 0.38524
Epoca 916, RMS = 0.38524
Epoca 917, RMS = 0.38524
Epoca 918, RMS = 0.38524
Epoca 919, RMS = 0.38524
Epoca 920, RMS = 0.38524
Epoca 921, RMS = 0.38524
Epoca 922, RMS = 0.38524
Epoca 923, RMS = 0.38524
Epoca 924, RMS = 0.38524
Epoca 925, RMS = 0.38524
Epoca 926, RMS = 0.38524
Epoca 927, RMS = 0.38524
Epoca 928, RMS = 0.38524
Epoca 929, RMS = 0.38524
Epoca 930, RMS = 0.38524
Epoca 931, RMS = 0.38524
Epoca 932, RMS = 0.38524
Epoca 933, RMS = 0.38524
Epoca 934, RMS = 0.38524
Epoca 935, RMS = 0.38524
Epoca 936, RMS = 0.38524
Epoca 937, RMS = 0.38524
Epoca 938, RMS = 0.38524
Epoca 939, RMS = 0.38524
Epoca 940, RMS = 0.38524
Epoca 941, RMS = 0.38524
Epoca 942, RMS = 0.38524
Epoca 943, RMS = 0.38524
Epoca 944, RMS = 0.38524
Epoca 945, RMS = 0.38524
Epoca 946, RMS = 0.38524
Epoca 947, RMS = 0.38524
Epoca 948, RMS = 0.38524
Epoca 949, RMS = 0.38524
Epoca 950, RMS = 0.38524
Epoca 951, RMS = 0.38524
Epoca 952, RMS = 0.38524
Epoca 953, RMS = 0.38524
Epoca 954, RMS = 0.38524
Epoca 955, RMS = 0.38524
Epoca 956, RMS = 0.38524
Epoca 957, RMS = 0.38524
Epoca 958, RMS = 0.38524
Epoca 959, RMS = 0.38524
Epoca 960, RMS = 0.38524
Epoca 961, RMS = 0.38524
Epoca 962, RMS = 0.38524
Epoca 963, RMS = 0.38524
Epoca 964, RMS = 0.38524
Epoca 965, RMS = 0.38524
Epoca 966, RMS = 0.38524
Epoca 967, RMS = 0.38524
Epoca 968, RMS = 0.38524
Epoca 969, RMS = 0.38524
Epoca 970, RMS = 0.38524
Epoca 971, RMS = 0.38524
Epoca 972, RMS = 0.38524
Epoca 973, RMS = 0.38524
Epoca 974, RMS = 0.38524
Epoca 975, RMS = 0.38524
Epoca 976, RMS = 0.38524
Epoca 977, RMS = 0.38524
Epoca 978, RMS = 0.38524
Epoca 979, RMS = 0.38524
Epoca 980, RMS = 0.38524
Epoca 981, RMS = 0.38524
Epoca 982, RMS = 0.38524
Epoca 983, RMS = 0.38524
Epoca 984, RMS = 0.38524
Epoca 985, RMS = 0.38524
Epoca 986, RMS = 0.38524
Epoca 987, RMS = 0.38524
Epoca 988, RMS = 0.38524
Epoca 989, RMS = 0.38524
Epoca 990, RMS = 0.38524
Epoca 991, RMS = 0.38524
Epoca 992, RMS = 0.38524
Epoca 993, RMS = 0.38524
Epoca 994, RMS = 0.38524
Epoca 995, RMS = 0.38524
Epoca 996, RMS = 0.38524
Epoca 997, RMS = 0.38524
Epoca 998, RMS = 0.38524
Epoca 999, RMS = 0.38523
Epoca 1000, RMS = 0.38523

##################TEST##################
Z[0] = 1.00
Y_IN 0.50
T[0] = 0 Y[0] = 0.25
Y_IN 1.97
T[1] = 1 Y[1] = 0.75
Z[0] = 1.00
Y_IN 0.50
T[0] = 1 Y[0] = 0.25
Y_IN 1.97
T[1] = 0 Y[1] = 0.75
Z[0] = 1.00
Y_IN 0.50
T[0] = 0 Y[0] = 0.25
Y_IN 1.96
T[1] = 1 Y[1] = 0.75
Z[0] = 1.00
Y_IN 0.50
T[0] = 0 Y[0] = 0.25
Y_IN 1.97
T[1] = 1 Y[1] = 0.75
