0.46 -0.22 
0.30 0.29 
-0.49 -0.12 
0.48 0.07 
0.32 0.07 
-0.36 0.33 
-0.04 0.48 
-0.43 -0.30 
-0.41 0.46 -0.34 0.09 -0.26 -0.04 -0.34 -0.37 
-0.28 -0.41 0.30 -0.18 -0.26 0.06 -0.44 -0.30 
0.34 0.36 0.49 0.36 -0.26 0.46 -0.07 -0.45 0.03 0.06 

##################LEARN##################
0.87738
0.67001
0.51111
0.42844
0.39930
0.39396
0.39639
0.40046
0.40438
0.40776
0.41056
0.41284
0.41467
0.41609
0.41717
0.41797
0.41853
0.41890
0.41911
0.41919
0.41918
0.41908
0.41893
0.41873
0.41851
0.41826
0.41800
0.41774
0.41748
0.41722
0.41697
0.41674
0.41651
0.41630
0.41610
0.41591
0.41573
0.41555
0.41539
0.41523
0.41507
0.41492
0.41477
0.41461
0.41446
0.41430
0.41413
0.41397
0.41379
0.41361
0.41343
0.41323
0.41303
0.41282
0.41261
0.41238
0.41214
0.41189
0.41164
0.41137
0.41109
0.41080
0.41049
0.41018
0.40985
0.40951
0.40916
0.40880
0.40842
0.40804
0.40764
0.40724
0.40684
0.40644
0.40604
0.40567
0.40531
0.40500
0.40474
0.40454
0.40444
0.40444
0.40457
0.40483
0.40522
0.40572
0.40630
0.40691
0.40747
0.40794
0.40825
0.40837
0.40829
0.40800
0.40752
0.40687
0.40608
0.40516
0.40414
0.40303
0.40183
0.40056
0.39922
0.39780
0.39630
0.39474
0.39311
0.39143
0.38974
0.38809
0.38657
0.38535
0.38461
0.38464
0.38567
0.38782
0.39098
0.39470
0.39843
0.40170
0.40430
0.40623
0.40757
0.40846
0.40900
0.40927
0.40932
0.40921
0.40898
0.40864
0.40824
0.40780
0.40736
0.40695
0.40662
0.40642
0.40640
0.40663
0.40715
0.40800
0.40916
0.41060
0.41219
0.41382
0.41533
0.41662
0.41760
0.41826
0.41861
0.41867
0.41848
0.41810
0.41756
0.41689
0.41611
0.41525
0.41433
0.41335
0.41231
0.41124
0.41012
0.40896
0.40776
0.40651
0.40523
0.40389
0.40251
0.40108
0.39960
0.39807
0.39650
0.39488
0.39325
0.39162
0.39003
0.38854
0.38722
0.38619
0.38555
0.38543
0.38588
0.38687
0.38820
0.38958
0.39068
0.39129
0.39132
0.39081
0.38986
0.38859
0.38711
0.38554
0.38402
0.38267
0.38160
0.38087
0.38053
0.38056
0.38094
0.38160
0.38247
0.38349
0.38459
0.38572
0.38682
0.38788
0.38885
0.38971
0.39047
0.39110
0.39160
0.39196
0.39220
0.39229
0.39226
0.39209
0.39179
0.39136
0.39080
0.39012
0.38931
0.38838
0.38734
0.38617
0.38490
0.38352
0.38205
0.38050
0.37888
0.37724
0.37559
0.37399
0.37249
0.37115
0.37003
0.36916
0.36858
0.36826
0.36816
0.36822
0.36837
0.36856
0.36872
0.36886
0.36894
0.36896
0.36894
0.36886
0.36874
0.36859
0.36840
0.36818
0.36794
0.36769
0.36744
0.36720
0.36701
0.36690
0.36690
0.36706
0.36742
0.36803
0.36889
0.36999
0.37131
0.37275
0.37424
0.37569
0.37701
0.37815
0.37908
0.37980
0.38033
0.38070
0.38093
0.38107
0.38115
0.38119
0.38121
0.38123
0.38124
0.38127
0.38130
0.38134
0.38138
0.38142
0.38145
0.38147
0.38148
0.38147
0.38142
0.38134
0.38121
0.38103
0.38079
0.38047
0.38008
0.37961
0.37905
0.37841
0.37769
0.37689
0.37604
0.37513
0.37420
0.37325
0.37231
0.37137
0.37046
0.36956
0.36869
0.36782
0.36697
0.36610
0.36522
0.36430
0.36334
0.36232
0.36123
0.36005
0.35878
0.35741
0.35593
0.35433
0.35263
0.35081
0.34890
0.34691
0.34487
0.34280
0.34075
0.33877
0.33691
0.33521
0.33370
0.33240
0.33129
0.33034
0.32952
0.32877
0.32807
0.32737
0.32665
0.32593
0.32521
0.32452
0.32390
0.32338
0.32300
0.32277
0.32269
0.32273
0.32289
0.32315
0.32348
0.32387
0.32430
0.32475
0.32521
0.32565
0.32606
0.32642
0.32673
0.32696
0.32711
0.32717
0.32711
0.32693
0.32659
0.32604
0.32520
0.32398
0.32224
0.31985
0.31688
0.31375
0.31120
0.30967
0.30895
0.30858
0.30821
0.30772
0.30712
0.30648
0.30590
0.30546
0.30527
0.30542
0.30599
0.30703
0.30856
0.31058
0.31302
0.31578
0.31876
0.32184
0.32494
0.32796
0.33087
0.33364
0.33625
0.33872
0.34106
0.34328
0.34539
0.34741
0.34932
0.35112
0.35278
0.35430
0.35565
0.35682
0.35781
0.35861
0.35924
0.35970
0.35999
0.36012
0.36010
0.35994
0.35963
0.35918
0.35859
0.35785
0.35697
0.35591
0.35467
0.35320
0.35144
0.34931
0.34670
0.34350
0.33968
0.33538
0.33103
0.32707
0.32374
0.32099
0.31870
0.31675
0.31508
0.31364
0.31241
0.31135
0.31043
0.30964
0.30895
0.30834
0.30781
0.30734
0.30690
0.30650
0.30612
0.30575
0.30538
0.30502
0.30466
0.30430
0.30393
0.30355
0.30317
0.30278
0.30238
0.30197
0.30155
0.30113
0.30069
0.30024
0.29979
0.29932
0.29884
0.29834
0.29783
0.29731
0.29678
0.29622
0.29565
0.29507
0.29446
0.29383
0.29317
0.29250
0.29179
0.29106
0.29029
0.28949
0.28865
0.28777
0.28684
0.28587
0.28485
0.28377
0.28265
0.28147
0.28025
0.27898
0.27770
0.27642
0.27520
0.27408
0.27313
0.27247
0.27216
0.27230
0.27293
0.27402
0.27549
0.27722
0.27906
0.28088
0.28261
0.28419
0.28560
0.28684
0.28793
0.28885
0.28964
0.29029
0.29082
0.29123
0.29154
0.29174
0.29185
0.29188
0.29184
0.29173
0.29156
0.29133
0.29106
0.29075
0.29040
0.29003
0.28963
0.28921
0.28877
0.28832
0.28786
0.28738
0.28690
0.28641
0.28591
0.28540
0.28489
0.28438
0.28385
0.28332
0.28278
0.28223
0.28167
0.28109
0.28049
0.27987
0.27921
0.27852
0.27777
0.27697
0.27608
0.27510
0.27400
0.27276
0.27135
0.26976
0.26799
0.26604
0.26396
0.26184
0.25977
0.25790
0.25637
0.25528
0.25471
0.25465
0.25506
0.25582
0.25683
0.25799
0.25921
0.26043
0.26160
0.26269
0.26368
0.26453
0.26524
0.26579
0.26618
0.26640
0.26647
0.26641
0.26627
0.26613
0.26607
0.26614
0.26628
0.26629
0.26593
0.26507
0.26377
0.26223
0.26065
0.25921
0.25805
0.25723
0.25676
0.25658
0.25659
0.25671
0.25684
0.25694
0.25698
0.25694
0.25684
0.25669
0.25650
0.25628
0.25604
0.25580
0.25556
0.25531
0.25506
0.25479
0.25451
0.25422
0.25391
0.25357
0.25322
0.25285
0.25246
0.25205
0.25162
0.25118
0.25072
0.25024
0.24975
0.24925
0.24873
0.24820
0.24765
0.24709
0.24652
0.24593
0.24532
0.24471
0.24408
0.24343
0.24277
0.24210
0.24141
0.24071
0.23999
0.23926
0.23851
0.23775
0.23697
0.23617
0.23535
0.23451
0.23365
0.23276
0.23185
0.23091
0.22993
0.22892
0.22787
0.22677
0.22562
0.22441
0.22313
0.22178
0.22036
0.21885
0.21724
0.21554
0.21374
0.21184
0.20985
0.20778
0.20563
0.20342
0.20120
0.19900
0.19688
0.19489
0.19308
0.19144
0.18985
0.18814
0.18620
0.18401
0.18172
0.17950
0.17747
0.17568
0.17415
0.17285
0.17174
0.17076
0.16980
0.16882
0.16779
0.16671
0.16562
0.16453
0.16346
0.16243
0.16144
0.16049
0.15955
0.15863
0.15769
0.15673
0.15572
0.15464
0.15347
0.15217
0.15074
0.14918
0.14756
0.14606
0.14491
0.14431
0.14433
0.14484
0.14561
0.14640
0.14706
0.14752
0.14781
0.14797
0.14807
0.14816
0.14827
0.14840
0.14854
0.14866
0.14876
0.14880
0.14881
0.14877
0.14870
0.14860
0.14848
0.14834
0.14817
0.14797
0.14774
0.14745
0.14713
0.14679
0.14643
0.14610
0.14583
0.14565
0.14557
0.14558
0.14562
0.14564
0.14559
0.14541
0.14508
0.14460
0.14399
0.14327
0.14246
0.14157
0.14063
0.13964
0.13859
0.13748
0.13632
0.13510
0.13381
0.13247
0.13108
0.12964
0.12816
0.12664
0.12508
0.12349
0.12187
0.12022
0.11855
0.11685
0.11513
0.11340
0.11167
0.10993
0.10819
0.10646
0.10474
0.10303
0.10135
0.09970
0.09807
0.09649
0.09494
0.09343
0.09197
0.09056
0.08920
0.08790
0.08665
0.08546
0.08432
0.08324
0.08222
0.08126
0.08036
0.07951
0.07871
0.07797
0.07728
0.07665
0.07605
0.07551
0.07500
0.07453
0.07410
0.07370
0.07333
0.07298
0.07266
0.07236
0.07207
0.07181
0.07155
0.07131
0.07109
0.07087
0.07066
0.07046
0.07026
0.07007
0.06989
0.06971
0.06953
0.06936
0.06920
0.06903
0.06887
0.06872
0.06856
0.06841
0.06826
0.06812
0.06798
0.06784
0.06770
0.06757
0.06743
0.06731
0.06718
0.06706
0.06694
0.06682
0.06670
0.06659
0.06648
0.06638
0.06627
0.06617
0.06607
0.06598
0.06589
0.06580
0.06571
0.06563
0.06555
0.06547
0.06539
0.06532
0.06525
0.06519
0.06512
0.06506
0.06500
0.06495
0.06489
0.06484
0.06479
0.06475
0.06471
0.06467
0.06463
0.06459
0.06456
0.06453
0.06450
0.06448
0.06445
0.06443
0.06441
0.06440
0.06438
0.06437
0.06436
0.06435
0.06435
0.06434
0.06434
0.06434
0.06434
0.06435
0.06435
0.06436
0.06437
0.06438
0.06440
0.06441
0.06443
0.06445
0.06447
0.06449
0.06451
0.06453
0.06456
0.06459
0.06462
0.06465
0.06468
0.06471
0.06475
0.06478
0.06482
0.06486
0.06490
0.06494
0.06498
0.06502
0.06507
0.06511
0.06516
0.06520
0.06525
0.06530
0.06535
0.06540
0.06545
0.06550
0.06556
0.06561
0.06567
0.06572
0.06578
0.06583
0.06589
0.06595
0.06601
0.06607
0.06613
0.06619
0.06625
0.06631
0.06637
0.06643
0.06649
0.06656
0.06662
0.06668
0.06675
0.06681
0.06687
0.06694
0.06700
0.06707
0.06713
0.06719
0.06726
0.06732
0.06739
0.06745
0.06751
0.06758
0.06764
0.06771
0.06777
0.06783
0.06789
0.06796
0.06802
0.06808
0.06814
0.06820
0.06826
0.06832
0.06838
0.06844
0.06849
0.06855
0.06861
0.06866
0.06871
0.06877
0.06882
0.06887
0.06892
0.06897
0.06902
0.06907
0.06912
0.06916

##################TEST##################
Z[0] = -0.67
Z[1] = -0.97
Z[2] = 0.87
Z[3] = 0.70
Z[4] = -0.95
Z[5] = -0.94
Z[6] = -0.67
Z[7] = 0.89
Y_IN -0.64
T[0] = 0 Y[0] = -0.31
Y_IN 4.91
T[1] = 1 Y[1] = 0.99
Z[0] = -0.89
Z[1] = -0.99
Z[2] = 0.93
Z[3] = 0.83
Z[4] = -0.99
Z[5] = -0.98
Z[6] = -0.78
Z[7] = 0.31
Y_IN 0.35
T[0] = 0 Y[0] = 0.18
Y_IN 3.08
T[1] = 1 Y[1] = 0.91
Z[0] = -0.97
Z[1] = -1.00
Z[2] = 0.94
Z[3] = 0.94
Z[4] = -1.00
Z[5] = -1.00
Z[6] = -0.85
Z[7] = -0.67
Y_IN 1.83
T[0] = 1 Y[0] = 0.72
Y_IN 0.05
T[1] = 0 Y[1] = 0.02
Z[0] = -0.91
Z[1] = -0.99
Z[2] = 0.88
Z[3] = 0.88
Z[4] = -0.98
Z[5] = -0.99
Z[6] = -0.77
Z[7] = 0.30
Y_IN 0.33
T[0] = 0 Y[0] = 0.17
Y_IN 3.01
T[1] = 1 Y[1] = 0.91
