0.46 -0.22 
0.30 0.29 
-0.49 -0.12 
0.48 0.07 
0.32 0.07 
-0.36 0.33 -0.04 0.48 -0.43 
-0.30 -0.41 0.46 -0.34 0.09 
-0.26 -0.04 -0.34 -0.37 -0.28 -0.41 0.30 

##################LEARN##################
1.12068
0.83781
0.56496
0.40140
0.33690
0.31705
0.31256
0.31359
0.31709
0.32185
0.32713
0.33237
0.33718
0.34135
0.34489
0.34787
0.35040
0.35256
0.35442
0.35602
0.35740
0.35857
0.35957
0.36041
0.36111
0.36169
0.36216
0.36252
0.36280
0.36299
0.36311
0.36316
0.36315
0.36307
0.36293
0.36274
0.36249
0.36218
0.36181
0.36139
0.36091
0.36037
0.35976
0.35910
0.35836
0.35756
0.35668
0.35573
0.35469
0.35356
0.35233
0.35100
0.34957
0.34802
0.34635
0.34455
0.34263
0.34056
0.33837
0.33606
0.33364
0.33114
0.32862
0.32615
0.32382
0.32177
0.32014
0.31909
0.31870
0.31899
0.31980
0.32086
0.32185
0.32247
0.32259
0.32222
0.32146
0.32045
0.31930
0.31810
0.31692
0.31578
0.31472
0.31374
0.31287
0.31209
0.31141
0.31082
0.31029
0.30982
0.30939
0.30897
0.30854
0.30811
0.30765
0.30716
0.30665
0.30611
0.30556
0.30498
0.30440
0.30382
0.30322
0.30263
0.30204
0.30145
0.30086
0.30027
0.29968
0.29909
0.29850
0.29790
0.29730
0.29670
0.29609
0.29548
0.29487
0.29425
0.29364
0.29302
0.29240
0.29178
0.29116
0.29055
0.28993
0.28931
0.28869
0.28807
0.28745
0.28683
0.28621
0.28559
0.28498
0.28436
0.28374
0.28313
0.28251
0.28190
0.28129
0.28068
0.28007
0.27946
0.27885
0.27824
0.27764
0.27703
0.27643
0.27583
0.27523
0.27463
0.27403
0.27343
0.27283
0.27224
0.27165
0.27105
0.27046
0.26987
0.26928
0.26869
0.26810
0.26751
0.26692
0.26633
0.26575
0.26516
0.26457
0.26398
0.26340
0.26281
0.26222
0.26163
0.26104
0.26044
0.25985
0.25925
0.25865
0.25805
0.25745
0.25685
0.25624
0.25563
0.25501
0.25439
0.25377
0.25314
0.25251
0.25187
0.25123
0.25058
0.24992
0.24926
0.24859
0.24791
0.24722
0.24652
0.24581
0.24509
0.24436
0.24361
0.24286
0.24209
0.24130
0.24050
0.23968
0.23884
0.23799
0.23711
0.23621
0.23529
0.23435
0.23337
0.23237
0.23134
0.23028
0.22919
0.22806
0.22690
0.22570
0.22445
0.22317
0.22184
0.22046
0.21904
0.21756
0.21604
0.21446
0.21283
0.21115
0.20941
0.20763
0.20580
0.20393
0.20202
0.20008
0.19811
0.19613
0.19415
0.19217
0.19020
0.18823
0.18627
0.18430
0.18229
0.18020
0.17798
0.17557
0.17292
0.16999
0.16674
0.16320
0.15940
0.15543
0.15140
0.14742
0.14363
0.14013
0.13702
0.13436
0.13220
0.13055
0.12942
0.12880
0.12864
0.12891
0.12955
0.13052
0.13175
0.13318
0.13477
0.13647
0.13822
0.13999
0.14173
0.14343
0.14504
0.14654
0.14792
0.14916
0.15024
0.15115
0.15189
0.15244
0.15281
0.15299
0.15299
0.15280
0.15243
0.15188
0.15116
0.15027
0.14922
0.14803
0.14670
0.14524
0.14367
0.14199
0.14022
0.13838
0.13647
0.13451
0.13252
0.13050
0.12847
0.12643
0.12440
0.12239
0.12040
0.11844
0.11651
0.11462
0.11278
0.11098
0.10922
0.10751
0.10584
0.10422
0.10265
0.10113
0.09966
0.09824
0.09688
0.09558
0.09434
0.09319
0.09211
0.09115
0.09029
0.08956
0.08897
0.08850
0.08815
0.08788
0.08766
0.08748
0.08732
0.08716
0.08696
0.08671
0.08638
0.08593
0.08536
0.08465
0.08381
0.08286
0.08182
0.08071
0.07956
0.07839
0.07724
0.07610
0.07500
0.07395
0.07294
0.07197
0.07105
0.07017
0.06932
0.06849
0.06769
0.06690
0.06613
0.06537
0.06462
0.06388
0.06315
0.06244
0.06174
0.06105
0.06038
0.05973
0.05909
0.05847
0.05786
0.05726
0.05668
0.05612
0.05556
0.05502
0.05448
0.05396
0.05345
0.05294
0.05245
0.05196
0.05148
0.05102
0.05056
0.05010
0.04966
0.04923
0.04880
0.04838
0.04797
0.04756
0.04716
0.04677
0.04639
0.04601
0.04563
0.04527
0.04491
0.04455
0.04420
0.04386
0.04352
0.04318
0.04286
0.04253
0.04221
0.04190
0.04159
0.04129
0.04099
0.04069
0.04040
0.04011
0.03983
0.03955
0.03927
0.03900
0.03873
0.03847
0.03821
0.03795
0.03769
0.03744
0.03720
0.03695
0.03671
0.03647
0.03624
0.03601
0.03578
0.03555
0.03533
0.03511
0.03489
0.03468
0.03446
0.03425
0.03405
0.03384
0.03364
0.03344
0.03324
0.03305
0.03285
0.03266
0.03247
0.03229
0.03210
0.03192
0.03174
0.03156
0.03139
0.03121
0.03104
0.03087
0.03070
0.03053
0.03037
0.03021
0.03004
0.02988
0.02973
0.02957
0.02942
0.02926
0.02911
0.02896
0.02881
0.02867
0.02852
0.02838
0.02824
0.02809
0.02796
0.02782
0.02768
0.02755
0.02741
0.02728
0.02715
0.02702
0.02689
0.02676
0.02663
0.02651
0.02639
0.02626
0.02614
0.02602
0.02590
0.02578
0.02567
0.02555
0.02544
0.02532
0.02521
0.02510
0.02499
0.02488
0.02477
0.02466
0.02455
0.02445
0.02434
0.02424
0.02414
0.02403
0.02393
0.02383
0.02373
0.02363
0.02354
0.02344
0.02334
0.02325
0.02315
0.02306
0.02297
0.02288
0.02278
0.02269
0.02260
0.02251
0.02243
0.02234
0.02225
0.02217
0.02208
0.02200
0.02191
0.02183
0.02175
0.02166
0.02158
0.02150
0.02142
0.02134
0.02126
0.02119
0.02111
0.02103
0.02095
0.02088
0.02080
0.02073
0.02066
0.02058
0.02051
0.02044
0.02037
0.02029
0.02022
0.02015
0.02008
0.02002
0.01995
0.01988
0.01981
0.01974
0.01968
0.01961
0.01955
0.01948
0.01942
0.01935
0.01929
0.01923
0.01916
0.01910
0.01904
0.01898
0.01892
0.01886
0.01880
0.01874
0.01868
0.01862
0.01856
0.01850
0.01845
0.01839
0.01833
0.01828
0.01822
0.01816
0.01811
0.01805
0.01800
0.01795
0.01789
0.01784
0.01779
0.01773
0.01768
0.01763
0.01758
0.01753
0.01748
0.01743
0.01738
0.01733
0.01728
0.01723
0.01718
0.01713
0.01708
0.01703
0.01699
0.01694
0.01689
0.01685
0.01680
0.01675
0.01671
0.01666
0.01662
0.01657
0.01653
0.01648
0.01644
0.01640
0.01635
0.01631
0.01627
0.01622
0.01618
0.01614
0.01610
0.01606
0.01602
0.01597
0.01593
0.01589
0.01585
0.01581
0.01577
0.01573
0.01569
0.01566
0.01562
0.01558
0.01554
0.01550
0.01546
0.01543
0.01539
0.01535
0.01531
0.01528
0.01524
0.01521
0.01517
0.01513
0.01510
0.01506
0.01503
0.01499
0.01496
0.01492
0.01489
0.01485
0.01482
0.01479
0.01475
0.01472
0.01469
0.01465
0.01462
0.01459
0.01455
0.01452
0.01449
0.01446
0.01443
0.01440
0.01436
0.01433
0.01430
0.01427
0.01424
0.01421
0.01418
0.01415
0.01412
0.01409
0.01406
0.01403
0.01400
0.01397
0.01394
0.01391
0.01388
0.01386
0.01383
0.01380
0.01377
0.01374
0.01372
0.01369
0.01366
0.01363
0.01361
0.01358
0.01355
0.01353
0.01350
0.01347
0.01345
0.01342
0.01339
0.01337
0.01334
0.01332
0.01329
0.01327
0.01324
0.01321
0.01319
0.01316
0.01314
0.01312
0.01309
0.01307
0.01304
0.01302
0.01299
0.01297
0.01295
0.01292
0.01290
0.01288
0.01285
0.01283
0.01281
0.01278
0.01276
0.01274
0.01272
0.01269
0.01267
0.01265
0.01263
0.01261
0.01258
0.01256
0.01254
0.01252
0.01250
0.01248
0.01245
0.01243
0.01241
0.01239
0.01237
0.01235
0.01233
0.01231
0.01229
0.01227
0.01225
0.01223
0.01221
0.01219
0.01217
0.01215
0.01213
0.01211
0.01209
0.01207
0.01205
0.01203
0.01201
0.01199
0.01197
0.01196
0.01194
0.01192
0.01190
0.01188
0.01186
0.01184
0.01183
0.01181
0.01179
0.01177
0.01175
0.01174
0.01172
0.01170
0.01168
0.01167
0.01165
0.01163
0.01161
0.01160
0.01158
0.01156
0.01155
0.01153
0.01151
0.01149
0.01148
0.01146
0.01145
0.01143
0.01141
0.01140
0.01138
0.01136
0.01135
0.01133
0.01132
0.01130
0.01128
0.01127
0.01125
0.01124
0.01122
0.01121
0.01119
0.01118
0.01116
0.01115
0.01113
0.01112
0.01110
0.01109
0.01107
0.01106
0.01104
0.01103
0.01101
0.01100
0.01098
0.01097
0.01095
0.01094
0.01093
0.01091
0.01090
0.01088
0.01087
0.01086
0.01084
0.01083
0.01081
0.01080
0.01079
0.01077
0.01076
0.01075
0.01073
0.01072
0.01071
0.01069
0.01068
0.01067
0.01065
0.01064
0.01063
0.01062
0.01060
0.01059
0.01058
0.01056
0.01055
0.01054
0.01053
0.01051
0.01050
0.01049
0.01048
0.01046
0.01045
0.01044
0.01043
0.01042
0.01040
0.01039
0.01038
0.01037
0.01036
0.01034
0.01033
0.01032
0.01031
0.01030
0.01029
0.01027
0.01026
0.01025
0.01024
0.01023
0.01022
0.01021
0.01020
0.01018
0.01017
0.01016
0.01015
0.01014
0.01013
0.01012
0.01011
0.01010
0.01009
0.01007
0.01006
0.01005
0.01004
0.01003
0.01002
0.01001
0.01000
0.00999
0.00998
0.00997
0.00996
0.00995
0.00994
0.00993
0.00992
0.00991
0.00990
0.00989
0.00988
0.00987
0.00986
0.00985
0.00984
0.00983
0.00982
0.00981
0.00980
0.00979
0.00978
0.00977
0.00976
0.00975
0.00974
0.00973
0.00972
0.00971
0.00970
0.00969
0.00969
0.00968
0.00967
0.00966
0.00965
0.00964
0.00963
0.00962
0.00961
0.00960
0.00959
0.00958
0.00958
0.00957
0.00956
0.00955
0.00954
0.00953
0.00952
0.00951
0.00951
0.00950
0.00949
0.00948
0.00947
0.00946
0.00945
0.00945
0.00944
0.00943
0.00942
0.00941
0.00940
0.00940
0.00939
0.00938
0.00937
0.00936
0.00935
0.00935
0.00934
0.00933
0.00932
0.00931
0.00931
0.00930
0.00929
0.00928
0.00927
0.00927
0.00926

##################TEST##################
Z[0] = -1.00
Z[1] = -0.20
Z[2] = -0.98
Z[3] = -0.98
Z[4] = -0.98
Y_IN 0.02
T[0] = 0 Y[0] = 0.01
Y_IN 2.89
T[1] = 1 Y[1] = 0.89
Z[0] = -1.00
Z[1] = 0.86
Z[2] = -1.00
Z[3] = -0.99
Z[4] = -1.00
Y_IN 3.79
T[0] = 1 Y[0] = 0.96
Y_IN 0.13
T[1] = 0 Y[1] = 0.07
Z[0] = -1.00
Z[1] = 0.99
Z[2] = -1.00
Z[3] = -1.00
Z[4] = -1.00
Y_IN 4.26
T[0] = 1 Y[0] = 0.97
Y_IN -0.21
T[1] = 0 Y[1] = -0.11
Z[0] = -1.00
Z[1] = 0.87
Z[2] = -1.00
Z[3] = -0.99
Z[4] = -1.00
Y_IN 3.82
T[0] = 1 Y[0] = 0.96
Y_IN 0.11
T[1] = 0 Y[1] = 0.05
