0.46 -0.22 
0.30 0.29 
-0.49 -0.12 
0.48 0.07 
0.32 0.07 
-0.36 0.33 
-0.04 0.48 
-0.43 -0.30 -0.41 0.46 -0.34 0.09 -0.26 
-0.04 -0.34 -0.37 -0.28 -0.41 0.30 -0.18 
-0.26 0.06 -0.44 -0.30 0.34 0.36 0.49 0.36 -0.26 

##################LEARN##################
0.99424
0.79804
0.63403
0.54903
0.52685
0.52976
0.53689
0.54197
0.54424
0.54442
0.54345
0.54209
0.54084
0.53993
0.53940
0.53921
0.53926
0.53947
0.53977
0.54011
0.54046
0.54080
0.54112
0.54143
0.54171
0.54196
0.54220
0.54242
0.54262
0.54280
0.54296
0.54312
0.54326
0.54338
0.54350
0.54360
0.54369
0.54377
0.54384
0.54391
0.54396
0.54400
0.54403
0.54406
0.54407
0.54408
0.54408
0.54406
0.54404
0.54401
0.54397
0.54392
0.54387
0.54380
0.54372
0.54362
0.54352
0.54340
0.54326
0.54311
0.54294
0.54275
0.54253
0.54229
0.54201
0.54170
0.54135
0.54097
0.54054
0.54008
0.53959
0.53907
0.53855
0.53804
0.53754
0.53708
0.53667
0.53632
0.53602
0.53579
0.53564
0.53557
0.53561
0.53576
0.53602
0.53639
0.53684
0.53733
0.53782
0.53827
0.53865
0.53896
0.53918
0.53932
0.53939
0.53940
0.53936
0.53926
0.53913
0.53896
0.53877
0.53857
0.53836
0.53816
0.53799
0.53785
0.53777
0.53772
0.53772
0.53774
0.53775
0.53774
0.53768
0.53755
0.53734
0.53709
0.53680
0.53652
0.53628
0.53611
0.53600
0.53597
0.53599
0.53605
0.53615
0.53627
0.53639
0.53652
0.53665
0.53676
0.53687
0.53696
0.53704
0.53710
0.53714
0.53717
0.53717
0.53716
0.53713
0.53708
0.53701
0.53692
0.53680
0.53666
0.53649
0.53629
0.53605
0.53578
0.53547
0.53512
0.53473
0.53432
0.53387
0.53340
0.53293
0.53244
0.53196
0.53149
0.53103
0.53059
0.53016
0.52976
0.52937
0.52900
0.52866
0.52833
0.52800
0.52769
0.52738
0.52706
0.52674
0.52640
0.52604
0.52567
0.52529
0.52489
0.52448
0.52407
0.52367
0.52328
0.52293
0.52261
0.52234
0.52212
0.52194
0.52179
0.52166
0.52155
0.52146
0.52138
0.52132
0.52129
0.52128
0.52130
0.52136
0.52146
0.52160
0.52179
0.52201
0.52226
0.52253
0.52281
0.52308
0.52331
0.52349
0.52362
0.52368
0.52368
0.52362
0.52352
0.52339
0.52324
0.52310
0.52298
0.52290
0.52289
0.52293
0.52304
0.52320
0.52339
0.52362
0.52385
0.52409
0.52433
0.52456
0.52478
0.52499
0.52518
0.52535
0.52550
0.52564
0.52575
0.52584
0.52591
0.52595
0.52598
0.52598
0.52596
0.52592
0.52586
0.52577
0.52567
0.52555
0.52541
0.52526
0.52509
0.52491
0.52472
0.52452
0.52432
0.52412
0.52392
0.52373
0.52354
0.52337
0.52322
0.52309
0.52299
0.52291
0.52285
0.52282
0.52282
0.52284
0.52289
0.52295
0.52302
0.52311
0.52320
0.52330
0.52339
0.52348
0.52357
0.52365
0.52372
0.52378
0.52383
0.52387
0.52388
0.52386
0.52380
0.52368
0.52348
0.52320
0.52282
0.52236
0.52185
0.52133
0.52087
0.52052
0.52031
0.52025
0.52029
0.52039
0.52050
0.52061
0.52069
0.52075
0.52079
0.52081
0.52078
0.52073
0.52066
0.52059
0.52055
0.52058
0.52068
0.52085
0.52110
0.52140
0.52173
0.52208
0.52244
0.52279
0.52312
0.52344
0.52374
0.52402
0.52427
0.52451
0.52472
0.52490
0.52507
0.52521
0.52533
0.52543
0.52552
0.52559
0.52565
0.52569
0.52572
0.52573
0.52573
0.52572
0.52570
0.52566
0.52562
0.52555
0.52547
0.52538
0.52528
0.52515
0.52502
0.52486
0.52469
0.52450
0.52429
0.52406
0.52380
0.52352
0.52322
0.52289
0.52253
0.52214
0.52172
0.52128
0.52082
0.52034
0.51986
0.51938
0.51891
0.51846
0.51802
0.51761
0.51721
0.51683
0.51647
0.51611
0.51576
0.51542
0.51508
0.51475
0.51444
0.51416
0.51392
0.51374
0.51361
0.51356
0.51358
0.51367
0.51384
0.51408
0.51439
0.51474
0.51514
0.51558
0.51603
0.51650
0.51697
0.51742
0.51787
0.51829
0.51868
0.51906
0.51940
0.51972
0.52001
0.52028
0.52052
0.52074
0.52093
0.52110
0.52125
0.52138
0.52148
0.52156
0.52162
0.52167
0.52169
0.52170
0.52169
0.52166
0.52162
0.52157
0.52150
0.52143
0.52134
0.52124
0.52112
0.52100
0.52086
0.52070
0.52052
0.52032
0.52008
0.51980
0.51948
0.51910
0.51869
0.51824
0.51778
0.51734
0.51694
0.51660
0.51634
0.51616
0.51608
0.51609
0.51620
0.51640
0.51669
0.51704
0.51744
0.51786
0.51827
0.51866
0.51902
0.51933
0.51961
0.51986
0.52008
0.52030
0.52051
0.52073
0.52096
0.52120
0.52144
0.52169
0.52193
0.52217
0.52240
0.52261
0.52282
0.52300
0.52316
0.52330
0.52341
0.52349
0.52353
0.52353
0.52350
0.52343
0.52333
0.52320
0.52306
0.52291
0.52276
0.52262
0.52248
0.52236
0.52224
0.52212
0.52199
0.52184
0.52168
0.52148
0.52126
0.52100
0.52070
0.52036
0.51998
0.51957
0.51913
0.51868
0.51824
0.51783
0.51748
0.51721
0.51705
0.51702
0.51714
0.51739
0.51777
0.51826
0.51881
0.51941
0.52002
0.52062
0.52118
0.52168
0.52209
0.52240
0.52260
0.52270
0.52270
0.52265
0.52255
0.52242
0.52229
0.52216
0.52203
0.52191
0.52179
0.52167
0.52156
0.52145
0.52133
0.52121
0.52109
0.52096
0.52083
0.52069
0.52055
0.52041
0.52026
0.52010
0.51995
0.51978
0.51961
0.51943
0.51925
0.51906
0.51886
0.51865
0.51843
0.51820
0.51796
0.51771
0.51745
0.51718
0.51690
0.51660
0.51629
0.51596
0.51561
0.51524
0.51485
0.51442
0.51395
0.51345
0.51290
0.51231
0.51169
0.51105
0.51040
0.50977
0.50918
0.50866
0.50822
0.50787
0.50765
0.50754
0.50757
0.50774
0.50804
0.50847
0.50901
0.50964
0.51034
0.51108
0.51184
0.51259
0.51333
0.51403
0.51469
0.51531
0.51588
0.51641
0.51689
0.51732
0.51771
0.51806
0.51837
0.51865
0.51890
0.51912
0.51932
0.51949
0.51965
0.51979
0.51991
0.52002
0.52011
0.52019
0.52027
0.52033
0.52039
0.52044
0.52048
0.52052
0.52055
0.52058
0.52061
0.52063
0.52065
0.52066
0.52066
0.52065
0.52063
0.52058
0.52052
0.52042
0.52029
0.52012
0.51991
0.51964
0.51932
0.51894
0.51850
0.51801
0.51745
0.51684
0.51617
0.51547
0.51474
0.51401
0.51329
0.51262
0.51202
0.51154
0.51118
0.51098
0.51094
0.51107
0.51136
0.51180
0.51238
0.51306
0.51382
0.51463
0.51545
0.51627
0.51705
0.51778
0.51845
0.51905
0.51958
0.52002
0.52038
0.52064
0.52082
0.52092
0.52094
0.52089
0.52079
0.52066
0.52050
0.52035
0.52022
0.52011
0.52004
0.52001
0.52002
0.52005
0.52009
0.52014
0.52018
0.52021
0.52021
0.52018
0.52011
0.52000
0.51985
0.51965
0.51941
0.51912
0.51880
0.51846
0.51810
0.51776
0.51745
0.51720
0.51703
0.51696
0.51701
0.51718
0.51747
0.51785
0.51830
0.51880
0.51931
0.51982
0.52029
0.52070
0.52103
0.52128
0.52144
0.52151
0.52150
0.52143
0.52130
0.52112
0.52092
0.52070
0.52045
0.52020
0.51994
0.51967
0.51941
0.51915
0.51890
0.51866
0.51842
0.51819
0.51798
0.51777
0.51756
0.51737
0.51718
0.51700
0.51681
0.51663
0.51646
0.51628
0.51610
0.51592
0.51575
0.51557
0.51539
0.51522
0.51505
0.51488
0.51472
0.51456
0.51442
0.51428
0.51416
0.51405
0.51395
0.51387
0.51380
0.51374
0.51368
0.51361
0.51351
0.51338
0.51319
0.51293
0.51258
0.51214
0.51161
0.51100
0.51035
0.50967
0.50901
0.50839
0.50785
0.50742
0.50709
0.50689
0.50681
0.50682
0.50692
0.50710
0.50737
0.50772
0.50815
0.50868
0.50927
0.50992
0.51061
0.51130
0.51200
0.51267
0.51332
0.51393
0.51451
0.51505
0.51555
0.51602
0.51644
0.51684
0.51721
0.51756
0.51789
0.51821
0.51852
0.51882
0.51911
0.51940
0.51968
0.51995
0.52021
0.52046
0.52069
0.52090
0.52109
0.52126
0.52139
0.52150
0.52157
0.52161
0.52162
0.52159
0.52154
0.52145
0.52133
0.52117
0.52099
0.52077
0.52051
0.52021
0.51988
0.51951
0.51909
0.51864
0.51814
0.51760
0.51703
0.51642
0.51578
0.51513
0.51447
0.51381
0.51318
0.51258
0.51205
0.51160
0.51124
0.51098
0.51084
0.51080
0.51086
0.51100
0.51121
0.51147
0.51177
0.51210
0.51245
0.51283
0.51322
0.51364
0.51407
0.51453
0.51499
0.51545
0.51589
0.51628
0.51659
0.51680
0.51690
0.51689
0.51679
0.51662
0.51641
0.51620
0.51602
0.51588
0.51579
0.51577
0.51582
0.51591
0.51605
0.51620
0.51635
0.51649
0.51660
0.51668
0.51673
0.51676
0.51678
0.51679
0.51681
0.51686
0.51695
0.51708
0.51725
0.51747
0.51773
0.51801
0.51830
0.51857
0.51880
0.51896
0.51904
0.51903
0.51893
0.51875
0.51850
0.51819
0.51784
0.51747
0.51710
0.51673
0.51638
0.51604
0.51574
0.51546
0.51521
0.51499
0.51479
0.51462
0.51447
0.51434
0.51422
0.51411
0.51401
0.51392
0.51383
0.51374
0.51366
0.51357
0.51347
0.51337
0.51327
0.51316
0.51304
0.51292
0.51279
0.51265
0.51251
0.51236
0.51220
0.51204
0.51188
0.51172
0.51156
0.51140
0.51125
0.51111
0.51099
0.51088
0.51080
0.51074
0.51072
0.51074
0.51081
0.51092
0.51108
0.51129
0.51154
0.51182
0.51212
0.51240
0.51264
0.51280
0.51283
0.51270
0.51238
0.51186
0.51115
0.51029
0.50932
0.50832
0.50736
0.50650
0.50580
0.50529
0.50497
0.50483
0.50483
0.50494
0.50514
0.50540
0.50572
0.50611
0.50657
0.50711
0.50774
0.50846
0.50926
0.51013
0.51106
0.51201
0.51297
0.51392
0.51482
0.51566
0.51643
0.51710
0.51768
0.51817
0.51859
0.51894
0.51925
0.51952
0.51977
0.51999
0.52019
0.52036
0.52050

##################TEST##################
Z[0] = 0.07
Z[1] = 0.42
Z[2] = -0.56
Z[3] = -0.72
Z[4] = 0.00
Z[5] = 0.59
Z[6] = -0.68
Y_IN 1.23
T[0] = 1 Y[0] = 0.55
Y_IN 0.78
T[1] = 0 Y[1] = 0.37
Z[0] = 0.07
Z[1] = 0.63
Z[2] = -0.81
Z[3] = -0.82
Z[4] = -0.26
Z[5] = 0.80
Z[6] = -0.79
Y_IN 1.18
T[0] = 0 Y[0] = 0.53
Y_IN 1.28
T[1] = 1 Y[1] = 0.56
Z[0] = 0.44
Z[1] = 0.78
Z[2] = -0.92
Z[3] = -0.86
Z[4] = -0.34
Z[5] = 0.84
Z[6] = -0.91
Y_IN 0.99
T[0] = 1 Y[0] = 0.46
Y_IN 1.50
T[1] = 0 Y[1] = 0.64
Z[0] = 0.44
Z[1] = 0.64
Z[2] = -0.80
Z[3] = -0.79
Z[4] = -0.09
Z[5] = 0.66
Z[6] = -0.86
Y_IN 1.03
T[0] = 0 Y[0] = 0.47
Y_IN 1.15
T[1] = 1 Y[1] = 0.52
