0.46 -0.22 
0.30 0.29 
-0.49 -0.12 
0.48 0.07 
0.32 0.07 
-0.36 0.33 -0.04 0.48 -0.43 
-0.30 -0.41 0.46 -0.34 0.09 
-0.26 -0.04 -0.34 -0.37 -0.28 -0.41 0.30 

##################LEARN##################
0.91243
0.75600
0.61564
0.51191
0.44750
0.41114
0.39161
0.38192
0.37773
0.37635
0.37631
0.37685
0.37763
0.37849
0.37937
0.38025
0.38113
0.38198
0.38282
0.38362
0.38439
0.38511
0.38579
0.38642
0.38700
0.38752
0.38799
0.38841
0.38878
0.38910
0.38938
0.38961
0.38981
0.38997
0.39009
0.39019
0.39026
0.39030
0.39032
0.39031
0.39029
0.39025
0.39019
0.39012
0.39004
0.38994
0.38984
0.38972
0.38960
0.38947
0.38933
0.38918
0.38904
0.38888
0.38872
0.38856
0.38839
0.38822
0.38805
0.38787
0.38769
0.38751
0.38733
0.38714
0.38695
0.38675
0.38656
0.38636
0.38615
0.38595
0.38574
0.38553
0.38531
0.38509
0.38487
0.38464
0.38441
0.38417
0.38393
0.38369
0.38344
0.38319
0.38293
0.38267
0.38240
0.38213
0.38186
0.38158
0.38130
0.38101
0.38072
0.38042
0.38012
0.37981
0.37950
0.37918
0.37886
0.37853
0.37820
0.37786
0.37752
0.37718
0.37683
0.37648
0.37612
0.37575
0.37539
0.37501
0.37464
0.37425
0.37387
0.37348
0.37308
0.37269
0.37228
0.37188
0.37147
0.37105
0.37063
0.37021
0.36978
0.36935
0.36891
0.36848
0.36803
0.36759
0.36714
0.36668
0.36623
0.36577
0.36530
0.36484
0.36437
0.36389
0.36342
0.36294
0.36245
0.36197
0.36148
0.36099
0.36049
0.36000
0.35950
0.35899
0.35849
0.35798
0.35747
0.35696
0.35645
0.35593
0.35541
0.35489
0.35436
0.35384
0.35331
0.35278
0.35225
0.35171
0.35118
0.35064
0.35009
0.34955
0.34900
0.34845
0.34789
0.34733
0.34677
0.34619
0.34562
0.34503
0.34444
0.34383
0.34321
0.34258
0.34192
0.34124
0.34054
0.33979
0.33900
0.33816
0.33725
0.33626
0.33516
0.33394
0.33259
0.33108
0.32943
0.32767
0.32585
0.32408
0.32242
0.32095
0.31968
0.31861
0.31769
0.31689
0.31618
0.31555
0.31500
0.31459
0.31436
0.31429
0.31425
0.31385
0.31255
0.30992
0.30599
0.30132
0.29666
0.29258
0.28929
0.28672
0.28468
0.28297
0.28146
0.28006
0.27873
0.27744
0.27619
0.27498
0.27381
0.27268
0.27160
0.27056
0.26958
0.26864
0.26774
0.26688
0.26606
0.26527
0.26451
0.26377
0.26305
0.26236
0.26167
0.26101
0.26035
0.25971
0.25907
0.25844
0.25782
0.25720
0.25659
0.25598
0.25538
0.25478
0.25418
0.25359
0.25300
0.25241
0.25182
0.25123
0.25064
0.25005
0.24947
0.24888
0.24829
0.24770
0.24710
0.24651
0.24591
0.24532
0.24472
0.24411
0.24351
0.24290
0.24229
0.24168
0.24106
0.24044
0.23982
0.23919
0.23856
0.23792
0.23729
0.23664
0.23600
0.23535
0.23469
0.23403
0.23337
0.23270
0.23202
0.23134
0.23066
0.22997
0.22927
0.22857
0.22786
0.22715
0.22642
0.22569
0.22496
0.22421
0.22346
0.22269
0.22192
0.22114
0.22034
0.21954
0.21872
0.21789
0.21704
0.21618
0.21531
0.21442
0.21351
0.21258
0.21164
0.21068
0.20970
0.20870
0.20768
0.20664
0.20559
0.20451
0.20342
0.20231
0.20117
0.20003
0.19886
0.19768
0.19648
0.19527
0.19405
0.19282
0.19158
0.19034
0.18910
0.18785
0.18659
0.18534
0.18409
0.18283
0.18158
0.18032
0.17906
0.17780
0.17654
0.17529
0.17404
0.17279
0.17155
0.17032
0.16911
0.16792
0.16676
0.16564
0.16455
0.16353
0.16257
0.16169
0.16090
0.16023
0.15967
0.15925
0.15898
0.15886
0.15889
0.15908
0.15941
0.15986
0.16043
0.16109
0.16182
0.16258
0.16337
0.16415
0.16490
0.16562
0.16629
0.16690
0.16745
0.16792
0.16833
0.16867
0.16894
0.16915
0.16929
0.16937
0.16938
0.16934
0.16925
0.16910
0.16891
0.16867
0.16839
0.16807
0.16772
0.16734
0.16693
0.16650
0.16604
0.16556
0.16507
0.16456
0.16404
0.16350
0.16295
0.16239
0.16183
0.16126
0.16068
0.16009
0.15950
0.15891
0.15831
0.15772
0.15711
0.15651
0.15591
0.15530
0.15469
0.15408
0.15347
0.15286
0.15225
0.15164
0.15103
0.15042
0.14981
0.14920
0.14859
0.14798
0.14737
0.14676
0.14616
0.14555
0.14494
0.14434
0.14373
0.14313
0.14253
0.14193
0.14133
0.14073
0.14013
0.13954
0.13894
0.13835
0.13776
0.13717
0.13658
0.13600
0.13541
0.13483
0.13425
0.13367
0.13309
0.13251
0.13194
0.13137
0.13080
0.13023
0.12966
0.12910
0.12853
0.12797
0.12741
0.12686
0.12630
0.12575
0.12520
0.12465
0.12411
0.12356
0.12302
0.12248
0.12194
0.12141
0.12088
0.12034
0.11982
0.11929
0.11876
0.11824
0.11772
0.11720
0.11669
0.11618
0.11566
0.11516
0.11465
0.11414
0.11364
0.11314
0.11264
0.11215
0.11165
0.11116
0.11067
0.11018
0.10970
0.10922
0.10873
0.10825
0.10778
0.10730
0.10683
0.10636
0.10588
0.10542
0.10495
0.10448
0.10402
0.10356
0.10310
0.10264
0.10218
0.10172
0.10127
0.10081
0.10036
0.09990
0.09945
0.09900
0.09855
0.09810
0.09765
0.09719
0.09674
0.09629
0.09584
0.09539
0.09493
0.09447
0.09402
0.09356
0.09310
0.09263
0.09216
0.09169
0.09122
0.09074
0.09025
0.08976
0.08926
0.08876
0.08825
0.08773
0.08720
0.08667
0.08612
0.08556
0.08499
0.08441
0.08381
0.08320
0.08257
0.08193
0.08128
0.08060
0.07992
0.07922
0.07851
0.07778
0.07704
0.07630
0.07554
0.07478
0.07401
0.07324
0.07245
0.07166
0.07088
0.07014
0.06952
0.06914
0.06903
0.06910
0.06927
0.06960
0.07003
0.07039
0.07057
0.07066
0.07078
0.07101
0.07141
0.07202
0.07278
0.07349
0.07396
0.07413
0.07407
0.07391
0.07379
0.07377
0.07389
0.07409
0.07429
0.07441
0.07440
0.07427
0.07409
0.07391
0.07377
0.07370
0.07366
0.07363
0.07357
0.07344
0.07326
0.07305
0.07284
0.07263
0.07246
0.07230
0.07214
0.07196
0.07176
0.07154
0.07130
0.07105
0.07081
0.07058
0.07035
0.07013
0.06990
0.06965
0.06940
0.06914
0.06887
0.06861
0.06835
0.06810
0.06784
0.06758
0.06731
0.06705
0.06677
0.06650
0.06623
0.06596
0.06569
0.06542
0.06515
0.06488
0.06461
0.06433
0.06406
0.06379
0.06351
0.06324
0.06297
0.06270
0.06243
0.06216
0.06189
0.06162
0.06135
0.06109
0.06082
0.06056
0.06029
0.06003
0.05976
0.05950
0.05924
0.05898
0.05872
0.05847
0.05821
0.05796
0.05770
0.05745
0.05720
0.05695
0.05670
0.05645
0.05621
0.05596
0.05572
0.05548
0.05523
0.05500
0.05476
0.05452
0.05429
0.05405
0.05382
0.05359
0.05336
0.05313
0.05291
0.05268
0.05246
0.05224
0.05202
0.05180
0.05158
0.05136
0.05115
0.05093
0.05072
0.05051
0.05030
0.05010
0.04989
0.04969
0.04948
0.04928
0.04908
0.04888
0.04869
0.04849
0.04830
0.04810
0.04791
0.04772
0.04753
0.04734
0.04716
0.04697
0.04679
0.04661
0.04643
0.04625
0.04607
0.04589
0.04572
0.04554
0.04537
0.04520
0.04503
0.04486
0.04469
0.04452
0.04436
0.04420
0.04403
0.04387
0.04371
0.04355
0.04339
0.04324
0.04308
0.04293
0.04277
0.04262
0.04247
0.04232
0.04217
0.04202
0.04187
0.04173
0.04158
0.04144
0.04130
0.04116
0.04101
0.04088
0.04074
0.04060
0.04046
0.04033
0.04019
0.04006
0.03992
0.03979
0.03966
0.03953
0.03940
0.03927
0.03914
0.03902
0.03889
0.03877
0.03864
0.03852
0.03840
0.03827
0.03815
0.03803
0.03791
0.03779
0.03767
0.03755
0.03744
0.03732
0.03720
0.03709
0.03697
0.03686
0.03675
0.03663
0.03652
0.03641
0.03630
0.03619
0.03608
0.03597
0.03586
0.03575
0.03564
0.03553
0.03542
0.03531
0.03520
0.03510
0.03499
0.03488
0.03478
0.03467
0.03456
0.03446
0.03435
0.03425
0.03414
0.03403
0.03393
0.03382
0.03372
0.03361
0.03350
0.03340
0.03329
0.03319
0.03308
0.03297
0.03287
0.03276
0.03265
0.03255
0.03244
0.03233
0.03223
0.03212
0.03201
0.03190
0.03180
0.03169
0.03159
0.03148
0.03138
0.03128
0.03118
0.03108
0.03099
0.03090
0.03081
0.03072
0.03065
0.03057
0.03051
0.03045
0.03040
0.03036
0.03033
0.03031
0.03030
0.03030
0.03032
0.03035
0.03039
0.03044
0.03050
0.03057
0.03065
0.03073
0.03082
0.03092
0.03101
0.03111
0.03120
0.03130
0.03139
0.03148
0.03157
0.03165
0.03173
0.03181
0.03188
0.03194
0.03200
0.03206
0.03211
0.03216
0.03220
0.03224
0.03228
0.03231
0.03234
0.03236
0.03239
0.03241
0.03242
0.03244
0.03245
0.03246
0.03247
0.03247
0.03248
0.03248
0.03248
0.03248
0.03248
0.03248
0.03247
0.03247
0.03246
0.03246
0.03245
0.03244
0.03243
0.03243
0.03242
0.03241
0.03240
0.03238
0.03237
0.03236
0.03235
0.03234
0.03232
0.03231
0.03230
0.03229
0.03227
0.03226
0.03225
0.03223
0.03222
0.03220
0.03219
0.03218
0.03216
0.03215
0.03214
0.03212
0.03211
0.03210
0.03208
0.03207
0.03205
0.03204
0.03203
0.03201
0.03200
0.03199
0.03198
0.03196
0.03195
0.03194
0.03192
0.03191
0.03190
0.03189
0.03187
0.03186
0.03185
0.03184
0.03183
0.03181
0.03180
0.03179
0.03178
0.03177
0.03176
0.03175
0.03174
0.03172
0.03171
0.03170
0.03169
0.03168
0.03167
0.03166
0.03165
0.03164
0.03163
0.03162
0.03161
0.03160
0.03159
0.03158
0.03157
0.03156
0.03155
0.03155
0.03154
0.03153
0.03152
0.03151
0.03150
0.03149
0.03148
0.03148
0.03147
0.03146
0.03145
0.03144
0.03143
0.03143
0.03142
0.03141
0.03140
0.03140
0.03139
0.03138

##################TEST##################
Z[0] = -0.99
Z[1] = -0.82
Z[2] = -0.97
Z[3] = -0.96
Z[4] = -0.98
Y_IN -0.46
T[0] = 0 Y[0] = -0.22
Y_IN 5.02
T[1] = 1 Y[1] = 0.99
Z[0] = -1.00
Z[1] = -0.89
Z[2] = -0.99
Z[3] = -0.60
Z[4] = -1.00
Y_IN 0.27
T[0] = 0 Y[0] = 0.13
Y_IN 3.74
T[1] = 1 Y[1] = 0.95
Z[0] = -1.00
Z[1] = -0.92
Z[2] = -1.00
Z[3] = 0.43
Z[4] = -1.00
Y_IN 2.30
T[0] = 1 Y[0] = 0.82
Y_IN 0.01
T[1] = 0 Y[1] = 0.01
Z[0] = -1.00
Z[1] = -0.86
Z[2] = -0.99
Z[3] = -0.63
Z[4] = -0.99
Y_IN 0.20
T[0] = 0 Y[0] = 0.10
Y_IN 3.85
T[1] = 1 Y[1] = 0.96
