0.49 -0.21 
0.27 0.48 
-0.21 -0.48 
-0.02 0.34 
0.41 -0.16 0.44 0.21 

##################LEARN##################
Epoca 1, RMS = 0.75485
Epoca 2, RMS = 0.70893
Epoca 3, RMS = 0.67215
Epoca 4, RMS = 0.64292
Epoca 5, RMS = 0.61968
Epoca 6, RMS = 0.60106
Epoca 7, RMS = 0.58597
Epoca 8, RMS = 0.57359
Epoca 9, RMS = 0.56329
Epoca 10, RMS = 0.55464
Epoca 11, RMS = 0.54732
Epoca 12, RMS = 0.54112
Epoca 13, RMS = 0.53589
Epoca 14, RMS = 0.53148
Epoca 15, RMS = 0.52781
Epoca 16, RMS = 0.52477
Epoca 17, RMS = 0.52228
Epoca 18, RMS = 0.52024
Epoca 19, RMS = 0.51859
Epoca 20, RMS = 0.51725
Epoca 21, RMS = 0.51616
Epoca 22, RMS = 0.51528
Epoca 23, RMS = 0.51456
Epoca 24, RMS = 0.51397
Epoca 25, RMS = 0.51350
Epoca 26, RMS = 0.51310
Epoca 27, RMS = 0.51278
Epoca 28, RMS = 0.51253
Epoca 29, RMS = 0.51232
Epoca 30, RMS = 0.51216
Epoca 31, RMS = 0.51204
Epoca 32, RMS = 0.51195
Epoca 33, RMS = 0.51189
Epoca 34, RMS = 0.51186
Epoca 35, RMS = 0.51186
Epoca 36, RMS = 0.51187
Epoca 37, RMS = 0.51191
Epoca 38, RMS = 0.51197
Epoca 39, RMS = 0.51204
Epoca 40, RMS = 0.51213
Epoca 41, RMS = 0.51223
Epoca 42, RMS = 0.51234
Epoca 43, RMS = 0.51246
Epoca 44, RMS = 0.51258
Epoca 45, RMS = 0.51271
Epoca 46, RMS = 0.51284
Epoca 47, RMS = 0.51296
Epoca 48, RMS = 0.51309
Epoca 49, RMS = 0.51320
Epoca 50, RMS = 0.51331
Epoca 51, RMS = 0.51342
Epoca 52, RMS = 0.51351
Epoca 53, RMS = 0.51359
Epoca 54, RMS = 0.51367
Epoca 55, RMS = 0.51373
Epoca 56, RMS = 0.51379
Epoca 57, RMS = 0.51384
Epoca 58, RMS = 0.51387
Epoca 59, RMS = 0.51390
Epoca 60, RMS = 0.51393
Epoca 61, RMS = 0.51395
Epoca 62, RMS = 0.51396
Epoca 63, RMS = 0.51398
Epoca 64, RMS = 0.51398
Epoca 65, RMS = 0.51399
Epoca 66, RMS = 0.51400
Epoca 67, RMS = 0.51400
Epoca 68, RMS = 0.51400
Epoca 69, RMS = 0.51401
Epoca 70, RMS = 0.51401
Epoca 71, RMS = 0.51402
Epoca 72, RMS = 0.51403
Epoca 73, RMS = 0.51404
Epoca 74, RMS = 0.51405
Epoca 75, RMS = 0.51406
Epoca 76, RMS = 0.51407
Epoca 77, RMS = 0.51409
Epoca 78, RMS = 0.51411
Epoca 79, RMS = 0.51413
Epoca 80, RMS = 0.51415
Epoca 81, RMS = 0.51418
Epoca 82, RMS = 0.51420
Epoca 83, RMS = 0.51423
Epoca 84, RMS = 0.51426
Epoca 85, RMS = 0.51429
Epoca 86, RMS = 0.51432
Epoca 87, RMS = 0.51435
Epoca 88, RMS = 0.51438
Epoca 89, RMS = 0.51441
Epoca 90, RMS = 0.51444
Epoca 91, RMS = 0.51447
Epoca 92, RMS = 0.51450
Epoca 93, RMS = 0.51453
Epoca 94, RMS = 0.51456
Epoca 95, RMS = 0.51459
Epoca 96, RMS = 0.51461
Epoca 97, RMS = 0.51464
Epoca 98, RMS = 0.51466
Epoca 99, RMS = 0.51468
Epoca 100, RMS = 0.51470
Epoca 101, RMS = 0.51472
Epoca 102, RMS = 0.51474
Epoca 103, RMS = 0.51476
Epoca 104, RMS = 0.51477
Epoca 105, RMS = 0.51479
Epoca 106, RMS = 0.51480
Epoca 107, RMS = 0.51481
Epoca 108, RMS = 0.51482
Epoca 109, RMS = 0.51483
Epoca 110, RMS = 0.51484
Epoca 111, RMS = 0.51485
Epoca 112, RMS = 0.51486
Epoca 113, RMS = 0.51486
Epoca 114, RMS = 0.51487
Epoca 115, RMS = 0.51487
Epoca 116, RMS = 0.51488
Epoca 117, RMS = 0.51488
Epoca 118, RMS = 0.51488
Epoca 119, RMS = 0.51488
Epoca 120, RMS = 0.51488
Epoca 121, RMS = 0.51488
Epoca 122, RMS = 0.51488
Epoca 123, RMS = 0.51488
Epoca 124, RMS = 0.51488
Epoca 125, RMS = 0.51487
Epoca 126, RMS = 0.51487
Epoca 127, RMS = 0.51486
Epoca 128, RMS = 0.51485
Epoca 129, RMS = 0.51484
Epoca 130, RMS = 0.51483
Epoca 131, RMS = 0.51482
Epoca 132, RMS = 0.51480
Epoca 133, RMS = 0.51479
Epoca 134, RMS = 0.51477
Epoca 135, RMS = 0.51475
Epoca 136, RMS = 0.51472
Epoca 137, RMS = 0.51470
Epoca 138, RMS = 0.51467
Epoca 139, RMS = 0.51464
Epoca 140, RMS = 0.51461
Epoca 141, RMS = 0.51457
Epoca 142, RMS = 0.51453
Epoca 143, RMS = 0.51448
Epoca 144, RMS = 0.51444
Epoca 145, RMS = 0.51438
Epoca 146, RMS = 0.51433
Epoca 147, RMS = 0.51426
Epoca 148, RMS = 0.51420
Epoca 149, RMS = 0.51412
Epoca 150, RMS = 0.51404
Epoca 151, RMS = 0.51396
Epoca 152, RMS = 0.51386
Epoca 153, RMS = 0.51376
Epoca 154, RMS = 0.51365
Epoca 155, RMS = 0.51352
Epoca 156, RMS = 0.51339
Epoca 157, RMS = 0.51324
Epoca 158, RMS = 0.51308
Epoca 159, RMS = 0.51291
Epoca 160, RMS = 0.51272
Epoca 161, RMS = 0.51252
Epoca 162, RMS = 0.51231
Epoca 163, RMS = 0.51209
Epoca 164, RMS = 0.51187
Epoca 165, RMS = 0.51166
Epoca 166, RMS = 0.51151
Epoca 167, RMS = 0.51143
Epoca 168, RMS = 0.51152
Epoca 169, RMS = 0.51183
Epoca 170, RMS = 0.51243
Epoca 171, RMS = 0.51333
Epoca 172, RMS = 0.51443
Epoca 173, RMS = 0.51556
Epoca 174, RMS = 0.51652
Epoca 175, RMS = 0.51717
Epoca 176, RMS = 0.51747
Epoca 177, RMS = 0.51745
Epoca 178, RMS = 0.51717
Epoca 179, RMS = 0.51670
Epoca 180, RMS = 0.51610
Epoca 181, RMS = 0.51542
Epoca 182, RMS = 0.51472
Epoca 183, RMS = 0.51401
Epoca 184, RMS = 0.51333
Epoca 185, RMS = 0.51267
Epoca 186, RMS = 0.51205
Epoca 187, RMS = 0.51148
Epoca 188, RMS = 0.51095
Epoca 189, RMS = 0.51046
Epoca 190, RMS = 0.51002
Epoca 191, RMS = 0.50962
Epoca 192, RMS = 0.50925
Epoca 193, RMS = 0.50891
Epoca 194, RMS = 0.50861
Epoca 195, RMS = 0.50833
Epoca 196, RMS = 0.50808
Epoca 197, RMS = 0.50785
Epoca 198, RMS = 0.50764
Epoca 199, RMS = 0.50745
Epoca 200, RMS = 0.50728
Epoca 201, RMS = 0.50712
Epoca 202, RMS = 0.50698
Epoca 203, RMS = 0.50685
Epoca 204, RMS = 0.50673
Epoca 205, RMS = 0.50662
Epoca 206, RMS = 0.50652
Epoca 207, RMS = 0.50643
Epoca 208, RMS = 0.50636
Epoca 209, RMS = 0.50629
Epoca 210, RMS = 0.50623
Epoca 211, RMS = 0.50618
Epoca 212, RMS = 0.50614
Epoca 213, RMS = 0.50612
Epoca 214, RMS = 0.50610
Epoca 215, RMS = 0.50608
Epoca 216, RMS = 0.50608
Epoca 217, RMS = 0.50609
Epoca 218, RMS = 0.50611
Epoca 219, RMS = 0.50613
Epoca 220, RMS = 0.50616
Epoca 221, RMS = 0.50620
Epoca 222, RMS = 0.50625
Epoca 223, RMS = 0.50631
Epoca 224, RMS = 0.50637
Epoca 225, RMS = 0.50645
Epoca 226, RMS = 0.50653
Epoca 227, RMS = 0.50662
Epoca 228, RMS = 0.50672
Epoca 229, RMS = 0.50683
Epoca 230, RMS = 0.50696
Epoca 231, RMS = 0.50711
Epoca 232, RMS = 0.50727
Epoca 233, RMS = 0.50745
Epoca 234, RMS = 0.50765
Epoca 235, RMS = 0.50788
Epoca 236, RMS = 0.50812
Epoca 237, RMS = 0.50838
Epoca 238, RMS = 0.50865
Epoca 239, RMS = 0.50893
Epoca 240, RMS = 0.50922
Epoca 241, RMS = 0.50950
Epoca 242, RMS = 0.50978
Epoca 243, RMS = 0.51005
Epoca 244, RMS = 0.51030
Epoca 245, RMS = 0.51054
Epoca 246, RMS = 0.51075
Epoca 247, RMS = 0.51094
Epoca 248, RMS = 0.51111
Epoca 249, RMS = 0.51126
Epoca 250, RMS = 0.51139
Epoca 251, RMS = 0.51149
Epoca 252, RMS = 0.51158
Epoca 253, RMS = 0.51165
Epoca 254, RMS = 0.51170
Epoca 255, RMS = 0.51174
Epoca 256, RMS = 0.51177
Epoca 257, RMS = 0.51178
Epoca 258, RMS = 0.51179
Epoca 259, RMS = 0.51179
Epoca 260, RMS = 0.51178
Epoca 261, RMS = 0.51177
Epoca 262, RMS = 0.51175
Epoca 263, RMS = 0.51173
Epoca 264, RMS = 0.51171
Epoca 265, RMS = 0.51169
Epoca 266, RMS = 0.51166
Epoca 267, RMS = 0.51164
Epoca 268, RMS = 0.51162
Epoca 269, RMS = 0.51159
Epoca 270, RMS = 0.51157
Epoca 271, RMS = 0.51155
Epoca 272, RMS = 0.51152
Epoca 273, RMS = 0.51150
Epoca 274, RMS = 0.51148
Epoca 275, RMS = 0.51146
Epoca 276, RMS = 0.51144
Epoca 277, RMS = 0.51142
Epoca 278, RMS = 0.51140
Epoca 279, RMS = 0.51138
Epoca 280, RMS = 0.51136
Epoca 281, RMS = 0.51134
Epoca 282, RMS = 0.51131
Epoca 283, RMS = 0.51129
Epoca 284, RMS = 0.51127
Epoca 285, RMS = 0.51124
Epoca 286, RMS = 0.51121
Epoca 287, RMS = 0.51118
Epoca 288, RMS = 0.51115
Epoca 289, RMS = 0.51112
Epoca 290, RMS = 0.51109
Epoca 291, RMS = 0.51105
Epoca 292, RMS = 0.51102
Epoca 293, RMS = 0.51098
Epoca 294, RMS = 0.51094
Epoca 295, RMS = 0.51089
Epoca 296, RMS = 0.51085
Epoca 297, RMS = 0.51080
Epoca 298, RMS = 0.51075
Epoca 299, RMS = 0.51070
Epoca 300, RMS = 0.51064
Epoca 301, RMS = 0.51059
Epoca 302, RMS = 0.51053
Epoca 303, RMS = 0.51047
Epoca 304, RMS = 0.51040
Epoca 305, RMS = 0.51034
Epoca 306, RMS = 0.51027
Epoca 307, RMS = 0.51021
Epoca 308, RMS = 0.51014
Epoca 309, RMS = 0.51007
Epoca 310, RMS = 0.51000
Epoca 311, RMS = 0.50992
Epoca 312, RMS = 0.50985
Epoca 313, RMS = 0.50978
Epoca 314, RMS = 0.50970
Epoca 315, RMS = 0.50963
Epoca 316, RMS = 0.50956
Epoca 317, RMS = 0.50949
Epoca 318, RMS = 0.50941
Epoca 319, RMS = 0.50934
Epoca 320, RMS = 0.50927
Epoca 321, RMS = 0.50920
Epoca 322, RMS = 0.50913
Epoca 323, RMS = 0.50905
Epoca 324, RMS = 0.50898
Epoca 325, RMS = 0.50890
Epoca 326, RMS = 0.50882
Epoca 327, RMS = 0.50873
Epoca 328, RMS = 0.50865
Epoca 329, RMS = 0.50856
Epoca 330, RMS = 0.50846
Epoca 331, RMS = 0.50837
Epoca 332, RMS = 0.50827
Epoca 333, RMS = 0.50816
Epoca 334, RMS = 0.50806
Epoca 335, RMS = 0.50795
Epoca 336, RMS = 0.50784
Epoca 337, RMS = 0.50773
Epoca 338, RMS = 0.50761
Epoca 339, RMS = 0.50750
Epoca 340, RMS = 0.50739
Epoca 341, RMS = 0.50728
Epoca 342, RMS = 0.50717
Epoca 343, RMS = 0.50706
Epoca 344, RMS = 0.50695
Epoca 345, RMS = 0.50685
Epoca 346, RMS = 0.50675
Epoca 347, RMS = 0.50665
Epoca 348, RMS = 0.50655
Epoca 349, RMS = 0.50646
Epoca 350, RMS = 0.50637
Epoca 351, RMS = 0.50628
Epoca 352, RMS = 0.50620
Epoca 353, RMS = 0.50613
Epoca 354, RMS = 0.50606
Epoca 355, RMS = 0.50599
Epoca 356, RMS = 0.50593
Epoca 357, RMS = 0.50587
Epoca 358, RMS = 0.50582
Epoca 359, RMS = 0.50577
Epoca 360, RMS = 0.50573
Epoca 361, RMS = 0.50570
Epoca 362, RMS = 0.50567
Epoca 363, RMS = 0.50565
Epoca 364, RMS = 0.50563
Epoca 365, RMS = 0.50563
Epoca 366, RMS = 0.50563
Epoca 367, RMS = 0.50563
Epoca 368, RMS = 0.50565
Epoca 369, RMS = 0.50568
Epoca 370, RMS = 0.50571
Epoca 371, RMS = 0.50575
Epoca 372, RMS = 0.50580
Epoca 373, RMS = 0.50586
Epoca 374, RMS = 0.50593
Epoca 375, RMS = 0.50601
Epoca 376, RMS = 0.50610
Epoca 377, RMS = 0.50619
Epoca 378, RMS = 0.50630
Epoca 379, RMS = 0.50641
Epoca 380, RMS = 0.50653
Epoca 381, RMS = 0.50666
Epoca 382, RMS = 0.50679
Epoca 383, RMS = 0.50693
Epoca 384, RMS = 0.50708
Epoca 385, RMS = 0.50723
Epoca 386, RMS = 0.50738
Epoca 387, RMS = 0.50753
Epoca 388, RMS = 0.50769
Epoca 389, RMS = 0.50784
Epoca 390, RMS = 0.50800
Epoca 391, RMS = 0.50815
Epoca 392, RMS = 0.50829
Epoca 393, RMS = 0.50844
Epoca 394, RMS = 0.50858
Epoca 395, RMS = 0.50871
Epoca 396, RMS = 0.50883
Epoca 397, RMS = 0.50895
Epoca 398, RMS = 0.50906
Epoca 399, RMS = 0.50917
Epoca 400, RMS = 0.50926
Epoca 401, RMS = 0.50935
Epoca 402, RMS = 0.50943
Epoca 403, RMS = 0.50950
Epoca 404, RMS = 0.50956
Epoca 405, RMS = 0.50961
Epoca 406, RMS = 0.50966
Epoca 407, RMS = 0.50969
Epoca 408, RMS = 0.50972
Epoca 409, RMS = 0.50975
Epoca 410, RMS = 0.50976
Epoca 411, RMS = 0.50977
Epoca 412, RMS = 0.50978
Epoca 413, RMS = 0.50978
Epoca 414, RMS = 0.50977
Epoca 415, RMS = 0.50976
Epoca 416, RMS = 0.50974
Epoca 417, RMS = 0.50972
Epoca 418, RMS = 0.50970
Epoca 419, RMS = 0.50968
Epoca 420, RMS = 0.50965
Epoca 421, RMS = 0.50962
Epoca 422, RMS = 0.50959
Epoca 423, RMS = 0.50956
Epoca 424, RMS = 0.50952
Epoca 425, RMS = 0.50949
Epoca 426, RMS = 0.50946
Epoca 427, RMS = 0.50942
Epoca 428, RMS = 0.50939
Epoca 429, RMS = 0.50936
Epoca 430, RMS = 0.50933
Epoca 431, RMS = 0.50929
Epoca 432, RMS = 0.50926
Epoca 433, RMS = 0.50924
Epoca 434, RMS = 0.50921
Epoca 435, RMS = 0.50918
Epoca 436, RMS = 0.50916
Epoca 437, RMS = 0.50913
Epoca 438, RMS = 0.50911
Epoca 439, RMS = 0.50909
Epoca 440, RMS = 0.50907
Epoca 441, RMS = 0.50905
Epoca 442, RMS = 0.50903
Epoca 443, RMS = 0.50902
Epoca 444, RMS = 0.50900
Epoca 445, RMS = 0.50899
Epoca 446, RMS = 0.50898
Epoca 447, RMS = 0.50897
Epoca 448, RMS = 0.50896
Epoca 449, RMS = 0.50895
Epoca 450, RMS = 0.50894
Epoca 451, RMS = 0.50894
Epoca 452, RMS = 0.50893
Epoca 453, RMS = 0.50893
Epoca 454, RMS = 0.50893
Epoca 455, RMS = 0.50893
Epoca 456, RMS = 0.50893
Epoca 457, RMS = 0.50893
Epoca 458, RMS = 0.50894
Epoca 459, RMS = 0.50894
Epoca 460, RMS = 0.50895
Epoca 461, RMS = 0.50895
Epoca 462, RMS = 0.50896
Epoca 463, RMS = 0.50897
Epoca 464, RMS = 0.50897
Epoca 465, RMS = 0.50898
Epoca 466, RMS = 0.50899
Epoca 467, RMS = 0.50900
Epoca 468, RMS = 0.50901
Epoca 469, RMS = 0.50902
Epoca 470, RMS = 0.50902
Epoca 471, RMS = 0.50903
Epoca 472, RMS = 0.50904
Epoca 473, RMS = 0.50904
Epoca 474, RMS = 0.50905
Epoca 475, RMS = 0.50905
Epoca 476, RMS = 0.50906
Epoca 477, RMS = 0.50906
Epoca 478, RMS = 0.50906
Epoca 479, RMS = 0.50906
Epoca 480, RMS = 0.50905
Epoca 481, RMS = 0.50905
Epoca 482, RMS = 0.50904
Epoca 483, RMS = 0.50903
Epoca 484, RMS = 0.50902
Epoca 485, RMS = 0.50901
Epoca 486, RMS = 0.50899
Epoca 487, RMS = 0.50898
Epoca 488, RMS = 0.50896
Epoca 489, RMS = 0.50894
Epoca 490, RMS = 0.50892
Epoca 491, RMS = 0.50890
Epoca 492, RMS = 0.50888
Epoca 493, RMS = 0.50886
Epoca 494, RMS = 0.50884
Epoca 495, RMS = 0.50881
Epoca 496, RMS = 0.50879
Epoca 497, RMS = 0.50877
Epoca 498, RMS = 0.50874
Epoca 499, RMS = 0.50872
Epoca 500, RMS = 0.50869
Epoca 501, RMS = 0.50866
Epoca 502, RMS = 0.50864
Epoca 503, RMS = 0.50861
Epoca 504, RMS = 0.50858
Epoca 505, RMS = 0.50856
Epoca 506, RMS = 0.50853
Epoca 507, RMS = 0.50850
Epoca 508, RMS = 0.50847
Epoca 509, RMS = 0.50845
Epoca 510, RMS = 0.50842
Epoca 511, RMS = 0.50839
Epoca 512, RMS = 0.50836
Epoca 513, RMS = 0.50834
Epoca 514, RMS = 0.50831
Epoca 515, RMS = 0.50828
Epoca 516, RMS = 0.50825
Epoca 517, RMS = 0.50823
Epoca 518, RMS = 0.50820
Epoca 519, RMS = 0.50817
Epoca 520, RMS = 0.50815
Epoca 521, RMS = 0.50812
Epoca 522, RMS = 0.50810
Epoca 523, RMS = 0.50807
Epoca 524, RMS = 0.50805
Epoca 525, RMS = 0.50803
Epoca 526, RMS = 0.50801
Epoca 527, RMS = 0.50799
Epoca 528, RMS = 0.50797
Epoca 529, RMS = 0.50795
Epoca 530, RMS = 0.50793
Epoca 531, RMS = 0.50792
Epoca 532, RMS = 0.50791
Epoca 533, RMS = 0.50790
Epoca 534, RMS = 0.50789
Epoca 535, RMS = 0.50788
Epoca 536, RMS = 0.50788
Epoca 537, RMS = 0.50788
Epoca 538, RMS = 0.50788
Epoca 539, RMS = 0.50788
Epoca 540, RMS = 0.50789
Epoca 541, RMS = 0.50790
Epoca 542, RMS = 0.50791
Epoca 543, RMS = 0.50792
Epoca 544, RMS = 0.50794
Epoca 545, RMS = 0.50796
Epoca 546, RMS = 0.50798
Epoca 547, RMS = 0.50800
Epoca 548, RMS = 0.50803
Epoca 549, RMS = 0.50806
Epoca 550, RMS = 0.50810
Epoca 551, RMS = 0.50813
Epoca 552, RMS = 0.50817
Epoca 553, RMS = 0.50821
Epoca 554, RMS = 0.50825
Epoca 555, RMS = 0.50830
Epoca 556, RMS = 0.50834
Epoca 557, RMS = 0.50839
Epoca 558, RMS = 0.50843
Epoca 559, RMS = 0.50848
Epoca 560, RMS = 0.50853
Epoca 561, RMS = 0.50858
Epoca 562, RMS = 0.50863
Epoca 563, RMS = 0.50868
Epoca 564, RMS = 0.50873
Epoca 565, RMS = 0.50877
Epoca 566, RMS = 0.50882
Epoca 567, RMS = 0.50886
Epoca 568, RMS = 0.50890
Epoca 569, RMS = 0.50894
Epoca 570, RMS = 0.50898
Epoca 571, RMS = 0.50901
Epoca 572, RMS = 0.50904
Epoca 573, RMS = 0.50907
Epoca 574, RMS = 0.50909
Epoca 575, RMS = 0.50911
Epoca 576, RMS = 0.50913
Epoca 577, RMS = 0.50915
Epoca 578, RMS = 0.50916
Epoca 579, RMS = 0.50917
Epoca 580, RMS = 0.50917
Epoca 581, RMS = 0.50917
Epoca 582, RMS = 0.50917
Epoca 583, RMS = 0.50916
Epoca 584, RMS = 0.50916
Epoca 585, RMS = 0.50915
Epoca 586, RMS = 0.50913
Epoca 587, RMS = 0.50912
Epoca 588, RMS = 0.50910
Epoca 589, RMS = 0.50908
Epoca 590, RMS = 0.50907
Epoca 591, RMS = 0.50905
Epoca 592, RMS = 0.50902
Epoca 593, RMS = 0.50900
Epoca 594, RMS = 0.50898
Epoca 595, RMS = 0.50896
Epoca 596, RMS = 0.50894
Epoca 597, RMS = 0.50891
Epoca 598, RMS = 0.50889
Epoca 599, RMS = 0.50887
Epoca 600, RMS = 0.50885
Epoca 601, RMS = 0.50883
Epoca 602, RMS = 0.50881
Epoca 603, RMS = 0.50880
Epoca 604, RMS = 0.50878
Epoca 605, RMS = 0.50877
Epoca 606, RMS = 0.50875
Epoca 607, RMS = 0.50874
Epoca 608, RMS = 0.50873
Epoca 609, RMS = 0.50872
Epoca 610, RMS = 0.50871
Epoca 611, RMS = 0.50870
Epoca 612, RMS = 0.50869
Epoca 613, RMS = 0.50869
Epoca 614, RMS = 0.50868
Epoca 615, RMS = 0.50868
Epoca 616, RMS = 0.50868
Epoca 617, RMS = 0.50868
Epoca 618, RMS = 0.50867
Epoca 619, RMS = 0.50867
Epoca 620, RMS = 0.50867
Epoca 621, RMS = 0.50867
Epoca 622, RMS = 0.50867
Epoca 623, RMS = 0.50868
Epoca 624, RMS = 0.50868
Epoca 625, RMS = 0.50868
Epoca 626, RMS = 0.50868
Epoca 627, RMS = 0.50868
Epoca 628, RMS = 0.50869
Epoca 629, RMS = 0.50869
Epoca 630, RMS = 0.50869
Epoca 631, RMS = 0.50870
Epoca 632, RMS = 0.50870
Epoca 633, RMS = 0.50870
Epoca 634, RMS = 0.50870
Epoca 635, RMS = 0.50871
Epoca 636, RMS = 0.50871
Epoca 637, RMS = 0.50872
Epoca 638, RMS = 0.50872
Epoca 639, RMS = 0.50872
Epoca 640, RMS = 0.50873
Epoca 641, RMS = 0.50873
Epoca 642, RMS = 0.50873
Epoca 643, RMS = 0.50874
Epoca 644, RMS = 0.50874
Epoca 645, RMS = 0.50874
Epoca 646, RMS = 0.50875
Epoca 647, RMS = 0.50875
Epoca 648, RMS = 0.50876
Epoca 649, RMS = 0.50876
Epoca 650, RMS = 0.50876
Epoca 651, RMS = 0.50877
Epoca 652, RMS = 0.50877
Epoca 653, RMS = 0.50877
Epoca 654, RMS = 0.50878
Epoca 655, RMS = 0.50878
Epoca 656, RMS = 0.50879
Epoca 657, RMS = 0.50879
Epoca 658, RMS = 0.50879
Epoca 659, RMS = 0.50880
Epoca 660, RMS = 0.50880
Epoca 661, RMS = 0.50880
Epoca 662, RMS = 0.50881
Epoca 663, RMS = 0.50881
Epoca 664, RMS = 0.50882
Epoca 665, RMS = 0.50882
Epoca 666, RMS = 0.50883
Epoca 667, RMS = 0.50883
Epoca 668, RMS = 0.50884
Epoca 669, RMS = 0.50884
Epoca 670, RMS = 0.50885
Epoca 671, RMS = 0.50886
Epoca 672, RMS = 0.50886
Epoca 673, RMS = 0.50887
Epoca 674, RMS = 0.50888
Epoca 675, RMS = 0.50889
Epoca 676, RMS = 0.50889
Epoca 677, RMS = 0.50890
Epoca 678, RMS = 0.50891
Epoca 679, RMS = 0.50892
Epoca 680, RMS = 0.50893
Epoca 681, RMS = 0.50894
Epoca 682, RMS = 0.50895
Epoca 683, RMS = 0.50896
Epoca 684, RMS = 0.50897
Epoca 685, RMS = 0.50898
Epoca 686, RMS = 0.50899
Epoca 687, RMS = 0.50900
Epoca 688, RMS = 0.50901
Epoca 689, RMS = 0.50902
Epoca 690, RMS = 0.50903
Epoca 691, RMS = 0.50904
Epoca 692, RMS = 0.50904
Epoca 693, RMS = 0.50905
Epoca 694, RMS = 0.50906
Epoca 695, RMS = 0.50906
Epoca 696, RMS = 0.50907
Epoca 697, RMS = 0.50907
Epoca 698, RMS = 0.50907
Epoca 699, RMS = 0.50908
Epoca 700, RMS = 0.50908
Epoca 701, RMS = 0.50908
Epoca 702, RMS = 0.50908
Epoca 703, RMS = 0.50908
Epoca 704, RMS = 0.50908
Epoca 705, RMS = 0.50908
Epoca 706, RMS = 0.50908
Epoca 707, RMS = 0.50907
Epoca 708, RMS = 0.50907
Epoca 709, RMS = 0.50907
Epoca 710, RMS = 0.50906
Epoca 711, RMS = 0.50906
Epoca 712, RMS = 0.50905
Epoca 713, RMS = 0.50905
Epoca 714, RMS = 0.50904
Epoca 715, RMS = 0.50903
Epoca 716, RMS = 0.50903
Epoca 717, RMS = 0.50902
Epoca 718, RMS = 0.50902
Epoca 719, RMS = 0.50901
Epoca 720, RMS = 0.50900
Epoca 721, RMS = 0.50900
Epoca 722, RMS = 0.50899
Epoca 723, RMS = 0.50899
Epoca 724, RMS = 0.50898
Epoca 725, RMS = 0.50898
Epoca 726, RMS = 0.50898
Epoca 727, RMS = 0.50897
Epoca 728, RMS = 0.50897
Epoca 729, RMS = 0.50897
Epoca 730, RMS = 0.50897
Epoca 731, RMS = 0.50897
Epoca 732, RMS = 0.50897
Epoca 733, RMS = 0.50897
Epoca 734, RMS = 0.50897
Epoca 735, RMS = 0.50897
Epoca 736, RMS = 0.50898
Epoca 737, RMS = 0.50898
Epoca 738, RMS = 0.50898
Epoca 739, RMS = 0.50899
Epoca 740, RMS = 0.50899
Epoca 741, RMS = 0.50900
Epoca 742, RMS = 0.50900
Epoca 743, RMS = 0.50901
Epoca 744, RMS = 0.50902
Epoca 745, RMS = 0.50902
Epoca 746, RMS = 0.50903
Epoca 747, RMS = 0.50904
Epoca 748, RMS = 0.50904
Epoca 749, RMS = 0.50905
Epoca 750, RMS = 0.50905
Epoca 751, RMS = 0.50906
Epoca 752, RMS = 0.50906
Epoca 753, RMS = 0.50907
Epoca 754, RMS = 0.50907
Epoca 755, RMS = 0.50908
Epoca 756, RMS = 0.50908
Epoca 757, RMS = 0.50908
Epoca 758, RMS = 0.50908
Epoca 759, RMS = 0.50908
Epoca 760, RMS = 0.50908
Epoca 761, RMS = 0.50907
Epoca 762, RMS = 0.50907
Epoca 763, RMS = 0.50906
Epoca 764, RMS = 0.50906
Epoca 765, RMS = 0.50905
Epoca 766, RMS = 0.50904
Epoca 767, RMS = 0.50903
Epoca 768, RMS = 0.50902
Epoca 769, RMS = 0.50901
Epoca 770, RMS = 0.50900
Epoca 771, RMS = 0.50899
Epoca 772, RMS = 0.50898
Epoca 773, RMS = 0.50897
Epoca 774, RMS = 0.50896
Epoca 775, RMS = 0.50894
Epoca 776, RMS = 0.50893
Epoca 777, RMS = 0.50892
Epoca 778, RMS = 0.50891
Epoca 779, RMS = 0.50890
Epoca 780, RMS = 0.50889
Epoca 781, RMS = 0.50888
Epoca 782, RMS = 0.50887
Epoca 783, RMS = 0.50886
Epoca 784, RMS = 0.50885
Epoca 785, RMS = 0.50885
Epoca 786, RMS = 0.50884
Epoca 787, RMS = 0.50883
Epoca 788, RMS = 0.50883
Epoca 789, RMS = 0.50883
Epoca 790, RMS = 0.50883
Epoca 791, RMS = 0.50882
Epoca 792, RMS = 0.50882
Epoca 793, RMS = 0.50883
Epoca 794, RMS = 0.50883
Epoca 795, RMS = 0.50883
Epoca 796, RMS = 0.50883
Epoca 797, RMS = 0.50883
Epoca 798, RMS = 0.50884
Epoca 799, RMS = 0.50884
Epoca 800, RMS = 0.50885
Epoca 801, RMS = 0.50885
Epoca 802, RMS = 0.50886
Epoca 803, RMS = 0.50886
Epoca 804, RMS = 0.50887
Epoca 805, RMS = 0.50887
Epoca 806, RMS = 0.50888
Epoca 807, RMS = 0.50888
Epoca 808, RMS = 0.50889
Epoca 809, RMS = 0.50889
Epoca 810, RMS = 0.50889
Epoca 811, RMS = 0.50890
Epoca 812, RMS = 0.50890
Epoca 813, RMS = 0.50890
Epoca 814, RMS = 0.50891
Epoca 815, RMS = 0.50891
Epoca 816, RMS = 0.50891
Epoca 817, RMS = 0.50891
Epoca 818, RMS = 0.50891
Epoca 819, RMS = 0.50891
Epoca 820, RMS = 0.50891
Epoca 821, RMS = 0.50891
Epoca 822, RMS = 0.50891
Epoca 823, RMS = 0.50890
Epoca 824, RMS = 0.50890
Epoca 825, RMS = 0.50890
Epoca 826, RMS = 0.50890
Epoca 827, RMS = 0.50889
Epoca 828, RMS = 0.50889
Epoca 829, RMS = 0.50889
Epoca 830, RMS = 0.50888
Epoca 831, RMS = 0.50888
Epoca 832, RMS = 0.50887
Epoca 833, RMS = 0.50887
Epoca 834, RMS = 0.50886
Epoca 835, RMS = 0.50886
Epoca 836, RMS = 0.50886
Epoca 837, RMS = 0.50885
Epoca 838, RMS = 0.50885
Epoca 839, RMS = 0.50884
Epoca 840, RMS = 0.50884
Epoca 841, RMS = 0.50884
Epoca 842, RMS = 0.50884
Epoca 843, RMS = 0.50883
Epoca 844, RMS = 0.50883
Epoca 845, RMS = 0.50883
Epoca 846, RMS = 0.50883
Epoca 847, RMS = 0.50883
Epoca 848, RMS = 0.50883
Epoca 849, RMS = 0.50883
Epoca 850, RMS = 0.50884
Epoca 851, RMS = 0.50884
Epoca 852, RMS = 0.50884
Epoca 853, RMS = 0.50885
Epoca 854, RMS = 0.50885
Epoca 855, RMS = 0.50886
Epoca 856, RMS = 0.50887
Epoca 857, RMS = 0.50888
Epoca 858, RMS = 0.50889
Epoca 859, RMS = 0.50890
Epoca 860, RMS = 0.50891
Epoca 861, RMS = 0.50892
Epoca 862, RMS = 0.50893
Epoca 863, RMS = 0.50895
Epoca 864, RMS = 0.50896
Epoca 865, RMS = 0.50898
Epoca 866, RMS = 0.50900
Epoca 867, RMS = 0.50901
Epoca 868, RMS = 0.50903
Epoca 869, RMS = 0.50905
Epoca 870, RMS = 0.50907
Epoca 871, RMS = 0.50908
Epoca 872, RMS = 0.50910
Epoca 873, RMS = 0.50912
Epoca 874, RMS = 0.50914
Epoca 875, RMS = 0.50916
Epoca 876, RMS = 0.50918
Epoca 877, RMS = 0.50920
Epoca 878, RMS = 0.50922
Epoca 879, RMS = 0.50923
Epoca 880, RMS = 0.50925
Epoca 881, RMS = 0.50927
Epoca 882, RMS = 0.50929
Epoca 883, RMS = 0.50930
Epoca 884, RMS = 0.50932
Epoca 885, RMS = 0.50933
Epoca 886, RMS = 0.50934
Epoca 887, RMS = 0.50936
Epoca 888, RMS = 0.50937
Epoca 889, RMS = 0.50938
Epoca 890, RMS = 0.50939
Epoca 891, RMS = 0.50940
Epoca 892, RMS = 0.50940
Epoca 893, RMS = 0.50941
Epoca 894, RMS = 0.50942
Epoca 895, RMS = 0.50942
Epoca 896, RMS = 0.50943
Epoca 897, RMS = 0.50943
Epoca 898, RMS = 0.50943
Epoca 899, RMS = 0.50943
Epoca 900, RMS = 0.50943
Epoca 901, RMS = 0.50943
Epoca 902, RMS = 0.50943
Epoca 903, RMS = 0.50943
Epoca 904, RMS = 0.50943
Epoca 905, RMS = 0.50942
Epoca 906, RMS = 0.50942
Epoca 907, RMS = 0.50942
Epoca 908, RMS = 0.50941
Epoca 909, RMS = 0.50941
Epoca 910, RMS = 0.50940
Epoca 911, RMS = 0.50940
Epoca 912, RMS = 0.50939
Epoca 913, RMS = 0.50938
Epoca 914, RMS = 0.50938
Epoca 915, RMS = 0.50937
Epoca 916, RMS = 0.50936
Epoca 917, RMS = 0.50936
Epoca 918, RMS = 0.50935
Epoca 919, RMS = 0.50934
Epoca 920, RMS = 0.50934
Epoca 921, RMS = 0.50933
Epoca 922, RMS = 0.50933
Epoca 923, RMS = 0.50932
Epoca 924, RMS = 0.50931
Epoca 925, RMS = 0.50931
Epoca 926, RMS = 0.50930
Epoca 927, RMS = 0.50930
Epoca 928, RMS = 0.50929
Epoca 929, RMS = 0.50929
Epoca 930, RMS = 0.50928
Epoca 931, RMS = 0.50928
Epoca 932, RMS = 0.50927
Epoca 933, RMS = 0.50927
Epoca 934, RMS = 0.50926
Epoca 935, RMS = 0.50926
Epoca 936, RMS = 0.50925
Epoca 937, RMS = 0.50925
Epoca 938, RMS = 0.50924
Epoca 939, RMS = 0.50924
Epoca 940, RMS = 0.50923
Epoca 941, RMS = 0.50923
Epoca 942, RMS = 0.50922
Epoca 943, RMS = 0.50922
Epoca 944, RMS = 0.50921
Epoca 945, RMS = 0.50920
Epoca 946, RMS = 0.50919
Epoca 947, RMS = 0.50919
Epoca 948, RMS = 0.50918
Epoca 949, RMS = 0.50917
Epoca 950, RMS = 0.50916
Epoca 951, RMS = 0.50915
Epoca 952, RMS = 0.50914
Epoca 953, RMS = 0.50913
Epoca 954, RMS = 0.50912
Epoca 955, RMS = 0.50911
Epoca 956, RMS = 0.50910
Epoca 957, RMS = 0.50908
Epoca 958, RMS = 0.50907
Epoca 959, RMS = 0.50906
Epoca 960, RMS = 0.50905
Epoca 961, RMS = 0.50904
Epoca 962, RMS = 0.50903
Epoca 963, RMS = 0.50902
Epoca 964, RMS = 0.50901
Epoca 965, RMS = 0.50900
Epoca 966, RMS = 0.50899
Epoca 967, RMS = 0.50898
Epoca 968, RMS = 0.50897
Epoca 969, RMS = 0.50896
Epoca 970, RMS = 0.50896
Epoca 971, RMS = 0.50895
Epoca 972, RMS = 0.50895
Epoca 973, RMS = 0.50894
Epoca 974, RMS = 0.50894
Epoca 975, RMS = 0.50894
Epoca 976, RMS = 0.50894
Epoca 977, RMS = 0.50894
Epoca 978, RMS = 0.50894
Epoca 979, RMS = 0.50894
Epoca 980, RMS = 0.50894
Epoca 981, RMS = 0.50894
Epoca 982, RMS = 0.50894
Epoca 983, RMS = 0.50895
Epoca 984, RMS = 0.50895
Epoca 985, RMS = 0.50896
Epoca 986, RMS = 0.50896
Epoca 987, RMS = 0.50897
Epoca 988, RMS = 0.50897
Epoca 989, RMS = 0.50898
Epoca 990, RMS = 0.50898
Epoca 991, RMS = 0.50899
Epoca 992, RMS = 0.50899
Epoca 993, RMS = 0.50900
Epoca 994, RMS = 0.50900
Epoca 995, RMS = 0.50901
Epoca 996, RMS = 0.50901
Epoca 997, RMS = 0.50902
Epoca 998, RMS = 0.50902
Epoca 999, RMS = 0.50902
Epoca 1000, RMS = 0.50902

##################TEST##################
Z[0] = -0.18
Z[1] = 0.19
Y_IN 1.10
T[0] = 0 Y[0] = 0.50
Y_IN 1.12
T[1] = 1 Y[1] = 0.51
Z[0] = -0.26
Z[1] = 0.15
Y_IN 1.11
T[0] = 1 Y[0] = 0.51
Y_IN 1.14
T[1] = 0 Y[1] = 0.52
Z[0] = 0.29
Z[1] = -0.61
Y_IN 1.10
T[0] = 1 Y[0] = 0.50
Y_IN 1.08
T[1] = 0 Y[1] = 0.49
Z[0] = 0.21
Z[1] = -0.64
Y_IN 1.11
T[0] = 0 Y[0] = 0.50
Y_IN 1.10
T[1] = 1 Y[1] = 0.50
