0.46 -0.22 
0.30 0.29 
-0.49 -0.12 
0.48 0.07 
0.32 0.07 
-0.36 0.33 
-0.04 0.48 -0.43 -0.30 -0.41 0.46 
-0.34 0.09 -0.26 -0.04 -0.34 -0.37 
-0.28 -0.41 0.30 -0.18 -0.26 0.06 -0.44 -0.30 

##################LEARN##################
1.36274
0.96050
0.58495
0.40908
0.36321
0.35832
0.36252
0.36777
0.37242
0.37625
0.37934
0.38180
0.38375
0.38529
0.38649
0.38744
0.38818
0.38877
0.38924
0.38961
0.38991
0.39015
0.39034
0.39049
0.39061
0.39069
0.39075
0.39078
0.39079
0.39078
0.39075
0.39069
0.39062
0.39052
0.39041
0.39027
0.39011
0.38993
0.38972
0.38950
0.38924
0.38897
0.38866
0.38833
0.38797
0.38758
0.38715
0.38670
0.38620
0.38567
0.38510
0.38448
0.38381
0.38310
0.38233
0.38151
0.38063
0.37969
0.37869
0.37762
0.37649
0.37531
0.37407
0.37281
0.37154
0.37031
0.36917
0.36823
0.36760
0.36745
0.36796
0.36931
0.37163
0.37487
0.37880
0.38299
0.38696
0.39034
0.39297
0.39487
0.39614
0.39691
0.39729
0.39738
0.39725
0.39694
0.39652
0.39602
0.39548
0.39492
0.39436
0.39384
0.39334
0.39290
0.39250
0.39216
0.39187
0.39163
0.39144
0.39129
0.39118
0.39110
0.39104
0.39101
0.39099
0.39098
0.39097
0.39098
0.39098
0.39097
0.39097
0.39096
0.39094
0.39091
0.39088
0.39084
0.39079
0.39073
0.39067
0.39060
0.39052
0.39044
0.39035
0.39026
0.39016
0.39005
0.38995
0.38983
0.38972
0.38960
0.38947
0.38935
0.38922
0.38908
0.38895
0.38881
0.38867
0.38852
0.38838
0.38823
0.38807
0.38792
0.38776
0.38760
0.38744
0.38727
0.38710
0.38693
0.38676
0.38658
0.38640
0.38622
0.38604
0.38585
0.38567
0.38547
0.38528
0.38509
0.38489
0.38469
0.38449
0.38429
0.38408
0.38387
0.38366
0.38345
0.38324
0.38302
0.38280
0.38258
0.38236
0.38213
0.38191
0.38168
0.38145
0.38121
0.38098
0.38074
0.38050
0.38026
0.38002
0.37977
0.37953
0.37928
0.37902
0.37877
0.37851
0.37825
0.37799
0.37773
0.37746
0.37719
0.37692
0.37664
0.37636
0.37608
0.37579
0.37550
0.37521
0.37491
0.37460
0.37429
0.37398
0.37366
0.37333
0.37300
0.37265
0.37230
0.37194
0.37157
0.37119
0.37080
0.37039
0.36997
0.36953
0.36908
0.36860
0.36811
0.36758
0.36704
0.36646
0.36585
0.36521
0.36453
0.36381
0.36305
0.36226
0.36143
0.36057
0.35972
0.35891
0.35822
0.35776
0.35772
0.35841
0.36013
0.36307
0.36675
0.36968
0.36987
0.36640
0.36000
0.35225
0.34445
0.33722
0.33072
0.32497
0.32002
0.31586
0.31247
0.30975
0.30757
0.30581
0.30437
0.30316
0.30209
0.30112
0.30020
0.29931
0.29844
0.29757
0.29671
0.29586
0.29502
0.29420
0.29340
0.29261
0.29186
0.29112
0.29041
0.28971
0.28904
0.28838
0.28773
0.28709
0.28645
0.28582
0.28520
0.28457
0.28394
0.28331
0.28268
0.28204
0.28139
0.28074
0.28007
0.27940
0.27871
0.27800
0.27728
0.27654
0.27579
0.27503
0.27426
0.27352
0.27282
0.27222
0.27181
0.27167
0.27188
0.27243
0.27303
0.27325
0.27271
0.27132
0.26929
0.26689
0.26436
0.26189
0.25958
0.25750
0.25567
0.25407
0.25268
0.25147
0.25038
0.24940
0.24848
0.24759
0.24674
0.24589
0.24504
0.24419
0.24334
0.24249
0.24164
0.24079
0.23994
0.23909
0.23824
0.23739
0.23653
0.23567
0.23479
0.23391
0.23300
0.23208
0.23114
0.23017
0.22917
0.22814
0.22708
0.22597
0.22483
0.22365
0.22242
0.22113
0.21979
0.21838
0.21690
0.21535
0.21372
0.21200
0.21018
0.20825
0.20622
0.20407
0.20179
0.19938
0.19684
0.19417
0.19137
0.18845
0.18543
0.18231
0.17911
0.17586
0.17255
0.16917
0.16569
0.16208
0.15833
0.15449
0.15070
0.14717
0.14413
0.14178
0.14023
0.13949
0.13953
0.14021
0.14141
0.14300
0.14485
0.14686
0.14894
0.15101
0.15302
0.15491
0.15665
0.15819
0.15953
0.16063
0.16148
0.16208
0.16242
0.16251
0.16233
0.16191
0.16125
0.16036
0.15926
0.15795
0.15645
0.15479
0.15298
0.15104
0.14899
0.14685
0.14463
0.14237
0.14007
0.13776
0.13545
0.13315
0.13089
0.12866
0.12648
0.12435
0.12228
0.12027
0.11833
0.11644
0.11462
0.11285
0.11115
0.10949
0.10789
0.10633
0.10482
0.10335
0.10193
0.10054
0.09919
0.09787
0.09659
0.09534
0.09412
0.09293
0.09177
0.09064
0.08953
0.08845
0.08740
0.08637
0.08537
0.08439
0.08343
0.08249
0.08157
0.08067
0.07980
0.07893
0.07809
0.07727
0.07646
0.07566
0.07488
0.07412
0.07337
0.07264
0.07192
0.07121
0.07051
0.06983
0.06916
0.06850
0.06786
0.06722
0.06659
0.06598
0.06538
0.06478
0.06420
0.06362
0.06306
0.06250
0.06195
0.06141
0.06088
0.06036
0.05984
0.05934
0.05884
0.05835
0.05786
0.05738
0.05691
0.05645
0.05599
0.05554
0.05510
0.05466
0.05423
0.05381
0.05339
0.05297
0.05257
0.05216
0.05177
0.05138
0.05099
0.05061
0.05023
0.04986
0.04950
0.04914
0.04878
0.04843
0.04808
0.04774
0.04740
0.04707
0.04674
0.04641
0.04609
0.04577
0.04546
0.04515
0.04484
0.04454
0.04424
0.04395
0.04366
0.04337
0.04308
0.04280
0.04253
0.04225
0.04198
0.04171
0.04145
0.04119
0.04093
0.04067
0.04042
0.04017
0.03992
0.03968
0.03944
0.03920
0.03896
0.03873
0.03850
0.03827
0.03805
0.03782
0.03760
0.03739
0.03717
0.03696
0.03675
0.03654
0.03633
0.03613
0.03592
0.03572
0.03552
0.03533
0.03514
0.03494
0.03475
0.03457
0.03438
0.03420
0.03401
0.03383
0.03365
0.03348
0.03330
0.03313
0.03296
0.03279
0.03262
0.03245
0.03229
0.03213
0.03197
0.03181
0.03165
0.03149
0.03134
0.03118
0.03103
0.03088
0.03073
0.03058
0.03043
0.03029
0.03015
0.03000
0.02986
0.02972
0.02958
0.02945
0.02931
0.02918
0.02904
0.02891
0.02878
0.02865
0.02852
0.02839
0.02827
0.02814
0.02802
0.02789
0.02777
0.02765
0.02753
0.02741
0.02730
0.02718
0.02706
0.02695
0.02683
0.02672
0.02661
0.02650
0.02639
0.02628
0.02617
0.02607
0.02596
0.02585
0.02575
0.02565
0.02554
0.02544
0.02534
0.02524
0.02514
0.02504
0.02495
0.02485
0.02475
0.02466
0.02456
0.02447
0.02438
0.02429
0.02419
0.02410
0.02401
0.02392
0.02384
0.02375
0.02366
0.02357
0.02349
0.02340
0.02332
0.02324
0.02315
0.02307
0.02299
0.02291
0.02283
0.02275
0.02267
0.02259
0.02251
0.02243
0.02236
0.02228
0.02220
0.02213
0.02205
0.02198
0.02191
0.02183
0.02176
0.02169
0.02162
0.02155
0.02148
0.02141
0.02134
0.02127
0.02120
0.02113
0.02107
0.02100
0.02093
0.02087
0.02080
0.02074
0.02067
0.02061
0.02054
0.02048
0.02042
0.02036
0.02030
0.02023
0.02017
0.02011
0.02005
0.01999
0.01993
0.01988
0.01982
0.01976
0.01970
0.01964
0.01959
0.01953
0.01948
0.01942
0.01936
0.01931
0.01926
0.01920
0.01915
0.01909
0.01904
0.01899
0.01894
0.01889
0.01883
0.01878
0.01873
0.01868
0.01863
0.01858
0.01853
0.01848
0.01843
0.01839
0.01834
0.01829
0.01824
0.01819
0.01815
0.01810
0.01805
0.01801
0.01796
0.01792
0.01787
0.01783
0.01778
0.01774
0.01769
0.01765
0.01761
0.01756
0.01752
0.01748
0.01744
0.01739
0.01735
0.01731
0.01727
0.01723
0.01719
0.01715
0.01711
0.01707
0.01703
0.01699
0.01695
0.01691
0.01687
0.01683
0.01679
0.01676
0.01672
0.01668
0.01664
0.01661
0.01657
0.01653
0.01650
0.01646
0.01642
0.01639
0.01635
0.01632
0.01628
0.01625
0.01621
0.01618
0.01614
0.01611
0.01608
0.01604
0.01601
0.01598
0.01594
0.01591
0.01588
0.01584
0.01581
0.01578
0.01575
0.01572
0.01569
0.01565
0.01562
0.01559
0.01556
0.01553
0.01550
0.01547
0.01544
0.01541
0.01538
0.01535
0.01532
0.01529
0.01526
0.01523
0.01521
0.01518
0.01515
0.01512
0.01509
0.01506
0.01504
0.01501
0.01498
0.01495
0.01493
0.01490
0.01487
0.01485
0.01482
0.01479
0.01477
0.01474
0.01472
0.01469
0.01467
0.01464
0.01462
0.01459
0.01456
0.01454
0.01452
0.01449
0.01447
0.01444
0.01442
0.01439
0.01437
0.01435
0.01432
0.01430
0.01428
0.01425
0.01423
0.01421
0.01418
0.01416
0.01414
0.01412
0.01409
0.01407
0.01405
0.01403
0.01401
0.01399
0.01396
0.01394
0.01392
0.01390
0.01388
0.01386
0.01384
0.01382
0.01380
0.01378
0.01376
0.01374
0.01372
0.01370
0.01368
0.01366
0.01364
0.01362
0.01360
0.01358
0.01356
0.01354
0.01352
0.01350
0.01349
0.01347
0.01345
0.01343
0.01341
0.01339
0.01338
0.01336
0.01334
0.01332
0.01331
0.01329
0.01327
0.01325
0.01324
0.01322
0.01320
0.01319
0.01317
0.01315
0.01314
0.01312
0.01311
0.01309
0.01307
0.01306
0.01304
0.01303
0.01301
0.01300
0.01298
0.01297
0.01295
0.01294
0.01292
0.01291
0.01289
0.01288
0.01287
0.01285
0.01284
0.01282
0.01281
0.01280
0.01278
0.01277
0.01276
0.01275
0.01273
0.01272
0.01271
0.01270
0.01268
0.01267
0.01266
0.01265
0.01264
0.01263
0.01262
0.01261
0.01259
0.01258
0.01257
0.01256
0.01256
0.01255
0.01254
0.01253
0.01252
0.01251
0.01250
0.01249
0.01249
0.01248
0.01247
0.01247
0.01246
0.01245
0.01245
0.01244
0.01244
0.01244
0.01243
0.01243
0.01243
0.01242
0.01242
0.01242
0.01242
0.01242
0.01242
0.01242
0.01242
0.01243
0.01243
0.01244
0.01244
0.01245
0.01246
0.01247
0.01248
0.01249
0.01250
0.01252
0.01254
0.01255
0.01257
0.01260
0.01262
0.01265
0.01268
0.01271
0.01275

##################TEST##################
Z[0] = 0.91
Z[1] = -0.78
Z[2] = -0.99
Z[3] = 0.97
Z[4] = -1.00
Z[5] = -0.37
Y_IN 0.01
T[0] = 0 Y[0] = 0.01
Y_IN 2.82
T[1] = 1 Y[1] = 0.89
Z[0] = 0.97
Z[1] = -0.82
Z[2] = -1.00
Z[3] = 0.99
Z[4] = -1.00
Z[5] = 0.79
Y_IN 3.82
T[0] = 1 Y[0] = 0.96
Y_IN 0.17
T[1] = 0 Y[1] = 0.09
Z[0] = 0.99
Z[1] = -0.83
Z[2] = -1.00
Z[3] = 1.00
Z[4] = -1.00
Z[5] = 0.99
Y_IN 4.46
T[0] = 1 Y[0] = 0.98
Y_IN -0.27
T[1] = 0 Y[1] = -0.13
Z[0] = 0.98
Z[1] = -0.79
Z[2] = -1.00
Z[3] = 0.99
Z[4] = -1.00
Z[5] = 0.81
Y_IN 3.91
T[0] = 1 Y[0] = 0.96
Y_IN 0.12
T[1] = 0 Y[1] = 0.06
