0.46 -0.22 
0.30 0.29 
-0.49 -0.12 
0.48 0.07 
0.32 0.07 
-0.36 0.33 -0.04 0.48 -0.43 
-0.30 -0.41 0.46 -0.34 0.09 
-0.26 -0.04 -0.34 -0.37 -0.28 -0.41 0.30 

##################LEARN##################
1.09579
0.92959
0.77585
0.66653
0.60324
0.56988
0.55333
0.54583
0.54284
0.54186
0.54167
0.54174
0.54186
0.54195
0.54201
0.54204
0.54205
0.54204
0.54202
0.54200
0.54198
0.54195
0.54192
0.54188
0.54184
0.54179
0.54175
0.54170
0.54164
0.54159
0.54153
0.54148
0.54142
0.54137
0.54131
0.54126
0.54120
0.54115
0.54110
0.54105
0.54101
0.54096
0.54092
0.54088
0.54084
0.54080
0.54076
0.54073
0.54070
0.54066
0.54063
0.54060
0.54057
0.54054
0.54051
0.54048
0.54045
0.54042
0.54039
0.54037
0.54034
0.54031
0.54028
0.54025
0.54022
0.54019
0.54016
0.54013
0.54010
0.54006
0.54003
0.54000
0.53996
0.53993
0.53989
0.53985
0.53982
0.53978
0.53974
0.53970
0.53965
0.53961
0.53957
0.53952
0.53948
0.53943
0.53938
0.53933
0.53928
0.53923
0.53918
0.53912
0.53907
0.53901
0.53895
0.53889
0.53883
0.53877
0.53871
0.53864
0.53858
0.53851
0.53844
0.53837
0.53830
0.53823
0.53815
0.53807
0.53800
0.53792
0.53783
0.53775
0.53766
0.53757
0.53748
0.53739
0.53729
0.53719
0.53709
0.53698
0.53687
0.53676
0.53664
0.53652
0.53640
0.53627
0.53614
0.53601
0.53587
0.53572
0.53558
0.53543
0.53528
0.53513
0.53499
0.53485
0.53472
0.53462
0.53455
0.53452
0.53456
0.53469
0.53493
0.53532
0.53584
0.53642
0.53694
0.53723
0.53721
0.53687
0.53623
0.53544
0.53471
0.53420
0.53396
0.53396
0.53414
0.53438
0.53462
0.53478
0.53483
0.53476
0.53459
0.53440
0.53427
0.53434
0.53470
0.53532
0.53605
0.53673
0.53727
0.53765
0.53791
0.53810
0.53823
0.53834
0.53844
0.53852
0.53860
0.53867
0.53874
0.53880
0.53885
0.53891
0.53895
0.53899
0.53903
0.53906
0.53909
0.53911
0.53913
0.53914
0.53915
0.53915
0.53915
0.53914
0.53913
0.53911
0.53909
0.53907
0.53904
0.53901
0.53897
0.53892
0.53887
0.53882
0.53875
0.53868
0.53860
0.53852
0.53842
0.53831
0.53820
0.53807
0.53793
0.53779
0.53764
0.53749
0.53733
0.53719
0.53705
0.53693
0.53684
0.53677
0.53672
0.53671
0.53672
0.53677
0.53683
0.53692
0.53703
0.53715
0.53728
0.53741
0.53755
0.53769
0.53783
0.53796
0.53809
0.53821
0.53833
0.53843
0.53853
0.53861
0.53869
0.53876
0.53881
0.53886
0.53889
0.53892
0.53893
0.53893
0.53892
0.53890
0.53887
0.53882
0.53876
0.53868
0.53859
0.53848
0.53835
0.53820
0.53803
0.53783
0.53761
0.53735
0.53705
0.53672
0.53634
0.53591
0.53543
0.53489
0.53429
0.53365
0.53299
0.53234
0.53176
0.53133
0.53112
0.53114
0.53136
0.53166
0.53193
0.53208
0.53206
0.53189
0.53158
0.53115
0.53060
0.52992
0.52910
0.52811
0.52695
0.52571
0.52465
0.52444
0.52631
0.53101
0.53678
0.54044
0.54114
0.54003
0.53833
0.53671
0.53542
0.53447
0.53382
0.53339
0.53313
0.53298
0.53290
0.53288
0.53289
0.53293
0.53297
0.53303
0.53308
0.53313
0.53318
0.53323
0.53327
0.53330
0.53333
0.53335
0.53337
0.53338
0.53337
0.53337
0.53335
0.53333
0.53330
0.53326
0.53322
0.53317
0.53311
0.53305
0.53298
0.53290
0.53281
0.53272
0.53262
0.53251
0.53240
0.53227
0.53214
0.53201
0.53186
0.53171
0.53155
0.53139
0.53122
0.53104
0.53085
0.53065
0.53045
0.53023
0.53001
0.52978
0.52953
0.52928
0.52901
0.52872
0.52843
0.52813
0.52784
0.52757
0.52734
0.52715
0.52701
0.52694
0.52691
0.52693
0.52699
0.52706
0.52714
0.52721
0.52725
0.52725
0.52721
0.52710
0.52692
0.52670
0.52645
0.52620
0.52601
0.52593
0.52597
0.52616
0.52646
0.52683
0.52722
0.52760
0.52794
0.52824
0.52850
0.52873
0.52893
0.52911
0.52928
0.52943
0.52957
0.52970
0.52983
0.52994
0.53006
0.53016
0.53026
0.53035
0.53044
0.53051
0.53059
0.53065
0.53071
0.53076
0.53081
0.53085
0.53088
0.53091
0.53093
0.53095
0.53095
0.53096
0.53096
0.53095
0.53094
0.53092
0.53089
0.53086
0.53083
0.53078
0.53074
0.53068
0.53062
0.53056
0.53048
0.53040
0.53032
0.53022
0.53012
0.53001
0.52989
0.52977
0.52963
0.52948
0.52933
0.52916
0.52898
0.52879
0.52859
0.52837
0.52815
0.52791
0.52766
0.52739
0.52712
0.52684
0.52655
0.52626
0.52596
0.52567
0.52539
0.52512
0.52486
0.52463
0.52441
0.52422
0.52405
0.52390
0.52376
0.52363
0.52351
0.52338
0.52324
0.52308
0.52290
0.52269
0.52243
0.52214
0.52179
0.52138
0.52091
0.52039
0.51982
0.51924
0.51871
0.51830
0.51809
0.51820
0.51876
0.51980
0.52113
0.52243
0.52353
0.52444
0.52522
0.52590
0.52650
0.52705
0.52753
0.52795
0.52831
0.52862
0.52889
0.52911
0.52931
0.52948
0.52962
0.52975
0.52986
0.52996
0.53005
0.53013
0.53019
0.53025
0.53030
0.53033
0.53035
0.53037
0.53037
0.53035
0.53032
0.53027
0.53020
0.53011
0.52999
0.52985
0.52967
0.52948
0.52937
0.52968
0.53193
0.54196
0.57061
0.60049
0.59876
0.57916
0.56001
0.54681
0.53904
0.53486
0.53279
0.53189
0.53160
0.53164
0.53184
0.53212
0.53243
0.53275
0.53307
0.53337
0.53365
0.53392
0.53416
0.53439
0.53460
0.53479
0.53496
0.53512
0.53526
0.53539
0.53551
0.53562
0.53572
0.53581
0.53590
0.53597
0.53604
0.53610
0.53615
0.53620
0.53625
0.53628
0.53632
0.53635
0.53637
0.53639
0.53641
0.53642
0.53643
0.53643
0.53644
0.53643
0.53643
0.53642
0.53641
0.53639
0.53637
0.53635
0.53633
0.53630
0.53627
0.53624
0.53620
0.53616
0.53612
0.53607
0.53602
0.53597
0.53592
0.53586
0.53580
0.53574
0.53567
0.53560
0.53553
0.53545
0.53538
0.53530
0.53522
0.53513
0.53505
0.53496
0.53488
0.53479
0.53470
0.53461
0.53452
0.53443
0.53434
0.53426
0.53418
0.53410
0.53402
0.53395
0.53388
0.53381
0.53375
0.53368
0.53362
0.53355
0.53347
0.53339
0.53328
0.53316
0.53302
0.53284
0.53264
0.53241
0.53216
0.53189
0.53160
0.53131
0.53104
0.53080
0.53060
0.53049
0.53048
0.53062
0.53095
0.53152
0.53232
0.53326
0.53416
0.53476
0.53487
0.53445
0.53365
0.53271
0.53181
0.53104
0.53042
0.52991
0.52950
0.52916
0.52890
0.52871
0.52861
0.52859
0.52864
0.52873
0.52885
0.52898
0.52912
0.52925
0.52936
0.52944
0.52950
0.52953
0.52952
0.52948
0.52940
0.52927
0.52910
0.52888
0.52860
0.52825
0.52782
0.52732
0.52676
0.52618
0.52576
0.52587
0.52702
0.52931
0.53170
0.53287
0.53254
0.53133
0.52987
0.52856
0.52752
0.52674
0.52620
0.52589
0.52589
0.52625
0.52684
0.52747
0.52797
0.52835
0.52864
0.52890
0.52915
0.52940
0.52964
0.52987
0.53008
0.53027
0.53043
0.53057
0.53069
0.53078
0.53085
0.53089
0.53092
0.53092
0.53090
0.53085
0.53079
0.53070
0.53058
0.53044
0.53028
0.53008
0.52986
0.52961
0.52932
0.52901
0.52866
0.52829
0.52790
0.52750
0.52712
0.52677
0.52648
0.52627
0.52615
0.52612
0.52615
0.52624
0.52635
0.52646
0.52658
0.52668
0.52676
0.52684
0.52690
0.52695
0.52699
0.52701
0.52703
0.52703
0.52703
0.52702
0.52701
0.52699
0.52697
0.52696
0.52694
0.52693
0.52692
0.52690
0.52688
0.52684
0.52679
0.52673
0.52666
0.52659
0.52653
0.52649
0.52648
0.52651
0.52659
0.52673
0.52693
0.52719
0.52750
0.52785
0.52825
0.52866
0.52907
0.52945
0.52978
0.53003
0.53019
0.53025
0.53022
0.53009
0.52991
0.52968
0.52944
0.52920
0.52899
0.52881
0.52867
0.52857
0.52851
0.52847
0.52847
0.52848
0.52850
0.52854
0.52857
0.52860
0.52863
0.52865
0.52866
0.52867
0.52867
0.52866
0.52864
0.52861
0.52857
0.52852
0.52846
0.52840
0.52833
0.52825
0.52816
0.52806
0.52796
0.52785
0.52773
0.52760
0.52746
0.52732
0.52717
0.52701
0.52685
0.52667
0.52649
0.52631
0.52611
0.52592
0.52571
0.52551
0.52530
0.52509
0.52488
0.52466
0.52443
0.52420
0.52395
0.52368
0.52338
0.52305
0.52268
0.52229
0.52190
0.52153
0.52124
0.52103
0.52095
0.52099
0.52116
0.52144
0.52180
0.52222
0.52266
0.52310
0.52352
0.52391
0.52427
0.52458
0.52484
0.52504
0.52519
0.52529
0.52534
0.52532
0.52525
0.52513
0.52494
0.52470
0.52440
0.52406
0.52370
0.52340
0.52330
0.52368
0.52494
0.52738
0.53051
0.53270
0.53282
0.53171
0.53058
0.52967
0.52890
0.52826
0.52778
0.52745
0.52726
0.52718
0.52719
0.52725
0.52735
0.52747
0.52761
0.52774
0.52787
0.52799
0.52809
0.52818
0.52824
0.52829
0.52830
0.52830
0.52826
0.52821
0.52812
0.52801
0.52787
0.52771
0.52753
0.52732
0.52710
0.52688
0.52665
0.52644
0.52625
0.52611
0.52602
0.52600
0.52606
0.52619
0.52639
0.52662
0.52687
0.52710
0.52732
0.52750
0.52763
0.52774
0.52780
0.52785
0.52787
0.52788
0.52787
0.52786
0.52785
0.52783
0.52780
0.52778
0.52774
0.52771
0.52766
0.52762
0.52756
0.52750
0.52743
0.52736
0.52727
0.52718
0.52708
0.52697
0.52684
0.52671
0.52657
0.52641
0.52624
0.52606
0.52587
0.52567
0.52545
0.52523
0.52499
0.52475
0.52450
0.52426
0.52402
0.52381
0.52364
0.52353
0.52350
0.52359
0.52381
0.52416
0.52458
0.52492
0.52500
0.52467
0.52390
0.52285
0.52175
0.52083
0.52018
0.51982
0.51974
0.51988

##################TEST##################
Z[0] = -0.37
Z[1] = 0.21
Z[2] = -0.48
Z[3] = -0.95
Z[4] = -0.15
Y_IN 1.24
T[0] = 1 Y[0] = 0.55
Y_IN 1.12
T[1] = 0 Y[1] = 0.51
Z[0] = -0.47
Z[1] = 0.39
Z[2] = -0.57
Z[3] = -0.98
Z[4] = -0.01
Y_IN 1.23
T[0] = 0 Y[0] = 0.55
Y_IN 1.18
T[1] = 1 Y[1] = 0.53
Z[0] = -0.40
Z[1] = 0.53
Z[2] = -0.71
Z[3] = -0.99
Z[4] = 0.20
Y_IN 1.05
T[0] = 1 Y[0] = 0.48
Y_IN 1.15
T[1] = 0 Y[1] = 0.52
Z[0] = -0.29
Z[1] = 0.37
Z[2] = -0.64
Z[3] = -0.98
Z[4] = 0.06
Y_IN 1.05
T[0] = 0 Y[0] = 0.48
Y_IN 1.08
T[1] = 1 Y[1] = 0.49
