0.49 -0.21 
0.27 0.48 
-0.21 -0.48 
-0.02 0.34 0.41 
-0.16 0.44 0.21 
0.33 -0.47 -0.48 -0.29 -0.35 

##################LEARN##################
Epoca 1, RMS = 1.49651
Epoca 2, RMS = 1.19251
Epoca 3, RMS = 0.91395
Epoca 4, RMS = 0.71141
Epoca 5, RMS = 0.58571
Epoca 6, RMS = 0.51357
Epoca 7, RMS = 0.47243
Epoca 8, RMS = 0.44785
Epoca 9, RMS = 0.43230
Epoca 10, RMS = 0.42199
Epoca 11, RMS = 0.41490
Epoca 12, RMS = 0.40987
Epoca 13, RMS = 0.40623
Epoca 14, RMS = 0.40356
Epoca 15, RMS = 0.40156
Epoca 16, RMS = 0.40005
Epoca 17, RMS = 0.39890
Epoca 18, RMS = 0.39801
Epoca 19, RMS = 0.39732
Epoca 20, RMS = 0.39679
Epoca 21, RMS = 0.39636
Epoca 22, RMS = 0.39602
Epoca 23, RMS = 0.39576
Epoca 24, RMS = 0.39554
Epoca 25, RMS = 0.39537
Epoca 26, RMS = 0.39523
Epoca 27, RMS = 0.39511
Epoca 28, RMS = 0.39502
Epoca 29, RMS = 0.39495
Epoca 30, RMS = 0.39489
Epoca 31, RMS = 0.39484
Epoca 32, RMS = 0.39480
Epoca 33, RMS = 0.39477
Epoca 34, RMS = 0.39474
Epoca 35, RMS = 0.39472
Epoca 36, RMS = 0.39470
Epoca 37, RMS = 0.39469
Epoca 38, RMS = 0.39468
Epoca 39, RMS = 0.39467
Epoca 40, RMS = 0.39466
Epoca 41, RMS = 0.39466
Epoca 42, RMS = 0.39466
Epoca 43, RMS = 0.39466
Epoca 44, RMS = 0.39465
Epoca 45, RMS = 0.39465
Epoca 46, RMS = 0.39465
Epoca 47, RMS = 0.39465
Epoca 48, RMS = 0.39466
Epoca 49, RMS = 0.39466
Epoca 50, RMS = 0.39466
Epoca 51, RMS = 0.39466
Epoca 52, RMS = 0.39466
Epoca 53, RMS = 0.39466
Epoca 54, RMS = 0.39467
Epoca 55, RMS = 0.39467
Epoca 56, RMS = 0.39467
Epoca 57, RMS = 0.39467
Epoca 58, RMS = 0.39467
Epoca 59, RMS = 0.39467
Epoca 60, RMS = 0.39468
Epoca 61, RMS = 0.39468
Epoca 62, RMS = 0.39468
Epoca 63, RMS = 0.39468
Epoca 64, RMS = 0.39468
Epoca 65, RMS = 0.39468
Epoca 66, RMS = 0.39468
Epoca 67, RMS = 0.39468
Epoca 68, RMS = 0.39468
Epoca 69, RMS = 0.39468
Epoca 70, RMS = 0.39468
Epoca 71, RMS = 0.39468
Epoca 72, RMS = 0.39468
Epoca 73, RMS = 0.39468
Epoca 74, RMS = 0.39468
Epoca 75, RMS = 0.39468
Epoca 76, RMS = 0.39468
Epoca 77, RMS = 0.39468
Epoca 78, RMS = 0.39468
Epoca 79, RMS = 0.39467
Epoca 80, RMS = 0.39467
Epoca 81, RMS = 0.39467
Epoca 82, RMS = 0.39467
Epoca 83, RMS = 0.39467
Epoca 84, RMS = 0.39466
Epoca 85, RMS = 0.39466
Epoca 86, RMS = 0.39466
Epoca 87, RMS = 0.39465
Epoca 88, RMS = 0.39465
Epoca 89, RMS = 0.39465
Epoca 90, RMS = 0.39464
Epoca 91, RMS = 0.39464
Epoca 92, RMS = 0.39464
Epoca 93, RMS = 0.39463
Epoca 94, RMS = 0.39463
Epoca 95, RMS = 0.39462
Epoca 96, RMS = 0.39462
Epoca 97, RMS = 0.39461
Epoca 98, RMS = 0.39461
Epoca 99, RMS = 0.39460
Epoca 100, RMS = 0.39459
Epoca 101, RMS = 0.39459
Epoca 102, RMS = 0.39458
Epoca 103, RMS = 0.39458
Epoca 104, RMS = 0.39457
Epoca 105, RMS = 0.39456
Epoca 106, RMS = 0.39455
Epoca 107, RMS = 0.39455
Epoca 108, RMS = 0.39454
Epoca 109, RMS = 0.39453
Epoca 110, RMS = 0.39452
Epoca 111, RMS = 0.39451
Epoca 112, RMS = 0.39450
Epoca 113, RMS = 0.39449
Epoca 114, RMS = 0.39448
Epoca 115, RMS = 0.39447
Epoca 116, RMS = 0.39446
Epoca 117, RMS = 0.39445
Epoca 118, RMS = 0.39444
Epoca 119, RMS = 0.39443
Epoca 120, RMS = 0.39442
Epoca 121, RMS = 0.39440
Epoca 122, RMS = 0.39439
Epoca 123, RMS = 0.39438
Epoca 124, RMS = 0.39436
Epoca 125, RMS = 0.39435
Epoca 126, RMS = 0.39433
Epoca 127, RMS = 0.39432
Epoca 128, RMS = 0.39430
Epoca 129, RMS = 0.39429
Epoca 130, RMS = 0.39427
Epoca 131, RMS = 0.39425
Epoca 132, RMS = 0.39423
Epoca 133, RMS = 0.39421
Epoca 134, RMS = 0.39419
Epoca 135, RMS = 0.39417
Epoca 136, RMS = 0.39415
Epoca 137, RMS = 0.39413
Epoca 138, RMS = 0.39411
Epoca 139, RMS = 0.39409
Epoca 140, RMS = 0.39406
Epoca 141, RMS = 0.39404
Epoca 142, RMS = 0.39401
Epoca 143, RMS = 0.39398
Epoca 144, RMS = 0.39396
Epoca 145, RMS = 0.39393
Epoca 146, RMS = 0.39390
Epoca 147, RMS = 0.39386
Epoca 148, RMS = 0.39383
Epoca 149, RMS = 0.39380
Epoca 150, RMS = 0.39376
Epoca 151, RMS = 0.39373
Epoca 152, RMS = 0.39369
Epoca 153, RMS = 0.39365
Epoca 154, RMS = 0.39360
Epoca 155, RMS = 0.39356
Epoca 156, RMS = 0.39351
Epoca 157, RMS = 0.39347
Epoca 158, RMS = 0.39342
Epoca 159, RMS = 0.39336
Epoca 160, RMS = 0.39331
Epoca 161, RMS = 0.39325
Epoca 162, RMS = 0.39319
Epoca 163, RMS = 0.39312
Epoca 164, RMS = 0.39306
Epoca 165, RMS = 0.39299
Epoca 166, RMS = 0.39291
Epoca 167, RMS = 0.39283
Epoca 168, RMS = 0.39275
Epoca 169, RMS = 0.39266
Epoca 170, RMS = 0.39257
Epoca 171, RMS = 0.39247
Epoca 172, RMS = 0.39236
Epoca 173, RMS = 0.39225
Epoca 174, RMS = 0.39212
Epoca 175, RMS = 0.39200
Epoca 176, RMS = 0.39186
Epoca 177, RMS = 0.39171
Epoca 178, RMS = 0.39155
Epoca 179, RMS = 0.39138
Epoca 180, RMS = 0.39119
Epoca 181, RMS = 0.39099
Epoca 182, RMS = 0.39078
Epoca 183, RMS = 0.39054
Epoca 184, RMS = 0.39028
Epoca 185, RMS = 0.39000
Epoca 186, RMS = 0.38970
Epoca 187, RMS = 0.38936
Epoca 188, RMS = 0.38899
Epoca 189, RMS = 0.38858
Epoca 190, RMS = 0.38812
Epoca 191, RMS = 0.38762
Epoca 192, RMS = 0.38707
Epoca 193, RMS = 0.38645
Epoca 194, RMS = 0.38578
Epoca 195, RMS = 0.38504
Epoca 196, RMS = 0.38426
Epoca 197, RMS = 0.38346
Epoca 198, RMS = 0.38270
Epoca 199, RMS = 0.38210
Epoca 200, RMS = 0.38187
Epoca 201, RMS = 0.38235
Epoca 202, RMS = 0.38398
Epoca 203, RMS = 0.38712
Epoca 204, RMS = 0.39168
Epoca 205, RMS = 0.39677
Epoca 206, RMS = 0.40112
Epoca 207, RMS = 0.40394
Epoca 208, RMS = 0.40523
Epoca 209, RMS = 0.40543
Epoca 210, RMS = 0.40503
Epoca 211, RMS = 0.40438
Epoca 212, RMS = 0.40367
Epoca 213, RMS = 0.40299
Epoca 214, RMS = 0.40236
Epoca 215, RMS = 0.40181
Epoca 216, RMS = 0.40133
Epoca 217, RMS = 0.40090
Epoca 218, RMS = 0.40052
Epoca 219, RMS = 0.40018
Epoca 220, RMS = 0.39987
Epoca 221, RMS = 0.39959
Epoca 222, RMS = 0.39933
Epoca 223, RMS = 0.39910
Epoca 224, RMS = 0.39888
Epoca 225, RMS = 0.39868
Epoca 226, RMS = 0.39849
Epoca 227, RMS = 0.39832
Epoca 228, RMS = 0.39815
Epoca 229, RMS = 0.39800
Epoca 230, RMS = 0.39786
Epoca 231, RMS = 0.39772
Epoca 232, RMS = 0.39759
Epoca 233, RMS = 0.39747
Epoca 234, RMS = 0.39735
Epoca 235, RMS = 0.39724
Epoca 236, RMS = 0.39714
Epoca 237, RMS = 0.39704
Epoca 238, RMS = 0.39694
Epoca 239, RMS = 0.39685
Epoca 240, RMS = 0.39677
Epoca 241, RMS = 0.39668
Epoca 242, RMS = 0.39660
Epoca 243, RMS = 0.39652
Epoca 244, RMS = 0.39645
Epoca 245, RMS = 0.39638
Epoca 246, RMS = 0.39631
Epoca 247, RMS = 0.39624
Epoca 248, RMS = 0.39618
Epoca 249, RMS = 0.39612
Epoca 250, RMS = 0.39605
Epoca 251, RMS = 0.39599
Epoca 252, RMS = 0.39594
Epoca 253, RMS = 0.39588
Epoca 254, RMS = 0.39583
Epoca 255, RMS = 0.39577
Epoca 256, RMS = 0.39572
Epoca 257, RMS = 0.39567
Epoca 258, RMS = 0.39562
Epoca 259, RMS = 0.39557
Epoca 260, RMS = 0.39552
Epoca 261, RMS = 0.39547
Epoca 262, RMS = 0.39542
Epoca 263, RMS = 0.39537
Epoca 264, RMS = 0.39532
Epoca 265, RMS = 0.39528
Epoca 266, RMS = 0.39523
Epoca 267, RMS = 0.39519
Epoca 268, RMS = 0.39514
Epoca 269, RMS = 0.39509
Epoca 270, RMS = 0.39505
Epoca 271, RMS = 0.39500
Epoca 272, RMS = 0.39495
Epoca 273, RMS = 0.39491
Epoca 274, RMS = 0.39486
Epoca 275, RMS = 0.39481
Epoca 276, RMS = 0.39477
Epoca 277, RMS = 0.39472
Epoca 278, RMS = 0.39467
Epoca 279, RMS = 0.39462
Epoca 280, RMS = 0.39457
Epoca 281, RMS = 0.39452
Epoca 282, RMS = 0.39447
Epoca 283, RMS = 0.39442
Epoca 284, RMS = 0.39437
Epoca 285, RMS = 0.39431
Epoca 286, RMS = 0.39426
Epoca 287, RMS = 0.39420
Epoca 288, RMS = 0.39414
Epoca 289, RMS = 0.39409
Epoca 290, RMS = 0.39402
Epoca 291, RMS = 0.39396
Epoca 292, RMS = 0.39390
Epoca 293, RMS = 0.39383
Epoca 294, RMS = 0.39376
Epoca 295, RMS = 0.39369
Epoca 296, RMS = 0.39362
Epoca 297, RMS = 0.39355
Epoca 298, RMS = 0.39347
Epoca 299, RMS = 0.39339
Epoca 300, RMS = 0.39330
Epoca 301, RMS = 0.39322
Epoca 302, RMS = 0.39312
Epoca 303, RMS = 0.39303
Epoca 304, RMS = 0.39293
Epoca 305, RMS = 0.39282
Epoca 306, RMS = 0.39271
Epoca 307, RMS = 0.39260
Epoca 308, RMS = 0.39248
Epoca 309, RMS = 0.39235
Epoca 310, RMS = 0.39222
Epoca 311, RMS = 0.39208
Epoca 312, RMS = 0.39193
Epoca 313, RMS = 0.39177
Epoca 314, RMS = 0.39160
Epoca 315, RMS = 0.39142
Epoca 316, RMS = 0.39123
Epoca 317, RMS = 0.39103
Epoca 318, RMS = 0.39081
Epoca 319, RMS = 0.39058
Epoca 320, RMS = 0.39033
Epoca 321, RMS = 0.39006
Epoca 322, RMS = 0.38977
Epoca 323, RMS = 0.38947
Epoca 324, RMS = 0.38913
Epoca 325, RMS = 0.38877
Epoca 326, RMS = 0.38839
Epoca 327, RMS = 0.38797
Epoca 328, RMS = 0.38752
Epoca 329, RMS = 0.38704
Epoca 330, RMS = 0.38653
Epoca 331, RMS = 0.38599
Epoca 332, RMS = 0.38543
Epoca 333, RMS = 0.38486
Epoca 334, RMS = 0.38429
Epoca 335, RMS = 0.38378
Epoca 336, RMS = 0.38336
Epoca 337, RMS = 0.38311
Epoca 338, RMS = 0.38315
Epoca 339, RMS = 0.38359
Epoca 340, RMS = 0.38458
Epoca 341, RMS = 0.38620
Epoca 342, RMS = 0.38841
Epoca 343, RMS = 0.39106
Epoca 344, RMS = 0.39381
Epoca 345, RMS = 0.39633
Epoca 346, RMS = 0.39836
Epoca 347, RMS = 0.39980
Epoca 348, RMS = 0.40069
Epoca 349, RMS = 0.40113
Epoca 350, RMS = 0.40126
Epoca 351, RMS = 0.40116
Epoca 352, RMS = 0.40094
Epoca 353, RMS = 0.40063
Epoca 354, RMS = 0.40029
Epoca 355, RMS = 0.39993
Epoca 356, RMS = 0.39956
Epoca 357, RMS = 0.39921
Epoca 358, RMS = 0.39886
Epoca 359, RMS = 0.39853
Epoca 360, RMS = 0.39821
Epoca 361, RMS = 0.39791
Epoca 362, RMS = 0.39763
Epoca 363, RMS = 0.39736
Epoca 364, RMS = 0.39710
Epoca 365, RMS = 0.39686
Epoca 366, RMS = 0.39663
Epoca 367, RMS = 0.39641
Epoca 368, RMS = 0.39621
Epoca 369, RMS = 0.39601
Epoca 370, RMS = 0.39583
Epoca 371, RMS = 0.39565
Epoca 372, RMS = 0.39548
Epoca 373, RMS = 0.39532
Epoca 374, RMS = 0.39516
Epoca 375, RMS = 0.39501
Epoca 376, RMS = 0.39486
Epoca 377, RMS = 0.39472
Epoca 378, RMS = 0.39459
Epoca 379, RMS = 0.39445
Epoca 380, RMS = 0.39432
Epoca 381, RMS = 0.39420
Epoca 382, RMS = 0.39407
Epoca 383, RMS = 0.39395
Epoca 384, RMS = 0.39382
Epoca 385, RMS = 0.39370
Epoca 386, RMS = 0.39358
Epoca 387, RMS = 0.39346
Epoca 388, RMS = 0.39333
Epoca 389, RMS = 0.39321
Epoca 390, RMS = 0.39309
Epoca 391, RMS = 0.39296
Epoca 392, RMS = 0.39283
Epoca 393, RMS = 0.39270
Epoca 394, RMS = 0.39256
Epoca 395, RMS = 0.39242
Epoca 396, RMS = 0.39228
Epoca 397, RMS = 0.39213
Epoca 398, RMS = 0.39197
Epoca 399, RMS = 0.39181
Epoca 400, RMS = 0.39164
Epoca 401, RMS = 0.39146
Epoca 402, RMS = 0.39128
Epoca 403, RMS = 0.39108
Epoca 404, RMS = 0.39086
Epoca 405, RMS = 0.39063
Epoca 406, RMS = 0.39039
Epoca 407, RMS = 0.39012
Epoca 408, RMS = 0.38983
Epoca 409, RMS = 0.38951
Epoca 410, RMS = 0.38916
Epoca 411, RMS = 0.38877
Epoca 412, RMS = 0.38832
Epoca 413, RMS = 0.38782
Epoca 414, RMS = 0.38725
Epoca 415, RMS = 0.38659
Epoca 416, RMS = 0.38581
Epoca 417, RMS = 0.38491
Epoca 418, RMS = 0.38386
Epoca 419, RMS = 0.38270
Epoca 420, RMS = 0.38164
Epoca 421, RMS = 0.38155
Epoca 422, RMS = 0.38534
Epoca 423, RMS = 0.39936
Epoca 424, RMS = 0.42234
Epoca 425, RMS = 0.43465
Epoca 426, RMS = 0.43195
Epoca 427, RMS = 0.42382
Epoca 428, RMS = 0.41592
Epoca 429, RMS = 0.40977
Epoca 430, RMS = 0.40530
Epoca 431, RMS = 0.40212
Epoca 432, RMS = 0.39984
Epoca 433, RMS = 0.39816
Epoca 434, RMS = 0.39690
Epoca 435, RMS = 0.39593
Epoca 436, RMS = 0.39515
Epoca 437, RMS = 0.39452
Epoca 438, RMS = 0.39400
Epoca 439, RMS = 0.39355
Epoca 440, RMS = 0.39317
Epoca 441, RMS = 0.39284
Epoca 442, RMS = 0.39255
Epoca 443, RMS = 0.39228
Epoca 444, RMS = 0.39205
Epoca 445, RMS = 0.39184
Epoca 446, RMS = 0.39164
Epoca 447, RMS = 0.39146
Epoca 448, RMS = 0.39129
Epoca 449, RMS = 0.39114
Epoca 450, RMS = 0.39099
Epoca 451, RMS = 0.39084
Epoca 452, RMS = 0.39071
Epoca 453, RMS = 0.39057
Epoca 454, RMS = 0.39044
Epoca 455, RMS = 0.39032
Epoca 456, RMS = 0.39019
Epoca 457, RMS = 0.39007
Epoca 458, RMS = 0.38994
Epoca 459, RMS = 0.38981
Epoca 460, RMS = 0.38969
Epoca 461, RMS = 0.38956
Epoca 462, RMS = 0.38943
Epoca 463, RMS = 0.38930
Epoca 464, RMS = 0.38916
Epoca 465, RMS = 0.38902
Epoca 466, RMS = 0.38888
Epoca 467, RMS = 0.38873
Epoca 468, RMS = 0.38857
Epoca 469, RMS = 0.38841
Epoca 470, RMS = 0.38825
Epoca 471, RMS = 0.38808
Epoca 472, RMS = 0.38790
Epoca 473, RMS = 0.38771
Epoca 474, RMS = 0.38751
Epoca 475, RMS = 0.38731
Epoca 476, RMS = 0.38709
Epoca 477, RMS = 0.38686
Epoca 478, RMS = 0.38663
Epoca 479, RMS = 0.38638
Epoca 480, RMS = 0.38611
Epoca 481, RMS = 0.38583
Epoca 482, RMS = 0.38554
Epoca 483, RMS = 0.38523
Epoca 484, RMS = 0.38490
Epoca 485, RMS = 0.38455
Epoca 486, RMS = 0.38418
Epoca 487, RMS = 0.38378
Epoca 488, RMS = 0.38337
Epoca 489, RMS = 0.38292
Epoca 490, RMS = 0.38245
Epoca 491, RMS = 0.38195
Epoca 492, RMS = 0.38143
Epoca 493, RMS = 0.38087
Epoca 494, RMS = 0.38028
Epoca 495, RMS = 0.37966
Epoca 496, RMS = 0.37902
Epoca 497, RMS = 0.37836
Epoca 498, RMS = 0.37768
Epoca 499, RMS = 0.37701
Epoca 500, RMS = 0.37634
Epoca 501, RMS = 0.37573
Epoca 502, RMS = 0.37518
Epoca 503, RMS = 0.37476
Epoca 504, RMS = 0.37450
Epoca 505, RMS = 0.37447
Epoca 506, RMS = 0.37473
Epoca 507, RMS = 0.37530
Epoca 508, RMS = 0.37620
Epoca 509, RMS = 0.37739
Epoca 510, RMS = 0.37878
Epoca 511, RMS = 0.38025
Epoca 512, RMS = 0.38166
Epoca 513, RMS = 0.38287
Epoca 514, RMS = 0.38381
Epoca 515, RMS = 0.38444
Epoca 516, RMS = 0.38478
Epoca 517, RMS = 0.38486
Epoca 518, RMS = 0.38474
Epoca 519, RMS = 0.38447
Epoca 520, RMS = 0.38411
Epoca 521, RMS = 0.38370
Epoca 522, RMS = 0.38327
Epoca 523, RMS = 0.38285
Epoca 524, RMS = 0.38246
Epoca 525, RMS = 0.38212
Epoca 526, RMS = 0.38183
Epoca 527, RMS = 0.38159
Epoca 528, RMS = 0.38142
Epoca 529, RMS = 0.38131
Epoca 530, RMS = 0.38125
Epoca 531, RMS = 0.38125
Epoca 532, RMS = 0.38129
Epoca 533, RMS = 0.38136
Epoca 534, RMS = 0.38147
Epoca 535, RMS = 0.38159
Epoca 536, RMS = 0.38172
Epoca 537, RMS = 0.38186
Epoca 538, RMS = 0.38199
Epoca 539, RMS = 0.38212
Epoca 540, RMS = 0.38223
Epoca 541, RMS = 0.38234
Epoca 542, RMS = 0.38243
Epoca 543, RMS = 0.38250
Epoca 544, RMS = 0.38256
Epoca 545, RMS = 0.38261
Epoca 546, RMS = 0.38265
Epoca 547, RMS = 0.38268
Epoca 548, RMS = 0.38271
Epoca 549, RMS = 0.38273
Epoca 550, RMS = 0.38275
Epoca 551, RMS = 0.38277
Epoca 552, RMS = 0.38279
Epoca 553, RMS = 0.38281
Epoca 554, RMS = 0.38283
Epoca 555, RMS = 0.38285
Epoca 556, RMS = 0.38287
Epoca 557, RMS = 0.38290
Epoca 558, RMS = 0.38293
Epoca 559, RMS = 0.38296
Epoca 560, RMS = 0.38299
Epoca 561, RMS = 0.38301
Epoca 562, RMS = 0.38304
Epoca 563, RMS = 0.38307
Epoca 564, RMS = 0.38309
Epoca 565, RMS = 0.38312
Epoca 566, RMS = 0.38314
Epoca 567, RMS = 0.38316
Epoca 568, RMS = 0.38317
Epoca 569, RMS = 0.38318
Epoca 570, RMS = 0.38319
Epoca 571, RMS = 0.38320
Epoca 572, RMS = 0.38320
Epoca 573, RMS = 0.38320
Epoca 574, RMS = 0.38319
Epoca 575, RMS = 0.38318
Epoca 576, RMS = 0.38317
Epoca 577, RMS = 0.38315
Epoca 578, RMS = 0.38312
Epoca 579, RMS = 0.38309
Epoca 580, RMS = 0.38304
Epoca 581, RMS = 0.38299
Epoca 582, RMS = 0.38293
Epoca 583, RMS = 0.38285
Epoca 584, RMS = 0.38276
Epoca 585, RMS = 0.38265
Epoca 586, RMS = 0.38253
Epoca 587, RMS = 0.38238
Epoca 588, RMS = 0.38220
Epoca 589, RMS = 0.38200
Epoca 590, RMS = 0.38176
Epoca 591, RMS = 0.38148
Epoca 592, RMS = 0.38115
Epoca 593, RMS = 0.38076
Epoca 594, RMS = 0.38031
Epoca 595, RMS = 0.37979
Epoca 596, RMS = 0.37919
Epoca 597, RMS = 0.37851
Epoca 598, RMS = 0.37776
Epoca 599, RMS = 0.37697
Epoca 600, RMS = 0.37622
Epoca 601, RMS = 0.37564
Epoca 602, RMS = 0.37548
Epoca 603, RMS = 0.37609
Epoca 604, RMS = 0.37782
Epoca 605, RMS = 0.38067
Epoca 606, RMS = 0.38404
Epoca 607, RMS = 0.38684
Epoca 608, RMS = 0.38833
Epoca 609, RMS = 0.38841
Epoca 610, RMS = 0.38746
Epoca 611, RMS = 0.38595
Epoca 612, RMS = 0.38423
Epoca 613, RMS = 0.38252
Epoca 614, RMS = 0.38092
Epoca 615, RMS = 0.37950
Epoca 616, RMS = 0.37828
Epoca 617, RMS = 0.37726
Epoca 618, RMS = 0.37645
Epoca 619, RMS = 0.37586
Epoca 620, RMS = 0.37547
Epoca 621, RMS = 0.37526
Epoca 622, RMS = 0.37521
Epoca 623, RMS = 0.37528
Epoca 624, RMS = 0.37543
Epoca 625, RMS = 0.37562
Epoca 626, RMS = 0.37581
Epoca 627, RMS = 0.37597
Epoca 628, RMS = 0.37607
Epoca 629, RMS = 0.37611
Epoca 630, RMS = 0.37609
Epoca 631, RMS = 0.37599
Epoca 632, RMS = 0.37584
Epoca 633, RMS = 0.37563
Epoca 634, RMS = 0.37540
Epoca 635, RMS = 0.37515
Epoca 636, RMS = 0.37489
Epoca 637, RMS = 0.37463
Epoca 638, RMS = 0.37439
Epoca 639, RMS = 0.37417
Epoca 640, RMS = 0.37397
Epoca 641, RMS = 0.37380
Epoca 642, RMS = 0.37366
Epoca 643, RMS = 0.37354
Epoca 644, RMS = 0.37345
Epoca 645, RMS = 0.37337
Epoca 646, RMS = 0.37331
Epoca 647, RMS = 0.37326
Epoca 648, RMS = 0.37321
Epoca 649, RMS = 0.37317
Epoca 650, RMS = 0.37314
Epoca 651, RMS = 0.37310
Epoca 652, RMS = 0.37305
Epoca 653, RMS = 0.37301
Epoca 654, RMS = 0.37296
Epoca 655, RMS = 0.37291
Epoca 656, RMS = 0.37286
Epoca 657, RMS = 0.37281
Epoca 658, RMS = 0.37276
Epoca 659, RMS = 0.37271
Epoca 660, RMS = 0.37266
Epoca 661, RMS = 0.37261
Epoca 662, RMS = 0.37256
Epoca 663, RMS = 0.37252
Epoca 664, RMS = 0.37248
Epoca 665, RMS = 0.37244
Epoca 666, RMS = 0.37240
Epoca 667, RMS = 0.37237
Epoca 668, RMS = 0.37234
Epoca 669, RMS = 0.37230
Epoca 670, RMS = 0.37227
Epoca 671, RMS = 0.37224
Epoca 672, RMS = 0.37221
Epoca 673, RMS = 0.37218
Epoca 674, RMS = 0.37215
Epoca 675, RMS = 0.37212
Epoca 676, RMS = 0.37209
Epoca 677, RMS = 0.37205
Epoca 678, RMS = 0.37202
Epoca 679, RMS = 0.37199
Epoca 680, RMS = 0.37196
Epoca 681, RMS = 0.37192
Epoca 682, RMS = 0.37189
Epoca 683, RMS = 0.37185
Epoca 684, RMS = 0.37182
Epoca 685, RMS = 0.37178
Epoca 686, RMS = 0.37175
Epoca 687, RMS = 0.37171
Epoca 688, RMS = 0.37168
Epoca 689, RMS = 0.37164
Epoca 690, RMS = 0.37161
Epoca 691, RMS = 0.37157
Epoca 692, RMS = 0.37153
Epoca 693, RMS = 0.37149
Epoca 694, RMS = 0.37145
Epoca 695, RMS = 0.37141
Epoca 696, RMS = 0.37137
Epoca 697, RMS = 0.37133
Epoca 698, RMS = 0.37129
Epoca 699, RMS = 0.37125
Epoca 700, RMS = 0.37120
Epoca 701, RMS = 0.37116
Epoca 702, RMS = 0.37112
Epoca 703, RMS = 0.37107
Epoca 704, RMS = 0.37102
Epoca 705, RMS = 0.37097
Epoca 706, RMS = 0.37093
Epoca 707, RMS = 0.37088
Epoca 708, RMS = 0.37082
Epoca 709, RMS = 0.37077
Epoca 710, RMS = 0.37072
Epoca 711, RMS = 0.37067
Epoca 712, RMS = 0.37061
Epoca 713, RMS = 0.37055
Epoca 714, RMS = 0.37049
Epoca 715, RMS = 0.37043
Epoca 716, RMS = 0.37037
Epoca 717, RMS = 0.37031
Epoca 718, RMS = 0.37024
Epoca 719, RMS = 0.37018
Epoca 720, RMS = 0.37011
Epoca 721, RMS = 0.37004
Epoca 722, RMS = 0.36996
Epoca 723, RMS = 0.36989
Epoca 724, RMS = 0.36981
Epoca 725, RMS = 0.36973
Epoca 726, RMS = 0.36964
Epoca 727, RMS = 0.36955
Epoca 728, RMS = 0.36946
Epoca 729, RMS = 0.36937
Epoca 730, RMS = 0.36927
Epoca 731, RMS = 0.36916
Epoca 732, RMS = 0.36905
Epoca 733, RMS = 0.36893
Epoca 734, RMS = 0.36881
Epoca 735, RMS = 0.36868
Epoca 736, RMS = 0.36854
Epoca 737, RMS = 0.36839
Epoca 738, RMS = 0.36824
Epoca 739, RMS = 0.36807
Epoca 740, RMS = 0.36789
Epoca 741, RMS = 0.36770
Epoca 742, RMS = 0.36749
Epoca 743, RMS = 0.36726
Epoca 744, RMS = 0.36702
Epoca 745, RMS = 0.36676
Epoca 746, RMS = 0.36647
Epoca 747, RMS = 0.36615
Epoca 748, RMS = 0.36581
Epoca 749, RMS = 0.36543
Epoca 750, RMS = 0.36502
Epoca 751, RMS = 0.36457
Epoca 752, RMS = 0.36407
Epoca 753, RMS = 0.36352
Epoca 754, RMS = 0.36293
Epoca 755, RMS = 0.36227
Epoca 756, RMS = 0.36157
Epoca 757, RMS = 0.36081
Epoca 758, RMS = 0.36002
Epoca 759, RMS = 0.35920
Epoca 760, RMS = 0.35840
Epoca 761, RMS = 0.35765
Epoca 762, RMS = 0.35700
Epoca 763, RMS = 0.35652
Epoca 764, RMS = 0.35619
Epoca 765, RMS = 0.35596
Epoca 766, RMS = 0.35564
Epoca 767, RMS = 0.35502
Epoca 768, RMS = 0.35388
Epoca 769, RMS = 0.35219
Epoca 770, RMS = 0.35008
Epoca 771, RMS = 0.34778
Epoca 772, RMS = 0.34552
Epoca 773, RMS = 0.34346
Epoca 774, RMS = 0.34166
Epoca 775, RMS = 0.34014
Epoca 776, RMS = 0.33890
Epoca 777, RMS = 0.33793
Epoca 778, RMS = 0.33720
Epoca 779, RMS = 0.33671
Epoca 780, RMS = 0.33644
Epoca 781, RMS = 0.33633
Epoca 782, RMS = 0.33633
Epoca 783, RMS = 0.33639
Epoca 784, RMS = 0.33644
Epoca 785, RMS = 0.33644
Epoca 786, RMS = 0.33636
Epoca 787, RMS = 0.33619
Epoca 788, RMS = 0.33593
Epoca 789, RMS = 0.33561
Epoca 790, RMS = 0.33526
Epoca 791, RMS = 0.33489
Epoca 792, RMS = 0.33453
Epoca 793, RMS = 0.33421
Epoca 794, RMS = 0.33393
Epoca 795, RMS = 0.33371
Epoca 796, RMS = 0.33354
Epoca 797, RMS = 0.33342
Epoca 798, RMS = 0.33335
Epoca 799, RMS = 0.33330
Epoca 800, RMS = 0.33328
Epoca 801, RMS = 0.33326
Epoca 802, RMS = 0.33324
Epoca 803, RMS = 0.33321
Epoca 804, RMS = 0.33317
Epoca 805, RMS = 0.33310
Epoca 806, RMS = 0.33303
Epoca 807, RMS = 0.33294
Epoca 808, RMS = 0.33284
Epoca 809, RMS = 0.33275
Epoca 810, RMS = 0.33265
Epoca 811, RMS = 0.33256
Epoca 812, RMS = 0.33248
Epoca 813, RMS = 0.33240
Epoca 814, RMS = 0.33233
Epoca 815, RMS = 0.33227
Epoca 816, RMS = 0.33222
Epoca 817, RMS = 0.33216
Epoca 818, RMS = 0.33211
Epoca 819, RMS = 0.33206
Epoca 820, RMS = 0.33200
Epoca 821, RMS = 0.33194
Epoca 822, RMS = 0.33187
Epoca 823, RMS = 0.33181
Epoca 824, RMS = 0.33173
Epoca 825, RMS = 0.33166
Epoca 826, RMS = 0.33159
Epoca 827, RMS = 0.33151
Epoca 828, RMS = 0.33144
Epoca 829, RMS = 0.33136
Epoca 830, RMS = 0.33129
Epoca 831, RMS = 0.33121
Epoca 832, RMS = 0.33114
Epoca 833, RMS = 0.33106
Epoca 834, RMS = 0.33099
Epoca 835, RMS = 0.33091
Epoca 836, RMS = 0.33083
Epoca 837, RMS = 0.33075
Epoca 838, RMS = 0.33067
Epoca 839, RMS = 0.33058
Epoca 840, RMS = 0.33050
Epoca 841, RMS = 0.33041
Epoca 842, RMS = 0.33032
Epoca 843, RMS = 0.33023
Epoca 844, RMS = 0.33014
Epoca 845, RMS = 0.33005
Epoca 846, RMS = 0.32996
Epoca 847, RMS = 0.32986
Epoca 848, RMS = 0.32977
Epoca 849, RMS = 0.32967
Epoca 850, RMS = 0.32958
Epoca 851, RMS = 0.32948
Epoca 852, RMS = 0.32938
Epoca 853, RMS = 0.32927
Epoca 854, RMS = 0.32917
Epoca 855, RMS = 0.32906
Epoca 856, RMS = 0.32896
Epoca 857, RMS = 0.32885
Epoca 858, RMS = 0.32874
Epoca 859, RMS = 0.32863
Epoca 860, RMS = 0.32852
Epoca 861, RMS = 0.32840
Epoca 862, RMS = 0.32829
Epoca 863, RMS = 0.32817
Epoca 864, RMS = 0.32805
Epoca 865, RMS = 0.32793
Epoca 866, RMS = 0.32781
Epoca 867, RMS = 0.32769
Epoca 868, RMS = 0.32756
Epoca 869, RMS = 0.32744
Epoca 870, RMS = 0.32731
Epoca 871, RMS = 0.32718
Epoca 872, RMS = 0.32705
Epoca 873, RMS = 0.32691
Epoca 874, RMS = 0.32678
Epoca 875, RMS = 0.32664
Epoca 876, RMS = 0.32650
Epoca 877, RMS = 0.32636
Epoca 878, RMS = 0.32621
Epoca 879, RMS = 0.32607
Epoca 880, RMS = 0.32592
Epoca 881, RMS = 0.32577
Epoca 882, RMS = 0.32562
Epoca 883, RMS = 0.32546
Epoca 884, RMS = 0.32530
Epoca 885, RMS = 0.32514
Epoca 886, RMS = 0.32498
Epoca 887, RMS = 0.32481
Epoca 888, RMS = 0.32464
Epoca 889, RMS = 0.32447
Epoca 890, RMS = 0.32429
Epoca 891, RMS = 0.32411
Epoca 892, RMS = 0.32393
Epoca 893, RMS = 0.32374
Epoca 894, RMS = 0.32355
Epoca 895, RMS = 0.32335
Epoca 896, RMS = 0.32315
Epoca 897, RMS = 0.32295
Epoca 898, RMS = 0.32274
Epoca 899, RMS = 0.32252
Epoca 900, RMS = 0.32229
Epoca 901, RMS = 0.32206
Epoca 902, RMS = 0.32183
Epoca 903, RMS = 0.32158
Epoca 904, RMS = 0.32133
Epoca 905, RMS = 0.32107
Epoca 906, RMS = 0.32080
Epoca 907, RMS = 0.32052
Epoca 908, RMS = 0.32022
Epoca 909, RMS = 0.31992
Epoca 910, RMS = 0.31960
Epoca 911, RMS = 0.31927
Epoca 912, RMS = 0.31892
Epoca 913, RMS = 0.31855
Epoca 914, RMS = 0.31817
Epoca 915, RMS = 0.31776
Epoca 916, RMS = 0.31733
Epoca 917, RMS = 0.31688
Epoca 918, RMS = 0.31640
Epoca 919, RMS = 0.31589
Epoca 920, RMS = 0.31535
Epoca 921, RMS = 0.31478
Epoca 922, RMS = 0.31418
Epoca 923, RMS = 0.31354
Epoca 924, RMS = 0.31286
Epoca 925, RMS = 0.31215
Epoca 926, RMS = 0.31140
Epoca 927, RMS = 0.31063
Epoca 928, RMS = 0.30985
Epoca 929, RMS = 0.30906
Epoca 930, RMS = 0.30829
Epoca 931, RMS = 0.30757
Epoca 932, RMS = 0.30691
Epoca 933, RMS = 0.30635
Epoca 934, RMS = 0.30590
Epoca 935, RMS = 0.30557
Epoca 936, RMS = 0.30532
Epoca 937, RMS = 0.30511
Epoca 938, RMS = 0.30489
Epoca 939, RMS = 0.30459
Epoca 940, RMS = 0.30420
Epoca 941, RMS = 0.30369
Epoca 942, RMS = 0.30311
Epoca 943, RMS = 0.30249
Epoca 944, RMS = 0.30187
Epoca 945, RMS = 0.30128
Epoca 946, RMS = 0.30076
Epoca 947, RMS = 0.30030
Epoca 948, RMS = 0.29992
Epoca 949, RMS = 0.29958
Epoca 950, RMS = 0.29929
Epoca 951, RMS = 0.29900
Epoca 952, RMS = 0.29871
Epoca 953, RMS = 0.29839
Epoca 954, RMS = 0.29805
Epoca 955, RMS = 0.29769
Epoca 956, RMS = 0.29732
Epoca 957, RMS = 0.29695
Epoca 958, RMS = 0.29660
Epoca 959, RMS = 0.29628
Epoca 960, RMS = 0.29599
Epoca 961, RMS = 0.29575
Epoca 962, RMS = 0.29555
Epoca 963, RMS = 0.29539
Epoca 964, RMS = 0.29527
Epoca 965, RMS = 0.29517
Epoca 966, RMS = 0.29509
Epoca 967, RMS = 0.29503
Epoca 968, RMS = 0.29496
Epoca 969, RMS = 0.29490
Epoca 970, RMS = 0.29484
Epoca 971, RMS = 0.29478
Epoca 972, RMS = 0.29472
Epoca 973, RMS = 0.29467
Epoca 974, RMS = 0.29463
Epoca 975, RMS = 0.29460
Epoca 976, RMS = 0.29459
Epoca 977, RMS = 0.29458
Epoca 978, RMS = 0.29459
Epoca 979, RMS = 0.29461
Epoca 980, RMS = 0.29463
Epoca 981, RMS = 0.29466
Epoca 982, RMS = 0.29469
Epoca 983, RMS = 0.29473
Epoca 984, RMS = 0.29476
Epoca 985, RMS = 0.29479
Epoca 986, RMS = 0.29483
Epoca 987, RMS = 0.29486
Epoca 988, RMS = 0.29490
Epoca 989, RMS = 0.29494
Epoca 990, RMS = 0.29498
Epoca 991, RMS = 0.29502
Epoca 992, RMS = 0.29507
Epoca 993, RMS = 0.29511
Epoca 994, RMS = 0.29516
Epoca 995, RMS = 0.29521
Epoca 996, RMS = 0.29527
Epoca 997, RMS = 0.29532
Epoca 998, RMS = 0.29537
Epoca 999, RMS = 0.29542
Epoca 1000, RMS = 0.29546

##################TEST##################
Z[0] = 0.40
Z[1] = 1.00
Z[2] = 0.89
Y_IN -0.03
T[0] = 0 Y[0] = -0.02
Y_IN 2.43
T[1] = 1 Y[1] = 0.84
Z[0] = -0.40
Z[1] = 1.00
Z[2] = 0.94
Y_IN 1.03
T[0] = 1 Y[0] = 0.48
Y_IN 1.45
T[1] = 0 Y[1] = 0.62
Z[0] = 0.35
Z[1] = 1.00
Z[2] = 0.76
Y_IN 0.03
T[0] = 0 Y[0] = 0.02
Y_IN 2.35
T[1] = 1 Y[1] = 0.83
Z[0] = -0.45
Z[1] = 1.00
Z[2] = 0.87
Y_IN 1.10
T[0] = 0 Y[0] = 0.50
Y_IN 1.39
T[1] = 1 Y[1] = 0.60
