0.46 -0.22 
0.30 0.29 
-0.49 -0.12 
0.48 0.07 
0.32 0.07 -0.36 0.33 
-0.04 0.48 -0.43 -0.30 
-0.41 0.46 -0.34 0.09 -0.26 -0.04 

##################LEARN##################
0.83723
0.69945
0.58064
0.49799
0.44824
0.42031
0.40499
0.39666
0.39212
0.38960
0.38811
0.38709
0.38629
0.38558
0.38490
0.38423
0.38356
0.38290
0.38224
0.38157
0.38090
0.38023
0.37955
0.37886
0.37816
0.37746
0.37675
0.37603
0.37531
0.37459
0.37387
0.37315
0.37244
0.37173
0.37105
0.37039
0.36976
0.36916
0.36860
0.36808
0.36762
0.36720
0.36684
0.36653
0.36627
0.36605
0.36587
0.36571
0.36559
0.36547
0.36536
0.36524
0.36512
0.36498
0.36482
0.36464
0.36444
0.36421
0.36396
0.36369
0.36340
0.36310
0.36277
0.36244
0.36209
0.36174
0.36137
0.36100
0.36063
0.36025
0.35987
0.35948
0.35910
0.35871
0.35831
0.35792
0.35752
0.35711
0.35670
0.35629
0.35587
0.35545
0.35503
0.35459
0.35416
0.35371
0.35327
0.35281
0.35236
0.35190
0.35143
0.35096
0.35048
0.35000
0.34952
0.34903
0.34853
0.34804
0.34753
0.34703
0.34652
0.34601
0.34549
0.34497
0.34445
0.34392
0.34339
0.34285
0.34231
0.34177
0.34123
0.34068
0.34013
0.33958
0.33902
0.33846
0.33790
0.33734
0.33677
0.33620
0.33563
0.33506
0.33448
0.33391
0.33333
0.33275
0.33216
0.33158
0.33099
0.33041
0.32982
0.32923
0.32864
0.32804
0.32745
0.32686
0.32626
0.32566
0.32507
0.32447
0.32387
0.32327
0.32267
0.32208
0.32148
0.32088
0.32028
0.31968
0.31908
0.31848
0.31788
0.31728
0.31668
0.31608
0.31548
0.31488
0.31428
0.31368
0.31309
0.31249
0.31189
0.31130
0.31071
0.31011
0.30952
0.30893
0.30834
0.30774
0.30716
0.30657
0.30598
0.30539
0.30481
0.30422
0.30364
0.30306
0.30247
0.30189
0.30131
0.30074
0.30016
0.29958
0.29901
0.29844
0.29786
0.29729
0.29672
0.29615
0.29558
0.29502
0.29445
0.29389
0.29332
0.29276
0.29220
0.29164
0.29108
0.29052
0.28996
0.28940
0.28884
0.28829
0.28773
0.28717
0.28661
0.28605
0.28549
0.28493
0.28436
0.28379
0.28321
0.28263
0.28204
0.28144
0.28082
0.28018
0.27952
0.27883
0.27810
0.27734
0.27654
0.27570
0.27485
0.27400
0.27321
0.27251
0.27190
0.27138
0.27090
0.27043
0.26996
0.26947
0.26898
0.26849
0.26800
0.26753
0.26706
0.26661
0.26615
0.26568
0.26520
0.26469
0.26416
0.26359
0.26300
0.26238
0.26173
0.26106
0.26038
0.25969
0.25899
0.25827
0.25756
0.25683
0.25610
0.25536
0.25462
0.25386
0.25310
0.25233
0.25155
0.25076
0.24996
0.24915
0.24834
0.24752
0.24670
0.24587
0.24503
0.24419
0.24335
0.24250
0.24165
0.24079
0.23993
0.23906
0.23819
0.23731
0.23643
0.23555
0.23466
0.23376
0.23287
0.23197
0.23106
0.23016
0.22925
0.22833
0.22742
0.22650
0.22557
0.22465
0.22372
0.22279
0.22185
0.22091
0.21997
0.21903
0.21808
0.21714
0.21618
0.21523
0.21428
0.21332
0.21236
0.21140
0.21043
0.20947
0.20850
0.20753
0.20656
0.20558
0.20461
0.20363
0.20265
0.20167
0.20069
0.19971
0.19873
0.19774
0.19676
0.19577
0.19479
0.19380
0.19281
0.19182
0.19084
0.18985
0.18886
0.18787
0.18688
0.18589
0.18490
0.18391
0.18292
0.18193
0.18094
0.17996
0.17897
0.17798
0.17700
0.17602
0.17503
0.17405
0.17307
0.17209
0.17111
0.17014
0.16916
0.16819
0.16722
0.16625
0.16529
0.16432
0.16336
0.16240
0.16144
0.16049
0.15954
0.15859
0.15764
0.15670
0.15576
0.15483
0.15389
0.15296
0.15204
0.15111
0.15019
0.14928
0.14837
0.14746
0.14655
0.14565
0.14476
0.14387
0.14298
0.14210
0.14122
0.14034
0.13947
0.13861
0.13775
0.13689
0.13604
0.13520
0.13435
0.13352
0.13269
0.13186
0.13104
0.13023
0.12941
0.12861
0.12781
0.12701
0.12623
0.12544
0.12466
0.12389
0.12312
0.12236
0.12160
0.12085
0.12011
0.11937
0.11863
0.11790
0.11718
0.11646
0.11575
0.11504
0.11434
0.11365
0.11296
0.11227
0.11160
0.11092
0.11026
0.10960
0.10894
0.10829
0.10765
0.10701
0.10637
0.10575
0.10512
0.10451
0.10390
0.10329
0.10269
0.10209
0.10150
0.10092
0.10034
0.09977
0.09920
0.09864
0.09808
0.09753
0.09698
0.09644
0.09590
0.09537
0.09484
0.09432
0.09380
0.09329
0.09278
0.09228
0.09178
0.09129
0.09080
0.09032
0.08984
0.08936
0.08890
0.08843
0.08797
0.08751
0.08706
0.08662
0.08617
0.08573
0.08530
0.08487
0.08444
0.08402
0.08361
0.08319
0.08278
0.08238
0.08198
0.08158
0.08119
0.08080
0.08041
0.08003
0.07965
0.07928
0.07890
0.07854
0.07817
0.07781
0.07746
0.07710
0.07675
0.07641
0.07606
0.07572
0.07539
0.07505
0.07472
0.07440
0.07407
0.07375
0.07343
0.07312
0.07281
0.07250
0.07219
0.07189
0.07159
0.07129
0.07100
0.07071
0.07042
0.07013
0.06985
0.06956
0.06929
0.06901
0.06874
0.06846
0.06819
0.06793
0.06766
0.06740
0.06714
0.06688
0.06663
0.06638
0.06612
0.06588
0.06563
0.06538
0.06514
0.06490
0.06466
0.06442
0.06419
0.06395
0.06372
0.06349
0.06326
0.06303
0.06281
0.06258
0.06236
0.06214
0.06192
0.06170
0.06148
0.06127
0.06105
0.06084
0.06063
0.06042
0.06021
0.06000
0.05980
0.05960
0.05940
0.05920
0.05901
0.05882
0.05864
0.05847
0.05831
0.05816
0.05802
0.05791
0.05782
0.05776
0.05773
0.05774
0.05779
0.05788
0.05801
0.05817
0.05834
0.05853
0.05870
0.05886
0.05899
0.05909
0.05916
0.05921
0.05923
0.05924
0.05923
0.05921
0.05919
0.05915
0.05910
0.05904
0.05897
0.05889
0.05881
0.05872
0.05863
0.05853
0.05843
0.05833
0.05823
0.05813
0.05802
0.05792
0.05781
0.05769
0.05758
0.05747
0.05736
0.05725
0.05714
0.05703
0.05692
0.05682
0.05671
0.05660
0.05649
0.05638
0.05628
0.05617
0.05607
0.05597
0.05586
0.05576
0.05566
0.05556
0.05546
0.05536
0.05527
0.05517
0.05507
0.05498
0.05489
0.05479
0.05470
0.05461
0.05452
0.05443
0.05434
0.05426
0.05417
0.05408
0.05400
0.05391
0.05383
0.05375
0.05366
0.05358
0.05350
0.05342
0.05334
0.05327
0.05319
0.05311
0.05304
0.05296
0.05289
0.05281
0.05274
0.05267
0.05259
0.05252
0.05245
0.05238
0.05231
0.05224
0.05218
0.05211
0.05204
0.05197
0.05191
0.05184
0.05178
0.05172
0.05165
0.05159
0.05153
0.05147
0.05140
0.05134
0.05128
0.05122
0.05116
0.05111
0.05105
0.05099
0.05093
0.05088
0.05082
0.05076
0.05071
0.05065
0.05060
0.05055
0.05049
0.05044
0.05039
0.05033
0.05028
0.05023
0.05018
0.05013
0.05008
0.05003
0.04998
0.04993
0.04988
0.04984
0.04979
0.04974
0.04970
0.04965
0.04960
0.04956
0.04951
0.04947
0.04942
0.04938
0.04933
0.04929
0.04925
0.04920
0.04916
0.04912
0.04908
0.04903
0.04899
0.04895
0.04891
0.04887
0.04883
0.04879
0.04875
0.04871
0.04867
0.04863
0.04860
0.04856
0.04852
0.04848
0.04845
0.04841
0.04837
0.04834
0.04830
0.04826
0.04823
0.04819
0.04816
0.04812
0.04809
0.04805
0.04802
0.04799
0.04795
0.04792
0.04789
0.04785
0.04782
0.04779
0.04775
0.04772
0.04769
0.04766
0.04763
0.04760
0.04757
0.04753
0.04750
0.04747
0.04744
0.04741
0.04738
0.04735
0.04732
0.04730
0.04727
0.04724
0.04721
0.04718
0.04715
0.04712
0.04710
0.04707
0.04704
0.04701
0.04699
0.04696
0.04693
0.04691
0.04688
0.04685
0.04683
0.04680
0.04678
0.04675
0.04672
0.04670
0.04667
0.04665
0.04662
0.04660
0.04657
0.04655
0.04652
0.04650
0.04648
0.04645
0.04643
0.04640
0.04638
0.04636
0.04633
0.04631
0.04629
0.04627
0.04624
0.04622
0.04620
0.04618
0.04615
0.04613
0.04611
0.04609
0.04607
0.04604
0.04602
0.04600
0.04598
0.04596
0.04594
0.04592
0.04589
0.04587
0.04585
0.04583
0.04581
0.04579
0.04577
0.04575
0.04573
0.04571
0.04569
0.04567
0.04565
0.04563
0.04561
0.04559
0.04557
0.04556
0.04554
0.04552
0.04550
0.04548
0.04546
0.04544
0.04542
0.04541
0.04539
0.04537
0.04535
0.04533
0.04531
0.04530
0.04528
0.04526
0.04524
0.04523
0.04521
0.04519
0.04517
0.04516
0.04514
0.04512
0.04510
0.04509
0.04507
0.04505
0.04504
0.04502
0.04500
0.04499
0.04497
0.04495
0.04494
0.04492
0.04490
0.04489
0.04487
0.04486
0.04484
0.04482
0.04481
0.04479
0.04478
0.04476
0.04474
0.04473
0.04471
0.04470
0.04468
0.04467
0.04465
0.04464
0.04462
0.04461
0.04459
0.04458
0.04456
0.04455
0.04453
0.04452
0.04450
0.04449
0.04447
0.04446
0.04444
0.04443
0.04441
0.04440
0.04439
0.04437
0.04436
0.04434
0.04433
0.04431
0.04430
0.04429
0.04427
0.04426
0.04424
0.04423
0.04422
0.04420
0.04419
0.04418
0.04416
0.04415
0.04413
0.04412
0.04411
0.04409
0.04408
0.04407
0.04405
0.04404
0.04403
0.04401
0.04400
0.04399
0.04397
0.04396
0.04395
0.04394
0.04392
0.04391
0.04390
0.04388
0.04387
0.04386
0.04385
0.04383
0.04382
0.04381
0.04379
0.04378
0.04377
0.04376
0.04374
0.04373
0.04372
0.04371
0.04369
0.04368
0.04367
0.04366
0.04365
0.04363
0.04362
0.04361
0.04360
0.04359
0.04357
0.04356
0.04355
0.04354
0.04353
0.04351
0.04350
0.04349
0.04348
0.04347
0.04345
0.04344
0.04343
0.04342
0.04341
0.04340
0.04338
0.04337
0.04336
0.04335
0.04334
0.04333
0.04331
0.04330

##################TEST##################
Z[0] = -0.93
Z[1] = 0.99
Z[2] = -0.99
Z[3] = -0.94
Y_IN -0.47
T[0] = 0 Y[0] = -0.23
Y_IN 5.20
T[1] = 1 Y[1] = 0.99
Z[0] = -0.43
Z[1] = 1.00
Z[2] = -1.00
Z[3] = -0.98
Y_IN 0.34
T[0] = 0 Y[0] = 0.17
Y_IN 3.50
T[1] = 1 Y[1] = 0.94
Z[0] = 0.60
Z[1] = 1.00
Z[2] = -1.00
Z[3] = -0.99
Y_IN 1.99
T[0] = 1 Y[0] = 0.76
Y_IN 0.02
T[1] = 0 Y[1] = 0.01
Z[0] = -0.49
Z[1] = 1.00
Z[2] = -1.00
Z[3] = -0.97
Y_IN 0.24
T[0] = 0 Y[0] = 0.12
Y_IN 3.71
T[1] = 1 Y[1] = 0.95
